logging to /opt/flows_res_1000/2016020200-2016020300_unique/tenant_6_profile_res-FIX_RATE-FLOWS-0.01.csvtracefile: /data1/tenant_trace/2016020200-2016020300_unique/tenant_6_trace
open file /data1/tenant_trace/2016020200-2016020300_unique/tenant_6_trace
read 1000000 lines
read 2000000 lines
read 3000000 lines
read 4000000 lines
read 5000000 lines
read 6000000 lines
read 7000000 lines
read 8000000 lines
read 9000000 lines
read 10000000 lines
read 11000000 lines
read 12000000 lines
read 13000000 lines
read 14000000 lines
read 15000000 lines
read 16000000 lines
read 17000000 lines
read 18000000 lines
read 19000000 lines
read 20000000 lines
read 21000000 lines
read 22000000 lines
read 23000000 lines
read 24000000 lines
read 25000000 lines
read 26000000 lines
read 27000000 lines
read 28000000 lines
read 29000000 lines
read 30000000 lines
read 31000000 lines
read 32000000 lines
read 33000000 lines
read 34000000 lines
read 35000000 lines
read 36000000 lines
read 37000000 lines
read 38000000 lines
read 39000000 lines
read 40000000 lines
read 41000000 lines
read 42000000 lines
read 43000000 lines
read 44000000 lines
read 45000000 lines
read 46000000 lines
read 47000000 lines
read 48000000 lines
read 49000000 lines
read 50000000 lines
read 51000000 lines
read 52000000 lines
read 53000000 lines
read 54000000 lines
read 55000000 lines
read 56000000 lines
read 57000000 lines
read 58000000 lines
read 59000000 lines
read 60000000 lines
read 61000000 lines
read 62000000 lines
read 63000000 lines
read 64000000 lines
read 65000000 lines
read 66000000 lines
read 67000000 lines
read 68000000 lines
read 69000000 lines
read 70000000 lines
read 71000000 lines
read 72000000 lines
read 73000000 lines
read 74000000 lines
read 75000000 lines
read 76000000 lines
read 77000000 lines
read 78000000 lines
read 79000000 lines
read 80000000 lines
read 81000000 lines
read 82000000 lines
read 83000000 lines
read 84000000 lines
read 85000000 lines
read 86000000 lines
read 87000000 lines
read 88000000 lines
read 89000000 lines
[FILE]: /data1/tenant_trace/2016020200-2016020300_unique/tenant_6_trace
total_access_num: 89372111
total_access_size: 9751663222246
unique_access_num: 33489109
unique_access_size: 2865143944050
min_item_size: 1
[method]: FLOWS
[metric]: MAE
[seed]: 42
[sample_method]: FIX_RATE
[sample_metric]: 0.01
MAEQ_factor: 1.029129
cache_size, BMRC_ratio, OMRC_ratio
2865143944, 0.865808, 0.896546
5730287888, 0.825397, 0.869802
8595431832, 0.795987, 0.849158
11460575776, 0.772237, 0.831980
14325719720, 0.752510, 0.817320
17190863664, 0.735406, 0.804034
20056007608, 0.720417, 0.792303
22921151552, 0.707145, 0.781635
25786295496, 0.695240, 0.771552
28651439440, 0.684247, 0.762401
31516583384, 0.673931, 0.753624
34381727328, 0.664295, 0.745318
37246871272, 0.655834, 0.737830
40112015216, 0.647529, 0.730532
42977159160, 0.639636, 0.723380
45842303104, 0.632349, 0.716747
48707447048, 0.625234, 0.710363
51572590992, 0.618642, 0.704352
54437734936, 0.612185, 0.698491
57302878881, 0.606193, 0.692952
60168022825, 0.600527, 0.687568
63033166769, 0.595212, 0.682408
65898310713, 0.590110, 0.677583
68763454657, 0.584967, 0.672608
71628598601, 0.580099, 0.668003
74493742545, 0.575265, 0.663491
77358886489, 0.570801, 0.659083
80224030433, 0.566427, 0.654831
83089174377, 0.562179, 0.650910
85954318321, 0.558254, 0.646989
88819462265, 0.554320, 0.643221
91684606209, 0.550583, 0.639546
94549750153, 0.546971, 0.635988
97414894097, 0.543560, 0.632656
100280038041, 0.540251, 0.629335
103145181985, 0.536893, 0.626048
106010325929, 0.533641, 0.622971
108875469873, 0.530381, 0.619880
111740613817, 0.527237, 0.616776
114605757762, 0.524250, 0.613840
117470901706, 0.521436, 0.610951
120336045650, 0.518537, 0.608116
123201189594, 0.515754, 0.605359
126066333538, 0.512979, 0.602642
128931477482, 0.510262, 0.599872
131796621426, 0.507692, 0.597309
134661765370, 0.505147, 0.594832
137526909314, 0.502635, 0.592393
140392053258, 0.500257, 0.590016
143257197202, 0.497910, 0.587700
146122341146, 0.495621, 0.585424
148987485090, 0.493395, 0.583231
151852629034, 0.491091, 0.580969
154717772978, 0.488899, 0.578802
157582916922, 0.486864, 0.576578
160448060866, 0.484730, 0.574356
163313204810, 0.482693, 0.572355
166178348754, 0.480644, 0.570232
169043492698, 0.478786, 0.568289
171908636643, 0.476824, 0.566389
174773780587, 0.474983, 0.564500
177638924531, 0.473141, 0.562652
180504068475, 0.471277, 0.560824
183369212419, 0.469430, 0.558877
186234356363, 0.467619, 0.556990
189099500307, 0.465770, 0.555068
191964644251, 0.464038, 0.553300
194829788195, 0.462530, 0.551720
197694932139, 0.460923, 0.550062
200560076083, 0.459270, 0.548422
203425220027, 0.457567, 0.546734
206290363971, 0.456056, 0.545204
209155507915, 0.454433, 0.543597
212020651859, 0.452831, 0.541995
214885795803, 0.451411, 0.540504
217750939747, 0.449929, 0.539032
220616083691, 0.448435, 0.537573
223481227635, 0.446960, 0.536044
226346371579, 0.445538, 0.534525
229211515524, 0.444245, 0.533155
232076659468, 0.442896, 0.531790
234941803412, 0.441511, 0.530434
237806947356, 0.440108, 0.529055
240672091300, 0.438800, 0.527753
243537235244, 0.437470, 0.526323
246402379188, 0.436212, 0.525086
249267523132, 0.435007, 0.523837
252132667076, 0.433809, 0.522633
254997811020, 0.432531, 0.521346
257862954964, 0.431382, 0.520106
260728098908, 0.430252, 0.518914
263593242852, 0.429003, 0.517609
266458386796, 0.427887, 0.516427
269323530740, 0.426758, 0.515226
272188674684, 0.425655, 0.514111
275053818628, 0.424556, 0.512947
277918962572, 0.423416, 0.511815
280784106516, 0.422342, 0.510658
283649250460, 0.421293, 0.509519
286514394405, 0.420236, 0.508429
289379538349, 0.419182, 0.507366
292244682293, 0.418103, 0.506290
295109826237, 0.417078, 0.505245
297974970181, 0.416111, 0.504189
300840114125, 0.415076, 0.503161
303705258069, 0.414065, 0.502179
306570402013, 0.413118, 0.501143
309435545957, 0.412124, 0.500145
312300689901, 0.411221, 0.499142
315165833845, 0.410342, 0.498223
318030977789, 0.409405, 0.497280
320896121733, 0.408492, 0.496341
323761265677, 0.407620, 0.495378
326626409621, 0.406696, 0.494398
329491553565, 0.405883, 0.493481
332356697509, 0.405022, 0.492570
335221841453, 0.404167, 0.491657
338086985397, 0.403272, 0.490771
340952129341, 0.402411, 0.489873
343817273286, 0.401588, 0.489128
346682417230, 0.400770, 0.488331
349547561174, 0.399988, 0.487508
352412705118, 0.399249, 0.486700
355277849062, 0.398464, 0.485919
358142993006, 0.397654, 0.485089
361008136950, 0.396871, 0.484272
363873280894, 0.396175, 0.483549
366738424838, 0.395445, 0.482824
369603568782, 0.394673, 0.482016
372468712726, 0.393929, 0.481271
375333856670, 0.393248, 0.480595
378199000614, 0.392495, 0.479839
381064144558, 0.391760, 0.479071
383929288502, 0.391111, 0.478377
386794432446, 0.390433, 0.477675
389659576390, 0.389700, 0.476938
392524720334, 0.389007, 0.476171
395389864278, 0.388321, 0.475410
398255008222, 0.387659, 0.474683
401120152167, 0.386979, 0.474007
403985296111, 0.386306, 0.473320
406850440055, 0.385729, 0.472673
409715583999, 0.385080, 0.471988
412580727943, 0.384413, 0.471310
415445871887, 0.383789, 0.470652
418311015831, 0.383134, 0.470010
421176159775, 0.382499, 0.469319
424041303719, 0.381880, 0.468694
426906447663, 0.381204, 0.468054
429771591607, 0.380586, 0.467408
432636735551, 0.380009, 0.466783
435501879495, 0.379486, 0.466228
438367023439, 0.378907, 0.465606
441232167383, 0.378351, 0.465035
444097311327, 0.377812, 0.464489
446962455271, 0.377270, 0.463878
449827599215, 0.376787, 0.463335
452692743159, 0.376219, 0.462724
455557887103, 0.375666, 0.462184
458423031048, 0.375105, 0.461641
461288174992, 0.374538, 0.461039
464153318936, 0.374022, 0.460479
467018462880, 0.373475, 0.459911
469883606824, 0.372906, 0.459320
472748750768, 0.372368, 0.458754
475613894712, 0.371873, 0.458237
478479038656, 0.371378, 0.457691
481344182600, 0.370844, 0.457136
484209326544, 0.370357, 0.456623
487074470488, 0.369869, 0.456082
489939614432, 0.369306, 0.455529
492804758376, 0.368797, 0.454956
495669902320, 0.368332, 0.454442
498535046264, 0.367921, 0.453972
501400190208, 0.367444, 0.453443
504265334152, 0.367000, 0.452956
507130478096, 0.366551, 0.452454
509995622040, 0.366107, 0.451960
512860765984, 0.365616, 0.451501
515725909929, 0.365177, 0.451036
518591053873, 0.364731, 0.450590
521456197817, 0.364286, 0.450107
524321341761, 0.363870, 0.449682
527186485705, 0.363433, 0.449239
530051629649, 0.363006, 0.448809
532916773593, 0.362599, 0.448393
535781917537, 0.362206, 0.447961
538647061481, 0.361827, 0.447527
541512205425, 0.361390, 0.447063
544377349369, 0.361001, 0.446661
547242493313, 0.360574, 0.446240
550107637257, 0.360153, 0.445779
552972781201, 0.359792, 0.445367
555837925145, 0.359452, 0.444973
558703069089, 0.359050, 0.444553
561568213033, 0.358653, 0.444163
564433356977, 0.358246, 0.443756
567298500921, 0.357895, 0.443380
570163644865, 0.357518, 0.442988
573028788810, 0.357149, 0.442592
575893932754, 0.356790, 0.442174
578759076698, 0.356446, 0.441802
581624220642, 0.356039, 0.441359
584489364586, 0.355714, 0.441032
587354508530, 0.355391, 0.440639
590219652474, 0.355039, 0.440236
593084796418, 0.354700, 0.439811
595949940362, 0.354323, 0.439412
598815084306, 0.353931, 0.438985
601680228250, 0.353544, 0.438640
604545372194, 0.353179, 0.438219
607410516138, 0.352826, 0.437839
610275660082, 0.352443, 0.437436
613140804026, 0.352140, 0.437105
616005947970, 0.351791, 0.436734
618871091914, 0.351489, 0.436364
621736235858, 0.351161, 0.435984
624601379802, 0.350824, 0.435633
627466523746, 0.350433, 0.435223
630331667691, 0.350073, 0.434802
633196811635, 0.349696, 0.434397
636061955579, 0.349397, 0.434079
638927099523, 0.349083, 0.433737
641792243467, 0.348795, 0.433370
644657387411, 0.348485, 0.433014
647522531355, 0.348104, 0.432638
650387675299, 0.347771, 0.432287
653252819243, 0.347441, 0.431913
656117963187, 0.347141, 0.431613
658983107131, 0.346829, 0.431267
661848251075, 0.346516, 0.430971
664713395019, 0.346190, 0.430604
667578538963, 0.345893, 0.430295
670443682907, 0.345588, 0.429971
673308826851, 0.345284, 0.429671
676173970795, 0.344977, 0.429344
679039114739, 0.344656, 0.429026
681904258683, 0.344365, 0.428738
684769402627, 0.344072, 0.428469
687634546572, 0.343798, 0.428167
690499690516, 0.343517, 0.427892
693364834460, 0.343231, 0.427536
696229978404, 0.342910, 0.427225
699095122348, 0.342672, 0.426965
701960266292, 0.342361, 0.426657
704825410236, 0.342112, 0.426386
707690554180, 0.341844, 0.426106
710555698124, 0.341582, 0.425838
713420842068, 0.341305, 0.425535
716285986012, 0.341005, 0.425271
719151129956, 0.340770, 0.425003
722016273900, 0.340505, 0.424737
724881417844, 0.340212, 0.424423
727746561788, 0.339996, 0.424137
730611705732, 0.339736, 0.423832
733476849676, 0.339505, 0.423559
736341993620, 0.339273, 0.423286
739207137564, 0.338983, 0.422964
742072281508, 0.338738, 0.422691
744937425453, 0.338462, 0.422420
747802569397, 0.338206, 0.422167
750667713341, 0.337990, 0.421935
753532857285, 0.337799, 0.421765
756398001229, 0.337567, 0.421516
759263145173, 0.337364, 0.421288
762128289117, 0.337139, 0.421078
764993433061, 0.336902, 0.420829
767858577005, 0.336646, 0.420536
770723720949, 0.336392, 0.420279
773588864893, 0.336148, 0.420035
776454008837, 0.335922, 0.419762
779319152781, 0.335686, 0.419525
782184296725, 0.335488, 0.419247
785049440669, 0.335251, 0.418992
787914584613, 0.335013, 0.418811
790779728557, 0.334823, 0.418594
793644872501, 0.334618, 0.418386
796510016445, 0.334370, 0.418171
799375160389, 0.334146, 0.417945
802240304334, 0.333918, 0.417703
805105448278, 0.333662, 0.417461
807970592222, 0.333426, 0.417206
810835736166, 0.333207, 0.417014
813700880110, 0.333016, 0.416801
816566024054, 0.332790, 0.416595
819431167998, 0.332544, 0.416318
822296311942, 0.332347, 0.416121
825161455886, 0.332167, 0.415924
828026599830, 0.332005, 0.415734
830891743774, 0.331810, 0.415526
833756887718, 0.331596, 0.415291
836622031662, 0.331384, 0.415060
839487175606, 0.331168, 0.414825
842352319550, 0.330959, 0.414626
845217463494, 0.330745, 0.414393
848082607438, 0.330544, 0.414178
850947751382, 0.330351, 0.413957
853812895326, 0.330151, 0.413767
856678039270, 0.329952, 0.413536
859543183215, 0.329759, 0.413344
862408327159, 0.329550, 0.413149
865273471103, 0.329345, 0.412919
868138615047, 0.329150, 0.412753
871003758991, 0.328959, 0.412547
873868902935, 0.328747, 0.412323
876734046879, 0.328582, 0.412129
879599190823, 0.328398, 0.411923
882464334767, 0.328222, 0.411739
885329478711, 0.328020, 0.411520
888194622655, 0.327845, 0.411336
891059766599, 0.327666, 0.411157
893924910543, 0.327469, 0.410938
896790054487, 0.327313, 0.410757
899655198431, 0.327152, 0.410602
902520342375, 0.326955, 0.410401
905385486319, 0.326803, 0.410220
908250630263, 0.326613, 0.410018
911115774207, 0.326448, 0.409839
913980918151, 0.326274, 0.409658
916846062096, 0.326104, 0.409461
919711206040, 0.325913, 0.409269
922576349984, 0.325745, 0.409085
925441493928, 0.325562, 0.408915
928306637872, 0.325388, 0.408718
931171781816, 0.325213, 0.408541
934036925760, 0.325036, 0.408367
936902069704, 0.324887, 0.408201
939767213648, 0.324736, 0.408065
942632357592, 0.324560, 0.407879
945497501536, 0.324422, 0.407731
948362645480, 0.324290, 0.407604
951227789424, 0.324118, 0.407425
954092933368, 0.323974, 0.407293
956958077312, 0.323814, 0.407149
959823221256, 0.323658, 0.406946
962688365200, 0.323506, 0.406762
965553509144, 0.323346, 0.406597
968418653088, 0.323197, 0.406442
971283797032, 0.323020, 0.406270
974148940977, 0.322860, 0.406116
977014084921, 0.322720, 0.405952
979879228865, 0.322572, 0.405784
982744372809, 0.322449, 0.405657
985609516753, 0.322314, 0.405518
988474660697, 0.322174, 0.405384
991339804641, 0.322011, 0.405220
994204948585, 0.321863, 0.405061
997070092529, 0.321693, 0.404903
999935236473, 0.321547, 0.404782
1002800380417, 0.321426, 0.404645
1005665524361, 0.321290, 0.404540
1008530668305, 0.321160, 0.404377
1011395812249, 0.321044, 0.404258
1014260956193, 0.320888, 0.404084
1017126100137, 0.320756, 0.403958
1019991244081, 0.320623, 0.403815
1022856388025, 0.320505, 0.403665
1025721531969, 0.320337, 0.403477
1028586675913, 0.320196, 0.403305
1031451819858, 0.320081, 0.403171
1034316963802, 0.319903, 0.403005
1037182107746, 0.319768, 0.402895
1040047251690, 0.319651, 0.402765
1042912395634, 0.319528, 0.402636
1045777539578, 0.319414, 0.402497
1048642683522, 0.319302, 0.402392
1051507827466, 0.319189, 0.402242
1054372971410, 0.319073, 0.402114
1057238115354, 0.318928, 0.401987
1060103259298, 0.318789, 0.401857
1062968403242, 0.318666, 0.401734
1065833547186, 0.318531, 0.401588
1068698691130, 0.318393, 0.401450
1071563835074, 0.318273, 0.401344
1074428979018, 0.318149, 0.401217
1077294122962, 0.318038, 0.401098
1080159266906, 0.317894, 0.400942
1083024410850, 0.317756, 0.400796
1085889554794, 0.317652, 0.400678
1088754698739, 0.317531, 0.400590
1091619842683, 0.317385, 0.400481
1094484986627, 0.317259, 0.400337
1097350130571, 0.317161, 0.400212
1100215274515, 0.317042, 0.400089
1103080418459, 0.316941, 0.399964
1105945562403, 0.316836, 0.399845
1108810706347, 0.316738, 0.399718
1111675850291, 0.316619, 0.399583
1114540994235, 0.316498, 0.399453
1117406138179, 0.316376, 0.399348
1120271282123, 0.316248, 0.399227
1123136426067, 0.316148, 0.399133
1126001570011, 0.316036, 0.398997
1128866713955, 0.315948, 0.398896
1131731857899, 0.315843, 0.398780
1134597001843, 0.315722, 0.398655
1137462145787, 0.315604, 0.398554
1140327289731, 0.315503, 0.398413
1143192433675, 0.315382, 0.398265
1146057577620, 0.315294, 0.398178
1148922721564, 0.315162, 0.398048
1151787865508, 0.315046, 0.397909
1154653009452, 0.314924, 0.397768
1157518153396, 0.314806, 0.397654
1160383297340, 0.314699, 0.397531
1163248441284, 0.314592, 0.397415
1166113585228, 0.314488, 0.397301
1168978729172, 0.314381, 0.397175
1171843873116, 0.314304, 0.397099
1174709017060, 0.314187, 0.396974
1177574161004, 0.314092, 0.396851
1180439304948, 0.314004, 0.396726
1183304448892, 0.313883, 0.396598
1186169592836, 0.313783, 0.396497
1189034736780, 0.313687, 0.396419
1191899880724, 0.313594, 0.396321
1194765024668, 0.313504, 0.396206
1197630168612, 0.313408, 0.396112
1200495312556, 0.313320, 0.396016
1203360456501, 0.313209, 0.395904
1206225600445, 0.313111, 0.395801
1209090744389, 0.313002, 0.395692
1211955888333, 0.312899, 0.395584
1214821032277, 0.312801, 0.395481
1217686176221, 0.312709, 0.395354
1220551320165, 0.312629, 0.395258
1223416464109, 0.312530, 0.395161
1226281608053, 0.312423, 0.395047
1229146751997, 0.312330, 0.394929
1232011895941, 0.312237, 0.394823
1234877039885, 0.312143, 0.394707
1237742183829, 0.312058, 0.394593
1240607327773, 0.311948, 0.394490
1243472471717, 0.311869, 0.394405
1246337615661, 0.311783, 0.394302
1249202759605, 0.311671, 0.394181
1252067903549, 0.311592, 0.394094
1254933047493, 0.311514, 0.394020
1257798191437, 0.311423, 0.393922
1260663335382, 0.311330, 0.393814
1263528479326, 0.311255, 0.393716
1266393623270, 0.311172, 0.393610
1269258767214, 0.311083, 0.393543
1272123911158, 0.311009, 0.393472
1274989055102, 0.310912, 0.393378
1277854199046, 0.310823, 0.393288
1280719342990, 0.310725, 0.393190
1283584486934, 0.310649, 0.393118
1286449630878, 0.310535, 0.393017
1289314774822, 0.310449, 0.392915
1292179918766, 0.310372, 0.392841
1295045062710, 0.310302, 0.392758
1297910206654, 0.310207, 0.392655
1300775350598, 0.310107, 0.392561
1303640494542, 0.310042, 0.392483
1306505638486, 0.309951, 0.392382
1309370782430, 0.309863, 0.392295
1312235926374, 0.309767, 0.392196
1315101070318, 0.309705, 0.392116
1317966214263, 0.309619, 0.392042
1320831358207, 0.309542, 0.391961
1323696502151, 0.309465, 0.391885
1326561646095, 0.309403, 0.391811
1329426790039, 0.309325, 0.391715
1332291933983, 0.309230, 0.391617
1335157077927, 0.309158, 0.391529
1338022221871, 0.309077, 0.391442
1340887365815, 0.309014, 0.391377
1343752509759, 0.308924, 0.391292
1346617653703, 0.308838, 0.391189
1349482797647, 0.308765, 0.391104
1352347941591, 0.308661, 0.391021
1355213085535, 0.308603, 0.390963
1358078229479, 0.308542, 0.390883
1360943373423, 0.308456, 0.390798
1363808517367, 0.308374, 0.390730
1366673661311, 0.308312, 0.390648
1369538805255, 0.308252, 0.390583
1372403949199, 0.308168, 0.390498
1375269093144, 0.308093, 0.390413
1378134237088, 0.308028, 0.390343
1380999381032, 0.307959, 0.390283
1383864524976, 0.307914, 0.390231
1386729668920, 0.307838, 0.390160
1389594812864, 0.307754, 0.390075
1392459956808, 0.307696, 0.390023
1395325100752, 0.307624, 0.389947
1398190244696, 0.307554, 0.389878
1401055388640, 0.307491, 0.389797
1403920532584, 0.307414, 0.389726
1406785676528, 0.307351, 0.389656
1409650820472, 0.307280, 0.389576
1412515964416, 0.307224, 0.389495
1415381108360, 0.307149, 0.389412
1418246252304, 0.307089, 0.389352
1421111396248, 0.307024, 0.389289
1423976540192, 0.306961, 0.389231
1426841684136, 0.306900, 0.389153
1429706828080, 0.306831, 0.389101
1432571972025, 0.306772, 0.389030
1435437115969, 0.306726, 0.388985
1438302259913, 0.306664, 0.388911
1441167403857, 0.306600, 0.388833
1444032547801, 0.306545, 0.388759
1446897691745, 0.306482, 0.388694
1449762835689, 0.306426, 0.388640
1452627979633, 0.306363, 0.388564
1455493123577, 0.306312, 0.388513
1458358267521, 0.306240, 0.388439
1461223411465, 0.306187, 0.388378
1464088555409, 0.306121, 0.388322
1466953699353, 0.306068, 0.388264
1469818843297, 0.306019, 0.388204
1472683987241, 0.305968, 0.388150
1475549131185, 0.305901, 0.388083
1478414275129, 0.305857, 0.388016
1481279419073, 0.305794, 0.387940
1484144563017, 0.305740, 0.387873
1487009706961, 0.305680, 0.387783
1489874850906, 0.305617, 0.387718
1492739994850, 0.305559, 0.387653
1495605138794, 0.305501, 0.387600
1498470282738, 0.305426, 0.387541
1501335426682, 0.305363, 0.387470
1504200570626, 0.305310, 0.387421
1507065714570, 0.305231, 0.387333
1509930858514, 0.305178, 0.387275
1512796002458, 0.305115, 0.387206
1515661146402, 0.305071, 0.387139
1518526290346, 0.305027, 0.387067
1521391434290, 0.304952, 0.386989
1524256578234, 0.304884, 0.386931
1527121722178, 0.304833, 0.386872
1529986866122, 0.304789, 0.386801
1532852010066, 0.304738, 0.386749
1535717154010, 0.304680, 0.386678
1538582297954, 0.304626, 0.386624
1541447441898, 0.304569, 0.386559
1544312585842, 0.304499, 0.386496
1547177729787, 0.304443, 0.386427
1550042873731, 0.304385, 0.386371
1552908017675, 0.304338, 0.386311
1555773161619, 0.304285, 0.386257
1558638305563, 0.304222, 0.386176
1561503449507, 0.304169, 0.386118
1564368593451, 0.304113, 0.386069
1567233737395, 0.304073, 0.386024
1570098881339, 0.304027, 0.385975
1572964025283, 0.303983, 0.385924
1575829169227, 0.303929, 0.385843
1578694313171, 0.303880, 0.385774
1581559457115, 0.303831, 0.385713
1584424601059, 0.303776, 0.385662
1587289745003, 0.303710, 0.385597
1590154888947, 0.303682, 0.385568
1593020032891, 0.303629, 0.385521
1595885176835, 0.303557, 0.385447
1598750320779, 0.303492, 0.385369
1601615464723, 0.303441, 0.385306
1604480608668, 0.303397, 0.385261
1607345752612, 0.303341, 0.385214
1610210896556, 0.303294, 0.385163
1613076040500, 0.303253, 0.385127
1615941184444, 0.303211, 0.385080
1618806328388, 0.303164, 0.385022
1621671472332, 0.303118, 0.384979
1624536616276, 0.303064, 0.384914
1627401760220, 0.303032, 0.384870
1630266904164, 0.302976, 0.384818
1633132048108, 0.302917, 0.384764
1635997192052, 0.302867, 0.384708
1638862335996, 0.302820, 0.384666
1641727479940, 0.302771, 0.384626
1644592623884, 0.302706, 0.384561
1647457767828, 0.302655, 0.384507
1650322911772, 0.302604, 0.384467
1653188055716, 0.302567, 0.384422
1656053199660, 0.302532, 0.384382
1658918343604, 0.302495, 0.384335
1661783487549, 0.302446, 0.384281
1664648631493, 0.302394, 0.384234
1667513775437, 0.302345, 0.384178
1670378919381, 0.302309, 0.384142
1673244063325, 0.302253, 0.384068
1676109207269, 0.302204, 0.384026
1678974351213, 0.302178, 0.383990
1681839495157, 0.302143, 0.383945
1684704639101, 0.302076, 0.383880
1687569783045, 0.302036, 0.383847
1690434926989, 0.301997, 0.383824
1693300070933, 0.301955, 0.383793
1696165214877, 0.301922, 0.383760
1699030358821, 0.301867, 0.383695
1701895502765, 0.301823, 0.383639
1704760646709, 0.301787, 0.383592
1707625790653, 0.301751, 0.383554
1710490934597, 0.301722, 0.383511
1713356078541, 0.301672, 0.383466
1716221222485, 0.301622, 0.383415
1719086366430, 0.301574, 0.383359
1721951510374, 0.301536, 0.383332
1724816654318, 0.301492, 0.383285
1727681798262, 0.301467, 0.383243
1730546942206, 0.301420, 0.383193
1733412086150, 0.301379, 0.383146
1736277230094, 0.301351, 0.383115
1739142374038, 0.301329, 0.383075
1742007517982, 0.301297, 0.383048
1744872661926, 0.301253, 0.383003
1747737805870, 0.301200, 0.382952
1750602949814, 0.301146, 0.382885
1753468093758, 0.301107, 0.382844
1756333237702, 0.301076, 0.382802
1759198381646, 0.301027, 0.382741
1762063525590, 0.300992, 0.382703
1764928669534, 0.300955, 0.382681
1767793813478, 0.300916, 0.382645
1770658957422, 0.300886, 0.382614
1773524101366, 0.300853, 0.382573
1776389245311, 0.300814, 0.382535
1779254389255, 0.300776, 0.382495
1782119533199, 0.300755, 0.382468
1784984677143, 0.300702, 0.382412
1787849821087, 0.300648, 0.382359
1790714965031, 0.300606, 0.382316
1793580108975, 0.300574, 0.382276
1796445252919, 0.300535, 0.382242
1799310396863, 0.300500, 0.382206
1802175540807, 0.300476, 0.382177
1805040684751, 0.300446, 0.382142
1807905828695, 0.300395, 0.382088
1810770972639, 0.300353, 0.382045
1813636116583, 0.300316, 0.382001
1816501260527, 0.300283, 0.381969
1819366404471, 0.300239, 0.381925
1822231548415, 0.300207, 0.381882
1825096692359, 0.300162, 0.381844
1827961836303, 0.300139, 0.381815
1830826980247, 0.300109, 0.381775
1833692124192, 0.300063, 0.381748
1836557268136, 0.300021, 0.381712
1839422412080, 0.299979, 0.381672
1842287556024, 0.299958, 0.381640
1845152699968, 0.299935, 0.381609
1848017843912, 0.299899, 0.381560
1850882987856, 0.299862, 0.381517
1853748131800, 0.299828, 0.381477
1856613275744, 0.299779, 0.381432
1859478419688, 0.299751, 0.381390
1862343563632, 0.299718, 0.381365
1865208707576, 0.299684, 0.381320
1868073851520, 0.299660, 0.381293
1870938995464, 0.299630, 0.381260
1873804139408, 0.299590, 0.381220
1876669283352, 0.299562, 0.381184
1879534427296, 0.299541, 0.381155
1882399571240, 0.299507, 0.381126
1885264715184, 0.299474, 0.381085
1888129859128, 0.299446, 0.381050
1890995003073, 0.299420, 0.381025
1893860147017, 0.299395, 0.380994
1896725290961, 0.299367, 0.380964
1899590434905, 0.299348, 0.380944
1902455578849, 0.299323, 0.380913
1905320722793, 0.299302, 0.380879
1908185866737, 0.299265, 0.380850
1911051010681, 0.299235, 0.380801
1913916154625, 0.299209, 0.380768
1916781298569, 0.299184, 0.380741
1919646442513, 0.299162, 0.380712
1922511586457, 0.299141, 0.380687
1925376730401, 0.299102, 0.380660
1928241874345, 0.299070, 0.380624
1931107018289, 0.299044, 0.380593
1933972162233, 0.299014, 0.380568
1936837306177, 0.298993, 0.380533
1939702450121, 0.298956, 0.380499
1942567594065, 0.298937, 0.380486
1945432738009, 0.298905, 0.380459
1948297881954, 0.298869, 0.380425
1951163025898, 0.298844, 0.380396
1954028169842, 0.298811, 0.380360
1956893313786, 0.298793, 0.380338
1959758457730, 0.298760, 0.380291
1962623601674, 0.298730, 0.380260
1965488745618, 0.298702, 0.380226
1968353889562, 0.298684, 0.380215
1971219033506, 0.298660, 0.380183
1974084177450, 0.298628, 0.380152
1976949321394, 0.298607, 0.380123
1979814465338, 0.298579, 0.380087
1982679609282, 0.298551, 0.380049
1985544753226, 0.298523, 0.380027
1988409897170, 0.298498, 0.379993
1991275041114, 0.298481, 0.379966
1994140185058, 0.298460, 0.379940
1997005329002, 0.298433, 0.379904
1999870472946, 0.298412, 0.379875
2002735616890, 0.298388, 0.379846
2005600760835, 0.298367, 0.379828
2008465904779, 0.298349, 0.379803
2011331048723, 0.298332, 0.379785
2014196192667, 0.298305, 0.379756
2017061336611, 0.298275, 0.379720
2019926480555, 0.298247, 0.379698
2022791624499, 0.298216, 0.379664
2025656768443, 0.298189, 0.379642
2028521912387, 0.298174, 0.379613
2031387056331, 0.298146, 0.379595
2034252200275, 0.298112, 0.379552
2037117344219, 0.298095, 0.379528
2039982488163, 0.298081, 0.379514
2042847632107, 0.298047, 0.379492
2045712776051, 0.298019, 0.379465
2048577919995, 0.297998, 0.379445
2051443063939, 0.297965, 0.379416
2054308207883, 0.297942, 0.379391
2057173351827, 0.297911, 0.379360
2060038495771, 0.297884, 0.379331
2062903639716, 0.297854, 0.379295
2065768783660, 0.297828, 0.379261
2068633927604, 0.297814, 0.379246
2071499071548, 0.297788, 0.379223
2074364215492, 0.297777, 0.379201
2077229359436, 0.297754, 0.379168
2080094503380, 0.297726, 0.379138
2082959647324, 0.297703, 0.379118
2085824791268, 0.297674, 0.379100
2088689935212, 0.297649, 0.379078
2091555079156, 0.297639, 0.379069
2094420223100, 0.297614, 0.379042
2097285367044, 0.297584, 0.379011
2100150510988, 0.297554, 0.378986
2103015654932, 0.297532, 0.378953
2105880798876, 0.297503, 0.378926
2108745942820, 0.297472, 0.378890
2111611086764, 0.297453, 0.378874
2114476230708, 0.297424, 0.378839
2117341374652, 0.297405, 0.378812
2120206518597, 0.297395, 0.378787
2123071662541, 0.297375, 0.378754
2125936806485, 0.297358, 0.378731
2128801950429, 0.297337, 0.378702
2131667094373, 0.297321, 0.378691
2134532238317, 0.297295, 0.378671
2137397382261, 0.297286, 0.378655
2140262526205, 0.297258, 0.378626
2143127670149, 0.297237, 0.378606
2145992814093, 0.297221, 0.378583
2148857958037, 0.297202, 0.378561
2151723101981, 0.297179, 0.378539
2154588245925, 0.297158, 0.378512
2157453389869, 0.297140, 0.378498
2160318533813, 0.297112, 0.378472
2163183677757, 0.297089, 0.378454
2166048821701, 0.297081, 0.378445
2168913965645, 0.297065, 0.378427
2171779109589, 0.297056, 0.378402
2174644253533, 0.297037, 0.378375
2177509397478, 0.297016, 0.378355
2180374541422, 0.296995, 0.378333
2183239685366, 0.296981, 0.378322
2186104829310, 0.296956, 0.378299
2188969973254, 0.296938, 0.378279
2191835117198, 0.296923, 0.378261
2194700261142, 0.296896, 0.378243
2197565405086, 0.296882, 0.378221
2200430549030, 0.296861, 0.378196
2203295692974, 0.296842, 0.378178
2206160836918, 0.296833, 0.378160
2209025980862, 0.296814, 0.378134
2211891124806, 0.296789, 0.378105
2214756268750, 0.296772, 0.378080
2217621412694, 0.296756, 0.378069
2220486556638, 0.296738, 0.378035
2223351700582, 0.296733, 0.378022
2226216844526, 0.296709, 0.377999
2229081988470, 0.296693, 0.377981
2231947132414, 0.296672, 0.377952
2234812276359, 0.296654, 0.377932
2237677420303, 0.296628, 0.377908
2240542564247, 0.296614, 0.377890
2243407708191, 0.296577, 0.377876
2246272852135, 0.296565, 0.377870
2249137996079, 0.296538, 0.377858
2252003140023, 0.296516, 0.377838
2254868283967, 0.296496, 0.377814
2257733427911, 0.296486, 0.377798
2260598571855, 0.296479, 0.377789
2263463715799, 0.296468, 0.377778
2266328859743, 0.296447, 0.377755
2269194003687, 0.296423, 0.377744
2272059147631, 0.296400, 0.377729
2274924291575, 0.296386, 0.377711
2277789435519, 0.296370, 0.377697
2280654579463, 0.296358, 0.377682
2283519723407, 0.296344, 0.377659
2286384867351, 0.296326, 0.377632
2289250011295, 0.296310, 0.377614
2292115155240, 0.296293, 0.377597
2294980299184, 0.296272, 0.377579
2297845443128, 0.296256, 0.377554
2300710587072, 0.296240, 0.377536
2303575731016, 0.296217, 0.377509
2306440874960, 0.296203, 0.377496
2309306018904, 0.296187, 0.377473
2312171162848, 0.296172, 0.377449
2315036306792, 0.296144, 0.377418
2317901450736, 0.296137, 0.377406
2320766594680, 0.296117, 0.377388
2323631738624, 0.296101, 0.377373
2326496882568, 0.296080, 0.377350
2329362026512, 0.296073, 0.377344
2332227170456, 0.296068, 0.377337
2335092314400, 0.296056, 0.377317
2337957458344, 0.296045, 0.377306
2340822602288, 0.296040, 0.377294
2343687746232, 0.296033, 0.377288
2346552890176, 0.296012, 0.377279
2349418034121, 0.295991, 0.377265
2352283178065, 0.295980, 0.377259
2355148322009, 0.295973, 0.377243
2358013465953, 0.295954, 0.377216
2360878609897, 0.295935, 0.377205
2363743753841, 0.295917, 0.377194
2366608897785, 0.295893, 0.377165
2369474041729, 0.295875, 0.377144
2372339185673, 0.295858, 0.377124
2375204329617, 0.295842, 0.377111
2378069473561, 0.295831, 0.377098
2380934617505, 0.295819, 0.377084
2383799761449, 0.295807, 0.377068
2386664905393, 0.295796, 0.377062
2389530049337, 0.295780, 0.377059
2392395193281, 0.295766, 0.377053
2395260337225, 0.295756, 0.377046
2398125481169, 0.295745, 0.377039
2400990625113, 0.295740, 0.377026
2403855769057, 0.295738, 0.377021
2406720913002, 0.295722, 0.377010
2409586056946, 0.295707, 0.376997
2412451200890, 0.295693, 0.376986
2415316344834, 0.295679, 0.376972
2418181488778, 0.295665, 0.376961
2421046632722, 0.295656, 0.376941
2423911776666, 0.295645, 0.376930
2426776920610, 0.295638, 0.376921
2429642064554, 0.295626, 0.376901
2432507208498, 0.295614, 0.376892
2435372352442, 0.295607, 0.376876
2438237496386, 0.295598, 0.376869
2441102640330, 0.295587, 0.376856
2443967784274, 0.295579, 0.376845
2446832928218, 0.295566, 0.376831
2449698072162, 0.295552, 0.376822
2452563216106, 0.295542, 0.376818
2455428360050, 0.295535, 0.376811
2458293503994, 0.295528, 0.376800
2461158647938, 0.295517, 0.376786
2464023791883, 0.295507, 0.376780
2466888935827, 0.295494, 0.376769
2469754079771, 0.295480, 0.376760
2472619223715, 0.295463, 0.376742
2475484367659, 0.295454, 0.376726
2478349511603, 0.295443, 0.376710
2481214655547, 0.295438, 0.376701
2484079799491, 0.295424, 0.376690
2486944943435, 0.295414, 0.376681
2489810087379, 0.295396, 0.376672
2492675231323, 0.295393, 0.376668
2495540375267, 0.295389, 0.376657
2498405519211, 0.295382, 0.376648
2501270663155, 0.295372, 0.376632
2504135807099, 0.295365, 0.376621
2507000951043, 0.295359, 0.376614
2509866094987, 0.295352, 0.376605
2512731238931, 0.295342, 0.376585
2515596382875, 0.295328, 0.376569
2518461526819, 0.295317, 0.376556
2521326670764, 0.295308, 0.376549
2524191814708, 0.295303, 0.376545
2527056958652, 0.295291, 0.376531
2529922102596, 0.295284, 0.376518
2532787246540, 0.295277, 0.376507
2535652390484, 0.295264, 0.376498
2538517534428, 0.295261, 0.376496
2541382678372, 0.295243, 0.376480
2544247822316, 0.295240, 0.376475
2547112966260, 0.295233, 0.376471
2549978110204, 0.295226, 0.376462
2552843254148, 0.295224, 0.376457
2555708398092, 0.295217, 0.376446
2558573542036, 0.295212, 0.376437
2561438685980, 0.295207, 0.376433
2564303829924, 0.295198, 0.376419
2567168973868, 0.295186, 0.376413
2570034117812, 0.295177, 0.376406
2572899261756, 0.295171, 0.376404
2575764405700, 0.295159, 0.376395
2578629549645, 0.295154, 0.376388
2581494693589, 0.295147, 0.376386
2584359837533, 0.295135, 0.376375
2587224981477, 0.295126, 0.376370
2590090125421, 0.295115, 0.376363
2592955269365, 0.295110, 0.376359
2595820413309, 0.295101, 0.376352
2598685557253, 0.295091, 0.376348
2601550701197, 0.295091, 0.376343
2604415845141, 0.295087, 0.376339
2607280989085, 0.295075, 0.376321
2610146133029, 0.295066, 0.376308
2613011276973, 0.295057, 0.376294
2615876420917, 0.295054, 0.376290
2618741564861, 0.295050, 0.376290
2621606708805, 0.295047, 0.376283
2624471852749, 0.295040, 0.376276
2627336996693, 0.295036, 0.376274
2630202140637, 0.295033, 0.376267
2633067284581, 0.295029, 0.376263
2635932428526, 0.295019, 0.376254
2638797572470, 0.295014, 0.376252
2641662716414, 0.295012, 0.376247
2644527860358, 0.295012, 0.376247
2647393004302, 0.295008, 0.376243
2650258148246, 0.295001, 0.376238
2653123292190, 0.294998, 0.376231
2655988436134, 0.294993, 0.376227
2658853580078, 0.294991, 0.376225
2661718724022, 0.294986, 0.376223
2664583867966, 0.294984, 0.376220
2667449011910, 0.294982, 0.376218
2670314155854, 0.294980, 0.376214
2673179299798, 0.294975, 0.376207
2676044443742, 0.294975, 0.376205
2678909587686, 0.294973, 0.376200
2681774731630, 0.294970, 0.376198
2684639875574, 0.294968, 0.376196
2687505019518, 0.294964, 0.376191
2690370163462, 0.294963, 0.376191
2693235307407, 0.294957, 0.376187
2696100451351, 0.294956, 0.376182
2698965595295, 0.294950, 0.376178
2701830739239, 0.294947, 0.376173
2704695883183, 0.294945, 0.376171
2707561027127, 0.294940, 0.376164
2710426171071, 0.294940, 0.376164
2713291315015, 0.294938, 0.376160
2716156458959, 0.294936, 0.376155
2719021602903, 0.294936, 0.376155
2721886746847, 0.294929, 0.376149
2724751890791, 0.294924, 0.376146
2727617034735, 0.294924, 0.376144
2730482178679, 0.294922, 0.376142
2733347322623, 0.294921, 0.376137
2736212466567, 0.294919, 0.376137
2739077610511, 0.294912, 0.376133
2741942754455, 0.294907, 0.376126
2744807898399, 0.294905, 0.376124
2747673042343, 0.294903, 0.376122
2750538186288, 0.294903, 0.376122
2753403330232, 0.294900, 0.376117
2756268474176, 0.294900, 0.376117
2759133618120, 0.294900, 0.376117
2761998762064, 0.294898, 0.376115
2764863906008, 0.294898, 0.376115
2767729049952, 0.294893, 0.376106
2770594193896, 0.294889, 0.376102
2773459337840, 0.294889, 0.376102
2776324481784, 0.294889, 0.376102
2779189625728, 0.294887, 0.376097
2782054769672, 0.294880, 0.376086
2784919913616, 0.294873, 0.376082
2787785057560, 0.294871, 0.376079
2790650201504, 0.294871, 0.376079
2793515345448, 0.294870, 0.376077
2796380489392, 0.294868, 0.376075
2799245633336, 0.294866, 0.376073
2802110777280, 0.294866, 0.376073
2804975921224, 0.294864, 0.376070
2807841065169, 0.294863, 0.376070
2810706209113, 0.294859, 0.376061
2813571353057, 0.294856, 0.376059
2816436497001, 0.294852, 0.376055
2819301640945, 0.294852, 0.376055
2822166784889, 0.294850, 0.376050
2825031928833, 0.294849, 0.376048
2827897072777, 0.294849, 0.376048
2830762216721, 0.294849, 0.376048
2833627360665, 0.294849, 0.376048
2836492504609, 0.294849, 0.376046
2839357648553, 0.294847, 0.376043
2842222792497, 0.294843, 0.376039
2845087936441, 0.294843, 0.376039
2847953080385, 0.294843, 0.376039
2850818224329, 0.294843, 0.376039
2853683368273, 0.294843, 0.376039
2856548512217, 0.294843, 0.376039
2859413656161, 0.294843, 0.376039
2862278800105, 0.294843, 0.376039
2865143944050, 0.294843, 0.376039
Time used: 63955 ms
