logging to /opt/flows_res_1000/2016020200-2016020300_unique/tenant_4_profile_res-FIX_RATE-FLOWS-0.01.csvtracefile: /data1/tenant_trace/2016020200-2016020300_unique/tenant_4_trace
open file /data1/tenant_trace/2016020200-2016020300_unique/tenant_4_trace
read 1000000 lines
read 2000000 lines
read 3000000 lines
read 4000000 lines
read 5000000 lines
read 6000000 lines
read 7000000 lines
read 8000000 lines
read 9000000 lines
read 10000000 lines
read 11000000 lines
read 12000000 lines
read 13000000 lines
read 14000000 lines
read 15000000 lines
read 16000000 lines
read 17000000 lines
read 18000000 lines
read 19000000 lines
read 20000000 lines
read 21000000 lines
read 22000000 lines
read 23000000 lines
read 24000000 lines
read 25000000 lines
read 26000000 lines
read 27000000 lines
read 28000000 lines
read 29000000 lines
read 30000000 lines
read 31000000 lines
read 32000000 lines
read 33000000 lines
read 34000000 lines
read 35000000 lines
read 36000000 lines
read 37000000 lines
read 38000000 lines
read 39000000 lines
read 40000000 lines
read 41000000 lines
read 42000000 lines
read 43000000 lines
read 44000000 lines
read 45000000 lines
read 46000000 lines
read 47000000 lines
read 48000000 lines
read 49000000 lines
read 50000000 lines
read 51000000 lines
read 52000000 lines
read 53000000 lines
read 54000000 lines
read 55000000 lines
read 56000000 lines
read 57000000 lines
read 58000000 lines
read 59000000 lines
read 60000000 lines
read 61000000 lines
read 62000000 lines
read 63000000 lines
read 64000000 lines
read 65000000 lines
read 66000000 lines
read 67000000 lines
read 68000000 lines
read 69000000 lines
read 70000000 lines
read 71000000 lines
read 72000000 lines
read 73000000 lines
read 74000000 lines
read 75000000 lines
read 76000000 lines
read 77000000 lines
read 78000000 lines
read 79000000 lines
read 80000000 lines
read 81000000 lines
read 82000000 lines
read 83000000 lines
read 84000000 lines
read 85000000 lines
read 86000000 lines
read 87000000 lines
read 88000000 lines
read 89000000 lines
read 90000000 lines
read 91000000 lines
read 92000000 lines
read 93000000 lines
read 94000000 lines
read 95000000 lines
read 96000000 lines
read 97000000 lines
read 98000000 lines
read 99000000 lines
read 100000000 lines
read 101000000 lines
read 102000000 lines
read 103000000 lines
read 104000000 lines
read 105000000 lines
read 106000000 lines
read 107000000 lines
read 108000000 lines
read 109000000 lines
read 110000000 lines
read 111000000 lines
read 112000000 lines
read 113000000 lines
read 114000000 lines
read 115000000 lines
read 116000000 lines
read 117000000 lines
read 118000000 lines
read 119000000 lines
read 120000000 lines
read 121000000 lines
read 122000000 lines
read 123000000 lines
read 124000000 lines
read 125000000 lines
read 126000000 lines
read 127000000 lines
read 128000000 lines
read 129000000 lines
read 130000000 lines
read 131000000 lines
read 132000000 lines
read 133000000 lines
read 134000000 lines
read 135000000 lines
read 136000000 lines
read 137000000 lines
read 138000000 lines
read 139000000 lines
read 140000000 lines
read 141000000 lines
read 142000000 lines
read 143000000 lines
read 144000000 lines
read 145000000 lines
read 146000000 lines
read 147000000 lines
read 148000000 lines
read 149000000 lines
read 150000000 lines
read 151000000 lines
read 152000000 lines
read 153000000 lines
read 154000000 lines
read 155000000 lines
read 156000000 lines
read 157000000 lines
read 158000000 lines
read 159000000 lines
read 160000000 lines
read 161000000 lines
read 162000000 lines
read 163000000 lines
read 164000000 lines
read 165000000 lines
read 166000000 lines
read 167000000 lines
read 168000000 lines
read 169000000 lines
read 170000000 lines
read 171000000 lines
read 172000000 lines
read 173000000 lines
read 174000000 lines
read 175000000 lines
read 176000000 lines
read 177000000 lines
read 178000000 lines
read 179000000 lines
read 180000000 lines
read 181000000 lines
read 182000000 lines
read 183000000 lines
read 184000000 lines
read 185000000 lines
read 186000000 lines
read 187000000 lines
read 188000000 lines
read 189000000 lines
read 190000000 lines
read 191000000 lines
read 192000000 lines
read 193000000 lines
read 194000000 lines
read 195000000 lines
read 196000000 lines
read 197000000 lines
read 198000000 lines
read 199000000 lines
read 200000000 lines
read 201000000 lines
read 202000000 lines
read 203000000 lines
read 204000000 lines
read 205000000 lines
read 206000000 lines
read 207000000 lines
read 208000000 lines
read 209000000 lines
read 210000000 lines
read 211000000 lines
read 212000000 lines
read 213000000 lines
read 214000000 lines
read 215000000 lines
read 216000000 lines
read 217000000 lines
read 218000000 lines
read 219000000 lines
read 220000000 lines
read 221000000 lines
read 222000000 lines
read 223000000 lines
read 224000000 lines
read 225000000 lines
read 226000000 lines
read 227000000 lines
read 228000000 lines
read 229000000 lines
read 230000000 lines
read 231000000 lines
read 232000000 lines
read 233000000 lines
read 234000000 lines
read 235000000 lines
read 236000000 lines
read 237000000 lines
read 238000000 lines
read 239000000 lines
read 240000000 lines
read 241000000 lines
read 242000000 lines
read 243000000 lines
read 244000000 lines
read 245000000 lines
read 246000000 lines
read 247000000 lines
read 248000000 lines
read 249000000 lines
read 250000000 lines
read 251000000 lines
read 252000000 lines
read 253000000 lines
read 254000000 lines
read 255000000 lines
read 256000000 lines
read 257000000 lines
read 258000000 lines
read 259000000 lines
read 260000000 lines
read 261000000 lines
read 262000000 lines
read 263000000 lines
read 264000000 lines
read 265000000 lines
read 266000000 lines
read 267000000 lines
read 268000000 lines
read 269000000 lines
read 270000000 lines
read 271000000 lines
read 272000000 lines
read 273000000 lines
read 274000000 lines
read 275000000 lines
read 276000000 lines
read 277000000 lines
read 278000000 lines
read 279000000 lines
read 280000000 lines
read 281000000 lines
read 282000000 lines
read 283000000 lines
read 284000000 lines
read 285000000 lines
read 286000000 lines
read 287000000 lines
read 288000000 lines
read 289000000 lines
read 290000000 lines
read 291000000 lines
read 292000000 lines
read 293000000 lines
read 294000000 lines
read 295000000 lines
read 296000000 lines
read 297000000 lines
read 298000000 lines
read 299000000 lines
read 300000000 lines
read 301000000 lines
read 302000000 lines
read 303000000 lines
read 304000000 lines
read 305000000 lines
read 306000000 lines
read 307000000 lines
read 308000000 lines
read 309000000 lines
read 310000000 lines
read 311000000 lines
read 312000000 lines
read 313000000 lines
read 314000000 lines
read 315000000 lines
read 316000000 lines
read 317000000 lines
read 318000000 lines
read 319000000 lines
read 320000000 lines
read 321000000 lines
read 322000000 lines
read 323000000 lines
read 324000000 lines
read 325000000 lines
read 326000000 lines
read 327000000 lines
read 328000000 lines
read 329000000 lines
read 330000000 lines
read 331000000 lines
read 332000000 lines
read 333000000 lines
read 334000000 lines
read 335000000 lines
read 336000000 lines
read 337000000 lines
read 338000000 lines
read 339000000 lines
read 340000000 lines
read 341000000 lines
read 342000000 lines
read 343000000 lines
read 344000000 lines
read 345000000 lines
read 346000000 lines
read 347000000 lines
read 348000000 lines
read 349000000 lines
read 350000000 lines
read 351000000 lines
read 352000000 lines
read 353000000 lines
read 354000000 lines
read 355000000 lines
read 356000000 lines
read 357000000 lines
read 358000000 lines
read 359000000 lines
read 360000000 lines
read 361000000 lines
read 362000000 lines
read 363000000 lines
read 364000000 lines
read 365000000 lines
read 366000000 lines
read 367000000 lines
read 368000000 lines
read 369000000 lines
read 370000000 lines
read 371000000 lines
read 372000000 lines
read 373000000 lines
read 374000000 lines
read 375000000 lines
read 376000000 lines
read 377000000 lines
read 378000000 lines
read 379000000 lines
read 380000000 lines
read 381000000 lines
[FILE]: /data1/tenant_trace/2016020200-2016020300_unique/tenant_4_trace
total_access_num: 381606630
total_access_size: 4751466183340
unique_access_num: 105845052
unique_access_size: 1357446358440
min_item_size: 1
[method]: FLOWS
[metric]: MAE
[seed]: 42
[sample_method]: FIX_RATE
[sample_metric]: 0.01
MAEQ_factor: 1.028359
cache_size, BMRC_ratio, OMRC_ratio
1357446358, 0.802298, 0.809421
2714892716, 0.761740, 0.767355
4072339075, 0.733948, 0.738388
5429785433, 0.712136, 0.715602
6787231792, 0.694118, 0.696722
8144678150, 0.678499, 0.680399
9502124509, 0.664891, 0.666181
10859570867, 0.652685, 0.653514
12217017225, 0.641448, 0.641849
13574463584, 0.631366, 0.631387
14931909942, 0.622033, 0.621675
16289356301, 0.613233, 0.612640
17646802659, 0.604995, 0.604117
19004249018, 0.597477, 0.596387
20361695376, 0.590365, 0.589012
21719141735, 0.583646, 0.582048
23076588093, 0.577286, 0.575484
24434034451, 0.571235, 0.569250
25791480810, 0.565554, 0.563396
27148927168, 0.560173, 0.557893
28506373527, 0.554961, 0.552553
29863819885, 0.550109, 0.547518
31221266244, 0.545367, 0.542604
32578712602, 0.540833, 0.537896
33936158961, 0.536338, 0.533238
35293605319, 0.532171, 0.528932
36651051677, 0.528180, 0.524836
38008498036, 0.524246, 0.520814
39365944394, 0.520449, 0.516837
40723390753, 0.516857, 0.513201
42080837111, 0.513372, 0.509566
43438283470, 0.509981, 0.506067
44795729828, 0.506762, 0.502709
46153176186, 0.503558, 0.499399
47510622545, 0.500487, 0.496239
48868068903, 0.497540, 0.493181
50225515262, 0.494669, 0.490238
51582961620, 0.491895, 0.487399
52940407979, 0.489173, 0.484614
54297854337, 0.486433, 0.481816
55655300696, 0.483845, 0.479184
57012747054, 0.481333, 0.476607
58370193412, 0.478901, 0.474106
59727639771, 0.476481, 0.471630
61085086129, 0.474173, 0.469269
62442532488, 0.471965, 0.466973
63799978846, 0.469756, 0.464698
65157425205, 0.467562, 0.462432
66514871563, 0.465477, 0.460293
67872317922, 0.463451, 0.458182
69229764280, 0.461528, 0.456171
70587210638, 0.459607, 0.454186
71944656997, 0.457648, 0.452201
73302103355, 0.455818, 0.450313
74659549714, 0.453973, 0.448454
76016996072, 0.452176, 0.446621
77374442431, 0.450463, 0.444830
78731888789, 0.448758, 0.443103
80089335147, 0.447033, 0.441319
81446781506, 0.445390, 0.439629
82804227864, 0.443780, 0.437975
84161674223, 0.442219, 0.436393
85519120581, 0.440698, 0.434797
86876566940, 0.439226, 0.433261
88234013298, 0.437733, 0.431713
89591459657, 0.436250, 0.430177
90948906015, 0.434830, 0.428719
92306352373, 0.433469, 0.427329
93663798732, 0.432104, 0.425925
95021245090, 0.430773, 0.424601
96378691449, 0.429434, 0.423233
97736137807, 0.428068, 0.421863
99093584166, 0.426841, 0.420603
100451030524, 0.425577, 0.419301
101808476883, 0.424324, 0.418000
103165923241, 0.423116, 0.416742
104523369599, 0.421944, 0.415527
105880815958, 0.420773, 0.414312
107238262316, 0.419618, 0.413095
108595708675, 0.418417, 0.411857
109953155033, 0.417288, 0.410685
111310601392, 0.416177, 0.409553
112668047750, 0.415047, 0.408412
114025494108, 0.413981, 0.407323
115382940467, 0.412952, 0.406271
116740386825, 0.411925, 0.405204
118097833184, 0.410894, 0.404130
119455279542, 0.409906, 0.403099
120812725901, 0.408907, 0.402073
122170172259, 0.407883, 0.401055
123527618618, 0.406941, 0.400087
124885064976, 0.405979, 0.399110
126242511334, 0.405106, 0.398204
127599957693, 0.404233, 0.397300
128957404051, 0.403305, 0.396352
130314850410, 0.402390, 0.395408
131672296768, 0.401466, 0.394464
133029743127, 0.400593, 0.393549
134387189485, 0.399715, 0.392637
135744635844, 0.398873, 0.391764
137102082202, 0.398034, 0.390887
138459528560, 0.397211, 0.390040
139816974919, 0.396400, 0.389218
141174421277, 0.395600, 0.388402
142531867636, 0.394797, 0.387575
143889313994, 0.394019, 0.386792
145246760353, 0.393236, 0.385979
146604206711, 0.392440, 0.385177
147961653069, 0.391659, 0.384387
149319099428, 0.390916, 0.383638
150676545786, 0.390172, 0.382882
152033992145, 0.389422, 0.382114
153391438503, 0.388677, 0.381354
154748884862, 0.387947, 0.380625
156106331220, 0.387200, 0.379869
157463777579, 0.386467, 0.379141
158821223937, 0.385794, 0.378456
160178670295, 0.385085, 0.377752
161536116654, 0.384402, 0.377050
162893563012, 0.383745, 0.376366
164251009371, 0.383078, 0.375676
165608455729, 0.382420, 0.375000
166965902088, 0.381759, 0.374330
168323348446, 0.381092, 0.373657
169680794805, 0.380456, 0.372987
171038241163, 0.379844, 0.372365
172395687521, 0.379227, 0.371734
173753133880, 0.378611, 0.371104
175110580238, 0.377991, 0.370466
176468026597, 0.377343, 0.369831
177825472955, 0.376742, 0.369227
179182919314, 0.376180, 0.368650
180540365672, 0.375600, 0.368059
181897812030, 0.375038, 0.367467
183255258389, 0.374479, 0.366885
184612704747, 0.373884, 0.366261
185970151106, 0.373342, 0.365693
187327597464, 0.372814, 0.365149
188685043823, 0.372283, 0.364579
190042490181, 0.371733, 0.364033
191399936540, 0.371205, 0.363489
192757382898, 0.370687, 0.362938
194114829256, 0.370180, 0.362419
195472275615, 0.369665, 0.361899
196829721973, 0.369128, 0.361369
198187168332, 0.368615, 0.360853
199544614690, 0.368091, 0.360308
200902061049, 0.367606, 0.359799
202259507407, 0.367088, 0.359266
203616953766, 0.366574, 0.358745
204974400124, 0.366092, 0.358255
206331846482, 0.365593, 0.357747
207689292841, 0.365108, 0.357246
209046739199, 0.364645, 0.356783
210404185558, 0.364188, 0.356315
211761631916, 0.363703, 0.355832
213119078275, 0.363236, 0.355354
214476524633, 0.362784, 0.354888
215833970991, 0.362331, 0.354434
217191417350, 0.361885, 0.353983
218548863708, 0.361460, 0.353535
219906310067, 0.361012, 0.353095
221263756425, 0.360573, 0.352638
222621202784, 0.360140, 0.352196
223978649142, 0.359723, 0.351777
225336095501, 0.359291, 0.351343
226693541859, 0.358895, 0.350939
228050988217, 0.358465, 0.350496
229408434576, 0.358040, 0.350068
230765880934, 0.357644, 0.349679
232123327293, 0.357251, 0.349272
233480773651, 0.356850, 0.348864
234838220010, 0.356413, 0.348427
236195666368, 0.355996, 0.348023
237553112727, 0.355599, 0.347617
238910559085, 0.355194, 0.347203
240268005443, 0.354792, 0.346806
241625451802, 0.354407, 0.346401
242982898160, 0.354026, 0.346035
244340344519, 0.353656, 0.345683
245697790877, 0.353256, 0.345275
247055237236, 0.352877, 0.344888
248412683594, 0.352525, 0.344523
249770129952, 0.352161, 0.344161
251127576311, 0.351781, 0.343781
252485022669, 0.351408, 0.343398
253842469028, 0.351010, 0.343008
255199915386, 0.350644, 0.342636
256557361745, 0.350253, 0.342240
257914808103, 0.349893, 0.341874
259272254462, 0.349564, 0.341528
260629700820, 0.349195, 0.341140
261987147178, 0.348841, 0.340782
263344593537, 0.348502, 0.340430
264702039895, 0.348160, 0.340083
266059486254, 0.347835, 0.339742
267416932612, 0.347487, 0.339381
268774378971, 0.347137, 0.339017
270131825329, 0.346821, 0.338693
271489271688, 0.346499, 0.338359
272846718046, 0.346193, 0.338057
274204164404, 0.345860, 0.337715
275561610763, 0.345506, 0.337363
276919057121, 0.345193, 0.337031
278276503480, 0.344873, 0.336711
279633949838, 0.344531, 0.336371
280991396197, 0.344231, 0.336058
282348842555, 0.343926, 0.335755
283706288913, 0.343633, 0.335454
285063735272, 0.343337, 0.335137
286421181630, 0.343034, 0.334822
287778627989, 0.342729, 0.334504
289136074347, 0.342424, 0.334199
290493520706, 0.342124, 0.333898
291850967064, 0.341837, 0.333604
293208413423, 0.341528, 0.333290
294565859781, 0.341234, 0.332988
295923306139, 0.340940, 0.332693
297280752498, 0.340645, 0.332402
298638198856, 0.340354, 0.332093
299995645215, 0.340066, 0.331797
301353091573, 0.339794, 0.331516
302710537932, 0.339523, 0.331240
304067984290, 0.339261, 0.330965
305425430649, 0.339006, 0.330703
306782877007, 0.338736, 0.330436
308140323365, 0.338465, 0.330154
309497769724, 0.338193, 0.329888
310855216082, 0.337922, 0.329614
312212662441, 0.337662, 0.329357
313570108799, 0.337414, 0.329106
314927555158, 0.337154, 0.328841
316285001516, 0.336898, 0.328585
317642447874, 0.336631, 0.328317
318999894233, 0.336380, 0.328067
320357340591, 0.336127, 0.327805
321714786950, 0.335876, 0.327541
323072233308, 0.335643, 0.327304
324429679667, 0.335394, 0.327052
325787126025, 0.335146, 0.326805
327144572384, 0.334907, 0.326565
328502018742, 0.334666, 0.326316
329859465100, 0.334413, 0.326073
331216911459, 0.334142, 0.325800
332574357817, 0.333891, 0.325550
333931804176, 0.333666, 0.325311
335289250534, 0.333420, 0.325059
336646696893, 0.333190, 0.324830
338004143251, 0.332920, 0.324572
339361589610, 0.332675, 0.324339
340719035968, 0.332401, 0.324087
342076482326, 0.332179, 0.323875
343433928685, 0.331941, 0.323628
344791375043, 0.331705, 0.323387
346148821402, 0.331483, 0.323156
347506267760, 0.331252, 0.322923
348863714119, 0.330998, 0.322667
350221160477, 0.330769, 0.322436
351578606835, 0.330537, 0.322206
352936053194, 0.330318, 0.322000
354293499552, 0.330107, 0.321777
355650945911, 0.329890, 0.321546
357008392269, 0.329685, 0.321336
358365838628, 0.329463, 0.321121
359723284986, 0.329253, 0.320903
361080731345, 0.329043, 0.320691
362438177703, 0.328825, 0.320471
363795624061, 0.328611, 0.320254
365153070420, 0.328368, 0.320016
366510516778, 0.328159, 0.319803
367867963137, 0.327928, 0.319567
369225409495, 0.327727, 0.319370
370582855854, 0.327510, 0.319155
371940302212, 0.327304, 0.318943
373297748571, 0.327093, 0.318732
374655194929, 0.326885, 0.318524
376012641287, 0.326684, 0.318310
377370087646, 0.326495, 0.318118
378727534004, 0.326291, 0.317913
380084980363, 0.326087, 0.317718
381442426721, 0.325892, 0.317514
382799873080, 0.325703, 0.317318
384157319438, 0.325489, 0.317112
385514765796, 0.325290, 0.316897
386872212155, 0.325104, 0.316707
388229658513, 0.324901, 0.316509
389587104872, 0.324714, 0.316317
390944551230, 0.324519, 0.316111
392301997589, 0.324355, 0.315938
393659443947, 0.324158, 0.315738
395016890306, 0.323983, 0.315553
396374336664, 0.323790, 0.315360
397731783022, 0.323602, 0.315170
399089229381, 0.323426, 0.314988
400446675739, 0.323236, 0.314804
401804122098, 0.323046, 0.314608
403161568456, 0.322887, 0.314447
404519014815, 0.322724, 0.314280
405876461173, 0.322539, 0.314090
407233907532, 0.322365, 0.313914
408591353890, 0.322184, 0.313723
409948800248, 0.322013, 0.313557
411306246607, 0.321830, 0.313369
412663692965, 0.321656, 0.313188
414021139324, 0.321465, 0.312999
415378585682, 0.321276, 0.312813
416736032041, 0.321099, 0.312641
418093478399, 0.320915, 0.312455
419450924757, 0.320733, 0.312274
420808371116, 0.320563, 0.312110
422165817474, 0.320394, 0.311947
423523263833, 0.320238, 0.311785
424880710191, 0.320071, 0.311615
426238156550, 0.319896, 0.311436
427595602908, 0.319726, 0.311267
428953049267, 0.319565, 0.311100
430310495625, 0.319401, 0.310934
431667941983, 0.319235, 0.310768
433025388342, 0.319082, 0.310608
434382834700, 0.318918, 0.310440
435740281059, 0.318764, 0.310288
437097727417, 0.318618, 0.310133
438455173776, 0.318437, 0.309957
439812620134, 0.318271, 0.309797
441170066493, 0.318116, 0.309638
442527512851, 0.317971, 0.309486
443884959209, 0.317812, 0.309339
445242405568, 0.317661, 0.309184
446599851926, 0.317481, 0.309010
447957298285, 0.317326, 0.308848
449314744643, 0.317167, 0.308687
450672191002, 0.317011, 0.308540
452029637360, 0.316852, 0.308375
453387083718, 0.316704, 0.308224
454744530077, 0.316549, 0.308066
456101976435, 0.316409, 0.307914
457459422794, 0.316257, 0.307753
458816869152, 0.316106, 0.307598
460174315511, 0.315942, 0.307438
461531761869, 0.315802, 0.307298
462889208228, 0.315640, 0.307153
464246654586, 0.315486, 0.307001
465604100944, 0.315348, 0.306859
466961547303, 0.315197, 0.306702
468318993661, 0.315064, 0.306576
469676440020, 0.314916, 0.306435
471033886378, 0.314772, 0.306288
472391332737, 0.314626, 0.306135
473748779095, 0.314488, 0.305995
475106225454, 0.314358, 0.305863
476463671812, 0.314214, 0.305718
477821118170, 0.314078, 0.305576
479178564529, 0.313942, 0.305439
480536010887, 0.313804, 0.305300
481893457246, 0.313661, 0.305154
483250903604, 0.313529, 0.305023
484608349963, 0.313385, 0.304883
485965796321, 0.313244, 0.304742
487323242679, 0.313111, 0.304602
488680689038, 0.312975, 0.304470
490038135396, 0.312837, 0.304336
491395581755, 0.312717, 0.304214
492753028113, 0.312573, 0.304073
494110474472, 0.312439, 0.303944
495467920830, 0.312322, 0.303827
496825367189, 0.312176, 0.303678
498182813547, 0.312047, 0.303546
499540259905, 0.311925, 0.303418
500897706264, 0.311797, 0.303286
502255152622, 0.311680, 0.303167
503612598981, 0.311545, 0.303033
504970045339, 0.311417, 0.302893
506327491698, 0.311285, 0.302751
507684938056, 0.311167, 0.302637
509042384415, 0.311057, 0.302527
510399830773, 0.310940, 0.302416
511757277131, 0.310812, 0.302295
513114723490, 0.310701, 0.302179
514472169848, 0.310580, 0.302064
515829616207, 0.310449, 0.301932
517187062565, 0.310343, 0.301824
518544508924, 0.310218, 0.301701
519901955282, 0.310101, 0.301578
521259401640, 0.309983, 0.301465
522616847999, 0.309858, 0.301343
523974294357, 0.309740, 0.301219
525331740716, 0.309624, 0.301099
526689187074, 0.309493, 0.300978
528046633433, 0.309374, 0.300863
529404079791, 0.309258, 0.300751
530761526150, 0.309144, 0.300644
532118972508, 0.309032, 0.300533
533476418866, 0.308925, 0.300431
534833865225, 0.308815, 0.300323
536191311583, 0.308702, 0.300207
537548757942, 0.308585, 0.300092
538906204300, 0.308489, 0.299986
540263650659, 0.308373, 0.299873
541621097017, 0.308267, 0.299768
542978543376, 0.308154, 0.299656
544335989734, 0.308046, 0.299548
545693436092, 0.307928, 0.299438
547050882451, 0.307825, 0.299332
548408328809, 0.307712, 0.299231
549765775168, 0.307603, 0.299123
551123221526, 0.307498, 0.299019
552480667885, 0.307389, 0.298908
553838114243, 0.307282, 0.298795
555195560601, 0.307179, 0.298683
556553006960, 0.307081, 0.298582
557910453318, 0.306986, 0.298490
559267899677, 0.306883, 0.298391
560625346035, 0.306783, 0.298289
561982792394, 0.306674, 0.298183
563340238752, 0.306584, 0.298094
564697685111, 0.306490, 0.297991
566055131469, 0.306375, 0.297875
567412577827, 0.306277, 0.297780
568770024186, 0.306168, 0.297673
570127470544, 0.306067, 0.297573
571484916903, 0.305962, 0.297470
572842363261, 0.305867, 0.297373
574199809620, 0.305778, 0.297281
575557255978, 0.305689, 0.297191
576914702337, 0.305592, 0.297092
578272148695, 0.305483, 0.296985
579629595053, 0.305371, 0.296880
580987041412, 0.305277, 0.296788
582344487770, 0.305174, 0.296685
583701934129, 0.305058, 0.296569
585059380487, 0.304958, 0.296462
586416826846, 0.304856, 0.296363
587774273204, 0.304756, 0.296264
589131719562, 0.304671, 0.296174
590489165921, 0.304580, 0.296073
591846612279, 0.304488, 0.295981
593204058638, 0.304390, 0.295888
594561504996, 0.304303, 0.295793
595918951355, 0.304206, 0.295703
597276397713, 0.304111, 0.295606
598633844072, 0.304024, 0.295518
599991290430, 0.303933, 0.295429
601348736788, 0.303852, 0.295340
602706183147, 0.303767, 0.295253
604063629505, 0.303676, 0.295168
605421075864, 0.303576, 0.295070
606778522222, 0.303486, 0.294978
608135968581, 0.303389, 0.294877
609493414939, 0.303285, 0.294776
610850861298, 0.303206, 0.294699
612208307656, 0.303118, 0.294611
613565754014, 0.303013, 0.294507
614923200373, 0.302935, 0.294429
616280646731, 0.302841, 0.294334
617638093090, 0.302745, 0.294235
618995539448, 0.302659, 0.294147
620352985807, 0.302576, 0.294061
621710432165, 0.302491, 0.293977
623067878523, 0.302395, 0.293877
624425324882, 0.302312, 0.293792
625782771240, 0.302234, 0.293716
627140217599, 0.302153, 0.293643
628497663957, 0.302071, 0.293566
629855110316, 0.301997, 0.293492
631212556674, 0.301910, 0.293411
632570003033, 0.301830, 0.293323
633927449391, 0.301760, 0.293249
635284895749, 0.301690, 0.293181
636642342108, 0.301616, 0.293097
637999788466, 0.301533, 0.293017
639357234825, 0.301458, 0.292938
640714681183, 0.301380, 0.292868
642072127542, 0.301290, 0.292782
643429573900, 0.301201, 0.292693
644787020259, 0.301123, 0.292611
646144466617, 0.301043, 0.292537
647501912975, 0.300978, 0.292473
648859359334, 0.300904, 0.292399
650216805692, 0.300819, 0.292319
651574252051, 0.300739, 0.292246
652931698409, 0.300661, 0.292167
654289144768, 0.300591, 0.292095
655646591126, 0.300518, 0.292021
657004037484, 0.300445, 0.291954
658361483843, 0.300380, 0.291889
659718930201, 0.300296, 0.291803
661076376560, 0.300213, 0.291721
662433822918, 0.300133, 0.291639
663791269277, 0.300044, 0.291557
665148715635, 0.299972, 0.291491
666506161994, 0.299906, 0.291420
667863608352, 0.299838, 0.291351
669221054710, 0.299758, 0.291281
670578501069, 0.299689, 0.291211
671935947427, 0.299624, 0.291146
673293393786, 0.299555, 0.291079
674650840144, 0.299481, 0.291005
676008286503, 0.299409, 0.290935
677365732861, 0.299335, 0.290860
678723179220, 0.299264, 0.290788
680080625578, 0.299188, 0.290711
681438071936, 0.299124, 0.290643
682795518295, 0.299056, 0.290571
684152964653, 0.298982, 0.290500
685510411012, 0.298922, 0.290441
686867857370, 0.298852, 0.290375
688225303729, 0.298789, 0.290313
689582750087, 0.298727, 0.290250
690940196445, 0.298661, 0.290180
692297642804, 0.298584, 0.290111
693655089162, 0.298515, 0.290043
695012535521, 0.298450, 0.289981
696369981879, 0.298388, 0.289918
697727428238, 0.298328, 0.289856
699084874596, 0.298273, 0.289803
700442320955, 0.298202, 0.289737
701799767313, 0.298143, 0.289669
703157213671, 0.298087, 0.289615
704514660030, 0.298022, 0.289554
705872106388, 0.297963, 0.289496
707229552747, 0.297904, 0.289433
708586999105, 0.297829, 0.289358
709944445464, 0.297774, 0.289304
711301891822, 0.297710, 0.289236
712659338181, 0.297641, 0.289169
714016784539, 0.297576, 0.289100
715374230897, 0.297519, 0.289043
716731677256, 0.297466, 0.288989
718089123614, 0.297405, 0.288931
719446569973, 0.297353, 0.288877
720804016331, 0.297298, 0.288817
722161462690, 0.297229, 0.288746
723518909048, 0.297163, 0.288684
724876355406, 0.297106, 0.288629
726233801765, 0.297042, 0.288569
727591248123, 0.296984, 0.288509
728948694482, 0.296927, 0.288454
730306140840, 0.296858, 0.288386
731663587199, 0.296797, 0.288330
733021033557, 0.296732, 0.288263
734378479916, 0.296671, 0.288207
735735926274, 0.296618, 0.288160
737093372632, 0.296564, 0.288106
738450818991, 0.296508, 0.288045
739808265349, 0.296438, 0.287975
741165711708, 0.296382, 0.287917
742523158066, 0.296315, 0.287853
743880604425, 0.296266, 0.287803
745238050783, 0.296210, 0.287744
746595497142, 0.296153, 0.287687
747952943500, 0.296099, 0.287634
749310389858, 0.296034, 0.287568
750667836217, 0.295984, 0.287512
752025282575, 0.295928, 0.287457
753382728934, 0.295864, 0.287397
754740175292, 0.295804, 0.287338
756097621651, 0.295747, 0.287279
757455068009, 0.295703, 0.287230
758812514367, 0.295657, 0.287189
760169960726, 0.295603, 0.287135
761527407084, 0.295555, 0.287085
762884853443, 0.295489, 0.287023
764242299801, 0.295431, 0.286964
765599746160, 0.295368, 0.286900
766957192518, 0.295316, 0.286848
768314638877, 0.295273, 0.286805
769672085235, 0.295226, 0.286757
771029531593, 0.295171, 0.286700
772386977952, 0.295109, 0.286641
773744424310, 0.295057, 0.286595
775101870669, 0.294999, 0.286533
776459317027, 0.294950, 0.286486
777816763386, 0.294895, 0.286430
779174209744, 0.294848, 0.286382
780531656103, 0.294789, 0.286324
781889102461, 0.294735, 0.286268
783246548819, 0.294689, 0.286224
784603995178, 0.294633, 0.286167
785961441536, 0.294587, 0.286120
787318887895, 0.294539, 0.286074
788676334253, 0.294495, 0.286029
790033780612, 0.294440, 0.285970
791391226970, 0.294400, 0.285932
792748673328, 0.294361, 0.285892
794106119687, 0.294309, 0.285842
795463566045, 0.294255, 0.285784
796821012404, 0.294204, 0.285733
798178458762, 0.294160, 0.285691
799535905121, 0.294109, 0.285638
800893351479, 0.294057, 0.285588
802250797838, 0.294010, 0.285547
803608244196, 0.293970, 0.285507
804965690554, 0.293926, 0.285459
806323136913, 0.293881, 0.285413
807680583271, 0.293837, 0.285370
809038029630, 0.293796, 0.285329
810395475988, 0.293750, 0.285280
811752922347, 0.293705, 0.285237
813110368705, 0.293651, 0.285177
814467815064, 0.293606, 0.285134
815825261422, 0.293556, 0.285085
817182707780, 0.293511, 0.285038
818540154139, 0.293464, 0.284993
819897600497, 0.293421, 0.284950
821255046856, 0.293381, 0.284910
822612493214, 0.293333, 0.284858
823969939573, 0.293295, 0.284822
825327385931, 0.293252, 0.284778
826684832289, 0.293207, 0.284735
828042278648, 0.293173, 0.284696
829399725006, 0.293129, 0.284651
830757171365, 0.293088, 0.284613
832114617723, 0.293050, 0.284573
833472064082, 0.293000, 0.284518
834829510440, 0.292952, 0.284474
836186956799, 0.292908, 0.284429
837544403157, 0.292868, 0.284383
838901849515, 0.292818, 0.284334
840259295874, 0.292777, 0.284291
841616742232, 0.292736, 0.284246
842974188591, 0.292695, 0.284210
844331634949, 0.292657, 0.284167
845689081308, 0.292614, 0.284126
847046527666, 0.292568, 0.284074
848403974025, 0.292525, 0.284034
849761420383, 0.292498, 0.284002
851118866741, 0.292445, 0.283951
852476313100, 0.292404, 0.283909
853833759458, 0.292357, 0.283861
855191205817, 0.292310, 0.283812
856548652175, 0.292270, 0.283771
857906098534, 0.292233, 0.283732
859263544892, 0.292200, 0.283698
860620991250, 0.292165, 0.283668
861978437609, 0.292128, 0.283633
863335883967, 0.292092, 0.283601
864693330326, 0.292056, 0.283562
866050776684, 0.292024, 0.283532
867408223043, 0.291985, 0.283495
868765669401, 0.291944, 0.283458
870123115760, 0.291907, 0.283422
871480562118, 0.291868, 0.283386
872838008476, 0.291830, 0.283346
874195454835, 0.291785, 0.283303
875552901193, 0.291750, 0.283266
876910347552, 0.291714, 0.283229
878267793910, 0.291685, 0.283198
879625240269, 0.291655, 0.283168
880982686627, 0.291622, 0.283132
882340132986, 0.291578, 0.283093
883697579344, 0.291536, 0.283055
885055025702, 0.291504, 0.283024
886412472061, 0.291467, 0.282988
887769918419, 0.291432, 0.282954
889127364778, 0.291392, 0.282912
890484811136, 0.291359, 0.282879
891842257495, 0.291312, 0.282839
893199703853, 0.291279, 0.282805
894557150211, 0.291249, 0.282778
895914596570, 0.291219, 0.282745
897272042928, 0.291181, 0.282706
898629489287, 0.291149, 0.282672
899986935645, 0.291111, 0.282639
901344382004, 0.291082, 0.282609
902701828362, 0.291051, 0.282576
904059274721, 0.291017, 0.282544
905416721079, 0.290982, 0.282508
906774167437, 0.290951, 0.282477
908131613796, 0.290913, 0.282438
909489060154, 0.290877, 0.282406
910846506513, 0.290838, 0.282367
912203952871, 0.290805, 0.282334
913561399230, 0.290780, 0.282309
914918845588, 0.290754, 0.282283
916276291947, 0.290716, 0.282250
917633738305, 0.290685, 0.282218
918991184663, 0.290655, 0.282186
920348631022, 0.290627, 0.282162
921706077380, 0.290588, 0.282120
923063523739, 0.290559, 0.282088
924420970097, 0.290529, 0.282055
925778416456, 0.290503, 0.282033
927135862814, 0.290468, 0.282001
928493309172, 0.290439, 0.281973
929850755531, 0.290412, 0.281944
931208201889, 0.290382, 0.281915
932565648248, 0.290349, 0.281880
933923094606, 0.290313, 0.281841
935280540965, 0.290278, 0.281806
936637987323, 0.290243, 0.281773
937995433682, 0.290212, 0.281740
939352880040, 0.290175, 0.281702
940710326398, 0.290148, 0.281672
942067772757, 0.290113, 0.281643
943425219115, 0.290082, 0.281611
944782665474, 0.290054, 0.281585
946140111832, 0.290021, 0.281555
947497558191, 0.289992, 0.281530
948855004549, 0.289965, 0.281504
950212450908, 0.289932, 0.281471
951569897266, 0.289906, 0.281444
952927343624, 0.289877, 0.281412
954284789983, 0.289840, 0.281378
955642236341, 0.289810, 0.281352
956999682700, 0.289781, 0.281322
958357129058, 0.289753, 0.281293
959714575417, 0.289725, 0.281263
961072021775, 0.289700, 0.281238
962429468133, 0.289674, 0.281214
963786914492, 0.289648, 0.281189
965144360850, 0.289616, 0.281157
966501807209, 0.289589, 0.281130
967859253567, 0.289561, 0.281101
969216699926, 0.289534, 0.281073
970574146284, 0.289505, 0.281041
971931592643, 0.289481, 0.281018
973289039001, 0.289454, 0.280992
974646485359, 0.289429, 0.280965
976003931718, 0.289401, 0.280937
977361378076, 0.289368, 0.280907
978718824435, 0.289344, 0.280881
980076270793, 0.289317, 0.280858
981433717152, 0.289286, 0.280826
982791163510, 0.289259, 0.280800
984148609869, 0.289232, 0.280773
985506056227, 0.289210, 0.280754
986863502585, 0.289188, 0.280731
988220948944, 0.289164, 0.280709
989578395302, 0.289131, 0.280678
990935841661, 0.289103, 0.280659
992293288019, 0.289079, 0.280636
993650734378, 0.289051, 0.280611
995008180736, 0.289033, 0.280594
996365627094, 0.289001, 0.280563
997723073453, 0.288981, 0.280542
999080519811, 0.288957, 0.280516
1000437966170, 0.288936, 0.280496
1001795412528, 0.288911, 0.280469
1003152858887, 0.288882, 0.280442
1004510305245, 0.288849, 0.280411
1005867751604, 0.288825, 0.280389
1007225197962, 0.288806, 0.280368
1008582644320, 0.288788, 0.280351
1009940090679, 0.288764, 0.280327
1011297537037, 0.288740, 0.280305
1012654983396, 0.288715, 0.280283
1014012429754, 0.288695, 0.280257
1015369876113, 0.288671, 0.280236
1016727322471, 0.288646, 0.280209
1018084768830, 0.288620, 0.280182
1019442215188, 0.288592, 0.280157
1020799661546, 0.288571, 0.280136
1022157107905, 0.288548, 0.280113
1023514554263, 0.288527, 0.280092
1024872000622, 0.288508, 0.280071
1026229446980, 0.288493, 0.280054
1027586893339, 0.288467, 0.280028
1028944339697, 0.288450, 0.280009
1030301786055, 0.288427, 0.279986
1031659232414, 0.288403, 0.279961
1033016678772, 0.288375, 0.279935
1034374125131, 0.288347, 0.279913
1035731571489, 0.288327, 0.279894
1037089017848, 0.288307, 0.279878
1038446464206, 0.288287, 0.279858
1039803910565, 0.288268, 0.279836
1041161356923, 0.288245, 0.279814
1042518803281, 0.288217, 0.279791
1043876249640, 0.288191, 0.279767
1045233695998, 0.288173, 0.279750
1046591142357, 0.288151, 0.279725
1047948588715, 0.288129, 0.279701
1049306035074, 0.288109, 0.279684
1050663481432, 0.288090, 0.279663
1052020927791, 0.288071, 0.279641
1053378374149, 0.288052, 0.279622
1054735820507, 0.288031, 0.279606
1056093266866, 0.288013, 0.279589
1057450713224, 0.287992, 0.279566
1058808159583, 0.287973, 0.279547
1060165605941, 0.287956, 0.279527
1061523052300, 0.287936, 0.279509
1062880498658, 0.287923, 0.279495
1064237945016, 0.287899, 0.279474
1065595391375, 0.287880, 0.279457
1066952837733, 0.287857, 0.279435
1068310284092, 0.287832, 0.279411
1069667730450, 0.287811, 0.279390
1071025176809, 0.287793, 0.279369
1072382623167, 0.287778, 0.279354
1073740069526, 0.287764, 0.279338
1075097515884, 0.287746, 0.279318
1076454962242, 0.287729, 0.279300
1077812408601, 0.287707, 0.279281
1079169854959, 0.287686, 0.279260
1080527301318, 0.287670, 0.279244
1081884747676, 0.287655, 0.279228
1083242194035, 0.287638, 0.279213
1084599640393, 0.287620, 0.279196
1085957086752, 0.287601, 0.279179
1087314533110, 0.287583, 0.279162
1088671979468, 0.287570, 0.279149
1090029425827, 0.287554, 0.279130
1091386872185, 0.287535, 0.279112
1092744318544, 0.287521, 0.279097
1094101764902, 0.287504, 0.279079
1095459211261, 0.287484, 0.279062
1096816657619, 0.287470, 0.279048
1098174103977, 0.287455, 0.279036
1099531550336, 0.287441, 0.279023
1100888996694, 0.287428, 0.279011
1102246443053, 0.287409, 0.278997
1103603889411, 0.287389, 0.278978
1104961335770, 0.287364, 0.278957
1106318782128, 0.287345, 0.278941
1107676228487, 0.287329, 0.278924
1109033674845, 0.287314, 0.278909
1110391121203, 0.287305, 0.278899
1111748567562, 0.287284, 0.278880
1113106013920, 0.287268, 0.278865
1114463460279, 0.287253, 0.278848
1115820906637, 0.287242, 0.278841
1117178352996, 0.287226, 0.278824
1118535799354, 0.287208, 0.278807
1119893245713, 0.287190, 0.278788
1121250692071, 0.287173, 0.278768
1122608138429, 0.287156, 0.278754
1123965584788, 0.287138, 0.278738
1125323031146, 0.287126, 0.278725
1126680477505, 0.287108, 0.278706
1128037923863, 0.287091, 0.278689
1129395370222, 0.287073, 0.278670
1130752816580, 0.287056, 0.278654
1132110262938, 0.287040, 0.278642
1133467709297, 0.287026, 0.278630
1134825155655, 0.287010, 0.278616
1136182602014, 0.286998, 0.278605
1137540048372, 0.286983, 0.278590
1138897494731, 0.286973, 0.278580
1140254941089, 0.286963, 0.278570
1141612387448, 0.286952, 0.278558
1142969833806, 0.286935, 0.278540
1144327280164, 0.286922, 0.278529
1145684726523, 0.286910, 0.278517
1147042172881, 0.286901, 0.278510
1148399619240, 0.286885, 0.278496
1149757065598, 0.286869, 0.278480
1151114511957, 0.286858, 0.278468
1152471958315, 0.286846, 0.278456
1153829404674, 0.286839, 0.278446
1155186851032, 0.286824, 0.278433
1156544297390, 0.286819, 0.278425
1157901743749, 0.286807, 0.278412
1159259190107, 0.286796, 0.278402
1160616636466, 0.286785, 0.278390
1161974082824, 0.286771, 0.278375
1163331529183, 0.286766, 0.278369
1164688975541, 0.286755, 0.278358
1166046421899, 0.286745, 0.278349
1167403868258, 0.286734, 0.278339
1168761314616, 0.286725, 0.278330
1170118760975, 0.286716, 0.278320
1171476207333, 0.286703, 0.278308
1172833653692, 0.286693, 0.278298
1174191100050, 0.286678, 0.278286
1175548546409, 0.286666, 0.278274
1176905992767, 0.286657, 0.278263
1178263439125, 0.286649, 0.278256
1179620885484, 0.286643, 0.278247
1180978331842, 0.286635, 0.278239
1182335778201, 0.286625, 0.278230
1183693224559, 0.286616, 0.278222
1185050670918, 0.286605, 0.278210
1186408117276, 0.286597, 0.278202
1187765563635, 0.286591, 0.278195
1189123009993, 0.286586, 0.278189
1190480456351, 0.286576, 0.278180
1191837902710, 0.286569, 0.278172
1193195349068, 0.286558, 0.278162
1194552795427, 0.286548, 0.278153
1195910241785, 0.286538, 0.278145
1197267688144, 0.286531, 0.278139
1198625134502, 0.286515, 0.278125
1199982580860, 0.286503, 0.278113
1201340027219, 0.286491, 0.278102
1202697473577, 0.286480, 0.278090
1204054919936, 0.286472, 0.278084
1205412366294, 0.286467, 0.278079
1206769812653, 0.286458, 0.278071
1208127259011, 0.286447, 0.278058
1209484705370, 0.286436, 0.278048
1210842151728, 0.286429, 0.278042
1212199598086, 0.286419, 0.278032
1213557044445, 0.286408, 0.278020
1214914490803, 0.286399, 0.278012
1216271937162, 0.286391, 0.278006
1217629383520, 0.286379, 0.277996
1218986829879, 0.286374, 0.277991
1220344276237, 0.286368, 0.277986
1221701722596, 0.286362, 0.277979
1223059168954, 0.286351, 0.277970
1224416615312, 0.286345, 0.277962
1225774061671, 0.286337, 0.277953
1227131508029, 0.286332, 0.277949
1228488954388, 0.286325, 0.277943
1229846400746, 0.286320, 0.277939
1231203847105, 0.286313, 0.277930
1232561293463, 0.286302, 0.277919
1233918739821, 0.286294, 0.277912
1235276186180, 0.286287, 0.277906
1236633632538, 0.286281, 0.277898
1237991078897, 0.286276, 0.277891
1239348525255, 0.286270, 0.277884
1240705971614, 0.286264, 0.277878
1242063417972, 0.286256, 0.277870
1243420864331, 0.286248, 0.277863
1244778310689, 0.286243, 0.277858
1246135757047, 0.286234, 0.277849
1247493203406, 0.286229, 0.277845
1248850649764, 0.286224, 0.277841
1250208096123, 0.286220, 0.277836
1251565542481, 0.286210, 0.277828
1252922988840, 0.286200, 0.277818
1254280435198, 0.286197, 0.277815
1255637881557, 0.286186, 0.277805
1256995327915, 0.286183, 0.277802
1258352774273, 0.286174, 0.277794
1259710220632, 0.286169, 0.277789
1261067666990, 0.286161, 0.277781
1262425113349, 0.286155, 0.277776
1263782559707, 0.286150, 0.277772
1265140006066, 0.286149, 0.277769
1266497452424, 0.286141, 0.277762
1267854898782, 0.286137, 0.277758
1269212345141, 0.286133, 0.277754
1270569791499, 0.286127, 0.277748
1271927237858, 0.286121, 0.277742
1273284684216, 0.286116, 0.277737
1274642130575, 0.286110, 0.277732
1275999576933, 0.286104, 0.277726
1277357023292, 0.286095, 0.277719
1278714469650, 0.286089, 0.277715
1280071916008, 0.286083, 0.277709
1281429362367, 0.286078, 0.277704
1282786808725, 0.286073, 0.277701
1284144255084, 0.286070, 0.277699
1285501701442, 0.286066, 0.277695
1286859147801, 0.286062, 0.277692
1288216594159, 0.286058, 0.277688
1289574040518, 0.286055, 0.277683
1290931486876, 0.286051, 0.277679
1292288933234, 0.286049, 0.277675
1293646379593, 0.286046, 0.277672
1295003825951, 0.286042, 0.277668
1296361272310, 0.286036, 0.277664
1297718718668, 0.286034, 0.277662
1299076165027, 0.286031, 0.277660
1300433611385, 0.286027, 0.277658
1301791057743, 0.286020, 0.277650
1303148504102, 0.286017, 0.277647
1304505950460, 0.286016, 0.277646
1305863396819, 0.286012, 0.277642
1307220843177, 0.286008, 0.277639
1308578289536, 0.286005, 0.277636
1309935735894, 0.285999, 0.277633
1311293182253, 0.285995, 0.277629
1312650628611, 0.285995, 0.277629
1314008074969, 0.285993, 0.277627
1315365521328, 0.285989, 0.277625
1316722967686, 0.285989, 0.277625
1318080414045, 0.285986, 0.277623
1319437860403, 0.285985, 0.277620
1320795306762, 0.285984, 0.277619
1322152753120, 0.285981, 0.277617
1323510199479, 0.285979, 0.277615
1324867645837, 0.285978, 0.277614
1326225092195, 0.285975, 0.277612
1327582538554, 0.285973, 0.277609
1328939984912, 0.285971, 0.277608
1330297431271, 0.285971, 0.277607
1331654877629, 0.285969, 0.277606
1333012323988, 0.285968, 0.277603
1334369770346, 0.285967, 0.277603
1335727216704, 0.285967, 0.277603
1337084663063, 0.285966, 0.277602
1338442109421, 0.285965, 0.277600
1339799555780, 0.285963, 0.277598
1341157002138, 0.285962, 0.277597
1342514448497, 0.285961, 0.277597
1343871894855, 0.285960, 0.277596
1345229341214, 0.285960, 0.277595
1346586787572, 0.285959, 0.277594
1347944233930, 0.285959, 0.277594
1349301680289, 0.285959, 0.277594
1350659126647, 0.285958, 0.277593
1352016573006, 0.285958, 0.277593
1353374019364, 0.285956, 0.277593
1354731465723, 0.285956, 0.277592
1356088912081, 0.285956, 0.277592
1357446358440, 0.285956, 0.277592
Time used: 274458 ms
