logging to /data1/flows_res/2016020700-2016020800_unique/tenant_5_profile_res-FIX_RATE-FLOWS-0.01.csvtracefile: /data1/tenant_trace/2016020700-2016020800_unique/tenant_5_trace
open file /data1/tenant_trace/2016020700-2016020800_unique/tenant_5_trace
read 1000000 lines
read 2000000 lines
read 3000000 lines
read 4000000 lines
read 5000000 lines
read 6000000 lines
read 7000000 lines
read 8000000 lines
read 9000000 lines
read 10000000 lines
read 11000000 lines
read 12000000 lines
read 13000000 lines
read 14000000 lines
read 15000000 lines
read 16000000 lines
read 17000000 lines
read 18000000 lines
read 19000000 lines
read 20000000 lines
read 21000000 lines
read 22000000 lines
read 23000000 lines
read 24000000 lines
read 25000000 lines
read 26000000 lines
read 27000000 lines
read 28000000 lines
read 29000000 lines
read 30000000 lines
read 31000000 lines
read 32000000 lines
read 33000000 lines
read 34000000 lines
read 35000000 lines
read 36000000 lines
read 37000000 lines
read 38000000 lines
read 39000000 lines
read 40000000 lines
read 41000000 lines
read 42000000 lines
read 43000000 lines
read 44000000 lines
read 45000000 lines
read 46000000 lines
read 47000000 lines
read 48000000 lines
read 49000000 lines
read 50000000 lines
read 51000000 lines
read 52000000 lines
read 53000000 lines
read 54000000 lines
read 55000000 lines
read 56000000 lines
read 57000000 lines
read 58000000 lines
read 59000000 lines
read 60000000 lines
read 61000000 lines
read 62000000 lines
read 63000000 lines
read 64000000 lines
read 65000000 lines
read 66000000 lines
read 67000000 lines
read 68000000 lines
read 69000000 lines
read 70000000 lines
read 71000000 lines
read 72000000 lines
read 73000000 lines
read 74000000 lines
read 75000000 lines
read 76000000 lines
read 77000000 lines
read 78000000 lines
read 79000000 lines
read 80000000 lines
read 81000000 lines
read 82000000 lines
read 83000000 lines
read 84000000 lines
read 85000000 lines
read 86000000 lines
read 87000000 lines
read 88000000 lines
read 89000000 lines
read 90000000 lines
read 91000000 lines
read 92000000 lines
read 93000000 lines
read 94000000 lines
read 95000000 lines
read 96000000 lines
read 97000000 lines
read 98000000 lines
read 99000000 lines
read 100000000 lines
read 101000000 lines
read 102000000 lines
read 103000000 lines
read 104000000 lines
read 105000000 lines
read 106000000 lines
read 107000000 lines
read 108000000 lines
read 109000000 lines
read 110000000 lines
read 111000000 lines
read 112000000 lines
read 113000000 lines
read 114000000 lines
read 115000000 lines
read 116000000 lines
read 117000000 lines
read 118000000 lines
read 119000000 lines
read 120000000 lines
read 121000000 lines
read 122000000 lines
read 123000000 lines
read 124000000 lines
read 125000000 lines
read 126000000 lines
read 127000000 lines
read 128000000 lines
read 129000000 lines
read 130000000 lines
read 131000000 lines
read 132000000 lines
read 133000000 lines
read 134000000 lines
read 135000000 lines
read 136000000 lines
read 137000000 lines
read 138000000 lines
read 139000000 lines
read 140000000 lines
read 141000000 lines
read 142000000 lines
read 143000000 lines
read 144000000 lines
read 145000000 lines
read 146000000 lines
read 147000000 lines
read 148000000 lines
read 149000000 lines
read 150000000 lines
read 151000000 lines
read 152000000 lines
read 153000000 lines
read 154000000 lines
read 155000000 lines
read 156000000 lines
read 157000000 lines
read 158000000 lines
[FILE]: /data1/tenant_trace/2016020700-2016020800_unique/tenant_5_trace
total_access_num: 158614368
total_access_size: 6628698679819
unique_access_num: 43283885
unique_access_size: 1816739128920
min_item_size: 1
[method]: FLOWS
[metric]: MAE
[seed]: 42
[sample_method]: FIX_RATE
[sample_metric]: 0.01
MAEQ_factor: 1.329938
cache_size, BMRC_ratio, OMRC_ratio
18167391289, 0.693842, 0.694071
36334782578, 0.607793, 0.604954
54502173867, 0.552200, 0.548296
72669565156, 0.511966, 0.507979
90836956446, 0.481416, 0.477462
109004347735, 0.457374, 0.453473
127171739024, 0.437613, 0.434006
145339130313, 0.421142, 0.417672
163506521602, 0.407249, 0.404009
181673912892, 0.395445, 0.392331
199841304181, 0.385152, 0.382303
218008695470, 0.375817, 0.373257
236176086759, 0.367799, 0.365428
254343478048, 0.360537, 0.358423
272510869338, 0.354088, 0.352195
290678260627, 0.348209, 0.346491
308845651916, 0.343072, 0.341477
327013043205, 0.338337, 0.336929
345180434494, 0.334003, 0.332692
363347825784, 0.330123, 0.328862
381515217073, 0.326506, 0.325390
399682608362, 0.323039, 0.322000
417849999651, 0.319958, 0.318980
436017390940, 0.317051, 0.316261
454184782230, 0.314309, 0.313670
472352173519, 0.311895, 0.311274
490519564808, 0.309710, 0.309039
508686956097, 0.307617, 0.306946
526854347386, 0.305634, 0.304975
545021738676, 0.303727, 0.303142
563189129965, 0.302015, 0.301443
581356521254, 0.300380, 0.299878
599523912543, 0.298850, 0.298388
617691303832, 0.297476, 0.297016
635858695122, 0.296156, 0.295740
654026086411, 0.294903, 0.294507
672193477700, 0.293707, 0.293333
690360868989, 0.292598, 0.292218
708528260278, 0.291476, 0.291151
726695651568, 0.290508, 0.290179
744863042857, 0.289588, 0.289260
763030434146, 0.288727, 0.288367
781197825435, 0.287869, 0.287494
799365216724, 0.287106, 0.286751
817532608014, 0.286350, 0.285982
835699999303, 0.285645, 0.285278
853867390592, 0.284926, 0.284561
872034781881, 0.284325, 0.283960
890202173170, 0.283761, 0.283383
908369564460, 0.283195, 0.282818
926536955749, 0.282647, 0.282276
944704347038, 0.282141, 0.281766
962871738327, 0.281627, 0.281268
981039129616, 0.281145, 0.280797
999206520906, 0.280652, 0.280309
1017373912195, 0.280262, 0.279903
1035541303484, 0.279867, 0.279526
1053708694773, 0.279505, 0.279161
1071876086062, 0.279160, 0.278823
1090043477352, 0.278773, 0.278479
1108210868641, 0.278428, 0.278136
1126378259930, 0.278121, 0.277825
1144545651219, 0.277796, 0.277491
1162713042508, 0.277525, 0.277236
1180880433798, 0.277260, 0.276982
1199047825087, 0.277032, 0.276727
1217215216376, 0.276785, 0.276483
1235382607665, 0.276557, 0.276254
1253549998954, 0.276331, 0.276046
1271717390244, 0.276119, 0.275836
1289884781533, 0.275929, 0.275653
1308052172822, 0.275730, 0.275469
1326219564111, 0.275577, 0.275309
1344386955400, 0.275437, 0.275153
1362554346690, 0.275281, 0.274991
1380721737979, 0.275150, 0.274870
1398889129268, 0.275014, 0.274749
1417056520557, 0.274910, 0.274638
1435223911846, 0.274796, 0.274531
1453391303136, 0.274700, 0.274438
1471558694425, 0.274615, 0.274347
1489726085714, 0.274522, 0.274242
1507893477003, 0.274451, 0.274159
1526060868292, 0.274384, 0.274096
1544228259582, 0.274303, 0.274016
1562395650871, 0.274227, 0.273944
1580563042160, 0.274168, 0.273884
1598730433449, 0.274111, 0.273818
1616897824738, 0.274049, 0.273765
1635065216028, 0.274016, 0.273723
1653232607317, 0.273975, 0.273679
1671399998606, 0.273940, 0.273644
1689567389895, 0.273904, 0.273613
1707734781184, 0.273875, 0.273581
1725902172474, 0.273843, 0.273550
1744069563763, 0.273819, 0.273528
1762236955052, 0.273800, 0.273510
1780404346341, 0.273786, 0.273494
1798571737630, 0.273782, 0.273490
1816739128920, 0.273782, 0.273490
Time used: 141049 ms
