logging to /data1/flows_res/2016020700-2016020800_unique/tenant_4_profile_res-FIX_RATE-FLOWS-0.01.csvtracefile: /data1/tenant_trace/2016020700-2016020800_unique/tenant_4_trace
open file /data1/tenant_trace/2016020700-2016020800_unique/tenant_4_trace
read 1000000 lines
read 2000000 lines
read 3000000 lines
read 4000000 lines
read 5000000 lines
read 6000000 lines
read 7000000 lines
read 8000000 lines
read 9000000 lines
read 10000000 lines
read 11000000 lines
read 12000000 lines
read 13000000 lines
read 14000000 lines
read 15000000 lines
read 16000000 lines
read 17000000 lines
read 18000000 lines
read 19000000 lines
read 20000000 lines
read 21000000 lines
read 22000000 lines
read 23000000 lines
read 24000000 lines
read 25000000 lines
read 26000000 lines
read 27000000 lines
read 28000000 lines
read 29000000 lines
read 30000000 lines
read 31000000 lines
read 32000000 lines
read 33000000 lines
read 34000000 lines
read 35000000 lines
read 36000000 lines
read 37000000 lines
read 38000000 lines
read 39000000 lines
read 40000000 lines
read 41000000 lines
read 42000000 lines
read 43000000 lines
read 44000000 lines
read 45000000 lines
read 46000000 lines
read 47000000 lines
read 48000000 lines
read 49000000 lines
read 50000000 lines
read 51000000 lines
read 52000000 lines
read 53000000 lines
read 54000000 lines
read 55000000 lines
read 56000000 lines
read 57000000 lines
read 58000000 lines
read 59000000 lines
read 60000000 lines
read 61000000 lines
read 62000000 lines
read 63000000 lines
read 64000000 lines
read 65000000 lines
read 66000000 lines
read 67000000 lines
read 68000000 lines
read 69000000 lines
read 70000000 lines
read 71000000 lines
read 72000000 lines
read 73000000 lines
read 74000000 lines
read 75000000 lines
read 76000000 lines
read 77000000 lines
read 78000000 lines
read 79000000 lines
read 80000000 lines
read 81000000 lines
read 82000000 lines
read 83000000 lines
read 84000000 lines
read 85000000 lines
read 86000000 lines
read 87000000 lines
read 88000000 lines
read 89000000 lines
read 90000000 lines
read 91000000 lines
read 92000000 lines
read 93000000 lines
read 94000000 lines
read 95000000 lines
read 96000000 lines
read 97000000 lines
read 98000000 lines
read 99000000 lines
read 100000000 lines
read 101000000 lines
read 102000000 lines
read 103000000 lines
read 104000000 lines
read 105000000 lines
read 106000000 lines
read 107000000 lines
read 108000000 lines
read 109000000 lines
read 110000000 lines
read 111000000 lines
read 112000000 lines
read 113000000 lines
read 114000000 lines
read 115000000 lines
read 116000000 lines
read 117000000 lines
read 118000000 lines
read 119000000 lines
read 120000000 lines
read 121000000 lines
read 122000000 lines
read 123000000 lines
read 124000000 lines
read 125000000 lines
read 126000000 lines
read 127000000 lines
read 128000000 lines
read 129000000 lines
read 130000000 lines
read 131000000 lines
read 132000000 lines
read 133000000 lines
read 134000000 lines
read 135000000 lines
read 136000000 lines
read 137000000 lines
read 138000000 lines
read 139000000 lines
read 140000000 lines
read 141000000 lines
read 142000000 lines
read 143000000 lines
read 144000000 lines
read 145000000 lines
read 146000000 lines
read 147000000 lines
read 148000000 lines
read 149000000 lines
read 150000000 lines
read 151000000 lines
read 152000000 lines
read 153000000 lines
read 154000000 lines
read 155000000 lines
read 156000000 lines
read 157000000 lines
read 158000000 lines
read 159000000 lines
read 160000000 lines
read 161000000 lines
read 162000000 lines
read 163000000 lines
read 164000000 lines
read 165000000 lines
read 166000000 lines
read 167000000 lines
read 168000000 lines
read 169000000 lines
read 170000000 lines
read 171000000 lines
read 172000000 lines
read 173000000 lines
read 174000000 lines
read 175000000 lines
read 176000000 lines
read 177000000 lines
read 178000000 lines
read 179000000 lines
read 180000000 lines
read 181000000 lines
read 182000000 lines
read 183000000 lines
read 184000000 lines
read 185000000 lines
read 186000000 lines
read 187000000 lines
read 188000000 lines
read 189000000 lines
read 190000000 lines
read 191000000 lines
read 192000000 lines
read 193000000 lines
read 194000000 lines
read 195000000 lines
read 196000000 lines
read 197000000 lines
read 198000000 lines
read 199000000 lines
read 200000000 lines
read 201000000 lines
read 202000000 lines
read 203000000 lines
read 204000000 lines
read 205000000 lines
read 206000000 lines
read 207000000 lines
read 208000000 lines
read 209000000 lines
read 210000000 lines
read 211000000 lines
read 212000000 lines
read 213000000 lines
read 214000000 lines
read 215000000 lines
read 216000000 lines
read 217000000 lines
read 218000000 lines
read 219000000 lines
read 220000000 lines
read 221000000 lines
read 222000000 lines
read 223000000 lines
read 224000000 lines
read 225000000 lines
read 226000000 lines
read 227000000 lines
read 228000000 lines
read 229000000 lines
read 230000000 lines
read 231000000 lines
read 232000000 lines
read 233000000 lines
read 234000000 lines
read 235000000 lines
read 236000000 lines
read 237000000 lines
read 238000000 lines
read 239000000 lines
read 240000000 lines
read 241000000 lines
read 242000000 lines
read 243000000 lines
read 244000000 lines
read 245000000 lines
read 246000000 lines
read 247000000 lines
read 248000000 lines
read 249000000 lines
read 250000000 lines
read 251000000 lines
read 252000000 lines
read 253000000 lines
read 254000000 lines
read 255000000 lines
read 256000000 lines
read 257000000 lines
read 258000000 lines
read 259000000 lines
read 260000000 lines
read 261000000 lines
read 262000000 lines
read 263000000 lines
read 264000000 lines
read 265000000 lines
read 266000000 lines
read 267000000 lines
read 268000000 lines
read 269000000 lines
read 270000000 lines
read 271000000 lines
read 272000000 lines
read 273000000 lines
read 274000000 lines
read 275000000 lines
read 276000000 lines
read 277000000 lines
read 278000000 lines
read 279000000 lines
read 280000000 lines
read 281000000 lines
read 282000000 lines
read 283000000 lines
read 284000000 lines
read 285000000 lines
read 286000000 lines
read 287000000 lines
read 288000000 lines
read 289000000 lines
read 290000000 lines
read 291000000 lines
read 292000000 lines
read 293000000 lines
read 294000000 lines
read 295000000 lines
read 296000000 lines
read 297000000 lines
read 298000000 lines
read 299000000 lines
read 300000000 lines
read 301000000 lines
read 302000000 lines
read 303000000 lines
read 304000000 lines
read 305000000 lines
read 306000000 lines
read 307000000 lines
read 308000000 lines
read 309000000 lines
read 310000000 lines
read 311000000 lines
read 312000000 lines
read 313000000 lines
read 314000000 lines
read 315000000 lines
read 316000000 lines
read 317000000 lines
read 318000000 lines
read 319000000 lines
read 320000000 lines
read 321000000 lines
read 322000000 lines
read 323000000 lines
read 324000000 lines
read 325000000 lines
read 326000000 lines
read 327000000 lines
read 328000000 lines
read 329000000 lines
read 330000000 lines
read 331000000 lines
read 332000000 lines
read 333000000 lines
read 334000000 lines
read 335000000 lines
[FILE]: /data1/tenant_trace/2016020700-2016020800_unique/tenant_4_trace
total_access_num: 335053634
total_access_size: 4206847121326
unique_access_num: 93736365
unique_access_size: 1198406956081
min_item_size: 1
[method]: FLOWS
[metric]: MAE
[seed]: 42
[sample_method]: FIX_RATE
[sample_metric]: 0.01
MAEQ_factor: 1.324360
cache_size, BMRC_ratio, OMRC_ratio
11984069560, 0.655856, 0.659126
23968139121, 0.578453, 0.578788
35952208682, 0.531067, 0.529860
47936278243, 0.497773, 0.495509
59920347804, 0.472335, 0.469374
71904417364, 0.452307, 0.448834
83888486925, 0.436012, 0.432249
95872556486, 0.422423, 0.418331
107856626047, 0.410849, 0.406487
119840695608, 0.400838, 0.396273
131824765168, 0.392002, 0.387282
143808834729, 0.384235, 0.379449
155792904290, 0.377330, 0.372471
167776973851, 0.371160, 0.366240
179761043412, 0.365537, 0.360586
191745112972, 0.360528, 0.355495
203729182533, 0.355864, 0.350716
215713252094, 0.351679, 0.346500
227697321655, 0.347699, 0.342527
239681391216, 0.344104, 0.338961
251665460777, 0.340811, 0.335680
263649530337, 0.337699, 0.332610
275633599898, 0.334733, 0.329611
287617669459, 0.332000, 0.326859
299601739020, 0.329532, 0.324419
311585808581, 0.327183, 0.322038
323569878141, 0.324950, 0.319783
335553947702, 0.322836, 0.317674
347538017263, 0.320853, 0.315704
359522086824, 0.318987, 0.313874
371506156385, 0.317249, 0.312137
383490225945, 0.315603, 0.310516
395474295506, 0.314016, 0.308949
407458365067, 0.312566, 0.307494
419442434628, 0.311167, 0.306069
431426504189, 0.309855, 0.304736
443410573749, 0.308588, 0.303493
455394643310, 0.307392, 0.302303
467378712871, 0.306265, 0.301182
479362782432, 0.305185, 0.300100
491346851993, 0.304170, 0.299064
503330921554, 0.303169, 0.298085
515314991114, 0.302195, 0.297127
527299060675, 0.301286, 0.296233
539283130236, 0.300425, 0.295378
551267199797, 0.299563, 0.294517
563251269358, 0.298749, 0.293719
575235338918, 0.298004, 0.292991
587219408479, 0.297281, 0.292254
599203478040, 0.296591, 0.291578
611187547601, 0.295925, 0.290907
623171617162, 0.295285, 0.290275
635155686722, 0.294711, 0.289706
647139756283, 0.294154, 0.289169
659123825844, 0.293619, 0.288640
671107895405, 0.293098, 0.288133
683091964966, 0.292630, 0.287661
695076034526, 0.292167, 0.287199
707060104087, 0.291751, 0.286780
719044173648, 0.291354, 0.286387
731028243209, 0.290910, 0.285973
743012312770, 0.290532, 0.285615
754996382331, 0.290175, 0.285264
766980451891, 0.289814, 0.284925
778964521452, 0.289482, 0.284614
790948591013, 0.289130, 0.284273
802932660574, 0.288806, 0.283967
814916730135, 0.288516, 0.283696
826900799695, 0.288241, 0.283430
838884869256, 0.287991, 0.283193
850868938817, 0.287758, 0.282968
862853008378, 0.287527, 0.282740
874837077939, 0.287308, 0.282524
886821147499, 0.287113, 0.282318
898805217060, 0.286926, 0.282138
910789286621, 0.286740, 0.281955
922773356182, 0.286545, 0.281766
934757425743, 0.286396, 0.281612
946741495303, 0.286254, 0.281474
958725564864, 0.286098, 0.281326
970709634425, 0.285962, 0.281196
982693703986, 0.285834, 0.281058
994677773547, 0.285716, 0.280934
1006661843108, 0.285618, 0.280840
1018645912668, 0.285505, 0.280732
1030629982229, 0.285408, 0.280638
1042614051790, 0.285318, 0.280552
1054598121351, 0.285242, 0.280481
1066582190912, 0.285160, 0.280402
1078566260472, 0.285100, 0.280342
1090550330033, 0.285037, 0.280284
1102534399594, 0.284974, 0.280218
1114518469155, 0.284930, 0.280179
1126502538716, 0.284892, 0.280148
1138486608276, 0.284865, 0.280121
1150470677837, 0.284842, 0.280102
1162454747398, 0.284818, 0.280081
1174438816959, 0.284804, 0.280063
1186422886520, 0.284795, 0.280055
1198406956081, 0.284793, 0.280052
Time used: 291840 ms
