logging to /opt/flows_res_1000/2016020900-2016021000_unique/tenant_5_profile_res-FIX_RATE-FLOWS-0.01.csvtracefile: /data1/tenant_trace/2016020900-2016021000_unique/tenant_5_trace
open file /data1/tenant_trace/2016020900-2016021000_unique/tenant_5_trace
read 1000000 lines
read 2000000 lines
read 3000000 lines
read 4000000 lines
read 5000000 lines
read 6000000 lines
read 7000000 lines
read 8000000 lines
read 9000000 lines
read 10000000 lines
read 11000000 lines
read 12000000 lines
read 13000000 lines
read 14000000 lines
read 15000000 lines
read 16000000 lines
read 17000000 lines
read 18000000 lines
read 19000000 lines
read 20000000 lines
read 21000000 lines
read 22000000 lines
read 23000000 lines
read 24000000 lines
read 25000000 lines
read 26000000 lines
read 27000000 lines
read 28000000 lines
read 29000000 lines
read 30000000 lines
read 31000000 lines
read 32000000 lines
read 33000000 lines
read 34000000 lines
read 35000000 lines
read 36000000 lines
read 37000000 lines
read 38000000 lines
read 39000000 lines
read 40000000 lines
read 41000000 lines
read 42000000 lines
read 43000000 lines
read 44000000 lines
read 45000000 lines
read 46000000 lines
read 47000000 lines
read 48000000 lines
read 49000000 lines
read 50000000 lines
read 51000000 lines
read 52000000 lines
read 53000000 lines
read 54000000 lines
read 55000000 lines
read 56000000 lines
read 57000000 lines
read 58000000 lines
read 59000000 lines
read 60000000 lines
read 61000000 lines
read 62000000 lines
read 63000000 lines
read 64000000 lines
read 65000000 lines
read 66000000 lines
read 67000000 lines
read 68000000 lines
read 69000000 lines
read 70000000 lines
read 71000000 lines
read 72000000 lines
read 73000000 lines
read 74000000 lines
read 75000000 lines
read 76000000 lines
read 77000000 lines
read 78000000 lines
read 79000000 lines
read 80000000 lines
read 81000000 lines
read 82000000 lines
read 83000000 lines
read 84000000 lines
read 85000000 lines
read 86000000 lines
read 87000000 lines
read 88000000 lines
read 89000000 lines
read 90000000 lines
read 91000000 lines
read 92000000 lines
read 93000000 lines
read 94000000 lines
read 95000000 lines
read 96000000 lines
read 97000000 lines
read 98000000 lines
read 99000000 lines
read 100000000 lines
read 101000000 lines
read 102000000 lines
read 103000000 lines
read 104000000 lines
read 105000000 lines
read 106000000 lines
read 107000000 lines
read 108000000 lines
read 109000000 lines
read 110000000 lines
read 111000000 lines
read 112000000 lines
read 113000000 lines
read 114000000 lines
read 115000000 lines
read 116000000 lines
read 117000000 lines
read 118000000 lines
read 119000000 lines
read 120000000 lines
read 121000000 lines
read 122000000 lines
read 123000000 lines
read 124000000 lines
read 125000000 lines
read 126000000 lines
read 127000000 lines
read 128000000 lines
read 129000000 lines
read 130000000 lines
read 131000000 lines
read 132000000 lines
read 133000000 lines
read 134000000 lines
read 135000000 lines
read 136000000 lines
read 137000000 lines
read 138000000 lines
read 139000000 lines
read 140000000 lines
read 141000000 lines
read 142000000 lines
read 143000000 lines
read 144000000 lines
read 145000000 lines
read 146000000 lines
read 147000000 lines
read 148000000 lines
read 149000000 lines
read 150000000 lines
read 151000000 lines
read 152000000 lines
read 153000000 lines
read 154000000 lines
read 155000000 lines
read 156000000 lines
read 157000000 lines
read 158000000 lines
read 159000000 lines
read 160000000 lines
read 161000000 lines
read 162000000 lines
[FILE]: /data1/tenant_trace/2016020900-2016021000_unique/tenant_5_trace
total_access_num: 162230825
total_access_size: 7086477817146
unique_access_num: 48787933
unique_access_size: 2168550682824
min_item_size: 1
[method]: FLOWS
[metric]: MAE
[seed]: 42
[sample_method]: FIX_RATE
[sample_metric]: 0.01
MAEQ_factor: 1.028842
cache_size, BMRC_ratio, OMRC_ratio
2168550682, 0.890935, 0.891707
4337101365, 0.861664, 0.859113
6505652048, 0.839265, 0.834529
8674202731, 0.820175, 0.814066
10842753414, 0.803742, 0.796445
13011304096, 0.788978, 0.780709
15179854779, 0.775616, 0.766505
17348405462, 0.763295, 0.753428
19516956145, 0.751886, 0.741518
21685506828, 0.741417, 0.730566
23854057511, 0.731524, 0.720339
26022608193, 0.721971, 0.710475
28191158876, 0.713177, 0.701334
30359709559, 0.704938, 0.692718
32528260242, 0.697049, 0.684536
34696810925, 0.689532, 0.676776
36865361608, 0.682262, 0.669312
39033912290, 0.675425, 0.662284
41202462973, 0.668849, 0.655465
43371013656, 0.662598, 0.649060
45539564339, 0.656599, 0.642926
47708115022, 0.650791, 0.637039
49876665704, 0.645244, 0.631392
52045216387, 0.639682, 0.625774
54213767070, 0.634614, 0.620635
56382317753, 0.629536, 0.615575
58550868436, 0.624711, 0.610709
60719419119, 0.620006, 0.605974
62887969801, 0.615397, 0.601397
65056520484, 0.610940, 0.596974
67225071167, 0.606618, 0.592568
69393621850, 0.602365, 0.588309
71562172533, 0.598300, 0.584306
73730723216, 0.594403, 0.580420
75899273898, 0.590490, 0.576548
78067824581, 0.586784, 0.572891
80236375264, 0.583120, 0.569334
82404925947, 0.579500, 0.565700
84573476630, 0.576095, 0.562352
86742027312, 0.572748, 0.559000
88910577995, 0.569483, 0.555797
91079128678, 0.566196, 0.552590
93247679361, 0.563132, 0.549601
95416230044, 0.559979, 0.546382
97584780727, 0.556865, 0.543338
99753331409, 0.553971, 0.540472
101921882092, 0.551055, 0.537615
104090432775, 0.548191, 0.534823
106258983458, 0.545449, 0.532179
108427534141, 0.542760, 0.529552
110596084824, 0.540055, 0.526899
112764635506, 0.537447, 0.524380
114933186189, 0.534818, 0.521893
117101736872, 0.532421, 0.519524
119270287555, 0.529978, 0.517085
121438838238, 0.527550, 0.514667
123607388920, 0.525233, 0.512396
125775939603, 0.522986, 0.510180
127944490286, 0.520725, 0.507902
130113040969, 0.518549, 0.505820
132281591652, 0.516275, 0.503696
134450142335, 0.514067, 0.501614
136618693017, 0.511961, 0.499592
138787243700, 0.509928, 0.497651
140955794383, 0.507803, 0.495643
143124345066, 0.505708, 0.493603
145292895749, 0.503782, 0.491757
147461446432, 0.501842, 0.489888
149629997114, 0.499933, 0.488042
151798547797, 0.498047, 0.486266
153967098480, 0.496177, 0.484449
156135649163, 0.494368, 0.482739
158304199846, 0.492626, 0.481005
160472750528, 0.490976, 0.479381
162641301211, 0.489275, 0.477735
164809851894, 0.487582, 0.476106
166978402577, 0.485931, 0.474486
169146953260, 0.484359, 0.472974
171315503943, 0.482771, 0.471459
173484054625, 0.481202, 0.469966
175652605308, 0.479656, 0.468479
177821155991, 0.478193, 0.467039
179989706674, 0.476680, 0.465629
182158257357, 0.475195, 0.464208
184326808040, 0.473714, 0.462771
186495358722, 0.472182, 0.461266
188663909405, 0.470737, 0.459885
190832460088, 0.469376, 0.458550
193001010771, 0.467876, 0.457136
195169561454, 0.466493, 0.455794
197338112136, 0.465182, 0.454456
199506662819, 0.463914, 0.453243
201675213502, 0.462545, 0.451970
203843764185, 0.461278, 0.450712
206012314868, 0.460084, 0.449551
208180865551, 0.458851, 0.448361
210349416233, 0.457573, 0.447142
212517966916, 0.456342, 0.445944
214686517599, 0.455108, 0.444708
216855068282, 0.453914, 0.443543
219023618965, 0.452729, 0.442398
221192169648, 0.451504, 0.441253
223360720330, 0.450360, 0.440158
225529271013, 0.449186, 0.439018
227697821696, 0.448104, 0.438007
229866372379, 0.446933, 0.436900
232034923062, 0.445827, 0.435852
234203473744, 0.444730, 0.434795
236372024427, 0.443724, 0.433807
238540575110, 0.442639, 0.432772
240709125793, 0.441575, 0.431769
242877676476, 0.440517, 0.430748
245046227159, 0.439432, 0.429704
247214777841, 0.438411, 0.428725
249383328524, 0.437410, 0.427747
251551879207, 0.436410, 0.426761
253720429890, 0.435471, 0.425846
255888980573, 0.434506, 0.424919
258057531256, 0.433519, 0.423964
260226081938, 0.432530, 0.423055
262394632621, 0.431592, 0.422120
264563183304, 0.430660, 0.421212
266731733987, 0.429748, 0.420343
268900284670, 0.428862, 0.419483
271068835353, 0.427974, 0.418602
273237386035, 0.427135, 0.417779
275405936718, 0.426269, 0.416923
277574487401, 0.425423, 0.416106
279743038084, 0.424565, 0.415268
281911588767, 0.423668, 0.414460
284080139449, 0.422816, 0.413619
286248690132, 0.422017, 0.412813
288417240815, 0.421185, 0.412008
290585791498, 0.420407, 0.411241
292754342181, 0.419608, 0.410478
294922892864, 0.418852, 0.409778
297091443546, 0.417984, 0.408983
299259994229, 0.417192, 0.408248
301428544912, 0.416429, 0.407530
303597095595, 0.415666, 0.406814
305765646278, 0.414914, 0.406093
307934196961, 0.414133, 0.405330
310102747643, 0.413396, 0.404651
312271298326, 0.412705, 0.403957
314439849009, 0.412048, 0.403325
316608399692, 0.411316, 0.402621
318776950375, 0.410585, 0.401916
320945501057, 0.409855, 0.401231
323114051740, 0.409127, 0.400534
325282602423, 0.408436, 0.399883
327451153106, 0.407751, 0.399207
329619703789, 0.407056, 0.398528
331788254472, 0.406380, 0.397868
333956805154, 0.405700, 0.397203
336125355837, 0.405003, 0.396544
338293906520, 0.404302, 0.395925
340462457203, 0.403663, 0.395317
342631007886, 0.402983, 0.394686
344799558569, 0.402335, 0.394083
346968109251, 0.401715, 0.393473
349136659934, 0.401094, 0.392901
351305210617, 0.400460, 0.392315
353473761300, 0.399838, 0.391702
355642311983, 0.399247, 0.391128
357810862665, 0.398644, 0.390593
359979413348, 0.398061, 0.390023
362147964031, 0.397492, 0.389483
364316514714, 0.396883, 0.388908
366485065397, 0.396321, 0.388375
368653616080, 0.395715, 0.387752
370822166762, 0.395195, 0.387241
372990717445, 0.394672, 0.386743
375159268128, 0.394074, 0.386177
377327818811, 0.393517, 0.385636
379496369494, 0.392966, 0.385114
381664920177, 0.392367, 0.384552
383833470859, 0.391797, 0.384002
386002021542, 0.391238, 0.383477
388170572225, 0.390668, 0.382931
390339122908, 0.390148, 0.382407
392507673591, 0.389646, 0.381903
394676224273, 0.389114, 0.381405
396844774956, 0.388626, 0.380925
399013325639, 0.388127, 0.380433
401181876322, 0.387620, 0.379930
403350427005, 0.387119, 0.379445
405518977688, 0.386624, 0.378970
407687528370, 0.386105, 0.378477
409856079053, 0.385563, 0.378006
412024629736, 0.385107, 0.377546
414193180419, 0.384664, 0.377133
416361731102, 0.384191, 0.376679
418530281785, 0.383698, 0.376232
420698832467, 0.383239, 0.375787
422867383150, 0.382778, 0.375355
425035933833, 0.382295, 0.374891
427204484516, 0.381789, 0.374441
429373035199, 0.381291, 0.373977
431541585881, 0.380841, 0.373549
433710136564, 0.380421, 0.373144
435878687247, 0.379956, 0.372683
438047237930, 0.379507, 0.372266
440215788613, 0.379046, 0.371822
442384339296, 0.378610, 0.371403
444552889978, 0.378145, 0.370964
446721440661, 0.377727, 0.370573
448889991344, 0.377307, 0.370163
451058542027, 0.376893, 0.369745
453227092710, 0.376504, 0.369353
455395643393, 0.376083, 0.368951
457564194075, 0.375684, 0.368575
459732744758, 0.375245, 0.368156
461901295441, 0.374817, 0.367776
464069846124, 0.374407, 0.367373
466238396807, 0.373989, 0.366992
468406947489, 0.373588, 0.366609
470575498172, 0.373187, 0.366244
472744048855, 0.372780, 0.365849
474912599538, 0.372408, 0.365479
477081150221, 0.371971, 0.365072
479249700904, 0.371535, 0.364689
481418251586, 0.371120, 0.364295
483586802269, 0.370760, 0.363948
485755352952, 0.370349, 0.363547
487923903635, 0.369964, 0.363162
490092454318, 0.369582, 0.362789
492261005001, 0.369230, 0.362432
494429555683, 0.368840, 0.362058
496598106366, 0.368458, 0.361707
498766657049, 0.368086, 0.361364
500935207732, 0.367734, 0.361025
503103758415, 0.367416, 0.360733
505272309097, 0.367063, 0.360382
507440859780, 0.366745, 0.360073
509609410463, 0.366362, 0.359715
511777961146, 0.366030, 0.359392
513946511829, 0.365660, 0.359053
516115062512, 0.365312, 0.358736
518283613194, 0.364992, 0.358425
520452163877, 0.364620, 0.358069
522620714560, 0.364266, 0.357759
524789265243, 0.363942, 0.357449
526957815926, 0.363597, 0.357106
529126366609, 0.363249, 0.356768
531294917291, 0.362921, 0.356475
533463467974, 0.362591, 0.356158
535632018657, 0.362255, 0.355815
537800569340, 0.361924, 0.355479
539969120023, 0.361624, 0.355199
542137670706, 0.361332, 0.354931
544306221388, 0.360992, 0.354598
546474772071, 0.360652, 0.354290
548643322754, 0.360381, 0.354014
550811873437, 0.360052, 0.353699
552980424120, 0.359752, 0.353405
555148974802, 0.359429, 0.353104
557317525485, 0.359115, 0.352808
559486076168, 0.358784, 0.352487
561654626851, 0.358490, 0.352203
563823177534, 0.358188, 0.351902
565991728217, 0.357895, 0.351631
568160278899, 0.357591, 0.351334
570328829582, 0.357310, 0.351042
572497380265, 0.356990, 0.350752
574665930948, 0.356687, 0.350478
576834481631, 0.356389, 0.350200
579003032314, 0.356088, 0.349908
581171582996, 0.355783, 0.349606
583340133679, 0.355477, 0.349306
585508684362, 0.355184, 0.349021
587677235045, 0.354890, 0.348749
589845785728, 0.354618, 0.348484
592014336410, 0.354338, 0.348235
594182887093, 0.354066, 0.347972
596351437776, 0.353794, 0.347722
598519988459, 0.353504, 0.347438
600688539142, 0.353224, 0.347186
602857089825, 0.352945, 0.346918
605025640507, 0.352702, 0.346678
607194191190, 0.352469, 0.346435
609362741873, 0.352208, 0.346180
611531292556, 0.351946, 0.345933
613699843239, 0.351733, 0.345723
615868393922, 0.351493, 0.345505
618036944604, 0.351240, 0.345248
620205495287, 0.350973, 0.345010
622374045970, 0.350703, 0.344759
624542596653, 0.350463, 0.344540
626711147336, 0.350227, 0.344302
628879698018, 0.349980, 0.344055
631048248701, 0.349743, 0.343831
633216799384, 0.349504, 0.343597
635385350067, 0.349266, 0.343372
637553900750, 0.349023, 0.343143
639722451433, 0.348791, 0.342916
641891002115, 0.348580, 0.342696
644059552798, 0.348370, 0.342512
646228103481, 0.348141, 0.342273
648396654164, 0.347904, 0.342058
650565204847, 0.347662, 0.341817
652733755530, 0.347427, 0.341576
654902306212, 0.347223, 0.341385
657070856895, 0.347012, 0.341172
659239407578, 0.346780, 0.340946
661407958261, 0.346552, 0.340722
663576508944, 0.346334, 0.340507
665745059626, 0.346128, 0.340316
667913610309, 0.345896, 0.340098
670082160992, 0.345683, 0.339882
672250711675, 0.345455, 0.339646
674419262358, 0.345228, 0.339455
676587813041, 0.345053, 0.339276
678756363723, 0.344841, 0.339069
680924914406, 0.344630, 0.338879
683093465089, 0.344432, 0.338695
685262015772, 0.344237, 0.338486
687430566455, 0.344039, 0.338298
689599117138, 0.343846, 0.338115
691767667820, 0.343662, 0.337916
693936218503, 0.343446, 0.337713
696104769186, 0.343259, 0.337524
698273319869, 0.343072, 0.337339
700441870552, 0.342855, 0.337147
702610421234, 0.342657, 0.336951
704778971917, 0.342461, 0.336762
706947522600, 0.342267, 0.336592
709116073283, 0.342056, 0.336401
711284623966, 0.341840, 0.336202
713453174649, 0.341632, 0.336018
715621725331, 0.341475, 0.335850
717790276014, 0.341283, 0.335655
719958826697, 0.341094, 0.335462
722127377380, 0.340913, 0.335291
724295928063, 0.340729, 0.335127
726464478746, 0.340544, 0.334920
728633029428, 0.340384, 0.334765
730801580111, 0.340188, 0.334580
732970130794, 0.339981, 0.334391
735138681477, 0.339744, 0.334183
737307232160, 0.339577, 0.334028
739475782842, 0.339379, 0.333828
741644333525, 0.339216, 0.333651
743812884208, 0.339028, 0.333464
745981434891, 0.338858, 0.333305
748149985574, 0.338675, 0.333132
750318536257, 0.338512, 0.332975
752487086939, 0.338352, 0.332825
754655637622, 0.338178, 0.332646
756824188305, 0.338028, 0.332494
758992738988, 0.337880, 0.332350
761161289671, 0.337704, 0.332175
763329840354, 0.337556, 0.332020
765498391036, 0.337404, 0.331860
767666941719, 0.337229, 0.331677
769835492402, 0.337076, 0.331525
772004043085, 0.336905, 0.331362
774172593768, 0.336746, 0.331194
776341144450, 0.336580, 0.331018
778509695133, 0.336405, 0.330852
780678245816, 0.336243, 0.330708
782846796499, 0.336090, 0.330565
785015347182, 0.335962, 0.330421
787183897865, 0.335816, 0.330286
789352448547, 0.335672, 0.330130
791520999230, 0.335524, 0.329995
793689549913, 0.335371, 0.329834
795858100596, 0.335219, 0.329704
798026651279, 0.335051, 0.329537
800195201962, 0.334875, 0.329365
802363752644, 0.334712, 0.329205
804532303327, 0.334544, 0.329055
806700854010, 0.334391, 0.328903
808869404693, 0.334224, 0.328748
811037955376, 0.334085, 0.328610
813206506059, 0.333932, 0.328452
815375056741, 0.333789, 0.328311
817543607424, 0.333641, 0.328160
819712158107, 0.333483, 0.328025
821880708790, 0.333349, 0.327901
824049259473, 0.333210, 0.327772
826217810155, 0.333063, 0.327637
828386360838, 0.332944, 0.327499
830554911521, 0.332792, 0.327346
832723462204, 0.332641, 0.327198
834892012887, 0.332515, 0.327077
837060563570, 0.332350, 0.326935
839229114252, 0.332220, 0.326800
841397664935, 0.332062, 0.326636
843566215618, 0.331941, 0.326514
845734766301, 0.331806, 0.326379
847903316984, 0.331685, 0.326265
850071867667, 0.331549, 0.326107
852240418349, 0.331422, 0.325979
854408969032, 0.331275, 0.325830
856577519715, 0.331147, 0.325700
858746070398, 0.331026, 0.325573
860914621081, 0.330886, 0.325425
863083171763, 0.330756, 0.325282
865251722446, 0.330618, 0.325135
867420273129, 0.330469, 0.324973
869588823812, 0.330327, 0.324837
871757374495, 0.330215, 0.324729
873925925178, 0.330081, 0.324581
876094475860, 0.329972, 0.324467
878263026543, 0.329850, 0.324343
880431577226, 0.329701, 0.324212
882600127909, 0.329567, 0.324085
884768678592, 0.329441, 0.323954
886937229275, 0.329326, 0.323846
889105779957, 0.329198, 0.323715
891274330640, 0.329076, 0.323586
893442881323, 0.328921, 0.323438
895611432006, 0.328805, 0.323318
897779982689, 0.328686, 0.323199
899948533371, 0.328556, 0.323083
902117084054, 0.328454, 0.322989
904285634737, 0.328331, 0.322870
906454185420, 0.328207, 0.322743
908622736103, 0.328095, 0.322640
910791286786, 0.327986, 0.322519
912959837468, 0.327864, 0.322407
915128388151, 0.327772, 0.322302
917296938834, 0.327669, 0.322193
919465489517, 0.327567, 0.322100
921634040200, 0.327458, 0.322000
923802590883, 0.327361, 0.321907
925971141565, 0.327255, 0.321798
928139692248, 0.327164, 0.321702
930308242931, 0.327057, 0.321611
932476793614, 0.326942, 0.321505
934645344297, 0.326824, 0.321404
936813894979, 0.326707, 0.321287
938982445662, 0.326615, 0.321188
941150996345, 0.326501, 0.321072
943319547028, 0.326394, 0.320974
945488097711, 0.326291, 0.320858
947656648394, 0.326178, 0.320744
949825199076, 0.326060, 0.320637
951993749759, 0.325946, 0.320510
954162300442, 0.325842, 0.320415
956330851125, 0.325757, 0.320332
958499401808, 0.325653, 0.320228
960667952491, 0.325544, 0.320120
962836503173, 0.325456, 0.320022
965005053856, 0.325345, 0.319907
967173604539, 0.325241, 0.319805
969342155222, 0.325143, 0.319704
971510705905, 0.325043, 0.319595
973679256587, 0.324950, 0.319516
975847807270, 0.324859, 0.319431
978016357953, 0.324757, 0.319335
980184908636, 0.324657, 0.319249
982353459319, 0.324573, 0.319160
984522010002, 0.324487, 0.319082
986690560684, 0.324393, 0.318997
988859111367, 0.324300, 0.318916
991027662050, 0.324190, 0.318805
993196212733, 0.324086, 0.318711
995364763416, 0.323991, 0.318613
997533314099, 0.323903, 0.318505
999701864781, 0.323808, 0.318414
1001870415464, 0.323726, 0.318334
1004038966147, 0.323622, 0.318224
1006207516830, 0.323524, 0.318131
1008376067513, 0.323419, 0.318039
1010544618195, 0.323323, 0.317945
1012713168878, 0.323235, 0.317866
1014881719561, 0.323154, 0.317778
1017050270244, 0.323057, 0.317689
1019218820927, 0.322970, 0.317592
1021387371610, 0.322877, 0.317502
1023555922292, 0.322775, 0.317408
1025724472975, 0.322661, 0.317292
1027893023658, 0.322553, 0.317192
1030061574341, 0.322474, 0.317112
1032230125024, 0.322391, 0.317025
1034398675707, 0.322278, 0.316924
1036567226389, 0.322186, 0.316831
1038735777072, 0.322086, 0.316745
1040904327755, 0.321989, 0.316644
1043072878438, 0.321896, 0.316564
1045241429121, 0.321804, 0.316466
1047409979803, 0.321725, 0.316390
1049578530486, 0.321608, 0.316277
1051747081169, 0.321538, 0.316205
1053915631852, 0.321443, 0.316121
1056084182535, 0.321353, 0.316037
1058252733218, 0.321247, 0.315940
1060421283900, 0.321161, 0.315861
1062589834583, 0.321075, 0.315772
1064758385266, 0.320993, 0.315700
1066926935949, 0.320907, 0.315611
1069095486632, 0.320813, 0.315525
1071264037315, 0.320728, 0.315435
1073432587997, 0.320679, 0.315383
1075601138680, 0.320599, 0.315308
1077769689363, 0.320505, 0.315214
1079938240046, 0.320436, 0.315140
1082106790729, 0.320348, 0.315052
1084275341412, 0.320265, 0.314978
1086443892094, 0.320191, 0.314904
1088612442777, 0.320116, 0.314830
1090780993460, 0.320028, 0.314748
1092949544143, 0.319950, 0.314674
1095118094826, 0.319867, 0.314600
1097286645508, 0.319761, 0.314495
1099455196191, 0.319672, 0.314398
1101623746874, 0.319605, 0.314336
1103792297557, 0.319527, 0.314251
1105960848240, 0.319453, 0.314177
1108129398923, 0.319355, 0.314091
1110297949605, 0.319261, 0.314007
1112466500288, 0.319192, 0.313933
1114635050971, 0.319115, 0.313852
1116803601654, 0.319046, 0.313785
1118972152337, 0.318995, 0.313746
1121140703020, 0.318923, 0.313673
1123309253702, 0.318850, 0.313605
1125477804385, 0.318772, 0.313542
1127646355068, 0.318691, 0.313468
1129814905751, 0.318614, 0.313388
1131983456434, 0.318545, 0.313319
1134152007116, 0.318470, 0.313238
1136320557799, 0.318393, 0.313158
1138489108482, 0.318324, 0.313095
1140657659165, 0.318270, 0.313037
1142826209848, 0.318188, 0.312953
1144994760531, 0.318121, 0.312880
1147163311213, 0.318040, 0.312800
1149331861896, 0.317978, 0.312738
1151500412579, 0.317902, 0.312661
1153668963262, 0.317845, 0.312598
1155837513945, 0.317776, 0.312526
1158006064628, 0.317716, 0.312465
1160174615310, 0.317647, 0.312389
1162343165993, 0.317570, 0.312309
1164511716676, 0.317490, 0.312232
1166680267359, 0.317431, 0.312164
1168848818042, 0.317352, 0.312091
1171017368724, 0.317298, 0.312037
1173185919407, 0.317243, 0.311978
1175354470090, 0.317168, 0.311912
1177523020773, 0.317116, 0.311856
1179691571456, 0.317049, 0.311784
1181860122139, 0.316987, 0.311718
1184028672821, 0.316917, 0.311655
1186197223504, 0.316855, 0.311593
1188365774187, 0.316790, 0.311523
1190534324870, 0.316730, 0.311453
1192702875553, 0.316690, 0.311407
1194871426236, 0.316628, 0.311337
1197039976918, 0.316559, 0.311273
1199208527601, 0.316502, 0.311231
1201377078284, 0.316443, 0.311175
1203545628967, 0.316386, 0.311117
1205714179650, 0.316321, 0.311059
1207882730332, 0.316251, 0.310999
1210051281015, 0.316193, 0.310948
1212219831698, 0.316130, 0.310879
1214388382381, 0.316075, 0.310826
1216556933064, 0.316031, 0.310782
1218725483747, 0.315970, 0.310720
1220894034429, 0.315911, 0.310666
1223062585112, 0.315866, 0.310624
1225231135795, 0.315819, 0.310572
1227399686478, 0.315759, 0.310521
1229568237161, 0.315708, 0.310472
1231736787844, 0.315650, 0.310418
1233905338526, 0.315587, 0.310361
1236073889209, 0.315537, 0.310316
1238242439892, 0.315477, 0.310258
1240410990575, 0.315419, 0.310201
1242579541258, 0.315358, 0.310142
1244748091940, 0.315299, 0.310079
1246916642623, 0.315241, 0.310024
1249085193306, 0.315194, 0.309976
1251253743989, 0.315129, 0.309914
1253422294672, 0.315074, 0.309858
1255590845355, 0.315011, 0.309801
1257759396037, 0.314956, 0.309744
1259927946720, 0.314913, 0.309704
1262096497403, 0.314862, 0.309651
1264265048086, 0.314808, 0.309601
1266433598769, 0.314752, 0.309540
1268602149452, 0.314696, 0.309489
1270770700134, 0.314643, 0.309441
1272939250817, 0.314597, 0.309390
1275107801500, 0.314535, 0.309327
1277276352183, 0.314486, 0.309289
1279444902866, 0.314426, 0.309231
1281613453548, 0.314380, 0.309182
1283782004231, 0.314336, 0.309143
1285950554914, 0.314289, 0.309094
1288119105597, 0.314249, 0.309050
1290287656280, 0.314187, 0.308980
1292456206963, 0.314145, 0.308940
1294624757645, 0.314103, 0.308903
1296793308328, 0.314063, 0.308860
1298961859011, 0.314014, 0.308811
1301130409694, 0.313969, 0.308769
1303298960377, 0.313917, 0.308710
1305467511060, 0.313876, 0.308671
1307636061742, 0.313833, 0.308629
1309804612425, 0.313789, 0.308584
1311973163108, 0.313741, 0.308533
1314141713791, 0.313695, 0.308480
1316310264474, 0.313655, 0.308441
1318478815156, 0.313605, 0.308384
1320647365839, 0.313564, 0.308347
1322815916522, 0.313516, 0.308294
1324984467205, 0.313471, 0.308250
1327153017888, 0.313422, 0.308203
1329321568571, 0.313367, 0.308152
1331490119253, 0.313319, 0.308104
1333658669936, 0.313263, 0.308045
1335827220619, 0.313212, 0.308001
1337995771302, 0.313162, 0.307954
1340164321985, 0.313117, 0.307907
1342332872668, 0.313078, 0.307868
1344501423350, 0.313027, 0.307817
1346669974033, 0.312989, 0.307782
1348838524716, 0.312943, 0.307742
1351007075399, 0.312903, 0.307702
1353175626082, 0.312857, 0.307662
1355344176765, 0.312806, 0.307618
1357512727447, 0.312762, 0.307572
1359681278130, 0.312731, 0.307540
1361849828813, 0.312677, 0.307485
1364018379496, 0.312639, 0.307445
1366186930179, 0.312593, 0.307403
1368355480861, 0.312549, 0.307361
1370524031544, 0.312505, 0.307314
1372692582227, 0.312462, 0.307283
1374861132910, 0.312418, 0.307244
1377029683593, 0.312381, 0.307202
1379198234276, 0.312348, 0.307172
1381366784958, 0.312294, 0.307122
1383535335641, 0.312253, 0.307080
1385703886324, 0.312209, 0.307040
1387872437007, 0.312170, 0.307003
1390040987690, 0.312125, 0.306965
1392209538373, 0.312085, 0.306922
1394378089055, 0.312057, 0.306891
1396546639738, 0.312023, 0.306857
1398715190421, 0.311977, 0.306815
1400883741104, 0.311934, 0.306768
1403052291787, 0.311900, 0.306739
1405220842469, 0.311858, 0.306705
1407389393152, 0.311816, 0.306664
1409557943835, 0.311777, 0.306622
1411726494518, 0.311742, 0.306587
1413895045201, 0.311708, 0.306550
1416063595884, 0.311667, 0.306511
1418232146566, 0.311629, 0.306474
1420400697249, 0.311590, 0.306439
1422569247932, 0.311554, 0.306398
1424737798615, 0.311514, 0.306356
1426906349298, 0.311470, 0.306319
1429074899981, 0.311427, 0.306277
1431243450663, 0.311394, 0.306246
1433412001346, 0.311357, 0.306218
1435580552029, 0.311306, 0.306166
1437749102712, 0.311274, 0.306127
1439917653395, 0.311242, 0.306093
1442086204077, 0.311204, 0.306060
1444254754760, 0.311163, 0.306029
1446423305443, 0.311123, 0.305985
1448591856126, 0.311092, 0.305957
1450760406809, 0.311060, 0.305916
1452928957492, 0.311023, 0.305878
1455097508174, 0.310992, 0.305849
1457266058857, 0.310958, 0.305812
1459434609540, 0.310926, 0.305780
1461603160223, 0.310889, 0.305757
1463771710906, 0.310859, 0.305727
1465940261589, 0.310823, 0.305687
1468108812271, 0.310780, 0.305650
1470277362954, 0.310751, 0.305619
1472445913637, 0.310714, 0.305591
1474614464320, 0.310680, 0.305557
1476783015003, 0.310653, 0.305529
1478951565685, 0.310621, 0.305493
1481120116368, 0.310584, 0.305461
1483288667051, 0.310551, 0.305425
1485457217734, 0.310512, 0.305392
1487625768417, 0.310471, 0.305358
1489794319100, 0.310436, 0.305319
1491962869782, 0.310392, 0.305287
1494131420465, 0.310352, 0.305258
1496299971148, 0.310321, 0.305229
1498468521831, 0.310293, 0.305196
1500637072514, 0.310271, 0.305173
1502805623197, 0.310234, 0.305139
1504974173879, 0.310202, 0.305115
1507142724562, 0.310177, 0.305090
1509311275245, 0.310148, 0.305065
1511479825928, 0.310111, 0.305030
1513648376611, 0.310080, 0.304991
1515816927293, 0.310059, 0.304968
1517985477976, 0.310021, 0.304940
1520154028659, 0.309995, 0.304911
1522322579342, 0.309971, 0.304887
1524491130025, 0.309947, 0.304861
1526659680708, 0.309921, 0.304836
1528828231390, 0.309884, 0.304810
1530996782073, 0.309862, 0.304788
1533165332756, 0.309838, 0.304768
1535333883439, 0.309813, 0.304736
1537502434122, 0.309780, 0.304704
1539670984805, 0.309763, 0.304676
1541839535487, 0.309749, 0.304654
1544008086170, 0.309726, 0.304631
1546176636853, 0.309706, 0.304604
1548345187536, 0.309677, 0.304578
1550513738219, 0.309649, 0.304551
1552682288901, 0.309635, 0.304533
1554850839584, 0.309616, 0.304514
1557019390267, 0.309590, 0.304487
1559187940950, 0.309567, 0.304466
1561356491633, 0.309531, 0.304437
1563525042316, 0.309494, 0.304402
1565693592998, 0.309464, 0.304371
1567862143681, 0.309433, 0.304345
1570030694364, 0.309401, 0.304308
1572199245047, 0.309385, 0.304286
1574367795730, 0.309361, 0.304266
1576536346413, 0.309336, 0.304234
1578704897095, 0.309311, 0.304209
1580873447778, 0.309282, 0.304186
1583041998461, 0.309262, 0.304162
1585210549144, 0.309233, 0.304131
1587379099827, 0.309205, 0.304104
1589547650509, 0.309174, 0.304075
1591716201192, 0.309156, 0.304049
1593884751875, 0.309134, 0.304027
1596053302558, 0.309115, 0.304011
1598221853241, 0.309098, 0.303994
1600390403924, 0.309075, 0.303971
1602558954606, 0.309040, 0.303936
1604727505289, 0.309021, 0.303920
1606896055972, 0.308998, 0.303894
1609064606655, 0.308969, 0.303867
1611233157338, 0.308939, 0.303840
1613401708021, 0.308917, 0.303820
1615570258703, 0.308890, 0.303791
1617738809386, 0.308860, 0.303765
1619907360069, 0.308842, 0.303751
1622075910752, 0.308829, 0.303735
1624244461435, 0.308802, 0.303712
1626413012118, 0.308784, 0.303696
1628581562800, 0.308747, 0.303662
1630750113483, 0.308722, 0.303637
1632918664166, 0.308695, 0.303614
1635087214849, 0.308669, 0.303587
1637255765532, 0.308653, 0.303565
1639424316214, 0.308634, 0.303547
1641592866897, 0.308615, 0.303532
1643761417580, 0.308589, 0.303512
1645929968263, 0.308558, 0.303486
1648098518946, 0.308528, 0.303458
1650267069629, 0.308506, 0.303438
1652435620311, 0.308478, 0.303411
1654604170994, 0.308459, 0.303389
1656772721677, 0.308438, 0.303369
1658941272360, 0.308420, 0.303357
1661109823043, 0.308403, 0.303339
1663278373726, 0.308377, 0.303316
1665446924408, 0.308353, 0.303289
1667615475091, 0.308321, 0.303263
1669784025774, 0.308300, 0.303238
1671952576457, 0.308275, 0.303212
1674121127140, 0.308254, 0.303189
1676289677822, 0.308230, 0.303166
1678458228505, 0.308213, 0.303148
1680626779188, 0.308191, 0.303129
1682795329871, 0.308171, 0.303111
1684963880554, 0.308150, 0.303099
1687132431237, 0.308129, 0.303081
1689300981919, 0.308106, 0.303052
1691469532602, 0.308089, 0.303035
1693638083285, 0.308064, 0.303009
1695806633968, 0.308040, 0.302984
1697975184651, 0.308015, 0.302967
1700143735334, 0.308003, 0.302954
1702312286016, 0.307983, 0.302935
1704480836699, 0.307971, 0.302920
1706649387382, 0.307950, 0.302902
1708817938065, 0.307931, 0.302886
1710986488748, 0.307917, 0.302870
1713155039430, 0.307905, 0.302855
1715323590113, 0.307879, 0.302835
1717492140796, 0.307858, 0.302815
1719660691479, 0.307831, 0.302791
1721829242162, 0.307825, 0.302783
1723997792845, 0.307805, 0.302764
1726166343527, 0.307791, 0.302749
1728334894210, 0.307772, 0.302732
1730503444893, 0.307754, 0.302716
1732671995576, 0.307736, 0.302697
1734840546259, 0.307715, 0.302677
1737009096942, 0.307688, 0.302649
1739177647624, 0.307670, 0.302631
1741346198307, 0.307658, 0.302615
1743514748990, 0.307644, 0.302600
1745683299673, 0.307630, 0.302590
1747851850356, 0.307611, 0.302568
1750020401038, 0.307588, 0.302541
1752188951721, 0.307572, 0.302528
1754357502404, 0.307557, 0.302508
1756526053087, 0.307534, 0.302489
1758694603770, 0.307512, 0.302468
1760863154453, 0.307505, 0.302463
1763031705135, 0.307488, 0.302448
1765200255818, 0.307477, 0.302433
1767368806501, 0.307462, 0.302420
1769537357184, 0.307445, 0.302407
1771705907867, 0.307429, 0.302390
1773874458550, 0.307413, 0.302378
1776043009232, 0.307398, 0.302364
1778211559915, 0.307388, 0.302356
1780380110598, 0.307373, 0.302342
1782548661281, 0.307358, 0.302325
1784717211964, 0.307349, 0.302316
1786885762646, 0.307335, 0.302299
1789054313329, 0.307323, 0.302287
1791222864012, 0.307310, 0.302273
1793391414695, 0.307293, 0.302257
1795559965378, 0.307286, 0.302250
1797728516061, 0.307273, 0.302238
1799897066743, 0.307259, 0.302230
1802065617426, 0.307240, 0.302209
1804234168109, 0.307225, 0.302194
1806402718792, 0.307206, 0.302177
1808571269475, 0.307186, 0.302163
1810739820158, 0.307169, 0.302148
1812908370840, 0.307156, 0.302134
1815076921523, 0.307138, 0.302118
1817245472206, 0.307118, 0.302099
1819414022889, 0.307098, 0.302078
1821582573572, 0.307092, 0.302068
1823751124254, 0.307076, 0.302054
1825919674937, 0.307064, 0.302046
1828088225620, 0.307053, 0.302033
1830256776303, 0.307041, 0.302020
1832425326986, 0.307029, 0.302009
1834593877669, 0.307017, 0.301996
1836762428351, 0.307002, 0.301980
1838930979034, 0.306985, 0.301962
1841099529717, 0.306974, 0.301954
1843268080400, 0.306963, 0.301944
1845436631083, 0.306949, 0.301930
1847605181766, 0.306939, 0.301923
1849773732448, 0.306929, 0.301918
1851942283131, 0.306921, 0.301908
1854110833814, 0.306911, 0.301895
1856279384497, 0.306896, 0.301886
1858447935180, 0.306883, 0.301869
1860616485862, 0.306879, 0.301864
1862785036545, 0.306870, 0.301856
1864953587228, 0.306866, 0.301851
1867122137911, 0.306847, 0.301834
1869290688594, 0.306831, 0.301821
1871459239277, 0.306815, 0.301806
1873627789959, 0.306800, 0.301787
1875796340642, 0.306790, 0.301776
1877964891325, 0.306783, 0.301772
1880133442008, 0.306771, 0.301764
1882301992691, 0.306760, 0.301750
1884470543374, 0.306750, 0.301740
1886639094056, 0.306742, 0.301732
1888807644739, 0.306733, 0.301723
1890976195422, 0.306726, 0.301717
1893144746105, 0.306718, 0.301712
1895313296788, 0.306709, 0.301699
1897481847471, 0.306696, 0.301684
1899650398153, 0.306693, 0.301678
1901818948836, 0.306683, 0.301669
1903987499519, 0.306679, 0.301666
1906156050202, 0.306659, 0.301649
1908324600885, 0.306647, 0.301637
1910493151567, 0.306643, 0.301632
1912661702250, 0.306629, 0.301622
1914830252933, 0.306625, 0.301617
1916998803616, 0.306614, 0.301606
1919167354299, 0.306605, 0.301600
1921335904982, 0.306600, 0.301596
1923504455664, 0.306597, 0.301592
1925673006347, 0.306590, 0.301585
1927841557030, 0.306584, 0.301581
1930010107713, 0.306568, 0.301564
1932178658396, 0.306560, 0.301560
1934347209079, 0.306555, 0.301554
1936515759761, 0.306541, 0.301539
1938684310444, 0.306533, 0.301536
1940852861127, 0.306526, 0.301526
1943021411810, 0.306519, 0.301517
1945189962493, 0.306515, 0.301511
1947358513175, 0.306509, 0.301501
1949527063858, 0.306501, 0.301490
1951695614541, 0.306489, 0.301479
1953864165224, 0.306482, 0.301473
1956032715907, 0.306472, 0.301461
1958201266590, 0.306459, 0.301447
1960369817272, 0.306450, 0.301437
1962538367955, 0.306445, 0.301431
1964706918638, 0.306436, 0.301424
1966875469321, 0.306428, 0.301416
1969044020004, 0.306418, 0.301411
1971212570687, 0.306411, 0.301401
1973381121369, 0.306402, 0.301392
1975549672052, 0.306397, 0.301389
1977718222735, 0.306395, 0.301385
1979886773418, 0.306383, 0.301374
1982055324101, 0.306381, 0.301369
1984223874783, 0.306378, 0.301367
1986392425466, 0.306364, 0.301355
1988560976149, 0.306359, 0.301351
1990729526832, 0.306352, 0.301345
1992898077515, 0.306342, 0.301337
1995066628198, 0.306337, 0.301331
1997235178880, 0.306333, 0.301330
1999403729563, 0.306328, 0.301325
2001572280246, 0.306324, 0.301320
2003740830929, 0.306319, 0.301316
2005909381612, 0.306314, 0.301308
2008077932295, 0.306310, 0.301305
2010246482977, 0.306297, 0.301294
2012415033660, 0.306295, 0.301292
2014583584343, 0.306293, 0.301290
2016752135026, 0.306290, 0.301287
2018920685709, 0.306287, 0.301279
2021089236391, 0.306280, 0.301272
2023257787074, 0.306273, 0.301265
2025426337757, 0.306267, 0.301260
2027594888440, 0.306259, 0.301252
2029763439123, 0.306249, 0.301244
2031931989806, 0.306247, 0.301241
2034100540488, 0.306243, 0.301236
2036269091171, 0.306236, 0.301230
2038437641854, 0.306231, 0.301224
2040606192537, 0.306226, 0.301221
2042774743220, 0.306223, 0.301216
2044943293903, 0.306221, 0.301214
2047111844585, 0.306220, 0.301208
2049280395268, 0.306214, 0.301203
2051448945951, 0.306208, 0.301194
2053617496634, 0.306205, 0.301192
2055786047317, 0.306203, 0.301191
2057954597999, 0.306199, 0.301186
2060123148682, 0.306195, 0.301181
2062291699365, 0.306194, 0.301178
2064460250048, 0.306191, 0.301176
2066628800731, 0.306191, 0.301176
2068797351414, 0.306186, 0.301168
2070965902096, 0.306181, 0.301163
2073134452779, 0.306176, 0.301160
2075303003462, 0.306170, 0.301152
2077471554145, 0.306165, 0.301151
2079640104828, 0.306164, 0.301150
2081808655511, 0.306162, 0.301146
2083977206193, 0.306155, 0.301144
2086145756876, 0.306155, 0.301143
2088314307559, 0.306152, 0.301140
2090482858242, 0.306151, 0.301138
2092651408925, 0.306150, 0.301136
2094819959607, 0.306145, 0.301133
2096988510290, 0.306142, 0.301130
2099157060973, 0.306139, 0.301128
2101325611656, 0.306136, 0.301125
2103494162339, 0.306136, 0.301125
2105662713022, 0.306134, 0.301122
2107831263704, 0.306126, 0.301115
2109999814387, 0.306124, 0.301114
2112168365070, 0.306117, 0.301110
2114336915753, 0.306116, 0.301109
2116505466436, 0.306115, 0.301108
2118674017119, 0.306115, 0.301108
2120842567801, 0.306112, 0.301106
2123011118484, 0.306111, 0.301104
2125179669167, 0.306110, 0.301103
2127348219850, 0.306110, 0.301103
2129516770533, 0.306107, 0.301101
2131685321215, 0.306105, 0.301098
2133853871898, 0.306102, 0.301096
2136022422581, 0.306102, 0.301093
2138190973264, 0.306100, 0.301091
2140359523947, 0.306100, 0.301091
2142528074630, 0.306100, 0.301091
2144696625312, 0.306100, 0.301091
2146865175995, 0.306100, 0.301091
2149033726678, 0.306098, 0.301090
2151202277361, 0.306097, 0.301090
2153370828044, 0.306096, 0.301088
2155539378727, 0.306096, 0.301088
2157707929409, 0.306096, 0.301088
2159876480092, 0.306096, 0.301088
2162045030775, 0.306096, 0.301088
2164213581458, 0.306096, 0.301088
2166382132141, 0.306096, 0.301088
2168550682824, 0.306096, 0.301088
Time used: 117468 ms
