logging to /opt/profile_res/2016020200-2016020300_unique/tenant_6_profile_res-FIX_RATE-REAL-0.01.csvtracefile: /data1/tmp/tenant_6_trace
open file /data1/tmp/tenant_6_trace
read 1000000 lines
read 2000000 lines
read 3000000 lines
read 4000000 lines
read 5000000 lines
read 6000000 lines
read 7000000 lines
read 8000000 lines
read 9000000 lines
read 10000000 lines
read 11000000 lines
read 12000000 lines
read 13000000 lines
read 14000000 lines
read 15000000 lines
read 16000000 lines
read 17000000 lines
read 18000000 lines
read 19000000 lines
read 20000000 lines
read 21000000 lines
read 22000000 lines
read 23000000 lines
read 24000000 lines
read 25000000 lines
read 26000000 lines
read 27000000 lines
read 28000000 lines
read 29000000 lines
read 30000000 lines
read 31000000 lines
read 32000000 lines
read 33000000 lines
read 34000000 lines
read 35000000 lines
read 36000000 lines
read 37000000 lines
read 38000000 lines
read 39000000 lines
read 40000000 lines
read 41000000 lines
read 42000000 lines
read 43000000 lines
read 44000000 lines
read 45000000 lines
read 46000000 lines
read 47000000 lines
read 48000000 lines
read 49000000 lines
read 50000000 lines
read 51000000 lines
read 52000000 lines
read 53000000 lines
read 54000000 lines
read 55000000 lines
read 56000000 lines
read 57000000 lines
read 58000000 lines
read 59000000 lines
read 60000000 lines
read 61000000 lines
read 62000000 lines
read 63000000 lines
read 64000000 lines
read 65000000 lines
read 66000000 lines
read 67000000 lines
read 68000000 lines
read 69000000 lines
read 70000000 lines
read 71000000 lines
read 72000000 lines
read 73000000 lines
read 74000000 lines
read 75000000 lines
read 76000000 lines
read 77000000 lines
read 78000000 lines
read 79000000 lines
read 80000000 lines
read 81000000 lines
read 82000000 lines
read 83000000 lines
read 84000000 lines
read 85000000 lines
read 86000000 lines
read 87000000 lines
read 88000000 lines
read 89000000 lines
[FILE]: /data1/tmp/tenant_6_trace
total_access_num: 89372111
total_access_size: 9751663222246
unique_access_num: 33489109
unique_access_size: 2865143944050
min_item_size: 1
[method]: REAL
[metric]: MAE
[seed]: 42
[sample_method]: FIX_RATE
[sample_metric]: 0.01
MAEQ_factor: 1.336072
cache_size, BMRC_ratio, OMRC_ratio
28651439440, 0.682250, 0.760862
57302878881, 0.604341, 0.691226
85954318321, 0.556374, 0.645397
114605757762, 0.521946, 0.611542
143257197202, 0.495562, 0.585140
171908636643, 0.474298, 0.563643
200560076083, 0.456668, 0.545688
229211515524, 0.441838, 0.530495
257862954964, 0.429066, 0.517330
286514394405, 0.418081, 0.505925
315165833845, 0.408385, 0.495885
343817273286, 0.399808, 0.486916
372468712726, 0.392198, 0.478957
401120152167, 0.385329, 0.471796
429771591607, 0.379081, 0.465314
458423031048, 0.373500, 0.459404
487074470488, 0.368410, 0.454019
515725909929, 0.363732, 0.449053
544377349369, 0.359483, 0.444530
573028788810, 0.355571, 0.440353
601680228250, 0.351903, 0.436463
630331667691, 0.348506, 0.432876
658983107131, 0.345357, 0.429525
687634546572, 0.342377, 0.426418
716285986012, 0.339613, 0.423504
744937425453, 0.337050, 0.420789
773588864893, 0.334664, 0.418257
802240304334, 0.332363, 0.415854
830891743774, 0.330267, 0.413631
859543183215, 0.328273, 0.411542
888194622655, 0.326385, 0.409586
916846062096, 0.324615, 0.407748
945497501536, 0.322938, 0.406010
974148940977, 0.321372, 0.404396
1002800380417, 0.319901, 0.402844
1031451819858, 0.318557, 0.401417
1060103259298, 0.317229, 0.400044
1088754698739, 0.315979, 0.398754
1117406138179, 0.314823, 0.397522
1146057577620, 0.313756, 0.396357
1174709017060, 0.312731, 0.395261
1203360456501, 0.311749, 0.394194
1232011895941, 0.310848, 0.393212
1260663335382, 0.309967, 0.392268
1289314774822, 0.309137, 0.391373
1317966214263, 0.308336, 0.390519
1346617653703, 0.307553, 0.389705
1375269093144, 0.306822, 0.388931
1403920532584, 0.306152, 0.388190
1432571972025, 0.305487, 0.387487
1461223411465, 0.304849, 0.386804
1489874850906, 0.304267, 0.386159
1518526290346, 0.303706, 0.385541
1547177729787, 0.303135, 0.384947
1575829169227, 0.302629, 0.384385
1604480608668, 0.302118, 0.383852
1633132048108, 0.301641, 0.383324
1661783487549, 0.301183, 0.382823
1690434926989, 0.300745, 0.382341
1719086366430, 0.300347, 0.381898
1747737805870, 0.299973, 0.381466
1776389245311, 0.299596, 0.381043
1805040684751, 0.299241, 0.380648
1833692124192, 0.298888, 0.380271
1862343563632, 0.298549, 0.379898
1890995003073, 0.298254, 0.379563
1919646442513, 0.297982, 0.379244
1948297881954, 0.297703, 0.378940
1976949321394, 0.297435, 0.378645
2005600760835, 0.297181, 0.378358
2034252200275, 0.296940, 0.378086
2062903639716, 0.296700, 0.377822
2091555079156, 0.296468, 0.377564
2120206518597, 0.296263, 0.377329
2148857958037, 0.296053, 0.377114
2177509397478, 0.295865, 0.376909
2206160836918, 0.295684, 0.376706
2234812276359, 0.295509, 0.376516
2263463715799, 0.295324, 0.376345
2292115155240, 0.295167, 0.376180
2320766594680, 0.295019, 0.376023
2349418034121, 0.294893, 0.375889
2378069473561, 0.294758, 0.375755
2406720913002, 0.294645, 0.375636
2435372352442, 0.294541, 0.375523
2464023791883, 0.294435, 0.375414
2492675231323, 0.294341, 0.375317
2521326670764, 0.294260, 0.375224
2549978110204, 0.294192, 0.375141
2578629549645, 0.294121, 0.375067
2607280989085, 0.294059, 0.374997
2635932428526, 0.294007, 0.374941
2664583867966, 0.293964, 0.374890
2693235307407, 0.293922, 0.374842
2721886746847, 0.293889, 0.374805
2750538186288, 0.293863, 0.374775
2779189625728, 0.293840, 0.374749
2807841065169, 0.293824, 0.374732
2836492504609, 0.293813, 0.374718
2865143944050, 0.293811, 0.374715
Time used: 256573 ms
