logging to /opt/shards_res_1000/2016020500-2016020600_unique/tenant_6_profile_res-FIX_RATE-SHARDS-0.01.csvtracefile: /data1/tenant_trace/2016020500-2016020600_unique/tenant_6_trace
open file /data1/tenant_trace/2016020500-2016020600_unique/tenant_6_trace
read 1000000 lines
read 2000000 lines
read 3000000 lines
read 4000000 lines
read 5000000 lines
read 6000000 lines
read 7000000 lines
read 8000000 lines
read 9000000 lines
read 10000000 lines
read 11000000 lines
read 12000000 lines
read 13000000 lines
read 14000000 lines
read 15000000 lines
read 16000000 lines
read 17000000 lines
read 18000000 lines
read 19000000 lines
read 20000000 lines
read 21000000 lines
read 22000000 lines
read 23000000 lines
read 24000000 lines
read 25000000 lines
read 26000000 lines
read 27000000 lines
read 28000000 lines
read 29000000 lines
read 30000000 lines
read 31000000 lines
read 32000000 lines
read 33000000 lines
read 34000000 lines
read 35000000 lines
read 36000000 lines
read 37000000 lines
read 38000000 lines
read 39000000 lines
read 40000000 lines
read 41000000 lines
read 42000000 lines
read 43000000 lines
read 44000000 lines
read 45000000 lines
read 46000000 lines
read 47000000 lines
read 48000000 lines
read 49000000 lines
read 50000000 lines
read 51000000 lines
read 52000000 lines
read 53000000 lines
read 54000000 lines
read 55000000 lines
read 56000000 lines
read 57000000 lines
read 58000000 lines
read 59000000 lines
read 60000000 lines
read 61000000 lines
read 62000000 lines
read 63000000 lines
read 64000000 lines
read 65000000 lines
read 66000000 lines
read 67000000 lines
read 68000000 lines
read 69000000 lines
read 70000000 lines
read 71000000 lines
read 72000000 lines
read 73000000 lines
read 74000000 lines
read 75000000 lines
read 76000000 lines
read 77000000 lines
read 78000000 lines
read 79000000 lines
read 80000000 lines
read 81000000 lines
read 82000000 lines
read 83000000 lines
read 84000000 lines
read 85000000 lines
read 86000000 lines
read 87000000 lines
read 88000000 lines
read 89000000 lines
read 90000000 lines
read 91000000 lines
[FILE]: /data1/tenant_trace/2016020500-2016020600_unique/tenant_6_trace
total_access_num: 91337082
total_access_size: 10449583415304
unique_access_num: 34035269
unique_access_size: 3058142414202
min_item_size: 1
[method]: SHARDS
[metric]: MAE
[seed]: 42
[sample_method]: FIX_RATE
[sample_metric]: 0.01
MAEQ_factor: 1.029196
cache_size, BMRC_ratio, OMRC_ratio
3058142414, 0.882785, 0.901847
6116284828, 0.840214, 0.875278
9174427242, 0.810738, 0.855138
12232569656, 0.788268, 0.838550
15290712071, 0.768133, 0.824009
18348854485, 0.751250, 0.810998
21406996899, 0.736591, 0.799185
24465139313, 0.723337, 0.788598
27523281727, 0.711605, 0.778709
30581424142, 0.700796, 0.769628
33639566556, 0.691092, 0.761125
36697708970, 0.682080, 0.753099
39755851384, 0.672753, 0.745445
42813993798, 0.665183, 0.738160
45872136213, 0.657355, 0.731329
48930278627, 0.649924, 0.724837
51988421041, 0.643250, 0.718603
55046563455, 0.636300, 0.712676
58104705869, 0.629956, 0.707050
61162848284, 0.624201, 0.701708
64220990698, 0.618461, 0.696412
67279133112, 0.612960, 0.691283
70337275526, 0.607759, 0.686379
73395417940, 0.602715, 0.681582
76453560355, 0.597946, 0.676972
79511702769, 0.593085, 0.672330
82569845183, 0.588457, 0.668091
85627987597, 0.584301, 0.663985
88686130011, 0.580028, 0.659986
91744272426, 0.575733, 0.655959
94802414840, 0.571775, 0.652142
97860557254, 0.567760, 0.648420
100918699668, 0.564004, 0.644807
103976842082, 0.559911, 0.641264
107034984497, 0.556184, 0.637748
110093126911, 0.553077, 0.634376
113151269325, 0.549577, 0.631106
116209411739, 0.545960, 0.627899
119267554153, 0.542659, 0.624745
122325696568, 0.539698, 0.621815
125383838982, 0.536628, 0.618873
128441981396, 0.533538, 0.615861
131500123810, 0.530387, 0.613022
134558266224, 0.526973, 0.610310
137616408639, 0.524000, 0.607643
140674551053, 0.521219, 0.604975
143732693467, 0.518531, 0.602347
146790835881, 0.515863, 0.599754
149848978295, 0.513477, 0.597278
152907120710, 0.510959, 0.594762
155965263124, 0.508504, 0.592366
159023405538, 0.505906, 0.590057
162081547952, 0.503803, 0.587825
165139690366, 0.501464, 0.585596
168197832781, 0.499174, 0.583388
171255975195, 0.496665, 0.581237
174314117609, 0.494465, 0.579102
177372260023, 0.492631, 0.577004
180430402437, 0.490709, 0.574931
183488544852, 0.488594, 0.572959
186546687266, 0.486509, 0.570904
189604829680, 0.484527, 0.568993
192662972094, 0.482749, 0.567095
195721114508, 0.480823, 0.565210
198779256923, 0.478914, 0.563330
201837399337, 0.476897, 0.561457
204895541751, 0.475260, 0.559689
207953684165, 0.473518, 0.557937
211011826579, 0.471831, 0.556231
214069968994, 0.470081, 0.554508
217128111408, 0.468272, 0.552795
220186253822, 0.466637, 0.551169
223244396236, 0.464938, 0.549534
226302538650, 0.463374, 0.547890
229360681065, 0.461557, 0.546291
232418823479, 0.459837, 0.544710
235476965893, 0.458269, 0.543142
238535108307, 0.456821, 0.541656
241593250721, 0.455304, 0.540118
244651393136, 0.453899, 0.538604
247709535550, 0.452454, 0.537126
250767677964, 0.450882, 0.535609
253825820378, 0.449607, 0.534183
256883962792, 0.448253, 0.532842
259942105207, 0.446810, 0.531480
263000247621, 0.445576, 0.530163
266058390035, 0.444213, 0.528813
269116532449, 0.442881, 0.527451
272174674863, 0.441560, 0.526160
275232817278, 0.440351, 0.524887
278290959692, 0.439225, 0.523631
281349102106, 0.438118, 0.522475
284407244520, 0.436823, 0.521237
287465386934, 0.435675, 0.520009
290523529349, 0.434498, 0.518848
293581671763, 0.433226, 0.517603
296639814177, 0.432172, 0.516473
299697956591, 0.431112, 0.515315
302756099005, 0.429972, 0.514214
305814241420, 0.428813, 0.513077
308872383834, 0.427764, 0.511961
311930526248, 0.426604, 0.510828
314988668662, 0.425488, 0.509710
318046811077, 0.424384, 0.508599
321104953491, 0.423191, 0.507500
324163095905, 0.422121, 0.506420
327221238319, 0.421195, 0.505396
330279380733, 0.420324, 0.504368
333337523148, 0.419241, 0.503302
336395665562, 0.418353, 0.502272
339453807976, 0.417312, 0.501313
342511950390, 0.416079, 0.500293
345570092804, 0.415113, 0.499347
348628235219, 0.414216, 0.498450
351686377633, 0.413286, 0.497519
354744520047, 0.412267, 0.496578
357802662461, 0.411375, 0.495706
360860804875, 0.410433, 0.494748
363918947290, 0.409599, 0.493845
366977089704, 0.408621, 0.492937
370035232118, 0.407730, 0.492016
373093374532, 0.407047, 0.491171
376151516946, 0.406225, 0.490330
379209659361, 0.405286, 0.489489
382267801775, 0.404502, 0.488614
385325944189, 0.403541, 0.487748
388384086603, 0.402817, 0.486946
391442229017, 0.401893, 0.486076
394500371432, 0.400997, 0.485210
397558513846, 0.400260, 0.484419
400616656260, 0.399454, 0.483595
403674798674, 0.398711, 0.482888
406732941088, 0.398041, 0.482131
409791083503, 0.397211, 0.481285
412849225917, 0.396500, 0.480522
415907368331, 0.395681, 0.479771
418965510745, 0.394921, 0.479006
422023653159, 0.394265, 0.478264
425081795574, 0.393517, 0.477513
428139937988, 0.392772, 0.476812
431198080402, 0.392003, 0.476082
434256222816, 0.391421, 0.475355
437314365230, 0.390749, 0.474654
440372507645, 0.389914, 0.473938
443430650059, 0.389177, 0.473254
446488792473, 0.388255, 0.472541
449546934887, 0.387578, 0.471864
452605077301, 0.387011, 0.471181
455663219716, 0.386425, 0.470494
458721362130, 0.385794, 0.469819
461779504544, 0.385107, 0.469200
464837646958, 0.384417, 0.468556
467895789372, 0.383748, 0.467886
470953931787, 0.383086, 0.467258
474012074201, 0.382547, 0.466609
477070216615, 0.381982, 0.465966
480128359029, 0.381375, 0.465335
483186501443, 0.380715, 0.464681
486244643858, 0.380169, 0.464050
489302786272, 0.379471, 0.463418
492360928686, 0.378953, 0.462824
495419071100, 0.378172, 0.462238
498477213514, 0.377602, 0.461632
501535355929, 0.376918, 0.460994
504593498343, 0.376297, 0.460438
507651640757, 0.375793, 0.459855
510709783171, 0.375258, 0.459323
513767925585, 0.374776, 0.458729
516826068000, 0.374236, 0.458168
519884210414, 0.373639, 0.457616
522942352828, 0.373188, 0.457043
526000495242, 0.372640, 0.456492
529058637656, 0.372027, 0.455912
532116780071, 0.371479, 0.455359
535174922485, 0.370907, 0.454850
538233064899, 0.370501, 0.454331
541291207313, 0.370023, 0.453778
544349349727, 0.369605, 0.453298
547407492142, 0.369106, 0.452796
550465634556, 0.368563, 0.452225
553523776970, 0.367898, 0.451704
556581919384, 0.367493, 0.451168
559640061798, 0.366958, 0.450611
562698204213, 0.366525, 0.450144
565756346627, 0.366126, 0.449648
568814489041, 0.365656, 0.449177
571872631455, 0.365269, 0.448716
574930773869, 0.364931, 0.448305
577988916284, 0.364503, 0.447810
581047058698, 0.364082, 0.447365
584105201112, 0.363530, 0.446921
587163343526, 0.363076, 0.446462
590221485940, 0.362701, 0.446033
593279628355, 0.362193, 0.445562
596337770769, 0.361813, 0.445114
599395913183, 0.361400, 0.444639
602454055597, 0.360873, 0.444196
605512198011, 0.360474, 0.443775
608570340426, 0.360185, 0.443391
611628482840, 0.359748, 0.442941
614686625254, 0.359382, 0.442488
617744767668, 0.358976, 0.442049
620802910083, 0.358651, 0.441627
623861052497, 0.358266, 0.441203
626919194911, 0.357905, 0.440784
629977337325, 0.357532, 0.440389
633035479739, 0.357145, 0.439961
636093622154, 0.356801, 0.439561
639151764568, 0.356379, 0.439106
642209906982, 0.355980, 0.438716
645268049396, 0.355584, 0.438319
648326191810, 0.355193, 0.437897
651384334225, 0.354895, 0.437511
654442476639, 0.354548, 0.437117
657500619053, 0.354159, 0.436761
660558761467, 0.353725, 0.436385
663616903881, 0.353467, 0.436036
666675046296, 0.353155, 0.435622
669733188710, 0.352717, 0.435251
672791331124, 0.352288, 0.434871
675849473538, 0.351988, 0.434488
678907615952, 0.351669, 0.434114
681965758367, 0.351297, 0.433752
685023900781, 0.350947, 0.433382
688082043195, 0.350555, 0.433016
691140185609, 0.350218, 0.432620
694198328023, 0.349867, 0.432266
697256470438, 0.349477, 0.431918
700314612852, 0.349096, 0.431586
703372755266, 0.348815, 0.431247
706430897680, 0.348458, 0.430903
709489040094, 0.348163, 0.430559
712547182509, 0.347743, 0.430212
715605324923, 0.347399, 0.429892
718663467337, 0.347114, 0.429569
721721609751, 0.346840, 0.429228
724779752165, 0.346575, 0.428885
727837894580, 0.346320, 0.428572
730896036994, 0.346036, 0.428237
733954179408, 0.345617, 0.427904
737012321822, 0.345257, 0.427588
740070464236, 0.345012, 0.427319
743128606651, 0.344715, 0.427012
746186749065, 0.344400, 0.426696
749244891479, 0.344137, 0.426367
752303033893, 0.343846, 0.426057
755361176307, 0.343551, 0.425711
758419318722, 0.343215, 0.425410
761477461136, 0.343006, 0.425133
764535603550, 0.342734, 0.424834
767593745964, 0.342438, 0.424539
770651888378, 0.342189, 0.424282
773710030793, 0.341971, 0.424005
776768173207, 0.341649, 0.423715
779826315621, 0.341350, 0.423419
782884458035, 0.341041, 0.423143
785942600449, 0.340750, 0.422812
789000742864, 0.340428, 0.422519
792058885278, 0.340206, 0.422262
795117027692, 0.339977, 0.421976
798175170106, 0.339746, 0.421676
801233312520, 0.339465, 0.421389
804291454935, 0.339140, 0.421109
807349597349, 0.338910, 0.420839
810407739763, 0.338694, 0.420568
813465882177, 0.338419, 0.420273
816524024591, 0.338194, 0.420013
819582167006, 0.337979, 0.419760
822640309420, 0.337747, 0.419509
825698451834, 0.337506, 0.419240
828756594248, 0.337239, 0.418955
831814736662, 0.336966, 0.418690
834872879077, 0.336764, 0.418431
837931021491, 0.336537, 0.418181
840989163905, 0.336225, 0.417927
844047306319, 0.336038, 0.417661
847105448733, 0.335765, 0.417417
850163591148, 0.335589, 0.417204
853221733562, 0.335407, 0.416961
856279875976, 0.335239, 0.416713
859338018390, 0.335021, 0.416476
862396160804, 0.334767, 0.416253
865454303219, 0.334573, 0.416007
868512445633, 0.334387, 0.415757
871570588047, 0.334159, 0.415524
874628730461, 0.333976, 0.415287
877686872875, 0.333810, 0.415068
880745015290, 0.333570, 0.414833
883803157704, 0.333404, 0.414603
886861300118, 0.333108, 0.414374
889919442532, 0.332864, 0.414117
892977584946, 0.332703, 0.413900
896035727361, 0.332500, 0.413675
899093869775, 0.332283, 0.413422
902152012189, 0.332033, 0.413178
905210154603, 0.331862, 0.412961
908268297017, 0.331682, 0.412726
911326439432, 0.331482, 0.412489
914384581846, 0.331255, 0.412271
917442724260, 0.331032, 0.412042
920500866674, 0.330804, 0.411789
923559009089, 0.330642, 0.411569
926617151503, 0.330426, 0.411358
929675293917, 0.330206, 0.411152
932733436331, 0.330030, 0.410956
935791578745, 0.329814, 0.410754
938849721160, 0.329645, 0.410558
941907863574, 0.329394, 0.410327
944966005988, 0.329135, 0.410132
948024148402, 0.328957, 0.409929
951082290816, 0.328798, 0.409712
954140433231, 0.328486, 0.409484
957198575645, 0.328305, 0.409279
960256718059, 0.328148, 0.409096
963314860473, 0.327931, 0.408881
966373002887, 0.327716, 0.408671
969431145302, 0.327554, 0.408491
972489287716, 0.327390, 0.408295
975547430130, 0.327207, 0.408127
978605572544, 0.327035, 0.407933
981663714958, 0.326830, 0.407742
984721857373, 0.326728, 0.407576
987779999787, 0.326553, 0.407387
990838142201, 0.326317, 0.407171
993896284615, 0.326190, 0.407007
996954427029, 0.326043, 0.406827
1000012569444, 0.325878, 0.406654
1003070711858, 0.325711, 0.406465
1006128854272, 0.325564, 0.406286
1009186996686, 0.325394, 0.406113
1012245139100, 0.325172, 0.405923
1015303281515, 0.325026, 0.405752
1018361423929, 0.324783, 0.405579
1021419566343, 0.324684, 0.405442
1024477708757, 0.324527, 0.405249
1027535851171, 0.324391, 0.405084
1030593993586, 0.324254, 0.404928
1033652136000, 0.324098, 0.404784
1036710278414, 0.323884, 0.404602
1039768420828, 0.323678, 0.404434
1042826563242, 0.323550, 0.404302
1045884705657, 0.323386, 0.404124
1048942848071, 0.323158, 0.403925
1052000990485, 0.322961, 0.403752
1055059132899, 0.322854, 0.403623
1058117275313, 0.322659, 0.403453
1061175417728, 0.322485, 0.403275
1064233560142, 0.322333, 0.403110
1067291702556, 0.322168, 0.402933
1070349844970, 0.322039, 0.402792
1073407987384, 0.321897, 0.402633
1076466129799, 0.321793, 0.402491
1079524272213, 0.321683, 0.402368
1082582414627, 0.321571, 0.402216
1085640557041, 0.321397, 0.402040
1088698699455, 0.321166, 0.401869
1091756841870, 0.320981, 0.401686
1094814984284, 0.320865, 0.401544
1097873126698, 0.320729, 0.401406
1100931269112, 0.320568, 0.401251
1103989411526, 0.320447, 0.401094
1107047553941, 0.320329, 0.400919
1110105696355, 0.320235, 0.400793
1113163838769, 0.320096, 0.400635
1116221981183, 0.319951, 0.400481
1119280123597, 0.319843, 0.400334
1122338266012, 0.319672, 0.400188
1125396408426, 0.319542, 0.400055
1128454550840, 0.319388, 0.399931
1131512693254, 0.319225, 0.399801
1134570835668, 0.319053, 0.399637
1137628978083, 0.318874, 0.399518
1140687120497, 0.318759, 0.399399
1143745262911, 0.318644, 0.399258
1146803405325, 0.318456, 0.399114
1149861547739, 0.318343, 0.398975
1152919690154, 0.318189, 0.398836
1155977832568, 0.318100, 0.398702
1159035974982, 0.317934, 0.398560
1162094117396, 0.317826, 0.398415
1165152259810, 0.317741, 0.398290
1168210402225, 0.317621, 0.398174
1171268544639, 0.317504, 0.398033
1174326687053, 0.317388, 0.397894
1177384829467, 0.317295, 0.397767
1180442971881, 0.317188, 0.397638
1183501114296, 0.317086, 0.397507
1186559256710, 0.317000, 0.397377
1189617399124, 0.316912, 0.397248
1192675541538, 0.316828, 0.397135
1195733683952, 0.316715, 0.396990
1198791826367, 0.316597, 0.396870
1201849968781, 0.316482, 0.396755
1204908111195, 0.316347, 0.396646
1207966253609, 0.316262, 0.396533
1211024396023, 0.316189, 0.396425
1214082538438, 0.316055, 0.396309
1217140680852, 0.315929, 0.396189
1220198823266, 0.315810, 0.396082
1223256965680, 0.315738, 0.395975
1226315108095, 0.315660, 0.395879
1229373250509, 0.315522, 0.395753
1232431392923, 0.315442, 0.395629
1235489535337, 0.315315, 0.395495
1238547677751, 0.315203, 0.395386
1241605820166, 0.315039, 0.395265
1244663962580, 0.314944, 0.395159
1247722104994, 0.314859, 0.395043
1250780247408, 0.314766, 0.394926
1253838389822, 0.314611, 0.394828
1256896532237, 0.314492, 0.394709
1259954674651, 0.314363, 0.394604
1263012817065, 0.314283, 0.394493
1266070959479, 0.314214, 0.394393
1269129101893, 0.314140, 0.394305
1272187244308, 0.314016, 0.394200
1275245386722, 0.313909, 0.394087
1278303529136, 0.313760, 0.393984
1281361671550, 0.313691, 0.393901
1284419813964, 0.313591, 0.393789
1287477956379, 0.313485, 0.393670
1290536098793, 0.313376, 0.393564
1293594241207, 0.313283, 0.393460
1296652383621, 0.313208, 0.393361
1299710526035, 0.313098, 0.393257
1302768668450, 0.312994, 0.393133
1305826810864, 0.312820, 0.393007
1308884953278, 0.312770, 0.392926
1311943095692, 0.312653, 0.392830
1315001238106, 0.312535, 0.392708
1318059380521, 0.312458, 0.392614
1321117522935, 0.312354, 0.392510
1324175665349, 0.312293, 0.392403
1327233807763, 0.312171, 0.392289
1330291950177, 0.312074, 0.392178
1333350092592, 0.312010, 0.392080
1336408235006, 0.311864, 0.391976
1339466377420, 0.311771, 0.391873
1342524519834, 0.311665, 0.391791
1345582662248, 0.311547, 0.391691
1348640804663, 0.311474, 0.391598
1351698947077, 0.311357, 0.391502
1354757089491, 0.311303, 0.391417
1357815231905, 0.311193, 0.391299
1360873374319, 0.311122, 0.391202
1363931516734, 0.311058, 0.391112
1366989659148, 0.310931, 0.391013
1370047801562, 0.310850, 0.390915
1373105943976, 0.310758, 0.390810
1376164086390, 0.310623, 0.390716
1379222228805, 0.310541, 0.390629
1382280371219, 0.310417, 0.390536
1385338513633, 0.310341, 0.390460
1388396656047, 0.310228, 0.390381
1391454798461, 0.310147, 0.390279
1394512940876, 0.310044, 0.390186
1397571083290, 0.309996, 0.390105
1400629225704, 0.309946, 0.390020
1403687368118, 0.309886, 0.389930
1406745510532, 0.309829, 0.389846
1409803652947, 0.309695, 0.389760
1412861795361, 0.309623, 0.389672
1415919937775, 0.309546, 0.389579
1418978080189, 0.309468, 0.389503
1422036222603, 0.309396, 0.389426
1425094365018, 0.309316, 0.389344
1428152507432, 0.309264, 0.389271
1431210649846, 0.309176, 0.389189
1434268792260, 0.309088, 0.389108
1437326934674, 0.309017, 0.389031
1440385077089, 0.308950, 0.388949
1443443219503, 0.308890, 0.388851
1446501361917, 0.308754, 0.388769
1449559504331, 0.308639, 0.388685
1452617646745, 0.308602, 0.388630
1455675789160, 0.308526, 0.388546
1458733931574, 0.308468, 0.388464
1461792073988, 0.308378, 0.388381
1464850216402, 0.308325, 0.388315
1467908358816, 0.308256, 0.388238
1470966501231, 0.308200, 0.388156
1474024643645, 0.308133, 0.388089
1477082786059, 0.308062, 0.388004
1480140928473, 0.307998, 0.387929
1483199070887, 0.307912, 0.387842
1486257213302, 0.307785, 0.387755
1489315355716, 0.307743, 0.387694
1492373498130, 0.307689, 0.387629
1495431640544, 0.307569, 0.387561
1498489782958, 0.307503, 0.387478
1501547925373, 0.307435, 0.387398
1504606067787, 0.307300, 0.387312
1507664210201, 0.307248, 0.387236
1510722352615, 0.307180, 0.387150
1513780495029, 0.307101, 0.387069
1516838637444, 0.307067, 0.387021
1519896779858, 0.306940, 0.386943
1522954922272, 0.306889, 0.386877
1526013064686, 0.306837, 0.386803
1529071207101, 0.306793, 0.386736
1532129349515, 0.306711, 0.386658
1535187491929, 0.306646, 0.386587
1538245634343, 0.306609, 0.386529
1541303776757, 0.306547, 0.386461
1544361919172, 0.306500, 0.386414
1547420061586, 0.306470, 0.386363
1550478204000, 0.306349, 0.386298
1553536346414, 0.306296, 0.386226
1556594488828, 0.306205, 0.386149
1559652631243, 0.306112, 0.386071
1562710773657, 0.306061, 0.386021
1565768916071, 0.306015, 0.385955
1568827058485, 0.305961, 0.385896
1571885200899, 0.305887, 0.385829
1574943343314, 0.305847, 0.385767
1578001485728, 0.305779, 0.385701
1581059628142, 0.305704, 0.385632
1584117770556, 0.305657, 0.385564
1587175912970, 0.305572, 0.385509
1590234055385, 0.305523, 0.385442
1593292197799, 0.305475, 0.385370
1596350340213, 0.305374, 0.385297
1599408482627, 0.305323, 0.385232
1602466625041, 0.305264, 0.385166
1605524767456, 0.305210, 0.385095
1608582909870, 0.305174, 0.385032
1611641052284, 0.305142, 0.384980
1614699194698, 0.305101, 0.384932
1617757337112, 0.305054, 0.384878
1620815479527, 0.304944, 0.384816
1623873621941, 0.304889, 0.384751
1626931764355, 0.304847, 0.384692
1629989906769, 0.304771, 0.384625
1633048049183, 0.304737, 0.384575
1636106191598, 0.304710, 0.384531
1639164334012, 0.304658, 0.384462
1642222476426, 0.304621, 0.384400
1645280618840, 0.304586, 0.384344
1648338761254, 0.304528, 0.384287
1651396903669, 0.304487, 0.384243
1654455046083, 0.304451, 0.384188
1657513188497, 0.304410, 0.384125
1660571330911, 0.304365, 0.384071
1663629473325, 0.304323, 0.384014
1666687615740, 0.304291, 0.383969
1669745758154, 0.304227, 0.383905
1672803900568, 0.304183, 0.383855
1675862042982, 0.304124, 0.383790
1678920185396, 0.304027, 0.383731
1681978327811, 0.303976, 0.383666
1685036470225, 0.303943, 0.383612
1688094612639, 0.303899, 0.383546
1691152755053, 0.303853, 0.383491
1694210897467, 0.303807, 0.383434
1697269039882, 0.303735, 0.383368
1700327182296, 0.303687, 0.383302
1703385324710, 0.303635, 0.383246
1706443467124, 0.303598, 0.383201
1709501609538, 0.303555, 0.383131
1712559751953, 0.303526, 0.383088
1715617894367, 0.303457, 0.383029
1718676036781, 0.303406, 0.382980
1721734179195, 0.303353, 0.382932
1724792321609, 0.303320, 0.382883
1727850464024, 0.303278, 0.382822
1730908606438, 0.303239, 0.382764
1733966748852, 0.303138, 0.382707
1737024891266, 0.303099, 0.382655
1740083033680, 0.303061, 0.382599
1743141176095, 0.302976, 0.382542
1746199318509, 0.302920, 0.382499
1749257460923, 0.302872, 0.382442
1752315603337, 0.302835, 0.382399
1755373745751, 0.302755, 0.382345
1758431888166, 0.302699, 0.382295
1761490030580, 0.302660, 0.382238
1764548172994, 0.302529, 0.382174
1767606315408, 0.302502, 0.382130
1770664457822, 0.302466, 0.382076
1773722600237, 0.302426, 0.382024
1776780742651, 0.302378, 0.381976
1779838885065, 0.302339, 0.381930
1782897027479, 0.302299, 0.381878
1785955169893, 0.302251, 0.381814
1789013312308, 0.302227, 0.381782
1792071454722, 0.302180, 0.381729
1795129597136, 0.302150, 0.381683
1798187739550, 0.302131, 0.381651
1801245881964, 0.302102, 0.381599
1804304024379, 0.302080, 0.381569
1807362166793, 0.302052, 0.381530
1810420309207, 0.301989, 0.381484
1813478451621, 0.301951, 0.381435
1816536594035, 0.301919, 0.381400
1819594736450, 0.301892, 0.381365
1822652878864, 0.301875, 0.381331
1825711021278, 0.301841, 0.381292
1828769163692, 0.301777, 0.381250
1831827306106, 0.301745, 0.381199
1834885448521, 0.301679, 0.381148
1837943590935, 0.301647, 0.381094
1841001733349, 0.301620, 0.381057
1844059875763, 0.301585, 0.381006
1847118018178, 0.301547, 0.380957
1850176160592, 0.301494, 0.380916
1853234303006, 0.301468, 0.380881
1856292445420, 0.301403, 0.380829
1859350587834, 0.301361, 0.380790
1862408730249, 0.301322, 0.380749
1865466872663, 0.301274, 0.380700
1868525015077, 0.301241, 0.380662
1871583157491, 0.301188, 0.380637
1874641299905, 0.301163, 0.380593
1877699442320, 0.301129, 0.380542
1880757584734, 0.301100, 0.380490
1883815727148, 0.301061, 0.380454
1886873869562, 0.301035, 0.380410
1889932011976, 0.301001, 0.380379
1892990154391, 0.300961, 0.380341
1896048296805, 0.300905, 0.380302
1899106439219, 0.300878, 0.380260
1902164581633, 0.300835, 0.380205
1905222724047, 0.300806, 0.380164
1908280866462, 0.300771, 0.380122
1911339008876, 0.300741, 0.380087
1914397151290, 0.300713, 0.380048
1917455293704, 0.300670, 0.380011
1920513436118, 0.300642, 0.379971
1923571578533, 0.300607, 0.379922
1926629720947, 0.300584, 0.379887
1929687863361, 0.300555, 0.379848
1932746005775, 0.300534, 0.379818
1935804148189, 0.300478, 0.379771
1938862290604, 0.300438, 0.379718
1941920433018, 0.300394, 0.379681
1944978575432, 0.300371, 0.379647
1948036717846, 0.300348, 0.379617
1951094860260, 0.300326, 0.379584
1954153002675, 0.300279, 0.379545
1957211145089, 0.300253, 0.379513
1960269287503, 0.300231, 0.379478
1963327429917, 0.300208, 0.379444
1966385572331, 0.300172, 0.379407
1969443714746, 0.300152, 0.379376
1972501857160, 0.300132, 0.379340
1975559999574, 0.300110, 0.379311
1978618141988, 0.300066, 0.379278
1981676284402, 0.300045, 0.379244
1984734426817, 0.300023, 0.379208
1987792569231, 0.300008, 0.379180
1990850711645, 0.299981, 0.379145
1993908854059, 0.299958, 0.379113
1996966996473, 0.299924, 0.379063
2000025138888, 0.299897, 0.379027
2003083281302, 0.299850, 0.378991
2006141423716, 0.299836, 0.378966
2009199566130, 0.299792, 0.378931
2012257708544, 0.299775, 0.378904
2015315850959, 0.299748, 0.378879
2018373993373, 0.299700, 0.378857
2021432135787, 0.299685, 0.378828
2024490278201, 0.299664, 0.378797
2027548420615, 0.299632, 0.378759
2030606563030, 0.299611, 0.378733
2033664705444, 0.299589, 0.378698
2036722847858, 0.299564, 0.378654
2039780990272, 0.299496, 0.378612
2042839132686, 0.299461, 0.378579
2045897275101, 0.299419, 0.378550
2048955417515, 0.299359, 0.378518
2052013559929, 0.299338, 0.378482
2055071702343, 0.299298, 0.378459
2058129844757, 0.299252, 0.378416
2061187987172, 0.299233, 0.378388
2064246129586, 0.299208, 0.378358
2067304272000, 0.299175, 0.378321
2070362414414, 0.299161, 0.378299
2073420556828, 0.299120, 0.378271
2076478699243, 0.299101, 0.378240
2079536841657, 0.299080, 0.378214
2082594984071, 0.299063, 0.378183
2085653126485, 0.299043, 0.378144
2088711268899, 0.298961, 0.378113
2091769411314, 0.298939, 0.378086
2094827553728, 0.298911, 0.378054
2097885696142, 0.298895, 0.378023
2100943838556, 0.298876, 0.377999
2104001980970, 0.298843, 0.377973
2107060123385, 0.298827, 0.377950
2110118265799, 0.298809, 0.377924
2113176408213, 0.298784, 0.377892
2116234550627, 0.298765, 0.377862
2119292693041, 0.298740, 0.377836
2122350835456, 0.298723, 0.377813
2125408977870, 0.298690, 0.377781
2128467120284, 0.298634, 0.377747
2131525262698, 0.298619, 0.377731
2134583405112, 0.298599, 0.377700
2137641547527, 0.298575, 0.377668
2140699689941, 0.298543, 0.377643
2143757832355, 0.298510, 0.377603
2146815974769, 0.298464, 0.377579
2149874117184, 0.298384, 0.377553
2152932259598, 0.298357, 0.377518
2155990402012, 0.298337, 0.377486
2159048544426, 0.298324, 0.377459
2162106686840, 0.298292, 0.377440
2165164829255, 0.298281, 0.377421
2168222971669, 0.298265, 0.377397
2171281114083, 0.298243, 0.377364
2174339256497, 0.298222, 0.377337
2177397398911, 0.298197, 0.377311
2180455541326, 0.298177, 0.377283
2183513683740, 0.298118, 0.377252
2186571826154, 0.298101, 0.377227
2189629968568, 0.298058, 0.377209
2192688110982, 0.298047, 0.377190
2195746253397, 0.298021, 0.377168
2198804395811, 0.297982, 0.377134
2201862538225, 0.297967, 0.377108
2204920680639, 0.297925, 0.377079
2207978823053, 0.297901, 0.377056
2211036965468, 0.297881, 0.377030
2214095107882, 0.297870, 0.377010
2217153250296, 0.297847, 0.376979
2220211392710, 0.297817, 0.376957
2223269535124, 0.297789, 0.376930
2226327677539, 0.297767, 0.376911
2229385819953, 0.297730, 0.376890
2232443962367, 0.297716, 0.376867
2235502104781, 0.297703, 0.376846
2238560247195, 0.297690, 0.376830
2241618389610, 0.297676, 0.376807
2244676532024, 0.297661, 0.376782
2247734674438, 0.297651, 0.376764
2250792816852, 0.297634, 0.376736
2253850959266, 0.297619, 0.376715
2256909101681, 0.297606, 0.376695
2259967244095, 0.297589, 0.376670
2263025386509, 0.297574, 0.376647
2266083528923, 0.297558, 0.376618
2269141671337, 0.297539, 0.376598
2272199813752, 0.297530, 0.376585
2275257956166, 0.297508, 0.376557
2278316098580, 0.297443, 0.376534
2281374240994, 0.297428, 0.376511
2284432383408, 0.297414, 0.376491
2287490525823, 0.297397, 0.376465
2290548668237, 0.297366, 0.376438
2293606810651, 0.297349, 0.376415
2296664953065, 0.297325, 0.376391
2299723095479, 0.297310, 0.376366
2302781237894, 0.297301, 0.376349
2305839380308, 0.297290, 0.376324
2308897522722, 0.297269, 0.376303
2311955665136, 0.297255, 0.376282
2315013807550, 0.297242, 0.376258
2318071949965, 0.297228, 0.376235
2321130092379, 0.297220, 0.376221
2324188234793, 0.297201, 0.376195
2327246377207, 0.297193, 0.376184
2330304519621, 0.297174, 0.376154
2333362662036, 0.297153, 0.376133
2336420804450, 0.297110, 0.376112
2339478946864, 0.297091, 0.376090
2342537089278, 0.297080, 0.376068
2345595231692, 0.297034, 0.376044
2348653374107, 0.297022, 0.376022
2351711516521, 0.297014, 0.376008
2354769658935, 0.297000, 0.375994
2357827801349, 0.296991, 0.375981
2360885943763, 0.296966, 0.375967
2363944086178, 0.296944, 0.375948
2367002228592, 0.296930, 0.375927
2370060371006, 0.296919, 0.375910
2373118513420, 0.296901, 0.375885
2376176655834, 0.296866, 0.375868
2379234798249, 0.296841, 0.375845
2382292940663, 0.296790, 0.375820
2385351083077, 0.296780, 0.375802
2388409225491, 0.296767, 0.375784
2391467367905, 0.296753, 0.375771
2394525510320, 0.296730, 0.375752
2397583652734, 0.296684, 0.375728
2400641795148, 0.296674, 0.375711
2403699937562, 0.296667, 0.375699
2406758079976, 0.296654, 0.375680
2409816222391, 0.296650, 0.375673
2412874364805, 0.296642, 0.375658
2415932507219, 0.296628, 0.375643
2418990649633, 0.296617, 0.375630
2422048792047, 0.296604, 0.375609
2425106934462, 0.296594, 0.375593
2428165076876, 0.296547, 0.375577
2431223219290, 0.296535, 0.375563
2434281361704, 0.296497, 0.375551
2437339504118, 0.296446, 0.375536
2440397646533, 0.296431, 0.375513
2443455788947, 0.296424, 0.375501
2446513931361, 0.296414, 0.375486
2449572073775, 0.296393, 0.375462
2452630216190, 0.296381, 0.375446
2455688358604, 0.296371, 0.375431
2458746501018, 0.296351, 0.375413
2461804643432, 0.296322, 0.375394
2464862785846, 0.296315, 0.375381
2467920928261, 0.296302, 0.375357
2470979070675, 0.296292, 0.375345
2474037213089, 0.296283, 0.375331
2477095355503, 0.296263, 0.375309
2480153497917, 0.296254, 0.375297
2483211640332, 0.296249, 0.375285
2486269782746, 0.296238, 0.375272
2489327925160, 0.296229, 0.375256
2492386067574, 0.296210, 0.375241
2495444209988, 0.296203, 0.375232
2498502352403, 0.296198, 0.375220
2501560494817, 0.296191, 0.375212
2504618637231, 0.296143, 0.375197
2507676779645, 0.296131, 0.375186
2510734922059, 0.296116, 0.375165
2513793064474, 0.296102, 0.375142
2516851206888, 0.296094, 0.375126
2519909349302, 0.296077, 0.375104
2522967491716, 0.296065, 0.375087
2526025634130, 0.296052, 0.375071
2529083776545, 0.296038, 0.375050
2532141918959, 0.296027, 0.375044
2535200061373, 0.296017, 0.375027
2538258203787, 0.296006, 0.375012
2541316346201, 0.295988, 0.374997
2544374488616, 0.295978, 0.374977
2547432631030, 0.295968, 0.374965
2550490773444, 0.295958, 0.374947
2553548915858, 0.295940, 0.374939
2556607058272, 0.295936, 0.374928
2559665200687, 0.295903, 0.374916
2562723343101, 0.295898, 0.374909
2565781485515, 0.295890, 0.374895
2568839627929, 0.295878, 0.374880
2571897770343, 0.295824, 0.374868
2574955912758, 0.295814, 0.374860
2578014055172, 0.295806, 0.374847
2581072197586, 0.295799, 0.374836
2584130340000, 0.295787, 0.374820
2587188482414, 0.295784, 0.374813
2590246624829, 0.295780, 0.374804
2593304767243, 0.295768, 0.374788
2596362909657, 0.295758, 0.374775
2599421052071, 0.295747, 0.374754
2602479194485, 0.295739, 0.374739
2605537336900, 0.295735, 0.374731
2608595479314, 0.295731, 0.374722
2611653621728, 0.295715, 0.374713
2614711764142, 0.295691, 0.374699
2617769906556, 0.295686, 0.374689
2620828048971, 0.295677, 0.374676
2623886191385, 0.295656, 0.374667
2626944333799, 0.295646, 0.374649
2630002476213, 0.295602, 0.374639
2633060618627, 0.295595, 0.374626
2636118761042, 0.295588, 0.374618
2639176903456, 0.295585, 0.374612
2642235045870, 0.295577, 0.374603
2645293188284, 0.295545, 0.374591
2648351330698, 0.295537, 0.374583
2651409473113, 0.295526, 0.374574
2654467615527, 0.295523, 0.374566
2657525757941, 0.295517, 0.374556
2660583900355, 0.295510, 0.374545
2663642042769, 0.295485, 0.374538
2666700185184, 0.295466, 0.374523
2669758327598, 0.295460, 0.374512
2672816470012, 0.295421, 0.374501
2675874612426, 0.295413, 0.374489
2678932754840, 0.295398, 0.374481
2681990897255, 0.295392, 0.374473
2685049039669, 0.295340, 0.374461
2688107182083, 0.295331, 0.374451
2691165324497, 0.295323, 0.374436
2694223466911, 0.295314, 0.374423
2697281609326, 0.295309, 0.374415
2700339751740, 0.295307, 0.374410
2703397894154, 0.295303, 0.374402
2706456036568, 0.295297, 0.374393
2709514178982, 0.295290, 0.374384
2712572321397, 0.295276, 0.374381
2715630463811, 0.295270, 0.374372
2718688606225, 0.295269, 0.374369
2721746748639, 0.295263, 0.374359
2724804891053, 0.295257, 0.374351
2727863033468, 0.295255, 0.374348
2730921175882, 0.295251, 0.374341
2733979318296, 0.295246, 0.374330
2737037460710, 0.295241, 0.374320
2740095603124, 0.295234, 0.374311
2743153745539, 0.295226, 0.374298
2746211887953, 0.295222, 0.374293
2749270030367, 0.295209, 0.374281
2752328172781, 0.295207, 0.374278
2755386315196, 0.295203, 0.374268
2758444457610, 0.295198, 0.374260
2761502600024, 0.295193, 0.374255
2764560742438, 0.295190, 0.374248
2767618884852, 0.295185, 0.374242
2770677027267, 0.295182, 0.374237
2773735169681, 0.295178, 0.374234
2776793312095, 0.295168, 0.374221
2779851454509, 0.295164, 0.374211
2782909596923, 0.295147, 0.374207
2785967739338, 0.295142, 0.374197
2789025881752, 0.295139, 0.374190
2792084024166, 0.295133, 0.374182
2795142166580, 0.295128, 0.374175
2798200308994, 0.295128, 0.374175
2801258451409, 0.295120, 0.374163
2804316593823, 0.295113, 0.374158
2807374736237, 0.295108, 0.374148
2810432878651, 0.295105, 0.374140
2813491021065, 0.295101, 0.374133
2816549163480, 0.295097, 0.374127
2819607305894, 0.295095, 0.374125
2822665448308, 0.295091, 0.374119
2825723590722, 0.295084, 0.374108
2828781733136, 0.295082, 0.374105
2831839875551, 0.295078, 0.374098
2834898017965, 0.295073, 0.374092
2837956160379, 0.295068, 0.374084
2841014302793, 0.295050, 0.374078
2844072445207, 0.295045, 0.374072
2847130587622, 0.295044, 0.374069
2850188730036, 0.295040, 0.374065
2853246872450, 0.295040, 0.374064
2856305014864, 0.295038, 0.374060
2859363157278, 0.295031, 0.374051
2862421299693, 0.295030, 0.374049
2865479442107, 0.295029, 0.374047
2868537584521, 0.295026, 0.374043
2871595726935, 0.295021, 0.374038
2874653869349, 0.295018, 0.374035
2877712011764, 0.295014, 0.374030
2880770154178, 0.295012, 0.374026
2883828296592, 0.295008, 0.374024
2886886439006, 0.295005, 0.374018
2889944581420, 0.295003, 0.374014
2893002723835, 0.295003, 0.374013
2896060866249, 0.295003, 0.374012
2899119008663, 0.294998, 0.374008
2902177151077, 0.294977, 0.374005
2905235293491, 0.294971, 0.373995
2908293435906, 0.294966, 0.373990
2911351578320, 0.294966, 0.373988
2914409720734, 0.294962, 0.373982
2917467863148, 0.294961, 0.373980
2920526005562, 0.294961, 0.373978
2923584147977, 0.294958, 0.373973
2926642290391, 0.294957, 0.373971
2929700432805, 0.294953, 0.373966
2932758575219, 0.294952, 0.373962
2935816717633, 0.294950, 0.373959
2938874860048, 0.294947, 0.373957
2941933002462, 0.294930, 0.373951
2944991144876, 0.294927, 0.373948
2948049287290, 0.294924, 0.373945
2951107429704, 0.294920, 0.373937
2954165572119, 0.294919, 0.373933
2957223714533, 0.294917, 0.373931
2960281856947, 0.294911, 0.373923
2963339999361, 0.294910, 0.373922
2966398141775, 0.294907, 0.373919
2969456284190, 0.294903, 0.373913
2972514426604, 0.294903, 0.373913
2975572569018, 0.294903, 0.373913
2978630711432, 0.294901, 0.373909
2981688853846, 0.294899, 0.373905
2984746996261, 0.294897, 0.373903
2987805138675, 0.294894, 0.373900
2990863281089, 0.294893, 0.373898
2993921423503, 0.294893, 0.373897
2996979565917, 0.294891, 0.373896
3000037708332, 0.294891, 0.373894
3003095850746, 0.294889, 0.373892
3006153993160, 0.294888, 0.373890
3009212135574, 0.294886, 0.373888
3012270277988, 0.294884, 0.373885
3015328420403, 0.294884, 0.373885
3018386562817, 0.294884, 0.373885
3021444705231, 0.294883, 0.373882
3024502847645, 0.294882, 0.373881
3027560990059, 0.294882, 0.373880
3030619132474, 0.294882, 0.373880
3033677274888, 0.294882, 0.373880
3036735417302, 0.294882, 0.373879
3039793559716, 0.294882, 0.373879
3042851702130, 0.294882, 0.373879
3045909844545, 0.294882, 0.373879
3048967986959, 0.294882, 0.373878
3052026129373, 0.294881, 0.373877
3055084271787, 0.294881, 0.373877
3058142414202, 0.294879, 0.373876
Time used: 2255 ms
