logging to /opt/shards_res_1000/2016020500-2016020600_unique/tenant_5_profile_res-FIX_RATE-SHARDS-0.01.csvtracefile: /data1/tenant_trace/2016020500-2016020600_unique/tenant_5_trace
open file /data1/tenant_trace/2016020500-2016020600_unique/tenant_5_trace
read 1000000 lines
read 2000000 lines
read 3000000 lines
read 4000000 lines
read 5000000 lines
read 6000000 lines
read 7000000 lines
read 8000000 lines
read 9000000 lines
read 10000000 lines
read 11000000 lines
read 12000000 lines
read 13000000 lines
read 14000000 lines
read 15000000 lines
read 16000000 lines
read 17000000 lines
read 18000000 lines
read 19000000 lines
read 20000000 lines
read 21000000 lines
read 22000000 lines
read 23000000 lines
read 24000000 lines
read 25000000 lines
read 26000000 lines
read 27000000 lines
read 28000000 lines
read 29000000 lines
read 30000000 lines
read 31000000 lines
read 32000000 lines
read 33000000 lines
read 34000000 lines
read 35000000 lines
read 36000000 lines
read 37000000 lines
read 38000000 lines
read 39000000 lines
read 40000000 lines
read 41000000 lines
read 42000000 lines
read 43000000 lines
read 44000000 lines
read 45000000 lines
read 46000000 lines
read 47000000 lines
read 48000000 lines
read 49000000 lines
read 50000000 lines
read 51000000 lines
read 52000000 lines
read 53000000 lines
read 54000000 lines
read 55000000 lines
read 56000000 lines
read 57000000 lines
read 58000000 lines
read 59000000 lines
read 60000000 lines
read 61000000 lines
read 62000000 lines
read 63000000 lines
read 64000000 lines
read 65000000 lines
read 66000000 lines
read 67000000 lines
read 68000000 lines
read 69000000 lines
read 70000000 lines
read 71000000 lines
read 72000000 lines
read 73000000 lines
read 74000000 lines
read 75000000 lines
read 76000000 lines
read 77000000 lines
read 78000000 lines
read 79000000 lines
read 80000000 lines
read 81000000 lines
read 82000000 lines
read 83000000 lines
read 84000000 lines
read 85000000 lines
read 86000000 lines
read 87000000 lines
read 88000000 lines
read 89000000 lines
read 90000000 lines
read 91000000 lines
read 92000000 lines
read 93000000 lines
read 94000000 lines
read 95000000 lines
read 96000000 lines
read 97000000 lines
read 98000000 lines
read 99000000 lines
read 100000000 lines
read 101000000 lines
read 102000000 lines
read 103000000 lines
read 104000000 lines
read 105000000 lines
read 106000000 lines
read 107000000 lines
read 108000000 lines
read 109000000 lines
read 110000000 lines
read 111000000 lines
read 112000000 lines
read 113000000 lines
read 114000000 lines
read 115000000 lines
read 116000000 lines
read 117000000 lines
read 118000000 lines
read 119000000 lines
read 120000000 lines
read 121000000 lines
read 122000000 lines
read 123000000 lines
read 124000000 lines
read 125000000 lines
read 126000000 lines
read 127000000 lines
read 128000000 lines
read 129000000 lines
read 130000000 lines
read 131000000 lines
read 132000000 lines
read 133000000 lines
read 134000000 lines
read 135000000 lines
read 136000000 lines
read 137000000 lines
read 138000000 lines
read 139000000 lines
read 140000000 lines
read 141000000 lines
read 142000000 lines
read 143000000 lines
read 144000000 lines
read 145000000 lines
read 146000000 lines
read 147000000 lines
read 148000000 lines
read 149000000 lines
read 150000000 lines
read 151000000 lines
read 152000000 lines
read 153000000 lines
read 154000000 lines
read 155000000 lines
read 156000000 lines
read 157000000 lines
read 158000000 lines
[FILE]: /data1/tenant_trace/2016020500-2016020600_unique/tenant_5_trace
total_access_num: 158886785
total_access_size: 6604500738323
unique_access_num: 44189694
unique_access_size: 1831881504025
min_item_size: 1
[method]: SHARDS
[metric]: MAE
[seed]: 42
[sample_method]: FIX_RATE
[sample_metric]: 0.01
MAEQ_factor: 1.028668
cache_size, BMRC_ratio, OMRC_ratio
1831881504, 0.862025, 0.875024
3663763008, 0.828432, 0.838608
5495644512, 0.803483, 0.811877
7327526016, 0.782467, 0.789872
9159407520, 0.764612, 0.771107
10991289024, 0.748904, 0.754693
12823170528, 0.734497, 0.739686
14655052032, 0.721393, 0.726097
16486933536, 0.709275, 0.713542
18318815040, 0.697957, 0.701852
20150696544, 0.687521, 0.691072
21982578048, 0.677795, 0.681021
23814459552, 0.668509, 0.671508
25646341056, 0.659675, 0.662518
27478222560, 0.651545, 0.654165
29310104064, 0.643613, 0.646001
31141985568, 0.636070, 0.638255
32973867072, 0.628840, 0.630854
34805748576, 0.621948, 0.623829
36637630080, 0.615509, 0.617215
38469511584, 0.609021, 0.610634
40301393088, 0.603012, 0.604472
42133274592, 0.597154, 0.598443
43965156096, 0.591442, 0.592671
45797037600, 0.585972, 0.587139
47628919104, 0.580780, 0.581872
49460800608, 0.575744, 0.576784
51292682112, 0.570973, 0.571868
53124563616, 0.566288, 0.567141
54956445120, 0.561844, 0.562632
56788326624, 0.557432, 0.558207
58620208128, 0.553018, 0.553781
60452089632, 0.548778, 0.549515
62283971136, 0.544591, 0.545314
64115852640, 0.540674, 0.541410
65947734144, 0.536849, 0.537542
67779615648, 0.533206, 0.533807
69611497152, 0.529585, 0.530170
71443378656, 0.526050, 0.526665
73275260161, 0.522643, 0.523214
75107141665, 0.519264, 0.519945
76939023169, 0.515961, 0.516661
78770904673, 0.512806, 0.513534
80602786177, 0.509670, 0.510395
82434667681, 0.506679, 0.507369
84266549185, 0.503721, 0.504403
86098430689, 0.500798, 0.501525
87930312193, 0.497911, 0.498589
89762193697, 0.495183, 0.495856
91594075201, 0.492574, 0.493243
93425956705, 0.489818, 0.490547
95257838209, 0.487230, 0.487977
97089719713, 0.484686, 0.485421
98921601217, 0.482283, 0.482977
100753482721, 0.479835, 0.480579
102585364225, 0.477422, 0.478209
104417245729, 0.475157, 0.475938
106249127233, 0.472878, 0.473643
108081008737, 0.470706, 0.471429
109912890241, 0.468629, 0.469327
111744771745, 0.466551, 0.467235
113576653249, 0.464437, 0.465150
115408534753, 0.462414, 0.463103
117240416257, 0.460384, 0.461071
119072297761, 0.458449, 0.459136
120904179265, 0.456460, 0.457187
122736060769, 0.454519, 0.455275
124567942273, 0.452647, 0.453463
126399823777, 0.450757, 0.451577
128231705281, 0.448986, 0.449813
130063586785, 0.447172, 0.448056
131895468289, 0.445438, 0.446331
133727349793, 0.443807, 0.444702
135559231297, 0.442076, 0.442999
137391112801, 0.440381, 0.441319
139222994305, 0.438841, 0.439769
141054875809, 0.437264, 0.438193
142886757313, 0.435625, 0.436638
144718638817, 0.434145, 0.435199
146550520322, 0.432589, 0.433642
148382401826, 0.431103, 0.432142
150214283330, 0.429647, 0.430679
152046164834, 0.428138, 0.429225
153878046338, 0.426664, 0.427775
155709927842, 0.425261, 0.426380
157541809346, 0.423930, 0.425061
159373690850, 0.422530, 0.423702
161205572354, 0.421167, 0.422347
163037453858, 0.419744, 0.420940
164869335362, 0.418383, 0.419593
166701216866, 0.417073, 0.418280
168533098370, 0.415770, 0.417024
170364979874, 0.414515, 0.415767
172196861378, 0.413274, 0.414553
174028742882, 0.411974, 0.413311
175860624386, 0.410760, 0.412117
177692505890, 0.409555, 0.410929
179524387394, 0.408387, 0.409798
181356268898, 0.407268, 0.408664
183188150402, 0.406153, 0.407536
185020031906, 0.405026, 0.406403
186851913410, 0.403897, 0.405299
188683794914, 0.402800, 0.404215
190515676418, 0.401740, 0.403155
192347557922, 0.400705, 0.402146
194179439426, 0.399594, 0.401079
196011320930, 0.398528, 0.400044
197843202434, 0.397485, 0.398994
199675083938, 0.396480, 0.397984
201506965442, 0.395469, 0.396992
203338846946, 0.394493, 0.396036
205170728450, 0.393521, 0.395055
207002609954, 0.392572, 0.394099
208834491458, 0.391644, 0.393173
210666372962, 0.390723, 0.392221
212498254466, 0.389813, 0.391332
214330135970, 0.388868, 0.390387
216162017474, 0.387984, 0.389522
217993898978, 0.387052, 0.388617
219825780483, 0.386144, 0.387712
221657661987, 0.385233, 0.386837
223489543491, 0.384398, 0.386002
225321424995, 0.383539, 0.385158
227153306499, 0.382735, 0.384358
228985188003, 0.381872, 0.383516
230817069507, 0.381077, 0.382715
232648951011, 0.380231, 0.381882
234480832515, 0.379454, 0.381128
236312714019, 0.378692, 0.380362
238144595523, 0.377923, 0.379577
239976477027, 0.377146, 0.378808
241808358531, 0.376335, 0.378034
243640240035, 0.375576, 0.377285
245472121539, 0.374808, 0.376546
247304003043, 0.374032, 0.375794
249135884547, 0.373277, 0.375053
250967766051, 0.372557, 0.374352
252799647555, 0.371848, 0.373658
254631529059, 0.371132, 0.372945
256463410563, 0.370436, 0.372236
258295292067, 0.369795, 0.371581
260127173571, 0.369127, 0.370920
261959055075, 0.368490, 0.370279
263790936579, 0.367761, 0.369579
265622818083, 0.367117, 0.368943
267454699587, 0.366478, 0.368305
269286581091, 0.365779, 0.367639
271118462595, 0.365122, 0.367010
272950344099, 0.364466, 0.366354
274782225603, 0.363749, 0.365662
276614107107, 0.363136, 0.365044
278445988611, 0.362518, 0.364432
280277870115, 0.361917, 0.363836
282109751619, 0.361342, 0.363258
283941633123, 0.360734, 0.362655
285773514627, 0.360125, 0.362066
287605396131, 0.359527, 0.361478
289437277635, 0.358914, 0.360877
291269159139, 0.358332, 0.360297
293101040644, 0.357807, 0.359765
294932922148, 0.357266, 0.359223
296764803652, 0.356725, 0.358694
298596685156, 0.356197, 0.358154
300428566660, 0.355664, 0.357618
302260448164, 0.355082, 0.357047
304092329668, 0.354578, 0.356533
305924211172, 0.354065, 0.356030
307756092676, 0.353518, 0.355516
309587974180, 0.353006, 0.355028
311419855684, 0.352464, 0.354506
313251737188, 0.351934, 0.353982
315083618692, 0.351462, 0.353499
316915500196, 0.350950, 0.352980
318747381700, 0.350453, 0.352487
320579263204, 0.349943, 0.352011
322411144708, 0.349471, 0.351529
324243026212, 0.348969, 0.351050
326074907716, 0.348513, 0.350578
327906789220, 0.348023, 0.350102
329738670724, 0.347532, 0.349611
331570552228, 0.347056, 0.349139
333402433732, 0.346564, 0.348662
335234315236, 0.346098, 0.348217
337066196740, 0.345650, 0.347775
338898078244, 0.345189, 0.347313
340729959748, 0.344767, 0.346874
342561841252, 0.344315, 0.346439
344393722756, 0.343873, 0.346010
346225604260, 0.343458, 0.345589
348057485764, 0.343039, 0.345155
349889367268, 0.342594, 0.344694
351721248772, 0.342187, 0.344284
353553130276, 0.341752, 0.343847
355385011780, 0.341336, 0.343415
357216893284, 0.340917, 0.343005
359048774788, 0.340485, 0.342592
360880656292, 0.340065, 0.342177
362712537796, 0.339676, 0.341786
364544419300, 0.339239, 0.341342
366376300805, 0.338826, 0.340936
368208182309, 0.338463, 0.340554
370040063813, 0.338087, 0.340167
371871945317, 0.337711, 0.339784
373703826821, 0.337321, 0.339389
375535708325, 0.336954, 0.339010
377367589829, 0.336582, 0.338636
379199471333, 0.336206, 0.338252
381031352837, 0.335844, 0.337880
382863234341, 0.335459, 0.337529
384695115845, 0.335106, 0.337168
386526997349, 0.334719, 0.336787
388358878853, 0.334369, 0.336421
390190760357, 0.334013, 0.336053
392022641861, 0.333651, 0.335708
393854523365, 0.333308, 0.335362
395686404869, 0.332991, 0.335051
397518286373, 0.332650, 0.334700
399350167877, 0.332308, 0.334370
401182049381, 0.331952, 0.334003
403013930885, 0.331574, 0.333648
404845812389, 0.331233, 0.333301
406677693893, 0.330888, 0.332947
408509575397, 0.330549, 0.332602
410341456901, 0.330219, 0.332275
412173338405, 0.329877, 0.331954
414005219909, 0.329546, 0.331616
415837101413, 0.329216, 0.331301
417668982917, 0.328900, 0.330989
419500864421, 0.328608, 0.330692
421332745925, 0.328335, 0.330413
423164627429, 0.328016, 0.330094
424996508933, 0.327694, 0.329765
426828390437, 0.327358, 0.329437
428660271941, 0.327019, 0.329110
430492153445, 0.326698, 0.328796
432324034949, 0.326407, 0.328496
434155916453, 0.326122, 0.328215
435987797957, 0.325826, 0.327925
437819679461, 0.325527, 0.327620
439651560966, 0.325241, 0.327331
441483442470, 0.324919, 0.327018
443315323974, 0.324631, 0.326731
445147205478, 0.324337, 0.326440
446979086982, 0.324047, 0.326140
448810968486, 0.323765, 0.325861
450642849990, 0.323487, 0.325574
452474731494, 0.323216, 0.325297
454306612998, 0.322959, 0.325027
456138494502, 0.322686, 0.324758
457970376006, 0.322396, 0.324472
459802257510, 0.322121, 0.324201
461634139014, 0.321854, 0.323937
463466020518, 0.321598, 0.323675
465297902022, 0.321338, 0.323415
467129783526, 0.321055, 0.323149
468961665030, 0.320796, 0.322894
470793546534, 0.320535, 0.322643
472625428038, 0.320263, 0.322383
474457309542, 0.319990, 0.322125
476289191046, 0.319751, 0.321877
478121072550, 0.319492, 0.321623
479952954054, 0.319244, 0.321364
481784835558, 0.318982, 0.321107
483616717062, 0.318739, 0.320868
485448598566, 0.318490, 0.320624
487280480070, 0.318261, 0.320393
489112361574, 0.318026, 0.320147
490944243078, 0.317766, 0.319902
492776124582, 0.317506, 0.319674
494608006086, 0.317261, 0.319440
496439887590, 0.317029, 0.319204
498271769094, 0.316806, 0.318988
500103650598, 0.316571, 0.318748
501935532102, 0.316315, 0.318501
503767413606, 0.316062, 0.318254
505599295110, 0.315831, 0.318032
507431176614, 0.315594, 0.317807
509263058118, 0.315350, 0.317563
511094939622, 0.315128, 0.317341
512926821127, 0.314916, 0.317133
514758702631, 0.314710, 0.316922
516590584135, 0.314498, 0.316704
518422465639, 0.314273, 0.316485
520254347143, 0.314054, 0.316268
522086228647, 0.313818, 0.316055
523918110151, 0.313605, 0.315846
525749991655, 0.313394, 0.315634
527581873159, 0.313203, 0.315429
529413754663, 0.312966, 0.315186
531245636167, 0.312743, 0.314971
533077517671, 0.312549, 0.314771
534909399175, 0.312361, 0.314580
536741280679, 0.312163, 0.314381
538573162183, 0.311959, 0.314165
540405043687, 0.311738, 0.313944
542236925191, 0.311554, 0.313746
544068806695, 0.311350, 0.313544
545900688199, 0.311139, 0.313338
547732569703, 0.310943, 0.313141
549564451207, 0.310758, 0.312951
551396332711, 0.310567, 0.312753
553228214215, 0.310381, 0.312564
555060095719, 0.310190, 0.312369
556891977223, 0.309997, 0.312172
558723858727, 0.309794, 0.311969
560555740231, 0.309600, 0.311775
562387621735, 0.309430, 0.311594
564219503239, 0.309249, 0.311418
566051384743, 0.309045, 0.311213
567883266247, 0.308867, 0.311032
569715147751, 0.308676, 0.310853
571547029255, 0.308478, 0.310660
573378910759, 0.308295, 0.310464
575210792263, 0.308116, 0.310286
577042673767, 0.307951, 0.310125
578874555271, 0.307768, 0.309950
580706436775, 0.307613, 0.309796
582538318279, 0.307441, 0.309611
584370199783, 0.307259, 0.309427
586202081288, 0.307089, 0.309252
588033962792, 0.306916, 0.309069
589865844296, 0.306723, 0.308892
591697725800, 0.306562, 0.308741
593529607304, 0.306385, 0.308565
595361488808, 0.306223, 0.308410
597193370312, 0.306062, 0.308241
599025251816, 0.305883, 0.308052
600857133320, 0.305716, 0.307878
602689014824, 0.305549, 0.307714
604520896328, 0.305405, 0.307561
606352777832, 0.305240, 0.307393
608184659336, 0.305072, 0.307220
610016540840, 0.304908, 0.307063
611848422344, 0.304766, 0.306917
613680303848, 0.304631, 0.306771
615512185352, 0.304478, 0.306617
617344066856, 0.304330, 0.306466
619175948360, 0.304194, 0.306333
621007829864, 0.304035, 0.306172
622839711368, 0.303898, 0.306024
624671592872, 0.303738, 0.305868
626503474376, 0.303588, 0.305705
628335355880, 0.303450, 0.305557
630167237384, 0.303310, 0.305414
631999118888, 0.303174, 0.305273
633831000392, 0.303033, 0.305139
635662881896, 0.302879, 0.304993
637494763400, 0.302719, 0.304833
639326644904, 0.302590, 0.304700
641158526408, 0.302449, 0.304557
642990407912, 0.302315, 0.304416
644822289416, 0.302180, 0.304277
646654170920, 0.302052, 0.304135
648486052424, 0.301924, 0.304000
650317933928, 0.301768, 0.303850
652149815432, 0.301607, 0.303701
653981696936, 0.301471, 0.303570
655813578440, 0.301335, 0.303426
657645459944, 0.301203, 0.303299
659477341449, 0.301076, 0.303163
661309222953, 0.300939, 0.303022
663141104457, 0.300780, 0.302877
664972985961, 0.300663, 0.302752
666804867465, 0.300511, 0.302608
668636748969, 0.300394, 0.302477
670468630473, 0.300279, 0.302349
672300511977, 0.300153, 0.302215
674132393481, 0.300037, 0.302091
675964274985, 0.299922, 0.301969
677796156489, 0.299791, 0.301848
679628037993, 0.299675, 0.301726
681459919497, 0.299569, 0.301609
683291801001, 0.299471, 0.301500
685123682505, 0.299343, 0.301377
686955564009, 0.299217, 0.301244
688787445513, 0.299090, 0.301126
690619327017, 0.298971, 0.300995
692451208521, 0.298859, 0.300877
694283090025, 0.298739, 0.300751
696114971529, 0.298616, 0.300627
697946853033, 0.298511, 0.300517
699778734537, 0.298415, 0.300412
701610616041, 0.298298, 0.300288
703442497545, 0.298180, 0.300164
705274379049, 0.298060, 0.300043
707106260553, 0.297958, 0.299938
708938142057, 0.297855, 0.299827
710770023561, 0.297766, 0.299729
712601905065, 0.297649, 0.299619
714433786569, 0.297555, 0.299515
716265668073, 0.297455, 0.299407
718097549577, 0.297345, 0.299286
719929431081, 0.297239, 0.299182
721761312585, 0.297134, 0.299070
723593194089, 0.297011, 0.298960
725425075593, 0.296900, 0.298849
727256957097, 0.296808, 0.298754
729088838601, 0.296724, 0.298656
730920720105, 0.296611, 0.298544
732752601610, 0.296509, 0.298446
734584483114, 0.296404, 0.298345
736416364618, 0.296287, 0.298228
738248246122, 0.296197, 0.298136
740080127626, 0.296095, 0.298031
741912009130, 0.295999, 0.297929
743743890634, 0.295910, 0.297831
745575772138, 0.295794, 0.297722
747407653642, 0.295703, 0.297623
749239535146, 0.295589, 0.297506
751071416650, 0.295509, 0.297428
752903298154, 0.295399, 0.297316
754735179658, 0.295309, 0.297216
756567061162, 0.295209, 0.297115
758398942666, 0.295091, 0.297004
760230824170, 0.294986, 0.296893
762062705674, 0.294895, 0.296792
763894587178, 0.294789, 0.296683
765726468682, 0.294694, 0.296581
767558350186, 0.294597, 0.296487
769390231690, 0.294505, 0.296395
771222113194, 0.294393, 0.296280
773053994698, 0.294300, 0.296187
774885876202, 0.294213, 0.296093
776717757706, 0.294121, 0.296001
778549639210, 0.294018, 0.295916
780381520714, 0.293919, 0.295815
782213402218, 0.293831, 0.295723
784045283722, 0.293746, 0.295636
785877165226, 0.293668, 0.295555
787709046730, 0.293589, 0.295468
789540928234, 0.293504, 0.295378
791372809738, 0.293399, 0.295276
793204691242, 0.293311, 0.295186
795036572746, 0.293225, 0.295102
796868454250, 0.293145, 0.295015
798700335754, 0.293061, 0.294928
800532217258, 0.292980, 0.294836
802364098762, 0.292882, 0.294730
804195980266, 0.292806, 0.294649
806027861771, 0.292708, 0.294556
807859743275, 0.292635, 0.294476
809691624779, 0.292542, 0.294370
811523506283, 0.292452, 0.294281
813355387787, 0.292361, 0.294192
815187269291, 0.292253, 0.294096
817019150795, 0.292175, 0.294016
818851032299, 0.292103, 0.293936
820682913803, 0.292030, 0.293859
822514795307, 0.291947, 0.293779
824346676811, 0.291869, 0.293694
826178558315, 0.291792, 0.293614
828010439819, 0.291711, 0.293530
829842321323, 0.291623, 0.293440
831674202827, 0.291540, 0.293354
833506084331, 0.291444, 0.293256
835337965835, 0.291370, 0.293172
837169847339, 0.291299, 0.293091
839001728843, 0.291228, 0.293016
840833610347, 0.291139, 0.292923
842665491851, 0.291052, 0.292838
844497373355, 0.290983, 0.292757
846329254859, 0.290895, 0.292675
848161136363, 0.290833, 0.292603
849993017867, 0.290753, 0.292519
851824899371, 0.290683, 0.292444
853656780875, 0.290611, 0.292366
855488662379, 0.290538, 0.292291
857320543883, 0.290460, 0.292213
859152425387, 0.290381, 0.292136
860984306891, 0.290299, 0.292060
862816188395, 0.290219, 0.291980
864648069899, 0.290144, 0.291897
866479951403, 0.290079, 0.291824
868311832907, 0.290012, 0.291756
870143714411, 0.289934, 0.291680
871975595915, 0.289856, 0.291602
873807477419, 0.289788, 0.291535
875639358923, 0.289722, 0.291469
877471240427, 0.289641, 0.291386
879303121932, 0.289569, 0.291316
881135003436, 0.289477, 0.291228
882966884940, 0.289407, 0.291155
884798766444, 0.289340, 0.291088
886630647948, 0.289278, 0.291021
888462529452, 0.289207, 0.290946
890294410956, 0.289141, 0.290877
892126292460, 0.289064, 0.290802
893958173964, 0.289008, 0.290741
895790055468, 0.288935, 0.290668
897621936972, 0.288864, 0.290591
899453818476, 0.288799, 0.290524
901285699980, 0.288740, 0.290460
903117581484, 0.288670, 0.290389
904949462988, 0.288599, 0.290312
906781344492, 0.288533, 0.290245
908613225996, 0.288469, 0.290177
910445107500, 0.288392, 0.290107
912276989004, 0.288324, 0.290039
914108870508, 0.288264, 0.289975
915940752012, 0.288201, 0.289906
917772633516, 0.288139, 0.289839
919604515020, 0.288073, 0.289773
921436396524, 0.288012, 0.289706
923268278028, 0.287960, 0.289652
925100159532, 0.287894, 0.289587
926932041036, 0.287832, 0.289521
928763922540, 0.287775, 0.289462
930595804044, 0.287718, 0.289399
932427685548, 0.287671, 0.289346
934259567052, 0.287600, 0.289277
936091448556, 0.287552, 0.289222
937923330060, 0.287504, 0.289169
939755211564, 0.287437, 0.289099
941587093068, 0.287388, 0.289042
943418974572, 0.287334, 0.288992
945250856076, 0.287281, 0.288938
947082737580, 0.287224, 0.288876
948914619084, 0.287175, 0.288827
950746500588, 0.287115, 0.288766
952578382093, 0.287074, 0.288715
954410263597, 0.287015, 0.288655
956242145101, 0.286957, 0.288592
958074026605, 0.286897, 0.288525
959905908109, 0.286837, 0.288464
961737789613, 0.286782, 0.288406
963569671117, 0.286721, 0.288343
965401552621, 0.286665, 0.288285
967233434125, 0.286610, 0.288226
969065315629, 0.286559, 0.288173
970897197133, 0.286511, 0.288115
972729078637, 0.286460, 0.288056
974560960141, 0.286410, 0.288005
976392841645, 0.286348, 0.287942
978224723149, 0.286296, 0.287884
980056604653, 0.286243, 0.287827
981888486157, 0.286198, 0.287775
983720367661, 0.286148, 0.287719
985552249165, 0.286097, 0.287664
987384130669, 0.286048, 0.287612
989216012173, 0.286007, 0.287570
991047893677, 0.285963, 0.287522
992879775181, 0.285915, 0.287470
994711656685, 0.285871, 0.287427
996543538189, 0.285832, 0.287386
998375419693, 0.285780, 0.287334
1000207301197, 0.285734, 0.287292
1002039182701, 0.285674, 0.287235
1003871064205, 0.285617, 0.287185
1005702945709, 0.285574, 0.287135
1007534827213, 0.285527, 0.287091
1009366708717, 0.285478, 0.287036
1011198590221, 0.285430, 0.286983
1013030471725, 0.285382, 0.286932
1014862353229, 0.285316, 0.286875
1016694234733, 0.285274, 0.286830
1018526116237, 0.285228, 0.286778
1020357997741, 0.285180, 0.286728
1022189879245, 0.285142, 0.286690
1024021760749, 0.285090, 0.286639
1025853642254, 0.285040, 0.286589
1027685523758, 0.284996, 0.286545
1029517405262, 0.284950, 0.286498
1031349286766, 0.284909, 0.286449
1033181168270, 0.284855, 0.286395
1035013049774, 0.284810, 0.286348
1036844931278, 0.284768, 0.286308
1038676812782, 0.284715, 0.286259
1040508694286, 0.284668, 0.286206
1042340575790, 0.284617, 0.286160
1044172457294, 0.284576, 0.286117
1046004338798, 0.284532, 0.286079
1047836220302, 0.284500, 0.286044
1049668101806, 0.284447, 0.285995
1051499983310, 0.284409, 0.285958
1053331864814, 0.284371, 0.285913
1055163746318, 0.284340, 0.285872
1056995627822, 0.284294, 0.285822
1058827509326, 0.284249, 0.285777
1060659390830, 0.284210, 0.285732
1062491272334, 0.284182, 0.285700
1064323153838, 0.284144, 0.285663
1066155035342, 0.284098, 0.285612
1067986916846, 0.284055, 0.285572
1069818798350, 0.284015, 0.285532
1071650679854, 0.283980, 0.285498
1073482561358, 0.283936, 0.285454
1075314442862, 0.283900, 0.285418
1077146324366, 0.283857, 0.285372
1078978205870, 0.283826, 0.285335
1080810087374, 0.283784, 0.285288
1082641968878, 0.283740, 0.285244
1084473850382, 0.283692, 0.285198
1086305731886, 0.283654, 0.285159
1088137613390, 0.283622, 0.285120
1089969494894, 0.283590, 0.285083
1091801376398, 0.283543, 0.285041
1093633257902, 0.283497, 0.284997
1095465139406, 0.283457, 0.284955
1097297020910, 0.283423, 0.284914
1099128902415, 0.283384, 0.284872
1100960783919, 0.283351, 0.284832
1102792665423, 0.283310, 0.284787
1104624546927, 0.283278, 0.284753
1106456428431, 0.283247, 0.284717
1108288309935, 0.283201, 0.284668
1110120191439, 0.283165, 0.284629
1111952072943, 0.283129, 0.284590
1113783954447, 0.283099, 0.284555
1115615835951, 0.283064, 0.284522
1117447717455, 0.283036, 0.284492
1119279598959, 0.283004, 0.284452
1121111480463, 0.282977, 0.284418
1122943361967, 0.282941, 0.284377
1124775243471, 0.282899, 0.284332
1126607124975, 0.282867, 0.284303
1128439006479, 0.282838, 0.284269
1130270887983, 0.282802, 0.284228
1132102769487, 0.282769, 0.284197
1133934650991, 0.282736, 0.284157
1135766532495, 0.282702, 0.284127
1137598413999, 0.282664, 0.284088
1139430295503, 0.282628, 0.284048
1141262177007, 0.282595, 0.284013
1143094058511, 0.282565, 0.283978
1144925940015, 0.282540, 0.283951
1146757821519, 0.282516, 0.283924
1148589703023, 0.282475, 0.283884
1150421584527, 0.282444, 0.283851
1152253466031, 0.282408, 0.283811
1154085347535, 0.282383, 0.283781
1155917229039, 0.282350, 0.283752
1157749110543, 0.282312, 0.283713
1159580992047, 0.282278, 0.283681
1161412873551, 0.282248, 0.283646
1163244755055, 0.282219, 0.283615
1165076636559, 0.282185, 0.283575
1166908518063, 0.282151, 0.283542
1168740399567, 0.282121, 0.283513
1170572281071, 0.282091, 0.283482
1172404162576, 0.282055, 0.283445
1174236044080, 0.282031, 0.283415
1176067925584, 0.282002, 0.283384
1177899807088, 0.281971, 0.283350
1179731688592, 0.281923, 0.283311
1181563570096, 0.281890, 0.283273
1183395451600, 0.281852, 0.283235
1185227333104, 0.281817, 0.283197
1187059214608, 0.281785, 0.283162
1188891096112, 0.281756, 0.283133
1190722977616, 0.281735, 0.283106
1192554859120, 0.281696, 0.283070
1194386740624, 0.281667, 0.283035
1196218622128, 0.281628, 0.282999
1198050503632, 0.281596, 0.282967
1199882385136, 0.281561, 0.282937
1201714266640, 0.281528, 0.282903
1203546148144, 0.281502, 0.282874
1205378029648, 0.281478, 0.282848
1207209911152, 0.281441, 0.282808
1209041792656, 0.281409, 0.282774
1210873674160, 0.281378, 0.282745
1212705555664, 0.281354, 0.282720
1214537437168, 0.281319, 0.282686
1216369318672, 0.281294, 0.282659
1218201200176, 0.281266, 0.282631
1220033081680, 0.281244, 0.282602
1221864963184, 0.281220, 0.282576
1223696844688, 0.281193, 0.282547
1225528726192, 0.281167, 0.282514
1227360607696, 0.281135, 0.282479
1229192489200, 0.281108, 0.282452
1231024370704, 0.281080, 0.282424
1232856252208, 0.281053, 0.282396
1234688133712, 0.281030, 0.282370
1236520015216, 0.281006, 0.282342
1238351896720, 0.280974, 0.282311
1240183778224, 0.280942, 0.282283
1242015659728, 0.280920, 0.282258
1243847541232, 0.280902, 0.282237
1245679422737, 0.280876, 0.282209
1247511304241, 0.280855, 0.282187
1249343185745, 0.280836, 0.282167
1251175067249, 0.280817, 0.282146
1253006948753, 0.280795, 0.282124
1254838830257, 0.280770, 0.282098
1256670711761, 0.280746, 0.282070
1258502593265, 0.280729, 0.282052
1260334474769, 0.280702, 0.282025
1262166356273, 0.280681, 0.282000
1263998237777, 0.280652, 0.281974
1265830119281, 0.280628, 0.281946
1267662000785, 0.280593, 0.281914
1269493882289, 0.280572, 0.281892
1271325763793, 0.280551, 0.281868
1273157645297, 0.280531, 0.281841
1274989526801, 0.280500, 0.281811
1276821408305, 0.280481, 0.281791
1278653289809, 0.280462, 0.281767
1280485171313, 0.280438, 0.281743
1282317052817, 0.280421, 0.281725
1284148934321, 0.280396, 0.281699
1285980815825, 0.280371, 0.281672
1287812697329, 0.280353, 0.281649
1289644578833, 0.280328, 0.281621
1291476460337, 0.280308, 0.281599
1293308341841, 0.280286, 0.281573
1295140223345, 0.280254, 0.281547
1296972104849, 0.280232, 0.281525
1298803986353, 0.280200, 0.281500
1300635867857, 0.280180, 0.281476
1302467749361, 0.280161, 0.281453
1304299630865, 0.280148, 0.281434
1306131512369, 0.280125, 0.281406
1307963393873, 0.280109, 0.281385
1309795275377, 0.280089, 0.281365
1311627156881, 0.280073, 0.281346
1313459038385, 0.280051, 0.281326
1315290919889, 0.280032, 0.281302
1317122801393, 0.280015, 0.281279
1318954682898, 0.279993, 0.281257
1320786564402, 0.279978, 0.281235
1322618445906, 0.279963, 0.281218
1324450327410, 0.279936, 0.281190
1326282208914, 0.279916, 0.281169
1328114090418, 0.279898, 0.281151
1329945971922, 0.279876, 0.281127
1331777853426, 0.279861, 0.281108
1333609734930, 0.279838, 0.281086
1335441616434, 0.279810, 0.281063
1337273497938, 0.279785, 0.281039
1339105379442, 0.279769, 0.281019
1340937260946, 0.279754, 0.281002
1342769142450, 0.279736, 0.280980
1344601023954, 0.279715, 0.280960
1346432905458, 0.279696, 0.280939
1348264786962, 0.279677, 0.280918
1350096668466, 0.279664, 0.280903
1351928549970, 0.279635, 0.280878
1353760431474, 0.279617, 0.280855
1355592312978, 0.279602, 0.280838
1357424194482, 0.279589, 0.280825
1359256075986, 0.279564, 0.280805
1361087957490, 0.279543, 0.280786
1362919838994, 0.279517, 0.280764
1364751720498, 0.279496, 0.280741
1366583602002, 0.279482, 0.280727
1368415483506, 0.279458, 0.280705
1370247365010, 0.279433, 0.280682
1372079246514, 0.279416, 0.280664
1373911128018, 0.279399, 0.280645
1375743009522, 0.279382, 0.280626
1377574891026, 0.279364, 0.280612
1379406772530, 0.279347, 0.280594
1381238654034, 0.279333, 0.280580
1383070535538, 0.279317, 0.280563
1384902417042, 0.279299, 0.280546
1386734298546, 0.279273, 0.280524
1388566180050, 0.279251, 0.280503
1390398061554, 0.279236, 0.280482
1392229943059, 0.279225, 0.280471
1394061824563, 0.279208, 0.280452
1395893706067, 0.279192, 0.280440
1397725587571, 0.279171, 0.280419
1399557469075, 0.279152, 0.280402
1401389350579, 0.279139, 0.280387
1403221232083, 0.279123, 0.280366
1405053113587, 0.279098, 0.280337
1406884995091, 0.279080, 0.280318
1408716876595, 0.279064, 0.280304
1410548758099, 0.279051, 0.280290
1412380639603, 0.279036, 0.280273
1414212521107, 0.279022, 0.280256
1416044402611, 0.279002, 0.280239
1417876284115, 0.278950, 0.280215
1419708165619, 0.278931, 0.280197
1421540047123, 0.278920, 0.280183
1423371928627, 0.278894, 0.280159
1425203810131, 0.278879, 0.280142
1427035691635, 0.278864, 0.280127
1428867573139, 0.278853, 0.280115
1430699454643, 0.278841, 0.280103
1432531336147, 0.278820, 0.280086
1434363217651, 0.278807, 0.280073
1436195099155, 0.278795, 0.280059
1438026980659, 0.278785, 0.280048
1439858862163, 0.278772, 0.280032
1441690743667, 0.278760, 0.280020
1443522625171, 0.278744, 0.280007
1445354506675, 0.278734, 0.279995
1447186388179, 0.278722, 0.279983
1449018269683, 0.278706, 0.279969
1450850151187, 0.278696, 0.279957
1452682032691, 0.278684, 0.279945
1454513914195, 0.278672, 0.279935
1456345795699, 0.278662, 0.279922
1458177677203, 0.278640, 0.279901
1460009558707, 0.278630, 0.279888
1461841440211, 0.278615, 0.279872
1463673321715, 0.278603, 0.279857
1465505203220, 0.278593, 0.279847
1467337084724, 0.278580, 0.279835
1469168966228, 0.278570, 0.279823
1471000847732, 0.278552, 0.279808
1472832729236, 0.278539, 0.279796
1474664610740, 0.278527, 0.279782
1476496492244, 0.278521, 0.279774
1478328373748, 0.278510, 0.279762
1480160255252, 0.278498, 0.279750
1481992136756, 0.278487, 0.279740
1483824018260, 0.278472, 0.279723
1485655899764, 0.278455, 0.279711
1487487781268, 0.278444, 0.279701
1489319662772, 0.278429, 0.279684
1491151544276, 0.278418, 0.279670
1492983425780, 0.278411, 0.279660
1494815307284, 0.278402, 0.279647
1496647188788, 0.278379, 0.279627
1498479070292, 0.278364, 0.279612
1500310951796, 0.278355, 0.279600
1502142833300, 0.278338, 0.279584
1503974714804, 0.278329, 0.279572
1505806596308, 0.278315, 0.279559
1507638477812, 0.278304, 0.279548
1509470359316, 0.278284, 0.279533
1511302240820, 0.278272, 0.279521
1513134122324, 0.278262, 0.279509
1514966003828, 0.278252, 0.279497
1516797885332, 0.278240, 0.279484
1518629766836, 0.278230, 0.279472
1520461648340, 0.278217, 0.279459
1522293529844, 0.278208, 0.279448
1524125411348, 0.278202, 0.279441
1525957292852, 0.278192, 0.279429
1527789174356, 0.278183, 0.279421
1529621055860, 0.278172, 0.279410
1531452937364, 0.278162, 0.279402
1533284818868, 0.278146, 0.279385
1535116700372, 0.278137, 0.279373
1536948581876, 0.278128, 0.279366
1538780463381, 0.278118, 0.279356
1540612344885, 0.278109, 0.279345
1542444226389, 0.278105, 0.279340
1544276107893, 0.278093, 0.279329
1546107989397, 0.278084, 0.279322
1547939870901, 0.278072, 0.279308
1549771752405, 0.278064, 0.279299
1551603633909, 0.278056, 0.279290
1553435515413, 0.278044, 0.279276
1555267396917, 0.278029, 0.279262
1557099278421, 0.278020, 0.279253
1558931159925, 0.278011, 0.279241
1560763041429, 0.278001, 0.279231
1562594922933, 0.277993, 0.279222
1564426804437, 0.277983, 0.279215
1566258685941, 0.277976, 0.279205
1568090567445, 0.277963, 0.279195
1569922448949, 0.277951, 0.279181
1571754330453, 0.277937, 0.279169
1573586211957, 0.277928, 0.279161
1575418093461, 0.277920, 0.279152
1577249974965, 0.277906, 0.279140
1579081856469, 0.277895, 0.279128
1580913737973, 0.277889, 0.279121
1582745619477, 0.277882, 0.279112
1584577500981, 0.277876, 0.279106
1586409382485, 0.277868, 0.279096
1588241263989, 0.277863, 0.279092
1590073145493, 0.277855, 0.279083
1591905026997, 0.277843, 0.279074
1593736908501, 0.277830, 0.279063
1595568790005, 0.277823, 0.279057
1597400671509, 0.277809, 0.279050
1599232553013, 0.277801, 0.279040
1601064434517, 0.277794, 0.279032
1602896316021, 0.277784, 0.279022
1604728197525, 0.277776, 0.279011
1606560079029, 0.277770, 0.279005
1608391960533, 0.277760, 0.278995
1610223842037, 0.277751, 0.278989
1612055723542, 0.277742, 0.278980
1613887605046, 0.277732, 0.278971
1615719486550, 0.277721, 0.278960
1617551368054, 0.277716, 0.278955
1619383249558, 0.277708, 0.278946
1621215131062, 0.277704, 0.278941
1623047012566, 0.277695, 0.278931
1624878894070, 0.277686, 0.278923
1626710775574, 0.277679, 0.278915
1628542657078, 0.277667, 0.278904
1630374538582, 0.277660, 0.278897
1632206420086, 0.277655, 0.278891
1634038301590, 0.277649, 0.278884
1635870183094, 0.277638, 0.278875
1637702064598, 0.277633, 0.278868
1639533946102, 0.277629, 0.278863
1641365827606, 0.277623, 0.278858
1643197709110, 0.277619, 0.278853
1645029590614, 0.277616, 0.278849
1646861472118, 0.277615, 0.278848
1648693353622, 0.277612, 0.278843
1650525235126, 0.277599, 0.278830
1652357116630, 0.277597, 0.278826
1654188998134, 0.277592, 0.278820
1656020879638, 0.277588, 0.278816
1657852761142, 0.277580, 0.278809
1659684642646, 0.277577, 0.278805
1661516524150, 0.277569, 0.278798
1663348405654, 0.277561, 0.278789
1665180287158, 0.277552, 0.278782
1667012168662, 0.277543, 0.278773
1668844050166, 0.277539, 0.278768
1670675931670, 0.277530, 0.278761
1672507813174, 0.277524, 0.278755
1674339694678, 0.277514, 0.278747
1676171576182, 0.277506, 0.278741
1678003457686, 0.277502, 0.278738
1679835339190, 0.277499, 0.278733
1681667220694, 0.277496, 0.278728
1683499102198, 0.277493, 0.278723
1685330983703, 0.277489, 0.278720
1687162865207, 0.277482, 0.278713
1688994746711, 0.277477, 0.278707
1690826628215, 0.277467, 0.278699
1692658509719, 0.277460, 0.278694
1694490391223, 0.277456, 0.278689
1696322272727, 0.277454, 0.278685
1698154154231, 0.277450, 0.278680
1699986035735, 0.277448, 0.278678
1701817917239, 0.277445, 0.278674
1703649798743, 0.277440, 0.278667
1705481680247, 0.277438, 0.278664
1707313561751, 0.277430, 0.278656
1709145443255, 0.277425, 0.278651
1710977324759, 0.277423, 0.278650
1712809206263, 0.277419, 0.278644
1714641087767, 0.277410, 0.278636
1716472969271, 0.277408, 0.278634
1718304850775, 0.277406, 0.278631
1720136732279, 0.277405, 0.278629
1721968613783, 0.277404, 0.278628
1723800495287, 0.277397, 0.278622
1725632376791, 0.277395, 0.278620
1727464258295, 0.277392, 0.278616
1729296139799, 0.277385, 0.278612
1731128021303, 0.277381, 0.278609
1732959902807, 0.277376, 0.278604
1734791784311, 0.277372, 0.278598
1736623665815, 0.277369, 0.278595
1738455547319, 0.277366, 0.278592
1740287428823, 0.277365, 0.278589
1742119310327, 0.277363, 0.278587
1743951191831, 0.277360, 0.278583
1745783073335, 0.277359, 0.278581
1747614954839, 0.277358, 0.278580
1749446836343, 0.277356, 0.278577
1751278717847, 0.277355, 0.278576
1753110599351, 0.277354, 0.278573
1754942480855, 0.277352, 0.278571
1756774362359, 0.277349, 0.278568
1758606243864, 0.277347, 0.278566
1760438125368, 0.277344, 0.278563
1762270006872, 0.277341, 0.278560
1764101888376, 0.277337, 0.278557
1765933769880, 0.277335, 0.278555
1767765651384, 0.277333, 0.278553
1769597532888, 0.277329, 0.278549
1771429414392, 0.277328, 0.278547
1773261295896, 0.277324, 0.278544
1775093177400, 0.277324, 0.278543
1776925058904, 0.277324, 0.278543
1778756940408, 0.277323, 0.278541
1780588821912, 0.277323, 0.278541
1782420703416, 0.277319, 0.278537
1784252584920, 0.277317, 0.278536
1786084466424, 0.277317, 0.278536
1787916347928, 0.277315, 0.278534
1789748229432, 0.277312, 0.278532
1791580110936, 0.277312, 0.278531
1793411992440, 0.277309, 0.278529
1795243873944, 0.277308, 0.278528
1797075755448, 0.277306, 0.278527
1798907636952, 0.277306, 0.278526
1800739518456, 0.277305, 0.278526
1802571399960, 0.277305, 0.278525
1804403281464, 0.277303, 0.278523
1806235162968, 0.277301, 0.278521
1808067044472, 0.277301, 0.278521
1809898925976, 0.277300, 0.278519
1811730807480, 0.277299, 0.278519
1813562688984, 0.277299, 0.278519
1815394570488, 0.277299, 0.278519
1817226451992, 0.277299, 0.278519
1819058333496, 0.277299, 0.278519
1820890215000, 0.277298, 0.278518
1822722096504, 0.277298, 0.278518
1824553978008, 0.277298, 0.278518
1826385859512, 0.277298, 0.278518
1828217741016, 0.277298, 0.278518
1830049622520, 0.277298, 0.278518
1831881504025, 0.277298, 0.278518
Time used: 4498 ms
