logging to /opt/shards_res_1000/2016020500-2016020600_unique/tenant_2_profile_res-FIX_RATE-SHARDS-0.01.csvtracefile: /data1/tenant_trace/2016020500-2016020600_unique/tenant_2_trace
open file /data1/tenant_trace/2016020500-2016020600_unique/tenant_2_trace
read 1000000 lines
read 2000000 lines
read 3000000 lines
read 4000000 lines
read 5000000 lines
read 6000000 lines
read 7000000 lines
read 8000000 lines
read 9000000 lines
read 10000000 lines
read 11000000 lines
read 12000000 lines
read 13000000 lines
read 14000000 lines
read 15000000 lines
read 16000000 lines
read 17000000 lines
read 18000000 lines
read 19000000 lines
read 20000000 lines
read 21000000 lines
read 22000000 lines
read 23000000 lines
read 24000000 lines
read 25000000 lines
read 26000000 lines
read 27000000 lines
read 28000000 lines
read 29000000 lines
read 30000000 lines
read 31000000 lines
read 32000000 lines
read 33000000 lines
read 34000000 lines
[FILE]: /data1/tenant_trace/2016020500-2016020600_unique/tenant_2_trace
total_access_num: 34862405
total_access_size: 123809994795
unique_access_num: 21208754
unique_access_size: 75399214969
min_item_size: 1
[method]: SHARDS
[metric]: MAE
[seed]: 42
[sample_method]: FIX_RATE
[sample_metric]: 0.01
MAEQ_factor: 1.025388
cache_size, BMRC_ratio, OMRC_ratio
75399214, 0.964356, 0.963669
150798429, 0.954446, 0.953853
226197644, 0.946801, 0.946269
301596859, 0.940198, 0.939806
376996074, 0.934384, 0.934009
452395289, 0.928751, 0.928464
527794504, 0.923693, 0.923313
603193719, 0.919294, 0.918930
678592934, 0.914991, 0.914644
753992149, 0.910865, 0.910520
829391364, 0.906902, 0.906613
904790579, 0.903028, 0.902806
980189794, 0.899310, 0.899218
1055589009, 0.896099, 0.895988
1130988224, 0.892841, 0.892821
1206387439, 0.889706, 0.889726
1281786654, 0.886796, 0.886789
1357185869, 0.883876, 0.883861
1432585084, 0.881184, 0.881164
1507984299, 0.878530, 0.878465
1583383514, 0.875944, 0.875932
1658782729, 0.873374, 0.873420
1734181944, 0.871062, 0.871131
1809581159, 0.868727, 0.868758
1884980374, 0.866533, 0.866578
1960379589, 0.864273, 0.864401
2035778804, 0.862187, 0.862313
2111178019, 0.860026, 0.860176
2186577234, 0.857897, 0.858102
2261976449, 0.855785, 0.856040
2337375664, 0.853772, 0.854009
2412774879, 0.851812, 0.852067
2488174093, 0.849859, 0.850148
2563573308, 0.847916, 0.848209
2638972523, 0.846084, 0.846416
2714371738, 0.844199, 0.844509
2789770953, 0.842522, 0.842856
2865170168, 0.840952, 0.841230
2940569383, 0.839233, 0.839526
3015968598, 0.837657, 0.837906
3091367813, 0.836087, 0.836348
3166767028, 0.834422, 0.834684
3242166243, 0.832746, 0.832975
3317565458, 0.831170, 0.831420
3392964673, 0.829641, 0.829900
3468363888, 0.828061, 0.828308
3543763103, 0.826608, 0.826922
3619162318, 0.825147, 0.825520
3694561533, 0.823771, 0.824123
3769960748, 0.822332, 0.822648
3845359963, 0.820900, 0.821206
3920759178, 0.819611, 0.819895
3996158393, 0.818239, 0.818509
4071557608, 0.816923, 0.817230
4146956823, 0.815608, 0.815925
4222356038, 0.814353, 0.814663
4297755253, 0.812936, 0.813289
4373154468, 0.811559, 0.811918
4448553683, 0.810315, 0.810699
4523952898, 0.808958, 0.809385
4599352113, 0.807729, 0.808131
4674751328, 0.806634, 0.806996
4750150543, 0.805508, 0.805825
4825549758, 0.804295, 0.804686
4900948972, 0.803074, 0.803430
4976348187, 0.801998, 0.802352
5051747402, 0.800913, 0.801296
5127146617, 0.799727, 0.800157
5202545832, 0.798521, 0.798998
5277945047, 0.797373, 0.797868
5353344262, 0.796346, 0.796864
5428743477, 0.795225, 0.795737
5504142692, 0.794112, 0.794658
5579541907, 0.793216, 0.793729
5654941122, 0.792087, 0.792691
5730340337, 0.791151, 0.791733
5805739552, 0.790200, 0.790772
5881138767, 0.789280, 0.789802
5956537982, 0.788150, 0.788649
6031937197, 0.787088, 0.787614
6107336412, 0.786110, 0.786595
6182735627, 0.785123, 0.785537
6258134842, 0.784204, 0.784607
6333534057, 0.783257, 0.783649
6408933272, 0.782410, 0.782792
6484332487, 0.781455, 0.781845
6559731702, 0.780483, 0.780896
6635130917, 0.779586, 0.779969
6710530132, 0.778684, 0.779046
6785929347, 0.777848, 0.778199
6861328562, 0.776913, 0.777276
6936727777, 0.776068, 0.776432
7012126992, 0.775229, 0.775589
7087526207, 0.774295, 0.774651
7162925422, 0.773534, 0.773920
7238324637, 0.772651, 0.773039
7313723851, 0.771858, 0.772239
7389123066, 0.770975, 0.771347
7464522281, 0.770177, 0.770544
7539921496, 0.769272, 0.769652
7615320711, 0.768473, 0.768837
7690719926, 0.767661, 0.767991
7766119141, 0.766949, 0.767271
7841518356, 0.766303, 0.766588
7916917571, 0.765563, 0.765842
7992316786, 0.764781, 0.765042
8067716001, 0.764032, 0.764276
8143115216, 0.763316, 0.763548
8218514431, 0.762630, 0.762802
8293913646, 0.761844, 0.762027
8369312861, 0.761047, 0.761264
8444712076, 0.760352, 0.760576
8520111291, 0.759549, 0.759787
8595510506, 0.758830, 0.759084
8670909721, 0.758018, 0.758321
8746308936, 0.757324, 0.757667
8821708151, 0.756559, 0.756930
8897107366, 0.755959, 0.756313
8972506581, 0.755203, 0.755553
9047905796, 0.754484, 0.754842
9123305011, 0.753787, 0.754108
9198704226, 0.753118, 0.753431
9274103441, 0.752469, 0.752757
9349502656, 0.751785, 0.752068
9424901871, 0.750965, 0.751282
9500301086, 0.750264, 0.750562
9575700301, 0.749626, 0.749923
9651099516, 0.748928, 0.749257
9726498731, 0.748309, 0.748626
9801897945, 0.747704, 0.747995
9877297160, 0.747133, 0.747401
9952696375, 0.746510, 0.746747
10028095590, 0.745930, 0.746148
10103494805, 0.745415, 0.745620
10178894020, 0.744782, 0.745023
10254293235, 0.744189, 0.744424
10329692450, 0.743634, 0.743862
10405091665, 0.742964, 0.743228
10480490880, 0.742333, 0.742602
10555890095, 0.741718, 0.742020
10631289310, 0.741127, 0.741426
10706688525, 0.740497, 0.740790
10782087740, 0.739929, 0.740210
10857486955, 0.739326, 0.739639
10932886170, 0.738777, 0.739066
11008285385, 0.738178, 0.738483
11083684600, 0.737578, 0.737898
11159083815, 0.737102, 0.737408
11234483030, 0.736480, 0.736851
11309882245, 0.735857, 0.736229
11385281460, 0.735282, 0.735658
11460680675, 0.734841, 0.735179
11536079890, 0.734337, 0.734648
11611479105, 0.733791, 0.734120
11686878320, 0.733178, 0.733509
11762277535, 0.732690, 0.733002
11837676750, 0.732118, 0.732425
11913075965, 0.731603, 0.731906
11988475180, 0.731071, 0.731358
12063874395, 0.730596, 0.730865
12139273610, 0.730027, 0.730314
12214672824, 0.729489, 0.729781
12290072039, 0.729028, 0.729299
12365471254, 0.728491, 0.728759
12440870469, 0.727991, 0.728263
12516269684, 0.727498, 0.727770
12591668899, 0.727009, 0.727262
12667068114, 0.726480, 0.726751
12742467329, 0.725983, 0.726281
12817866544, 0.725496, 0.725762
12893265759, 0.724983, 0.725260
12968664974, 0.724482, 0.724723
13044064189, 0.724000, 0.724210
13119463404, 0.723525, 0.723734
13194862619, 0.723032, 0.723249
13270261834, 0.722550, 0.722750
13345661049, 0.722015, 0.722234
13421060264, 0.721522, 0.721732
13496459479, 0.721015, 0.721258
13571858694, 0.720496, 0.720756
13647257909, 0.720071, 0.720341
13722657124, 0.719607, 0.719916
13798056339, 0.719167, 0.719451
13873455554, 0.718677, 0.718958
13948854769, 0.718278, 0.718542
14024253984, 0.717792, 0.718054
14099653199, 0.717322, 0.717567
14175052414, 0.716908, 0.717145
14250451629, 0.716494, 0.716723
14325850844, 0.716011, 0.716253
14401250059, 0.715620, 0.715866
14476649274, 0.715182, 0.715418
14552048489, 0.714742, 0.714988
14627447703, 0.714346, 0.714564
14702846918, 0.713884, 0.714107
14778246133, 0.713471, 0.713709
14853645348, 0.713046, 0.713278
14929044563, 0.712649, 0.712880
15004443778, 0.712250, 0.712487
15079842993, 0.711795, 0.712048
15155242208, 0.711374, 0.711618
15230641423, 0.710917, 0.711150
15306040638, 0.710505, 0.710731
15381439853, 0.710078, 0.710298
15456839068, 0.709630, 0.709885
15532238283, 0.709203, 0.709443
15607637498, 0.708815, 0.709030
15683036713, 0.708421, 0.708620
15758435928, 0.707982, 0.708201
15833835143, 0.707558, 0.707760
15909234358, 0.707147, 0.707344
15984633573, 0.706742, 0.706919
16060032788, 0.706299, 0.706463
16135432003, 0.705861, 0.706044
16210831218, 0.705439, 0.705651
16286230433, 0.705077, 0.705281
16361629648, 0.704673, 0.704888
16437028863, 0.704258, 0.704470
16512428078, 0.703856, 0.704062
16587827293, 0.703489, 0.703707
16663226508, 0.703173, 0.703380
16738625723, 0.702735, 0.702944
16814024938, 0.702325, 0.702528
16889424153, 0.701873, 0.702126
16964823368, 0.701476, 0.701733
17040222582, 0.701111, 0.701357
17115621797, 0.700707, 0.700973
17191021012, 0.700285, 0.700577
17266420227, 0.699940, 0.700247
17341819442, 0.699533, 0.699837
17417218657, 0.699148, 0.699435
17492617872, 0.698753, 0.699031
17568017087, 0.698355, 0.698650
17643416302, 0.697979, 0.698300
17718815517, 0.697649, 0.697975
17794214732, 0.697342, 0.697663
17869613947, 0.696955, 0.697301
17945013162, 0.696604, 0.696931
18020412377, 0.696310, 0.696627
18095811592, 0.695963, 0.696280
18171210807, 0.695614, 0.695904
18246610022, 0.695301, 0.695580
18322009237, 0.694935, 0.695230
18397408452, 0.694607, 0.694892
18472807667, 0.694207, 0.694496
18548206882, 0.693842, 0.694117
18623606097, 0.693447, 0.693724
18699005312, 0.693064, 0.693375
18774404527, 0.692742, 0.693036
18849803742, 0.692398, 0.692715
18925202957, 0.692041, 0.692356
19000602172, 0.691752, 0.692055
19076001387, 0.691379, 0.691699
19151400602, 0.691034, 0.691372
19226799817, 0.690663, 0.691048
19302199032, 0.690310, 0.690693
19377598247, 0.690019, 0.690414
19452997462, 0.689677, 0.690073
19528396676, 0.689352, 0.689757
19603795891, 0.689034, 0.689442
19679195106, 0.688726, 0.689126
19754594321, 0.688417, 0.688799
19829993536, 0.688056, 0.688441
19905392751, 0.687759, 0.688122
19980791966, 0.687455, 0.687801
20056191181, 0.687157, 0.687491
20131590396, 0.686819, 0.687170
20206989611, 0.686529, 0.686866
20282388826, 0.686213, 0.686574
20357788041, 0.685832, 0.686195
20433187256, 0.685498, 0.685851
20508586471, 0.685167, 0.685527
20583985686, 0.684864, 0.685222
20659384901, 0.684599, 0.684950
20734784116, 0.684307, 0.684660
20810183331, 0.683981, 0.684310
20885582546, 0.683644, 0.683983
20960981761, 0.683346, 0.683665
21036380976, 0.683050, 0.683369
21111780191, 0.682778, 0.683086
21187179406, 0.682520, 0.682816
21262578621, 0.682244, 0.682538
21337977836, 0.681965, 0.682239
21413377051, 0.681676, 0.681944
21488776266, 0.681391, 0.681651
21564175481, 0.681124, 0.681382
21639574696, 0.680808, 0.681078
21714973911, 0.680489, 0.680753
21790373126, 0.680187, 0.680447
21865772341, 0.679859, 0.680122
21941171555, 0.679581, 0.679821
22016570770, 0.679297, 0.679572
22091969985, 0.679001, 0.679271
22167369200, 0.678693, 0.678964
22242768415, 0.678438, 0.678703
22318167630, 0.678178, 0.678436
22393566845, 0.677834, 0.678092
22468966060, 0.677544, 0.677782
22544365275, 0.677297, 0.677524
22619764490, 0.676995, 0.677237
22695163705, 0.676743, 0.676999
22770562920, 0.676521, 0.676766
22845962135, 0.676272, 0.676514
22921361350, 0.676004, 0.676244
22996760565, 0.675748, 0.675972
23072159780, 0.675445, 0.675688
23147558995, 0.675181, 0.675438
23222958210, 0.674911, 0.675143
23298357425, 0.674637, 0.674853
23373756640, 0.674390, 0.674598
23449155855, 0.674134, 0.674331
23524555070, 0.673928, 0.674125
23599954285, 0.673656, 0.673832
23675353500, 0.673414, 0.673585
23750752715, 0.673187, 0.673353
23826151930, 0.672930, 0.673098
23901551145, 0.672639, 0.672828
23976950360, 0.672392, 0.672587
24052349575, 0.672143, 0.672363
24127748790, 0.671866, 0.672088
24203148005, 0.671620, 0.671836
24278547220, 0.671292, 0.671523
24353946434, 0.670975, 0.671199
24429345649, 0.670723, 0.670955
24504744864, 0.670438, 0.670654
24580144079, 0.670169, 0.670364
24655543294, 0.669947, 0.670129
24730942509, 0.669716, 0.669894
24806341724, 0.669494, 0.669658
24881740939, 0.669199, 0.669377
24957140154, 0.668961, 0.669116
25032539369, 0.668671, 0.668852
25107938584, 0.668431, 0.668609
25183337799, 0.668235, 0.668391
25258737014, 0.667972, 0.668118
25334136229, 0.667740, 0.667877
25409535444, 0.667527, 0.667671
25484934659, 0.667262, 0.667407
25560333874, 0.666990, 0.667128
25635733089, 0.666753, 0.666879
25711132304, 0.666586, 0.666701
25786531519, 0.666300, 0.666406
25861930734, 0.666059, 0.666153
25937329949, 0.665861, 0.665944
26012729164, 0.665650, 0.665723
26088128379, 0.665433, 0.665485
26163527594, 0.665269, 0.665296
26238926809, 0.665050, 0.665080
26314326024, 0.664834, 0.664871
26389725239, 0.664614, 0.664647
26465124454, 0.664384, 0.664392
26540523669, 0.664097, 0.664120
26615922884, 0.663912, 0.663927
26691322099, 0.663728, 0.663727
26766721313, 0.663499, 0.663488
26842120528, 0.663256, 0.663262
26917519743, 0.663064, 0.663061
26992918958, 0.662756, 0.662768
27068318173, 0.662519, 0.662525
27143717388, 0.662256, 0.662292
27219116603, 0.662014, 0.662066
27294515818, 0.661831, 0.661888
27369915033, 0.661618, 0.661673
27445314248, 0.661353, 0.661426
27520713463, 0.661090, 0.661162
27596112678, 0.660863, 0.660918
27671511893, 0.660626, 0.660654
27746911108, 0.660399, 0.660434
27822310323, 0.660232, 0.660267
27897709538, 0.660042, 0.660058
27973108753, 0.659797, 0.659846
28048507968, 0.659577, 0.659628
28123907183, 0.659403, 0.659433
28199306398, 0.659214, 0.659252
28274705613, 0.658943, 0.658979
28350104828, 0.658693, 0.658738
28425504043, 0.658523, 0.658566
28500903258, 0.658301, 0.658357
28576302473, 0.658067, 0.658147
28651701688, 0.657848, 0.657944
28727100903, 0.657644, 0.657734
28802500118, 0.657453, 0.657536
28877899333, 0.657266, 0.657344
28953298548, 0.657018, 0.657112
29028697763, 0.656807, 0.656888
29104096978, 0.656625, 0.656690
29179496193, 0.656416, 0.656469
29254895407, 0.656215, 0.656274
29330294622, 0.655949, 0.656031
29405693837, 0.655744, 0.655830
29481093052, 0.655566, 0.655649
29556492267, 0.655349, 0.655437
29631891482, 0.655153, 0.655256
29707290697, 0.654931, 0.655041
29782689912, 0.654757, 0.654860
29858089127, 0.654584, 0.654677
29933488342, 0.654438, 0.654522
30008887557, 0.654280, 0.654355
30084286772, 0.654053, 0.654129
30159685987, 0.653850, 0.653914
30235085202, 0.653665, 0.653747
30310484417, 0.653446, 0.653518
30385883632, 0.653264, 0.653346
30461282847, 0.653068, 0.653151
30536682062, 0.652915, 0.653002
30612081277, 0.652742, 0.652841
30687480492, 0.652539, 0.652631
30762879707, 0.652379, 0.652468
30838278922, 0.652204, 0.652279
30913678137, 0.652018, 0.652086
30989077352, 0.651828, 0.651897
31064476567, 0.651643, 0.651699
31139875782, 0.651453, 0.651507
31215274997, 0.651264, 0.651329
31290674212, 0.651083, 0.651140
31366073427, 0.650878, 0.650928
31441472642, 0.650711, 0.650756
31516871857, 0.650547, 0.650572
31592271072, 0.650374, 0.650391
31667670286, 0.650202, 0.650202
31743069501, 0.650035, 0.650033
31818468716, 0.649841, 0.649838
31893867931, 0.649704, 0.649691
31969267146, 0.649529, 0.649522
32044666361, 0.649347, 0.649341
32120065576, 0.649159, 0.649158
32195464791, 0.649002, 0.648994
32270864006, 0.648838, 0.648825
32346263221, 0.648714, 0.648702
32421662436, 0.648529, 0.648538
32497061651, 0.648377, 0.648386
32572460866, 0.648199, 0.648203
32647860081, 0.648053, 0.648051
32723259296, 0.647936, 0.647942
32798658511, 0.647762, 0.647767
32874057726, 0.647581, 0.647577
32949456941, 0.647428, 0.647417
33024856156, 0.647241, 0.647242
33100255371, 0.647081, 0.647084
33175654586, 0.646923, 0.646915
33251053801, 0.646791, 0.646791
33326453016, 0.646642, 0.646642
33401852231, 0.646456, 0.646462
33477251446, 0.646300, 0.646307
33552650661, 0.646144, 0.646149
33628049876, 0.645995, 0.645997
33703449091, 0.645849, 0.645848
33778848306, 0.645748, 0.645733
33854247521, 0.645550, 0.645561
33929646736, 0.645384, 0.645400
34005045951, 0.645235, 0.645231
34080445165, 0.645106, 0.645099
34155844380, 0.644976, 0.644967
34231243595, 0.644821, 0.644804
34306642810, 0.644669, 0.644652
34382042025, 0.644530, 0.644511
34457441240, 0.644406, 0.644393
34532840455, 0.644226, 0.644213
34608239670, 0.644097, 0.644069
34683638885, 0.643925, 0.643906
34759038100, 0.643805, 0.643771
34834437315, 0.643690, 0.643653
34909836530, 0.643576, 0.643536
34985235745, 0.643445, 0.643404
35060634960, 0.643305, 0.643263
35136034175, 0.643148, 0.643103
35211433390, 0.643024, 0.642974
35286832605, 0.642859, 0.642799
35362231820, 0.642716, 0.642658
35437631035, 0.642570, 0.642509
35513030250, 0.642432, 0.642360
35588429465, 0.642287, 0.642202
35663828680, 0.642114, 0.642018
35739227895, 0.641991, 0.641884
35814627110, 0.641829, 0.641729
35890026325, 0.641729, 0.641614
35965425540, 0.641604, 0.641488
36040824755, 0.641475, 0.641356
36116223970, 0.641345, 0.641215
36191623185, 0.641238, 0.641100
36267022400, 0.641090, 0.640963
36342421615, 0.640920, 0.640791
36417820830, 0.640789, 0.640670
36493220044, 0.640631, 0.640527
36568619259, 0.640490, 0.640392
36644018474, 0.640331, 0.640214
36719417689, 0.640219, 0.640096
36794816904, 0.640099, 0.639965
36870216119, 0.639952, 0.639830
36945615334, 0.639871, 0.639744
37021014549, 0.639741, 0.639615
37096413764, 0.639628, 0.639488
37171812979, 0.639467, 0.639336
37247212194, 0.639324, 0.639196
37322611409, 0.639215, 0.639070
37398010624, 0.639091, 0.638955
37473409839, 0.638950, 0.638817
37548809054, 0.638827, 0.638688
37624208269, 0.638672, 0.638539
37699607484, 0.638524, 0.638390
37775006699, 0.638426, 0.638298
37850405914, 0.638338, 0.638198
37925805129, 0.638207, 0.638060
38001204344, 0.638065, 0.637908
38076603559, 0.637923, 0.637767
38152002774, 0.637785, 0.637621
38227401989, 0.637654, 0.637483
38302801204, 0.637515, 0.637351
38378200419, 0.637354, 0.637208
38453599634, 0.637240, 0.637090
38528998849, 0.637119, 0.636970
38604398064, 0.637007, 0.636858
38679797279, 0.636869, 0.636715
38755196494, 0.636725, 0.636574
38830595709, 0.636613, 0.636474
38905994924, 0.636482, 0.636347
38981394138, 0.636337, 0.636193
39056793353, 0.636204, 0.636063
39132192568, 0.636093, 0.635963
39207591783, 0.635995, 0.635857
39282990998, 0.635853, 0.635719
39358390213, 0.635768, 0.635627
39433789428, 0.635636, 0.635490
39509188643, 0.635493, 0.635344
39584587858, 0.635414, 0.635257
39659987073, 0.635298, 0.635134
39735386288, 0.635145, 0.634982
39810785503, 0.635001, 0.634850
39886184718, 0.634860, 0.634704
39961583933, 0.634764, 0.634603
40036983148, 0.634618, 0.634449
40112382363, 0.634523, 0.634342
40187781578, 0.634368, 0.634196
40263180793, 0.634226, 0.634047
40338580008, 0.634111, 0.633927
40413979223, 0.634007, 0.633818
40489378438, 0.633928, 0.633734
40564777653, 0.633792, 0.633620
40640176868, 0.633676, 0.633519
40715576083, 0.633560, 0.633404
40790975298, 0.633437, 0.633287
40866374513, 0.633360, 0.633198
40941773728, 0.633286, 0.633120
41017172943, 0.633165, 0.633000
41092572158, 0.633086, 0.632920
41167971373, 0.633007, 0.632834
41243370588, 0.632930, 0.632753
41318769803, 0.632839, 0.632659
41394169017, 0.632709, 0.632530
41469568232, 0.632607, 0.632426
41544967447, 0.632500, 0.632332
41620366662, 0.632394, 0.632226
41695765877, 0.632300, 0.632125
41771165092, 0.632195, 0.632030
41846564307, 0.632106, 0.631939
41921963522, 0.632005, 0.631830
41997362737, 0.631912, 0.631738
42072761952, 0.631769, 0.631603
42148161167, 0.631662, 0.631494
42223560382, 0.631571, 0.631417
42298959597, 0.631448, 0.631290
42374358812, 0.631359, 0.631187
42449758027, 0.631237, 0.631049
42525157242, 0.631113, 0.630923
42600556457, 0.631021, 0.630831
42675955672, 0.630920, 0.630725
42751354887, 0.630805, 0.630605
42826754102, 0.630700, 0.630487
42902153317, 0.630591, 0.630381
42977552532, 0.630475, 0.630264
43052951747, 0.630360, 0.630163
43128350962, 0.630265, 0.630068
43203750177, 0.630147, 0.629957
43279149392, 0.630062, 0.629876
43354548607, 0.629961, 0.629770
43429947822, 0.629831, 0.629647
43505347037, 0.629708, 0.629535
43580746252, 0.629589, 0.629420
43656145467, 0.629482, 0.629308
43731544682, 0.629396, 0.629219
43806943896, 0.629305, 0.629125
43882343111, 0.629230, 0.629039
43957742326, 0.629134, 0.628941
44033141541, 0.629013, 0.628826
44108540756, 0.628924, 0.628738
44183939971, 0.628800, 0.628617
44259339186, 0.628721, 0.628545
44334738401, 0.628611, 0.628431
44410137616, 0.628492, 0.628316
44485536831, 0.628395, 0.628224
44560936046, 0.628295, 0.628127
44636335261, 0.628218, 0.628043
44711734476, 0.628104, 0.627940
44787133691, 0.628016, 0.627863
44862532906, 0.627904, 0.627757
44937932121, 0.627841, 0.627685
45013331336, 0.627734, 0.627590
45088730551, 0.627647, 0.627504
45164129766, 0.627542, 0.627418
45239528981, 0.627462, 0.627335
45314928196, 0.627376, 0.627255
45390327411, 0.627298, 0.627174
45465726626, 0.627197, 0.627068
45541125841, 0.627116, 0.626979
45616525056, 0.627052, 0.626916
45691924271, 0.626957, 0.626824
45767323486, 0.626844, 0.626715
45842722701, 0.626751, 0.626624
45918121916, 0.626648, 0.626532
45993521131, 0.626588, 0.626471
46068920346, 0.626509, 0.626394
46144319561, 0.626398, 0.626297
46219718775, 0.626290, 0.626208
46295117990, 0.626183, 0.626101
46370517205, 0.626122, 0.626041
46445916420, 0.626047, 0.625958
46521315635, 0.625973, 0.625878
46596714850, 0.625913, 0.625817
46672114065, 0.625837, 0.625737
46747513280, 0.625784, 0.625674
46822912495, 0.625702, 0.625585
46898311710, 0.625650, 0.625531
46973710925, 0.625532, 0.625419
47049110140, 0.625471, 0.625353
47124509355, 0.625400, 0.625275
47199908570, 0.625310, 0.625192
47275307785, 0.625224, 0.625106
47350707000, 0.625125, 0.625006
47426106215, 0.625052, 0.624946
47501505430, 0.624977, 0.624862
47576904645, 0.624897, 0.624776
47652303860, 0.624821, 0.624693
47727703075, 0.624746, 0.624616
47803102290, 0.624678, 0.624541
47878501505, 0.624585, 0.624446
47953900720, 0.624516, 0.624375
48029299935, 0.624448, 0.624303
48104699150, 0.624396, 0.624251
48180098365, 0.624312, 0.624177
48255497580, 0.624225, 0.624091
48330896795, 0.624145, 0.624016
48406296010, 0.624070, 0.623930
48481695225, 0.624009, 0.623856
48557094440, 0.623960, 0.623801
48632493655, 0.623871, 0.623703
48707892869, 0.623811, 0.623635
48783292084, 0.623704, 0.623523
48858691299, 0.623622, 0.623437
48934090514, 0.623535, 0.623356
49009489729, 0.623460, 0.623279
49084888944, 0.623366, 0.623190
49160288159, 0.623271, 0.623118
49235687374, 0.623230, 0.623072
49311086589, 0.623143, 0.622989
49386485804, 0.623097, 0.622943
49461885019, 0.623019, 0.622872
49537284234, 0.622958, 0.622806
49612683449, 0.622897, 0.622745
49688082664, 0.622806, 0.622657
49763481879, 0.622726, 0.622588
49838881094, 0.622605, 0.622510
49914280309, 0.622531, 0.622447
49989679524, 0.622439, 0.622352
50065078739, 0.622360, 0.622272
50140477954, 0.622283, 0.622198
50215877169, 0.622227, 0.622143
50291276384, 0.622170, 0.622080
50366675599, 0.622108, 0.622017
50442074814, 0.622071, 0.621974
50517474029, 0.621972, 0.621882
50592873244, 0.621904, 0.621830
50668272459, 0.621851, 0.621773
50743671674, 0.621780, 0.621701
50819070889, 0.621732, 0.621647
50894470104, 0.621677, 0.621589
50969869319, 0.621617, 0.621523
51045268534, 0.621514, 0.621429
51120667748, 0.621441, 0.621354
51196066963, 0.621379, 0.621285
51271466178, 0.621315, 0.621222
51346865393, 0.621236, 0.621139
51422264608, 0.621174, 0.621067
51497663823, 0.621125, 0.621013
51573063038, 0.621078, 0.620956
51648462253, 0.621019, 0.620895
51723861468, 0.620962, 0.620835
51799260683, 0.620909, 0.620775
51874659898, 0.620855, 0.620717
51950059113, 0.620778, 0.620634
52025458328, 0.620717, 0.620568
52100857543, 0.620657, 0.620505
52176256758, 0.620624, 0.620474
52251655973, 0.620559, 0.620408
52327055188, 0.620493, 0.620336
52402454403, 0.620417, 0.620259
52477853618, 0.620366, 0.620213
52553252833, 0.620312, 0.620155
52628652048, 0.620226, 0.620069
52704051263, 0.620181, 0.620026
52779450478, 0.620117, 0.619963
52854849693, 0.620085, 0.619929
52930248908, 0.620013, 0.619848
53005648123, 0.619976, 0.619811
53081047338, 0.619886, 0.619731
53156446553, 0.619832, 0.619676
53231845768, 0.619783, 0.619625
53307244983, 0.619723, 0.619561
53382644198, 0.619649, 0.619504
53458043413, 0.619579, 0.619444
53533442627, 0.619517, 0.619378
53608841842, 0.619472, 0.619335
53684241057, 0.619410, 0.619266
53759640272, 0.619378, 0.619232
53835039487, 0.619314, 0.619163
53910438702, 0.619248, 0.619091
53985837917, 0.619194, 0.619031
54061237132, 0.619140, 0.618971
54136636347, 0.619104, 0.618930
54212035562, 0.619039, 0.618864
54287434777, 0.618970, 0.618796
54362833992, 0.618904, 0.618730
54438233207, 0.618859, 0.618687
54513632422, 0.618810, 0.618635
54589031637, 0.618773, 0.618595
54664430852, 0.618722, 0.618540
54739830067, 0.618664, 0.618497
54815229282, 0.618627, 0.618460
54890628497, 0.618588, 0.618414
54966027712, 0.618528, 0.618354
55041426927, 0.618432, 0.618279
55116826142, 0.618383, 0.618225
55192225357, 0.618328, 0.618167
55267624572, 0.618286, 0.618122
55343023787, 0.618218, 0.618058
55418423002, 0.618156, 0.617998
55493822217, 0.618108, 0.617949
55569221432, 0.618058, 0.617898
55644620647, 0.617997, 0.617832
55720019862, 0.617938, 0.617766
55795419077, 0.617881, 0.617711
55870818292, 0.617830, 0.617660
55946217506, 0.617780, 0.617608
56021616721, 0.617730, 0.617562
56097015936, 0.617694, 0.617525
56172415151, 0.617664, 0.617496
56247814366, 0.617620, 0.617447
56323213581, 0.617587, 0.617410
56398612796, 0.617519, 0.617344
56474012011, 0.617485, 0.617313
56549411226, 0.617445, 0.617275
56624810441, 0.617400, 0.617227
56700209656, 0.617327, 0.617163
56775608871, 0.617284, 0.617118
56851008086, 0.617241, 0.617069
56926407301, 0.617190, 0.617014
57001806516, 0.617144, 0.616971
57077205731, 0.617104, 0.616925
57152604946, 0.617048, 0.616874
57228004161, 0.617010, 0.616836
57303403376, 0.616966, 0.616793
57378802591, 0.616927, 0.616753
57454201806, 0.616869, 0.616690
57529601021, 0.616840, 0.616656
57605000236, 0.616810, 0.616621
57680399451, 0.616742, 0.616564
57755798666, 0.616720, 0.616541
57831197881, 0.616674, 0.616495
57906597096, 0.616620, 0.616444
57981996311, 0.616584, 0.616403
58057395526, 0.616550, 0.616366
58132794741, 0.616507, 0.616335
58208193956, 0.616488, 0.616314
58283593171, 0.616459, 0.616286
58358992386, 0.616441, 0.616266
58434391600, 0.616419, 0.616246
58509790815, 0.616402, 0.616223
58585190030, 0.616368, 0.616185
58660589245, 0.616323, 0.616139
58735988460, 0.616281, 0.616091
58811387675, 0.616261, 0.616071
58886786890, 0.616216, 0.616028
58962186105, 0.616160, 0.615967
59037585320, 0.616092, 0.615901
59112984535, 0.616038, 0.615850
59188383750, 0.616006, 0.615812
59263782965, 0.615960, 0.615761
59339182180, 0.615923, 0.615718
59414581395, 0.615898, 0.615692
59489980610, 0.615865, 0.615655
59565379825, 0.615805, 0.615592
59640779040, 0.615766, 0.615549
59716178255, 0.615694, 0.615488
59791577470, 0.615647, 0.615434
59866976685, 0.615616, 0.615402
59942375900, 0.615579, 0.615362
60017775115, 0.615545, 0.615328
60093174330, 0.615510, 0.615285
60168573545, 0.615456, 0.615230
60243972760, 0.615435, 0.615210
60319371975, 0.615404, 0.615181
60394771190, 0.615380, 0.615156
60470170405, 0.615337, 0.615115
60545569620, 0.615274, 0.615052
60620968835, 0.615235, 0.615009
60696368050, 0.615206, 0.614978
60771767265, 0.615171, 0.614940
60847166479, 0.615142, 0.614912
60922565694, 0.615087, 0.614869
60997964909, 0.615056, 0.614831
61073364124, 0.615029, 0.614800
61148763339, 0.614959, 0.614734
61224162554, 0.614921, 0.614702
61299561769, 0.614885, 0.614665
61374960984, 0.614844, 0.614628
61450360199, 0.614817, 0.614596
61525759414, 0.614785, 0.614562
61601158629, 0.614750, 0.614522
61676557844, 0.614728, 0.614499
61751957059, 0.614680, 0.614453
61827356274, 0.614654, 0.614427
61902755489, 0.614620, 0.614390
61978154704, 0.614592, 0.614364
62053553919, 0.614548, 0.614318
62128953134, 0.614524, 0.614295
62204352349, 0.614476, 0.614246
62279751564, 0.614448, 0.614215
62355150779, 0.614416, 0.614183
62430549994, 0.614378, 0.614146
62505949209, 0.614332, 0.614097
62581348424, 0.614303, 0.614068
62656747639, 0.614260, 0.614028
62732146854, 0.614210, 0.613994
62807546069, 0.614192, 0.613974
62882945284, 0.614137, 0.613925
62958344499, 0.614101, 0.613896
63033743714, 0.614072, 0.613871
63109142929, 0.614041, 0.613842
63184542144, 0.614019, 0.613819
63259941358, 0.614002, 0.613799
63335340573, 0.613950, 0.613753
63410739788, 0.613938, 0.613739
63486139003, 0.613919, 0.613719
63561538218, 0.613896, 0.613693
63636937433, 0.613862, 0.613661
63712336648, 0.613844, 0.613644
63787735863, 0.613822, 0.613621
63863135078, 0.613782, 0.613575
63938534293, 0.613750, 0.613544
64013933508, 0.613712, 0.613503
64089332723, 0.613675, 0.613463
64164731938, 0.613646, 0.613437
64240131153, 0.613612, 0.613414
64315530368, 0.613603, 0.613406
64390929583, 0.613581, 0.613386
64466328798, 0.613561, 0.613360
64541728013, 0.613536, 0.613334
64617127228, 0.613510, 0.613305
64692526443, 0.613485, 0.613280
64767925658, 0.613469, 0.613265
64843324873, 0.613451, 0.613248
64918724088, 0.613442, 0.613239
64994123303, 0.613421, 0.613214
65069522518, 0.613407, 0.613199
65144921733, 0.613376, 0.613174
65220320948, 0.613351, 0.613148
65295720163, 0.613332, 0.613128
65371119378, 0.613317, 0.613110
65446518593, 0.613295, 0.613087
65521917808, 0.613275, 0.613067
65597317023, 0.613260, 0.613050
65672716237, 0.613226, 0.613010
65748115452, 0.613212, 0.612993
65823514667, 0.613196, 0.612976
65898913882, 0.613178, 0.612958
65974313097, 0.613158, 0.612938
66049712312, 0.613121, 0.612912
66125111527, 0.613100, 0.612892
66200510742, 0.613068, 0.612864
66275909957, 0.613043, 0.612838
66351309172, 0.613020, 0.612812
66426708387, 0.612988, 0.612778
66502107602, 0.612971, 0.612758
66577506817, 0.612945, 0.612729
66652906032, 0.612921, 0.612706
66728305247, 0.612896, 0.612680
66803704462, 0.612864, 0.612651
66879103677, 0.612850, 0.612637
66954502892, 0.612837, 0.612626
67029902107, 0.612813, 0.612603
67105301322, 0.612798, 0.612588
67180700537, 0.612777, 0.612563
67256099752, 0.612762, 0.612548
67331498967, 0.612731, 0.612520
67406898182, 0.612712, 0.612499
67482297397, 0.612693, 0.612479
67557696612, 0.612662, 0.612448
67633095827, 0.612649, 0.612433
67708495042, 0.612633, 0.612416
67783894257, 0.612624, 0.612408
67859293472, 0.612603, 0.612388
67934692687, 0.612592, 0.612373
68010091902, 0.612566, 0.612350
68085491117, 0.612546, 0.612327
68160890331, 0.612536, 0.612313
68236289546, 0.612512, 0.612293
68311688761, 0.612496, 0.612273
68387087976, 0.612484, 0.612258
68462487191, 0.612459, 0.612233
68537886406, 0.612441, 0.612213
68613285621, 0.612427, 0.612195
68688684836, 0.612404, 0.612170
68764084051, 0.612393, 0.612158
68839483266, 0.612376, 0.612141
68914882481, 0.612367, 0.612132
68990281696, 0.612358, 0.612121
69065680911, 0.612345, 0.612106
69141080126, 0.612328, 0.612089
69216479341, 0.612308, 0.612066
69291878556, 0.612280, 0.612052
69367277771, 0.612268, 0.612035
69442676986, 0.612258, 0.612023
69518076201, 0.612244, 0.612009
69593475416, 0.612240, 0.612006
69668874631, 0.612223, 0.611992
69744273846, 0.612213, 0.611983
69819673061, 0.612190, 0.611960
69895072276, 0.612188, 0.611957
69970471491, 0.612171, 0.611943
70045870706, 0.612157, 0.611929
70121269921, 0.612151, 0.611923
70196669136, 0.612132, 0.611903
70272068351, 0.612119, 0.611888
70347467566, 0.612112, 0.611880
70422866781, 0.612092, 0.611863
70498265996, 0.612081, 0.611851
70573665210, 0.612080, 0.611848
70649064425, 0.612071, 0.611837
70724463640, 0.612053, 0.611820
70799862855, 0.612030, 0.611800
70875262070, 0.612019, 0.611788
70950661285, 0.612016, 0.611785
71026060500, 0.612008, 0.611777
71101459715, 0.611992, 0.611759
71176858930, 0.611974, 0.611742
71252258145, 0.611940, 0.611716
71327657360, 0.611931, 0.611708
71403056575, 0.611921, 0.611699
71478455790, 0.611902, 0.611673
71553855005, 0.611892, 0.611665
71629254220, 0.611888, 0.611662
71704653435, 0.611874, 0.611648
71780052650, 0.611865, 0.611639
71855451865, 0.611850, 0.611627
71930851080, 0.611832, 0.611604
72006250295, 0.611828, 0.611602
72081649510, 0.611825, 0.611599
72157048725, 0.611825, 0.611599
72232447940, 0.611818, 0.611590
72307847155, 0.611803, 0.611576
72383246370, 0.611793, 0.611564
72458645585, 0.611784, 0.611553
72534044800, 0.611781, 0.611550
72609444015, 0.611778, 0.611547
72684843230, 0.611767, 0.611536
72760242445, 0.611760, 0.611527
72835641660, 0.611757, 0.611524
72911040875, 0.611756, 0.611521
72986440089, 0.611750, 0.611516
73061839304, 0.611733, 0.611510
73137238519, 0.611726, 0.611504
73212637734, 0.611720, 0.611498
73288036949, 0.611717, 0.611495
73363436164, 0.611714, 0.611493
73438835379, 0.611714, 0.611493
73514234594, 0.611714, 0.611493
73589633809, 0.611704, 0.611481
73665033024, 0.611699, 0.611475
73740432239, 0.611696, 0.611473
73815831454, 0.611692, 0.611467
73891230669, 0.611687, 0.611461
73966629884, 0.611679, 0.611450
74042029099, 0.611679, 0.611450
74117428314, 0.611679, 0.611450
74192827529, 0.611676, 0.611447
74268226744, 0.611673, 0.611444
74343625959, 0.611671, 0.611441
74419025174, 0.611668, 0.611438
74494424389, 0.611663, 0.611432
74569823604, 0.611663, 0.611432
74645222819, 0.611663, 0.611432
74720622034, 0.611656, 0.611424
74796021249, 0.611656, 0.611424
74871420464, 0.611648, 0.611415
74946819679, 0.611648, 0.611415
75022218894, 0.611645, 0.611412
75097618109, 0.611645, 0.611412
75173017324, 0.611642, 0.611409
75248416539, 0.611642, 0.611409
75323815754, 0.611626, 0.611404
75399214969, 0.611625, 0.611401
Time used: 821 ms
