logging to /opt/shards_res_1000/2016020500-2016020600_unique/tenant_4_profile_res-FIX_RATE-SHARDS-0.01.csvtracefile: /data1/tenant_trace/2016020500-2016020600_unique/tenant_4_trace
open file /data1/tenant_trace/2016020500-2016020600_unique/tenant_4_trace
read 1000000 lines
read 2000000 lines
read 3000000 lines
read 4000000 lines
read 5000000 lines
read 6000000 lines
read 7000000 lines
read 8000000 lines
read 9000000 lines
read 10000000 lines
read 11000000 lines
read 12000000 lines
read 13000000 lines
read 14000000 lines
read 15000000 lines
read 16000000 lines
read 17000000 lines
read 18000000 lines
read 19000000 lines
read 20000000 lines
read 21000000 lines
read 22000000 lines
read 23000000 lines
read 24000000 lines
read 25000000 lines
read 26000000 lines
read 27000000 lines
read 28000000 lines
read 29000000 lines
read 30000000 lines
read 31000000 lines
read 32000000 lines
read 33000000 lines
read 34000000 lines
read 35000000 lines
read 36000000 lines
read 37000000 lines
read 38000000 lines
read 39000000 lines
read 40000000 lines
read 41000000 lines
read 42000000 lines
read 43000000 lines
read 44000000 lines
read 45000000 lines
read 46000000 lines
read 47000000 lines
read 48000000 lines
read 49000000 lines
read 50000000 lines
read 51000000 lines
read 52000000 lines
read 53000000 lines
read 54000000 lines
read 55000000 lines
read 56000000 lines
read 57000000 lines
read 58000000 lines
read 59000000 lines
read 60000000 lines
read 61000000 lines
read 62000000 lines
read 63000000 lines
read 64000000 lines
read 65000000 lines
read 66000000 lines
read 67000000 lines
read 68000000 lines
read 69000000 lines
read 70000000 lines
read 71000000 lines
read 72000000 lines
read 73000000 lines
read 74000000 lines
read 75000000 lines
read 76000000 lines
read 77000000 lines
read 78000000 lines
read 79000000 lines
read 80000000 lines
read 81000000 lines
read 82000000 lines
read 83000000 lines
read 84000000 lines
read 85000000 lines
read 86000000 lines
read 87000000 lines
read 88000000 lines
read 89000000 lines
read 90000000 lines
read 91000000 lines
read 92000000 lines
read 93000000 lines
read 94000000 lines
read 95000000 lines
read 96000000 lines
read 97000000 lines
read 98000000 lines
read 99000000 lines
read 100000000 lines
read 101000000 lines
read 102000000 lines
read 103000000 lines
read 104000000 lines
read 105000000 lines
read 106000000 lines
read 107000000 lines
read 108000000 lines
read 109000000 lines
read 110000000 lines
read 111000000 lines
read 112000000 lines
read 113000000 lines
read 114000000 lines
read 115000000 lines
read 116000000 lines
read 117000000 lines
read 118000000 lines
read 119000000 lines
read 120000000 lines
read 121000000 lines
read 122000000 lines
read 123000000 lines
read 124000000 lines
read 125000000 lines
read 126000000 lines
read 127000000 lines
read 128000000 lines
read 129000000 lines
read 130000000 lines
read 131000000 lines
read 132000000 lines
read 133000000 lines
read 134000000 lines
read 135000000 lines
read 136000000 lines
read 137000000 lines
read 138000000 lines
read 139000000 lines
read 140000000 lines
read 141000000 lines
read 142000000 lines
read 143000000 lines
read 144000000 lines
read 145000000 lines
read 146000000 lines
read 147000000 lines
read 148000000 lines
read 149000000 lines
read 150000000 lines
read 151000000 lines
read 152000000 lines
read 153000000 lines
read 154000000 lines
read 155000000 lines
read 156000000 lines
read 157000000 lines
read 158000000 lines
read 159000000 lines
read 160000000 lines
read 161000000 lines
read 162000000 lines
read 163000000 lines
read 164000000 lines
read 165000000 lines
read 166000000 lines
read 167000000 lines
read 168000000 lines
read 169000000 lines
read 170000000 lines
read 171000000 lines
read 172000000 lines
read 173000000 lines
read 174000000 lines
read 175000000 lines
read 176000000 lines
read 177000000 lines
read 178000000 lines
read 179000000 lines
read 180000000 lines
read 181000000 lines
read 182000000 lines
read 183000000 lines
read 184000000 lines
read 185000000 lines
read 186000000 lines
read 187000000 lines
read 188000000 lines
read 189000000 lines
read 190000000 lines
read 191000000 lines
read 192000000 lines
read 193000000 lines
read 194000000 lines
read 195000000 lines
read 196000000 lines
read 197000000 lines
read 198000000 lines
read 199000000 lines
read 200000000 lines
read 201000000 lines
read 202000000 lines
read 203000000 lines
read 204000000 lines
read 205000000 lines
read 206000000 lines
read 207000000 lines
read 208000000 lines
read 209000000 lines
read 210000000 lines
read 211000000 lines
read 212000000 lines
read 213000000 lines
read 214000000 lines
read 215000000 lines
read 216000000 lines
read 217000000 lines
read 218000000 lines
read 219000000 lines
read 220000000 lines
read 221000000 lines
read 222000000 lines
read 223000000 lines
read 224000000 lines
read 225000000 lines
read 226000000 lines
read 227000000 lines
read 228000000 lines
read 229000000 lines
read 230000000 lines
read 231000000 lines
read 232000000 lines
read 233000000 lines
read 234000000 lines
read 235000000 lines
read 236000000 lines
read 237000000 lines
read 238000000 lines
read 239000000 lines
read 240000000 lines
read 241000000 lines
read 242000000 lines
read 243000000 lines
read 244000000 lines
read 245000000 lines
read 246000000 lines
read 247000000 lines
read 248000000 lines
read 249000000 lines
read 250000000 lines
read 251000000 lines
read 252000000 lines
read 253000000 lines
read 254000000 lines
read 255000000 lines
read 256000000 lines
read 257000000 lines
read 258000000 lines
read 259000000 lines
read 260000000 lines
read 261000000 lines
read 262000000 lines
read 263000000 lines
read 264000000 lines
read 265000000 lines
read 266000000 lines
read 267000000 lines
read 268000000 lines
read 269000000 lines
read 270000000 lines
read 271000000 lines
read 272000000 lines
read 273000000 lines
read 274000000 lines
read 275000000 lines
read 276000000 lines
read 277000000 lines
read 278000000 lines
read 279000000 lines
read 280000000 lines
read 281000000 lines
read 282000000 lines
read 283000000 lines
read 284000000 lines
read 285000000 lines
read 286000000 lines
read 287000000 lines
read 288000000 lines
read 289000000 lines
read 290000000 lines
read 291000000 lines
read 292000000 lines
read 293000000 lines
read 294000000 lines
read 295000000 lines
read 296000000 lines
read 297000000 lines
read 298000000 lines
read 299000000 lines
read 300000000 lines
read 301000000 lines
read 302000000 lines
read 303000000 lines
read 304000000 lines
read 305000000 lines
read 306000000 lines
read 307000000 lines
read 308000000 lines
read 309000000 lines
read 310000000 lines
read 311000000 lines
read 312000000 lines
read 313000000 lines
read 314000000 lines
read 315000000 lines
read 316000000 lines
read 317000000 lines
read 318000000 lines
read 319000000 lines
read 320000000 lines
read 321000000 lines
read 322000000 lines
read 323000000 lines
read 324000000 lines
read 325000000 lines
read 326000000 lines
read 327000000 lines
read 328000000 lines
read 329000000 lines
read 330000000 lines
read 331000000 lines
read 332000000 lines
read 333000000 lines
read 334000000 lines
read 335000000 lines
read 336000000 lines
read 337000000 lines
read 338000000 lines
read 339000000 lines
read 340000000 lines
read 341000000 lines
read 342000000 lines
read 343000000 lines
read 344000000 lines
read 345000000 lines
read 346000000 lines
read 347000000 lines
read 348000000 lines
read 349000000 lines
read 350000000 lines
read 351000000 lines
read 352000000 lines
read 353000000 lines
read 354000000 lines
read 355000000 lines
[FILE]: /data1/tenant_trace/2016020500-2016020600_unique/tenant_4_trace
total_access_num: 355847177
total_access_size: 4507033456048
unique_access_num: 101500077
unique_access_size: 1316187893296
min_item_size: 1
[method]: SHARDS
[metric]: MAE
[seed]: 42
[sample_method]: FIX_RATE
[sample_metric]: 0.01
MAEQ_factor: 1.028327
cache_size, BMRC_ratio, OMRC_ratio
1316187893, 0.848151, 0.851181
2632375786, 0.805779, 0.806912
3948563679, 0.776183, 0.775898
5264751573, 0.752851, 0.751676
6580939466, 0.733431, 0.731643
7897127359, 0.716511, 0.714270
9213315253, 0.701628, 0.698994
10529503146, 0.688196, 0.685329
11845691039, 0.676166, 0.673009
13161878932, 0.665046, 0.661775
14478066826, 0.654944, 0.651498
15794254719, 0.645604, 0.641961
17110442612, 0.636873, 0.633033
18426630506, 0.628697, 0.624720
19742818399, 0.620864, 0.616832
21059006292, 0.613624, 0.609499
22375194186, 0.606732, 0.602501
23691382079, 0.600204, 0.595860
25007569972, 0.594023, 0.589563
26323757865, 0.588165, 0.583606
27639945759, 0.582589, 0.577959
28956133652, 0.577306, 0.572509
30272321545, 0.572157, 0.567285
31588509439, 0.567286, 0.562321
32904697332, 0.562566, 0.557510
34220885225, 0.558054, 0.552959
35537073118, 0.553696, 0.548547
36853261012, 0.549501, 0.544309
38169448905, 0.545490, 0.540247
39485636798, 0.541577, 0.536263
40801824692, 0.537772, 0.532408
42118012585, 0.534093, 0.528673
43434200478, 0.530564, 0.525093
44750388372, 0.527171, 0.521653
46066576265, 0.523919, 0.518365
47382764158, 0.520664, 0.515093
48698952051, 0.517569, 0.511965
50015139945, 0.514547, 0.508877
51331327838, 0.511645, 0.505929
52647515731, 0.508728, 0.503011
53963703625, 0.505930, 0.500176
55279891518, 0.503191, 0.497421
56596079411, 0.500552, 0.494750
57912267305, 0.497936, 0.492144
59228455198, 0.495467, 0.489654
60544643091, 0.493038, 0.487167
61860830984, 0.490615, 0.484738
63177018878, 0.488269, 0.482400
64493206771, 0.486002, 0.480124
65809394664, 0.483802, 0.477868
67125582558, 0.481598, 0.475659
68441770451, 0.479483, 0.473522
69757958344, 0.477421, 0.471418
71074146237, 0.475407, 0.469396
72390334131, 0.473397, 0.467365
73706522024, 0.471443, 0.465377
75022709917, 0.469557, 0.463487
76338897811, 0.467739, 0.461638
77655085704, 0.465875, 0.459768
78971273597, 0.464096, 0.457983
80287461491, 0.462365, 0.456241
81603649384, 0.460640, 0.454502
82919837277, 0.459007, 0.452830
84236025170, 0.457314, 0.451141
85552213064, 0.455691, 0.449512
86868400957, 0.454099, 0.447902
88184588850, 0.452530, 0.446326
89500776744, 0.451036, 0.444818
90816964637, 0.449534, 0.443269
92133152530, 0.448071, 0.441809
93449340424, 0.446606, 0.440334
94765528317, 0.445181, 0.438892
96081716210, 0.443750, 0.437474
97397904103, 0.442367, 0.436088
98714091997, 0.441007, 0.434711
100030279890, 0.439636, 0.433315
101346467783, 0.438316, 0.431995
102662655677, 0.437024, 0.430687
103978843570, 0.435760, 0.429408
105295031463, 0.434538, 0.428175
106611219356, 0.433313, 0.426929
107927407250, 0.432107, 0.425720
109243595143, 0.430933, 0.424529
110559783036, 0.429734, 0.423329
111875970930, 0.428586, 0.422164
113192158823, 0.427431, 0.421006
114508346716, 0.426303, 0.419885
115824534610, 0.425240, 0.418803
117140722503, 0.424166, 0.417713
118456910396, 0.423083, 0.416639
119773098289, 0.422052, 0.415611
121089286183, 0.421016, 0.414578
122405474076, 0.419968, 0.413514
123721661969, 0.418913, 0.412457
125037849863, 0.417888, 0.411419
126354037756, 0.416934, 0.410437
127670225649, 0.415955, 0.409451
128986413543, 0.414975, 0.408484
130302601436, 0.414060, 0.407540
131618789329, 0.413130, 0.406607
132934977222, 0.412220, 0.405677
134251165116, 0.411306, 0.404760
135567353009, 0.410374, 0.403824
136883540902, 0.409514, 0.402950
138199728796, 0.408613, 0.402042
139515916689, 0.407780, 0.401186
140832104582, 0.406916, 0.400320
142148292475, 0.406098, 0.399471
143464480369, 0.405278, 0.398651
144780668262, 0.404465, 0.397827
146096856155, 0.403666, 0.397012
147413044049, 0.402887, 0.396218
148729231942, 0.402076, 0.395418
150045419835, 0.401291, 0.394632
151361607729, 0.400544, 0.393872
152677795622, 0.399776, 0.393094
153993983515, 0.399035, 0.392338
155310171408, 0.398287, 0.391583
156626359302, 0.397571, 0.390861
157942547195, 0.396825, 0.390106
159258735088, 0.396100, 0.389374
160574922982, 0.395390, 0.388659
161891110875, 0.394636, 0.387912
163207298768, 0.393916, 0.387191
164523486662, 0.393234, 0.386495
165839674555, 0.392561, 0.385803
167155862448, 0.391902, 0.385141
168472050341, 0.391250, 0.384465
169788238235, 0.390555, 0.383763
171104426128, 0.389879, 0.383097
172420614021, 0.389233, 0.382437
173736801915, 0.388564, 0.381765
175052989808, 0.387919, 0.381125
176369177701, 0.387297, 0.380501
177685365594, 0.386690, 0.379891
179001553488, 0.386059, 0.379268
180317741381, 0.385437, 0.378620
181633929274, 0.384868, 0.378029
182950117168, 0.384288, 0.377438
184266305061, 0.383706, 0.376847
185582492954, 0.383113, 0.376256
186898680848, 0.382544, 0.375672
188214868741, 0.381966, 0.375093
189531056634, 0.381376, 0.374499
190847244527, 0.380825, 0.373939
192163432421, 0.380260, 0.373369
193479620314, 0.379712, 0.372803
194795808207, 0.379172, 0.372251
196111996101, 0.378627, 0.371696
197428183994, 0.378096, 0.371157
198744371887, 0.377571, 0.370640
200060559780, 0.377050, 0.370106
201376747674, 0.376549, 0.369590
202692935567, 0.376018, 0.369056
204009123460, 0.375495, 0.368527
205325311354, 0.374995, 0.368033
206641499247, 0.374467, 0.367515
207957687140, 0.373970, 0.367018
209273875034, 0.373478, 0.366518
210590062927, 0.372986, 0.366022
211906250820, 0.372514, 0.365540
213222438713, 0.372022, 0.365040
214538626607, 0.371547, 0.364573
215854814500, 0.371038, 0.364090
217171002393, 0.370577, 0.363621
218487190287, 0.370116, 0.363151
219803378180, 0.369689, 0.362709
221119566073, 0.369252, 0.362255
222435753967, 0.368815, 0.361807
223751941860, 0.368350, 0.361341
225068129753, 0.367894, 0.360889
226384317646, 0.367456, 0.360446
227700505540, 0.367015, 0.359996
229016693433, 0.366569, 0.359543
230332881326, 0.366123, 0.359104
231649069220, 0.365681, 0.358666
232965257113, 0.365267, 0.358251
234281445006, 0.364835, 0.357815
235597632899, 0.364409, 0.357393
236913820793, 0.363992, 0.356961
238230008686, 0.363572, 0.356552
239546196579, 0.363150, 0.356132
240862384473, 0.362749, 0.355729
242178572366, 0.362353, 0.355339
243494760259, 0.361966, 0.354960
244810948153, 0.361584, 0.354567
246127136046, 0.361222, 0.354194
247443323939, 0.360811, 0.353790
248759511832, 0.360416, 0.353405
250075699726, 0.360023, 0.353011
251391887619, 0.359627, 0.352625
252708075512, 0.359252, 0.352247
254024263406, 0.358897, 0.351880
255340451299, 0.358530, 0.351500
256656639192, 0.358160, 0.351131
257972827086, 0.357800, 0.350775
259289014979, 0.357410, 0.350397
260605202872, 0.357026, 0.350016
261921390765, 0.356669, 0.349652
263237578659, 0.356300, 0.349283
264553766552, 0.355975, 0.348952
265869954445, 0.355620, 0.348601
267186142339, 0.355249, 0.348240
268502330232, 0.354896, 0.347888
269818518125, 0.354564, 0.347547
271134706018, 0.354246, 0.347217
272450893912, 0.353890, 0.346868
273767081805, 0.353548, 0.346531
275083269698, 0.353229, 0.346206
276399457592, 0.352876, 0.345870
277715645485, 0.352556, 0.345553
279031833378, 0.352233, 0.345222
280348021272, 0.351916, 0.344908
281664209165, 0.351609, 0.344598
282980397058, 0.351291, 0.344280
284296584951, 0.350975, 0.343972
285612772845, 0.350635, 0.343649
286928960738, 0.350328, 0.343340
288245148631, 0.350003, 0.343025
289561336525, 0.349698, 0.342719
290877524418, 0.349394, 0.342404
292193712311, 0.349094, 0.342102
293509900205, 0.348773, 0.341786
294826088098, 0.348484, 0.341489
296142275991, 0.348188, 0.341184
297458463884, 0.347882, 0.340876
298774651778, 0.347589, 0.340584
300090839671, 0.347302, 0.340287
301407027564, 0.346996, 0.339989
302723215458, 0.346706, 0.339703
304039403351, 0.346419, 0.339408
305355591244, 0.346148, 0.339127
306671779137, 0.345865, 0.338843
307987967031, 0.345593, 0.338573
309304154924, 0.345313, 0.338281
310620342817, 0.345045, 0.338007
311936530711, 0.344752, 0.337712
313252718604, 0.344481, 0.337443
314568906497, 0.344204, 0.337163
315885094391, 0.343933, 0.336893
317201282284, 0.343668, 0.336623
318517470177, 0.343398, 0.336351
319833658070, 0.343131, 0.336075
321149845964, 0.342885, 0.335816
322466033857, 0.342620, 0.335552
323782221750, 0.342367, 0.335287
325098409644, 0.342102, 0.335013
326414597537, 0.341841, 0.334757
327730785430, 0.341604, 0.334513
329046973324, 0.341351, 0.334259
330363161217, 0.341103, 0.334011
331679349110, 0.340868, 0.333771
332995537003, 0.340628, 0.333526
334311724897, 0.340369, 0.333267
335627912790, 0.340126, 0.333020
336944100683, 0.339874, 0.332762
338260288577, 0.339619, 0.332514
339576476470, 0.339350, 0.332256
340892664363, 0.339120, 0.332022
342208852256, 0.338875, 0.331779
343525040150, 0.338654, 0.331559
344841228043, 0.338416, 0.331312
346157415936, 0.338173, 0.331061
347473603830, 0.337939, 0.330827
348789791723, 0.337700, 0.330589
350105979616, 0.337471, 0.330354
351422167510, 0.337249, 0.330120
352738355403, 0.337021, 0.329889
354054543296, 0.336786, 0.329645
355370731189, 0.336547, 0.329402
356686919083, 0.336322, 0.329170
358003106976, 0.336098, 0.328941
359319294869, 0.335873, 0.328711
360635482763, 0.335658, 0.328491
361951670656, 0.335441, 0.328269
363267858549, 0.335232, 0.328052
364584046442, 0.335003, 0.327827
365900234336, 0.334799, 0.327622
367216422229, 0.334595, 0.327406
368532610122, 0.334387, 0.327193
369848798016, 0.334177, 0.326986
371164985909, 0.333975, 0.326783
372481173802, 0.333767, 0.326578
373797361696, 0.333550, 0.326364
375113549589, 0.333336, 0.326156
376429737482, 0.333123, 0.325942
377745925375, 0.332925, 0.325743
379062113269, 0.332731, 0.325541
380378301162, 0.332523, 0.325325
381694489055, 0.332327, 0.325133
383010676949, 0.332131, 0.324933
384326864842, 0.331934, 0.324724
385643052735, 0.331740, 0.324532
386959240629, 0.331542, 0.324333
388275428522, 0.331355, 0.324139
389591616415, 0.331162, 0.323950
390907804308, 0.330980, 0.323761
392223992202, 0.330795, 0.323570
393540180095, 0.330595, 0.323369
394856367988, 0.330409, 0.323176
396172555882, 0.330219, 0.322985
397488743775, 0.330010, 0.322779
398804931668, 0.329818, 0.322583
400121119561, 0.329634, 0.322395
401437307455, 0.329470, 0.322225
402753495348, 0.329281, 0.322044
404069683241, 0.329068, 0.321839
405385871135, 0.328878, 0.321655
406702059028, 0.328694, 0.321478
408018246921, 0.328496, 0.321283
409334434815, 0.328308, 0.321103
410650622708, 0.328127, 0.320917
411966810601, 0.327943, 0.320732
413282998494, 0.327771, 0.320550
414599186388, 0.327592, 0.320373
415915374281, 0.327410, 0.320198
417231562174, 0.327212, 0.320007
418547750068, 0.327035, 0.319825
419863937961, 0.326855, 0.319641
421180125854, 0.326694, 0.319481
422496313748, 0.326518, 0.319314
423812501641, 0.326351, 0.319143
425128689534, 0.326180, 0.318968
426444877427, 0.326025, 0.318812
427761065321, 0.325868, 0.318650
429077253214, 0.325699, 0.318482
430393441107, 0.325531, 0.318323
431709629001, 0.325357, 0.318151
433025816894, 0.325195, 0.317985
434342004787, 0.325035, 0.317821
435658192680, 0.324877, 0.317657
436974380574, 0.324726, 0.317498
438290568467, 0.324559, 0.317333
439606756360, 0.324395, 0.317168
440922944254, 0.324230, 0.317002
442239132147, 0.324079, 0.316860
443555320040, 0.323922, 0.316710
444871507934, 0.323770, 0.316556
446187695827, 0.323616, 0.316401
447503883720, 0.323452, 0.316234
448820071613, 0.323284, 0.316073
450136259507, 0.323128, 0.315912
451452447400, 0.322981, 0.315772
452768635293, 0.322829, 0.315619
454084823187, 0.322689, 0.315478
455401011080, 0.322529, 0.315324
456717198973, 0.322384, 0.315175
458033386867, 0.322230, 0.315023
459349574760, 0.322085, 0.314875
460665762653, 0.321925, 0.314725
461981950546, 0.321787, 0.314580
463298138440, 0.321643, 0.314430
464614326333, 0.321485, 0.314272
465930514226, 0.321338, 0.314122
467246702120, 0.321197, 0.313984
468562890013, 0.321046, 0.313832
469879077906, 0.320902, 0.313684
471195265799, 0.320775, 0.313550
472511453693, 0.320653, 0.313420
473827641586, 0.320530, 0.313292
475143829479, 0.320392, 0.313154
476460017373, 0.320246, 0.313016
477776205266, 0.320096, 0.312868
479092393159, 0.319955, 0.312723
480408581053, 0.319825, 0.312592
481724768946, 0.319691, 0.312458
483040956839, 0.319548, 0.312323
484357144732, 0.319421, 0.312191
485673332626, 0.319288, 0.312056
486989520519, 0.319159, 0.311927
488305708412, 0.319035, 0.311799
489621896306, 0.318903, 0.311660
490938084199, 0.318771, 0.311527
492254272092, 0.318633, 0.311396
493570459986, 0.318510, 0.311263
494886647879, 0.318389, 0.311138
496202835772, 0.318262, 0.311013
497519023665, 0.318136, 0.310882
498835211559, 0.318008, 0.310754
500151399452, 0.317873, 0.310622
501467587345, 0.317740, 0.310495
502783775239, 0.317608, 0.310361
504099963132, 0.317480, 0.310237
505416151025, 0.317348, 0.310108
506732338918, 0.317213, 0.309984
508048526812, 0.317098, 0.309869
509364714705, 0.316983, 0.309757
510680902598, 0.316866, 0.309639
511997090492, 0.316750, 0.309523
513313278385, 0.316627, 0.309396
514629466278, 0.316506, 0.309277
515945654172, 0.316394, 0.309161
517261842065, 0.316279, 0.309046
518578029958, 0.316149, 0.308923
519894217851, 0.316035, 0.308808
521210405745, 0.315908, 0.308686
522526593638, 0.315790, 0.308571
523842781531, 0.315676, 0.308454
525158969425, 0.315557, 0.308341
526475157318, 0.315441, 0.308218
527791345211, 0.315331, 0.308104
529107533104, 0.315207, 0.307983
530423720998, 0.315099, 0.307873
531739908891, 0.314994, 0.307766
533056096784, 0.314894, 0.307664
534372284678, 0.314782, 0.307551
535688472571, 0.314657, 0.307427
537004660464, 0.314551, 0.307315
538320848358, 0.314446, 0.307208
539637036251, 0.314331, 0.307090
540953224144, 0.314230, 0.306988
542269412037, 0.314130, 0.306884
543585599931, 0.314023, 0.306771
544901787824, 0.313920, 0.306664
546217975717, 0.313817, 0.306560
547534163611, 0.313688, 0.306441
548850351504, 0.313571, 0.306328
550166539397, 0.313468, 0.306229
551482727291, 0.313370, 0.306124
552798915184, 0.313259, 0.306020
554115103077, 0.313160, 0.305922
555431290970, 0.313057, 0.305813
556747478864, 0.312963, 0.305718
558063666757, 0.312848, 0.305606
559379854650, 0.312753, 0.305505
560696042544, 0.312650, 0.305406
562012230437, 0.312545, 0.305302
563328418330, 0.312457, 0.305209
564644606223, 0.312360, 0.305110
565960794117, 0.312260, 0.305015
567276982010, 0.312152, 0.304911
568593169903, 0.312058, 0.304814
569909357797, 0.311961, 0.304718
571225545690, 0.311865, 0.304618
572541733583, 0.311780, 0.304529
573857921477, 0.311682, 0.304429
575174109370, 0.311578, 0.304329
576490297263, 0.311479, 0.304228
577806485156, 0.311374, 0.304127
579122673050, 0.311279, 0.304035
580438860943, 0.311191, 0.303947
581755048836, 0.311089, 0.303847
583071236730, 0.310986, 0.303746
584387424623, 0.310882, 0.303643
585703612516, 0.310793, 0.303550
587019800410, 0.310685, 0.303444
588335988303, 0.310602, 0.303360
589652176196, 0.310500, 0.303264
590968364089, 0.310402, 0.303167
592284551983, 0.310305, 0.303071
593600739876, 0.310214, 0.302983
594916927769, 0.310123, 0.302891
596233115663, 0.310031, 0.302797
597549303556, 0.309952, 0.302713
598865491449, 0.309875, 0.302629
600181679342, 0.309778, 0.302533
601497867236, 0.309702, 0.302456
602814055129, 0.309619, 0.302371
604130243022, 0.309532, 0.302283
605446430916, 0.309454, 0.302201
606762618809, 0.309361, 0.302118
608078806702, 0.309279, 0.302039
609394994596, 0.309185, 0.301945
610711182489, 0.309100, 0.301863
612027370382, 0.309013, 0.301773
613343558275, 0.308927, 0.301692
614659746169, 0.308849, 0.301614
615975934062, 0.308767, 0.301533
617292121955, 0.308684, 0.301453
618608309849, 0.308608, 0.301375
619924497742, 0.308531, 0.301299
621240685635, 0.308451, 0.301216
622556873529, 0.308357, 0.301123
623873061422, 0.308283, 0.301049
625189249315, 0.308204, 0.300969
626505437208, 0.308130, 0.300896
627821625102, 0.308053, 0.300817
629137812995, 0.307980, 0.300746
630454000888, 0.307895, 0.300661
631770188782, 0.307811, 0.300574
633086376675, 0.307731, 0.300490
634402564568, 0.307660, 0.300421
635718752461, 0.307580, 0.300341
637034940355, 0.307505, 0.300263
638351128248, 0.307427, 0.300185
639667316141, 0.307351, 0.300109
640983504035, 0.307279, 0.300036
642299691928, 0.307195, 0.299960
643615879821, 0.307129, 0.299892
644932067715, 0.307045, 0.299809
646248255608, 0.306969, 0.299734
647564443501, 0.306899, 0.299662
648880631394, 0.306826, 0.299590
650196819288, 0.306746, 0.299512
651513007181, 0.306673, 0.299440
652829195074, 0.306588, 0.299359
654145382968, 0.306516, 0.299289
655461570861, 0.306446, 0.299216
656777758754, 0.306376, 0.299144
658093946648, 0.306300, 0.299067
659410134541, 0.306236, 0.299002
660726322434, 0.306168, 0.298936
662042510327, 0.306105, 0.298869
663358698221, 0.306032, 0.298800
664674886114, 0.305964, 0.298731
665991074007, 0.305885, 0.298660
667307261901, 0.305817, 0.298591
668623449794, 0.305753, 0.298525
669939637687, 0.305683, 0.298454
671255825580, 0.305618, 0.298392
672572013474, 0.305546, 0.298322
673888201367, 0.305471, 0.298246
675204389260, 0.305397, 0.298179
676520577154, 0.305340, 0.298120
677836765047, 0.305267, 0.298049
679152952940, 0.305181, 0.297973
680469140834, 0.305104, 0.297901
681785328727, 0.305033, 0.297830
683101516620, 0.304964, 0.297770
684417704513, 0.304901, 0.297705
685733892407, 0.304834, 0.297635
687050080300, 0.304761, 0.297567
688366268193, 0.304686, 0.297493
689682456087, 0.304611, 0.297422
690998643980, 0.304547, 0.297357
692314831873, 0.304485, 0.297302
693631019766, 0.304426, 0.297238
694947207660, 0.304359, 0.297174
696263395553, 0.304301, 0.297116
697579583446, 0.304234, 0.297054
698895771340, 0.304166, 0.296988
700211959233, 0.304107, 0.296932
701528147126, 0.304047, 0.296874
702844335020, 0.303985, 0.296814
704160522913, 0.303918, 0.296752
705476710806, 0.303861, 0.296691
706792898699, 0.303803, 0.296634
708109086593, 0.303739, 0.296573
709425274486, 0.303684, 0.296516
710741462379, 0.303626, 0.296460
712057650273, 0.303573, 0.296404
713373838166, 0.303513, 0.296344
714690026059, 0.303450, 0.296285
716006213953, 0.303395, 0.296231
717322401846, 0.303338, 0.296172
718638589739, 0.303277, 0.296112
719954777632, 0.303223, 0.296054
721270965526, 0.303158, 0.295987
722587153419, 0.303104, 0.295929
723903341312, 0.303047, 0.295870
725219529206, 0.302996, 0.295817
726535717099, 0.302944, 0.295765
727851904992, 0.302879, 0.295698
729168092885, 0.302825, 0.295643
730484280779, 0.302760, 0.295580
731800468672, 0.302699, 0.295523
733116656565, 0.302638, 0.295467
734432844459, 0.302583, 0.295410
735749032352, 0.302528, 0.295356
737065220245, 0.302470, 0.295298
738381408139, 0.302409, 0.295238
739697596032, 0.302359, 0.295186
741013783925, 0.302306, 0.295132
742329971818, 0.302252, 0.295079
743646159712, 0.302197, 0.295022
744962347605, 0.302150, 0.294973
746278535498, 0.302110, 0.294929
747594723392, 0.302063, 0.294879
748910911285, 0.302015, 0.294829
750227099178, 0.301958, 0.294767
751543287072, 0.301898, 0.294711
752859474965, 0.301841, 0.294655
754175662858, 0.301789, 0.294603
755491850751, 0.301730, 0.294546
756808038645, 0.301678, 0.294497
758124226538, 0.301622, 0.294443
759440414431, 0.301570, 0.294392
760756602325, 0.301501, 0.294333
762072790218, 0.301449, 0.294288
763388978111, 0.301404, 0.294241
764705166004, 0.301356, 0.294193
766021353898, 0.301301, 0.294136
767337541791, 0.301247, 0.294083
768653729684, 0.301196, 0.294033
769969917578, 0.301153, 0.293989
771286105471, 0.301105, 0.293937
772602293364, 0.301058, 0.293889
773918481258, 0.301008, 0.293839
775234669151, 0.300961, 0.293792
776550857044, 0.300911, 0.293740
777867044937, 0.300859, 0.293690
779183232831, 0.300813, 0.293645
780499420724, 0.300766, 0.293597
781815608617, 0.300719, 0.293549
783131796511, 0.300674, 0.293499
784447984404, 0.300637, 0.293462
785764172297, 0.300584, 0.293411
787080360191, 0.300536, 0.293364
788396548084, 0.300489, 0.293319
789712735977, 0.300449, 0.293278
791028923870, 0.300404, 0.293232
792345111764, 0.300359, 0.293186
793661299657, 0.300313, 0.293142
794977487550, 0.300269, 0.293094
796293675444, 0.300222, 0.293046
797609863337, 0.300178, 0.293001
798926051230, 0.300134, 0.292958
800242239123, 0.300079, 0.292910
801558427017, 0.300030, 0.292865
802874614910, 0.299984, 0.292823
804190802803, 0.299939, 0.292779
805506990697, 0.299895, 0.292740
806823178590, 0.299856, 0.292698
808139366483, 0.299808, 0.292648
809455554377, 0.299766, 0.292608
810771742270, 0.299711, 0.292561
812087930163, 0.299661, 0.292512
813404118056, 0.299622, 0.292472
814720305950, 0.299578, 0.292430
816036493843, 0.299542, 0.292392
817352681736, 0.299496, 0.292346
818668869630, 0.299444, 0.292300
819985057523, 0.299400, 0.292258
821301245416, 0.299357, 0.292211
822617433310, 0.299308, 0.292168
823933621203, 0.299267, 0.292127
825249809096, 0.299234, 0.292091
826565996989, 0.299195, 0.292050
827882184883, 0.299154, 0.292011
829198372776, 0.299115, 0.291968
830514560669, 0.299071, 0.291922
831830748563, 0.299033, 0.291886
833146936456, 0.298993, 0.291846
834463124349, 0.298949, 0.291804
835779312242, 0.298908, 0.291764
837095500136, 0.298870, 0.291729
838411688029, 0.298827, 0.291687
839727875922, 0.298786, 0.291645
841044063816, 0.298754, 0.291611
842360251709, 0.298713, 0.291572
843676439602, 0.298675, 0.291533
844992627496, 0.298633, 0.291489
846308815389, 0.298593, 0.291450
847625003282, 0.298551, 0.291410
848941191175, 0.298510, 0.291371
850257379069, 0.298475, 0.291336
851573566962, 0.298433, 0.291293
852889754855, 0.298391, 0.291252
854205942749, 0.298355, 0.291211
855522130642, 0.298316, 0.291175
856838318535, 0.298275, 0.291130
858154506428, 0.298225, 0.291086
859470694322, 0.298195, 0.291056
860786882215, 0.298162, 0.291024
862103070108, 0.298127, 0.290986
863419258002, 0.298089, 0.290946
864735445895, 0.298052, 0.290913
866051633788, 0.298022, 0.290881
867367821682, 0.297984, 0.290841
868684009575, 0.297950, 0.290805
870000197468, 0.297914, 0.290772
871316385361, 0.297878, 0.290733
872632573255, 0.297840, 0.290701
873948761148, 0.297806, 0.290665
875264949041, 0.297765, 0.290629
876581136935, 0.297731, 0.290594
877897324828, 0.297697, 0.290560
879213512721, 0.297661, 0.290526
880529700615, 0.297630, 0.290494
881845888508, 0.297591, 0.290459
883162076401, 0.297560, 0.290429
884478264294, 0.297526, 0.290393
885794452188, 0.297492, 0.290358
887110640081, 0.297459, 0.290326
888426827974, 0.297422, 0.290289
889743015868, 0.297395, 0.290262
891059203761, 0.297368, 0.290234
892375391654, 0.297333, 0.290205
893691579547, 0.297296, 0.290171
895007767441, 0.297261, 0.290137
896323955334, 0.297229, 0.290103
897640143227, 0.297199, 0.290074
898956331121, 0.297159, 0.290040
900272519014, 0.297131, 0.290008
901588706907, 0.297098, 0.289975
902904894801, 0.297066, 0.289946
904221082694, 0.297035, 0.289917
905537270587, 0.297004, 0.289888
906853458480, 0.296980, 0.289862
908169646374, 0.296948, 0.289829
909485834267, 0.296911, 0.289795
910802022160, 0.296879, 0.289765
912118210054, 0.296847, 0.289732
913434397947, 0.296822, 0.289705
914750585840, 0.296790, 0.289673
916066773734, 0.296759, 0.289640
917382961627, 0.296733, 0.289615
918699149520, 0.296703, 0.289584
920015337413, 0.296668, 0.289552
921331525307, 0.296640, 0.289522
922647713200, 0.296606, 0.289493
923963901093, 0.296575, 0.289459
925280088987, 0.296546, 0.289430
926596276880, 0.296510, 0.289399
927912464773, 0.296474, 0.289364
929228652666, 0.296447, 0.289336
930544840560, 0.296415, 0.289304
931861028453, 0.296385, 0.289279
933177216346, 0.296359, 0.289252
934493404240, 0.296330, 0.289224
935809592133, 0.296304, 0.289196
937125780026, 0.296266, 0.289161
938441967920, 0.296240, 0.289133
939758155813, 0.296211, 0.289107
941074343706, 0.296181, 0.289081
942390531599, 0.296152, 0.289051
943706719493, 0.296127, 0.289025
945022907386, 0.296100, 0.288997
946339095279, 0.296068, 0.288969
947655283173, 0.296038, 0.288940
948971471066, 0.296010, 0.288913
950287658959, 0.295980, 0.288884
951603846853, 0.295955, 0.288861
952920034746, 0.295930, 0.288834
954236222639, 0.295906, 0.288811
955552410532, 0.295878, 0.288785
956868598426, 0.295847, 0.288755
958184786319, 0.295826, 0.288734
959500974212, 0.295801, 0.288709
960817162106, 0.295774, 0.288683
962133349999, 0.295747, 0.288657
963449537892, 0.295725, 0.288636
964765725785, 0.295703, 0.288613
966081913679, 0.295672, 0.288585
967398101572, 0.295647, 0.288560
968714289465, 0.295626, 0.288539
970030477359, 0.295600, 0.288519
971346665252, 0.295577, 0.288496
972662853145, 0.295547, 0.288472
973979041039, 0.295521, 0.288447
975295228932, 0.295497, 0.288423
976611416825, 0.295474, 0.288397
977927604718, 0.295447, 0.288370
979243792612, 0.295426, 0.288350
980559980505, 0.295403, 0.288327
981876168398, 0.295379, 0.288304
983192356292, 0.295356, 0.288280
984508544185, 0.295328, 0.288252
985824732078, 0.295300, 0.288227
987140919972, 0.295278, 0.288202
988457107865, 0.295255, 0.288180
989773295758, 0.295232, 0.288159
991089483651, 0.295210, 0.288136
992405671545, 0.295187, 0.288114
993721859438, 0.295168, 0.288092
995038047331, 0.295138, 0.288067
996354235225, 0.295120, 0.288048
997670423118, 0.295092, 0.288025
998986611011, 0.295072, 0.288004
1000302798904, 0.295049, 0.287982
1001618986798, 0.295026, 0.287961
1002935174691, 0.295000, 0.287935
1004251362584, 0.294974, 0.287912
1005567550478, 0.294950, 0.287889
1006883738371, 0.294928, 0.287870
1008199926264, 0.294909, 0.287851
1009516114158, 0.294888, 0.287832
1010832302051, 0.294864, 0.287808
1012148489944, 0.294841, 0.287787
1013464677837, 0.294819, 0.287765
1014780865731, 0.294804, 0.287749
1016097053624, 0.294786, 0.287730
1017413241517, 0.294765, 0.287710
1018729429411, 0.294748, 0.287692
1020045617304, 0.294729, 0.287671
1021361805197, 0.294706, 0.287648
1022677993090, 0.294689, 0.287630
1023994180984, 0.294673, 0.287614
1025310368877, 0.294653, 0.287594
1026626556770, 0.294630, 0.287572
1027942744664, 0.294615, 0.287557
1029258932557, 0.294594, 0.287536
1030575120450, 0.294573, 0.287514
1031891308344, 0.294555, 0.287495
1033207496237, 0.294533, 0.287475
1034523684130, 0.294513, 0.287455
1035839872023, 0.294498, 0.287439
1037156059917, 0.294477, 0.287417
1038472247810, 0.294458, 0.287399
1039788435703, 0.294442, 0.287383
1041104623597, 0.294420, 0.287364
1042420811490, 0.294402, 0.287347
1043736999383, 0.294386, 0.287330
1045053187277, 0.294363, 0.287312
1046369375170, 0.294343, 0.287291
1047685563063, 0.294316, 0.287269
1049001750956, 0.294305, 0.287256
1050317938850, 0.294279, 0.287237
1051634126743, 0.294265, 0.287222
1052950314636, 0.294245, 0.287205
1054266502530, 0.294233, 0.287192
1055582690423, 0.294217, 0.287176
1056898878316, 0.294202, 0.287164
1058215066209, 0.294184, 0.287146
1059531254103, 0.294165, 0.287129
1060847441996, 0.294150, 0.287113
1062163629889, 0.294134, 0.287098
1063479817783, 0.294122, 0.287086
1064796005676, 0.294105, 0.287067
1066112193569, 0.294087, 0.287049
1067428381463, 0.294067, 0.287032
1068744569356, 0.294051, 0.287015
1070060757249, 0.294035, 0.287000
1071376945142, 0.294019, 0.286984
1072693133036, 0.294008, 0.286971
1074009320929, 0.293990, 0.286952
1075325508822, 0.293976, 0.286936
1076641696716, 0.293962, 0.286924
1077957884609, 0.293952, 0.286913
1079274072502, 0.293937, 0.286895
1080590260396, 0.293925, 0.286882
1081906448289, 0.293901, 0.286861
1083222636182, 0.293884, 0.286845
1084538824075, 0.293874, 0.286833
1085855011969, 0.293860, 0.286818
1087171199862, 0.293848, 0.286806
1088487387755, 0.293830, 0.286787
1089803575649, 0.293818, 0.286774
1091119763542, 0.293802, 0.286758
1092435951435, 0.293789, 0.286745
1093752139328, 0.293775, 0.286729
1095068327222, 0.293762, 0.286715
1096384515115, 0.293749, 0.286703
1097700703008, 0.293729, 0.286687
1099016890902, 0.293711, 0.286670
1100333078795, 0.293694, 0.286656
1101649266688, 0.293676, 0.286640
1102965454582, 0.293661, 0.286626
1104281642475, 0.293653, 0.286617
1105597830368, 0.293640, 0.286605
1106914018261, 0.293622, 0.286591
1108230206155, 0.293611, 0.286580
1109546394048, 0.293600, 0.286569
1110862581941, 0.293587, 0.286557
1112178769835, 0.293573, 0.286543
1113494957728, 0.293561, 0.286532
1114811145621, 0.293551, 0.286522
1116127333515, 0.293540, 0.286513
1117443521408, 0.293530, 0.286503
1118759709301, 0.293519, 0.286492
1120075897194, 0.293509, 0.286482
1121392085088, 0.293500, 0.286472
1122708272981, 0.293490, 0.286461
1124024460874, 0.293476, 0.286447
1125340648768, 0.293467, 0.286437
1126656836661, 0.293452, 0.286421
1127973024554, 0.293445, 0.286412
1129289212447, 0.293431, 0.286399
1130605400341, 0.293416, 0.286383
1131921588234, 0.293402, 0.286369
1133237776127, 0.293394, 0.286360
1134553964021, 0.293385, 0.286352
1135870151914, 0.293375, 0.286342
1137186339807, 0.293362, 0.286333
1138502527701, 0.293348, 0.286319
1139818715594, 0.293336, 0.286309
1141134903487, 0.293324, 0.286299
1142451091380, 0.293312, 0.286287
1143767279274, 0.293303, 0.286276
1145083467167, 0.293287, 0.286265
1146399655060, 0.293273, 0.286252
1147715842954, 0.293261, 0.286239
1149032030847, 0.293253, 0.286230
1150348218740, 0.293247, 0.286223
1151664406634, 0.293234, 0.286211
1152980594527, 0.293223, 0.286201
1154296782420, 0.293213, 0.286191
1155612970313, 0.293200, 0.286179
1156929158207, 0.293190, 0.286171
1158245346100, 0.293180, 0.286161
1159561533993, 0.293169, 0.286151
1160877721887, 0.293158, 0.286141
1162193909780, 0.293151, 0.286134
1163510097673, 0.293140, 0.286123
1164826285566, 0.293130, 0.286113
1166142473460, 0.293121, 0.286107
1167458661353, 0.293114, 0.286100
1168774849246, 0.293104, 0.286091
1170091037140, 0.293096, 0.286082
1171407225033, 0.293088, 0.286073
1172723412926, 0.293078, 0.286065
1174039600820, 0.293072, 0.286058
1175355788713, 0.293062, 0.286048
1176671976606, 0.293054, 0.286041
1177988164499, 0.293043, 0.286030
1179304352393, 0.293038, 0.286023
1180620540286, 0.293027, 0.286014
1181936728179, 0.293018, 0.286006
1183252916073, 0.293010, 0.285996
1184569103966, 0.293004, 0.285991
1185885291859, 0.292995, 0.285982
1187201479752, 0.292986, 0.285973
1188517667646, 0.292981, 0.285968
1189833855539, 0.292973, 0.285961
1191150043432, 0.292967, 0.285954
1192466231326, 0.292960, 0.285948
1193782419219, 0.292953, 0.285941
1195098607112, 0.292942, 0.285932
1196414795006, 0.292935, 0.285924
1197730982899, 0.292926, 0.285916
1199047170792, 0.292919, 0.285909
1200363358685, 0.292909, 0.285901
1201679546579, 0.292902, 0.285892
1202995734472, 0.292893, 0.285884
1204311922365, 0.292887, 0.285878
1205628110259, 0.292880, 0.285871
1206944298152, 0.292874, 0.285866
1208260486045, 0.292865, 0.285857
1209576673939, 0.292857, 0.285849
1210892861832, 0.292852, 0.285843
1212209049725, 0.292844, 0.285835
1213525237618, 0.292838, 0.285828
1214841425512, 0.292832, 0.285821
1216157613405, 0.292823, 0.285814
1217473801298, 0.292819, 0.285810
1218789989192, 0.292812, 0.285803
1220106177085, 0.292806, 0.285797
1221422364978, 0.292802, 0.285793
1222738552871, 0.292798, 0.285788
1224054740765, 0.292792, 0.285783
1225370928658, 0.292788, 0.285778
1226687116551, 0.292781, 0.285771
1228003304445, 0.292775, 0.285765
1229319492338, 0.292770, 0.285760
1230635680231, 0.292764, 0.285753
1231951868125, 0.292759, 0.285748
1233268056018, 0.292752, 0.285742
1234584243911, 0.292747, 0.285736
1235900431804, 0.292742, 0.285731
1237216619698, 0.292738, 0.285728
1238532807591, 0.292734, 0.285723
1239848995484, 0.292730, 0.285718
1241165183378, 0.292728, 0.285716
1242481371271, 0.292722, 0.285712
1243797559164, 0.292718, 0.285708
1245113747058, 0.292715, 0.285705
1246429934951, 0.292712, 0.285701
1247746122844, 0.292707, 0.285697
1249062310737, 0.292699, 0.285692
1250378498631, 0.292695, 0.285688
1251694686524, 0.292689, 0.285683
1253010874417, 0.292684, 0.285679
1254327062311, 0.292679, 0.285674
1255643250204, 0.292676, 0.285671
1256959438097, 0.292675, 0.285670
1258275625990, 0.292672, 0.285667
1259591813884, 0.292668, 0.285663
1260908001777, 0.292665, 0.285659
1262224189670, 0.292662, 0.285656
1263540377564, 0.292659, 0.285653
1264856565457, 0.292657, 0.285650
1266172753350, 0.292651, 0.285644
1267488941244, 0.292649, 0.285642
1268805129137, 0.292645, 0.285638
1270121317030, 0.292643, 0.285636
1271437504923, 0.292639, 0.285632
1272753692817, 0.292637, 0.285630
1274069880710, 0.292634, 0.285628
1275386068603, 0.292632, 0.285625
1276702256497, 0.292629, 0.285623
1278018444390, 0.292627, 0.285620
1279334632283, 0.292624, 0.285617
1280650820177, 0.292623, 0.285616
1281967008070, 0.292620, 0.285614
1283283195963, 0.292619, 0.285612
1284599383856, 0.292616, 0.285609
1285915571750, 0.292615, 0.285609
1287231759643, 0.292613, 0.285606
1288547947536, 0.292610, 0.285603
1289864135430, 0.292609, 0.285602
1291180323323, 0.292608, 0.285601
1292496511216, 0.292607, 0.285600
1293812699109, 0.292605, 0.285598
1295128887003, 0.292604, 0.285597
1296445074896, 0.292604, 0.285597
1297761262789, 0.292600, 0.285595
1299077450683, 0.292599, 0.285594
1300393638576, 0.292597, 0.285592
1301709826469, 0.292595, 0.285591
1303026014363, 0.292594, 0.285590
1304342202256, 0.292593, 0.285589
1305658390149, 0.292593, 0.285589
1306974578042, 0.292592, 0.285588
1308290765936, 0.292592, 0.285588
1309606953829, 0.292591, 0.285587
1310923141722, 0.292591, 0.285587
1312239329616, 0.292591, 0.285587
1313555517509, 0.292590, 0.285586
1314871705402, 0.292590, 0.285586
1316187893296, 0.292590, 0.285586
Time used: 11098 ms
