logging to /opt/shards_res_1000/2016020900-2016021000_unique/tenant_2_profile_res-FIX_RATE-SHARDS-0.01.csvtracefile: /data1/tenant_trace/2016020900-2016021000_unique/tenant_2_trace
open file /data1/tenant_trace/2016020900-2016021000_unique/tenant_2_trace
read 1000000 lines
read 2000000 lines
read 3000000 lines
read 4000000 lines
read 5000000 lines
read 6000000 lines
read 7000000 lines
read 8000000 lines
read 9000000 lines
read 10000000 lines
read 11000000 lines
read 12000000 lines
read 13000000 lines
read 14000000 lines
read 15000000 lines
read 16000000 lines
read 17000000 lines
read 18000000 lines
read 19000000 lines
read 20000000 lines
read 21000000 lines
read 22000000 lines
read 23000000 lines
read 24000000 lines
read 25000000 lines
read 26000000 lines
read 27000000 lines
read 28000000 lines
read 29000000 lines
read 30000000 lines
read 31000000 lines
read 32000000 lines
read 33000000 lines
read 34000000 lines
read 35000000 lines
read 36000000 lines
[FILE]: /data1/tenant_trace/2016020900-2016021000_unique/tenant_2_trace
total_access_num: 36923985
total_access_size: 130836272924
unique_access_num: 22707776
unique_access_size: 80744789818
min_item_size: 1
[method]: SHARDS
[metric]: MAE
[seed]: 42
[sample_method]: FIX_RATE
[sample_metric]: 0.01
MAEQ_factor: 1.025458
cache_size, BMRC_ratio, OMRC_ratio
80744789, 0.958192, 0.957678
161489579, 0.947870, 0.947511
242234369, 0.940358, 0.940050
322979159, 0.933939, 0.933580
403723949, 0.928479, 0.928144
484468738, 0.923515, 0.923239
565213528, 0.919013, 0.918722
645958318, 0.914620, 0.914373
726703108, 0.910744, 0.910478
807447898, 0.906960, 0.906646
888192687, 0.903454, 0.903177
968937477, 0.900131, 0.899851
1049682267, 0.896983, 0.896769
1130427057, 0.893854, 0.893538
1211171847, 0.891033, 0.890816
1291916637, 0.888241, 0.888091
1372661426, 0.885402, 0.885248
1453406216, 0.882644, 0.882521
1534151006, 0.880185, 0.880061
1614895796, 0.877811, 0.877632
1695640586, 0.875405, 0.875187
1776385375, 0.873108, 0.872977
1857130165, 0.870926, 0.870783
1937874955, 0.868781, 0.868619
2018619745, 0.866662, 0.866523
2099364535, 0.864460, 0.864372
2180109325, 0.862605, 0.862501
2260854114, 0.860761, 0.860616
2341598904, 0.858889, 0.858755
2422343694, 0.857083, 0.856938
2503088484, 0.855200, 0.855056
2583833274, 0.853397, 0.853260
2664578063, 0.851720, 0.851508
2745322853, 0.849960, 0.849769
2826067643, 0.848398, 0.848207
2906812433, 0.846780, 0.846555
2987557223, 0.845189, 0.844935
3068302013, 0.843673, 0.843456
3149046802, 0.842185, 0.841924
3229791592, 0.840664, 0.840364
3310536382, 0.839171, 0.838877
3391281172, 0.837764, 0.837444
3472025962, 0.836261, 0.835979
3552770751, 0.834740, 0.834468
3633515541, 0.833284, 0.832992
3714260331, 0.831940, 0.831616
3795005121, 0.830533, 0.830218
3875749911, 0.829205, 0.828859
3956494701, 0.827850, 0.827486
4037239490, 0.826591, 0.826240
4117984280, 0.825445, 0.825043
4198729070, 0.824265, 0.823816
4279473860, 0.823055, 0.822573
4360218650, 0.821935, 0.821438
4440963439, 0.820744, 0.820252
4521708229, 0.819480, 0.819017
4602453019, 0.818419, 0.817926
4683197809, 0.817429, 0.816926
4763942599, 0.816345, 0.815818
4844687389, 0.815278, 0.814732
4925432178, 0.814104, 0.813511
5006176968, 0.812954, 0.812382
5086921758, 0.811876, 0.811347
5167666548, 0.810837, 0.810239
5248411338, 0.809749, 0.809143
5329156127, 0.808719, 0.808094
5409900917, 0.807732, 0.807084
5490645707, 0.806617, 0.805977
5571390497, 0.805595, 0.804926
5652135287, 0.804654, 0.803921
5732880077, 0.803622, 0.802889
5813624866, 0.802644, 0.801871
5894369656, 0.801690, 0.800928
5975114446, 0.800656, 0.799883
6055859236, 0.799666, 0.798919
6136604026, 0.798726, 0.798003
6217348815, 0.797737, 0.797026
6298093605, 0.796806, 0.796089
6378838395, 0.795969, 0.795257
6459583185, 0.795073, 0.794353
6540327975, 0.794235, 0.793483
6621072765, 0.793298, 0.792500
6701817554, 0.792318, 0.791525
6782562344, 0.791385, 0.790599
6863307134, 0.790531, 0.789732
6944051924, 0.789646, 0.788855
7024796714, 0.788629, 0.787815
7105541503, 0.787791, 0.786975
7186286293, 0.786937, 0.786136
7267031083, 0.786099, 0.785304
7347775873, 0.785251, 0.784459
7428520663, 0.784362, 0.783598
7509265453, 0.783539, 0.782742
7590010242, 0.782744, 0.781927
7670755032, 0.781934, 0.781107
7751499822, 0.781199, 0.780383
7832244612, 0.780382, 0.779530
7912989402, 0.779554, 0.778712
7993734191, 0.778829, 0.777965
8074478981, 0.778020, 0.777128
8155223771, 0.777227, 0.776299
8235968561, 0.776422, 0.775465
8316713351, 0.775629, 0.774669
8397458141, 0.774959, 0.773968
8478202930, 0.774227, 0.773212
8558947720, 0.773423, 0.772427
8639692510, 0.772689, 0.771679
8720437300, 0.772034, 0.770999
8801182090, 0.771429, 0.770420
8881926879, 0.770758, 0.769732
8962671669, 0.770050, 0.769001
9043416459, 0.769338, 0.768302
9124161249, 0.768606, 0.767557
9204906039, 0.767873, 0.766831
9285650829, 0.767146, 0.766114
9366395618, 0.766394, 0.765374
9447140408, 0.765708, 0.764692
9527885198, 0.765038, 0.764012
9608629988, 0.764372, 0.763338
9689374778, 0.763767, 0.762731
9770119567, 0.763053, 0.761994
9850864357, 0.762417, 0.761333
9931609147, 0.761715, 0.760654
10012353937, 0.761039, 0.759993
10093098727, 0.760424, 0.759370
10173843517, 0.759764, 0.758739
10254588306, 0.759124, 0.758092
10335333096, 0.758454, 0.757412
10416077886, 0.757750, 0.756710
10496822676, 0.757049, 0.756001
10577567466, 0.756394, 0.755340
10658312255, 0.755784, 0.754712
10739057045, 0.755195, 0.754105
10819801835, 0.754611, 0.753525
10900546625, 0.754031, 0.752962
10981291415, 0.753445, 0.752372
11062036205, 0.752805, 0.751768
11142780994, 0.752237, 0.751191
11223525784, 0.751624, 0.750579
11304270574, 0.751056, 0.750005
11385015364, 0.750524, 0.749444
11465760154, 0.749836, 0.748729
11546504943, 0.749299, 0.748169
11627249733, 0.748729, 0.747592
11707994523, 0.748116, 0.746982
11788739313, 0.747639, 0.746492
11869484103, 0.747081, 0.745907
11950228893, 0.746543, 0.745347
12030973682, 0.746029, 0.744829
12111718472, 0.745441, 0.744277
12192463262, 0.744868, 0.743708
12273208052, 0.744280, 0.743156
12353952842, 0.743669, 0.742543
12434697631, 0.743110, 0.741980
12515442421, 0.742516, 0.741403
12596187211, 0.742021, 0.740902
12676932001, 0.741523, 0.740412
12757676791, 0.740945, 0.739784
12838421581, 0.740408, 0.739212
12919166370, 0.739886, 0.738695
12999911160, 0.739349, 0.738129
13080655950, 0.738882, 0.737641
13161400740, 0.738406, 0.737149
13242145530, 0.737861, 0.736610
13322890319, 0.737436, 0.736174
13403635109, 0.736942, 0.735686
13484379899, 0.736408, 0.735163
13565124689, 0.735849, 0.734603
13645869479, 0.735332, 0.734067
13726614269, 0.734784, 0.733511
13807359058, 0.734295, 0.733043
13888103848, 0.733796, 0.732534
13968848638, 0.733276, 0.732043
14049593428, 0.732781, 0.731529
14130338218, 0.732276, 0.731009
14211083007, 0.731807, 0.730535
14291827797, 0.731338, 0.730069
14372572587, 0.730854, 0.729576
14453317377, 0.730362, 0.729062
14534062167, 0.729876, 0.728601
14614806957, 0.729425, 0.728146
14695551746, 0.728902, 0.727651
14776296536, 0.728409, 0.727150
14857041326, 0.727917, 0.726649
14937786116, 0.727420, 0.726161
15018530906, 0.726942, 0.725674
15099275695, 0.726456, 0.725167
15180020485, 0.725944, 0.724634
15260765275, 0.725451, 0.724127
15341510065, 0.724970, 0.723656
15422254855, 0.724407, 0.723095
15502999645, 0.723973, 0.722678
15583744434, 0.723507, 0.722218
15664489224, 0.723129, 0.721825
15745234014, 0.722669, 0.721365
15825978804, 0.722204, 0.720885
15906723594, 0.721794, 0.720474
15987468383, 0.721326, 0.719989
16068213173, 0.720904, 0.719566
16148957963, 0.720493, 0.719152
16229702753, 0.720038, 0.718694
16310447543, 0.719567, 0.718215
16391192333, 0.719141, 0.717811
16471937122, 0.718735, 0.717411
16552681912, 0.718257, 0.716945
16633426702, 0.717877, 0.716555
16714171492, 0.717492, 0.716146
16794916282, 0.717019, 0.715710
16875661071, 0.716646, 0.715331
16956405861, 0.716212, 0.714927
17037150651, 0.715803, 0.714518
17117895441, 0.715412, 0.714117
17198640231, 0.715018, 0.713711
17279385021, 0.714619, 0.713324
17360129810, 0.714232, 0.712931
17440874600, 0.713794, 0.712528
17521619390, 0.713404, 0.712121
17602364180, 0.713022, 0.711745
17683108970, 0.712623, 0.711355
17763853759, 0.712269, 0.711000
17844598549, 0.711839, 0.710559
17925343339, 0.711440, 0.710142
18006088129, 0.711040, 0.709765
18086832919, 0.710712, 0.709446
18167577709, 0.710327, 0.709058
18248322498, 0.709902, 0.708611
18329067288, 0.709503, 0.708224
18409812078, 0.709150, 0.707859
18490556868, 0.708758, 0.707450
18571301658, 0.708430, 0.707119
18652046447, 0.708052, 0.706745
18732791237, 0.707769, 0.706448
18813536027, 0.707406, 0.706066
18894280817, 0.707072, 0.705730
18975025607, 0.706707, 0.705345
19055770397, 0.706367, 0.704980
19136515186, 0.706008, 0.704611
19217259976, 0.705612, 0.704240
19298004766, 0.705227, 0.703861
19378749556, 0.704905, 0.703536
19459494346, 0.704532, 0.703143
19540239135, 0.704181, 0.702783
19620983925, 0.703884, 0.702480
19701728715, 0.703517, 0.702109
19782473505, 0.703188, 0.701770
19863218295, 0.702826, 0.701394
19943963085, 0.702517, 0.701072
20024707874, 0.702165, 0.700739
20105452664, 0.701876, 0.700454
20186197454, 0.701549, 0.700124
20266942244, 0.701185, 0.699742
20347687034, 0.700865, 0.699409
20428431823, 0.700498, 0.699046
20509176613, 0.700189, 0.698734
20589921403, 0.699851, 0.698385
20670666193, 0.699538, 0.698060
20751410983, 0.699204, 0.697716
20832155773, 0.698880, 0.697388
20912900562, 0.698590, 0.697096
20993645352, 0.698322, 0.696812
21074390142, 0.698003, 0.696500
21155134932, 0.697681, 0.696170
21235879722, 0.697329, 0.695837
21316624511, 0.697028, 0.695520
21397369301, 0.696634, 0.695119
21478114091, 0.696290, 0.694770
21558858881, 0.695961, 0.694445
21639603671, 0.695628, 0.694103
21720348461, 0.695288, 0.693751
21801093250, 0.694929, 0.693394
21881838040, 0.694575, 0.693042
21962582830, 0.694291, 0.692733
22043327620, 0.694008, 0.692443
22124072410, 0.693725, 0.692151
22204817199, 0.693407, 0.691847
22285561989, 0.693083, 0.691530
22366306779, 0.692797, 0.691227
22447051569, 0.692483, 0.690924
22527796359, 0.692172, 0.690623
22608541149, 0.691900, 0.690339
22689285938, 0.691626, 0.690084
22770030728, 0.691327, 0.689770
22850775518, 0.691037, 0.689461
22931520308, 0.690754, 0.689174
23012265098, 0.690445, 0.688868
23093009887, 0.690116, 0.688535
23173754677, 0.689762, 0.688183
23254499467, 0.689537, 0.687950
23335244257, 0.689312, 0.687714
23415989047, 0.689075, 0.687454
23496733837, 0.688761, 0.687148
23577478626, 0.688470, 0.686856
23658223416, 0.688226, 0.686604
23738968206, 0.687916, 0.686298
23819712996, 0.687627, 0.686022
23900457786, 0.687302, 0.685713
23981202575, 0.686999, 0.685404
24061947365, 0.686696, 0.685087
24142692155, 0.686353, 0.684730
24223436945, 0.686058, 0.684446
24304181735, 0.685788, 0.684167
24384926525, 0.685505, 0.683896
24465671314, 0.685200, 0.683609
24546416104, 0.684923, 0.683311
24627160894, 0.684591, 0.682997
24707905684, 0.684324, 0.682731
24788650474, 0.684080, 0.682471
24869395263, 0.683801, 0.682187
24950140053, 0.683516, 0.681903
25030884843, 0.683165, 0.681561
25111629633, 0.682912, 0.681318
25192374423, 0.682607, 0.681030
25273119213, 0.682334, 0.680738
25353864002, 0.682111, 0.680513
25434608792, 0.681897, 0.680294
25515353582, 0.681677, 0.680064
25596098372, 0.681439, 0.679825
25676843162, 0.681128, 0.679498
25757587951, 0.680861, 0.679246
25838332741, 0.680639, 0.679015
25919077531, 0.680388, 0.678766
25999822321, 0.680165, 0.678525
26080567111, 0.679913, 0.678263
26161311901, 0.679673, 0.678008
26242056690, 0.679437, 0.677775
26322801480, 0.679237, 0.677577
26403546270, 0.678943, 0.677279
26484291060, 0.678666, 0.676987
26565035850, 0.678435, 0.676738
26645780639, 0.678196, 0.676502
26726525429, 0.677948, 0.676272
26807270219, 0.677661, 0.675977
26888015009, 0.677386, 0.675711
26968759799, 0.677129, 0.675441
27049504589, 0.676847, 0.675164
27130249378, 0.676620, 0.674923
27210994168, 0.676369, 0.674680
27291738958, 0.676150, 0.674460
27372483748, 0.675922, 0.674230
27453228538, 0.675621, 0.673940
27533973327, 0.675383, 0.673694
27614718117, 0.675140, 0.673445
27695462907, 0.674911, 0.673212
27776207697, 0.674634, 0.672935
27856952487, 0.674373, 0.672675
27937697277, 0.674149, 0.672448
28018442066, 0.673913, 0.672193
28099186856, 0.673633, 0.671906
28179931646, 0.673351, 0.671625
28260676436, 0.673135, 0.671389
28341421226, 0.672918, 0.671178
28422166015, 0.672684, 0.670950
28502910805, 0.672470, 0.670723
28583655595, 0.672274, 0.670514
28664400385, 0.672020, 0.670268
28745145175, 0.671764, 0.670019
28825889965, 0.671562, 0.669807
28906634754, 0.671321, 0.669574
28987379544, 0.671108, 0.669360
29068124334, 0.670861, 0.669117
29148869124, 0.670652, 0.668906
29229613914, 0.670408, 0.668648
29310358703, 0.670214, 0.668440
29391103493, 0.669996, 0.668209
29471848283, 0.669790, 0.668012
29552593073, 0.669543, 0.667768
29633337863, 0.669306, 0.667513
29714082653, 0.669102, 0.667297
29794827442, 0.668866, 0.667042
29875572232, 0.668690, 0.666866
29956317022, 0.668463, 0.666636
30037061812, 0.668263, 0.666430
30117806602, 0.668068, 0.666251
30198551391, 0.667810, 0.665983
30279296181, 0.667610, 0.665772
30360040971, 0.667390, 0.665545
30440785761, 0.667182, 0.665350
30521530551, 0.666984, 0.665133
30602275341, 0.666819, 0.664949
30683020130, 0.666651, 0.664767
30763764920, 0.666446, 0.664556
30844509710, 0.666265, 0.664364
30925254500, 0.666013, 0.664134
31005999290, 0.665819, 0.663933
31086744079, 0.665657, 0.663757
31167488869, 0.665414, 0.663513
31248233659, 0.665186, 0.663280
31328978449, 0.664977, 0.663069
31409723239, 0.664785, 0.662866
31490468029, 0.664553, 0.662647
31571212818, 0.664352, 0.662441
31651957608, 0.664155, 0.662246
31732702398, 0.663948, 0.662051
31813447188, 0.663724, 0.661831
31894191978, 0.663538, 0.661639
31974936767, 0.663336, 0.661436
32055681557, 0.663176, 0.661279
32136426347, 0.663036, 0.661133
32217171137, 0.662801, 0.660900
32297915927, 0.662611, 0.660705
32378660717, 0.662432, 0.660521
32459405506, 0.662232, 0.660334
32540150296, 0.662072, 0.660171
32620895086, 0.661842, 0.659974
32701639876, 0.661644, 0.659776
32782384666, 0.661421, 0.659557
32863129455, 0.661210, 0.659340
32943874245, 0.661075, 0.659199
33024619035, 0.660906, 0.659026
33105363825, 0.660680, 0.658833
33186108615, 0.660504, 0.658666
33266853405, 0.660353, 0.658511
33347598194, 0.660169, 0.658332
33428342984, 0.659965, 0.658132
33509087774, 0.659780, 0.657934
33589832564, 0.659593, 0.657739
33670577354, 0.659404, 0.657561
33751322143, 0.659204, 0.657363
33832066933, 0.659008, 0.657181
33912811723, 0.658807, 0.657000
33993556513, 0.658616, 0.656818
34074301303, 0.658412, 0.656637
34155046093, 0.658230, 0.656461
34235790882, 0.658061, 0.656282
34316535672, 0.657930, 0.656152
34397280462, 0.657760, 0.655965
34478025252, 0.657594, 0.655789
34558770042, 0.657446, 0.655632
34639514831, 0.657280, 0.655472
34720259621, 0.657134, 0.655334
34801004411, 0.656954, 0.655150
34881749201, 0.656757, 0.654952
34962493991, 0.656576, 0.654785
35043238781, 0.656441, 0.654652
35123983570, 0.656242, 0.654451
35204728360, 0.656059, 0.654265
35285473150, 0.655884, 0.654086
35366217940, 0.655713, 0.653910
35446962730, 0.655517, 0.653712
35527707519, 0.655365, 0.653550
35608452309, 0.655230, 0.653411
35689197099, 0.655040, 0.653206
35769941889, 0.654886, 0.653040
35850686679, 0.654693, 0.652862
35931431469, 0.654565, 0.652724
36012176258, 0.654403, 0.652566
36092921048, 0.654206, 0.652382
36173665838, 0.653992, 0.652155
36254410628, 0.653866, 0.652028
36335155418, 0.653694, 0.651857
36415900207, 0.653498, 0.651665
36496644997, 0.653333, 0.651491
36577389787, 0.653179, 0.651334
36658134577, 0.653009, 0.651158
36738879367, 0.652846, 0.650982
36819624157, 0.652672, 0.650809
36900368946, 0.652543, 0.650676
36981113736, 0.652405, 0.650524
37061858526, 0.652230, 0.650351
37142603316, 0.652114, 0.650224
37223348106, 0.651967, 0.650078
37304092895, 0.651797, 0.649902
37384837685, 0.651632, 0.649731
37465582475, 0.651479, 0.649563
37546327265, 0.651350, 0.649449
37627072055, 0.651196, 0.649289
37707816845, 0.651023, 0.649108
37788561634, 0.650859, 0.648943
37869306424, 0.650739, 0.648810
37950051214, 0.650625, 0.648707
38030796004, 0.650505, 0.648580
38111540794, 0.650357, 0.648428
38192285583, 0.650181, 0.648250
38273030373, 0.650063, 0.648122
38353775163, 0.649916, 0.647968
38434519953, 0.649767, 0.647816
38515264743, 0.649633, 0.647673
38596009533, 0.649535, 0.647567
38676754322, 0.649355, 0.647369
38757499112, 0.649187, 0.647207
38838243902, 0.649010, 0.647031
38918988692, 0.648886, 0.646901
38999733482, 0.648718, 0.646749
39080478271, 0.648564, 0.646597
39161223061, 0.648396, 0.646435
39241967851, 0.648222, 0.646259
39322712641, 0.648104, 0.646137
39403457431, 0.647985, 0.645996
39484202221, 0.647830, 0.645839
39564947010, 0.647690, 0.645698
39645691800, 0.647531, 0.645539
39726436590, 0.647407, 0.645406
39807181380, 0.647229, 0.645224
39887926170, 0.647111, 0.645102
39968670959, 0.647011, 0.644997
40049415749, 0.646882, 0.644870
40130160539, 0.646767, 0.644750
40210905329, 0.646622, 0.644604
40291650119, 0.646493, 0.644471
40372394909, 0.646347, 0.644320
40453139698, 0.646204, 0.644165
40533884488, 0.646082, 0.644035
40614629278, 0.645949, 0.643905
40695374068, 0.645793, 0.643748
40776118858, 0.645669, 0.643626
40856863647, 0.645554, 0.643505
40937608437, 0.645421, 0.643372
41018353227, 0.645327, 0.643274
41099098017, 0.645157, 0.643090
41179842807, 0.645054, 0.642987
41260587596, 0.644918, 0.642852
41341332386, 0.644784, 0.642719
41422077176, 0.644659, 0.642589
41502821966, 0.644567, 0.642489
41583566756, 0.644447, 0.642370
41664311546, 0.644322, 0.642243
41745056335, 0.644209, 0.642123
41825801125, 0.644116, 0.642018
41906545915, 0.644014, 0.641915
41987290705, 0.643860, 0.641758
42068035495, 0.643721, 0.641620
42148780284, 0.643591, 0.641492
42229525074, 0.643504, 0.641398
42310269864, 0.643366, 0.641246
42391014654, 0.643215, 0.641111
42471759444, 0.643088, 0.640983
42552504234, 0.642974, 0.640867
42633249023, 0.642884, 0.640775
42713993813, 0.642771, 0.640664
42794738603, 0.642646, 0.640536
42875483393, 0.642506, 0.640417
42956228183, 0.642406, 0.640312
43036972972, 0.642263, 0.640190
43117717762, 0.642150, 0.640089
43198462552, 0.642042, 0.639984
43279207342, 0.641892, 0.639846
43359952132, 0.641787, 0.639737
43440696922, 0.641677, 0.639637
43521441711, 0.641566, 0.639534
43602186501, 0.641458, 0.639437
43682931291, 0.641324, 0.639304
43763676081, 0.641216, 0.639201
43844420871, 0.641087, 0.639077
43925165660, 0.640994, 0.638979
44005910450, 0.640875, 0.638857
44086655240, 0.640758, 0.638743
44167400030, 0.640655, 0.638635
44248144820, 0.640537, 0.638519
44328889610, 0.640399, 0.638397
44409634399, 0.640289, 0.638286
44490379189, 0.640201, 0.638202
44571123979, 0.640093, 0.638085
44651868769, 0.639953, 0.637934
44732613559, 0.639799, 0.637790
44813358348, 0.639648, 0.637660
44894103138, 0.639575, 0.637587
44974847928, 0.639485, 0.637498
45055592718, 0.639380, 0.637387
45136337508, 0.639290, 0.637297
45217082298, 0.639220, 0.637224
45297827087, 0.639124, 0.637129
45378571877, 0.639049, 0.637048
45459316667, 0.638934, 0.636926
45540061457, 0.638823, 0.636804
45620806247, 0.638714, 0.636699
45701551036, 0.638630, 0.636609
45782295826, 0.638571, 0.636544
45863040616, 0.638466, 0.636452
45943785406, 0.638365, 0.636352
46024530196, 0.638250, 0.636236
46105274986, 0.638145, 0.636116
46186019775, 0.638060, 0.636024
46266764565, 0.637967, 0.635932
46347509355, 0.637864, 0.635829
46428254145, 0.637749, 0.635721
46508998935, 0.637631, 0.635605
46589743724, 0.637572, 0.635545
46670488514, 0.637500, 0.635469
46751233304, 0.637403, 0.635366
46831978094, 0.637287, 0.635258
46912722884, 0.637209, 0.635182
46993467674, 0.637137, 0.635109
47074212463, 0.637048, 0.635017
47154957253, 0.636985, 0.634955
47235702043, 0.636887, 0.634857
47316446833, 0.636815, 0.634781
47397191623, 0.636732, 0.634692
47477936412, 0.636671, 0.634627
47558681202, 0.636571, 0.634519
47639425992, 0.636506, 0.634448
47720170782, 0.636428, 0.634367
47800915572, 0.636355, 0.634286
47881660362, 0.636249, 0.634191
47962405151, 0.636142, 0.634083
48043149941, 0.636078, 0.634012
48123894731, 0.635969, 0.633901
48204639521, 0.635876, 0.633806
48285384311, 0.635794, 0.633725
48366129100, 0.635691, 0.633625
48446873890, 0.635581, 0.633511
48527618680, 0.635449, 0.633376
48608363470, 0.635321, 0.633265
48689108260, 0.635225, 0.633175
48769853050, 0.635131, 0.633083
48850597839, 0.635068, 0.633015
48931342629, 0.634989, 0.632937
49012087419, 0.634879, 0.632826
49092832209, 0.634803, 0.632755
49173576999, 0.634729, 0.632688
49254321788, 0.634672, 0.632628
49335066578, 0.634581, 0.632536
49415811368, 0.634498, 0.632449
49496556158, 0.634426, 0.632371
49577300948, 0.634341, 0.632284
49658045738, 0.634209, 0.632160
49738790527, 0.634115, 0.632068
49819535317, 0.634045, 0.631994
49900280107, 0.633974, 0.631924
49981024897, 0.633880, 0.631829
50061769687, 0.633800, 0.631745
50142514476, 0.633695, 0.631659
50223259266, 0.633642, 0.631596
50304004056, 0.633566, 0.631518
50384748846, 0.633441, 0.631399
50465493636, 0.633351, 0.631307
50546238426, 0.633265, 0.631225
50626983215, 0.633156, 0.631114
50707728005, 0.633073, 0.631036
50788472795, 0.632997, 0.630954
50869217585, 0.632905, 0.630862
50949962375, 0.632805, 0.630765
51030707164, 0.632738, 0.630697
51111451954, 0.632622, 0.630575
51192196744, 0.632530, 0.630481
51272941534, 0.632445, 0.630402
51353686324, 0.632384, 0.630342
51434431114, 0.632314, 0.630283
51515175903, 0.632226, 0.630193
51595920693, 0.632148, 0.630126
51676665483, 0.632089, 0.630066
51757410273, 0.632017, 0.630001
51838155063, 0.631955, 0.629939
51918899852, 0.631841, 0.629831
51999644642, 0.631772, 0.629760
52080389432, 0.631677, 0.629663
52161134222, 0.631605, 0.629590
52241879012, 0.631522, 0.629508
52322623802, 0.631460, 0.629446
52403368591, 0.631396, 0.629381
52484113381, 0.631316, 0.629305
52564858171, 0.631250, 0.629237
52645602961, 0.631183, 0.629170
52726347751, 0.631121, 0.629099
52807092540, 0.631041, 0.629013
52887837330, 0.630980, 0.628945
52968582120, 0.630898, 0.628866
53049326910, 0.630844, 0.628810
53130071700, 0.630802, 0.628761
53210816490, 0.630735, 0.628693
53291561279, 0.630645, 0.628606
53372306069, 0.630570, 0.628525
53453050859, 0.630484, 0.628433
53533795649, 0.630400, 0.628355
53614540439, 0.630318, 0.628276
53695285228, 0.630265, 0.628219
53776030018, 0.630200, 0.628151
53856774808, 0.630136, 0.628086
53937519598, 0.630065, 0.628016
54018264388, 0.629984, 0.627946
54099009178, 0.629911, 0.627875
54179753967, 0.629831, 0.627807
54260498757, 0.629762, 0.627740
54341243547, 0.629651, 0.627650
54421988337, 0.629577, 0.627569
54502733127, 0.629503, 0.627504
54583477916, 0.629448, 0.627447
54664222706, 0.629379, 0.627380
54744967496, 0.629300, 0.627315
54825712286, 0.629222, 0.627239
54906457076, 0.629153, 0.627163
54987201866, 0.629095, 0.627095
55067946655, 0.629033, 0.627030
55148691445, 0.628962, 0.626973
55229436235, 0.628889, 0.626900
55310181025, 0.628849, 0.626854
55390925815, 0.628777, 0.626773
55471670604, 0.628725, 0.626719
55552415394, 0.628665, 0.626659
55633160184, 0.628598, 0.626583
55713904974, 0.628550, 0.626540
55794649764, 0.628479, 0.626464
55875394554, 0.628413, 0.626402
55956139343, 0.628372, 0.626356
56036884133, 0.628306, 0.626294
56117628923, 0.628264, 0.626247
56198373713, 0.628169, 0.626150
56279118503, 0.628118, 0.626096
56359863292, 0.628044, 0.626023
56440608082, 0.627955, 0.625939
56521352872, 0.627902, 0.625885
56602097662, 0.627820, 0.625809
56682842452, 0.627760, 0.625741
56763587242, 0.627656, 0.625646
56844332031, 0.627582, 0.625584
56925076821, 0.627533, 0.625533
57005821611, 0.627492, 0.625486
57086566401, 0.627426, 0.625419
57167311191, 0.627362, 0.625359
57248055980, 0.627311, 0.625305
57328800770, 0.627262, 0.625248
57409545560, 0.627212, 0.625199
57490290350, 0.627149, 0.625143
57571035140, 0.627078, 0.625061
57651779930, 0.627006, 0.624985
57732524719, 0.626962, 0.624937
57813269509, 0.626912, 0.624885
57894014299, 0.626872, 0.624842
57974759089, 0.626838, 0.624807
58055503879, 0.626763, 0.624731
58136248668, 0.626743, 0.624709
58216993458, 0.626678, 0.624647
58297738248, 0.626583, 0.624574
58378483038, 0.626521, 0.624509
58459227828, 0.626460, 0.624446
58539972618, 0.626405, 0.624387
58620717407, 0.626357, 0.624335
58701462197, 0.626290, 0.624262
58782206987, 0.626248, 0.624211
58862951777, 0.626108, 0.624081
58943696567, 0.626052, 0.624016
59024441356, 0.626005, 0.623967
59105186146, 0.625955, 0.623921
59185930936, 0.625900, 0.623867
59266675726, 0.625855, 0.623821
59347420516, 0.625795, 0.623756
59428165306, 0.625731, 0.623691
59508910095, 0.625694, 0.623653
59589654885, 0.625656, 0.623615
59670399675, 0.625627, 0.623583
59751144465, 0.625579, 0.623531
59831889255, 0.625535, 0.623488
59912634044, 0.625495, 0.623450
59993378834, 0.625449, 0.623404
60074123624, 0.625414, 0.623369
60154868414, 0.625385, 0.623339
60235613204, 0.625325, 0.623282
60316357994, 0.625280, 0.623236
60397102783, 0.625239, 0.623190
60477847573, 0.625187, 0.623141
60558592363, 0.625160, 0.623111
60639337153, 0.625116, 0.623068
60720081943, 0.625082, 0.623030
60800826732, 0.625050, 0.622992
60881571522, 0.625020, 0.622973
60962316312, 0.624987, 0.622938
61043061102, 0.624952, 0.622908
61123805892, 0.624907, 0.622870
61204550682, 0.624840, 0.622808
61285295471, 0.624791, 0.622757
61366040261, 0.624742, 0.622702
61446785051, 0.624709, 0.622667
61527529841, 0.624655, 0.622610
61608274631, 0.624632, 0.622580
61689019420, 0.624602, 0.622553
61769764210, 0.624582, 0.622529
61850509000, 0.624522, 0.622459
61931253790, 0.624460, 0.622407
62011998580, 0.624417, 0.622361
62092743370, 0.624370, 0.622310
62173488159, 0.624339, 0.622285
62254232949, 0.624310, 0.622256
62334977739, 0.624278, 0.622223
62415722529, 0.624241, 0.622185
62496467319, 0.624227, 0.622169
62577212108, 0.624185, 0.622134
62657956898, 0.624130, 0.622090
62738701688, 0.624083, 0.622044
62819446478, 0.624035, 0.622017
62900191268, 0.623987, 0.621974
62980936058, 0.623926, 0.621912
63061680847, 0.623878, 0.621871
63142425637, 0.623842, 0.621838
63223170427, 0.623809, 0.621801
63303915217, 0.623774, 0.621771
63384660007, 0.623730, 0.621727
63465404796, 0.623702, 0.621698
63546149586, 0.623659, 0.621657
63626894376, 0.623598, 0.621606
63707639166, 0.623548, 0.621559
63788383956, 0.623503, 0.621513
63869128746, 0.623457, 0.621467
63949873535, 0.623420, 0.621427
64030618325, 0.623403, 0.621411
64111363115, 0.623369, 0.621370
64192107905, 0.623333, 0.621335
64272852695, 0.623310, 0.621313
64353597484, 0.623272, 0.621275
64434342274, 0.623227, 0.621232
64515087064, 0.623194, 0.621197
64595831854, 0.623174, 0.621178
64676576644, 0.623135, 0.621134
64757321434, 0.623106, 0.621104
64838066223, 0.623085, 0.621080
64918811013, 0.623058, 0.621050
64999555803, 0.623037, 0.621031
65080300593, 0.623021, 0.621015
65161045383, 0.623007, 0.620996
65241790172, 0.622949, 0.620945
65322534962, 0.622896, 0.620899
65403279752, 0.622877, 0.620880
65484024542, 0.622860, 0.620861
65564769332, 0.622833, 0.620834
65645514122, 0.622797, 0.620801
65726258911, 0.622753, 0.620758
65807003701, 0.622728, 0.620731
65887748491, 0.622679, 0.620679
65968493281, 0.622628, 0.620631
66049238071, 0.622593, 0.620595
66129982860, 0.622565, 0.620566
66210727650, 0.622544, 0.620541
66291472440, 0.622509, 0.620506
66372217230, 0.622459, 0.620460
66452962020, 0.622434, 0.620433
66533706810, 0.622400, 0.620398
66614451599, 0.622362, 0.620360
66695196389, 0.622332, 0.620327
66775941179, 0.622277, 0.620284
66856685969, 0.622245, 0.620251
66937430759, 0.622213, 0.620219
67018175548, 0.622180, 0.620189
67098920338, 0.622161, 0.620170
67179665128, 0.622119, 0.620138
67260409918, 0.622101, 0.620119
67341154708, 0.622059, 0.620075
67421899498, 0.622038, 0.620056
67502644287, 0.622008, 0.620021
67583389077, 0.621968, 0.619981
67664133867, 0.621936, 0.619948
67744878657, 0.621906, 0.619921
67825623447, 0.621892, 0.619907
67906368236, 0.621874, 0.619886
67987113026, 0.621862, 0.619872
68067857816, 0.621842, 0.619853
68148602606, 0.621820, 0.619832
68229347396, 0.621796, 0.619802
68310092186, 0.621772, 0.619775
68390836975, 0.621738, 0.619740
68471581765, 0.621721, 0.619723
68552326555, 0.621685, 0.619688
68633071345, 0.621656, 0.619661
68713816135, 0.621625, 0.619631
68794560924, 0.621606, 0.619612
68875305714, 0.621580, 0.619591
68956050504, 0.621563, 0.619572
69036795294, 0.621523, 0.619534
69117540084, 0.621507, 0.619515
69198284874, 0.621481, 0.619488
69279029663, 0.621449, 0.619458
69359774453, 0.621435, 0.619442
69440519243, 0.621396, 0.619404
69521264033, 0.621363, 0.619368
69602008823, 0.621329, 0.619336
69682753612, 0.621315, 0.619322
69763498402, 0.621304, 0.619306
69844243192, 0.621277, 0.619279
69924987982, 0.621228, 0.619238
70005732772, 0.621199, 0.619211
70086477562, 0.621183, 0.619195
70167222351, 0.621154, 0.619168
70247967141, 0.621124, 0.619138
70328711931, 0.621100, 0.619111
70409456721, 0.621086, 0.619095
70490201511, 0.621082, 0.619087
70570946300, 0.621063, 0.619068
70651691090, 0.621035, 0.619035
70732435880, 0.621023, 0.619025
70813180670, 0.620991, 0.618992
70893925460, 0.620983, 0.618984
70974670250, 0.620970, 0.618973
71055415039, 0.620947, 0.618949
71136159829, 0.620900, 0.618913
71216904619, 0.620873, 0.618886
71297649409, 0.620843, 0.618854
71378394199, 0.620823, 0.618832
71459138988, 0.620811, 0.618819
71539883778, 0.620794, 0.618800
71620628568, 0.620776, 0.618781
71701373358, 0.620755, 0.618759
71782118148, 0.620733, 0.618732
71862862938, 0.620708, 0.618710
71943607727, 0.620691, 0.618691
72024352517, 0.620668, 0.618670
72105097307, 0.620644, 0.618643
72185842097, 0.620609, 0.618618
72266586887, 0.620599, 0.618610
72347331676, 0.620589, 0.618599
72428076466, 0.620578, 0.618586
72508821256, 0.620558, 0.618564
72589566046, 0.620523, 0.618529
72670310836, 0.620504, 0.618510
72751055626, 0.620486, 0.618488
72831800415, 0.620468, 0.618469
72912545205, 0.620428, 0.618445
72993289995, 0.620418, 0.618434
73074034785, 0.620384, 0.618412
73154779575, 0.620372, 0.618402
73235524364, 0.620353, 0.618383
73316269154, 0.620342, 0.618372
73397013944, 0.620334, 0.618364
73477758734, 0.620315, 0.618339
73558503524, 0.620308, 0.618331
73639248314, 0.620277, 0.618299
73719993103, 0.620268, 0.618291
73800737893, 0.620242, 0.618264
73881482683, 0.620228, 0.618247
73962227473, 0.620220, 0.618239
74042972263, 0.620216, 0.618234
74123717052, 0.620202, 0.618220
74204461842, 0.620171, 0.618196
74285206632, 0.620153, 0.618177
74365951422, 0.620137, 0.618163
74446696212, 0.620125, 0.618152
74527441002, 0.620110, 0.618136
74608185791, 0.620103, 0.618128
74688930581, 0.620100, 0.618125
74769675371, 0.620092, 0.618117
74850420161, 0.620081, 0.618106
74931164951, 0.620073, 0.618098
75011909740, 0.620065, 0.618090
75092654530, 0.620056, 0.618082
75173399320, 0.620044, 0.618069
75254144110, 0.620028, 0.618052
75334888900, 0.620019, 0.618041
75415633690, 0.619999, 0.618022
75496378479, 0.619993, 0.618017
75577123269, 0.619980, 0.618004
75657868059, 0.619970, 0.617990
75738612849, 0.619961, 0.617982
75819357639, 0.619944, 0.617966
75900102428, 0.619944, 0.617966
75980847218, 0.619930, 0.617960
76061592008, 0.619921, 0.617952
76142336798, 0.619916, 0.617944
76223081588, 0.619902, 0.617930
76303826378, 0.619895, 0.617922
76384571167, 0.619887, 0.617914
76465315957, 0.619874, 0.617901
76546060747, 0.619860, 0.617887
76626805537, 0.619858, 0.617884
76707550327, 0.619848, 0.617876
76788295116, 0.619841, 0.617871
76869039906, 0.619838, 0.617868
76949784696, 0.619828, 0.617855
77030529486, 0.619819, 0.617846
77111274276, 0.619805, 0.617833
77192019066, 0.619798, 0.617825
77272763855, 0.619782, 0.617806
77353508645, 0.619777, 0.617800
77434253435, 0.619776, 0.617798
77514998225, 0.619771, 0.617792
77595743015, 0.619758, 0.617781
77676487804, 0.619751, 0.617776
77757232594, 0.619733, 0.617757
77837977384, 0.619730, 0.617754
77918722174, 0.619721, 0.617746
77999466964, 0.619713, 0.617738
78080211754, 0.619713, 0.617738
78160956543, 0.619710, 0.617735
78241701333, 0.619710, 0.617733
78322446123, 0.619707, 0.617730
78403190913, 0.619701, 0.617725
78483935703, 0.619698, 0.617722
78564680492, 0.619694, 0.617716
78645425282, 0.619684, 0.617708
78726170072, 0.619684, 0.617708
78806914862, 0.619678, 0.617700
78887659652, 0.619678, 0.617700
78968404442, 0.619672, 0.617695
79049149231, 0.619668, 0.617692
79129894021, 0.619666, 0.617689
79210638811, 0.619661, 0.617684
79291383601, 0.619661, 0.617684
79372128391, 0.619653, 0.617676
79452873180, 0.619651, 0.617673
79533617970, 0.619651, 0.617673
79614362760, 0.619639, 0.617662
79695107550, 0.619637, 0.617660
79775852340, 0.619637, 0.617660
79856597130, 0.619635, 0.617657
79937341919, 0.619628, 0.617649
80018086709, 0.619628, 0.617649
80098831499, 0.619626, 0.617646
80179576289, 0.619626, 0.617646
80260321079, 0.619620, 0.617641
80341065868, 0.619620, 0.617641
80421810658, 0.619618, 0.617638
80502555448, 0.619603, 0.617635
80583300238, 0.619603, 0.617635
80664045028, 0.619603, 0.617635
80744789818, 0.619603, 0.617635
Time used: 878 ms
