logging to /opt/shards_res_1000/2016020900-2016021000_unique/tenant_4_profile_res-FIX_RATE-SHARDS-0.01.csvtracefile: /data1/tenant_trace/2016020900-2016021000_unique/tenant_4_trace
open file /data1/tenant_trace/2016020900-2016021000_unique/tenant_4_trace
read 1000000 lines
read 2000000 lines
read 3000000 lines
read 4000000 lines
read 5000000 lines
read 6000000 lines
read 7000000 lines
read 8000000 lines
read 9000000 lines
read 10000000 lines
read 11000000 lines
read 12000000 lines
read 13000000 lines
read 14000000 lines
read 15000000 lines
read 16000000 lines
read 17000000 lines
read 18000000 lines
read 19000000 lines
read 20000000 lines
read 21000000 lines
read 22000000 lines
read 23000000 lines
read 24000000 lines
read 25000000 lines
read 26000000 lines
read 27000000 lines
read 28000000 lines
read 29000000 lines
read 30000000 lines
read 31000000 lines
read 32000000 lines
read 33000000 lines
read 34000000 lines
read 35000000 lines
read 36000000 lines
read 37000000 lines
read 38000000 lines
read 39000000 lines
read 40000000 lines
read 41000000 lines
read 42000000 lines
read 43000000 lines
read 44000000 lines
read 45000000 lines
read 46000000 lines
read 47000000 lines
read 48000000 lines
read 49000000 lines
read 50000000 lines
read 51000000 lines
read 52000000 lines
read 53000000 lines
read 54000000 lines
read 55000000 lines
read 56000000 lines
read 57000000 lines
read 58000000 lines
read 59000000 lines
read 60000000 lines
read 61000000 lines
read 62000000 lines
read 63000000 lines
read 64000000 lines
read 65000000 lines
read 66000000 lines
read 67000000 lines
read 68000000 lines
read 69000000 lines
read 70000000 lines
read 71000000 lines
read 72000000 lines
read 73000000 lines
read 74000000 lines
read 75000000 lines
read 76000000 lines
read 77000000 lines
read 78000000 lines
read 79000000 lines
read 80000000 lines
read 81000000 lines
read 82000000 lines
read 83000000 lines
read 84000000 lines
read 85000000 lines
read 86000000 lines
read 87000000 lines
read 88000000 lines
read 89000000 lines
read 90000000 lines
read 91000000 lines
read 92000000 lines
read 93000000 lines
read 94000000 lines
read 95000000 lines
read 96000000 lines
read 97000000 lines
read 98000000 lines
read 99000000 lines
read 100000000 lines
read 101000000 lines
read 102000000 lines
read 103000000 lines
read 104000000 lines
read 105000000 lines
read 106000000 lines
read 107000000 lines
read 108000000 lines
read 109000000 lines
read 110000000 lines
read 111000000 lines
read 112000000 lines
read 113000000 lines
read 114000000 lines
read 115000000 lines
read 116000000 lines
read 117000000 lines
read 118000000 lines
read 119000000 lines
read 120000000 lines
read 121000000 lines
read 122000000 lines
read 123000000 lines
read 124000000 lines
read 125000000 lines
read 126000000 lines
read 127000000 lines
read 128000000 lines
read 129000000 lines
read 130000000 lines
read 131000000 lines
read 132000000 lines
read 133000000 lines
read 134000000 lines
read 135000000 lines
read 136000000 lines
read 137000000 lines
read 138000000 lines
read 139000000 lines
read 140000000 lines
read 141000000 lines
read 142000000 lines
read 143000000 lines
read 144000000 lines
read 145000000 lines
read 146000000 lines
read 147000000 lines
read 148000000 lines
read 149000000 lines
read 150000000 lines
read 151000000 lines
read 152000000 lines
read 153000000 lines
read 154000000 lines
read 155000000 lines
read 156000000 lines
read 157000000 lines
read 158000000 lines
read 159000000 lines
read 160000000 lines
read 161000000 lines
read 162000000 lines
read 163000000 lines
read 164000000 lines
read 165000000 lines
read 166000000 lines
read 167000000 lines
read 168000000 lines
read 169000000 lines
read 170000000 lines
read 171000000 lines
read 172000000 lines
read 173000000 lines
read 174000000 lines
read 175000000 lines
read 176000000 lines
read 177000000 lines
read 178000000 lines
read 179000000 lines
read 180000000 lines
read 181000000 lines
read 182000000 lines
read 183000000 lines
read 184000000 lines
read 185000000 lines
read 186000000 lines
read 187000000 lines
read 188000000 lines
read 189000000 lines
read 190000000 lines
read 191000000 lines
read 192000000 lines
read 193000000 lines
read 194000000 lines
read 195000000 lines
read 196000000 lines
read 197000000 lines
read 198000000 lines
read 199000000 lines
read 200000000 lines
read 201000000 lines
read 202000000 lines
read 203000000 lines
read 204000000 lines
read 205000000 lines
read 206000000 lines
read 207000000 lines
read 208000000 lines
read 209000000 lines
read 210000000 lines
read 211000000 lines
read 212000000 lines
read 213000000 lines
read 214000000 lines
read 215000000 lines
read 216000000 lines
read 217000000 lines
read 218000000 lines
read 219000000 lines
read 220000000 lines
read 221000000 lines
read 222000000 lines
read 223000000 lines
read 224000000 lines
read 225000000 lines
read 226000000 lines
read 227000000 lines
read 228000000 lines
read 229000000 lines
read 230000000 lines
read 231000000 lines
read 232000000 lines
read 233000000 lines
read 234000000 lines
read 235000000 lines
read 236000000 lines
read 237000000 lines
read 238000000 lines
read 239000000 lines
read 240000000 lines
read 241000000 lines
read 242000000 lines
read 243000000 lines
read 244000000 lines
read 245000000 lines
read 246000000 lines
read 247000000 lines
read 248000000 lines
read 249000000 lines
read 250000000 lines
read 251000000 lines
read 252000000 lines
read 253000000 lines
read 254000000 lines
read 255000000 lines
read 256000000 lines
read 257000000 lines
read 258000000 lines
read 259000000 lines
read 260000000 lines
read 261000000 lines
read 262000000 lines
read 263000000 lines
read 264000000 lines
read 265000000 lines
read 266000000 lines
read 267000000 lines
read 268000000 lines
read 269000000 lines
read 270000000 lines
read 271000000 lines
read 272000000 lines
read 273000000 lines
read 274000000 lines
read 275000000 lines
read 276000000 lines
read 277000000 lines
read 278000000 lines
read 279000000 lines
read 280000000 lines
read 281000000 lines
read 282000000 lines
read 283000000 lines
read 284000000 lines
read 285000000 lines
read 286000000 lines
read 287000000 lines
read 288000000 lines
read 289000000 lines
read 290000000 lines
read 291000000 lines
read 292000000 lines
read 293000000 lines
read 294000000 lines
read 295000000 lines
read 296000000 lines
read 297000000 lines
read 298000000 lines
read 299000000 lines
read 300000000 lines
read 301000000 lines
read 302000000 lines
read 303000000 lines
read 304000000 lines
read 305000000 lines
read 306000000 lines
read 307000000 lines
read 308000000 lines
read 309000000 lines
read 310000000 lines
read 311000000 lines
read 312000000 lines
read 313000000 lines
read 314000000 lines
read 315000000 lines
read 316000000 lines
read 317000000 lines
read 318000000 lines
read 319000000 lines
read 320000000 lines
read 321000000 lines
read 322000000 lines
read 323000000 lines
read 324000000 lines
read 325000000 lines
read 326000000 lines
read 327000000 lines
read 328000000 lines
read 329000000 lines
read 330000000 lines
read 331000000 lines
read 332000000 lines
read 333000000 lines
read 334000000 lines
read 335000000 lines
read 336000000 lines
read 337000000 lines
read 338000000 lines
read 339000000 lines
read 340000000 lines
read 341000000 lines
read 342000000 lines
read 343000000 lines
read 344000000 lines
read 345000000 lines
read 346000000 lines
read 347000000 lines
read 348000000 lines
read 349000000 lines
read 350000000 lines
read 351000000 lines
read 352000000 lines
read 353000000 lines
read 354000000 lines
read 355000000 lines
read 356000000 lines
read 357000000 lines
read 358000000 lines
read 359000000 lines
read 360000000 lines
read 361000000 lines
read 362000000 lines
read 363000000 lines
read 364000000 lines
read 365000000 lines
read 366000000 lines
read 367000000 lines
read 368000000 lines
read 369000000 lines
read 370000000 lines
read 371000000 lines
read 372000000 lines
read 373000000 lines
read 374000000 lines
read 375000000 lines
read 376000000 lines
read 377000000 lines
read 378000000 lines
read 379000000 lines
read 380000000 lines
read 381000000 lines
read 382000000 lines
read 383000000 lines
read 384000000 lines
read 385000000 lines
read 386000000 lines
read 387000000 lines
read 388000000 lines
read 389000000 lines
read 390000000 lines
read 391000000 lines
read 392000000 lines
read 393000000 lines
read 394000000 lines
read 395000000 lines
read 396000000 lines
read 397000000 lines
read 398000000 lines
read 399000000 lines
read 400000000 lines
read 401000000 lines
read 402000000 lines
read 403000000 lines
read 404000000 lines
read 405000000 lines
read 406000000 lines
read 407000000 lines
read 408000000 lines
read 409000000 lines
read 410000000 lines
read 411000000 lines
read 412000000 lines
read 413000000 lines
read 414000000 lines
read 415000000 lines
read 416000000 lines
read 417000000 lines
read 418000000 lines
read 419000000 lines
read 420000000 lines
read 421000000 lines
read 422000000 lines
read 423000000 lines
[FILE]: /data1/tenant_trace/2016020900-2016021000_unique/tenant_4_trace
total_access_num: 423756061
total_access_size: 5481212788770
unique_access_num: 116985144
unique_access_size: 1515346059573
min_item_size: 1
[method]: SHARDS
[metric]: MAE
[seed]: 42
[sample_method]: FIX_RATE
[sample_metric]: 0.01
MAEQ_factor: 1.028473
cache_size, BMRC_ratio, OMRC_ratio
1515346059, 0.846443, 0.869743
3030692119, 0.812620, 0.832397
4546038178, 0.787374, 0.805067
6061384238, 0.766653, 0.782877
7576730297, 0.749030, 0.764107
9092076357, 0.733494, 0.747668
10607422417, 0.719626, 0.732983
12122768476, 0.706924, 0.719670
13638114536, 0.695359, 0.707538
15153460595, 0.684545, 0.696275
16668806655, 0.674605, 0.685877
18184152714, 0.665242, 0.676129
19699498774, 0.656473, 0.667034
21214844834, 0.648182, 0.658441
22730190893, 0.640444, 0.650432
24245536953, 0.633146, 0.642874
25760883012, 0.626154, 0.635615
27276229072, 0.619523, 0.628732
28791575131, 0.613175, 0.622141
30306921191, 0.607059, 0.615801
31822267251, 0.601286, 0.609806
33337613310, 0.595768, 0.604095
34852959370, 0.590341, 0.598525
36368305429, 0.585166, 0.593182
37883651489, 0.580108, 0.587997
39398997548, 0.575295, 0.583028
40914343608, 0.570624, 0.578241
42429689668, 0.566092, 0.573577
43945035727, 0.561741, 0.569116
45460381787, 0.557595, 0.564808
46975727846, 0.553526, 0.560631
48491073906, 0.549631, 0.556627
50006419965, 0.545811, 0.552696
51521766025, 0.542119, 0.548893
53037112085, 0.538587, 0.545226
54552458144, 0.535050, 0.541594
56067804204, 0.531653, 0.538099
57583150263, 0.528377, 0.534715
59098496323, 0.525156, 0.531418
60613842382, 0.522084, 0.528248
62129188442, 0.519029, 0.525100
63644534502, 0.516050, 0.522064
65159880561, 0.513149, 0.519077
66675226621, 0.510332, 0.516174
68190572680, 0.507620, 0.513382
69705918740, 0.504951, 0.510630
71221264799, 0.502298, 0.507931
72736610859, 0.499746, 0.505306
74251956919, 0.497197, 0.502729
75767302978, 0.494724, 0.500169
77282649038, 0.492353, 0.497729
78797995097, 0.490023, 0.495334
80313341157, 0.487714, 0.492976
81828687216, 0.485419, 0.490641
83344033276, 0.483216, 0.488381
84859379336, 0.481063, 0.486145
86374725395, 0.478958, 0.483980
87890071455, 0.476866, 0.481834
89405417514, 0.474834, 0.479740
90920763574, 0.472827, 0.477680
92436109633, 0.470861, 0.475657
93951455693, 0.468956, 0.473704
95466801753, 0.467044, 0.471719
96982147812, 0.465154, 0.469800
98497493872, 0.463326, 0.467945
100012839931, 0.461508, 0.466094
101528185991, 0.459751, 0.464295
103043532050, 0.458002, 0.462507
104558878110, 0.456315, 0.460774
106074224170, 0.454616, 0.459042
107589570229, 0.452974, 0.457345
109104916289, 0.451372, 0.455698
110620262348, 0.449801, 0.454094
112135608408, 0.448244, 0.452507
113650954467, 0.446712, 0.450940
115166300527, 0.445193, 0.449391
116681646587, 0.443686, 0.447861
118196992646, 0.442209, 0.446350
119712338706, 0.440763, 0.444876
121227684765, 0.439338, 0.443423
122743030825, 0.437958, 0.441977
124258376884, 0.436551, 0.440549
125773722944, 0.435137, 0.439134
127289069004, 0.433784, 0.437755
128804415063, 0.432447, 0.436398
130319761123, 0.431147, 0.435065
131835107182, 0.429888, 0.433771
133350453242, 0.428636, 0.432491
134865799301, 0.427363, 0.431190
136381145361, 0.426111, 0.429915
137896491421, 0.424901, 0.428672
139411837480, 0.423689, 0.427424
140927183540, 0.422501, 0.426202
142442529599, 0.421336, 0.425021
143957875659, 0.420171, 0.423834
145473221719, 0.419013, 0.422649
146988567778, 0.417887, 0.421501
148503913838, 0.416734, 0.420332
150019259897, 0.415652, 0.419214
151534605957, 0.414575, 0.418108
153049952016, 0.413481, 0.417002
154565298076, 0.412428, 0.415932
156080644136, 0.411393, 0.414857
157595990195, 0.410378, 0.413814
159111336255, 0.409402, 0.412818
160626682314, 0.408406, 0.411797
162142028374, 0.407445, 0.410809
163657374433, 0.406467, 0.409818
165172720493, 0.405491, 0.408811
166688066553, 0.404534, 0.407834
168203412612, 0.403629, 0.406902
169718758672, 0.402682, 0.405941
171234104731, 0.401762, 0.404999
172749450791, 0.400853, 0.404061
174264796850, 0.399990, 0.403172
175780142910, 0.399103, 0.402270
177295488970, 0.398227, 0.401372
178810835029, 0.397349, 0.400489
180326181089, 0.396473, 0.399598
181841527148, 0.395655, 0.398753
183356873208, 0.394818, 0.397900
184872219267, 0.394011, 0.397079
186387565327, 0.393164, 0.396219
187902911387, 0.392366, 0.395396
189418257446, 0.391537, 0.394567
190933603506, 0.390726, 0.393738
192448949565, 0.389926, 0.392913
193964295625, 0.389110, 0.392083
195479641684, 0.388358, 0.391333
196994987744, 0.387603, 0.390572
198510333804, 0.386842, 0.389810
200025679863, 0.386106, 0.389056
201541025923, 0.385402, 0.388329
203056371982, 0.384648, 0.387563
204571718042, 0.383922, 0.386818
206087064101, 0.383199, 0.386079
207602410161, 0.382505, 0.385363
209117756221, 0.381788, 0.384630
210633102280, 0.381113, 0.383935
212148448340, 0.380408, 0.383226
213663794399, 0.379728, 0.382530
215179140459, 0.379056, 0.381850
216694486518, 0.378388, 0.381150
218209832578, 0.377732, 0.380472
219725178638, 0.377094, 0.379812
221240524697, 0.376449, 0.379160
222755870757, 0.375826, 0.378513
224271216816, 0.375242, 0.377889
225786562876, 0.374604, 0.377238
227301908935, 0.373971, 0.376580
228817254995, 0.373355, 0.375945
230332601055, 0.372730, 0.375292
231847947114, 0.372158, 0.374698
233363293174, 0.371545, 0.374071
234878639233, 0.370950, 0.373455
236393985293, 0.370366, 0.372845
237909331352, 0.369794, 0.372255
239424677412, 0.369235, 0.371674
240940023472, 0.368665, 0.371080
242455369531, 0.368112, 0.370505
243970715591, 0.367567, 0.369926
245486061650, 0.367002, 0.369351
247001407710, 0.366446, 0.368769
248516753769, 0.365886, 0.368204
250032099829, 0.365357, 0.367651
251547445889, 0.364794, 0.367094
253062791948, 0.364252, 0.366535
254578138008, 0.363716, 0.365984
256093484067, 0.363189, 0.365432
257608830127, 0.362673, 0.364896
259124176186, 0.362159, 0.364364
260639522246, 0.361661, 0.363842
262154868306, 0.361147, 0.363317
263670214365, 0.360637, 0.362788
265185560425, 0.360125, 0.362267
266700906484, 0.359633, 0.361762
268216252544, 0.359132, 0.361241
269731598603, 0.358647, 0.360737
271246944663, 0.358134, 0.360202
272762290723, 0.357659, 0.359709
274277636782, 0.357177, 0.359229
275792982842, 0.356732, 0.358755
277308328901, 0.356263, 0.358274
278823674961, 0.355802, 0.357796
280339021021, 0.355340, 0.357305
281854367080, 0.354878, 0.356826
283369713140, 0.354437, 0.356369
284885059199, 0.353999, 0.355912
286400405259, 0.353562, 0.355445
287915751318, 0.353114, 0.354979
289431097378, 0.352685, 0.354533
290946443438, 0.352268, 0.354093
292461789497, 0.351833, 0.353647
293977135557, 0.351398, 0.353188
295492481616, 0.350971, 0.352745
297007827676, 0.350550, 0.352312
298523173735, 0.350133, 0.351880
300038519795, 0.349718, 0.351447
301553865855, 0.349300, 0.351022
303069211914, 0.348903, 0.350608
304584557974, 0.348486, 0.350181
306099904033, 0.348055, 0.349741
307615250093, 0.347632, 0.349309
309130596152, 0.347220, 0.348884
310645942212, 0.346818, 0.348473
312161288272, 0.346429, 0.348069
313676634331, 0.346049, 0.347677
315191980391, 0.345657, 0.347277
316707326450, 0.345279, 0.346881
318222672510, 0.344895, 0.346486
319738018569, 0.344515, 0.346101
321253364629, 0.344153, 0.345719
322768710689, 0.343783, 0.345336
324284056748, 0.343383, 0.344923
325799402808, 0.343009, 0.344534
327314748867, 0.342641, 0.344153
328830094927, 0.342273, 0.343775
330345440986, 0.341928, 0.343425
331860787046, 0.341575, 0.343071
333376133106, 0.341220, 0.342712
334891479165, 0.340847, 0.342331
336406825225, 0.340480, 0.341955
337922171284, 0.340114, 0.341577
339437517344, 0.339783, 0.341226
340952863403, 0.339439, 0.340871
342468209463, 0.339094, 0.340525
343983555523, 0.338758, 0.340183
345498901582, 0.338420, 0.339829
347014247642, 0.338096, 0.339491
348529593701, 0.337741, 0.339131
350044939761, 0.337398, 0.338787
351560285820, 0.337079, 0.338450
353075631880, 0.336724, 0.338083
354590977940, 0.336380, 0.337733
356106323999, 0.336035, 0.337382
357621670059, 0.335715, 0.337056
359137016118, 0.335384, 0.336715
360652362178, 0.335072, 0.336390
362167708237, 0.334750, 0.336066
363683054297, 0.334414, 0.335728
365198400357, 0.334092, 0.335397
366713746416, 0.333796, 0.335088
368229092476, 0.333487, 0.334774
369744438535, 0.333185, 0.334463
371259784595, 0.332887, 0.334153
372775130654, 0.332582, 0.333846
374290476714, 0.332273, 0.333528
375805822774, 0.331964, 0.333207
377321168833, 0.331666, 0.332897
378836514893, 0.331376, 0.332593
380351860952, 0.331074, 0.332289
381867207012, 0.330791, 0.331994
383382553071, 0.330509, 0.331701
384897899131, 0.330215, 0.331397
386413245191, 0.329926, 0.331098
387928591250, 0.329649, 0.330812
389443937310, 0.329363, 0.330513
390959283369, 0.329092, 0.330229
392474629429, 0.328806, 0.329950
393989975488, 0.328521, 0.329663
395505321548, 0.328233, 0.329359
397020667608, 0.327968, 0.329081
398536013667, 0.327711, 0.328817
400051359727, 0.327435, 0.328535
401566705786, 0.327163, 0.328253
403082051846, 0.326889, 0.327970
404597397905, 0.326629, 0.327691
406112743965, 0.326349, 0.327406
407628090025, 0.326080, 0.327127
409143436084, 0.325828, 0.326861
410658782144, 0.325576, 0.326597
412174128203, 0.325339, 0.326348
413689474263, 0.325084, 0.326083
415204820323, 0.324823, 0.325809
416720166382, 0.324567, 0.325542
418235512442, 0.324319, 0.325292
419750858501, 0.324066, 0.325028
421266204561, 0.323795, 0.324758
422781550620, 0.323543, 0.324505
424296896680, 0.323306, 0.324253
425812242740, 0.323051, 0.323995
427327588799, 0.322810, 0.323741
428842934859, 0.322571, 0.323485
430358280918, 0.322329, 0.323237
431873626978, 0.322078, 0.322988
433388973037, 0.321849, 0.322752
434904319097, 0.321607, 0.322500
436419665157, 0.321368, 0.322256
437935011216, 0.321120, 0.322005
439450357276, 0.320892, 0.321775
440965703335, 0.320675, 0.321547
442481049395, 0.320446, 0.321310
443996395454, 0.320227, 0.321083
445511741514, 0.320016, 0.320863
447027087574, 0.319802, 0.320634
448542433633, 0.319570, 0.320391
450057779693, 0.319344, 0.320158
451573125752, 0.319123, 0.319931
453088471812, 0.318912, 0.319715
454603817871, 0.318693, 0.319487
456119163931, 0.318476, 0.319268
457634509991, 0.318263, 0.319047
459149856050, 0.318044, 0.318824
460665202110, 0.317818, 0.318597
462180548169, 0.317608, 0.318379
463695894229, 0.317401, 0.318159
465211240288, 0.317202, 0.317954
466726586348, 0.316981, 0.317723
468241932408, 0.316768, 0.317501
469757278467, 0.316542, 0.317268
471272624527, 0.316340, 0.317061
472787970586, 0.316138, 0.316849
474303316646, 0.315927, 0.316634
475818662705, 0.315724, 0.316420
477334008765, 0.315528, 0.316218
478849354825, 0.315332, 0.316015
480364700884, 0.315131, 0.315805
481880046944, 0.314929, 0.315599
483395393003, 0.314738, 0.315400
484910739063, 0.314557, 0.315209
486426085122, 0.314361, 0.315010
487941431182, 0.314173, 0.314814
489456777242, 0.313991, 0.314628
490972123301, 0.313790, 0.314422
492487469361, 0.313617, 0.314243
494002815420, 0.313446, 0.314064
495518161480, 0.313257, 0.313867
497033507539, 0.313072, 0.313669
498548853599, 0.312889, 0.313478
500064199659, 0.312701, 0.313284
501579545718, 0.312517, 0.313092
503094891778, 0.312339, 0.312909
504610237837, 0.312157, 0.312720
506125583897, 0.311978, 0.312527
507640929956, 0.311798, 0.312338
509156276016, 0.311615, 0.312153
510671622076, 0.311421, 0.311957
512186968135, 0.311227, 0.311764
513702314195, 0.311029, 0.311572
515217660254, 0.310868, 0.311402
516733006314, 0.310692, 0.311218
518248352373, 0.310517, 0.311033
519763698433, 0.310354, 0.310863
521279044493, 0.310186, 0.310685
522794390552, 0.310013, 0.310507
524309736612, 0.309841, 0.310324
525825082671, 0.309673, 0.310148
527340428731, 0.309507, 0.309973
528855774790, 0.309350, 0.309803
530371120850, 0.309184, 0.309634
531886466910, 0.309003, 0.309461
533401812969, 0.308834, 0.309286
534917159029, 0.308670, 0.309114
536432505088, 0.308503, 0.308940
537947851148, 0.308359, 0.308783
539463197207, 0.308192, 0.308613
540978543267, 0.308020, 0.308439
542493889327, 0.307863, 0.308277
544009235386, 0.307702, 0.308114
545524581446, 0.307547, 0.307959
547039927505, 0.307380, 0.307792
548555273565, 0.307215, 0.307621
550070619624, 0.307078, 0.307474
551585965684, 0.306930, 0.307320
553101311744, 0.306778, 0.307160
554616657803, 0.306622, 0.306994
556132003863, 0.306468, 0.306839
557647349922, 0.306319, 0.306679
559162695982, 0.306174, 0.306532
560678042042, 0.306018, 0.306373
562193388101, 0.305877, 0.306226
563708734161, 0.305736, 0.306081
565224080220, 0.305582, 0.305927
566739426280, 0.305432, 0.305778
568254772339, 0.305294, 0.305635
569770118399, 0.305145, 0.305479
571285464459, 0.304999, 0.305329
572800810518, 0.304856, 0.305184
574316156578, 0.304708, 0.305031
575831502637, 0.304563, 0.304877
577346848697, 0.304434, 0.304745
578862194756, 0.304300, 0.304607
580377540816, 0.304165, 0.304469
581892886876, 0.304029, 0.304324
583408232935, 0.303890, 0.304179
584923578995, 0.303757, 0.304040
586438925054, 0.303613, 0.303896
587954271114, 0.303480, 0.303760
589469617173, 0.303340, 0.303620
590984963233, 0.303201, 0.303477
592500309293, 0.303071, 0.303344
594015655352, 0.302951, 0.303223
595531001412, 0.302816, 0.303081
597046347471, 0.302679, 0.302944
598561693531, 0.302540, 0.302799
600077039590, 0.302415, 0.302672
601592385650, 0.302273, 0.302527
603107731710, 0.302146, 0.302392
604623077769, 0.302023, 0.302262
606138423829, 0.301888, 0.302118
607653769888, 0.301760, 0.301986
609169115948, 0.301627, 0.301848
610684462007, 0.301498, 0.301711
612199808067, 0.301379, 0.301586
613715154127, 0.301255, 0.301456
615230500186, 0.301132, 0.301333
616745846246, 0.301010, 0.301206
618261192305, 0.300879, 0.301082
619776538365, 0.300754, 0.300954
621291884424, 0.300631, 0.300825
622807230484, 0.300507, 0.300692
624322576544, 0.300380, 0.300559
625837922603, 0.300261, 0.300438
627353268663, 0.300138, 0.300308
628868614722, 0.300017, 0.300190
630383960782, 0.299889, 0.300057
631899306841, 0.299764, 0.299925
633414652901, 0.299642, 0.299799
634929998961, 0.299534, 0.299689
636445345020, 0.299406, 0.299566
637960691080, 0.299293, 0.299449
639476037139, 0.299170, 0.299323
640991383199, 0.299056, 0.299206
642506729258, 0.298923, 0.299079
644022075318, 0.298816, 0.298974
645537421378, 0.298697, 0.298853
647052767437, 0.298584, 0.298741
648568113497, 0.298475, 0.298630
650083459556, 0.298357, 0.298506
651598805616, 0.298236, 0.298389
653114151675, 0.298124, 0.298270
654629497735, 0.298025, 0.298165
656144843795, 0.297905, 0.298048
657660189854, 0.297793, 0.297933
659175535914, 0.297681, 0.297819
660690881973, 0.297560, 0.297697
662206228033, 0.297457, 0.297586
663721574092, 0.297351, 0.297473
665236920152, 0.297232, 0.297352
666752266212, 0.297131, 0.297248
668267612271, 0.297012, 0.297133
669782958331, 0.296901, 0.297018
671298304390, 0.296804, 0.296912
672813650450, 0.296699, 0.296802
674328996509, 0.296600, 0.296695
675844342569, 0.296505, 0.296596
677359688629, 0.296402, 0.296485
678875034688, 0.296314, 0.296388
680390380748, 0.296222, 0.296291
681905726807, 0.296127, 0.296194
683421072867, 0.296026, 0.296087
684936418926, 0.295928, 0.295990
686451764986, 0.295823, 0.295884
687967111046, 0.295722, 0.295781
689482457105, 0.295615, 0.295671
690997803165, 0.295519, 0.295576
692513149224, 0.295417, 0.295469
694028495284, 0.295319, 0.295368
695543841344, 0.295221, 0.295264
697059187403, 0.295125, 0.295161
698574533463, 0.295034, 0.295064
700089879522, 0.294934, 0.294963
701605225582, 0.294839, 0.294860
703120571641, 0.294728, 0.294750
704635917701, 0.294631, 0.294650
706151263761, 0.294536, 0.294555
707666609820, 0.294437, 0.294450
709181955880, 0.294343, 0.294354
710697301939, 0.294249, 0.294255
712212647999, 0.294146, 0.294148
713727994058, 0.294054, 0.294053
715243340118, 0.293959, 0.293958
716758686178, 0.293867, 0.293860
718274032237, 0.293780, 0.293772
719789378297, 0.293693, 0.293678
721304724356, 0.293598, 0.293578
722820070416, 0.293501, 0.293480
724335416475, 0.293402, 0.293380
725850762535, 0.293316, 0.293288
727366108595, 0.293226, 0.293195
728881454654, 0.293135, 0.293104
730396800714, 0.293046, 0.293014
731912146773, 0.292953, 0.292920
733427492833, 0.292858, 0.292823
734942838892, 0.292776, 0.292736
736458184952, 0.292689, 0.292648
737973531012, 0.292609, 0.292562
739488877071, 0.292524, 0.292474
741004223131, 0.292441, 0.292391
742519569190, 0.292355, 0.292305
744034915250, 0.292264, 0.292213
745550261309, 0.292176, 0.292129
747065607369, 0.292092, 0.292043
748580953429, 0.292016, 0.291963
750096299488, 0.291933, 0.291877
751611645548, 0.291856, 0.291793
753126991607, 0.291769, 0.291704
754642337667, 0.291692, 0.291627
756157683726, 0.291616, 0.291547
757673029786, 0.291539, 0.291469
759188375846, 0.291453, 0.291379
760703721905, 0.291369, 0.291292
762219067965, 0.291282, 0.291203
763734414024, 0.291201, 0.291119
765249760084, 0.291125, 0.291036
766765106143, 0.291038, 0.290947
768280452203, 0.290959, 0.290870
769795798263, 0.290885, 0.290796
771311144322, 0.290807, 0.290716
772826490382, 0.290723, 0.290634
774341836441, 0.290647, 0.290558
775857182501, 0.290573, 0.290481
777372528560, 0.290499, 0.290402
778887874620, 0.290429, 0.290325
780403220680, 0.290358, 0.290248
781918566739, 0.290280, 0.290166
783433912799, 0.290200, 0.290084
784949258858, 0.290130, 0.290011
786464604918, 0.290053, 0.289934
787979950977, 0.289983, 0.289863
789495297037, 0.289912, 0.289790
791010643097, 0.289835, 0.289712
792525989156, 0.289766, 0.289640
794041335216, 0.289699, 0.289569
795556681275, 0.289623, 0.289490
797072027335, 0.289547, 0.289414
798587373394, 0.289484, 0.289347
800102719454, 0.289417, 0.289275
801618065514, 0.289349, 0.289206
803133411573, 0.289285, 0.289137
804648757633, 0.289215, 0.289067
806164103692, 0.289145, 0.288994
807679449752, 0.289079, 0.288928
809194795811, 0.289007, 0.288853
810710141871, 0.288944, 0.288785
812225487931, 0.288875, 0.288716
813740833990, 0.288802, 0.288639
815256180050, 0.288733, 0.288571
816771526109, 0.288663, 0.288498
818286872169, 0.288592, 0.288430
819802218228, 0.288510, 0.288351
821317564288, 0.288440, 0.288278
822832910348, 0.288381, 0.288215
824348256407, 0.288321, 0.288153
825863602467, 0.288263, 0.288093
827378948526, 0.288198, 0.288023
828894294586, 0.288133, 0.287959
830409640646, 0.288064, 0.287889
831924986705, 0.288002, 0.287830
833440332765, 0.287944, 0.287770
834955678824, 0.287883, 0.287708
836471024884, 0.287824, 0.287646
837986370943, 0.287760, 0.287580
839501717003, 0.287695, 0.287513
841017063063, 0.287628, 0.287447
842532409122, 0.287569, 0.287388
844047755182, 0.287505, 0.287320
845563101241, 0.287437, 0.287252
847078447301, 0.287380, 0.287191
848593793360, 0.287322, 0.287130
850109139420, 0.287266, 0.287073
851624485480, 0.287213, 0.287014
853139831539, 0.287149, 0.286947
854655177599, 0.287085, 0.286880
856170523658, 0.287026, 0.286819
857685869718, 0.286976, 0.286765
859201215777, 0.286919, 0.286705
860716561837, 0.286860, 0.286644
862231907897, 0.286801, 0.286582
863747253956, 0.286742, 0.286525
865262600016, 0.286683, 0.286462
866777946075, 0.286626, 0.286408
868293292135, 0.286568, 0.286344
869808638194, 0.286508, 0.286284
871323984254, 0.286459, 0.286231
872839330314, 0.286402, 0.286171
874354676373, 0.286345, 0.286113
875870022433, 0.286293, 0.286057
877385368492, 0.286238, 0.285998
878900714552, 0.286175, 0.285937
880416060611, 0.286128, 0.285883
881931406671, 0.286068, 0.285822
883446752731, 0.286008, 0.285764
884962098790, 0.285959, 0.285712
886477444850, 0.285906, 0.285654
887992790909, 0.285850, 0.285596
889508136969, 0.285797, 0.285540
891023483028, 0.285743, 0.285486
892538829088, 0.285685, 0.285425
894054175148, 0.285639, 0.285376
895569521207, 0.285590, 0.285325
897084867267, 0.285537, 0.285269
898600213326, 0.285478, 0.285208
900115559386, 0.285423, 0.285149
901630905445, 0.285370, 0.285094
903146251505, 0.285311, 0.285040
904661597565, 0.285258, 0.284989
906176943624, 0.285210, 0.284938
907692289684, 0.285159, 0.284883
909207635743, 0.285111, 0.284833
910722981803, 0.285058, 0.284776
912238327862, 0.285015, 0.284731
913753673922, 0.284969, 0.284684
915269019982, 0.284916, 0.284633
916784366041, 0.284868, 0.284583
918299712101, 0.284818, 0.284529
919815058160, 0.284771, 0.284479
921330404220, 0.284718, 0.284428
922845750279, 0.284672, 0.284379
924361096339, 0.284625, 0.284331
925876442399, 0.284579, 0.284282
927391788458, 0.284539, 0.284239
928907134518, 0.284487, 0.284186
930422480577, 0.284440, 0.284139
931937826637, 0.284393, 0.284091
933453172696, 0.284345, 0.284039
934968518756, 0.284297, 0.283992
936483864816, 0.284247, 0.283939
937999210875, 0.284192, 0.283883
939514556935, 0.284136, 0.283827
941029902994, 0.284084, 0.283773
942545249054, 0.284039, 0.283726
944060595113, 0.283986, 0.283672
945575941173, 0.283937, 0.283623
947091287233, 0.283878, 0.283575
948606633292, 0.283837, 0.283533
950121979352, 0.283789, 0.283485
951637325411, 0.283746, 0.283440
953152671471, 0.283706, 0.283397
954668017530, 0.283654, 0.283342
956183363590, 0.283615, 0.283299
957698709650, 0.283565, 0.283247
959214055709, 0.283520, 0.283201
960729401769, 0.283477, 0.283154
962244747828, 0.283432, 0.283108
963760093888, 0.283390, 0.283063
965275439948, 0.283342, 0.283015
966790786007, 0.283301, 0.282975
968306132067, 0.283254, 0.282928
969821478126, 0.283210, 0.282888
971336824186, 0.283170, 0.282846
972852170245, 0.283127, 0.282803
974367516305, 0.283089, 0.282765
975882862365, 0.283048, 0.282723
977398208424, 0.283005, 0.282678
978913554484, 0.282968, 0.282641
980428900543, 0.282926, 0.282598
981944246603, 0.282883, 0.282560
983459592662, 0.282840, 0.282514
984974938722, 0.282793, 0.282468
986490284782, 0.282752, 0.282428
988005630841, 0.282706, 0.282384
989520976901, 0.282664, 0.282338
991036322960, 0.282622, 0.282297
992551669020, 0.282583, 0.282255
994067015079, 0.282538, 0.282207
995582361139, 0.282500, 0.282165
997097707199, 0.282463, 0.282126
998613053258, 0.282424, 0.282084
1000128399318, 0.282385, 0.282044
1001643745377, 0.282345, 0.282004
1003159091437, 0.282308, 0.281964
1004674437496, 0.282274, 0.281929
1006189783556, 0.282237, 0.281892
1007705129616, 0.282200, 0.281854
1009220475675, 0.282163, 0.281817
1010735821735, 0.282127, 0.281781
1012251167794, 0.282088, 0.281739
1013766513854, 0.282055, 0.281704
1015281859913, 0.282018, 0.281669
1016797205973, 0.281982, 0.281630
1018312552033, 0.281947, 0.281594
1019827898092, 0.281911, 0.281556
1021343244152, 0.281887, 0.281530
1022858590211, 0.281849, 0.281491
1024373936271, 0.281810, 0.281451
1025889282330, 0.281781, 0.281418
1027404628390, 0.281745, 0.281380
1028919974450, 0.281706, 0.281341
1030435320509, 0.281669, 0.281303
1031950666569, 0.281634, 0.281270
1033466012628, 0.281600, 0.281234
1034981358688, 0.281568, 0.281202
1036496704747, 0.281534, 0.281165
1038012050807, 0.281500, 0.281130
1039527396867, 0.281463, 0.281093
1041042742926, 0.281433, 0.281062
1042558088986, 0.281402, 0.281031
1044073435045, 0.281366, 0.280998
1045588781105, 0.281332, 0.280961
1047104127164, 0.281293, 0.280924
1048619473224, 0.281260, 0.280892
1050134819284, 0.281222, 0.280850
1051650165343, 0.281193, 0.280822
1053165511403, 0.281162, 0.280791
1054680857462, 0.281131, 0.280760
1056196203522, 0.281101, 0.280726
1057711549581, 0.281067, 0.280692
1059226895641, 0.281032, 0.280656
1060742241701, 0.281005, 0.280626
1062257587760, 0.280974, 0.280595
1063772933820, 0.280941, 0.280563
1065288279879, 0.280916, 0.280537
1066803625939, 0.280884, 0.280505
1068318971998, 0.280851, 0.280469
1069834318058, 0.280812, 0.280430
1071349664118, 0.280782, 0.280401
1072865010177, 0.280752, 0.280368
1074380356237, 0.280721, 0.280336
1075895702296, 0.280691, 0.280304
1077411048356, 0.280660, 0.280274
1078926394415, 0.280632, 0.280245
1080441740475, 0.280601, 0.280214
1081957086535, 0.280570, 0.280182
1083472432594, 0.280540, 0.280150
1084987778654, 0.280508, 0.280120
1086503124713, 0.280481, 0.280093
1088018470773, 0.280450, 0.280064
1089533816832, 0.280421, 0.280034
1091049162892, 0.280394, 0.280007
1092564508952, 0.280371, 0.279981
1094079855011, 0.280348, 0.279956
1095595201071, 0.280316, 0.279925
1097110547130, 0.280287, 0.279895
1098625893190, 0.280259, 0.279864
1100141239249, 0.280232, 0.279836
1101656585309, 0.280210, 0.279814
1103171931369, 0.280179, 0.279787
1104687277428, 0.280153, 0.279761
1106202623488, 0.280131, 0.279738
1107717969547, 0.280097, 0.279701
1109233315607, 0.280072, 0.279675
1110748661667, 0.280044, 0.279645
1112264007726, 0.280017, 0.279616
1113779353786, 0.279995, 0.279592
1115294699845, 0.279968, 0.279567
1116810045905, 0.279942, 0.279538
1118325391964, 0.279919, 0.279510
1119840738024, 0.279894, 0.279485
1121356084084, 0.279871, 0.279461
1122871430143, 0.279846, 0.279439
1124386776203, 0.279815, 0.279408
1125902122262, 0.279788, 0.279381
1127417468322, 0.279767, 0.279360
1128932814381, 0.279742, 0.279334
1130448160441, 0.279721, 0.279310
1131963506501, 0.279694, 0.279283
1133478852560, 0.279673, 0.279259
1134994198620, 0.279647, 0.279236
1136509544679, 0.279622, 0.279212
1138024890739, 0.279603, 0.279191
1139540236798, 0.279581, 0.279171
1141055582858, 0.279563, 0.279151
1142570928918, 0.279537, 0.279125
1144086274977, 0.279513, 0.279102
1145601621037, 0.279490, 0.279078
1147116967096, 0.279467, 0.279054
1148632313156, 0.279444, 0.279030
1150147659215, 0.279419, 0.279005
1151663005275, 0.279396, 0.278982
1153178351335, 0.279367, 0.278955
1154693697394, 0.279347, 0.278935
1156209043454, 0.279326, 0.278912
1157724389513, 0.279304, 0.278888
1159239735573, 0.279282, 0.278865
1160755081632, 0.279263, 0.278846
1162270427692, 0.279237, 0.278821
1163785773752, 0.279212, 0.278797
1165301119811, 0.279192, 0.278777
1166816465871, 0.279172, 0.278758
1168331811930, 0.279146, 0.278731
1169847157990, 0.279130, 0.278714
1171362504049, 0.279106, 0.278694
1172877850109, 0.279080, 0.278666
1174393196169, 0.279057, 0.278642
1175908542228, 0.279036, 0.278621
1177423888288, 0.279016, 0.278599
1178939234347, 0.278998, 0.278578
1180454580407, 0.278977, 0.278558
1181969926466, 0.278954, 0.278535
1183485272526, 0.278934, 0.278515
1185000618586, 0.278915, 0.278496
1186515964645, 0.278897, 0.278475
1188031310705, 0.278873, 0.278451
1189546656764, 0.278856, 0.278433
1191062002824, 0.278835, 0.278411
1192577348883, 0.278813, 0.278390
1194092694943, 0.278790, 0.278367
1195608041003, 0.278773, 0.278349
1197123387062, 0.278755, 0.278329
1198638733122, 0.278734, 0.278309
1200154079181, 0.278713, 0.278288
1201669425241, 0.278698, 0.278273
1203184771300, 0.278676, 0.278252
1204700117360, 0.278660, 0.278236
1206215463420, 0.278641, 0.278217
1207730809479, 0.278619, 0.278197
1209246155539, 0.278599, 0.278175
1210761501598, 0.278583, 0.278158
1212276847658, 0.278566, 0.278138
1213792193717, 0.278550, 0.278121
1215307539777, 0.278529, 0.278100
1216822885837, 0.278511, 0.278081
1218338231896, 0.278490, 0.278062
1219853577956, 0.278479, 0.278049
1221368924015, 0.278462, 0.278032
1222884270075, 0.278446, 0.278015
1224399616134, 0.278427, 0.277996
1225914962194, 0.278409, 0.277980
1227430308254, 0.278390, 0.277961
1228945654313, 0.278373, 0.277942
1230461000373, 0.278358, 0.277926
1231976346432, 0.278344, 0.277912
1233491692492, 0.278330, 0.277900
1235007038551, 0.278312, 0.277881
1236522384611, 0.278298, 0.277864
1238037730671, 0.278278, 0.277846
1239553076730, 0.278265, 0.277830
1241068422790, 0.278247, 0.277813
1242583768849, 0.278230, 0.277797
1244099114909, 0.278215, 0.277782
1245614460969, 0.278197, 0.277762
1247129807028, 0.278181, 0.277746
1248645153088, 0.278166, 0.277729
1250160499147, 0.278150, 0.277712
1251675845207, 0.278130, 0.277693
1253191191266, 0.278120, 0.277682
1254706537326, 0.278108, 0.277669
1256221883386, 0.278091, 0.277654
1257737229445, 0.278075, 0.277640
1259252575505, 0.278059, 0.277624
1260767921564, 0.278049, 0.277614
1262283267624, 0.278037, 0.277601
1263798613683, 0.278022, 0.277585
1265313959743, 0.278008, 0.277570
1266829305803, 0.277997, 0.277557
1268344651862, 0.277982, 0.277541
1269859997922, 0.277967, 0.277526
1271375343981, 0.277953, 0.277511
1272890690041, 0.277936, 0.277495
1274406036100, 0.277924, 0.277482
1275921382160, 0.277912, 0.277470
1277436728220, 0.277894, 0.277455
1278952074279, 0.277878, 0.277440
1280467420339, 0.277870, 0.277430
1281982766398, 0.277856, 0.277420
1283498112458, 0.277840, 0.277404
1285013458517, 0.277828, 0.277393
1286528804577, 0.277818, 0.277381
1288044150637, 0.277805, 0.277368
1289559496696, 0.277793, 0.277356
1291074842756, 0.277778, 0.277341
1292590188815, 0.277768, 0.277329
1294105534875, 0.277757, 0.277318
1295620880934, 0.277747, 0.277307
1297136226994, 0.277732, 0.277291
1298651573054, 0.277718, 0.277276
1300166919113, 0.277709, 0.277267
1301682265173, 0.277697, 0.277253
1303197611232, 0.277686, 0.277241
1304712957292, 0.277672, 0.277227
1306228303351, 0.277658, 0.277216
1307743649411, 0.277640, 0.277203
1309258995471, 0.277632, 0.277195
1310774341530, 0.277620, 0.277183
1312289687590, 0.277604, 0.277170
1313805033649, 0.277593, 0.277159
1315320379709, 0.277583, 0.277149
1316835725768, 0.277574, 0.277139
1318351071828, 0.277562, 0.277128
1319866417888, 0.277548, 0.277113
1321381763947, 0.277540, 0.277105
1322897110007, 0.277529, 0.277095
1324412456066, 0.277519, 0.277085
1325927802126, 0.277510, 0.277075
1327443148185, 0.277499, 0.277065
1328958494245, 0.277488, 0.277054
1330473840305, 0.277477, 0.277043
1331989186364, 0.277466, 0.277032
1333504532424, 0.277458, 0.277025
1335019878483, 0.277448, 0.277014
1336535224543, 0.277442, 0.277006
1338050570602, 0.277431, 0.276997
1339565916662, 0.277423, 0.276988
1341081262722, 0.277414, 0.276979
1342596608781, 0.277403, 0.276968
1344111954841, 0.277395, 0.276958
1345627300900, 0.277384, 0.276948
1347142646960, 0.277375, 0.276938
1348657993019, 0.277365, 0.276928
1350173339079, 0.277358, 0.276921
1351688685139, 0.277347, 0.276910
1353204031198, 0.277338, 0.276900
1354719377258, 0.277328, 0.276892
1356234723317, 0.277322, 0.276886
1357750069377, 0.277315, 0.276878
1359265415436, 0.277303, 0.276867
1360780761496, 0.277293, 0.276857
1362296107556, 0.277284, 0.276848
1363811453615, 0.277277, 0.276841
1365326799675, 0.277269, 0.276834
1366842145734, 0.277262, 0.276827
1368357491794, 0.277253, 0.276819
1369872837853, 0.277246, 0.276811
1371388183913, 0.277238, 0.276802
1372903529973, 0.277230, 0.276793
1374418876032, 0.277223, 0.276786
1375934222092, 0.277215, 0.276779
1377449568151, 0.277208, 0.276772
1378964914211, 0.277201, 0.276764
1380480260271, 0.277193, 0.276756
1381995606330, 0.277187, 0.276750
1383510952390, 0.277179, 0.276742
1385026298449, 0.277170, 0.276732
1386541644509, 0.277160, 0.276723
1388056990568, 0.277152, 0.276715
1389572336628, 0.277144, 0.276709
1391087682688, 0.277137, 0.276702
1392603028747, 0.277127, 0.276695
1394118374807, 0.277120, 0.276688
1395633720866, 0.277115, 0.276683
1397149066926, 0.277109, 0.276676
1398664412985, 0.277104, 0.276671
1400179759045, 0.277098, 0.276667
1401695105105, 0.277090, 0.276658
1403210451164, 0.277085, 0.276653
1404725797224, 0.277081, 0.276649
1406241143283, 0.277079, 0.276646
1407756489343, 0.277072, 0.276639
1409271835402, 0.277068, 0.276635
1410787181462, 0.277062, 0.276628
1412302527522, 0.277058, 0.276624
1413817873581, 0.277055, 0.276620
1415333219641, 0.277052, 0.276616
1416848565700, 0.277048, 0.276612
1418363911760, 0.277043, 0.276608
1419879257819, 0.277040, 0.276604
1421394603879, 0.277035, 0.276600
1422909949939, 0.277032, 0.276596
1424425295998, 0.277026, 0.276590
1425940642058, 0.277022, 0.276586
1427455988117, 0.277018, 0.276582
1428971334177, 0.277014, 0.276577
1430486680236, 0.277011, 0.276574
1432002026296, 0.277007, 0.276569
1433517372356, 0.277000, 0.276563
1435032718415, 0.276995, 0.276558
1436548064475, 0.276990, 0.276553
1438063410534, 0.276987, 0.276550
1439578756594, 0.276984, 0.276546
1441094102653, 0.276977, 0.276540
1442609448713, 0.276973, 0.276536
1444124794773, 0.276969, 0.276532
1445640140832, 0.276965, 0.276529
1447155486892, 0.276963, 0.276527
1448670832951, 0.276959, 0.276523
1450186179011, 0.276954, 0.276520
1451701525070, 0.276952, 0.276517
1453216871130, 0.276950, 0.276515
1454732217190, 0.276946, 0.276511
1456247563249, 0.276944, 0.276508
1457762909309, 0.276941, 0.276504
1459278255368, 0.276937, 0.276502
1460793601428, 0.276934, 0.276499
1462308947487, 0.276933, 0.276497
1463824293547, 0.276931, 0.276494
1465339639607, 0.276929, 0.276492
1466854985666, 0.276925, 0.276488
1468370331726, 0.276922, 0.276484
1469885677785, 0.276919, 0.276481
1471401023845, 0.276917, 0.276479
1472916369904, 0.276916, 0.276478
1474431715964, 0.276914, 0.276475
1475947062024, 0.276912, 0.276473
1477462408083, 0.276908, 0.276470
1478977754143, 0.276907, 0.276469
1480493100202, 0.276906, 0.276468
1482008446262, 0.276905, 0.276467
1483523792321, 0.276902, 0.276465
1485039138381, 0.276901, 0.276464
1486554484441, 0.276899, 0.276461
1488069830500, 0.276897, 0.276460
1489585176560, 0.276894, 0.276457
1491100522619, 0.276894, 0.276456
1492615868679, 0.276893, 0.276456
1494131214738, 0.276892, 0.276455
1495646560798, 0.276891, 0.276454
1497161906858, 0.276888, 0.276453
1498677252917, 0.276888, 0.276452
1500192598977, 0.276888, 0.276452
1501707945036, 0.276887, 0.276452
1503223291096, 0.276886, 0.276451
1504738637155, 0.276886, 0.276451
1506253983215, 0.276885, 0.276450
1507769329275, 0.276885, 0.276450
1509284675334, 0.276885, 0.276449
1510800021394, 0.276885, 0.276448
1512315367453, 0.276885, 0.276448
1513830713513, 0.276885, 0.276448
1515346059573, 0.276885, 0.276448
Time used: 12405 ms
