logging to /opt/shards_res_1000/2016020900-2016021000_unique/tenant_6_profile_res-FIX_RATE-SHARDS-0.01.csvtracefile: /data1/tenant_trace/2016020900-2016021000_unique/tenant_6_trace
open file /data1/tenant_trace/2016020900-2016021000_unique/tenant_6_trace
read 1000000 lines
read 2000000 lines
read 3000000 lines
read 4000000 lines
read 5000000 lines
read 6000000 lines
read 7000000 lines
read 8000000 lines
read 9000000 lines
read 10000000 lines
read 11000000 lines
read 12000000 lines
read 13000000 lines
read 14000000 lines
read 15000000 lines
read 16000000 lines
read 17000000 lines
read 18000000 lines
read 19000000 lines
read 20000000 lines
read 21000000 lines
read 22000000 lines
read 23000000 lines
read 24000000 lines
read 25000000 lines
read 26000000 lines
read 27000000 lines
read 28000000 lines
read 29000000 lines
read 30000000 lines
read 31000000 lines
read 32000000 lines
read 33000000 lines
read 34000000 lines
read 35000000 lines
read 36000000 lines
read 37000000 lines
read 38000000 lines
read 39000000 lines
read 40000000 lines
read 41000000 lines
read 42000000 lines
read 43000000 lines
read 44000000 lines
read 45000000 lines
read 46000000 lines
read 47000000 lines
read 48000000 lines
read 49000000 lines
read 50000000 lines
read 51000000 lines
read 52000000 lines
read 53000000 lines
read 54000000 lines
read 55000000 lines
read 56000000 lines
read 57000000 lines
read 58000000 lines
read 59000000 lines
read 60000000 lines
read 61000000 lines
read 62000000 lines
read 63000000 lines
read 64000000 lines
read 65000000 lines
read 66000000 lines
read 67000000 lines
read 68000000 lines
read 69000000 lines
read 70000000 lines
read 71000000 lines
read 72000000 lines
read 73000000 lines
read 74000000 lines
read 75000000 lines
read 76000000 lines
read 77000000 lines
read 78000000 lines
read 79000000 lines
read 80000000 lines
read 81000000 lines
read 82000000 lines
read 83000000 lines
read 84000000 lines
read 85000000 lines
read 86000000 lines
read 87000000 lines
read 88000000 lines
read 89000000 lines
read 90000000 lines
read 91000000 lines
read 92000000 lines
read 93000000 lines
read 94000000 lines
read 95000000 lines
read 96000000 lines
read 97000000 lines
read 98000000 lines
read 99000000 lines
read 100000000 lines
read 101000000 lines
read 102000000 lines
read 103000000 lines
read 104000000 lines
read 105000000 lines
read 106000000 lines
read 107000000 lines
read 108000000 lines
read 109000000 lines
read 110000000 lines
read 111000000 lines
read 112000000 lines
read 113000000 lines
read 114000000 lines
read 115000000 lines
read 116000000 lines
read 117000000 lines
read 118000000 lines
read 119000000 lines
read 120000000 lines
read 121000000 lines
read 122000000 lines
read 123000000 lines
[FILE]: /data1/tenant_trace/2016020900-2016021000_unique/tenant_6_trace
total_access_num: 123764515
total_access_size: 17885912378477
unique_access_num: 45702185
unique_access_size: 4407030742570
min_item_size: 1
[method]: SHARDS
[metric]: MAE
[seed]: 42
[sample_method]: FIX_RATE
[sample_metric]: 0.01
MAEQ_factor: 1.029572
cache_size, BMRC_ratio, OMRC_ratio
4407030742, 0.670889, 0.877251
8814061485, 0.644558, 0.855816
13221092227, 0.626963, 0.838997
17628122970, 0.613170, 0.824826
22035153712, 0.601420, 0.812437
26442184455, 0.591135, 0.801413
30849215197, 0.582233, 0.791303
35256245940, 0.573959, 0.781949
39663276683, 0.566879, 0.773420
44070307425, 0.559836, 0.765345
48477338168, 0.553447, 0.757796
52884368910, 0.547257, 0.750735
57291399653, 0.541811, 0.743998
61698430395, 0.536286, 0.737480
66105461138, 0.530984, 0.731363
70512491881, 0.526195, 0.725544
74919522623, 0.521415, 0.719954
79326553366, 0.516790, 0.714484
83733584108, 0.512362, 0.709216
88140614851, 0.508238, 0.704120
92547645593, 0.504201, 0.699290
96954676336, 0.500550, 0.694635
101361707079, 0.496876, 0.690061
105768737821, 0.493212, 0.685715
110175768564, 0.489822, 0.681481
114582799306, 0.486451, 0.677345
118989830049, 0.483002, 0.673274
123396860791, 0.479960, 0.669382
127803891534, 0.477019, 0.665552
132210922277, 0.474172, 0.661863
136617953019, 0.471246, 0.658320
141024983762, 0.468613, 0.654913
145432014504, 0.465846, 0.651436
149839045247, 0.463118, 0.648047
154246075989, 0.460551, 0.644724
158653106732, 0.458096, 0.641567
163060137475, 0.455671, 0.638474
167467168217, 0.453125, 0.635370
171874198960, 0.450822, 0.632405
176281229702, 0.448505, 0.629490
180688260445, 0.446212, 0.626605
185095291187, 0.444073, 0.623856
189502321930, 0.441758, 0.621123
193909352673, 0.439701, 0.618500
198316383415, 0.437540, 0.615879
202723414158, 0.435596, 0.613361
207130444900, 0.433690, 0.610917
211537475643, 0.431767, 0.608392
215944506385, 0.429815, 0.605943
220351537128, 0.427964, 0.603491
224758567871, 0.426072, 0.601059
229165598613, 0.424220, 0.598807
233572629356, 0.422362, 0.596472
237979660098, 0.420576, 0.594201
242386690841, 0.418885, 0.591986
246793721583, 0.417271, 0.589963
251200752326, 0.415679, 0.587887
255607783069, 0.414189, 0.585835
260014813811, 0.412752, 0.583834
264421844554, 0.411188, 0.581831
268828875296, 0.409522, 0.579846
273235906039, 0.407871, 0.577837
277642936781, 0.406313, 0.575823
282049967524, 0.404804, 0.573968
286456998267, 0.403358, 0.572153
290864029009, 0.401822, 0.570322
295271059752, 0.400418, 0.568562
299678090494, 0.399102, 0.566780
304085121237, 0.397801, 0.565059
308492151979, 0.396373, 0.563309
312899182722, 0.395083, 0.561719
317306213465, 0.393769, 0.560108
321713244207, 0.392455, 0.558477
326120274950, 0.391204, 0.556887
330527305692, 0.390004, 0.555343
334934336435, 0.388788, 0.553756
339341367177, 0.387518, 0.552158
343748397920, 0.386405, 0.550608
348155428663, 0.385225, 0.549124
352562459405, 0.384126, 0.547658
356969490148, 0.383068, 0.546253
361376520890, 0.382057, 0.544857
365783551633, 0.380972, 0.543405
370190582375, 0.379942, 0.541983
374597613118, 0.378848, 0.540537
379004643861, 0.377827, 0.539168
383411674603, 0.376684, 0.537794
387818705346, 0.375581, 0.536404
392225736088, 0.374601, 0.535073
396632766831, 0.373600, 0.533746
401039797573, 0.372490, 0.532433
405446828316, 0.371541, 0.531178
409853859059, 0.370420, 0.529919
414260889801, 0.369579, 0.528694
418667920544, 0.368590, 0.527472
423074951286, 0.367596, 0.526287
427481982029, 0.366667, 0.525033
431889012771, 0.365777, 0.523855
436296043514, 0.364927, 0.522680
440703074257, 0.363962, 0.521557
445110104999, 0.363099, 0.520409
449517135742, 0.362258, 0.519247
453924166484, 0.361406, 0.518123
458331197227, 0.360532, 0.516989
462738227969, 0.359704, 0.515896
467145258712, 0.358947, 0.514887
471552289454, 0.358159, 0.513840
475959320197, 0.357264, 0.512805
480366350940, 0.356448, 0.511742
484773381682, 0.355649, 0.510725
489180412425, 0.354974, 0.509741
493587443167, 0.354179, 0.508730
497994473910, 0.353417, 0.507730
502401504652, 0.352716, 0.506739
506808535395, 0.351932, 0.505731
511215566138, 0.351145, 0.504726
515622596880, 0.350424, 0.503804
520029627623, 0.349766, 0.502908
524436658365, 0.348971, 0.501953
528843689108, 0.348236, 0.501039
533250719850, 0.347448, 0.500136
537657750593, 0.346744, 0.499200
542064781336, 0.346059, 0.498273
546471812078, 0.345304, 0.497336
550878842821, 0.344592, 0.496451
555285873563, 0.343838, 0.495572
559692904306, 0.343195, 0.494712
564099935048, 0.342551, 0.493839
568506965791, 0.341895, 0.492976
572913996534, 0.341282, 0.492194
577321027276, 0.340667, 0.491371
581728058019, 0.340060, 0.490533
586135088761, 0.339451, 0.489712
590542119504, 0.338867, 0.488887
594949150246, 0.338202, 0.488075
599356180989, 0.337483, 0.487287
603763211732, 0.336860, 0.486484
608170242474, 0.336309, 0.485722
612577273217, 0.335750, 0.484990
616984303959, 0.335180, 0.484266
621391334702, 0.334590, 0.483528
625798365444, 0.334060, 0.482823
630205396187, 0.333473, 0.482074
634612426930, 0.332827, 0.481315
639019457672, 0.332235, 0.480607
643426488415, 0.331664, 0.479902
647833519157, 0.331109, 0.479154
652240549900, 0.330550, 0.478470
656647580642, 0.330012, 0.477758
661054611385, 0.329433, 0.477050
665461642128, 0.328928, 0.476361
669868672870, 0.328452, 0.475715
674275703613, 0.327908, 0.475043
678682734355, 0.327428, 0.474398
683089765098, 0.326940, 0.473740
687496795840, 0.326377, 0.473069
691903826583, 0.325894, 0.472451
696310857326, 0.325350, 0.471772
700717888068, 0.324850, 0.471092
705124918811, 0.324352, 0.470420
709531949553, 0.323838, 0.469745
713938980296, 0.323347, 0.469133
718346011038, 0.322907, 0.468545
722753041781, 0.322437, 0.467909
727160072524, 0.321909, 0.467275
731567103266, 0.321482, 0.466673
735974134009, 0.321019, 0.466050
740381164751, 0.320627, 0.465477
744788195494, 0.320148, 0.464864
749195226236, 0.319654, 0.464274
753602256979, 0.319229, 0.463699
758009287722, 0.318800, 0.463117
762416318464, 0.318361, 0.462499
766823349207, 0.317912, 0.461887
771230379949, 0.317407, 0.461291
775637410692, 0.316968, 0.460708
780044441434, 0.316544, 0.460170
784451472177, 0.316135, 0.459617
788858502920, 0.315745, 0.459095
793265533662, 0.315235, 0.458548
797672564405, 0.314841, 0.458021
802079595147, 0.314440, 0.457454
806486625890, 0.314062, 0.456949
810893656632, 0.313666, 0.456450
815300687375, 0.313303, 0.455931
819707718118, 0.312860, 0.455442
824114748860, 0.312453, 0.454900
828521779603, 0.312063, 0.454383
832928810345, 0.311700, 0.453867
837335841088, 0.311378, 0.453388
841742871830, 0.310961, 0.452900
846149902573, 0.310519, 0.452381
850556933316, 0.310086, 0.451880
854963964058, 0.309692, 0.451436
859370994801, 0.309324, 0.450914
863778025543, 0.308948, 0.450408
868185056286, 0.308589, 0.449896
872592087028, 0.308268, 0.449407
876999117771, 0.307896, 0.448942
881406148514, 0.307548, 0.448471
885813179256, 0.307123, 0.447969
890220209999, 0.306750, 0.447505
894627240741, 0.306350, 0.447034
899034271484, 0.305992, 0.446575
903441302226, 0.305669, 0.446100
907848332969, 0.305307, 0.445667
912255363711, 0.304977, 0.445225
916662394454, 0.304629, 0.444786
921069425197, 0.304303, 0.444334
925476455939, 0.303932, 0.443874
929883486682, 0.303632, 0.443454
934290517424, 0.303273, 0.443037
938697548167, 0.302971, 0.442629
943104578909, 0.302654, 0.442187
947511609652, 0.302330, 0.441778
951918640395, 0.302027, 0.441354
956325671137, 0.301693, 0.440920
960732701880, 0.301331, 0.440504
965139732622, 0.301031, 0.440117
969546763365, 0.300691, 0.439714
973953794107, 0.300329, 0.439279
978360824850, 0.300044, 0.438903
982767855593, 0.299731, 0.438502
987174886335, 0.299443, 0.438088
991581917078, 0.299029, 0.437693
995988947820, 0.298757, 0.437311
1000395978563, 0.298451, 0.436916
1004803009305, 0.298163, 0.436536
1009210040048, 0.297846, 0.436129
1013617070791, 0.297584, 0.435746
1018024101533, 0.297250, 0.435370
1022431132276, 0.296973, 0.435003
1026838163018, 0.296637, 0.434611
1031245193761, 0.296364, 0.434253
1035652224503, 0.296055, 0.433859
1040059255246, 0.295744, 0.433499
1044466285989, 0.295499, 0.433157
1048873316731, 0.295239, 0.432803
1053280347474, 0.294959, 0.432450
1057687378216, 0.294688, 0.432119
1062094408959, 0.294417, 0.431785
1066501439701, 0.294090, 0.431444
1070908470444, 0.293839, 0.431086
1075315501187, 0.293504, 0.430749
1079722531929, 0.293252, 0.430421
1084129562672, 0.292982, 0.430081
1088536593414, 0.292735, 0.429748
1092943624157, 0.292472, 0.429425
1097350654899, 0.292248, 0.429083
1101757685642, 0.292006, 0.428721
1106164716385, 0.291802, 0.428412
1110571747127, 0.291517, 0.428082
1114978777870, 0.291256, 0.427762
1119385808612, 0.291004, 0.427415
1123792839355, 0.290745, 0.427104
1128199870097, 0.290487, 0.426792
1132606900840, 0.290237, 0.426492
1137013931583, 0.290046, 0.426206
1141420962325, 0.289808, 0.425910
1145827993068, 0.289537, 0.425574
1150235023810, 0.289278, 0.425235
1154642054553, 0.289033, 0.424925
1159049085295, 0.288798, 0.424633
1163456116038, 0.288579, 0.424327
1167863146781, 0.288363, 0.424040
1172270177523, 0.288169, 0.423748
1176677208266, 0.287963, 0.423475
1181084239008, 0.287729, 0.423177
1185491269751, 0.287447, 0.422868
1189898300493, 0.287256, 0.422575
1194305331236, 0.287052, 0.422291
1198712361979, 0.286794, 0.421994
1203119392721, 0.286577, 0.421697
1207526423464, 0.286339, 0.421410
1211933454206, 0.286124, 0.421117
1216340484949, 0.285930, 0.420850
1220747515691, 0.285739, 0.420587
1225154546434, 0.285509, 0.420290
1229561577177, 0.285314, 0.420014
1233968607919, 0.285113, 0.419712
1238375638662, 0.284898, 0.419430
1242782669404, 0.284706, 0.419135
1247189700147, 0.284492, 0.418866
1251596730889, 0.284256, 0.418585
1256003761632, 0.284057, 0.418344
1260410792375, 0.283825, 0.418075
1264817823117, 0.283624, 0.417829
1269224853860, 0.283436, 0.417561
1273631884602, 0.283242, 0.417300
1278038915345, 0.283055, 0.417044
1282445946087, 0.282885, 0.416815
1286852976830, 0.282695, 0.416539
1291260007573, 0.282532, 0.416293
1295667038315, 0.282322, 0.416014
1300074069058, 0.282108, 0.415733
1304481099800, 0.281905, 0.415483
1308888130543, 0.281716, 0.415239
1313295161285, 0.281483, 0.415000
1317702192028, 0.281307, 0.414760
1322109222771, 0.281134, 0.414568
1326516253513, 0.280937, 0.414309
1330923284256, 0.280771, 0.414081
1335330314998, 0.280586, 0.413849
1339737345741, 0.280432, 0.413623
1344144376483, 0.280261, 0.413375
1348551407226, 0.280065, 0.413125
1352958437968, 0.279878, 0.412899
1357365468711, 0.279642, 0.412651
1361772499454, 0.279470, 0.412434
1366179530196, 0.279308, 0.412205
1370586560939, 0.279111, 0.411972
1374993591681, 0.278951, 0.411751
1379400622424, 0.278767, 0.411523
1383807653166, 0.278582, 0.411279
1388214683909, 0.278414, 0.411079
1392621714652, 0.278247, 0.410874
1397028745394, 0.278104, 0.410661
1401435776137, 0.277911, 0.410447
1405842806879, 0.277736, 0.410230
1410249837622, 0.277604, 0.410037
1414656868364, 0.277466, 0.409857
1419063899107, 0.277303, 0.409664
1423470929850, 0.277137, 0.409430
1427877960592, 0.276966, 0.409246
1432284991335, 0.276805, 0.409045
1436692022077, 0.276656, 0.408850
1441099052820, 0.276494, 0.408651
1445506083562, 0.276357, 0.408459
1449913114305, 0.276196, 0.408245
1454320145048, 0.276043, 0.408033
1458727175790, 0.275874, 0.407850
1463134206533, 0.275727, 0.407644
1467541237275, 0.275574, 0.407459
1471948268018, 0.275437, 0.407262
1476355298760, 0.275286, 0.407063
1480762329503, 0.275135, 0.406861
1485169360246, 0.274988, 0.406660
1489576390988, 0.274850, 0.406455
1493983421731, 0.274710, 0.406252
1498390452473, 0.274572, 0.406066
1502797483216, 0.274436, 0.405883
1507204513958, 0.274294, 0.405687
1511611544701, 0.274134, 0.405494
1516018575444, 0.273985, 0.405302
1520425606186, 0.273795, 0.405121
1524832636929, 0.273666, 0.404917
1529239667671, 0.273543, 0.404737
1533646698414, 0.273393, 0.404553
1538053729156, 0.273273, 0.404362
1542460759899, 0.273123, 0.404177
1546867790642, 0.272982, 0.404007
1551274821384, 0.272862, 0.403815
1555681852127, 0.272713, 0.403629
1560088882869, 0.272589, 0.403459
1564495913612, 0.272457, 0.403281
1568902944354, 0.272336, 0.403095
1573309975097, 0.272194, 0.402910
1577717005840, 0.272065, 0.402744
1582124036582, 0.271943, 0.402581
1586531067325, 0.271819, 0.402409
1590938098067, 0.271657, 0.402231
1595345128810, 0.271551, 0.402060
1599752159552, 0.271429, 0.401876
1604159190295, 0.271308, 0.401723
1608566221038, 0.271147, 0.401545
1612973251780, 0.271038, 0.401374
1617380282523, 0.270913, 0.401211
1621787313265, 0.270797, 0.401039
1626194344008, 0.270695, 0.400897
1630601374750, 0.270572, 0.400724
1635008405493, 0.270439, 0.400550
1639415436236, 0.270349, 0.400402
1643822466978, 0.270188, 0.400240
1648229497721, 0.270011, 0.400083
1652636528463, 0.269874, 0.399910
1657043559206, 0.269764, 0.399757
1661450589948, 0.269655, 0.399605
1665857620691, 0.269544, 0.399452
1670264651434, 0.269415, 0.399308
1674671682176, 0.269320, 0.399155
1679078712919, 0.269214, 0.399000
1683485743661, 0.269102, 0.398834
1687892774404, 0.268987, 0.398677
1692299805146, 0.268853, 0.398540
1696706835889, 0.268723, 0.398390
1701113866632, 0.268608, 0.398235
1705520897374, 0.268498, 0.398079
1709927928117, 0.268393, 0.397941
1714334958859, 0.268287, 0.397802
1718741989602, 0.268181, 0.397667
1723149020344, 0.268081, 0.397517
1727556051087, 0.267979, 0.397379
1731963081830, 0.267869, 0.397222
1736370112572, 0.267716, 0.397044
1740777143315, 0.267580, 0.396896
1745184174057, 0.267465, 0.396745
1749591204800, 0.267364, 0.396602
1753998235542, 0.267268, 0.396464
1758405266285, 0.267180, 0.396329
1762812297028, 0.267059, 0.396187
1767219327770, 0.266942, 0.396043
1771626358513, 0.266859, 0.395908
1776033389255, 0.266722, 0.395761
1780440419998, 0.266638, 0.395640
1784847450740, 0.266527, 0.395495
1789254481483, 0.266409, 0.395364
1793661512225, 0.266319, 0.395223
1798068542968, 0.266233, 0.395088
1802475573711, 0.266132, 0.394953
1806882604453, 0.266054, 0.394839
1811289635196, 0.265969, 0.394711
1815696665938, 0.265839, 0.394586
1820103696681, 0.265753, 0.394453
1824510727423, 0.265663, 0.394334
1828917758166, 0.265579, 0.394203
1833324788909, 0.265481, 0.394070
1837731819651, 0.265397, 0.393942
1842138850394, 0.265291, 0.393801
1846545881136, 0.265214, 0.393686
1850952911879, 0.265117, 0.393566
1855359942621, 0.265023, 0.393428
1859766973364, 0.264922, 0.393298
1864174004107, 0.264861, 0.393192
1868581034849, 0.264790, 0.393090
1872988065592, 0.264698, 0.392978
1877395096334, 0.264607, 0.392847
1881802127077, 0.264532, 0.392735
1886209157819, 0.264416, 0.392619
1890616188562, 0.264336, 0.392508
1895023219305, 0.264267, 0.392402
1899430250047, 0.264193, 0.392298
1903837280790, 0.264104, 0.392177
1908244311532, 0.264042, 0.392076
1912651342275, 0.263953, 0.391951
1917058373017, 0.263852, 0.391829
1921465403760, 0.263762, 0.391710
1925872434503, 0.263655, 0.391595
1930279465245, 0.263581, 0.391484
1934686495988, 0.263499, 0.391365
1939093526730, 0.263399, 0.391246
1943500557473, 0.263297, 0.391125
1947907588215, 0.263192, 0.391000
1952314618958, 0.263124, 0.390899
1956721649701, 0.263028, 0.390783
1961128680443, 0.262915, 0.390656
1965535711186, 0.262842, 0.390543
1969942741928, 0.262756, 0.390425
1974349772671, 0.262686, 0.390323
1978756803413, 0.262592, 0.390226
1983163834156, 0.262519, 0.390115
1987570864899, 0.262451, 0.390017
1991977895641, 0.262362, 0.389926
1996384926384, 0.262298, 0.389828
2000791957126, 0.262237, 0.389739
2005198987869, 0.262172, 0.389638
2009606018611, 0.262103, 0.389529
2014013049354, 0.262029, 0.389428
2018420080097, 0.261903, 0.389322
2022827110839, 0.261843, 0.389220
2027234141582, 0.261753, 0.389108
2031641172324, 0.261697, 0.389019
2036048203067, 0.261633, 0.388925
2040455233809, 0.261568, 0.388834
2044862264552, 0.261503, 0.388743
2049269295295, 0.261429, 0.388636
2053676326037, 0.261369, 0.388549
2058083356780, 0.261275, 0.388448
2062490387522, 0.261215, 0.388354
2066897418265, 0.261144, 0.388250
2071304449007, 0.261072, 0.388151
2075711479750, 0.261021, 0.388068
2080118510493, 0.260943, 0.387972
2084525541235, 0.260861, 0.387875
2088932571978, 0.260791, 0.387786
2093339602720, 0.260720, 0.387677
2097746633463, 0.260647, 0.387579
2102153664205, 0.260570, 0.387490
2106560694948, 0.260506, 0.387399
2110967725691, 0.260457, 0.387318
2115374756433, 0.260377, 0.387228
2119781787176, 0.260312, 0.387145
2124188817918, 0.260238, 0.387070
2128595848661, 0.260159, 0.386978
2133002879403, 0.260083, 0.386895
2137409910146, 0.260021, 0.386810
2141816940889, 0.259952, 0.386713
2146223971631, 0.259873, 0.386619
2150631002374, 0.259811, 0.386531
2155038033116, 0.259748, 0.386445
2159445063859, 0.259693, 0.386358
2163852094601, 0.259613, 0.386284
2168259125344, 0.259553, 0.386204
2172666156087, 0.259497, 0.386117
2177073186829, 0.259407, 0.386028
2181480217572, 0.259350, 0.385936
2185887248314, 0.259295, 0.385847
2190294279057, 0.259228, 0.385756
2194701309799, 0.259165, 0.385674
2199108340542, 0.259090, 0.385583
2203515371285, 0.259029, 0.385494
2207922402027, 0.258967, 0.385405
2212329432770, 0.258873, 0.385308
2216736463512, 0.258814, 0.385224
2221143494255, 0.258757, 0.385131
2225550524997, 0.258715, 0.385071
2229957555740, 0.258671, 0.384996
2234364586482, 0.258621, 0.384920
2238771617225, 0.258556, 0.384841
2243178647968, 0.258496, 0.384760
2247585678710, 0.258445, 0.384669
2251992709453, 0.258382, 0.384575
2256399740195, 0.258311, 0.384489
2260806770938, 0.258253, 0.384416
2265213801680, 0.258203, 0.384336
2269620832423, 0.258157, 0.384259
2274027863166, 0.258119, 0.384201
2278434893908, 0.258060, 0.384125
2282841924651, 0.257987, 0.384046
2287248955393, 0.257908, 0.383970
2291655986136, 0.257851, 0.383891
2296063016878, 0.257785, 0.383814
2300470047621, 0.257712, 0.383726
2304877078364, 0.257655, 0.383651
2309284109106, 0.257591, 0.383569
2313691139849, 0.257542, 0.383495
2318098170591, 0.257490, 0.383426
2322505201334, 0.257435, 0.383348
2326912232076, 0.257385, 0.383283
2331319262819, 0.257309, 0.383193
2335726293562, 0.257250, 0.383111
2340133324304, 0.257204, 0.383037
2344540355047, 0.257121, 0.382956
2348947385789, 0.257080, 0.382888
2353354416532, 0.257033, 0.382819
2357761447274, 0.256990, 0.382754
2362168478017, 0.256921, 0.382668
2366575508760, 0.256862, 0.382591
2370982539502, 0.256820, 0.382530
2375389570245, 0.256766, 0.382465
2379796600987, 0.256707, 0.382397
2384203631730, 0.256627, 0.382326
2388610662472, 0.256565, 0.382250
2393017693215, 0.256514, 0.382172
2397424723958, 0.256471, 0.382098
2401831754700, 0.256392, 0.382021
2406238785443, 0.256344, 0.381950
2410645816185, 0.256275, 0.381878
2415052846928, 0.256228, 0.381811
2419459877670, 0.256186, 0.381743
2423866908413, 0.256148, 0.381681
2428273939156, 0.256105, 0.381615
2432680969898, 0.256052, 0.381559
2437088000641, 0.256003, 0.381492
2441495031383, 0.255963, 0.381426
2445902062126, 0.255895, 0.381369
2450309092868, 0.255855, 0.381308
2454716123611, 0.255809, 0.381247
2459123154354, 0.255774, 0.381192
2463530185096, 0.255729, 0.381134
2467937215839, 0.255680, 0.381068
2472344246581, 0.255631, 0.380999
2476751277324, 0.255587, 0.380933
2481158308066, 0.255543, 0.380870
2485565338809, 0.255498, 0.380801
2489972369552, 0.255449, 0.380738
2494379400294, 0.255406, 0.380669
2498786431037, 0.255368, 0.380610
2503193461779, 0.255322, 0.380549
2507600492522, 0.255291, 0.380492
2512007523264, 0.255248, 0.380424
2516414554007, 0.255211, 0.380362
2520821584750, 0.255143, 0.380293
2525228615492, 0.255104, 0.380235
2529635646235, 0.255061, 0.380169
2534042676977, 0.255029, 0.380119
2538449707720, 0.254991, 0.380057
2542856738462, 0.254953, 0.379997
2547263769205, 0.254915, 0.379942
2551670799948, 0.254872, 0.379872
2556077830690, 0.254830, 0.379811
2560484861433, 0.254800, 0.379761
2564891892175, 0.254764, 0.379702
2569298922918, 0.254735, 0.379652
2573705953660, 0.254674, 0.379604
2578112984403, 0.254641, 0.379547
2582520015146, 0.254576, 0.379489
2586927045888, 0.254512, 0.379429
2591334076631, 0.254471, 0.379383
2595741107373, 0.254422, 0.379328
2600148138116, 0.254387, 0.379274
2604555168858, 0.254347, 0.379220
2608962199601, 0.254291, 0.379164
2613369230344, 0.254239, 0.379112
2617776261086, 0.254201, 0.379052
2622183291829, 0.254155, 0.379000
2626590322571, 0.254119, 0.378938
2630997353314, 0.254079, 0.378886
2635404384056, 0.254051, 0.378838
2639811414799, 0.254017, 0.378794
2644218445542, 0.253984, 0.378741
2648625476284, 0.253951, 0.378680
2653032507027, 0.253903, 0.378626
2657439537769, 0.253853, 0.378563
2661846568512, 0.253818, 0.378499
2666253599254, 0.253766, 0.378446
2670660629997, 0.253736, 0.378395
2675067660739, 0.253705, 0.378348
2679474691482, 0.253674, 0.378303
2683881722225, 0.253632, 0.378255
2688288752967, 0.253578, 0.378197
2692695783710, 0.253542, 0.378145
2697102814452, 0.253512, 0.378099
2701509845195, 0.253476, 0.378047
2705916875937, 0.253416, 0.377991
2710323906680, 0.253378, 0.377930
2714730937423, 0.253350, 0.377887
2719137968165, 0.253311, 0.377831
2723544998908, 0.253264, 0.377776
2727952029650, 0.253235, 0.377732
2732359060393, 0.253202, 0.377687
2736766091135, 0.253170, 0.377646
2741173121878, 0.253135, 0.377595
2745580152621, 0.253101, 0.377542
2749987183363, 0.253052, 0.377498
2754394214106, 0.253010, 0.377450
2758801244848, 0.252980, 0.377397
2763208275591, 0.252937, 0.377352
2767615306333, 0.252904, 0.377298
2772022337076, 0.252823, 0.377247
2776429367819, 0.252797, 0.377215
2780836398561, 0.252754, 0.377163
2785243429304, 0.252716, 0.377107
2789650460046, 0.252667, 0.377060
2794057490789, 0.252637, 0.377022
2798464521531, 0.252605, 0.376975
2802871552274, 0.252577, 0.376934
2807278583017, 0.252538, 0.376886
2811685613759, 0.252514, 0.376848
2816092644502, 0.252479, 0.376798
2820499675244, 0.252453, 0.376760
2824906705987, 0.252410, 0.376709
2829313736729, 0.252374, 0.376660
2833720767472, 0.252316, 0.376614
2838127798215, 0.252290, 0.376572
2842534828957, 0.252263, 0.376534
2846941859700, 0.252234, 0.376499
2851348890442, 0.252212, 0.376463
2855755921185, 0.252173, 0.376416
2860162951927, 0.252151, 0.376380
2864569982670, 0.252124, 0.376347
2868977013413, 0.252097, 0.376312
2873384044155, 0.252057, 0.376278
2877791074898, 0.252037, 0.376243
2882198105640, 0.251987, 0.376191
2886605136383, 0.251952, 0.376143
2891012167125, 0.251923, 0.376094
2895419197868, 0.251903, 0.376057
2899826228611, 0.251876, 0.376015
2904233259353, 0.251850, 0.375978
2908640290096, 0.251817, 0.375931
2913047320838, 0.251793, 0.375897
2917454351581, 0.251768, 0.375855
2921861382323, 0.251740, 0.375812
2926268413066, 0.251716, 0.375771
2930675443809, 0.251692, 0.375730
2935082474551, 0.251670, 0.375692
2939489505294, 0.251640, 0.375649
2943896536036, 0.251613, 0.375609
2948303566779, 0.251585, 0.375570
2952710597521, 0.251558, 0.375529
2957117628264, 0.251526, 0.375487
2961524659007, 0.251484, 0.375442
2965931689749, 0.251465, 0.375401
2970338720492, 0.251438, 0.375362
2974745751234, 0.251415, 0.375322
2979152781977, 0.251390, 0.375285
2983559812719, 0.251345, 0.375249
2987966843462, 0.251315, 0.375207
2992373874205, 0.251288, 0.375163
2996780904947, 0.251254, 0.375126
3001187935690, 0.251200, 0.375083
3005594966432, 0.251183, 0.375050
3010001997175, 0.251126, 0.375009
3014409027917, 0.251104, 0.374973
3018816058660, 0.251076, 0.374943
3023223089403, 0.251036, 0.374904
3027630120145, 0.251010, 0.374867
3032037150888, 0.250990, 0.374833
3036444181630, 0.250964, 0.374790
3040851212373, 0.250943, 0.374753
3045258243115, 0.250921, 0.374717
3049665273858, 0.250896, 0.374680
3054072304601, 0.250849, 0.374637
3058479335343, 0.250834, 0.374612
3062886366086, 0.250781, 0.374575
3067293396828, 0.250759, 0.374541
3071700427571, 0.250719, 0.374506
3076107458313, 0.250703, 0.374478
3080514489056, 0.250675, 0.374435
3084921519799, 0.250638, 0.374401
3089328550541, 0.250617, 0.374363
3093735581284, 0.250591, 0.374328
3098142612026, 0.250574, 0.374299
3102549642769, 0.250553, 0.374266
3106956673511, 0.250541, 0.374243
3111363704254, 0.250521, 0.374211
3115770734996, 0.250481, 0.374175
3120177765739, 0.250457, 0.374139
3124584796482, 0.250432, 0.374102
3128991827224, 0.250383, 0.374069
3133398857967, 0.250365, 0.374041
3137805888709, 0.250338, 0.374000
3142212919452, 0.250322, 0.373969
3146619950194, 0.250296, 0.373929
3151026980937, 0.250277, 0.373901
3155434011680, 0.250259, 0.373874
3159841042422, 0.250240, 0.373845
3164248073165, 0.250209, 0.373805
3168655103907, 0.250194, 0.373774
3173062134650, 0.250169, 0.373741
3177469165392, 0.250148, 0.373709
3181876196135, 0.250132, 0.373684
3186283226878, 0.250098, 0.373640
3190690257620, 0.250081, 0.373615
3195097288363, 0.250063, 0.373585
3199504319105, 0.250040, 0.373551
3203911349848, 0.250017, 0.373530
3208318380590, 0.249991, 0.373503
3212725411333, 0.249976, 0.373479
3217132442076, 0.249951, 0.373446
3221539472818, 0.249929, 0.373408
3225946503561, 0.249908, 0.373378
3230353534303, 0.249891, 0.373355
3234760565046, 0.249877, 0.373333
3239167595788, 0.249855, 0.373307
3243574626531, 0.249840, 0.373281
3247981657274, 0.249815, 0.373251
3252388688016, 0.249795, 0.373224
3256795718759, 0.249769, 0.373200
3261202749501, 0.249743, 0.373161
3265609780244, 0.249730, 0.373138
3270016810986, 0.249708, 0.373105
3274423841729, 0.249685, 0.373084
3278830872472, 0.249662, 0.373050
3283237903214, 0.249636, 0.373028
3287644933957, 0.249624, 0.373002
3292051964699, 0.249606, 0.372969
3296458995442, 0.249593, 0.372948
3300866026184, 0.249578, 0.372924
3305273056927, 0.249564, 0.372899
3309680087670, 0.249547, 0.372873
3314087118412, 0.249531, 0.372848
3318494149155, 0.249506, 0.372823
3322901179897, 0.249477, 0.372796
3327308210640, 0.249446, 0.372769
3331715241382, 0.249427, 0.372747
3336122272125, 0.249397, 0.372718
3340529302868, 0.249383, 0.372698
3344936333610, 0.249349, 0.372663
3349343364353, 0.249328, 0.372639
3353750395095, 0.249317, 0.372617
3358157425838, 0.249301, 0.372591
3362564456580, 0.249289, 0.372575
3366971487323, 0.249275, 0.372554
3371378518066, 0.249243, 0.372524
3375785548808, 0.249223, 0.372503
3380192579551, 0.249193, 0.372474
3384599610293, 0.249166, 0.372450
3389006641036, 0.249153, 0.372427
3393413671778, 0.249136, 0.372403
3397820702521, 0.249116, 0.372375
3402227733264, 0.249108, 0.372360
3406634764006, 0.249087, 0.372332
3411041794749, 0.249057, 0.372308
3415448825491, 0.249036, 0.372280
3419855856234, 0.249018, 0.372262
3424262886976, 0.249007, 0.372245
3428669917719, 0.248997, 0.372228
3433076948462, 0.248977, 0.372201
3437483979204, 0.248963, 0.372179
3441891009947, 0.248944, 0.372150
3446298040689, 0.248926, 0.372129
3450705071432, 0.248908, 0.372101
3455112102174, 0.248888, 0.372085
3459519132917, 0.248869, 0.372064
3463926163660, 0.248856, 0.372043
3468333194402, 0.248840, 0.372022
3472740225145, 0.248808, 0.372000
3477147255887, 0.248798, 0.371988
3481554286630, 0.248786, 0.371969
3485961317372, 0.248772, 0.371950
3490368348115, 0.248749, 0.371928
3494775378858, 0.248731, 0.371902
3499182409600, 0.248712, 0.371884
3503589440343, 0.248691, 0.371852
3507996471085, 0.248677, 0.371829
3512403501828, 0.248657, 0.371803
3516810532570, 0.248638, 0.371776
3521217563313, 0.248620, 0.371752
3525624594056, 0.248602, 0.371725
3530031624798, 0.248591, 0.371710
3534438655541, 0.248575, 0.371685
3538845686283, 0.248552, 0.371668
3543252717026, 0.248543, 0.371649
3547659747768, 0.248536, 0.371634
3552066778511, 0.248510, 0.371615
3556473809253, 0.248490, 0.371586
3560880839996, 0.248474, 0.371573
3565287870739, 0.248455, 0.371555
3569694901481, 0.248443, 0.371537
3574101932224, 0.248433, 0.371523
3578508962966, 0.248422, 0.371504
3582915993709, 0.248411, 0.371491
3587323024451, 0.248403, 0.371478
3591730055194, 0.248392, 0.371467
3596137085937, 0.248382, 0.371452
3600544116679, 0.248371, 0.371432
3604951147422, 0.248360, 0.371415
3609358178164, 0.248343, 0.371389
3613765208907, 0.248332, 0.371369
3618172239649, 0.248326, 0.371359
3622579270392, 0.248316, 0.371342
3626986301135, 0.248305, 0.371324
3631393331877, 0.248296, 0.371306
3635800362620, 0.248285, 0.371289
3640207393362, 0.248276, 0.371272
3644614424105, 0.248265, 0.371255
3649021454847, 0.248257, 0.371242
3653428485590, 0.248243, 0.371228
3657835516333, 0.248235, 0.371216
3662242547075, 0.248229, 0.371207
3666649577818, 0.248215, 0.371185
3671056608560, 0.248200, 0.371163
3675463639303, 0.248188, 0.371146
3679870670045, 0.248177, 0.371131
3684277700788, 0.248162, 0.371115
3688684731531, 0.248146, 0.371097
3693091762273, 0.248115, 0.371077
3697498793016, 0.248102, 0.371056
3701905823758, 0.248089, 0.371035
3706312854501, 0.248081, 0.371022
3710719885243, 0.248068, 0.371001
3715126915986, 0.248061, 0.370990
3719533946729, 0.248044, 0.370975
3723940977471, 0.248039, 0.370966
3728348008214, 0.248027, 0.370946
3732755038956, 0.248015, 0.370931
3737162069699, 0.248001, 0.370917
3741569100441, 0.247988, 0.370897
3745976131184, 0.247978, 0.370879
3750383161927, 0.247943, 0.370858
3754790192669, 0.247940, 0.370852
3759197223412, 0.247929, 0.370835
3763604254154, 0.247923, 0.370826
3768011284897, 0.247916, 0.370812
3772418315639, 0.247907, 0.370801
3776825346382, 0.247898, 0.370787
3781232377125, 0.247889, 0.370769
3785639407867, 0.247880, 0.370759
3790046438610, 0.247873, 0.370747
3794453469352, 0.247868, 0.370737
3798860500095, 0.247857, 0.370721
3803267530837, 0.247849, 0.370708
3807674561580, 0.247840, 0.370693
3812081592323, 0.247833, 0.370682
3816488623065, 0.247823, 0.370671
3820895653808, 0.247815, 0.370657
3825302684550, 0.247809, 0.370647
3829709715293, 0.247802, 0.370639
3834116746035, 0.247792, 0.370624
3838523776778, 0.247783, 0.370610
3842930807521, 0.247778, 0.370601
3847337838263, 0.247775, 0.370593
3851744869006, 0.247764, 0.370579
3856151899748, 0.247755, 0.370565
3860558930491, 0.247750, 0.370557
3864965961233, 0.247740, 0.370543
3869372991976, 0.247733, 0.370530
3873780022719, 0.247725, 0.370520
3878187053461, 0.247712, 0.370507
3882594084204, 0.247700, 0.370492
3887001114946, 0.247696, 0.370484
3891408145689, 0.247691, 0.370476
3895815176431, 0.247688, 0.370470
3900222207174, 0.247679, 0.370458
3904629237917, 0.247676, 0.370451
3909036268659, 0.247673, 0.370447
3913443299402, 0.247666, 0.370434
3917850330144, 0.247661, 0.370422
3922257360887, 0.247653, 0.370409
3926664391629, 0.247643, 0.370391
3931071422372, 0.247638, 0.370381
3935478453115, 0.247631, 0.370368
3939885483857, 0.247626, 0.370361
3944292514600, 0.247623, 0.370352
3948699545342, 0.247615, 0.370343
3953106576085, 0.247608, 0.370333
3957513606827, 0.247605, 0.370328
3961920637570, 0.247593, 0.370315
3966327668313, 0.247589, 0.370306
3970734699055, 0.247584, 0.370298
3975141729798, 0.247581, 0.370292
3979548760540, 0.247576, 0.370285
3983955791283, 0.247570, 0.370276
3988362822025, 0.247564, 0.370264
3992769852768, 0.247559, 0.370254
3997176883510, 0.247557, 0.370251
4001583914253, 0.247553, 0.370243
4005990944996, 0.247549, 0.370237
4010397975738, 0.247542, 0.370226
4014805006481, 0.247536, 0.370217
4019212037223, 0.247527, 0.370208
4023619067966, 0.247524, 0.370202
4028026098708, 0.247523, 0.370201
4032433129451, 0.247518, 0.370193
4036840160194, 0.247506, 0.370185
4041247190936, 0.247499, 0.370174
4045654221679, 0.247495, 0.370168
4050061252421, 0.247493, 0.370164
4054468283164, 0.247489, 0.370158
4058875313906, 0.247481, 0.370146
4063282344649, 0.247472, 0.370134
4067689375392, 0.247469, 0.370128
4072096406134, 0.247465, 0.370121
4076503436877, 0.247460, 0.370113
4080910467619, 0.247456, 0.370108
4085317498362, 0.247454, 0.370103
4089724529104, 0.247450, 0.370096
4094131559847, 0.247445, 0.370088
4098538590590, 0.247442, 0.370084
4102945621332, 0.247440, 0.370081
4107352652075, 0.247435, 0.370074
4111759682817, 0.247430, 0.370068
4116166713560, 0.247427, 0.370063
4120573744302, 0.247424, 0.370057
4124980775045, 0.247420, 0.370049
4129387805788, 0.247413, 0.370040
4133794836530, 0.247407, 0.370032
4138201867273, 0.247405, 0.370029
4142608898015, 0.247404, 0.370026
4147015928758, 0.247387, 0.370018
4151422959500, 0.247383, 0.370012
4155829990243, 0.247380, 0.370006
4160237020986, 0.247376, 0.370000
4164644051728, 0.247373, 0.369994
4169051082471, 0.247372, 0.369989
4173458113213, 0.247369, 0.369985
4177865143956, 0.247366, 0.369980
4182272174698, 0.247366, 0.369979
4186679205441, 0.247363, 0.369974
4191086236184, 0.247357, 0.369965
4195493266926, 0.247355, 0.369961
4199900297669, 0.247353, 0.369958
4204307328411, 0.247351, 0.369955
4208714359154, 0.247349, 0.369951
4213121389896, 0.247347, 0.369948
4217528420639, 0.247343, 0.369942
4221935451382, 0.247341, 0.369939
4226342482124, 0.247337, 0.369936
4230749512867, 0.247334, 0.369932
4235156543609, 0.247333, 0.369929
4239563574352, 0.247330, 0.369924
4243970605094, 0.247326, 0.369917
4248377635837, 0.247321, 0.369913
4252784666580, 0.247320, 0.369909
4257191697322, 0.247319, 0.369907
4261598728065, 0.247317, 0.369903
4266005758807, 0.247312, 0.369897
4270412789550, 0.247309, 0.369893
4274819820292, 0.247308, 0.369890
4279226851035, 0.247302, 0.369885
4283633881778, 0.247300, 0.369881
4288040912520, 0.247287, 0.369879
4292447943263, 0.247285, 0.369874
4296854974005, 0.247284, 0.369873
4301262004748, 0.247284, 0.369873
4305669035490, 0.247284, 0.369873
4310076066233, 0.247282, 0.369870
4314483096976, 0.247280, 0.369867
4318890127718, 0.247278, 0.369865
4323297158461, 0.247277, 0.369865
4327704189203, 0.247276, 0.369863
4332111219946, 0.247275, 0.369861
4336518250688, 0.247273, 0.369859
4340925281431, 0.247271, 0.369856
4345332312174, 0.247271, 0.369856
4349739342916, 0.247269, 0.369853
4354146373659, 0.247269, 0.369853
4358553404401, 0.247269, 0.369852
4362960435144, 0.247269, 0.369851
4367367465886, 0.247269, 0.369851
4371774496629, 0.247269, 0.369850
4376181527372, 0.247268, 0.369849
4380588558114, 0.247268, 0.369849
4384995588857, 0.247265, 0.369846
4389402619599, 0.247265, 0.369845
4393809650342, 0.247265, 0.369845
4398216681084, 0.247264, 0.369844
4402623711827, 0.247264, 0.369844
4407030742570, 0.247264, 0.369844
Time used: 3177 ms
