logging to /opt/shards_res_1000/2016020900-2016021000_unique/tenant_5_profile_res-FIX_RATE-SHARDS-0.01.csvtracefile: /data1/tenant_trace/2016020900-2016021000_unique/tenant_5_trace
open file /data1/tenant_trace/2016020900-2016021000_unique/tenant_5_trace
read 1000000 lines
read 2000000 lines
read 3000000 lines
read 4000000 lines
read 5000000 lines
read 6000000 lines
read 7000000 lines
read 8000000 lines
read 9000000 lines
read 10000000 lines
read 11000000 lines
read 12000000 lines
read 13000000 lines
read 14000000 lines
read 15000000 lines
read 16000000 lines
read 17000000 lines
read 18000000 lines
read 19000000 lines
read 20000000 lines
read 21000000 lines
read 22000000 lines
read 23000000 lines
read 24000000 lines
read 25000000 lines
read 26000000 lines
read 27000000 lines
read 28000000 lines
read 29000000 lines
read 30000000 lines
read 31000000 lines
read 32000000 lines
read 33000000 lines
read 34000000 lines
read 35000000 lines
read 36000000 lines
read 37000000 lines
read 38000000 lines
read 39000000 lines
read 40000000 lines
read 41000000 lines
read 42000000 lines
read 43000000 lines
read 44000000 lines
read 45000000 lines
read 46000000 lines
read 47000000 lines
read 48000000 lines
read 49000000 lines
read 50000000 lines
read 51000000 lines
read 52000000 lines
read 53000000 lines
read 54000000 lines
read 55000000 lines
read 56000000 lines
read 57000000 lines
read 58000000 lines
read 59000000 lines
read 60000000 lines
read 61000000 lines
read 62000000 lines
read 63000000 lines
read 64000000 lines
read 65000000 lines
read 66000000 lines
read 67000000 lines
read 68000000 lines
read 69000000 lines
read 70000000 lines
read 71000000 lines
read 72000000 lines
read 73000000 lines
read 74000000 lines
read 75000000 lines
read 76000000 lines
read 77000000 lines
read 78000000 lines
read 79000000 lines
read 80000000 lines
read 81000000 lines
read 82000000 lines
read 83000000 lines
read 84000000 lines
read 85000000 lines
read 86000000 lines
read 87000000 lines
read 88000000 lines
read 89000000 lines
read 90000000 lines
read 91000000 lines
read 92000000 lines
read 93000000 lines
read 94000000 lines
read 95000000 lines
read 96000000 lines
read 97000000 lines
read 98000000 lines
read 99000000 lines
read 100000000 lines
read 101000000 lines
read 102000000 lines
read 103000000 lines
read 104000000 lines
read 105000000 lines
read 106000000 lines
read 107000000 lines
read 108000000 lines
read 109000000 lines
read 110000000 lines
read 111000000 lines
read 112000000 lines
read 113000000 lines
read 114000000 lines
read 115000000 lines
read 116000000 lines
read 117000000 lines
read 118000000 lines
read 119000000 lines
read 120000000 lines
read 121000000 lines
read 122000000 lines
read 123000000 lines
read 124000000 lines
read 125000000 lines
read 126000000 lines
read 127000000 lines
read 128000000 lines
read 129000000 lines
read 130000000 lines
read 131000000 lines
read 132000000 lines
read 133000000 lines
read 134000000 lines
read 135000000 lines
read 136000000 lines
read 137000000 lines
read 138000000 lines
read 139000000 lines
read 140000000 lines
read 141000000 lines
read 142000000 lines
read 143000000 lines
read 144000000 lines
read 145000000 lines
read 146000000 lines
read 147000000 lines
read 148000000 lines
read 149000000 lines
read 150000000 lines
read 151000000 lines
read 152000000 lines
read 153000000 lines
read 154000000 lines
read 155000000 lines
read 156000000 lines
read 157000000 lines
read 158000000 lines
read 159000000 lines
read 160000000 lines
read 161000000 lines
read 162000000 lines
[FILE]: /data1/tenant_trace/2016020900-2016021000_unique/tenant_5_trace
total_access_num: 162230825
total_access_size: 7086477817146
unique_access_num: 48787933
unique_access_size: 2168550682824
min_item_size: 1
[method]: SHARDS
[metric]: MAE
[seed]: 42
[sample_method]: FIX_RATE
[sample_metric]: 0.01
MAEQ_factor: 1.028842
cache_size, BMRC_ratio, OMRC_ratio
2168550682, 0.891636, 0.891465
4337101365, 0.861252, 0.857247
6505652048, 0.838158, 0.831978
8674202731, 0.819010, 0.811211
10842753414, 0.802358, 0.793430
13011304096, 0.787655, 0.777878
15179854779, 0.774220, 0.763739
17348405462, 0.761877, 0.750742
19516956145, 0.750577, 0.739010
21685506828, 0.740081, 0.728114
23854057511, 0.730303, 0.717997
26022608193, 0.720911, 0.708271
28191158876, 0.712017, 0.699128
30359709559, 0.703763, 0.690641
32528260242, 0.695878, 0.682571
34696810925, 0.688561, 0.675027
36865361608, 0.681357, 0.667606
39033912290, 0.674549, 0.660651
41202462973, 0.668083, 0.654023
43371013656, 0.661838, 0.647641
45539564339, 0.655850, 0.641659
47708115022, 0.650101, 0.635816
49876665704, 0.644494, 0.630121
52045216387, 0.639027, 0.624611
54213767070, 0.633934, 0.619422
56382317753, 0.628925, 0.614383
58550868436, 0.624074, 0.609522
60719419119, 0.619409, 0.604865
62887969801, 0.614821, 0.600343
65056520484, 0.610370, 0.595940
67225071167, 0.606078, 0.591620
69393621850, 0.601826, 0.587378
71562172533, 0.597796, 0.583392
73730723216, 0.593815, 0.579460
75899273898, 0.589889, 0.575582
78067824581, 0.586237, 0.571968
80236375264, 0.582654, 0.568406
82404925947, 0.579080, 0.564883
84573476630, 0.575745, 0.561558
86742027312, 0.572360, 0.558247
88910577995, 0.569056, 0.554960
91079128678, 0.565759, 0.551774
93247679361, 0.562699, 0.548736
95416230044, 0.559597, 0.545646
97584780727, 0.556607, 0.542713
99753331409, 0.553635, 0.539832
101921882092, 0.550817, 0.537084
104090432775, 0.547959, 0.534330
106258983458, 0.545217, 0.531664
108427534141, 0.542440, 0.528956
110596084824, 0.539782, 0.526337
112764635506, 0.537234, 0.523859
114933186189, 0.534692, 0.521431
117101736872, 0.532213, 0.518984
119270287555, 0.529801, 0.516646
121438838238, 0.527417, 0.514302
123607388920, 0.525053, 0.512009
125775939603, 0.522773, 0.509749
127944490286, 0.520553, 0.507538
130113040969, 0.518364, 0.505405
132281591652, 0.516130, 0.503267
134450142335, 0.513976, 0.501203
136618693017, 0.511869, 0.499159
138787243700, 0.509818, 0.497190
140955794383, 0.507709, 0.495209
143124345066, 0.505681, 0.493258
145292895749, 0.503700, 0.491376
147461446432, 0.501793, 0.489523
149629997114, 0.499860, 0.487714
151798547797, 0.497983, 0.485935
153967098480, 0.496078, 0.484142
156135649163, 0.494330, 0.482432
158304199846, 0.492566, 0.480711
160472750528, 0.490825, 0.479050
162641301211, 0.489124, 0.477383
164809851894, 0.487440, 0.475756
166978402577, 0.485786, 0.474153
169146953260, 0.484177, 0.472601
171315503943, 0.482574, 0.471057
173484054625, 0.480993, 0.469558
175652605308, 0.479476, 0.468078
177821155991, 0.477954, 0.466635
179989706674, 0.476404, 0.465144
182158257357, 0.474933, 0.463745
184326808040, 0.473438, 0.462317
186495358722, 0.471979, 0.460935
188663909405, 0.470574, 0.459589
190832460088, 0.469114, 0.458221
193001010771, 0.467629, 0.456825
195169561454, 0.466253, 0.455513
197338112136, 0.464934, 0.454251
199506662819, 0.463626, 0.452985
201675213502, 0.462258, 0.451679
203843764185, 0.461035, 0.450504
206012314868, 0.459820, 0.449323
208180865551, 0.458586, 0.448117
210349416233, 0.457341, 0.446919
212517966916, 0.456084, 0.445709
214686517599, 0.454896, 0.444536
216855068282, 0.453600, 0.443316
219023618965, 0.452433, 0.442188
221192169648, 0.451260, 0.441062
223360720330, 0.450118, 0.439956
225529271013, 0.448965, 0.438854
227697821696, 0.447859, 0.437826
229866372379, 0.446698, 0.436728
232034923062, 0.445581, 0.435681
234203473744, 0.444492, 0.434616
236372024427, 0.443486, 0.433635
238540575110, 0.442418, 0.432600
240709125793, 0.441362, 0.431594
242877676476, 0.440290, 0.430576
245046227159, 0.439215, 0.429533
247214777841, 0.438165, 0.428533
249383328524, 0.437170, 0.427576
251551879207, 0.436183, 0.426623
253720429890, 0.435198, 0.425660
255888980573, 0.434267, 0.424768
258057531256, 0.433337, 0.423866
260226081938, 0.432437, 0.422962
262394632621, 0.431505, 0.422070
264563183304, 0.430600, 0.421199
266731733987, 0.429654, 0.420306
268900284670, 0.428775, 0.419449
271068835353, 0.427857, 0.418572
273237386035, 0.427016, 0.417747
275405936718, 0.426130, 0.416912
277574487401, 0.425273, 0.416081
279743038084, 0.424352, 0.415196
281911588767, 0.423466, 0.414371
284080139449, 0.422635, 0.413546
286248690132, 0.421779, 0.412731
288417240815, 0.420944, 0.411925
290585791498, 0.420139, 0.411129
292754342181, 0.419332, 0.410339
294922892864, 0.418552, 0.409611
297091443546, 0.417729, 0.408818
299259994229, 0.416918, 0.408062
301428544912, 0.416172, 0.407346
303597095595, 0.415408, 0.406632
305765646278, 0.414648, 0.405905
307934196961, 0.413881, 0.405174
310102747643, 0.413162, 0.404481
312271298326, 0.412445, 0.403793
314439849009, 0.411750, 0.403124
316608399692, 0.411027, 0.402440
318776950375, 0.410291, 0.401727
320945501057, 0.409588, 0.401072
323114051740, 0.408882, 0.400407
325282602423, 0.408178, 0.399732
327451153106, 0.407508, 0.399088
329619703789, 0.406830, 0.398433
331788254472, 0.406122, 0.397765
333956805154, 0.405420, 0.397103
336125355837, 0.404739, 0.396451
338293906520, 0.404062, 0.395830
340462457203, 0.403437, 0.395212
342631007886, 0.402797, 0.394588
344799558569, 0.402181, 0.393995
346968109251, 0.401542, 0.393391
349136659934, 0.400913, 0.392807
351305210617, 0.400273, 0.392210
353473761300, 0.399637, 0.391620
355642311983, 0.399043, 0.391045
357810862665, 0.398462, 0.390481
359979413348, 0.397836, 0.389911
362147964031, 0.397241, 0.389351
364316514714, 0.396680, 0.388796
366485065397, 0.396085, 0.388215
368653616080, 0.395533, 0.387667
370822166762, 0.395001, 0.387149
372990717445, 0.394443, 0.386631
375159268128, 0.393887, 0.386100
377327818811, 0.393356, 0.385572
379496369494, 0.392789, 0.385021
381664920177, 0.392220, 0.384490
383833470859, 0.391679, 0.383963
386002021542, 0.391122, 0.383436
388170572225, 0.390554, 0.382919
390339122908, 0.390036, 0.382413
392507673591, 0.389503, 0.381895
394676224273, 0.388979, 0.381401
396844774956, 0.388503, 0.380933
399013325639, 0.387986, 0.380431
401181876322, 0.387499, 0.379961
403350427005, 0.386965, 0.379473
405518977688, 0.386473, 0.379002
407687528370, 0.385969, 0.378523
409856079053, 0.385447, 0.378056
412024629736, 0.384992, 0.377604
414193180419, 0.384532, 0.377159
416361731102, 0.384081, 0.376728
418530281785, 0.383579, 0.376265
420698832467, 0.383145, 0.375850
422867383150, 0.382676, 0.375413
425035933833, 0.382219, 0.374974
427204484516, 0.381742, 0.374518
429373035199, 0.381264, 0.374073
431541585881, 0.380801, 0.373629
433710136564, 0.380387, 0.373211
435878687247, 0.379920, 0.372778
438047237930, 0.379442, 0.372335
440215788613, 0.378956, 0.371886
442384339296, 0.378511, 0.371456
444552889978, 0.378052, 0.371015
446721440661, 0.377652, 0.370636
448889991344, 0.377233, 0.370225
451058542027, 0.376806, 0.369808
453227092710, 0.376406, 0.369413
455395643393, 0.375992, 0.369006
457564194075, 0.375611, 0.368637
459732744758, 0.375207, 0.368249
461901295441, 0.374801, 0.367864
464069846124, 0.374395, 0.367474
466238396807, 0.374006, 0.367091
468406947489, 0.373529, 0.366664
470575498172, 0.373109, 0.366265
472744048855, 0.372722, 0.365898
474912599538, 0.372291, 0.365500
477081150221, 0.371888, 0.365129
479249700904, 0.371455, 0.364737
481418251586, 0.371022, 0.364343
483586802269, 0.370676, 0.364012
485755352952, 0.370248, 0.363607
487923903635, 0.369894, 0.363257
490092454318, 0.369521, 0.362901
492261005001, 0.369138, 0.362522
494429555683, 0.368745, 0.362154
496598106366, 0.368372, 0.361825
498766657049, 0.367986, 0.361470
500935207732, 0.367617, 0.361109
503103758415, 0.367296, 0.360809
505272309097, 0.366930, 0.360464
507440859780, 0.366577, 0.360134
509609410463, 0.366219, 0.359800
511777961146, 0.365878, 0.359474
513946511829, 0.365530, 0.359148
516115062512, 0.365190, 0.358834
518283613194, 0.364854, 0.358519
520452163877, 0.364504, 0.358174
522620714560, 0.364152, 0.357845
524789265243, 0.363808, 0.357526
526957815926, 0.363474, 0.357202
529126366609, 0.363097, 0.356852
531294917291, 0.362766, 0.356534
533463467974, 0.362433, 0.356221
535632018657, 0.362104, 0.355882
537800569340, 0.361755, 0.355548
539969120023, 0.361440, 0.355249
542137670706, 0.361158, 0.354984
544306221388, 0.360830, 0.354675
546474772071, 0.360518, 0.354380
548643322754, 0.360226, 0.354098
550811873437, 0.359936, 0.353815
552980424120, 0.359583, 0.353499
555148974802, 0.359296, 0.353218
557317525485, 0.358993, 0.352928
559486076168, 0.358695, 0.352630
561654626851, 0.358394, 0.352343
563823177534, 0.358096, 0.352057
565991728217, 0.357810, 0.351785
568160278899, 0.357542, 0.351511
570328829582, 0.357249, 0.351228
572497380265, 0.356947, 0.350927
574665930948, 0.356633, 0.350626
576834481631, 0.356325, 0.350334
579003032314, 0.356042, 0.350060
581171582996, 0.355747, 0.349773
583340133679, 0.355437, 0.349484
585508684362, 0.355156, 0.349216
587677235045, 0.354862, 0.348929
589845785728, 0.354594, 0.348664
592014336410, 0.354312, 0.348403
594182887093, 0.354043, 0.348150
596351437776, 0.353756, 0.347880
598519988459, 0.353471, 0.347602
600688539142, 0.353206, 0.347350
602857089825, 0.352919, 0.347083
605025640507, 0.352660, 0.346832
607194191190, 0.352422, 0.346591
609362741873, 0.352193, 0.346368
611531292556, 0.351946, 0.346119
613699843239, 0.351713, 0.345899
615868393922, 0.351486, 0.345676
618036944604, 0.351223, 0.345423
620205495287, 0.350986, 0.345190
622374045970, 0.350728, 0.344949
624542596653, 0.350479, 0.344709
626711147336, 0.350257, 0.344490
628879698018, 0.350010, 0.344249
631048248701, 0.349755, 0.344006
633216799384, 0.349500, 0.343766
635385350067, 0.349257, 0.343533
637553900750, 0.349030, 0.343300
639722451433, 0.348810, 0.343084
641891002115, 0.348592, 0.342868
644059552798, 0.348375, 0.342661
646228103481, 0.348153, 0.342446
648396654164, 0.347926, 0.342232
650565204847, 0.347692, 0.342004
652733755530, 0.347448, 0.341766
654902306212, 0.347224, 0.341544
657070856895, 0.347002, 0.341335
659239407578, 0.346769, 0.341108
661407958261, 0.346548, 0.340882
663576508944, 0.346343, 0.340674
665745059626, 0.346123, 0.340462
667913610309, 0.345896, 0.340256
670082160992, 0.345652, 0.340035
672250711675, 0.345439, 0.339839
674419262358, 0.345217, 0.339625
676587813041, 0.345023, 0.339443
678756363723, 0.344783, 0.339212
680924914406, 0.344600, 0.339034
683093465089, 0.344371, 0.338815
685262015772, 0.344191, 0.338630
687430566455, 0.343999, 0.338443
689599117138, 0.343813, 0.338263
691767667820, 0.343631, 0.338080
693936218503, 0.343419, 0.337861
696104769186, 0.343233, 0.337682
698273319869, 0.343052, 0.337499
700441870552, 0.342840, 0.337293
702610421234, 0.342653, 0.337109
704778971917, 0.342461, 0.336923
706947522600, 0.342268, 0.336741
709116073283, 0.342061, 0.336553
711284623966, 0.341863, 0.336361
713453174649, 0.341664, 0.336165
715621725331, 0.341481, 0.335986
717790276014, 0.341282, 0.335788
719958826697, 0.341108, 0.335614
722127377380, 0.340927, 0.335441
724295928063, 0.340741, 0.335253
726464478746, 0.340555, 0.335064
728633029428, 0.340383, 0.334886
730801580111, 0.340199, 0.334713
732970130794, 0.339994, 0.334512
735138681477, 0.339802, 0.334335
737307232160, 0.339620, 0.334153
739475782842, 0.339437, 0.333972
741644333525, 0.339282, 0.333811
743812884208, 0.339081, 0.333628
745981434891, 0.338912, 0.333463
748149985574, 0.338728, 0.333289
750318536257, 0.338565, 0.333119
752487086939, 0.338382, 0.332950
754655637622, 0.338193, 0.332777
756824188305, 0.338028, 0.332608
758992738988, 0.337855, 0.332455
761161289671, 0.337666, 0.332281
763329840354, 0.337516, 0.332120
765498391036, 0.337355, 0.331969
767666941719, 0.337177, 0.331799
769835492402, 0.337010, 0.331632
772004043085, 0.336844, 0.331470
774172593768, 0.336692, 0.331309
776341144450, 0.336535, 0.331144
778509695133, 0.336364, 0.330970
780678245816, 0.336195, 0.330810
782846796499, 0.336043, 0.330662
785015347182, 0.335885, 0.330508
787183897865, 0.335732, 0.330365
789352448547, 0.335588, 0.330222
791520999230, 0.335440, 0.330073
793689549913, 0.335300, 0.329928
795858100596, 0.335148, 0.329778
798026651279, 0.334996, 0.329622
800195201962, 0.334819, 0.329452
802363752644, 0.334682, 0.329314
804532303327, 0.334545, 0.329177
806700854010, 0.334369, 0.329016
808869404693, 0.334193, 0.328855
811037955376, 0.334072, 0.328732
813206506059, 0.333928, 0.328596
815375056741, 0.333778, 0.328449
817543607424, 0.333633, 0.328314
819712158107, 0.333479, 0.328171
821880708790, 0.333354, 0.328046
824049259473, 0.333211, 0.327912
826217810155, 0.333071, 0.327777
828386360838, 0.332934, 0.327634
830554911521, 0.332794, 0.327498
832723462204, 0.332647, 0.327352
834892012887, 0.332507, 0.327214
837060563570, 0.332357, 0.327079
839229114252, 0.332222, 0.326939
841397664935, 0.332060, 0.326778
843566215618, 0.331919, 0.326645
845734766301, 0.331787, 0.326516
847903316984, 0.331667, 0.326400
850071867667, 0.331536, 0.326269
852240418349, 0.331392, 0.326130
854408969032, 0.331248, 0.325989
856577519715, 0.331106, 0.325854
858746070398, 0.330993, 0.325732
860914621081, 0.330851, 0.325592
863083171763, 0.330723, 0.325456
865251722446, 0.330587, 0.325327
867420273129, 0.330429, 0.325185
869588823812, 0.330293, 0.325050
871757374495, 0.330175, 0.324936
873925925178, 0.330051, 0.324807
876094475860, 0.329925, 0.324680
878263026543, 0.329807, 0.324562
880431577226, 0.329654, 0.324422
882600127909, 0.329516, 0.324279
884768678592, 0.329391, 0.324155
886937229275, 0.329287, 0.324048
889105779957, 0.329158, 0.323925
891274330640, 0.329038, 0.323802
893442881323, 0.328924, 0.323683
895611432006, 0.328814, 0.323569
897779982689, 0.328684, 0.323441
899948533371, 0.328548, 0.323315
902117084054, 0.328429, 0.323205
904285634737, 0.328299, 0.323086
906454185420, 0.328190, 0.322978
908622736103, 0.328072, 0.322853
910791286786, 0.327955, 0.322734
912959837468, 0.327840, 0.322624
915128388151, 0.327740, 0.322520
917296938834, 0.327635, 0.322411
919465489517, 0.327536, 0.322316
921634040200, 0.327430, 0.322224
923802590883, 0.327323, 0.322115
925971141565, 0.327213, 0.322006
928139692248, 0.327120, 0.321911
930308242931, 0.327009, 0.321800
932476793614, 0.326896, 0.321686
934645344297, 0.326780, 0.321575
936813894979, 0.326675, 0.321465
938982445662, 0.326578, 0.321353
941150996345, 0.326484, 0.321256
943319547028, 0.326378, 0.321147
945488097711, 0.326262, 0.321032
947656648394, 0.326148, 0.320922
949825199076, 0.326034, 0.320808
951993749759, 0.325925, 0.320697
954162300442, 0.325805, 0.320583
956330851125, 0.325715, 0.320495
958499401808, 0.325604, 0.320382
960667952491, 0.325507, 0.320278
962836503173, 0.325418, 0.320184
965005053856, 0.325300, 0.320066
967173604539, 0.325207, 0.319974
969342155222, 0.325103, 0.319861
971510705905, 0.324996, 0.319757
973679256587, 0.324897, 0.319670
975847807270, 0.324801, 0.319572
978016357953, 0.324697, 0.319476
980184908636, 0.324596, 0.319373
982353459319, 0.324500, 0.319275
984522010002, 0.324409, 0.319186
986690560684, 0.324322, 0.319097
988859111367, 0.324235, 0.319010
991027662050, 0.324132, 0.318906
993196212733, 0.324039, 0.318810
995364763416, 0.323932, 0.318707
997533314099, 0.323831, 0.318603
999701864781, 0.323750, 0.318521
1001870415464, 0.323657, 0.318433
1004038966147, 0.323557, 0.318335
1006207516830, 0.323454, 0.318239
1008376067513, 0.323352, 0.318144
1010544618195, 0.323258, 0.318059
1012713168878, 0.323169, 0.317975
1014881719561, 0.323088, 0.317887
1017050270244, 0.322992, 0.317794
1019218820927, 0.322899, 0.317691
1021387371610, 0.322820, 0.317613
1023555922292, 0.322734, 0.317530
1025724472975, 0.322637, 0.317434
1027893023658, 0.322531, 0.317332
1030061574341, 0.322452, 0.317252
1032230125024, 0.322357, 0.317156
1034398675707, 0.322267, 0.317061
1036567226389, 0.322170, 0.316966
1038735777072, 0.322070, 0.316874
1040904327755, 0.321978, 0.316780
1043072878438, 0.321881, 0.316688
1045241429121, 0.321805, 0.316608
1047409979803, 0.321718, 0.316522
1049578530486, 0.321619, 0.316431
1051747081169, 0.321525, 0.316346
1053915631852, 0.321432, 0.316257
1056084182535, 0.321347, 0.316181
1058252733218, 0.321262, 0.316101
1060421283900, 0.321168, 0.316012
1062589834583, 0.321078, 0.315923
1064758385266, 0.320993, 0.315842
1066926935949, 0.320908, 0.315762
1069095486632, 0.320832, 0.315684
1071264037315, 0.320749, 0.315597
1073432587997, 0.320682, 0.315529
1075601138680, 0.320596, 0.315451
1077769689363, 0.320498, 0.315361
1079938240046, 0.320412, 0.315274
1082106790729, 0.320345, 0.315207
1084275341412, 0.320257, 0.315121
1086443892094, 0.320186, 0.315052
1088612442777, 0.320102, 0.314970
1090780993460, 0.320019, 0.314890
1092949544143, 0.319934, 0.314811
1095118094826, 0.319844, 0.314731
1097286645508, 0.319763, 0.314651
1099455196191, 0.319671, 0.314558
1101623746874, 0.319608, 0.314490
1103792297557, 0.319526, 0.314407
1105960848240, 0.319440, 0.314327
1108129398923, 0.319367, 0.314255
1110297949605, 0.319271, 0.314169
1112466500288, 0.319201, 0.314091
1114635050971, 0.319124, 0.314018
1116803601654, 0.319053, 0.313951
1118972152337, 0.318988, 0.313887
1121140703020, 0.318931, 0.313824
1123309253702, 0.318851, 0.313742
1125477804385, 0.318761, 0.313664
1127646355068, 0.318690, 0.313593
1129814905751, 0.318622, 0.313526
1131983456434, 0.318554, 0.313452
1134152007116, 0.318485, 0.313378
1136320557799, 0.318416, 0.313305
1138489108482, 0.318347, 0.313239
1140657659165, 0.318281, 0.313172
1142826209848, 0.318211, 0.313097
1144994760531, 0.318138, 0.313026
1147163311213, 0.318073, 0.312954
1149331861896, 0.318007, 0.312886
1151500412579, 0.317939, 0.312818
1153668963262, 0.317877, 0.312748
1155837513945, 0.317807, 0.312675
1158006064628, 0.317758, 0.312620
1160174615310, 0.317688, 0.312552
1162343165993, 0.317632, 0.312489
1164511716676, 0.317556, 0.312415
1166680267359, 0.317492, 0.312354
1168848818042, 0.317408, 0.312278
1171017368724, 0.317354, 0.312222
1173185919407, 0.317305, 0.312170
1175354470090, 0.317245, 0.312108
1177523020773, 0.317182, 0.312044
1179691571456, 0.317116, 0.311975
1181860122139, 0.317053, 0.311908
1184028672821, 0.316986, 0.311843
1186197223504, 0.316927, 0.311785
1188365774187, 0.316867, 0.311723
1190534324870, 0.316810, 0.311664
1192702875553, 0.316746, 0.311597
1194871426236, 0.316703, 0.311549
1197039976918, 0.316628, 0.311481
1199208527601, 0.316574, 0.311427
1201377078284, 0.316512, 0.311367
1203545628967, 0.316463, 0.311311
1205714179650, 0.316389, 0.311244
1207882730332, 0.316318, 0.311178
1210051281015, 0.316267, 0.311125
1212219831698, 0.316212, 0.311069
1214388382381, 0.316165, 0.311012
1216556933064, 0.316111, 0.310960
1218725483747, 0.316043, 0.310892
1220894034429, 0.315978, 0.310831
1223062585112, 0.315929, 0.310781
1225231135795, 0.315880, 0.310730
1227399686478, 0.315829, 0.310680
1229568237161, 0.315776, 0.310627
1231736787844, 0.315723, 0.310577
1233905338526, 0.315667, 0.310514
1236073889209, 0.315620, 0.310469
1238242439892, 0.315553, 0.310405
1240410990575, 0.315495, 0.310347
1242579541258, 0.315430, 0.310282
1244748091940, 0.315371, 0.310223
1246916642623, 0.315315, 0.310168
1249085193306, 0.315269, 0.310121
1251253743989, 0.315201, 0.310056
1253422294672, 0.315141, 0.310001
1255590845355, 0.315085, 0.309947
1257759396037, 0.315037, 0.309898
1259927946720, 0.314988, 0.309848
1262096497403, 0.314939, 0.309802
1264265048086, 0.314881, 0.309753
1266433598769, 0.314831, 0.309701
1268602149452, 0.314774, 0.309646
1270770700134, 0.314714, 0.309587
1272939250817, 0.314662, 0.309531
1275107801500, 0.314612, 0.309482
1277276352183, 0.314561, 0.309433
1279444902866, 0.314499, 0.309379
1281613453548, 0.314440, 0.309320
1283782004231, 0.314399, 0.309279
1285950554914, 0.314351, 0.309230
1288119105597, 0.314302, 0.309184
1290287656280, 0.314250, 0.309126
1292456206963, 0.314205, 0.309082
1294624757645, 0.314159, 0.309041
1296793308328, 0.314114, 0.308994
1298961859011, 0.314061, 0.308947
1301130409694, 0.314017, 0.308906
1303298960377, 0.313966, 0.308858
1305467511060, 0.313911, 0.308809
1307636061742, 0.313868, 0.308764
1309804612425, 0.313825, 0.308713
1311973163108, 0.313771, 0.308660
1314141713791, 0.313728, 0.308617
1316310264474, 0.313681, 0.308569
1318478815156, 0.313629, 0.308514
1320647365839, 0.313581, 0.308467
1322815916522, 0.313536, 0.308422
1324984467205, 0.313487, 0.308371
1327153017888, 0.313451, 0.308334
1329321568571, 0.313392, 0.308281
1331490119253, 0.313335, 0.308230
1333658669936, 0.313286, 0.308178
1335827220619, 0.313224, 0.308119
1337995771302, 0.313174, 0.308072
1340164321985, 0.313136, 0.308035
1342332872668, 0.313094, 0.307991
1344501423350, 0.313050, 0.307948
1346669974033, 0.313013, 0.307908
1348838524716, 0.312965, 0.307866
1351007075399, 0.312928, 0.307832
1353175626082, 0.312889, 0.307791
1355344176765, 0.312841, 0.307743
1357512727447, 0.312797, 0.307704
1359681278130, 0.312758, 0.307662
1361849828813, 0.312702, 0.307611
1364018379496, 0.312658, 0.307563
1366186930179, 0.312621, 0.307521
1368355480861, 0.312570, 0.307477
1370524031544, 0.312528, 0.307439
1372692582227, 0.312486, 0.307403
1374861132910, 0.312445, 0.307365
1377029683593, 0.312400, 0.307320
1379198234276, 0.312371, 0.307289
1381366784958, 0.312326, 0.307249
1383535335641, 0.312269, 0.307202
1385703886324, 0.312228, 0.307163
1387872437007, 0.312193, 0.307127
1390040987690, 0.312159, 0.307091
1392209538373, 0.312115, 0.307047
1394378089055, 0.312085, 0.307016
1396546639738, 0.312046, 0.306977
1398715190421, 0.312006, 0.306937
1400883741104, 0.311963, 0.306895
1403052291787, 0.311930, 0.306863
1405220842469, 0.311883, 0.306826
1407389393152, 0.311854, 0.306793
1409557943835, 0.311818, 0.306759
1411726494518, 0.311779, 0.306719
1413895045201, 0.311738, 0.306684
1416063595884, 0.311691, 0.306638
1418232146566, 0.311654, 0.306603
1420400697249, 0.311613, 0.306561
1422569247932, 0.311574, 0.306522
1424737798615, 0.311538, 0.306484
1426906349298, 0.311500, 0.306446
1429074899981, 0.311463, 0.306408
1431243450663, 0.311427, 0.306373
1433412001346, 0.311395, 0.306342
1435580552029, 0.311357, 0.306303
1437749102712, 0.311325, 0.306265
1439917653395, 0.311286, 0.306225
1442086204077, 0.311248, 0.306191
1444254754760, 0.311194, 0.306151
1446423305443, 0.311158, 0.306116
1448591856126, 0.311118, 0.306080
1450760406809, 0.311085, 0.306048
1452928957492, 0.311044, 0.306007
1455097508174, 0.311010, 0.305976
1457266058857, 0.310966, 0.305943
1459434609540, 0.310927, 0.305902
1461603160223, 0.310884, 0.305866
1463771710906, 0.310855, 0.305838
1465940261589, 0.310819, 0.305801
1468108812271, 0.310784, 0.305771
1470277362954, 0.310749, 0.305737
1472445913637, 0.310714, 0.305704
1474614464320, 0.310686, 0.305674
1476783015003, 0.310651, 0.305643
1478951565685, 0.310621, 0.305607
1481120116368, 0.310587, 0.305572
1483288667051, 0.310562, 0.305546
1485457217734, 0.310529, 0.305515
1487625768417, 0.310491, 0.305480
1489794319100, 0.310463, 0.305451
1491962869782, 0.310426, 0.305414
1494131420465, 0.310392, 0.305386
1496299971148, 0.310345, 0.305343
1498468521831, 0.310316, 0.305311
1500637072514, 0.310292, 0.305286
1502805623197, 0.310263, 0.305261
1504974173879, 0.310230, 0.305227
1507142724562, 0.310204, 0.305199
1509311275245, 0.310167, 0.305167
1511479825928, 0.310137, 0.305140
1513648376611, 0.310105, 0.305105
1515816927293, 0.310077, 0.305077
1517985477976, 0.310043, 0.305046
1520154028659, 0.310015, 0.305022
1522322579342, 0.309990, 0.304996
1524491130025, 0.309967, 0.304974
1526659680708, 0.309936, 0.304941
1528828231390, 0.309909, 0.304916
1530996782073, 0.309874, 0.304887
1533165332756, 0.309852, 0.304863
1535333883439, 0.309831, 0.304842
1537502434122, 0.309803, 0.304811
1539670984805, 0.309774, 0.304784
1541839535487, 0.309754, 0.304758
1544008086170, 0.309731, 0.304735
1546176636853, 0.309701, 0.304705
1548345187536, 0.309677, 0.304681
1550513738219, 0.309644, 0.304652
1552682288901, 0.309626, 0.304630
1554850839584, 0.309606, 0.304606
1557019390267, 0.309584, 0.304582
1559187940950, 0.309561, 0.304559
1561356491633, 0.309533, 0.304528
1563525042316, 0.309499, 0.304492
1565693592998, 0.309475, 0.304464
1567862143681, 0.309449, 0.304436
1570030694364, 0.309420, 0.304407
1572199245047, 0.309401, 0.304387
1574367795730, 0.309370, 0.304359
1576536346413, 0.309344, 0.304332
1578704897095, 0.309311, 0.304301
1580873447778, 0.309292, 0.304280
1583041998461, 0.309262, 0.304252
1585210549144, 0.309234, 0.304226
1587379099827, 0.309202, 0.304197
1589547650509, 0.309178, 0.304170
1591716201192, 0.309155, 0.304145
1593884751875, 0.309140, 0.304128
1596053302558, 0.309113, 0.304106
1598221853241, 0.309088, 0.304082
1600390403924, 0.309063, 0.304058
1602558954606, 0.309036, 0.304033
1604727505289, 0.309013, 0.304011
1606896055972, 0.308988, 0.303986
1609064606655, 0.308959, 0.303956
1611233157338, 0.308927, 0.303927
1613401708021, 0.308910, 0.303910
1615570258703, 0.308880, 0.303881
1617738809386, 0.308861, 0.303859
1619907360069, 0.308836, 0.303836
1622075910752, 0.308821, 0.303818
1624244461435, 0.308794, 0.303794
1626413012118, 0.308772, 0.303770
1628581562800, 0.308749, 0.303745
1630750113483, 0.308714, 0.303720
1632918664166, 0.308686, 0.303691
1635087214849, 0.308664, 0.303668
1637255765532, 0.308643, 0.303648
1639424316214, 0.308624, 0.303630
1641592866897, 0.308601, 0.303611
1643761417580, 0.308585, 0.303594
1645929968263, 0.308558, 0.303572
1648098518946, 0.308528, 0.303543
1650267069629, 0.308507, 0.303524
1652435620311, 0.308483, 0.303500
1654604170994, 0.308466, 0.303480
1656772721677, 0.308446, 0.303461
1658941272360, 0.308428, 0.303444
1661109823043, 0.308410, 0.303425
1663278373726, 0.308394, 0.303408
1665446924408, 0.308365, 0.303383
1667615475091, 0.308335, 0.303354
1669784025774, 0.308314, 0.303328
1671952576457, 0.308295, 0.303310
1674121127140, 0.308264, 0.303282
1676289677822, 0.308245, 0.303264
1678458228505, 0.308222, 0.303243
1680626779188, 0.308200, 0.303222
1682795329871, 0.308182, 0.303206
1684963880554, 0.308165, 0.303190
1687132431237, 0.308145, 0.303168
1689300981919, 0.308129, 0.303149
1691469532602, 0.308104, 0.303124
1693638083285, 0.308086, 0.303105
1695806633968, 0.308058, 0.303079
1697975184651, 0.308037, 0.303060
1700143735334, 0.308019, 0.303044
1702312286016, 0.308004, 0.303022
1704480836699, 0.307988, 0.303004
1706649387382, 0.307968, 0.302986
1708817938065, 0.307945, 0.302967
1710986488748, 0.307929, 0.302949
1713155039430, 0.307913, 0.302932
1715323590113, 0.307894, 0.302914
1717492140796, 0.307874, 0.302894
1719660691479, 0.307858, 0.302875
1721829242162, 0.307840, 0.302858
1723997792845, 0.307823, 0.302841
1726166343527, 0.307807, 0.302827
1728334894210, 0.307793, 0.302809
1730503444893, 0.307777, 0.302796
1732671995576, 0.307760, 0.302778
1734840546259, 0.307738, 0.302758
1737009096942, 0.307717, 0.302734
1739177647624, 0.307694, 0.302712
1741346198307, 0.307679, 0.302695
1743514748990, 0.307666, 0.302682
1745683299673, 0.307650, 0.302664
1747851850356, 0.307628, 0.302643
1750020401038, 0.307610, 0.302622
1752188951721, 0.307592, 0.302606
1754357502404, 0.307572, 0.302592
1756526053087, 0.307556, 0.302576
1758694603770, 0.307537, 0.302559
1760863154453, 0.307523, 0.302547
1763031705135, 0.307512, 0.302536
1765200255818, 0.307498, 0.302523
1767368806501, 0.307483, 0.302510
1769537357184, 0.307467, 0.302496
1771705907867, 0.307437, 0.302475
1773874458550, 0.307422, 0.302460
1776043009232, 0.307409, 0.302449
1778211559915, 0.307401, 0.302437
1780380110598, 0.307384, 0.302423
1782548661281, 0.307370, 0.302409
1784717211964, 0.307362, 0.302400
1786885762646, 0.307348, 0.302385
1789054313329, 0.307334, 0.302370
1791222864012, 0.307317, 0.302353
1793391414695, 0.307306, 0.302340
1795559965378, 0.307295, 0.302328
1797728516061, 0.307283, 0.302316
1799897066743, 0.307274, 0.302306
1802065617426, 0.307258, 0.302291
1804234168109, 0.307250, 0.302281
1806402718792, 0.307233, 0.302265
1808571269475, 0.307214, 0.302248
1810739820158, 0.307197, 0.302231
1812908370840, 0.307181, 0.302216
1815076921523, 0.307169, 0.302203
1817245472206, 0.307147, 0.302184
1819414022889, 0.307126, 0.302166
1821582573572, 0.307116, 0.302152
1823751124254, 0.307101, 0.302137
1825919674937, 0.307082, 0.302121
1828088225620, 0.307071, 0.302111
1830256776303, 0.307061, 0.302100
1832425326986, 0.307046, 0.302083
1834593877669, 0.307035, 0.302071
1836762428351, 0.307025, 0.302061
1838930979034, 0.307014, 0.302047
1841099529717, 0.307000, 0.302035
1843268080400, 0.306989, 0.302022
1845436631083, 0.306979, 0.302012
1847605181766, 0.306970, 0.302003
1849773732448, 0.306959, 0.301995
1851942283131, 0.306954, 0.301990
1854110833814, 0.306943, 0.301975
1856279384497, 0.306931, 0.301964
1858447935180, 0.306917, 0.301951
1860616485862, 0.306907, 0.301940
1862785036545, 0.306900, 0.301932
1864953587228, 0.306883, 0.301922
1867122137911, 0.306869, 0.301911
1869290688594, 0.306855, 0.301900
1871459239277, 0.306844, 0.301890
1873627789959, 0.306832, 0.301878
1875796340642, 0.306818, 0.301863
1877964891325, 0.306808, 0.301856
1880133442008, 0.306794, 0.301844
1882301992691, 0.306784, 0.301835
1884470543374, 0.306775, 0.301827
1886639094056, 0.306760, 0.301813
1888807644739, 0.306751, 0.301803
1890976195422, 0.306742, 0.301794
1893144746105, 0.306735, 0.301786
1895313296788, 0.306726, 0.301776
1897481847471, 0.306714, 0.301762
1899650398153, 0.306707, 0.301752
1901818948836, 0.306700, 0.301745
1903987499519, 0.306689, 0.301735
1906156050202, 0.306681, 0.301728
1908324600885, 0.306670, 0.301716
1910493151567, 0.306659, 0.301705
1912661702250, 0.306651, 0.301695
1914830252933, 0.306645, 0.301688
1916998803616, 0.306636, 0.301680
1919167354299, 0.306627, 0.301671
1921335904982, 0.306621, 0.301665
1923504455664, 0.306616, 0.301659
1925673006347, 0.306608, 0.301651
1927841557030, 0.306602, 0.301647
1930010107713, 0.306590, 0.301636
1932178658396, 0.306581, 0.301628
1934347209079, 0.306572, 0.301620
1936515759761, 0.306558, 0.301607
1938684310444, 0.306548, 0.301596
1940852861127, 0.306539, 0.301589
1943021411810, 0.306533, 0.301582
1945189962493, 0.306524, 0.301572
1947358513175, 0.306516, 0.301562
1949527063858, 0.306507, 0.301556
1951695614541, 0.306500, 0.301547
1953864165224, 0.306490, 0.301538
1956032715907, 0.306482, 0.301529
1958201266590, 0.306475, 0.301520
1960369817272, 0.306463, 0.301509
1962538367955, 0.306456, 0.301503
1964706918638, 0.306447, 0.301493
1966875469321, 0.306442, 0.301487
1969044020004, 0.306437, 0.301481
1971212570687, 0.306419, 0.301471
1973381121369, 0.306414, 0.301463
1975549672052, 0.306401, 0.301457
1977718222735, 0.306398, 0.301452
1979886773418, 0.306390, 0.301446
1982055324101, 0.306382, 0.301438
1984223874783, 0.306378, 0.301434
1986392425466, 0.306369, 0.301425
1988560976149, 0.306358, 0.301414
1990729526832, 0.306349, 0.301408
1992898077515, 0.306345, 0.301403
1995066628198, 0.306338, 0.301395
1997235178880, 0.306335, 0.301392
1999403729563, 0.306330, 0.301387
2001572280246, 0.306324, 0.301381
2003740830929, 0.306319, 0.301375
2005909381612, 0.306314, 0.301369
2008077932295, 0.306307, 0.301364
2010246482977, 0.306304, 0.301359
2012415033660, 0.306296, 0.301352
2014583584343, 0.306291, 0.301345
2016752135026, 0.306289, 0.301342
2018920685709, 0.306287, 0.301338
2021089236391, 0.306281, 0.301332
2023257787074, 0.306275, 0.301326
2025426337757, 0.306270, 0.301320
2027594888440, 0.306265, 0.301315
2029763439123, 0.306256, 0.301306
2031931989806, 0.306253, 0.301302
2034100540488, 0.306248, 0.301296
2036269091171, 0.306244, 0.301292
2038437641854, 0.306238, 0.301286
2040606192537, 0.306235, 0.301282
2042774743220, 0.306230, 0.301277
2044943293903, 0.306227, 0.301274
2047111844585, 0.306224, 0.301270
2049280395268, 0.306220, 0.301265
2051448945951, 0.306214, 0.301260
2053617496634, 0.306212, 0.301257
2055786047317, 0.306211, 0.301255
2057954597999, 0.306208, 0.301251
2060123148682, 0.306204, 0.301247
2062291699365, 0.306201, 0.301244
2064460250048, 0.306198, 0.301239
2066628800731, 0.306197, 0.301238
2068797351414, 0.306195, 0.301234
2070965902096, 0.306192, 0.301230
2073134452779, 0.306186, 0.301226
2075303003462, 0.306183, 0.301222
2077471554145, 0.306176, 0.301217
2079640104828, 0.306176, 0.301215
2081808655511, 0.306174, 0.301213
2083977206193, 0.306169, 0.301209
2086145756876, 0.306169, 0.301207
2088314307559, 0.306167, 0.301205
2090482858242, 0.306166, 0.301204
2092651408925, 0.306165, 0.301202
2094819959607, 0.306163, 0.301199
2096988510290, 0.306161, 0.301197
2099157060973, 0.306158, 0.301193
2101325611656, 0.306156, 0.301191
2103494162339, 0.306155, 0.301190
2105662713022, 0.306153, 0.301188
2107831263704, 0.306149, 0.301183
2109999814387, 0.306148, 0.301182
2112168365070, 0.306144, 0.301179
2114336915753, 0.306143, 0.301177
2116505466436, 0.306141, 0.301175
2118674017119, 0.306141, 0.301175
2120842567801, 0.306139, 0.301173
2123011118484, 0.306138, 0.301172
2125179669167, 0.306137, 0.301171
2127348219850, 0.306135, 0.301169
2129516770533, 0.306133, 0.301167
2131685321215, 0.306131, 0.301165
2133853871898, 0.306130, 0.301163
2136022422581, 0.306129, 0.301162
2138190973264, 0.306126, 0.301159
2140359523947, 0.306126, 0.301157
2142528074630, 0.306126, 0.301157
2144696625312, 0.306126, 0.301157
2146865175995, 0.306126, 0.301157
2149033726678, 0.306124, 0.301157
2151202277361, 0.306124, 0.301157
2153370828044, 0.306118, 0.301156
2155539378727, 0.306118, 0.301155
2157707929409, 0.306118, 0.301155
2159876480092, 0.306117, 0.301154
2162045030775, 0.306117, 0.301154
2164213581458, 0.306117, 0.301154
2166382132141, 0.306117, 0.301154
2168550682824, 0.306117, 0.301154
Time used: 4139 ms
