logging to /opt/profile_res/2016020800-2016020900_unique/tenant_5_profile_res-FIX_RATE-REAL-0.01.csvtracefile: /data1/tmp/tenant_5_trace
open file /data1/tmp/tenant_5_trace
read 1000000 lines
read 2000000 lines
read 3000000 lines
read 4000000 lines
read 5000000 lines
read 6000000 lines
read 7000000 lines
read 8000000 lines
read 9000000 lines
read 10000000 lines
read 11000000 lines
read 12000000 lines
read 13000000 lines
read 14000000 lines
read 15000000 lines
read 16000000 lines
read 17000000 lines
read 18000000 lines
read 19000000 lines
read 20000000 lines
read 21000000 lines
read 22000000 lines
read 23000000 lines
read 24000000 lines
read 25000000 lines
read 26000000 lines
read 27000000 lines
read 28000000 lines
read 29000000 lines
read 30000000 lines
read 31000000 lines
read 32000000 lines
read 33000000 lines
read 34000000 lines
read 35000000 lines
read 36000000 lines
read 37000000 lines
read 38000000 lines
read 39000000 lines
read 40000000 lines
read 41000000 lines
read 42000000 lines
read 43000000 lines
read 44000000 lines
read 45000000 lines
read 46000000 lines
read 47000000 lines
read 48000000 lines
read 49000000 lines
read 50000000 lines
read 51000000 lines
read 52000000 lines
read 53000000 lines
read 54000000 lines
read 55000000 lines
read 56000000 lines
read 57000000 lines
read 58000000 lines
read 59000000 lines
read 60000000 lines
read 61000000 lines
read 62000000 lines
read 63000000 lines
read 64000000 lines
read 65000000 lines
read 66000000 lines
read 67000000 lines
read 68000000 lines
read 69000000 lines
read 70000000 lines
read 71000000 lines
read 72000000 lines
read 73000000 lines
read 74000000 lines
read 75000000 lines
read 76000000 lines
read 77000000 lines
read 78000000 lines
read 79000000 lines
read 80000000 lines
read 81000000 lines
read 82000000 lines
read 83000000 lines
read 84000000 lines
read 85000000 lines
read 86000000 lines
read 87000000 lines
read 88000000 lines
read 89000000 lines
read 90000000 lines
read 91000000 lines
read 92000000 lines
read 93000000 lines
read 94000000 lines
read 95000000 lines
read 96000000 lines
read 97000000 lines
read 98000000 lines
read 99000000 lines
read 100000000 lines
read 101000000 lines
read 102000000 lines
read 103000000 lines
read 104000000 lines
read 105000000 lines
read 106000000 lines
read 107000000 lines
read 108000000 lines
read 109000000 lines
read 110000000 lines
read 111000000 lines
read 112000000 lines
read 113000000 lines
read 114000000 lines
read 115000000 lines
read 116000000 lines
read 117000000 lines
read 118000000 lines
read 119000000 lines
read 120000000 lines
read 121000000 lines
read 122000000 lines
read 123000000 lines
read 124000000 lines
read 125000000 lines
read 126000000 lines
read 127000000 lines
read 128000000 lines
read 129000000 lines
read 130000000 lines
read 131000000 lines
read 132000000 lines
read 133000000 lines
read 134000000 lines
read 135000000 lines
read 136000000 lines
read 137000000 lines
read 138000000 lines
read 139000000 lines
read 140000000 lines
read 141000000 lines
read 142000000 lines
read 143000000 lines
read 144000000 lines
read 145000000 lines
read 146000000 lines
read 147000000 lines
read 148000000 lines
read 149000000 lines
read 150000000 lines
read 151000000 lines
read 152000000 lines
read 153000000 lines
read 154000000 lines
read 155000000 lines
read 156000000 lines
read 157000000 lines
read 158000000 lines
read 159000000 lines
read 160000000 lines
read 161000000 lines
read 162000000 lines
read 163000000 lines
read 164000000 lines
read 165000000 lines
read 166000000 lines
read 167000000 lines
read 168000000 lines
read 169000000 lines
read 170000000 lines
read 171000000 lines
read 172000000 lines
read 173000000 lines
read 174000000 lines
read 175000000 lines
read 176000000 lines
read 177000000 lines
read 178000000 lines
[FILE]: /data1/tmp/tenant_5_trace
total_access_num: 178576938
total_access_size: 7393874024307
unique_access_num: 49639581
unique_access_size: 2124049935854
min_item_size: 1
[method]: REAL
[metric]: MAE
[seed]: 42
[sample_method]: FIX_RATE
[sample_metric]: 0.01
MAEQ_factor: 1.332039
cache_size, BMRC_ratio, OMRC_ratio
21240499358, 0.724977, 0.709778
42480998717, 0.638256, 0.621254
63721498075, 0.582008, 0.564911
84961997434, 0.541190, 0.524522
106202496792, 0.509784, 0.493745
127442996151, 0.484705, 0.469336
148683495509, 0.464073, 0.449359
169923994868, 0.446795, 0.432698
191164494226, 0.432016, 0.418493
212404993585, 0.419275, 0.406274
233645492943, 0.408162, 0.395628
254885992302, 0.398399, 0.386289
276126491661, 0.389669, 0.377954
297366991019, 0.381900, 0.370539
318607490378, 0.374896, 0.363851
339847989736, 0.368575, 0.357813
361088489095, 0.362864, 0.352354
382328988453, 0.357659, 0.347381
403569487812, 0.352922, 0.342842
424809987170, 0.348578, 0.338663
446050486529, 0.344581, 0.334823
467290985887, 0.340915, 0.331303
488531485246, 0.337541, 0.328058
509771984604, 0.334412, 0.325042
531012483963, 0.331517, 0.322242
552252983322, 0.328845, 0.319658
573493482680, 0.326373, 0.317265
594733982039, 0.324084, 0.315034
615974481397, 0.321941, 0.312949
637214980756, 0.319939, 0.311000
658455480114, 0.318065, 0.309170
679695979473, 0.316325, 0.307472
700936478831, 0.314682, 0.305854
722176978190, 0.313147, 0.304346
743417477548, 0.311715, 0.302930
764657976907, 0.310375, 0.301599
785898476265, 0.309101, 0.300341
807138975624, 0.307915, 0.299162
828379474983, 0.306798, 0.298042
849619974341, 0.305747, 0.296988
870860473700, 0.304752, 0.295988
892100973058, 0.303811, 0.295039
913341472417, 0.302923, 0.294141
934581971775, 0.302076, 0.293283
955822471134, 0.301274, 0.292472
977062970492, 0.300514, 0.291699
998303469851, 0.299795, 0.290964
1019543969209, 0.299104, 0.290260
1040784468568, 0.298458, 0.289601
1062024967927, 0.297847, 0.288972
1083265467285, 0.297266, 0.288371
1104505966644, 0.296711, 0.287798
1125746466002, 0.296176, 0.287251
1146986965361, 0.295671, 0.286725
1168227464719, 0.295202, 0.286237
1189467964078, 0.294742, 0.285762
1210708463436, 0.294306, 0.285308
1231948962795, 0.293893, 0.284878
1253189462153, 0.293502, 0.284471
1274429961512, 0.293136, 0.284089
1295670460870, 0.292779, 0.283714
1316910960229, 0.292444, 0.283363
1338151459588, 0.292121, 0.283023
1359391958946, 0.291813, 0.282699
1380632458305, 0.291517, 0.282391
1401872957663, 0.291236, 0.282098
1423113457022, 0.290968, 0.281818
1444353956380, 0.290712, 0.281551
1465594455739, 0.290470, 0.281297
1486834955097, 0.290237, 0.281053
1508075454456, 0.290014, 0.280821
1529315953814, 0.289803, 0.280603
1550556453173, 0.289602, 0.280396
1571796952531, 0.289408, 0.280195
1593037451890, 0.289227, 0.280007
1614277951249, 0.289063, 0.279834
1635518450607, 0.288905, 0.279669
1656758949966, 0.288755, 0.279511
1677999449324, 0.288613, 0.279365
1699239948683, 0.288476, 0.279224
1720480448041, 0.288351, 0.279095
1741720947400, 0.288234, 0.278973
1762961446758, 0.288124, 0.278860
1784201946117, 0.288023, 0.278754
1805442445475, 0.287928, 0.278656
1826682944834, 0.287842, 0.278566
1847923444192, 0.287758, 0.278480
1869163943551, 0.287684, 0.278401
1890404442910, 0.287617, 0.278331
1911644942268, 0.287556, 0.278267
1932885441627, 0.287500, 0.278209
1954125940985, 0.287454, 0.278161
1975366440344, 0.287411, 0.278117
1996606939702, 0.287375, 0.278079
2017847439061, 0.287342, 0.278045
2039087938419, 0.287315, 0.278017
2060328437778, 0.287297, 0.277998
2081568937136, 0.287283, 0.277984
2102809436495, 0.287274, 0.277976
2124049935854, 0.287272, 0.277973
Time used: 673885 ms
