logging to /data1/flows_res/2016020300-2016020400_unique/tenant_4_profile_res-FIX_RATE-FLOWS-0.01.csvtracefile: /data1/tenant_trace/2016020300-2016020400_unique/tenant_4_trace
open file /data1/tenant_trace/2016020300-2016020400_unique/tenant_4_trace
read 1000000 lines
read 2000000 lines
read 3000000 lines
read 4000000 lines
read 5000000 lines
read 6000000 lines
read 7000000 lines
read 8000000 lines
read 9000000 lines
read 10000000 lines
read 11000000 lines
read 12000000 lines
read 13000000 lines
read 14000000 lines
read 15000000 lines
read 16000000 lines
read 17000000 lines
read 18000000 lines
read 19000000 lines
read 20000000 lines
read 21000000 lines
read 22000000 lines
read 23000000 lines
read 24000000 lines
read 25000000 lines
read 26000000 lines
read 27000000 lines
read 28000000 lines
read 29000000 lines
read 30000000 lines
read 31000000 lines
read 32000000 lines
read 33000000 lines
read 34000000 lines
read 35000000 lines
read 36000000 lines
read 37000000 lines
read 38000000 lines
read 39000000 lines
read 40000000 lines
read 41000000 lines
read 42000000 lines
read 43000000 lines
read 44000000 lines
read 45000000 lines
read 46000000 lines
read 47000000 lines
read 48000000 lines
read 49000000 lines
read 50000000 lines
read 51000000 lines
read 52000000 lines
read 53000000 lines
read 54000000 lines
read 55000000 lines
read 56000000 lines
read 57000000 lines
read 58000000 lines
read 59000000 lines
read 60000000 lines
read 61000000 lines
read 62000000 lines
read 63000000 lines
read 64000000 lines
read 65000000 lines
read 66000000 lines
read 67000000 lines
read 68000000 lines
read 69000000 lines
read 70000000 lines
read 71000000 lines
read 72000000 lines
read 73000000 lines
read 74000000 lines
read 75000000 lines
read 76000000 lines
read 77000000 lines
read 78000000 lines
read 79000000 lines
read 80000000 lines
read 81000000 lines
read 82000000 lines
read 83000000 lines
read 84000000 lines
read 85000000 lines
read 86000000 lines
read 87000000 lines
read 88000000 lines
read 89000000 lines
read 90000000 lines
read 91000000 lines
read 92000000 lines
read 93000000 lines
read 94000000 lines
read 95000000 lines
read 96000000 lines
read 97000000 lines
read 98000000 lines
read 99000000 lines
read 100000000 lines
read 101000000 lines
read 102000000 lines
read 103000000 lines
read 104000000 lines
read 105000000 lines
read 106000000 lines
read 107000000 lines
read 108000000 lines
read 109000000 lines
read 110000000 lines
read 111000000 lines
read 112000000 lines
read 113000000 lines
read 114000000 lines
read 115000000 lines
read 116000000 lines
read 117000000 lines
read 118000000 lines
read 119000000 lines
read 120000000 lines
read 121000000 lines
read 122000000 lines
read 123000000 lines
read 124000000 lines
read 125000000 lines
read 126000000 lines
read 127000000 lines
read 128000000 lines
read 129000000 lines
read 130000000 lines
read 131000000 lines
read 132000000 lines
read 133000000 lines
read 134000000 lines
read 135000000 lines
read 136000000 lines
read 137000000 lines
read 138000000 lines
read 139000000 lines
read 140000000 lines
read 141000000 lines
read 142000000 lines
read 143000000 lines
read 144000000 lines
read 145000000 lines
read 146000000 lines
read 147000000 lines
read 148000000 lines
read 149000000 lines
read 150000000 lines
read 151000000 lines
read 152000000 lines
read 153000000 lines
read 154000000 lines
read 155000000 lines
read 156000000 lines
read 157000000 lines
read 158000000 lines
read 159000000 lines
read 160000000 lines
read 161000000 lines
read 162000000 lines
read 163000000 lines
read 164000000 lines
read 165000000 lines
read 166000000 lines
read 167000000 lines
read 168000000 lines
read 169000000 lines
read 170000000 lines
read 171000000 lines
read 172000000 lines
read 173000000 lines
read 174000000 lines
read 175000000 lines
read 176000000 lines
read 177000000 lines
read 178000000 lines
read 179000000 lines
read 180000000 lines
read 181000000 lines
read 182000000 lines
read 183000000 lines
read 184000000 lines
read 185000000 lines
read 186000000 lines
read 187000000 lines
read 188000000 lines
read 189000000 lines
read 190000000 lines
read 191000000 lines
read 192000000 lines
read 193000000 lines
read 194000000 lines
read 195000000 lines
read 196000000 lines
read 197000000 lines
read 198000000 lines
read 199000000 lines
read 200000000 lines
read 201000000 lines
read 202000000 lines
read 203000000 lines
read 204000000 lines
read 205000000 lines
read 206000000 lines
read 207000000 lines
read 208000000 lines
read 209000000 lines
read 210000000 lines
read 211000000 lines
read 212000000 lines
read 213000000 lines
read 214000000 lines
read 215000000 lines
read 216000000 lines
read 217000000 lines
read 218000000 lines
read 219000000 lines
read 220000000 lines
read 221000000 lines
read 222000000 lines
read 223000000 lines
read 224000000 lines
read 225000000 lines
read 226000000 lines
read 227000000 lines
read 228000000 lines
read 229000000 lines
read 230000000 lines
read 231000000 lines
read 232000000 lines
read 233000000 lines
read 234000000 lines
read 235000000 lines
read 236000000 lines
read 237000000 lines
read 238000000 lines
read 239000000 lines
read 240000000 lines
read 241000000 lines
read 242000000 lines
read 243000000 lines
read 244000000 lines
read 245000000 lines
read 246000000 lines
read 247000000 lines
read 248000000 lines
read 249000000 lines
read 250000000 lines
read 251000000 lines
read 252000000 lines
read 253000000 lines
read 254000000 lines
read 255000000 lines
read 256000000 lines
read 257000000 lines
read 258000000 lines
read 259000000 lines
read 260000000 lines
read 261000000 lines
read 262000000 lines
read 263000000 lines
read 264000000 lines
read 265000000 lines
read 266000000 lines
read 267000000 lines
read 268000000 lines
read 269000000 lines
read 270000000 lines
read 271000000 lines
read 272000000 lines
read 273000000 lines
read 274000000 lines
read 275000000 lines
read 276000000 lines
read 277000000 lines
read 278000000 lines
read 279000000 lines
read 280000000 lines
read 281000000 lines
read 282000000 lines
read 283000000 lines
read 284000000 lines
read 285000000 lines
read 286000000 lines
read 287000000 lines
read 288000000 lines
read 289000000 lines
read 290000000 lines
read 291000000 lines
read 292000000 lines
read 293000000 lines
read 294000000 lines
read 295000000 lines
read 296000000 lines
read 297000000 lines
read 298000000 lines
read 299000000 lines
read 300000000 lines
read 301000000 lines
read 302000000 lines
read 303000000 lines
read 304000000 lines
read 305000000 lines
read 306000000 lines
read 307000000 lines
read 308000000 lines
read 309000000 lines
read 310000000 lines
read 311000000 lines
read 312000000 lines
read 313000000 lines
read 314000000 lines
read 315000000 lines
read 316000000 lines
read 317000000 lines
read 318000000 lines
read 319000000 lines
read 320000000 lines
read 321000000 lines
read 322000000 lines
read 323000000 lines
read 324000000 lines
read 325000000 lines
read 326000000 lines
read 327000000 lines
read 328000000 lines
read 329000000 lines
read 330000000 lines
read 331000000 lines
read 332000000 lines
read 333000000 lines
read 334000000 lines
read 335000000 lines
read 336000000 lines
read 337000000 lines
read 338000000 lines
read 339000000 lines
read 340000000 lines
read 341000000 lines
read 342000000 lines
read 343000000 lines
read 344000000 lines
read 345000000 lines
read 346000000 lines
read 347000000 lines
read 348000000 lines
read 349000000 lines
read 350000000 lines
read 351000000 lines
read 352000000 lines
read 353000000 lines
read 354000000 lines
read 355000000 lines
read 356000000 lines
read 357000000 lines
read 358000000 lines
read 359000000 lines
read 360000000 lines
read 361000000 lines
read 362000000 lines
read 363000000 lines
read 364000000 lines
read 365000000 lines
read 366000000 lines
read 367000000 lines
read 368000000 lines
read 369000000 lines
read 370000000 lines
read 371000000 lines
read 372000000 lines
[FILE]: /data1/tenant_trace/2016020300-2016020400_unique/tenant_4_trace
total_access_num: 372858875
total_access_size: 4688356363912
unique_access_num: 105466047
unique_access_size: 1351740585186
min_item_size: 1
[method]: FLOWS
[metric]: MAE
[seed]: 42
[sample_method]: FIX_RATE
[sample_metric]: 0.01
MAEQ_factor: 1.325972
cache_size, BMRC_ratio, OMRC_ratio
13517405851, 0.650136, 0.658132
27034811703, 0.575387, 0.580309
40552217555, 0.530218, 0.533357
54069623407, 0.498417, 0.500289
67587029259, 0.474353, 0.475280
81104435111, 0.455256, 0.455494
94621840963, 0.439872, 0.439475
108139246814, 0.426968, 0.426068
121656652666, 0.415789, 0.414482
135174058518, 0.406206, 0.404522
148691464370, 0.397749, 0.395832
162208870222, 0.390259, 0.388061
175726276074, 0.383672, 0.381248
189243681926, 0.377574, 0.374923
202761087777, 0.372065, 0.369264
216278493629, 0.367075, 0.364093
229795899481, 0.362612, 0.359415
243313305333, 0.358387, 0.355054
256830711185, 0.354449, 0.350977
270348117037, 0.350892, 0.347329
283865522889, 0.347579, 0.343900
297382928740, 0.344374, 0.340559
310900334592, 0.341433, 0.337558
324417740444, 0.338699, 0.334726
337935146296, 0.336105, 0.332082
351452552148, 0.333664, 0.329587
364969958000, 0.331408, 0.327274
378487363852, 0.329260, 0.325041
392004769703, 0.327138, 0.322889
405522175555, 0.325168, 0.320879
419039581407, 0.323389, 0.318986
432556987259, 0.321707, 0.317260
446074393111, 0.320047, 0.315547
459591798963, 0.318497, 0.313966
473109204815, 0.316985, 0.312384
486626610666, 0.315592, 0.310975
500144016518, 0.314259, 0.309585
513661422370, 0.312991, 0.308296
527178828222, 0.311772, 0.307070
540696234074, 0.310607, 0.305887
554213639926, 0.309477, 0.304745
567731045778, 0.308374, 0.303640
581248451629, 0.307344, 0.302573
594765857481, 0.306392, 0.301606
608283263333, 0.305459, 0.300671
621800669185, 0.304577, 0.299779
635318075037, 0.303742, 0.298945
648835480889, 0.302955, 0.298148
662352886741, 0.302174, 0.297353
675870292593, 0.301423, 0.296592
689387698444, 0.300742, 0.295909
702905104296, 0.300081, 0.295228
716422510148, 0.299422, 0.294583
729939916000, 0.298788, 0.293948
743457321852, 0.298171, 0.293351
756974727704, 0.297581, 0.292756
770492133556, 0.297028, 0.292200
784009539407, 0.296518, 0.291682
797526945259, 0.296026, 0.291184
811044351111, 0.295529, 0.290692
824561756963, 0.295069, 0.290226
838079162815, 0.294615, 0.289780
851596568667, 0.294168, 0.289350
865113974519, 0.293744, 0.288923
878631380370, 0.293352, 0.288549
892148786222, 0.292980, 0.288167
905666192074, 0.292636, 0.287834
919183597926, 0.292284, 0.287489
932701003778, 0.291974, 0.287187
946218409630, 0.291662, 0.286865
959735815482, 0.291381, 0.286589
973253221333, 0.291125, 0.286329
986770627185, 0.290873, 0.286077
1000288033037, 0.290642, 0.285852
1013805438889, 0.290416, 0.285630
1027322844741, 0.290193, 0.285404
1040840250593, 0.289999, 0.285213
1054357656445, 0.289804, 0.285026
1067875062296, 0.289633, 0.284848
1081392468148, 0.289458, 0.284676
1094909874000, 0.289301, 0.284518
1108427279852, 0.289139, 0.284353
1121944685704, 0.288993, 0.284203
1135462091556, 0.288857, 0.284067
1148979497408, 0.288734, 0.283943
1162496903259, 0.288604, 0.283814
1176014309111, 0.288490, 0.283704
1189531714963, 0.288389, 0.283609
1203049120815, 0.288282, 0.283507
1216566526667, 0.288199, 0.283422
1230083932519, 0.288131, 0.283355
1243601338371, 0.288067, 0.283289
1257118744222, 0.288006, 0.283229
1270636150074, 0.287957, 0.283181
1284153555926, 0.287919, 0.283143
1297670961778, 0.287892, 0.283114
1311188367630, 0.287873, 0.283097
1324705773482, 0.287857, 0.283081
1338223179334, 0.287845, 0.283071
1351740585186, 0.287841, 0.283068
Time used: 321855 ms
