logging to /opt/shards_res_1000/2016020400-2016020500_unique/tenant_6_profile_res-FIX_RATE-SHARDS-0.01.csvtracefile: /data1/tenant_trace/2016020400-2016020500_unique/tenant_6_trace
open file /data1/tenant_trace/2016020400-2016020500_unique/tenant_6_trace
read 1000000 lines
read 2000000 lines
read 3000000 lines
read 4000000 lines
read 5000000 lines
read 6000000 lines
read 7000000 lines
read 8000000 lines
read 9000000 lines
read 10000000 lines
read 11000000 lines
read 12000000 lines
read 13000000 lines
read 14000000 lines
read 15000000 lines
read 16000000 lines
read 17000000 lines
read 18000000 lines
read 19000000 lines
read 20000000 lines
read 21000000 lines
read 22000000 lines
read 23000000 lines
read 24000000 lines
read 25000000 lines
read 26000000 lines
read 27000000 lines
read 28000000 lines
read 29000000 lines
read 30000000 lines
read 31000000 lines
read 32000000 lines
read 33000000 lines
read 34000000 lines
read 35000000 lines
read 36000000 lines
read 37000000 lines
read 38000000 lines
read 39000000 lines
read 40000000 lines
read 41000000 lines
read 42000000 lines
read 43000000 lines
read 44000000 lines
read 45000000 lines
read 46000000 lines
read 47000000 lines
read 48000000 lines
read 49000000 lines
read 50000000 lines
read 51000000 lines
read 52000000 lines
read 53000000 lines
read 54000000 lines
read 55000000 lines
read 56000000 lines
read 57000000 lines
read 58000000 lines
read 59000000 lines
read 60000000 lines
read 61000000 lines
read 62000000 lines
read 63000000 lines
read 64000000 lines
read 65000000 lines
read 66000000 lines
read 67000000 lines
read 68000000 lines
read 69000000 lines
read 70000000 lines
read 71000000 lines
read 72000000 lines
read 73000000 lines
read 74000000 lines
read 75000000 lines
read 76000000 lines
read 77000000 lines
read 78000000 lines
read 79000000 lines
read 80000000 lines
read 81000000 lines
read 82000000 lines
read 83000000 lines
read 84000000 lines
read 85000000 lines
read 86000000 lines
read 87000000 lines
read 88000000 lines
read 89000000 lines
read 90000000 lines
read 91000000 lines
[FILE]: /data1/tenant_trace/2016020400-2016020500_unique/tenant_6_trace
total_access_num: 91314146
total_access_size: 10219274324976
unique_access_num: 34727129
unique_access_size: 3044118186558
min_item_size: 1
[method]: SHARDS
[metric]: MAE
[seed]: 42
[sample_method]: FIX_RATE
[sample_metric]: 0.01
MAEQ_factor: 1.029191
cache_size, BMRC_ratio, OMRC_ratio
3044118186, 0.875584, 0.912299
6088236373, 0.839194, 0.886381
9132354559, 0.811072, 0.866187
12176472746, 0.789294, 0.849162
15220590932, 0.771890, 0.834583
18264709119, 0.755754, 0.821583
21308827305, 0.741806, 0.809852
24352945492, 0.729169, 0.799266
27397063679, 0.717822, 0.789542
30441181865, 0.706999, 0.780419
33485300052, 0.697015, 0.772037
36529418238, 0.687603, 0.764046
39573536425, 0.678991, 0.756436
42617654611, 0.670944, 0.749027
45661772798, 0.663617, 0.742154
48705890984, 0.656428, 0.735573
51750009171, 0.649134, 0.729388
54794127358, 0.642242, 0.723429
57838245544, 0.636079, 0.717507
60882363731, 0.629814, 0.711920
63926481917, 0.623683, 0.706607
66970600104, 0.618091, 0.701526
70014718290, 0.612935, 0.696704
73058836477, 0.607607, 0.691811
76102954663, 0.602563, 0.687240
79147072850, 0.598123, 0.682847
82191191037, 0.593895, 0.678612
85235309223, 0.589267, 0.674475
88279427410, 0.584506, 0.670372
91323545596, 0.580363, 0.666387
94367663783, 0.576221, 0.662541
97411781969, 0.572002, 0.658710
100455900156, 0.567891, 0.655063
103500018342, 0.564172, 0.651504
106544136529, 0.560723, 0.648059
109588254716, 0.557387, 0.644765
112632372902, 0.554288, 0.641491
115676491089, 0.551051, 0.638354
118720609275, 0.547843, 0.635131
121764727462, 0.544565, 0.632152
124808845648, 0.541989, 0.629228
127852963835, 0.538644, 0.626215
130897082021, 0.535535, 0.623332
133941200208, 0.532926, 0.620560
136985318395, 0.530304, 0.617866
140029436581, 0.527427, 0.615217
143073554768, 0.524942, 0.612653
146117672954, 0.522438, 0.610193
149161791141, 0.519889, 0.607760
152205909327, 0.517356, 0.605254
155250027514, 0.514900, 0.602870
158294145701, 0.512436, 0.600529
161338263887, 0.510132, 0.598200
164382382074, 0.507892, 0.595910
167426500260, 0.505419, 0.593610
170470618447, 0.503303, 0.591497
173514736633, 0.500954, 0.589299
176558854820, 0.498712, 0.587126
179602973006, 0.496769, 0.585084
182647091193, 0.494587, 0.583120
185691209380, 0.492484, 0.581147
188735327566, 0.490535, 0.579205
191779445753, 0.488555, 0.577300
194823563939, 0.486610, 0.575378
197867682126, 0.484656, 0.573492
200911800312, 0.482828, 0.571688
203955918499, 0.480884, 0.569858
207000036685, 0.479125, 0.568059
210044154872, 0.477379, 0.566321
213088273059, 0.475530, 0.564555
216132391245, 0.473962, 0.562873
219176509432, 0.472436, 0.561232
222220627618, 0.470936, 0.559592
225264745805, 0.469176, 0.557976
228308863991, 0.467736, 0.556365
231352982178, 0.465970, 0.554811
234397100364, 0.464579, 0.553296
237441218551, 0.463019, 0.551749
240485336738, 0.461636, 0.550209
243529454924, 0.460077, 0.548750
246573573111, 0.458579, 0.547338
249617691297, 0.457158, 0.545943
252661809484, 0.455603, 0.544472
255705927670, 0.454177, 0.543143
258750045857, 0.452821, 0.541666
261794164043, 0.451371, 0.540314
264838282230, 0.450030, 0.538956
267882400417, 0.448699, 0.537648
270926518603, 0.447384, 0.536375
273970636790, 0.446206, 0.535181
277014754976, 0.444780, 0.533880
280058873163, 0.443582, 0.532663
283102991349, 0.442337, 0.531391
286147109536, 0.441350, 0.530236
289191227723, 0.440177, 0.529062
292235345909, 0.438973, 0.527931
295279464096, 0.437849, 0.526767
298323582282, 0.436726, 0.525573
301367700469, 0.435647, 0.524458
304411818655, 0.434488, 0.523309
307455936842, 0.433440, 0.522199
310500055028, 0.432357, 0.521085
313544173215, 0.431029, 0.519945
316588291402, 0.429903, 0.518862
319632409588, 0.428873, 0.517855
322676527775, 0.427811, 0.516789
325720645961, 0.426908, 0.515756
328764764148, 0.425776, 0.514715
331808882334, 0.424779, 0.513660
334853000521, 0.423822, 0.512665
337897118707, 0.422884, 0.511645
340941236894, 0.421770, 0.510613
343985355081, 0.420814, 0.509623
347029473267, 0.419985, 0.508666
350073591454, 0.419099, 0.507673
353117709640, 0.418242, 0.506752
356161827827, 0.417430, 0.505790
359205946013, 0.416631, 0.504878
362250064200, 0.415865, 0.504045
365294182386, 0.414945, 0.503167
368338300573, 0.414142, 0.502276
371382418760, 0.413288, 0.501381
374426536946, 0.412343, 0.500509
377470655133, 0.411532, 0.499657
380514773319, 0.410617, 0.498866
383558891506, 0.409710, 0.498038
386603009692, 0.408881, 0.497200
389647127879, 0.408138, 0.496360
392691246065, 0.407252, 0.495518
395735364252, 0.406315, 0.494707
398779482439, 0.405516, 0.493888
401823600625, 0.404588, 0.493090
404867718812, 0.403841, 0.492325
407911836998, 0.403057, 0.491517
410955955185, 0.402257, 0.490735
414000073371, 0.401527, 0.489976
417044191558, 0.400765, 0.489199
420088309745, 0.400045, 0.488458
423132427931, 0.399310, 0.487766
426176546118, 0.398615, 0.487015
429220664304, 0.397948, 0.486298
432264782491, 0.397107, 0.485562
435308900677, 0.396378, 0.484881
438353018864, 0.395856, 0.484233
441397137050, 0.395278, 0.483573
444441255237, 0.394605, 0.482931
447485373424, 0.393999, 0.482220
450529491610, 0.393342, 0.481521
453573609797, 0.392715, 0.480905
456617727983, 0.392079, 0.480231
459661846170, 0.391397, 0.479538
462705964356, 0.390807, 0.478859
465750082543, 0.390124, 0.478166
468794200729, 0.389535, 0.477542
471838318916, 0.388988, 0.476943
474882437103, 0.388428, 0.476362
477926555289, 0.387774, 0.475713
480970673476, 0.387229, 0.475088
484014791662, 0.386710, 0.474512
487058909849, 0.385994, 0.473871
490103028035, 0.385473, 0.473270
493147146222, 0.384809, 0.472710
496191264408, 0.384128, 0.472087
499235382595, 0.383559, 0.471541
502279500782, 0.382947, 0.470956
505323618968, 0.382370, 0.470355
508367737155, 0.381855, 0.469798
511411855341, 0.381343, 0.469246
514455973528, 0.380828, 0.468649
517500091714, 0.380255, 0.468105
520544209901, 0.379731, 0.467537
523588328087, 0.379241, 0.466996
526632446274, 0.378762, 0.466454
529676564461, 0.378329, 0.465942
532720682647, 0.377918, 0.465425
535764800834, 0.377470, 0.464862
538808919020, 0.376944, 0.464328
541853037207, 0.376484, 0.463813
544897155393, 0.375927, 0.463318
547941273580, 0.375406, 0.462771
550985391766, 0.374919, 0.462236
554029509953, 0.374524, 0.461739
557073628140, 0.373949, 0.461227
560117746326, 0.373514, 0.460744
563161864513, 0.373113, 0.460231
566205982699, 0.372576, 0.459749
569250100886, 0.372089, 0.459250
572294219072, 0.371500, 0.458787
575338337259, 0.371057, 0.458317
578382455446, 0.370608, 0.457860
581426573632, 0.370241, 0.457397
584470691819, 0.369668, 0.456877
587514810005, 0.369160, 0.456406
590558928192, 0.368700, 0.455939
593603046378, 0.368197, 0.455451
596647164565, 0.367718, 0.454995
599691282751, 0.367210, 0.454517
602735400938, 0.366806, 0.454051
605779519125, 0.366473, 0.453622
608823637311, 0.366096, 0.453210
611867755498, 0.365695, 0.452791
614911873684, 0.365207, 0.452317
617955991871, 0.364890, 0.451918
621000110057, 0.364529, 0.451506
624044228244, 0.364157, 0.451063
627088346430, 0.363707, 0.450606
630132464617, 0.363402, 0.450210
633176582804, 0.363086, 0.449826
636220700990, 0.362746, 0.449430
639264819177, 0.362392, 0.449029
642308937363, 0.362037, 0.448623
645353055550, 0.361749, 0.448250
648397173736, 0.361430, 0.447860
651441291923, 0.361048, 0.447484
654485410109, 0.360642, 0.447088
657529528296, 0.360211, 0.446714
660573646483, 0.359813, 0.446323
663617764669, 0.359507, 0.445987
666661882856, 0.359236, 0.445626
669706001042, 0.358801, 0.445249
672750119229, 0.358522, 0.444869
675794237415, 0.358174, 0.444486
678838355602, 0.357785, 0.444099
681882473788, 0.357415, 0.443723
684926591975, 0.357056, 0.443389
687970710162, 0.356639, 0.443005
691014828348, 0.356311, 0.442632
694058946535, 0.355968, 0.442279
697103064721, 0.355623, 0.441911
700147182908, 0.355285, 0.441576
703191301094, 0.355014, 0.441226
706235419281, 0.354695, 0.440877
709279537468, 0.354418, 0.440552
712323655654, 0.354112, 0.440223
715367773841, 0.353823, 0.439886
718411892027, 0.353471, 0.439549
721456010214, 0.353060, 0.439187
724500128400, 0.352785, 0.438884
727544246587, 0.352493, 0.438571
730588364773, 0.352191, 0.438252
733632482960, 0.351900, 0.437935
736676601147, 0.351612, 0.437615
739720719333, 0.351391, 0.437322
742764837520, 0.351045, 0.437041
745808955706, 0.350704, 0.436672
748853073893, 0.350426, 0.436363
751897192079, 0.350148, 0.436083
754941310266, 0.349802, 0.435744
757985428452, 0.349602, 0.435495
761029546639, 0.349376, 0.435195
764073664826, 0.349129, 0.434902
767117783012, 0.348894, 0.434605
770161901199, 0.348613, 0.434314
773206019385, 0.348258, 0.434010
776250137572, 0.348058, 0.433762
779294255758, 0.347744, 0.433469
782338373945, 0.347521, 0.433148
785382492131, 0.347260, 0.432841
788426610318, 0.347087, 0.432585
791470728505, 0.346711, 0.432294
794514846691, 0.346418, 0.431989
797558964878, 0.346189, 0.431711
800603083064, 0.345922, 0.431400
803647201251, 0.345698, 0.431109
806691319437, 0.345435, 0.430821
809735437624, 0.345186, 0.430509
812779555810, 0.344956, 0.430225
815823673997, 0.344756, 0.429984
818867792184, 0.344513, 0.429723
821911910370, 0.344226, 0.429439
824956028557, 0.343953, 0.429142
828000146743, 0.343704, 0.428866
831044264930, 0.343448, 0.428586
834088383116, 0.343249, 0.428346
837132501303, 0.342992, 0.428072
840176619490, 0.342762, 0.427839
843220737676, 0.342481, 0.427601
846264855863, 0.342247, 0.427357
849308974049, 0.341992, 0.427117
852353092236, 0.341710, 0.426882
855397210422, 0.341510, 0.426619
858441328609, 0.341310, 0.426383
861485446795, 0.341022, 0.426139
864529564982, 0.340805, 0.425886
867573683169, 0.340646, 0.425672
870617801355, 0.340371, 0.425414
873661919542, 0.340129, 0.425170
876706037728, 0.339903, 0.424923
879750155915, 0.339703, 0.424702
882794274101, 0.339501, 0.424469
885838392288, 0.339280, 0.424198
888882510474, 0.339051, 0.423947
891926628661, 0.338793, 0.423717
894970746848, 0.338488, 0.423480
898014865034, 0.338279, 0.423254
901058983221, 0.337931, 0.422982
904103101407, 0.337734, 0.422750
907147219594, 0.337511, 0.422523
910191337780, 0.337270, 0.422284
913235455967, 0.337014, 0.422052
916279574153, 0.336834, 0.421814
919323692340, 0.336661, 0.421616
922367810527, 0.336366, 0.421402
925411928713, 0.336179, 0.421195
928456046900, 0.336020, 0.420982
931500165086, 0.335872, 0.420784
934544283273, 0.335681, 0.420552
937588401459, 0.335500, 0.420318
940632519646, 0.335362, 0.420126
943676637832, 0.335196, 0.419922
946720756019, 0.334995, 0.419727
949764874206, 0.334808, 0.419515
952808992392, 0.334653, 0.419323
955853110579, 0.334524, 0.419134
958897228765, 0.334376, 0.418931
961941346952, 0.334120, 0.418735
964985465138, 0.333913, 0.418516
968029583325, 0.333758, 0.418315
971073701512, 0.333613, 0.418159
974117819698, 0.333480, 0.417961
977161937885, 0.333331, 0.417773
980206056071, 0.333111, 0.417599
983250174258, 0.332868, 0.417381
986294292444, 0.332714, 0.417192
989338410631, 0.332562, 0.417006
992382528817, 0.332389, 0.416834
995426647004, 0.332213, 0.416640
998470765191, 0.332025, 0.416443
1001514883377, 0.331881, 0.416242
1004559001564, 0.331765, 0.416070
1007603119750, 0.331540, 0.415886
1010647237937, 0.331402, 0.415720
1013691356123, 0.331243, 0.415560
1016735474310, 0.331114, 0.415397
1019779592496, 0.330967, 0.415234
1022823710683, 0.330770, 0.415054
1025867828870, 0.330579, 0.414887
1028911947056, 0.330388, 0.414717
1031956065243, 0.330239, 0.414550
1035000183429, 0.330113, 0.414382
1038044301616, 0.329990, 0.414193
1041088419802, 0.329843, 0.414015
1044132537989, 0.329673, 0.413859
1047176656175, 0.329501, 0.413697
1050220774362, 0.329376, 0.413549
1053264892549, 0.329200, 0.413403
1056309010735, 0.329078, 0.413241
1059353128922, 0.328936, 0.413064
1062397247108, 0.328689, 0.412901
1065441365295, 0.328517, 0.412740
1068485483481, 0.328405, 0.412598
1071529601668, 0.328197, 0.412427
1074573719854, 0.328050, 0.412291
1077617838041, 0.327926, 0.412128
1080661956228, 0.327755, 0.411974
1083706074414, 0.327618, 0.411806
1086750192601, 0.327413, 0.411640
1089794310787, 0.327236, 0.411491
1092838428974, 0.327130, 0.411334
1095882547160, 0.326915, 0.411188
1098926665347, 0.326780, 0.411041
1101970783533, 0.326516, 0.410858
1105014901720, 0.326398, 0.410708
1108059019907, 0.326277, 0.410593
1111103138093, 0.326146, 0.410426
1114147256280, 0.326038, 0.410292
1117191374466, 0.325905, 0.410147
1120235492653, 0.325756, 0.410001
1123279610839, 0.325644, 0.409846
1126323729026, 0.325502, 0.409701
1129367847213, 0.325369, 0.409537
1132411965399, 0.325244, 0.409392
1135456083586, 0.325096, 0.409259
1138500201772, 0.324953, 0.409122
1141544319959, 0.324792, 0.408976
1144588438145, 0.324700, 0.408828
1147632556332, 0.324530, 0.408688
1150676674518, 0.324431, 0.408543
1153720792705, 0.324306, 0.408427
1156764910892, 0.324221, 0.408303
1159809029078, 0.324129, 0.408163
1162853147265, 0.324041, 0.408030
1165897265451, 0.323933, 0.407894
1168941383638, 0.323835, 0.407755
1171985501824, 0.323698, 0.407625
1175029620011, 0.323560, 0.407463
1178073738197, 0.323440, 0.407326
1181117856384, 0.323353, 0.407193
1184161974571, 0.323140, 0.407011
1187206092757, 0.323014, 0.406864
1190250210944, 0.322848, 0.406709
1193294329130, 0.322699, 0.406591
1196338447317, 0.322592, 0.406459
1199382565503, 0.322418, 0.406328
1202426683690, 0.322245, 0.406212
1205470801876, 0.322163, 0.406086
1208514920063, 0.322053, 0.405965
1211559038250, 0.321882, 0.405848
1214603156436, 0.321792, 0.405718
1217647274623, 0.321673, 0.405581
1220691392809, 0.321559, 0.405452
1223735510996, 0.321382, 0.405333
1226779629182, 0.321293, 0.405197
1229823747369, 0.321128, 0.405069
1232867865555, 0.321017, 0.404952
1235911983742, 0.320932, 0.404829
1238956101929, 0.320785, 0.404709
1242000220115, 0.320646, 0.404596
1245044338302, 0.320553, 0.404472
1248088456488, 0.320328, 0.404346
1251132574675, 0.320147, 0.404233
1254176692861, 0.320065, 0.404105
1257220811048, 0.319939, 0.403978
1260264929235, 0.319825, 0.403875
1263309047421, 0.319717, 0.403757
1266353165608, 0.319624, 0.403643
1269397283794, 0.319504, 0.403516
1272441401981, 0.319369, 0.403379
1275485520167, 0.319311, 0.403286
1278529638354, 0.319238, 0.403192
1281573756540, 0.319128, 0.403086
1284617874727, 0.319037, 0.402976
1287661992914, 0.318951, 0.402851
1290706111100, 0.318873, 0.402748
1293750229287, 0.318799, 0.402640
1296794347473, 0.318644, 0.402523
1299838465660, 0.318567, 0.402423
1302882583846, 0.318469, 0.402321
1305926702033, 0.318316, 0.402219
1308970820219, 0.318221, 0.402104
1312014938406, 0.318086, 0.401990
1315059056593, 0.318002, 0.401874
1318103174779, 0.317924, 0.401765
1321147292966, 0.317720, 0.401662
1324191411152, 0.317639, 0.401560
1327235529339, 0.317570, 0.401467
1330279647525, 0.317503, 0.401358
1333323765712, 0.317439, 0.401263
1336367883898, 0.317343, 0.401133
1339412002085, 0.317264, 0.401025
1342456120272, 0.317163, 0.400923
1345500238458, 0.317068, 0.400823
1348544356645, 0.316988, 0.400716
1351588474831, 0.316916, 0.400631
1354632593018, 0.316800, 0.400537
1357676711204, 0.316673, 0.400440
1360720829391, 0.316515, 0.400342
1363764947577, 0.316415, 0.400251
1366809065764, 0.316321, 0.400150
1369853183951, 0.316221, 0.400046
1372897302137, 0.316141, 0.399952
1375941420324, 0.316048, 0.399833
1378985538510, 0.315931, 0.399725
1382029656697, 0.315834, 0.399626
1385073774883, 0.315715, 0.399525
1388117893070, 0.315634, 0.399408
1391162011257, 0.315531, 0.399317
1394206129443, 0.315460, 0.399217
1397250247630, 0.315409, 0.399139
1400294365816, 0.315283, 0.399030
1403338484003, 0.315211, 0.398943
1406382602189, 0.315142, 0.398855
1409426720376, 0.315088, 0.398775
1412470838562, 0.315029, 0.398694
1415514956749, 0.314970, 0.398610
1418559074936, 0.314856, 0.398501
1421603193122, 0.314763, 0.398419
1424647311309, 0.314680, 0.398326
1427691429495, 0.314576, 0.398245
1430735547682, 0.314503, 0.398156
1433779665868, 0.314452, 0.398071
1436823784055, 0.314390, 0.398005
1439867902241, 0.314312, 0.397913
1442912020428, 0.314247, 0.397827
1445956138615, 0.314181, 0.397736
1449000256801, 0.314095, 0.397647
1452044374988, 0.313999, 0.397559
1455088493174, 0.313865, 0.397480
1458132611361, 0.313677, 0.397393
1461176729547, 0.313581, 0.397310
1464220847734, 0.313504, 0.397212
1467264965920, 0.313451, 0.397142
1470309084107, 0.313398, 0.397058
1473353202294, 0.313336, 0.396975
1476397320480, 0.313297, 0.396903
1479441438667, 0.313223, 0.396801
1482485556853, 0.313135, 0.396711
1485529675040, 0.313069, 0.396628
1488573793226, 0.313017, 0.396551
1491617911413, 0.312921, 0.396472
1494662029599, 0.312829, 0.396400
1497706147786, 0.312773, 0.396321
1500750265973, 0.312701, 0.396245
1503794384159, 0.312626, 0.396151
1506838502346, 0.312563, 0.396080
1509882620532, 0.312510, 0.396014
1512926738719, 0.312402, 0.395939
1515970856905, 0.312332, 0.395855
1519014975092, 0.312283, 0.395773
1522059093279, 0.312228, 0.395709
1525103211465, 0.312139, 0.395628
1528147329652, 0.312043, 0.395559
1531191447838, 0.311993, 0.395490
1534235566025, 0.311946, 0.395425
1537279684211, 0.311888, 0.395347
1540323802398, 0.311807, 0.395259
1543367920584, 0.311763, 0.395183
1546412038771, 0.311698, 0.395120
1549456156958, 0.311645, 0.395045
1552500275144, 0.311593, 0.394967
1555544393331, 0.311557, 0.394903
1558588511517, 0.311512, 0.394834
1561632629704, 0.311428, 0.394751
1564676747890, 0.311378, 0.394677
1567720866077, 0.311334, 0.394615
1570764984263, 0.311227, 0.394546
1573809102450, 0.311164, 0.394468
1576853220637, 0.311113, 0.394390
1579897338823, 0.311064, 0.394320
1582941457010, 0.311004, 0.394240
1585985575196, 0.310948, 0.394159
1589029693383, 0.310901, 0.394094
1592073811569, 0.310808, 0.394015
1595117929756, 0.310703, 0.393936
1598162047942, 0.310677, 0.393884
1601206166129, 0.310642, 0.393832
1604250284316, 0.310566, 0.393754
1607294402502, 0.310523, 0.393683
1610338520689, 0.310451, 0.393620
1613382638875, 0.310391, 0.393548
1616426757062, 0.310353, 0.393491
1619470875248, 0.310270, 0.393430
1622514993435, 0.310212, 0.393362
1625559111621, 0.310177, 0.393303
1628603229808, 0.310137, 0.393239
1631647347995, 0.310095, 0.393173
1634691466181, 0.310046, 0.393101
1637735584368, 0.309984, 0.393042
1640779702554, 0.309937, 0.392975
1643823820741, 0.309826, 0.392904
1646867938927, 0.309763, 0.392829
1649912057114, 0.309689, 0.392768
1652956175300, 0.309654, 0.392710
1656000293487, 0.309611, 0.392647
1659044411674, 0.309501, 0.392578
1662088529860, 0.309416, 0.392520
1665132648047, 0.309371, 0.392461
1668176766233, 0.309327, 0.392390
1671220884420, 0.309284, 0.392324
1674265002606, 0.309245, 0.392258
1677309120793, 0.309164, 0.392198
1680353238980, 0.309124, 0.392139
1683397357166, 0.309062, 0.392083
1686441475353, 0.309003, 0.392024
1689485593539, 0.308947, 0.391967
1692529711726, 0.308901, 0.391907
1695573829912, 0.308865, 0.391853
1698617948099, 0.308704, 0.391787
1701662066285, 0.308612, 0.391735
1704706184472, 0.308579, 0.391679
1707750302659, 0.308529, 0.391622
1710794420845, 0.308493, 0.391572
1713838539032, 0.308440, 0.391517
1716882657218, 0.308386, 0.391472
1719926775405, 0.308289, 0.391403
1722970893591, 0.308204, 0.391334
1726015011778, 0.308164, 0.391271
1729059129964, 0.308123, 0.391218
1732103248151, 0.308017, 0.391152
1735147366338, 0.307986, 0.391106
1738191484524, 0.307951, 0.391058
1741235602711, 0.307913, 0.391004
1744279720897, 0.307831, 0.390946
1747323839084, 0.307800, 0.390894
1750367957270, 0.307768, 0.390840
1753412075457, 0.307728, 0.390793
1756456193643, 0.307678, 0.390733
1759500311830, 0.307643, 0.390687
1762544430017, 0.307614, 0.390641
1765588548203, 0.307587, 0.390605
1768632666390, 0.307534, 0.390552
1771676784576, 0.307493, 0.390495
1774720902763, 0.307443, 0.390425
1777765020949, 0.307411, 0.390372
1780809139136, 0.307384, 0.390331
1783853257322, 0.307340, 0.390285
1786897375509, 0.307236, 0.390225
1789941493696, 0.307170, 0.390172
1792985611882, 0.307093, 0.390116
1796029730069, 0.307060, 0.390070
1799073848255, 0.307024, 0.390010
1802117966442, 0.306987, 0.389955
1805162084628, 0.306910, 0.389907
1808206202815, 0.306875, 0.389865
1811250321002, 0.306834, 0.389809
1814294439188, 0.306791, 0.389759
1817338557375, 0.306761, 0.389709
1820382675561, 0.306737, 0.389667
1823426793748, 0.306714, 0.389635
1826470911934, 0.306650, 0.389593
1829515030121, 0.306595, 0.389547
1832559148307, 0.306568, 0.389502
1835603266494, 0.306538, 0.389451
1838647384681, 0.306514, 0.389415
1841691502867, 0.306453, 0.389359
1844735621054, 0.306411, 0.389296
1847779739240, 0.306382, 0.389253
1850823857427, 0.306355, 0.389209
1853867975613, 0.306341, 0.389180
1856912093800, 0.306311, 0.389135
1859956211986, 0.306253, 0.389084
1863000330173, 0.306223, 0.389036
1866044448360, 0.306183, 0.388987
1869088566546, 0.306156, 0.388943
1872132684733, 0.306118, 0.388894
1875176802919, 0.306067, 0.388850
1878220921106, 0.306037, 0.388804
1881265039292, 0.305997, 0.388759
1884309157479, 0.305961, 0.388704
1887353275665, 0.305922, 0.388669
1890397393852, 0.305896, 0.388623
1893441512039, 0.305870, 0.388595
1896485630225, 0.305803, 0.388559
1899529748412, 0.305775, 0.388514
1902573866598, 0.305752, 0.388478
1905617984785, 0.305709, 0.388430
1908662102971, 0.305690, 0.388397
1911706221158, 0.305637, 0.388346
1914750339344, 0.305607, 0.388305
1917794457531, 0.305591, 0.388281
1920838575718, 0.305561, 0.388236
1923882693904, 0.305538, 0.388193
1926926812091, 0.305512, 0.388150
1929970930277, 0.305473, 0.388097
1933015048464, 0.305443, 0.388052
1936059166650, 0.305404, 0.388001
1939103284837, 0.305366, 0.387948
1942147403024, 0.305344, 0.387913
1945191521210, 0.305311, 0.387878
1948235639397, 0.305273, 0.387831
1951279757583, 0.305241, 0.387780
1954323875770, 0.305182, 0.387745
1957367993956, 0.305156, 0.387702
1960412112143, 0.305124, 0.387658
1963456230329, 0.305068, 0.387613
1966500348516, 0.305041, 0.387582
1969544466703, 0.305010, 0.387534
1972588584889, 0.304969, 0.387495
1975632703076, 0.304944, 0.387458
1978676821262, 0.304926, 0.387429
1981720939449, 0.304869, 0.387394
1984765057635, 0.304835, 0.387342
1987809175822, 0.304810, 0.387302
1990853294008, 0.304787, 0.387263
1993897412195, 0.304769, 0.387236
1996941530382, 0.304706, 0.387197
1999985648568, 0.304668, 0.387157
2003029766755, 0.304645, 0.387120
2006073884941, 0.304613, 0.387072
2009118003128, 0.304498, 0.387031
2012162121314, 0.304448, 0.386990
2015206239501, 0.304425, 0.386956
2018250357687, 0.304393, 0.386913
2021294475874, 0.304369, 0.386879
2024338594061, 0.304347, 0.386844
2027382712247, 0.304327, 0.386810
2030426830434, 0.304307, 0.386780
2033470948620, 0.304276, 0.386752
2036515066807, 0.304219, 0.386706
2039559184993, 0.304169, 0.386662
2042603303180, 0.304144, 0.386635
2045647421366, 0.304107, 0.386593
2048691539553, 0.304095, 0.386577
2051735657740, 0.304078, 0.386550
2054779775926, 0.304043, 0.386513
2057823894113, 0.304019, 0.386474
2060868012299, 0.303999, 0.386445
2063912130486, 0.303953, 0.386394
2066956248672, 0.303916, 0.386349
2070000366859, 0.303882, 0.386301
2073044485045, 0.303842, 0.386261
2076088603232, 0.303819, 0.386226
2079132721419, 0.303704, 0.386188
2082176839605, 0.303672, 0.386143
2085220957792, 0.303650, 0.386108
2088265075978, 0.303589, 0.386063
2091309194165, 0.303570, 0.386031
2094353312351, 0.303550, 0.385994
2097397430538, 0.303532, 0.385967
2100441548725, 0.303508, 0.385933
2103485666911, 0.303490, 0.385900
2106529785098, 0.303468, 0.385865
2109573903284, 0.303424, 0.385823
2112618021471, 0.303394, 0.385799
2115662139657, 0.303319, 0.385758
2118706257844, 0.303293, 0.385719
2121750376030, 0.303280, 0.385698
2124794494217, 0.303267, 0.385678
2127838612404, 0.303239, 0.385652
2130882730590, 0.303181, 0.385626
2133926848777, 0.303157, 0.385595
2136970966963, 0.303128, 0.385563
2140015085150, 0.303077, 0.385529
2143059203336, 0.303062, 0.385498
2146103321523, 0.303032, 0.385464
2149147439709, 0.303019, 0.385441
2152191557896, 0.303002, 0.385411
2155235676083, 0.302986, 0.385388
2158279794269, 0.302965, 0.385349
2161323912456, 0.302954, 0.385332
2164368030642, 0.302919, 0.385298
2167412148829, 0.302899, 0.385267
2170456267015, 0.302819, 0.385248
2173500385202, 0.302801, 0.385222
2176544503388, 0.302782, 0.385194
2179588621575, 0.302761, 0.385168
2182632739762, 0.302743, 0.385141
2185676857948, 0.302716, 0.385114
2188720976135, 0.302690, 0.385073
2191765094321, 0.302673, 0.385040
2194809212508, 0.302658, 0.385019
2197853330694, 0.302619, 0.384990
2200897448881, 0.302598, 0.384949
2203941567067, 0.302577, 0.384918
2206985685254, 0.302560, 0.384890
2210029803441, 0.302525, 0.384867
2213073921627, 0.302504, 0.384837
2216118039814, 0.302476, 0.384803
2219162158000, 0.302453, 0.384782
2222206276187, 0.302432, 0.384751
2225250394373, 0.302402, 0.384719
2228294512560, 0.302386, 0.384691
2231338630747, 0.302363, 0.384657
2234382748933, 0.302353, 0.384636
2237426867120, 0.302331, 0.384607
2240470985306, 0.302319, 0.384585
2243515103493, 0.302270, 0.384553
2246559221679, 0.302245, 0.384517
2249603339866, 0.302230, 0.384493
2252647458052, 0.302210, 0.384469
2255691576239, 0.302191, 0.384435
2258735694426, 0.302167, 0.384408
2261779812612, 0.302152, 0.384383
2264823930799, 0.302139, 0.384361
2267868048985, 0.302109, 0.384337
2270912167172, 0.302090, 0.384311
2273956285358, 0.302065, 0.384289
2277000403545, 0.302053, 0.384275
2280044521731, 0.302002, 0.384252
2283088639918, 0.301980, 0.384227
2286132758105, 0.301965, 0.384200
2289176876291, 0.301951, 0.384179
2292220994478, 0.301926, 0.384154
2295265112664, 0.301913, 0.384131
2298309230851, 0.301880, 0.384109
2301353349037, 0.301865, 0.384082
2304397467224, 0.301826, 0.384061
2307441585410, 0.301808, 0.384035
2310485703597, 0.301785, 0.384013
2313529821784, 0.301773, 0.383991
2316573939970, 0.301752, 0.383966
2319618058157, 0.301723, 0.383946
2322662176343, 0.301713, 0.383931
2325706294530, 0.301686, 0.383896
2328750412716, 0.301646, 0.383870
2331794530903, 0.301636, 0.383845
2334838649089, 0.301628, 0.383829
2337882767276, 0.301615, 0.383811
2340926885463, 0.301606, 0.383794
2343971003649, 0.301601, 0.383783
2347015121836, 0.301592, 0.383765
2350059240022, 0.301580, 0.383742
2353103358209, 0.301532, 0.383716
2356147476395, 0.301519, 0.383694
2359191594582, 0.301510, 0.383679
2362235712769, 0.301496, 0.383652
2365279830955, 0.301459, 0.383629
2368323949142, 0.301441, 0.383606
2371368067328, 0.301422, 0.383584
2374412185515, 0.301411, 0.383568
2377456303701, 0.301367, 0.383553
2380500421888, 0.301354, 0.383534
2383544540074, 0.301326, 0.383515
2386588658261, 0.301315, 0.383500
2389632776448, 0.301294, 0.383484
2392676894634, 0.301285, 0.383465
2395721012821, 0.301266, 0.383438
2398765131007, 0.301235, 0.383416
2401809249194, 0.301214, 0.383392
2404853367380, 0.301203, 0.383372
2407897485567, 0.301193, 0.383355
2410941603753, 0.301182, 0.383342
2413985721940, 0.301170, 0.383324
2417029840127, 0.301156, 0.383304
2420073958313, 0.301133, 0.383278
2423118076500, 0.301121, 0.383256
2426162194686, 0.301109, 0.383237
2429206312873, 0.301089, 0.383210
2432250431059, 0.301081, 0.383195
2435294549246, 0.301072, 0.383179
2438338667432, 0.301062, 0.383162
2441382785619, 0.301045, 0.383147
2444426903806, 0.301031, 0.383134
2447471021992, 0.301012, 0.383115
2450515140179, 0.300996, 0.383088
2453559258365, 0.300984, 0.383067
2456603376552, 0.300967, 0.383044
2459647494738, 0.300958, 0.383028
2462691612925, 0.300949, 0.383013
2465735731111, 0.300933, 0.382996
2468779849298, 0.300925, 0.382982
2471823967485, 0.300911, 0.382958
2474868085671, 0.300903, 0.382945
2477912203858, 0.300890, 0.382924
2480956322044, 0.300881, 0.382909
2484000440231, 0.300874, 0.382898
2487044558417, 0.300865, 0.382884
2490088676604, 0.300861, 0.382878
2493132794791, 0.300857, 0.382872
2496176912977, 0.300839, 0.382855
2499221031164, 0.300827, 0.382840
2502265149350, 0.300814, 0.382818
2505309267537, 0.300800, 0.382796
2508353385723, 0.300777, 0.382770
2511397503910, 0.300769, 0.382757
2514441622096, 0.300761, 0.382743
2517485740283, 0.300755, 0.382732
2520529858470, 0.300747, 0.382715
2523573976656, 0.300733, 0.382692
2526618094843, 0.300725, 0.382680
2529662213029, 0.300717, 0.382669
2532706331216, 0.300707, 0.382654
2535750449402, 0.300698, 0.382641
2538794567589, 0.300691, 0.382631
2541838685775, 0.300681, 0.382616
2544882803962, 0.300673, 0.382599
2547926922149, 0.300631, 0.382583
2550971040335, 0.300621, 0.382566
2554015158522, 0.300611, 0.382549
2557059276708, 0.300601, 0.382533
2560103394895, 0.300592, 0.382521
2563147513081, 0.300552, 0.382500
2566191631268, 0.300539, 0.382483
2569235749454, 0.300496, 0.382470
2572279867641, 0.300489, 0.382460
2575323985828, 0.300481, 0.382450
2578368104014, 0.300473, 0.382433
2581412222201, 0.300464, 0.382420
2584456340387, 0.300461, 0.382411
2587500458574, 0.300458, 0.382404
2590544576760, 0.300448, 0.382391
2593588694947, 0.300443, 0.382382
2596632813133, 0.300434, 0.382371
2599676931320, 0.300425, 0.382358
2602721049507, 0.300416, 0.382344
2605765167693, 0.300411, 0.382337
2608809285880, 0.300407, 0.382328
2611853404066, 0.300396, 0.382313
2614897522253, 0.300392, 0.382308
2617941640439, 0.300373, 0.382291
2620985758626, 0.300356, 0.382277
2624029876812, 0.300351, 0.382266
2627073994999, 0.300328, 0.382253
2630118113186, 0.300322, 0.382245
2633162231372, 0.300318, 0.382237
2636206349559, 0.300314, 0.382230
2639250467745, 0.300307, 0.382221
2642294585932, 0.300293, 0.382203
2645338704118, 0.300291, 0.382197
2648382822305, 0.300272, 0.382184
2651426940492, 0.300269, 0.382178
2654471058678, 0.300262, 0.382169
2657515176865, 0.300258, 0.382160
2660559295051, 0.300235, 0.382152
2663603413238, 0.300232, 0.382146
2666647531424, 0.300225, 0.382136
2669691649611, 0.300213, 0.382124
2672735767797, 0.300143, 0.382115
2675779885984, 0.300138, 0.382107
2678824004171, 0.300132, 0.382099
2681868122357, 0.300130, 0.382093
2684912240544, 0.300126, 0.382083
2687956358730, 0.300116, 0.382071
2691000476917, 0.300112, 0.382065
2694044595103, 0.300101, 0.382052
2697088713290, 0.300057, 0.382038
2700132831476, 0.300050, 0.382029
2703176949663, 0.300046, 0.382021
2706221067850, 0.300040, 0.382010
2709265186036, 0.300035, 0.382003
2712309304223, 0.300030, 0.381996
2715353422409, 0.300000, 0.381985
2718397540596, 0.299994, 0.381975
2721441658782, 0.299990, 0.381968
2724485776969, 0.299985, 0.381961
2727529895155, 0.299976, 0.381951
2730574013342, 0.299971, 0.381944
2733618131529, 0.299969, 0.381942
2736662249715, 0.299964, 0.381932
2739706367902, 0.299959, 0.381922
2742750486088, 0.299954, 0.381911
2745794604275, 0.299953, 0.381909
2748838722461, 0.299937, 0.381896
2751882840648, 0.299930, 0.381885
2754926958834, 0.299927, 0.381879
2757971077021, 0.299925, 0.381871
2761015195208, 0.299920, 0.381861
2764059313394, 0.299919, 0.381857
2767103431581, 0.299916, 0.381851
2770147549767, 0.299913, 0.381845
2773191667954, 0.299911, 0.381840
2776235786140, 0.299907, 0.381835
2779279904327, 0.299874, 0.381824
2782324022514, 0.299871, 0.381821
2785368140700, 0.299866, 0.381815
2788412258887, 0.299854, 0.381806
2791456377073, 0.299852, 0.381802
2794500495260, 0.299851, 0.381800
2797544613446, 0.299848, 0.381796
2800588731633, 0.299845, 0.381791
2803632849819, 0.299842, 0.381786
2806676968006, 0.299841, 0.381784
2809721086193, 0.299836, 0.381779
2812765204379, 0.299832, 0.381770
2815809322566, 0.299830, 0.381766
2818853440752, 0.299829, 0.381765
2821897558939, 0.299821, 0.381758
2824941677125, 0.299808, 0.381742
2827985795312, 0.299805, 0.381738
2831029913498, 0.299797, 0.381734
2834074031685, 0.299791, 0.381729
2837118149872, 0.299788, 0.381723
2840162268058, 0.299781, 0.381715
2843206386245, 0.299776, 0.381708
2846250504431, 0.299772, 0.381700
2849294622618, 0.299766, 0.381691
2852338740804, 0.299762, 0.381684
2855382858991, 0.299760, 0.381678
2858426977177, 0.299758, 0.381676
2861471095364, 0.299757, 0.381673
2864515213551, 0.299745, 0.381667
2867559331737, 0.299742, 0.381664
2870603449924, 0.299728, 0.381660
2873647568110, 0.299725, 0.381655
2876691686297, 0.299725, 0.381654
2879735804483, 0.299723, 0.381651
2882779922670, 0.299723, 0.381650
2885824040856, 0.299722, 0.381648
2888868159043, 0.299719, 0.381642
2891912277230, 0.299717, 0.381640
2894956395416, 0.299709, 0.381635
2898000513603, 0.299709, 0.381634
2901044631789, 0.299706, 0.381631
2904088749976, 0.299706, 0.381630
2907132868162, 0.299705, 0.381629
2910176986349, 0.299701, 0.381625
2913221104536, 0.299699, 0.381622
2916265222722, 0.299695, 0.381618
2919309340909, 0.299694, 0.381616
2922353459095, 0.299690, 0.381611
2925397577282, 0.299687, 0.381606
2928441695468, 0.299686, 0.381602
2931485813655, 0.299684, 0.381599
2934529931841, 0.299683, 0.381597
2937574050028, 0.299682, 0.381593
2940618168215, 0.299679, 0.381591
2943662286401, 0.299677, 0.381587
2946706404588, 0.299676, 0.381584
2949750522774, 0.299673, 0.381579
2952794640961, 0.299672, 0.381576
2955838759147, 0.299667, 0.381574
2958882877334, 0.299667, 0.381573
2961926995520, 0.299665, 0.381571
2964971113707, 0.299664, 0.381570
2968015231894, 0.299662, 0.381568
2971059350080, 0.299660, 0.381565
2974103468267, 0.299659, 0.381563
2977147586453, 0.299658, 0.381562
2980191704640, 0.299657, 0.381561
2983235822826, 0.299656, 0.381559
2986279941013, 0.299655, 0.381557
2989324059199, 0.299653, 0.381556
2992368177386, 0.299653, 0.381556
2995412295573, 0.299650, 0.381552
2998456413759, 0.299650, 0.381551
3001500531946, 0.299648, 0.381549
3004544650132, 0.299648, 0.381549
3007588768319, 0.299648, 0.381549
3010632886505, 0.299648, 0.381549
3013677004692, 0.299647, 0.381548
3016721122878, 0.299647, 0.381547
3019765241065, 0.299647, 0.381547
3022809359252, 0.299645, 0.381546
3025853477438, 0.299645, 0.381545
3028897595625, 0.299644, 0.381543
3031941713811, 0.299644, 0.381543
3034985831998, 0.299644, 0.381543
3038029950184, 0.299644, 0.381542
3041074068371, 0.299644, 0.381542
3044118186558, 0.299643, 0.381541
Time used: 2322 ms
