logging to /opt/shards_res_1000/2016020400-2016020500_unique/tenant_2_profile_res-FIX_RATE-SHARDS-0.01.csvtracefile: /data1/tenant_trace/2016020400-2016020500_unique/tenant_2_trace
open file /data1/tenant_trace/2016020400-2016020500_unique/tenant_2_trace
read 1000000 lines
read 2000000 lines
read 3000000 lines
read 4000000 lines
read 5000000 lines
read 6000000 lines
read 7000000 lines
read 8000000 lines
read 9000000 lines
read 10000000 lines
read 11000000 lines
read 12000000 lines
read 13000000 lines
read 14000000 lines
read 15000000 lines
read 16000000 lines
read 17000000 lines
read 18000000 lines
read 19000000 lines
read 20000000 lines
read 21000000 lines
read 22000000 lines
read 23000000 lines
read 24000000 lines
read 25000000 lines
read 26000000 lines
read 27000000 lines
read 28000000 lines
read 29000000 lines
read 30000000 lines
read 31000000 lines
read 32000000 lines
read 33000000 lines
read 34000000 lines
read 35000000 lines
read 36000000 lines
[FILE]: /data1/tenant_trace/2016020400-2016020500_unique/tenant_2_trace
total_access_num: 36406688
total_access_size: 129197470965
unique_access_num: 22091869
unique_access_size: 78462580025
min_item_size: 1
[method]: SHARDS
[metric]: MAE
[seed]: 42
[sample_method]: FIX_RATE
[sample_metric]: 0.01
MAEQ_factor: 1.025429
cache_size, BMRC_ratio, OMRC_ratio
78462580, 0.962177, 0.961221
156925160, 0.951710, 0.950866
235387740, 0.943760, 0.943002
313850320, 0.937087, 0.936457
392312900, 0.930814, 0.930408
470775480, 0.925404, 0.925170
549238060, 0.920461, 0.920394
627700640, 0.915750, 0.915757
706163220, 0.911339, 0.911461
784625800, 0.907287, 0.907495
863088380, 0.903577, 0.903784
941550960, 0.900057, 0.900224
1020013540, 0.896639, 0.896815
1098476120, 0.893328, 0.893604
1176938700, 0.890241, 0.890534
1255401280, 0.887262, 0.887570
1333863860, 0.884448, 0.884826
1412326440, 0.881627, 0.882030
1490789020, 0.878946, 0.879341
1569251600, 0.876296, 0.876715
1647714180, 0.873894, 0.874374
1726176760, 0.871269, 0.871771
1804639340, 0.868828, 0.869477
1883101920, 0.866501, 0.867175
1961564500, 0.864416, 0.865022
2040027080, 0.862218, 0.862791
2118489660, 0.859995, 0.860569
2196952240, 0.857887, 0.858487
2275414820, 0.855914, 0.856529
2353877400, 0.853936, 0.854546
2432339980, 0.851941, 0.852601
2510802560, 0.849992, 0.850664
2589265140, 0.848164, 0.848808
2667727720, 0.846296, 0.846904
2746190300, 0.844526, 0.845113
2824652880, 0.842655, 0.843295
2903115460, 0.840862, 0.841477
2981578040, 0.839236, 0.839785
3060040620, 0.837461, 0.837988
3138503201, 0.835896, 0.836384
3216965781, 0.834398, 0.834843
3295428361, 0.832966, 0.833382
3373890941, 0.831455, 0.831819
3452353521, 0.829817, 0.830220
3530816101, 0.828353, 0.828754
3609278681, 0.826964, 0.827408
3687741261, 0.825530, 0.825979
3766203841, 0.824010, 0.824482
3844666421, 0.822558, 0.823032
3923129001, 0.821229, 0.821681
4001591581, 0.819920, 0.820414
4080054161, 0.818685, 0.819173
4158516741, 0.817409, 0.817898
4236979321, 0.816219, 0.816668
4315441901, 0.815023, 0.815479
4393904481, 0.813748, 0.814231
4472367061, 0.812396, 0.812910
4550829641, 0.811227, 0.811710
4629292221, 0.810052, 0.810507
4707754801, 0.808808, 0.809227
4786217381, 0.807607, 0.808002
4864679961, 0.806456, 0.806837
4943142541, 0.805274, 0.805615
5021605121, 0.804140, 0.804486
5100067701, 0.803168, 0.803478
5178530281, 0.802024, 0.802349
5256992861, 0.800883, 0.801209
5335455441, 0.799844, 0.800152
5413918021, 0.798805, 0.799102
5492380601, 0.797680, 0.798020
5570843181, 0.796524, 0.796880
5649305761, 0.795428, 0.795825
5727768341, 0.794299, 0.794705
5806230921, 0.793301, 0.793691
5884693501, 0.792488, 0.792829
5963156081, 0.791577, 0.791856
6041618661, 0.790574, 0.790835
6120081241, 0.789663, 0.789901
6198543821, 0.788713, 0.788948
6277006402, 0.787682, 0.787918
6355468982, 0.786777, 0.786992
6433931562, 0.785823, 0.786022
6512394142, 0.784994, 0.785171
6590856722, 0.784084, 0.784253
6669319302, 0.783106, 0.783262
6747781882, 0.782112, 0.782273
6826244462, 0.781228, 0.781386
6904707042, 0.780362, 0.780515
6983169622, 0.779452, 0.779578
7061632202, 0.778587, 0.778743
7140094782, 0.777677, 0.777851
7218557362, 0.776931, 0.777106
7297019942, 0.776113, 0.776299
7375482522, 0.775262, 0.775453
7453945102, 0.774421, 0.774582
7532407682, 0.773564, 0.773775
7610870262, 0.772799, 0.772972
7689332842, 0.771942, 0.772115
7767795422, 0.771092, 0.771269
7846258002, 0.770316, 0.770470
7924720582, 0.769525, 0.769693
8003183162, 0.768790, 0.768948
8081645742, 0.767996, 0.768152
8160108322, 0.767247, 0.767405
8238570902, 0.766504, 0.766641
8317033482, 0.765708, 0.765853
8395496062, 0.765056, 0.765205
8473958642, 0.764366, 0.764488
8552421222, 0.763714, 0.763820
8630883802, 0.763030, 0.763103
8709346382, 0.762265, 0.762348
8787808962, 0.761602, 0.761648
8866271542, 0.760877, 0.760922
8944734122, 0.760192, 0.760255
9023196702, 0.759548, 0.759593
9101659282, 0.758836, 0.758882
9180121862, 0.758140, 0.758189
9258584442, 0.757372, 0.757426
9337047022, 0.756672, 0.756720
9415509603, 0.755944, 0.755989
9493972183, 0.755154, 0.755245
9572434763, 0.754498, 0.754569
9650897343, 0.753890, 0.753965
9729359923, 0.753282, 0.753333
9807822503, 0.752627, 0.752644
9886285083, 0.751951, 0.751935
9964747663, 0.751259, 0.751268
10043210243, 0.750740, 0.750732
10121672823, 0.750111, 0.750073
10200135403, 0.749506, 0.749449
10278597983, 0.748821, 0.748785
10357060563, 0.748235, 0.748156
10435523143, 0.747713, 0.747612
10513985723, 0.747075, 0.746958
10592448303, 0.746465, 0.746343
10670910883, 0.745842, 0.745716
10749373463, 0.745196, 0.745082
10827836043, 0.744599, 0.744458
10906298623, 0.743997, 0.743827
10984761203, 0.743348, 0.743222
11063223783, 0.742726, 0.742613
11141686363, 0.742107, 0.742022
11220148943, 0.741458, 0.741355
11298611523, 0.740805, 0.740712
11377074103, 0.740207, 0.740130
11455536683, 0.739680, 0.739597
11533999263, 0.739141, 0.739028
11612461843, 0.738594, 0.738479
11690924423, 0.738083, 0.737968
11769387003, 0.737482, 0.737372
11847849583, 0.736826, 0.736702
11926312163, 0.736265, 0.736125
12004774743, 0.735704, 0.735578
12083237323, 0.735186, 0.735054
12161699903, 0.734611, 0.734510
12240162483, 0.734025, 0.733930
12318625063, 0.733523, 0.733430
12397087643, 0.733064, 0.732963
12475550223, 0.732606, 0.732491
12554012804, 0.732069, 0.731947
12632475384, 0.731560, 0.731425
12710937964, 0.731066, 0.730928
12789400544, 0.730587, 0.730433
12867863124, 0.730049, 0.729920
12946325704, 0.729531, 0.729403
13024788284, 0.729015, 0.728906
13103250864, 0.728521, 0.728387
13181713444, 0.727983, 0.727827
13260176024, 0.727497, 0.727335
13338638604, 0.727034, 0.726882
13417101184, 0.726510, 0.726360
13495563764, 0.725985, 0.725835
13574026344, 0.725471, 0.725333
13652488924, 0.724963, 0.724805
13730951504, 0.724478, 0.724330
13809414084, 0.724054, 0.723877
13887876664, 0.723645, 0.723459
13966339244, 0.723156, 0.722976
14044801824, 0.722615, 0.722473
14123264404, 0.722069, 0.721888
14201726984, 0.721589, 0.721394
14280189564, 0.721119, 0.720916
14358652144, 0.720631, 0.720416
14437114724, 0.720153, 0.719935
14515577304, 0.719684, 0.719477
14594039884, 0.719250, 0.719054
14672502464, 0.718727, 0.718540
14750965044, 0.718325, 0.718153
14829427624, 0.717894, 0.717724
14907890204, 0.717474, 0.717301
14986352784, 0.716980, 0.716829
15064815364, 0.716540, 0.716381
15143277944, 0.716071, 0.715917
15221740524, 0.715617, 0.715453
15300203104, 0.715232, 0.715038
15378665684, 0.714736, 0.714552
15457128264, 0.714313, 0.714118
15535590844, 0.713857, 0.713643
15614053424, 0.713436, 0.713209
15692516005, 0.712992, 0.712772
15770978585, 0.712647, 0.712409
15849441165, 0.712213, 0.711970
15927903745, 0.711751, 0.711522
16006366325, 0.711296, 0.711061
16084828905, 0.710922, 0.710654
16163291485, 0.710481, 0.710215
16241754065, 0.710088, 0.709811
16320216645, 0.709659, 0.709374
16398679225, 0.709223, 0.708946
16477141805, 0.708810, 0.708558
16555604385, 0.708388, 0.708119
16634066965, 0.708008, 0.707723
16712529545, 0.707605, 0.707317
16790992125, 0.707261, 0.706968
16869454705, 0.706859, 0.706594
16947917285, 0.706466, 0.706188
17026379865, 0.706066, 0.705792
17104842445, 0.705678, 0.705405
17183305025, 0.705237, 0.704982
17261767605, 0.704765, 0.704545
17340230185, 0.704383, 0.704164
17418692765, 0.703940, 0.703738
17497155345, 0.703518, 0.703304
17575617925, 0.703152, 0.702914
17654080505, 0.702794, 0.702551
17732543085, 0.702422, 0.702158
17811005665, 0.702065, 0.701782
17889468245, 0.701707, 0.701409
17967930825, 0.701275, 0.700994
18046393405, 0.700906, 0.700623
18124855985, 0.700541, 0.700258
18203318565, 0.700223, 0.699931
18281781145, 0.699872, 0.699565
18360243725, 0.699464, 0.699153
18438706305, 0.699125, 0.698796
18517168885, 0.698696, 0.698404
18595631465, 0.698340, 0.698047
18674094045, 0.698014, 0.697700
18752556625, 0.697616, 0.697299
18831019206, 0.697216, 0.696893
18909481786, 0.696822, 0.696492
18987944366, 0.696386, 0.696105
19066406946, 0.696054, 0.695756
19144869526, 0.695758, 0.695445
19223332106, 0.695312, 0.695091
19301794686, 0.694969, 0.694739
19380257266, 0.694610, 0.694377
19458719846, 0.694254, 0.694064
19537182426, 0.693893, 0.693676
19615645006, 0.693587, 0.693361
19694107586, 0.693240, 0.693003
19772570166, 0.692905, 0.692649
19851032746, 0.692577, 0.692314
19929495326, 0.692277, 0.692015
20007957906, 0.691938, 0.691674
20086420486, 0.691579, 0.691295
20164883066, 0.691287, 0.691015
20243345646, 0.690929, 0.690674
20321808226, 0.690646, 0.690372
20400270806, 0.690336, 0.690081
20478733386, 0.690017, 0.689754
20557195966, 0.689682, 0.689411
20635658546, 0.689272, 0.689015
20714121126, 0.689013, 0.688749
20792583706, 0.688632, 0.688361
20871046286, 0.688320, 0.688035
20949508866, 0.687945, 0.687661
21027971446, 0.687633, 0.687345
21106434026, 0.687311, 0.687013
21184896606, 0.686944, 0.686650
21263359186, 0.686602, 0.686329
21341821766, 0.686298, 0.686057
21420284346, 0.685955, 0.685714
21498746926, 0.685585, 0.685354
21577209506, 0.685238, 0.685010
21655672086, 0.684919, 0.684681
21734134666, 0.684609, 0.684384
21812597246, 0.684292, 0.684057
21891059826, 0.683997, 0.683774
21969522407, 0.683764, 0.683511
22047984987, 0.683484, 0.683217
22126447567, 0.683190, 0.682898
22204910147, 0.682868, 0.682577
22283372727, 0.682558, 0.682266
22361835307, 0.682215, 0.681929
22440297887, 0.681913, 0.681624
22518760467, 0.681634, 0.681349
22597223047, 0.681284, 0.680981
22675685627, 0.681029, 0.680723
22754148207, 0.680748, 0.680443
22832610787, 0.680438, 0.680127
22911073367, 0.680104, 0.679778
22989535947, 0.679794, 0.679456
23067998527, 0.679541, 0.679190
23146461107, 0.679328, 0.678959
23224923687, 0.678990, 0.678630
23303386267, 0.678650, 0.678322
23381848847, 0.678332, 0.678014
23460311427, 0.678101, 0.677764
23538774007, 0.677775, 0.677424
23617236587, 0.677507, 0.677155
23695699167, 0.677255, 0.676902
23774161747, 0.676951, 0.676594
23852624327, 0.676655, 0.676303
23931086907, 0.676471, 0.676092
24009549487, 0.676168, 0.675801
24088012067, 0.675872, 0.675501
24166474647, 0.675559, 0.675180
24244937227, 0.675322, 0.674944
24323399807, 0.675059, 0.674685
24401862387, 0.674766, 0.674400
24480324967, 0.674500, 0.674128
24558787547, 0.674272, 0.673894
24637250127, 0.674032, 0.673642
24715712707, 0.673778, 0.673383
24794175287, 0.673502, 0.673106
24872637867, 0.673273, 0.672889
24951100447, 0.673002, 0.672617
25029563027, 0.672694, 0.672323
25108025608, 0.672389, 0.672010
25186488188, 0.672087, 0.671735
25264950768, 0.671782, 0.671447
25343413348, 0.671418, 0.671150
25421875928, 0.671201, 0.670920
25500338508, 0.670946, 0.670667
25578801088, 0.670644, 0.670376
25657263668, 0.670380, 0.670104
25735726248, 0.670136, 0.669837
25814188828, 0.669877, 0.669576
25892651408, 0.669597, 0.669299
25971113988, 0.669335, 0.669030
26049576568, 0.669034, 0.668744
26128039148, 0.668833, 0.668538
26206501728, 0.668570, 0.668302
26284964308, 0.668324, 0.668052
26363426888, 0.668064, 0.667786
26441889468, 0.667825, 0.667533
26520352048, 0.667615, 0.667313
26598814628, 0.667397, 0.667085
26677277208, 0.667133, 0.666838
26755739788, 0.666941, 0.666629
26834202368, 0.666715, 0.666407
26912664948, 0.666503, 0.666206
26991127528, 0.666265, 0.665964
27069590108, 0.666025, 0.665728
27148052688, 0.665795, 0.665500
27226515268, 0.665540, 0.665237
27304977848, 0.665332, 0.665020
27383440428, 0.665115, 0.664794
27461903008, 0.664886, 0.664555
27540365588, 0.664653, 0.664314
27618828168, 0.664391, 0.664066
27697290748, 0.664154, 0.663836
27775753328, 0.663933, 0.663632
27854215908, 0.663713, 0.663399
27932678488, 0.663474, 0.663168
28011141068, 0.663226, 0.662924
28089603648, 0.662984, 0.662690
28168066228, 0.662768, 0.662465
28246528809, 0.662599, 0.662295
28324991389, 0.662435, 0.662119
28403453969, 0.662175, 0.661902
28481916549, 0.661966, 0.661696
28560379129, 0.661773, 0.661487
28638841709, 0.661516, 0.661213
28717304289, 0.661329, 0.661026
28795766869, 0.661087, 0.660801
28874229449, 0.660893, 0.660614
28952692029, 0.660668, 0.660380
29031154609, 0.660450, 0.660172
29109617189, 0.660237, 0.659966
29188079769, 0.659994, 0.659729
29266542349, 0.659787, 0.659515
29345004929, 0.659601, 0.659317
29423467509, 0.659436, 0.659150
29501930089, 0.659228, 0.658938
29580392669, 0.659074, 0.658768
29658855249, 0.658882, 0.658554
29737317829, 0.658664, 0.658334
29815780409, 0.658482, 0.658147
29894242989, 0.658224, 0.657886
29972705569, 0.658013, 0.657675
30051168149, 0.657804, 0.657466
30129630729, 0.657593, 0.657260
30208093309, 0.657384, 0.657059
30286555889, 0.657183, 0.656867
30365018469, 0.656956, 0.656650
30443481049, 0.656713, 0.656408
30521943629, 0.656531, 0.656224
30600406209, 0.656371, 0.656062
30678868789, 0.656156, 0.655851
30757331369, 0.655954, 0.655659
30835793949, 0.655748, 0.655442
30914256529, 0.655581, 0.655277
30992719109, 0.655366, 0.655063
31071181689, 0.655172, 0.654859
31149644269, 0.655008, 0.654686
31228106849, 0.654836, 0.654497
31306569429, 0.654653, 0.654318
31385032010, 0.654436, 0.654109
31463494590, 0.654244, 0.653903
31541957170, 0.654053, 0.653717
31620419750, 0.653843, 0.653516
31698882330, 0.653656, 0.653329
31777344910, 0.653460, 0.653145
31855807490, 0.653292, 0.652970
31934270070, 0.653096, 0.652769
32012732650, 0.652930, 0.652610
32091195230, 0.652749, 0.652415
32169657810, 0.652538, 0.652184
32248120390, 0.652344, 0.651970
32326582970, 0.652209, 0.651824
32405045550, 0.652054, 0.651670
32483508130, 0.651868, 0.651484
32561970710, 0.651659, 0.651305
32640433290, 0.651526, 0.651165
32718895870, 0.651365, 0.650997
32797358450, 0.651163, 0.650805
32875821030, 0.650961, 0.650607
32954283610, 0.650786, 0.650418
33032746190, 0.650583, 0.650217
33111208770, 0.650393, 0.650028
33189671350, 0.650209, 0.649838
33268133930, 0.649982, 0.649616
33346596510, 0.649813, 0.649459
33425059090, 0.649610, 0.649270
33503521670, 0.649457, 0.649110
33581984250, 0.649292, 0.648948
33660446830, 0.649158, 0.648811
33738909410, 0.648977, 0.648630
33817371990, 0.648798, 0.648446
33895834570, 0.648595, 0.648251
33974297150, 0.648424, 0.648075
34052759730, 0.648243, 0.647883
34131222310, 0.648064, 0.647701
34209684890, 0.647912, 0.647547
34288147470, 0.647783, 0.647410
34366610050, 0.647660, 0.647275
34445072630, 0.647498, 0.647102
34523535211, 0.647289, 0.646891
34601997791, 0.647169, 0.646765
34680460371, 0.646970, 0.646586
34758922951, 0.646833, 0.646454
34837385531, 0.646614, 0.646273
34915848111, 0.646444, 0.646097
34994310691, 0.646275, 0.645941
35072773271, 0.646131, 0.645798
35151235851, 0.645941, 0.645608
35229698431, 0.645774, 0.645435
35308161011, 0.645639, 0.645287
35386623591, 0.645483, 0.645130
35465086171, 0.645336, 0.644979
35543548751, 0.645177, 0.644809
35622011331, 0.645042, 0.644674
35700473911, 0.644867, 0.644490
35778936491, 0.644674, 0.644301
35857399071, 0.644529, 0.644169
35935861651, 0.644376, 0.644018
36014324231, 0.644208, 0.643856
36092786811, 0.644021, 0.643664
36171249391, 0.643866, 0.643523
36249711971, 0.643725, 0.643375
36328174551, 0.643576, 0.643221
36406637131, 0.643422, 0.643062
36485099711, 0.643295, 0.642941
36563562291, 0.643183, 0.642831
36642024871, 0.642981, 0.642653
36720487451, 0.642810, 0.642477
36798950031, 0.642681, 0.642337
36877412611, 0.642500, 0.642156
36955875191, 0.642375, 0.642026
37034337771, 0.642266, 0.641903
37112800351, 0.642133, 0.641771
37191262931, 0.642024, 0.641647
37269725511, 0.641917, 0.641538
37348188091, 0.641769, 0.641381
37426650671, 0.641644, 0.641255
37505113251, 0.641495, 0.641104
37583575831, 0.641368, 0.640961
37662038412, 0.641212, 0.640801
37740500992, 0.641044, 0.640639
37818963572, 0.640923, 0.640507
37897426152, 0.640751, 0.640348
37975888732, 0.640639, 0.640230
38054351312, 0.640523, 0.640115
38132813892, 0.640379, 0.639969
38211276472, 0.640266, 0.639848
38289739052, 0.640140, 0.639719
38368201632, 0.639994, 0.639598
38446664212, 0.639817, 0.639414
38525126792, 0.639669, 0.639266
38603589372, 0.639529, 0.639129
38682051952, 0.639396, 0.638989
38760514532, 0.639261, 0.638862
38838977112, 0.639145, 0.638739
38917439692, 0.638983, 0.638593
38995902272, 0.638798, 0.638420
39074364852, 0.638644, 0.638263
39152827432, 0.638482, 0.638101
39231290012, 0.638382, 0.638000
39309752592, 0.638292, 0.637909
39388215172, 0.638183, 0.637788
39466677752, 0.638068, 0.637670
39545140332, 0.637937, 0.637544
39623602912, 0.637807, 0.637406
39702065492, 0.637704, 0.637305
39780528072, 0.637567, 0.637170
39858990652, 0.637453, 0.637049
39937453232, 0.637341, 0.636934
40015915812, 0.637205, 0.636786
40094378392, 0.637073, 0.636640
40172840972, 0.636958, 0.636519
40251303552, 0.636835, 0.636412
40329766132, 0.636720, 0.636288
40408228712, 0.636525, 0.636140
40486691292, 0.636372, 0.635978
40565153872, 0.636253, 0.635854
40643616452, 0.636122, 0.635714
40722079032, 0.636010, 0.635596
40800541613, 0.635852, 0.635462
40879004193, 0.635724, 0.635335
40957466773, 0.635550, 0.635168
41035929353, 0.635425, 0.635047
41114391933, 0.635295, 0.634923
41192854513, 0.635170, 0.634789
41271317093, 0.635035, 0.634662
41349779673, 0.634912, 0.634536
41428242253, 0.634769, 0.634399
41506704833, 0.634641, 0.634259
41585167413, 0.634515, 0.634143
41663629993, 0.634385, 0.634031
41742092573, 0.634298, 0.633945
41820555153, 0.634187, 0.633836
41899017733, 0.634084, 0.633728
41977480313, 0.633997, 0.633638
42055942893, 0.633872, 0.633517
42134405473, 0.633767, 0.633410
42212868053, 0.633679, 0.633316
42291330633, 0.633580, 0.633215
42369793213, 0.633489, 0.633124
42448255793, 0.633364, 0.632990
42526718373, 0.633278, 0.632893
42605180953, 0.633195, 0.632806
42683643533, 0.633118, 0.632734
42762106113, 0.633000, 0.632616
42840568693, 0.632867, 0.632476
42919031273, 0.632767, 0.632377
42997493853, 0.632641, 0.632256
43075956433, 0.632522, 0.632138
43154419013, 0.632422, 0.632039
43232881593, 0.632277, 0.631913
43311344173, 0.632160, 0.631789
43389806753, 0.632022, 0.631644
43468269333, 0.631907, 0.631531
43546731913, 0.631811, 0.631435
43625194493, 0.631712, 0.631328
43703657073, 0.631598, 0.631207
43782119653, 0.631465, 0.631081
43860582233, 0.631395, 0.631004
43939044814, 0.631289, 0.630897
44017507394, 0.631191, 0.630800
44095969974, 0.631065, 0.630674
44174432554, 0.631003, 0.630608
44252895134, 0.630925, 0.630523
44331357714, 0.630792, 0.630394
44409820294, 0.630689, 0.630284
44488282874, 0.630580, 0.630171
44566745454, 0.630491, 0.630078
44645208034, 0.630360, 0.629932
44723670614, 0.630264, 0.629842
44802133194, 0.630146, 0.629724
44880595774, 0.630032, 0.629619
44959058354, 0.629909, 0.629490
45037520934, 0.629804, 0.629386
45115983514, 0.629719, 0.629287
45194446094, 0.629600, 0.629163
45272908674, 0.629482, 0.629040
45351371254, 0.629393, 0.628946
45429833834, 0.629307, 0.628859
45508296414, 0.629203, 0.628749
45586758994, 0.629098, 0.628642
45665221574, 0.628928, 0.628496
45743684154, 0.628848, 0.628405
45822146734, 0.628740, 0.628295
45900609314, 0.628585, 0.628180
45979071894, 0.628470, 0.628070
46057534474, 0.628364, 0.627969
46135997054, 0.628252, 0.627845
46214459634, 0.628138, 0.627716
46292922214, 0.628047, 0.627625
46371384794, 0.627973, 0.627543
46449847374, 0.627878, 0.627455
46528309954, 0.627765, 0.627342
46606772534, 0.627669, 0.627235
46685235114, 0.627567, 0.627142
46763697694, 0.627497, 0.627065
46842160274, 0.627427, 0.626991
46920622854, 0.627334, 0.626895
46999085434, 0.627253, 0.626812
47077548015, 0.627149, 0.626702
47156010595, 0.627064, 0.626598
47234473175, 0.626987, 0.626524
47312935755, 0.626882, 0.626430
47391398335, 0.626815, 0.626356
47469860915, 0.626745, 0.626290
47548323495, 0.626674, 0.626213
47626786075, 0.626586, 0.626123
47705248655, 0.626499, 0.626035
47783711235, 0.626436, 0.625963
47862173815, 0.626364, 0.625895
47940636395, 0.626294, 0.625818
48019098975, 0.626222, 0.625735
48097561555, 0.626130, 0.625661
48176024135, 0.626053, 0.625579
48254486715, 0.625963, 0.625494
48332949295, 0.625861, 0.625389
48411411875, 0.625762, 0.625288
48489874455, 0.625660, 0.625183
48568337035, 0.625578, 0.625112
48646799615, 0.625504, 0.625035
48725262195, 0.625404, 0.624939
48803724775, 0.625297, 0.624840
48882187355, 0.625204, 0.624752
48960649935, 0.625125, 0.624664
49039112515, 0.625027, 0.624560
49117575095, 0.624939, 0.624469
49196037675, 0.624865, 0.624390
49274500255, 0.624783, 0.624307
49352962835, 0.624705, 0.624227
49431425415, 0.624588, 0.624129
49509887995, 0.624499, 0.624043
49588350575, 0.624434, 0.623983
49666813155, 0.624353, 0.623895
49745275735, 0.624266, 0.623810
49823738315, 0.624174, 0.623706
49902200895, 0.624096, 0.623626
49980663475, 0.624027, 0.623560
50059126055, 0.623932, 0.623478
50137588635, 0.623860, 0.623395
50216051216, 0.623785, 0.623316
50294513796, 0.623707, 0.623239
50372976376, 0.623663, 0.623189
50451438956, 0.623597, 0.623134
50529901536, 0.623517, 0.623052
50608364116, 0.623424, 0.622953
50686826696, 0.623359, 0.622884
50765289276, 0.623272, 0.622796
50843751856, 0.623197, 0.622744
50922214436, 0.623142, 0.622681
51000677016, 0.623031, 0.622588
51079139596, 0.622954, 0.622508
51157602176, 0.622903, 0.622453
51236064756, 0.622832, 0.622384
51314527336, 0.622777, 0.622329
51392989916, 0.622701, 0.622250
51471452496, 0.622629, 0.622173
51549915076, 0.622574, 0.622112
51628377656, 0.622513, 0.622049
51706840236, 0.622439, 0.621978
51785302816, 0.622364, 0.621898
51863765396, 0.622300, 0.621830
51942227976, 0.622225, 0.621744
52020690556, 0.622119, 0.621643
52099153136, 0.622040, 0.621552
52177615716, 0.621982, 0.621486
52256078296, 0.621919, 0.621420
52334540876, 0.621841, 0.621335
52413003456, 0.621793, 0.621286
52491466036, 0.621701, 0.621201
52569928616, 0.621613, 0.621115
52648391196, 0.621542, 0.621066
52726853776, 0.621480, 0.621000
52805316356, 0.621392, 0.620904
52883778936, 0.621346, 0.620857
52962241516, 0.621262, 0.620772
53040704096, 0.621211, 0.620712
53119166676, 0.621120, 0.620648
53197629256, 0.621052, 0.620585
53276091836, 0.620946, 0.620473
53354554417, 0.620878, 0.620404
53433016997, 0.620814, 0.620341
53511479577, 0.620749, 0.620278
53589942157, 0.620704, 0.620228
53668404737, 0.620651, 0.620173
53746867317, 0.620615, 0.620132
53825329897, 0.620542, 0.620061
53903792477, 0.620445, 0.619965
53982255057, 0.620361, 0.619885
54060717637, 0.620287, 0.619802
54139180217, 0.620222, 0.619737
54217642797, 0.620159, 0.619673
54296105377, 0.620083, 0.619607
54374567957, 0.620025, 0.619550
54453030537, 0.619959, 0.619484
54531493117, 0.619897, 0.619418
54609955697, 0.619828, 0.619344
54688418277, 0.619758, 0.619289
54766880857, 0.619715, 0.619248
54845343437, 0.619636, 0.619165
54923806017, 0.619549, 0.619091
55002268597, 0.619504, 0.619042
55080731177, 0.619443, 0.618989
55159193757, 0.619373, 0.618921
55237656337, 0.619302, 0.618855
55316118917, 0.619239, 0.618789
55394581497, 0.619176, 0.618737
55473044077, 0.619138, 0.618696
55551506657, 0.619095, 0.618654
55629969237, 0.619025, 0.618588
55708431817, 0.618969, 0.618528
55786894397, 0.618932, 0.618490
55865356977, 0.618846, 0.618424
55943819557, 0.618799, 0.618371
56022282137, 0.618746, 0.618325
56100744717, 0.618685, 0.618262
56179207297, 0.618628, 0.618201
56257669877, 0.618567, 0.618130
56336132457, 0.618529, 0.618091
56414595037, 0.618452, 0.618017
56493057618, 0.618410, 0.617973
56571520198, 0.618340, 0.617918
56649982778, 0.618303, 0.617880
56728445358, 0.618237, 0.617811
56806907938, 0.618175, 0.617748
56885370518, 0.618110, 0.617682
56963833098, 0.618059, 0.617630
57042295678, 0.618007, 0.617575
57120758258, 0.617957, 0.617523
57199220838, 0.617905, 0.617468
57277683418, 0.617825, 0.617380
57356145998, 0.617755, 0.617314
57434608578, 0.617706, 0.617264
57513071158, 0.617660, 0.617215
57591533738, 0.617611, 0.617163
57669996318, 0.617582, 0.617127
57748458898, 0.617528, 0.617072
57826921478, 0.617472, 0.617012
57905384058, 0.617414, 0.616951
57983846638, 0.617360, 0.616899
58062309218, 0.617299, 0.616841
58140771798, 0.617226, 0.616770
58219234378, 0.617165, 0.616712
58297696958, 0.617117, 0.616663
58376159538, 0.617072, 0.616611
58454622118, 0.617037, 0.616572
58533084698, 0.616995, 0.616531
58611547278, 0.616954, 0.616493
58690009858, 0.616904, 0.616440
58768472438, 0.616869, 0.616402
58846935018, 0.616813, 0.616342
58925397598, 0.616762, 0.616303
59003860178, 0.616710, 0.616254
59082322758, 0.616663, 0.616204
59160785338, 0.616628, 0.616168
59239247918, 0.616579, 0.616116
59317710498, 0.616544, 0.616078
59396173078, 0.616486, 0.616023
59474635658, 0.616442, 0.615973
59553098238, 0.616390, 0.615913
59631560819, 0.616337, 0.615858
59710023399, 0.616293, 0.615814
59788485979, 0.616256, 0.615776
59866948559, 0.616205, 0.615729
59945411139, 0.616168, 0.615685
60023873719, 0.616124, 0.615638
60102336299, 0.616072, 0.615586
60180798879, 0.616022, 0.615529
60259261459, 0.615979, 0.615485
60337724039, 0.615948, 0.615449
60416186619, 0.615894, 0.615394
60494649199, 0.615840, 0.615350
60573111779, 0.615804, 0.615314
60651574359, 0.615743, 0.615268
60730036939, 0.615706, 0.615232
60808499519, 0.615671, 0.615199
60886962099, 0.615615, 0.615138
60965424679, 0.615579, 0.615103
61043887259, 0.615517, 0.615045
61122349839, 0.615472, 0.614998
61200812419, 0.615427, 0.614952
61279274999, 0.615378, 0.614902
61357737579, 0.615323, 0.614850
61436200159, 0.615291, 0.614817
61514662739, 0.615261, 0.614787
61593125319, 0.615196, 0.614735
61671587899, 0.615161, 0.614693
61750050479, 0.615125, 0.614655
61828513059, 0.615087, 0.614614
61906975639, 0.615040, 0.614564
61985438219, 0.614998, 0.614520
62063900799, 0.614937, 0.614476
62142363379, 0.614907, 0.614446
62220825959, 0.614868, 0.614405
62299288539, 0.614843, 0.614375
62377751119, 0.614799, 0.614334
62456213699, 0.614771, 0.614306
62534676279, 0.614745, 0.614279
62613138859, 0.614711, 0.614243
62691601439, 0.614662, 0.614199
62770064020, 0.614625, 0.614161
62848526600, 0.614592, 0.614125
62926989180, 0.614555, 0.614086
63005451760, 0.614503, 0.614032
63083914340, 0.614460, 0.613988
63162376920, 0.614437, 0.613963
63240839500, 0.614418, 0.613941
63319302080, 0.614393, 0.613916
63397764660, 0.614332, 0.613858
63476227240, 0.614298, 0.613823
63554689820, 0.614271, 0.613793
63633152400, 0.614251, 0.613771
63711614980, 0.614233, 0.613749
63790077560, 0.614182, 0.613707
63868540140, 0.614149, 0.613677
63947002720, 0.614111, 0.613633
64025465300, 0.614073, 0.613600
64103927880, 0.614042, 0.613567
64182390460, 0.614008, 0.613534
64260853040, 0.613991, 0.613515
64339315620, 0.613954, 0.613477
64417778200, 0.613918, 0.613438
64496240780, 0.613883, 0.613405
64574703360, 0.613847, 0.613370
64653165940, 0.613820, 0.613339
64731628520, 0.613786, 0.613301
64810091100, 0.613757, 0.613268
64888553680, 0.613718, 0.613218
64967016260, 0.613668, 0.613172
65045478840, 0.613614, 0.613125
65123941420, 0.613577, 0.613087
65202404000, 0.613522, 0.613054
65280866580, 0.613486, 0.613018
65359329160, 0.613441, 0.612966
65437791740, 0.613415, 0.612936
65516254320, 0.613384, 0.612905
65594716900, 0.613365, 0.612886
65673179480, 0.613295, 0.612831
65751642060, 0.613270, 0.612804
65830104640, 0.613232, 0.612768
65908567221, 0.613203, 0.612741
65987029801, 0.613163, 0.612699
66065492381, 0.613126, 0.612658
66143954961, 0.613092, 0.612622
66222417541, 0.613054, 0.612584
66300880121, 0.613027, 0.612554
66379342701, 0.612986, 0.612507
66457805281, 0.612937, 0.612482
66536267861, 0.612927, 0.612471
66614730441, 0.612896, 0.612447
66693193021, 0.612845, 0.612392
66771655601, 0.612822, 0.612367
66850118181, 0.612790, 0.612331
66928580761, 0.612751, 0.612298
67007043341, 0.612710, 0.612257
67085505921, 0.612679, 0.612227
67163968501, 0.612639, 0.612188
67242431081, 0.612608, 0.612158
67320893661, 0.612560, 0.612123
67399356241, 0.612548, 0.612109
67477818821, 0.612535, 0.612095
67556281401, 0.612498, 0.612062
67634743981, 0.612471, 0.612029
67713206561, 0.612428, 0.611982
67791669141, 0.612391, 0.611947
67870131721, 0.612372, 0.611925
67948594301, 0.612347, 0.611900
68027056881, 0.612326, 0.611878
68105519461, 0.612289, 0.611837
68183982041, 0.612269, 0.611818
68262444621, 0.612241, 0.611790
68340907201, 0.612188, 0.611749
68419369781, 0.612159, 0.611722
68497832361, 0.612149, 0.611708
68576294941, 0.612123, 0.611680
68654757521, 0.612081, 0.611636
68733220101, 0.612045, 0.611603
68811682681, 0.612017, 0.611576
68890145261, 0.612010, 0.611565
68968607841, 0.611978, 0.611532
69047070422, 0.611948, 0.611499
69125533002, 0.611925, 0.611474
69203995582, 0.611915, 0.611461
69282458162, 0.611887, 0.611433
69360920742, 0.611874, 0.611419
69439383322, 0.611844, 0.611389
69517845902, 0.611823, 0.611370
69596308482, 0.611797, 0.611345
69674771062, 0.611760, 0.611320
69753233642, 0.611743, 0.611304
69831696222, 0.611705, 0.611271
69910158802, 0.611691, 0.611257
69988621382, 0.611678, 0.611252
70067083962, 0.611664, 0.611238
70145546542, 0.611659, 0.611233
70224009122, 0.611647, 0.611219
70302471702, 0.611625, 0.611197
70380934282, 0.611604, 0.611178
70459396862, 0.611591, 0.611164
70537859442, 0.611557, 0.611136
70616322022, 0.611531, 0.611109
70694784602, 0.611506, 0.611084
70773247182, 0.611481, 0.611057
70851709762, 0.611468, 0.611043
70930172342, 0.611453, 0.611027
71008634922, 0.611436, 0.611007
71087097502, 0.611411, 0.610983
71165560082, 0.611404, 0.610974
71244022662, 0.611386, 0.610955
71322485242, 0.611376, 0.610947
71400947822, 0.611332, 0.610906
71479410402, 0.611312, 0.610884
71557872982, 0.611295, 0.610865
71636335562, 0.611275, 0.610843
71714798142, 0.611264, 0.610832
71793260722, 0.611254, 0.610821
71871723302, 0.611230, 0.610799
71950185882, 0.611204, 0.610782
72028648462, 0.611192, 0.610766
72107111042, 0.611163, 0.610733
72185573623, 0.611149, 0.610716
72264036203, 0.611133, 0.610700
72342498783, 0.611108, 0.610669
72420961363, 0.611103, 0.610664
72499423943, 0.611090, 0.610653
72577886523, 0.611077, 0.610637
72656349103, 0.611059, 0.610617
72734811683, 0.611042, 0.610601
72813274263, 0.611032, 0.610590
72891736843, 0.611022, 0.610579
72970199423, 0.611005, 0.610560
73048662003, 0.610994, 0.610549
73127124583, 0.610991, 0.610546
73205587163, 0.610978, 0.610535
73284049743, 0.610968, 0.610524
73362512323, 0.610958, 0.610513
73440974903, 0.610952, 0.610505
73519437483, 0.610942, 0.610494
73597900063, 0.610932, 0.610483
73676362643, 0.610920, 0.610469
73754825223, 0.610911, 0.610461
73833287803, 0.610895, 0.610447
73911750383, 0.610893, 0.610444
73990212963, 0.610879, 0.610433
74068675543, 0.610866, 0.610422
74147138123, 0.610861, 0.610417
74225600703, 0.610838, 0.610392
74304063283, 0.610824, 0.610376
74382525863, 0.610814, 0.610365
74460988443, 0.610803, 0.610354
74539451023, 0.610787, 0.610337
74617913603, 0.610779, 0.610329
74696376183, 0.610768, 0.610318
74774838763, 0.610740, 0.610293
74853301343, 0.610730, 0.610282
74931763923, 0.610717, 0.610266
75010226503, 0.610717, 0.610266
75088689083, 0.610701, 0.610249
75167151663, 0.610701, 0.610249
75245614243, 0.610695, 0.610241
75324076824, 0.610688, 0.610233
75402539404, 0.610680, 0.610222
75481001984, 0.610664, 0.610205
75559464564, 0.610654, 0.610194
75637927144, 0.610647, 0.610183
75716389724, 0.610642, 0.610178
75794852304, 0.610639, 0.610175
75873314884, 0.610634, 0.610170
75951777464, 0.610631, 0.610167
76030240044, 0.610626, 0.610161
76108702624, 0.610623, 0.610159
76187165204, 0.610616, 0.610150
76265627784, 0.610615, 0.610148
76344090364, 0.610603, 0.610137
76422552944, 0.610593, 0.610128
76501015524, 0.610590, 0.610126
76579478104, 0.610587, 0.610123
76657940684, 0.610584, 0.610120
76736403264, 0.610577, 0.610112
76814865844, 0.610564, 0.610098
76893328424, 0.610561, 0.610095
76971791004, 0.610555, 0.610090
77050253584, 0.610555, 0.610090
77128716164, 0.610544, 0.610082
77207178744, 0.610531, 0.610068
77285641324, 0.610531, 0.610068
77364103904, 0.610531, 0.610068
77442566484, 0.610531, 0.610068
77521029064, 0.610531, 0.610068
77599491644, 0.610531, 0.610068
77677954224, 0.610529, 0.610065
77756416804, 0.610529, 0.610065
77834879384, 0.610529, 0.610065
77913341964, 0.610529, 0.610065
77991804544, 0.610524, 0.610060
78070267124, 0.610524, 0.610060
78148729704, 0.610521, 0.610057
78227192284, 0.610521, 0.610057
78305654864, 0.610521, 0.610057
78384117444, 0.610521, 0.610057
78462580025, 0.610521, 0.610057
Time used: 841 ms
