logging to /opt/shards_res_1000/2016020400-2016020500_unique/tenant_5_profile_res-FIX_RATE-SHARDS-0.01.csvtracefile: /data1/tenant_trace/2016020400-2016020500_unique/tenant_5_trace
open file /data1/tenant_trace/2016020400-2016020500_unique/tenant_5_trace
read 1000000 lines
read 2000000 lines
read 3000000 lines
read 4000000 lines
read 5000000 lines
read 6000000 lines
read 7000000 lines
read 8000000 lines
read 9000000 lines
read 10000000 lines
read 11000000 lines
read 12000000 lines
read 13000000 lines
read 14000000 lines
read 15000000 lines
read 16000000 lines
read 17000000 lines
read 18000000 lines
read 19000000 lines
read 20000000 lines
read 21000000 lines
read 22000000 lines
read 23000000 lines
read 24000000 lines
read 25000000 lines
read 26000000 lines
read 27000000 lines
read 28000000 lines
read 29000000 lines
read 30000000 lines
read 31000000 lines
read 32000000 lines
read 33000000 lines
read 34000000 lines
read 35000000 lines
read 36000000 lines
read 37000000 lines
read 38000000 lines
read 39000000 lines
read 40000000 lines
read 41000000 lines
read 42000000 lines
read 43000000 lines
read 44000000 lines
read 45000000 lines
read 46000000 lines
read 47000000 lines
read 48000000 lines
read 49000000 lines
read 50000000 lines
read 51000000 lines
read 52000000 lines
read 53000000 lines
read 54000000 lines
read 55000000 lines
read 56000000 lines
read 57000000 lines
read 58000000 lines
read 59000000 lines
read 60000000 lines
read 61000000 lines
read 62000000 lines
read 63000000 lines
read 64000000 lines
read 65000000 lines
read 66000000 lines
read 67000000 lines
read 68000000 lines
read 69000000 lines
read 70000000 lines
read 71000000 lines
read 72000000 lines
read 73000000 lines
read 74000000 lines
read 75000000 lines
read 76000000 lines
read 77000000 lines
read 78000000 lines
read 79000000 lines
read 80000000 lines
read 81000000 lines
read 82000000 lines
read 83000000 lines
read 84000000 lines
read 85000000 lines
read 86000000 lines
read 87000000 lines
read 88000000 lines
read 89000000 lines
read 90000000 lines
read 91000000 lines
read 92000000 lines
read 93000000 lines
read 94000000 lines
read 95000000 lines
read 96000000 lines
read 97000000 lines
read 98000000 lines
read 99000000 lines
read 100000000 lines
read 101000000 lines
read 102000000 lines
read 103000000 lines
read 104000000 lines
read 105000000 lines
read 106000000 lines
read 107000000 lines
read 108000000 lines
read 109000000 lines
read 110000000 lines
read 111000000 lines
read 112000000 lines
read 113000000 lines
read 114000000 lines
read 115000000 lines
read 116000000 lines
read 117000000 lines
read 118000000 lines
read 119000000 lines
read 120000000 lines
read 121000000 lines
read 122000000 lines
read 123000000 lines
read 124000000 lines
read 125000000 lines
read 126000000 lines
read 127000000 lines
read 128000000 lines
read 129000000 lines
read 130000000 lines
read 131000000 lines
read 132000000 lines
read 133000000 lines
read 134000000 lines
read 135000000 lines
read 136000000 lines
read 137000000 lines
read 138000000 lines
read 139000000 lines
read 140000000 lines
read 141000000 lines
read 142000000 lines
read 143000000 lines
read 144000000 lines
read 145000000 lines
read 146000000 lines
read 147000000 lines
read 148000000 lines
read 149000000 lines
read 150000000 lines
read 151000000 lines
read 152000000 lines
read 153000000 lines
read 154000000 lines
read 155000000 lines
read 156000000 lines
read 157000000 lines
read 158000000 lines
[FILE]: /data1/tenant_trace/2016020400-2016020500_unique/tenant_5_trace
total_access_num: 158749446
total_access_size: 6439079169233
unique_access_num: 44976363
unique_access_size: 1822909202535
min_item_size: 1
[method]: SHARDS
[metric]: MAE
[seed]: 42
[sample_method]: FIX_RATE
[sample_metric]: 0.01
MAEQ_factor: 1.028663
cache_size, BMRC_ratio, OMRC_ratio
1822909202, 0.860363, 0.876503
3645818405, 0.826791, 0.840176
5468727607, 0.801800, 0.813636
7291636810, 0.781244, 0.791908
9114546012, 0.763536, 0.773282
10937455215, 0.747862, 0.756882
12760364417, 0.733677, 0.742115
14583273620, 0.720714, 0.728607
16406182822, 0.708889, 0.716235
18229092025, 0.697839, 0.704829
20052001227, 0.687593, 0.694159
21874910430, 0.678101, 0.684256
23697819632, 0.669010, 0.674872
25520728835, 0.660395, 0.665892
27343638038, 0.652189, 0.657466
29166547240, 0.644292, 0.649402
30989456443, 0.636784, 0.641658
32812365645, 0.629631, 0.634367
34635274848, 0.622788, 0.627372
36458184050, 0.616296, 0.620801
38281093253, 0.610150, 0.614469
40104002455, 0.604121, 0.608339
41926911658, 0.598368, 0.602455
43749820860, 0.592823, 0.596814
45572730063, 0.587500, 0.591367
47395639265, 0.582384, 0.586202
49218548468, 0.577314, 0.581070
51041457670, 0.572481, 0.576162
52864366873, 0.567901, 0.571507
54687276076, 0.563371, 0.566899
56510185278, 0.559025, 0.562429
58333094481, 0.554714, 0.558086
60156003683, 0.550632, 0.553943
61978912886, 0.546679, 0.549985
63801822088, 0.542875, 0.546047
65624731291, 0.539091, 0.542185
67447640493, 0.535496, 0.538556
69270549696, 0.531944, 0.534924
71093458898, 0.528518, 0.531482
72916368101, 0.525244, 0.528132
74739277303, 0.521926, 0.524823
76562186506, 0.518768, 0.521639
78385095709, 0.515642, 0.518484
80208004911, 0.512733, 0.515460
82030914114, 0.509731, 0.512454
83853823316, 0.506944, 0.509596
85676732519, 0.504035, 0.506719
87499641721, 0.501254, 0.503941
89322550924, 0.498560, 0.501214
91145460126, 0.495934, 0.498521
92968369329, 0.493321, 0.495902
94791278531, 0.490809, 0.493374
96614187734, 0.488363, 0.490877
98437096936, 0.485947, 0.488448
100260006139, 0.483528, 0.486057
102082915341, 0.481219, 0.483759
103905824544, 0.478974, 0.481493
105728733747, 0.476768, 0.479223
107551642949, 0.474577, 0.477000
109374552152, 0.472468, 0.474875
111197461354, 0.470348, 0.472741
113020370557, 0.468348, 0.470675
114843279759, 0.466341, 0.468681
116666188962, 0.464372, 0.466707
118489098164, 0.462464, 0.464794
120312007367, 0.460532, 0.462884
122134916569, 0.458587, 0.460918
123957825772, 0.456708, 0.459063
125780734974, 0.454964, 0.457273
127603644177, 0.453168, 0.455481
129426553379, 0.451412, 0.453728
131249462582, 0.449738, 0.452012
133072371785, 0.448091, 0.450372
134895280987, 0.446415, 0.448688
136718190190, 0.444827, 0.447067
138541099392, 0.443264, 0.445439
140364008595, 0.441718, 0.443900
142186917797, 0.440229, 0.442374
144009827000, 0.438707, 0.440845
145832736202, 0.437228, 0.439367
147655645405, 0.435765, 0.437893
149478554607, 0.434311, 0.436456
151301463810, 0.432920, 0.435027
153124373012, 0.431473, 0.433589
154947282215, 0.430086, 0.432203
156770191418, 0.428682, 0.430808
158593100620, 0.427310, 0.429440
160416009823, 0.425995, 0.428090
162238919025, 0.424728, 0.426783
164061828228, 0.423509, 0.425536
165884737430, 0.422266, 0.424274
167707646633, 0.421027, 0.423010
169530555835, 0.419757, 0.421742
171353465038, 0.418512, 0.420523
173176374240, 0.417288, 0.419304
174999283443, 0.416162, 0.418178
176822192645, 0.415028, 0.417045
178645101848, 0.413871, 0.415886
180468011050, 0.412753, 0.414761
182290920253, 0.411701, 0.413671
184113829456, 0.410600, 0.412559
185936738658, 0.409475, 0.411438
187759647861, 0.408342, 0.410343
189582557063, 0.407260, 0.409250
191405466266, 0.406184, 0.408170
193228375468, 0.405158, 0.407135
195051284671, 0.404112, 0.406118
196874193873, 0.403051, 0.405073
198697103076, 0.402074, 0.404090
200520012278, 0.401100, 0.403111
202342921481, 0.400101, 0.402128
204165830683, 0.399142, 0.401176
205988739886, 0.398185, 0.400226
207811649088, 0.397260, 0.399290
209634558291, 0.396363, 0.398370
211457467494, 0.395472, 0.397459
213280376696, 0.394617, 0.396580
215103285899, 0.393683, 0.395671
216926195101, 0.392819, 0.394808
218749104304, 0.391985, 0.393975
220572013506, 0.391149, 0.393123
222394922709, 0.390287, 0.392282
224217831911, 0.389452, 0.391447
226040741114, 0.388635, 0.390627
227863650316, 0.387818, 0.389803
229686559519, 0.387055, 0.389028
231509468721, 0.386253, 0.388208
233332377924, 0.385473, 0.387421
235155287127, 0.384750, 0.386672
236978196329, 0.384038, 0.385935
238801105532, 0.383247, 0.385164
240624014734, 0.382511, 0.384411
242446923937, 0.381766, 0.383660
244269833139, 0.381055, 0.382948
246092742342, 0.380323, 0.382263
247915651544, 0.379557, 0.381515
249738560747, 0.378885, 0.380840
251561469949, 0.378229, 0.380157
253384379152, 0.377552, 0.379487
255207288354, 0.376846, 0.378795
257030197557, 0.376199, 0.378151
258853106759, 0.375522, 0.377474
260676015962, 0.374914, 0.376856
262498925165, 0.374267, 0.376219
264321834367, 0.373664, 0.375620
266144743570, 0.373032, 0.375000
267967652772, 0.372383, 0.374369
269790561975, 0.371743, 0.373710
271613471177, 0.371128, 0.373084
273436380380, 0.370481, 0.372447
275259289582, 0.369873, 0.371832
277082198785, 0.369274, 0.371230
278905107987, 0.368655, 0.370612
280728017190, 0.368076, 0.370003
282550926392, 0.367476, 0.369408
284373835595, 0.366899, 0.368829
286196744797, 0.366329, 0.368259
288019654000, 0.365733, 0.367666
289842563203, 0.365160, 0.367075
291665472405, 0.364574, 0.366478
293488381608, 0.364035, 0.365937
295311290810, 0.363499, 0.365387
297134200013, 0.362965, 0.364840
298957109215, 0.362423, 0.364280
300780018418, 0.361868, 0.363708
302602927620, 0.361338, 0.363166
304425836823, 0.360856, 0.362657
306248746025, 0.360315, 0.362127
308071655228, 0.359750, 0.361586
309894564430, 0.359215, 0.361062
311717473633, 0.358723, 0.360551
313540382836, 0.358244, 0.360076
315363292038, 0.357751, 0.359579
317186201241, 0.357232, 0.359062
319009110443, 0.356728, 0.358571
320832019646, 0.356251, 0.358083
322654928848, 0.355779, 0.357603
324477838051, 0.355336, 0.357153
326300747253, 0.354857, 0.356658
328123656456, 0.354385, 0.356183
329946565658, 0.353907, 0.355711
331769474861, 0.353464, 0.355271
333592384063, 0.353000, 0.354794
335415293266, 0.352524, 0.354346
337238202468, 0.352106, 0.353909
339061111671, 0.351668, 0.353466
340884020874, 0.351191, 0.352998
342706930076, 0.350750, 0.352566
344529839279, 0.350321, 0.352127
346352748481, 0.349860, 0.351671
348175657684, 0.349419, 0.351231
349998566886, 0.349012, 0.350813
351821476089, 0.348620, 0.350404
353644385291, 0.348184, 0.349978
355467294494, 0.347793, 0.349577
357290203696, 0.347413, 0.349209
359113112899, 0.347007, 0.348800
360936022101, 0.346568, 0.348392
362758931304, 0.346175, 0.348001
364581840507, 0.345810, 0.347623
366404749709, 0.345425, 0.347227
368227658912, 0.345033, 0.346838
370050568114, 0.344616, 0.346420
371873477317, 0.344223, 0.346021
373696386519, 0.343840, 0.345642
375519295722, 0.343444, 0.345252
377342204924, 0.343074, 0.344871
379165114127, 0.342710, 0.344516
380988023329, 0.342359, 0.344180
382810932532, 0.341997, 0.343817
384633841734, 0.341656, 0.343478
386456750937, 0.341327, 0.343140
388279660139, 0.340976, 0.342794
390102569342, 0.340614, 0.342445
391925478545, 0.340253, 0.342101
393748387747, 0.339904, 0.341751
395571296950, 0.339567, 0.341405
397394206152, 0.339229, 0.341070
399217115355, 0.338865, 0.340723
401040024557, 0.338541, 0.340396
402862933760, 0.338213, 0.340059
404685842962, 0.337894, 0.339729
406508752165, 0.337585, 0.339418
408331661367, 0.337283, 0.339106
410154570570, 0.336965, 0.338752
411977479772, 0.336676, 0.338454
413800388975, 0.336350, 0.338138
415623298177, 0.336018, 0.337797
417446207380, 0.335717, 0.337506
419269116583, 0.335400, 0.337183
421092025785, 0.335080, 0.336856
422914934988, 0.334759, 0.336532
424737844190, 0.334470, 0.336239
426560753393, 0.334174, 0.335943
428383662595, 0.333851, 0.335633
430206571798, 0.333567, 0.335342
432029481000, 0.333290, 0.335053
433852390203, 0.333012, 0.334767
435675299405, 0.332713, 0.334466
437498208608, 0.332434, 0.334173
439321117810, 0.332147, 0.333895
441144027013, 0.331850, 0.333589
442966936216, 0.331560, 0.333306
444789845418, 0.331264, 0.333023
446612754621, 0.330961, 0.332723
448435663823, 0.330676, 0.332460
450258573026, 0.330381, 0.332157
452081482228, 0.330121, 0.331874
453904391431, 0.329847, 0.331592
455727300633, 0.329594, 0.331332
457550209836, 0.329362, 0.331079
459373119038, 0.329068, 0.330772
461196028241, 0.328811, 0.330513
463018937443, 0.328572, 0.330263
464841846646, 0.328321, 0.330008
466664755848, 0.328062, 0.329756
468487665051, 0.327816, 0.329516
470310574254, 0.327591, 0.329268
472133483456, 0.327336, 0.329008
473956392659, 0.327082, 0.328746
475779301861, 0.326839, 0.328499
477602211064, 0.326590, 0.328240
479425120266, 0.326366, 0.328009
481248029469, 0.326105, 0.327758
483070938671, 0.325842, 0.327480
484893847874, 0.325598, 0.327233
486716757076, 0.325335, 0.326962
488539666279, 0.325089, 0.326717
490362575481, 0.324856, 0.326477
492185484684, 0.324609, 0.326219
494008393886, 0.324385, 0.325968
495831303089, 0.324164, 0.325725
497654212292, 0.323926, 0.325483
499477121494, 0.323693, 0.325246
501300030697, 0.323445, 0.325010
503122939899, 0.323223, 0.324782
504945849102, 0.322990, 0.324551
506768758304, 0.322766, 0.324343
508591667507, 0.322558, 0.324119
510414576709, 0.322333, 0.323885
512237485912, 0.322129, 0.323667
514060395114, 0.321893, 0.323442
515883304317, 0.321685, 0.323231
517706213519, 0.321465, 0.323019
519529122722, 0.321246, 0.322797
521352031925, 0.321041, 0.322581
523174941127, 0.320813, 0.322359
524997850330, 0.320590, 0.322144
526820759532, 0.320370, 0.321899
528643668735, 0.320159, 0.321687
530466577937, 0.319943, 0.321465
532289487140, 0.319730, 0.321242
534112396342, 0.319486, 0.320999
535935305545, 0.319254, 0.320782
537758214747, 0.319064, 0.320582
539581123950, 0.318861, 0.320380
541404033152, 0.318661, 0.320171
543226942355, 0.318486, 0.319984
545049851557, 0.318303, 0.319800
546872760760, 0.318089, 0.319585
548695669963, 0.317923, 0.319405
550518579165, 0.317747, 0.319225
552341488368, 0.317553, 0.319024
554164397570, 0.317333, 0.318812
555987306773, 0.317157, 0.318617
557810215975, 0.316981, 0.318432
559633125178, 0.316792, 0.318234
561456034380, 0.316603, 0.318040
563278943583, 0.316427, 0.317854
565101852785, 0.316247, 0.317664
566924761988, 0.316073, 0.317486
568747671190, 0.315893, 0.317306
570570580393, 0.315698, 0.317097
572393489595, 0.315524, 0.316904
574216398798, 0.315354, 0.316719
576039308001, 0.315179, 0.316538
577862217203, 0.314990, 0.316355
579685126406, 0.314836, 0.316193
581508035608, 0.314676, 0.316027
583330944811, 0.314502, 0.315858
585153854013, 0.314350, 0.315697
586976763216, 0.314190, 0.315533
588799672418, 0.314024, 0.315354
590622581621, 0.313868, 0.315194
592445490823, 0.313702, 0.315032
594268400026, 0.313532, 0.314853
596091309228, 0.313359, 0.314683
597914218431, 0.313211, 0.314522
599737127634, 0.313056, 0.314353
601560036836, 0.312898, 0.314184
603382946039, 0.312749, 0.314021
605205855241, 0.312578, 0.313857
607028764444, 0.312408, 0.313691
608851673646, 0.312244, 0.313520
610674582849, 0.312063, 0.313352
612497492051, 0.311891, 0.313182
614320401254, 0.311730, 0.313019
616143310456, 0.311591, 0.312859
617966219659, 0.311439, 0.312702
619789128861, 0.311289, 0.312554
621612038064, 0.311152, 0.312408
623434947266, 0.311018, 0.312264
625257856469, 0.310878, 0.312122
627080765672, 0.310739, 0.311977
628903674874, 0.310571, 0.311808
630726584077, 0.310421, 0.311647
632549493279, 0.310292, 0.311510
634372402482, 0.310138, 0.311354
636195311684, 0.309995, 0.311219
638018220887, 0.309840, 0.311060
639841130089, 0.309714, 0.310932
641664039292, 0.309564, 0.310778
643486948494, 0.309424, 0.310632
645309857697, 0.309267, 0.310469
647132766899, 0.309120, 0.310322
648955676102, 0.308986, 0.310191
650778585304, 0.308845, 0.310043
652601494507, 0.308706, 0.309902
654424403710, 0.308579, 0.309769
656247312912, 0.308421, 0.309623
658070222115, 0.308296, 0.309492
659893131317, 0.308176, 0.309368
661716040520, 0.308040, 0.309226
663538949722, 0.307917, 0.309095
665361858925, 0.307787, 0.308951
667184768127, 0.307652, 0.308816
669007677330, 0.307526, 0.308674
670830586532, 0.307398, 0.308540
672653495735, 0.307257, 0.308397
674476404937, 0.307115, 0.308254
676299314140, 0.307010, 0.308143
678122223343, 0.306895, 0.308019
679945132545, 0.306769, 0.307893
681768041748, 0.306650, 0.307761
683590950950, 0.306527, 0.307619
685413860153, 0.306402, 0.307501
687236769355, 0.306278, 0.307373
689059678558, 0.306166, 0.307254
690882587760, 0.306049, 0.307124
692705496963, 0.305933, 0.307007
694528406165, 0.305798, 0.306875
696351315368, 0.305686, 0.306756
698174224570, 0.305574, 0.306639
699997133773, 0.305464, 0.306511
701820042975, 0.305357, 0.306406
703642952178, 0.305231, 0.306281
705465861381, 0.305127, 0.306171
707288770583, 0.305022, 0.306053
709111679786, 0.304893, 0.305932
710934588988, 0.304793, 0.305823
712757498191, 0.304684, 0.305692
714580407393, 0.304568, 0.305577
716403316596, 0.304475, 0.305471
718226225798, 0.304367, 0.305361
720049135001, 0.304238, 0.305238
721872044203, 0.304124, 0.305125
723694953406, 0.304007, 0.305000
725517862608, 0.303916, 0.304894
727340771811, 0.303792, 0.304770
729163681014, 0.303679, 0.304653
730986590216, 0.303579, 0.304535
732809499419, 0.303461, 0.304416
734632408621, 0.303366, 0.304306
736455317824, 0.303265, 0.304192
738278227026, 0.303167, 0.304087
740101136229, 0.303036, 0.303961
741924045431, 0.302934, 0.303852
743746954634, 0.302824, 0.303740
745569863836, 0.302719, 0.303635
747392773039, 0.302620, 0.303524
749215682241, 0.302504, 0.303425
751038591444, 0.302411, 0.303327
752861500646, 0.302316, 0.303231
754684409849, 0.302215, 0.303122
756507319052, 0.302121, 0.303026
758330228254, 0.302030, 0.302939
760153137457, 0.301932, 0.302836
761976046659, 0.301831, 0.302728
763798955862, 0.301716, 0.302636
765621865064, 0.301630, 0.302540
767444774267, 0.301548, 0.302454
769267683469, 0.301454, 0.302355
771090592672, 0.301347, 0.302257
772913501874, 0.301248, 0.302150
774736411077, 0.301165, 0.302060
776559320279, 0.301089, 0.301978
778382229482, 0.300998, 0.301878
780205138684, 0.300933, 0.301801
782028047887, 0.300853, 0.301720
783850957090, 0.300759, 0.301619
785673866292, 0.300660, 0.301516
787496775495, 0.300578, 0.301425
789319684697, 0.300475, 0.301322
791142593900, 0.300384, 0.301229
792965503102, 0.300294, 0.301141
794788412305, 0.300207, 0.301046
796611321507, 0.300125, 0.300962
798434230710, 0.300041, 0.300881
800257139912, 0.299940, 0.300785
802080049115, 0.299861, 0.300699
803902958317, 0.299763, 0.300601
805725867520, 0.299654, 0.300520
807548776723, 0.299579, 0.300436
809371685925, 0.299478, 0.300344
811194595128, 0.299381, 0.300249
813017504330, 0.299307, 0.300167
814840413533, 0.299225, 0.300085
816663322735, 0.299134, 0.299985
818486231938, 0.299050, 0.299894
820309141140, 0.298966, 0.299808
822132050343, 0.298882, 0.299727
823954959545, 0.298809, 0.299643
825777868748, 0.298734, 0.299556
827600777950, 0.298639, 0.299461
829423687153, 0.298555, 0.299383
831246596355, 0.298475, 0.299305
833069505558, 0.298389, 0.299221
834892414761, 0.298312, 0.299139
836715323963, 0.298238, 0.299052
838538233166, 0.298158, 0.298972
840361142368, 0.298067, 0.298887
842184051571, 0.297995, 0.298808
844006960773, 0.297904, 0.298719
845829869976, 0.297840, 0.298649
847652779178, 0.297750, 0.298567
849475688381, 0.297675, 0.298487
851298597583, 0.297578, 0.298395
853121506786, 0.297502, 0.298314
854944415988, 0.297431, 0.298233
856767325191, 0.297351, 0.298150
858590234393, 0.297272, 0.298070
860413143596, 0.297197, 0.297995
862236052799, 0.297110, 0.297905
864058962001, 0.297037, 0.297830
865881871204, 0.296974, 0.297765
867704780406, 0.296890, 0.297684
869527689609, 0.296814, 0.297599
871350598811, 0.296747, 0.297522
873173508014, 0.296679, 0.297449
874996417216, 0.296601, 0.297364
876819326419, 0.296528, 0.297292
878642235621, 0.296454, 0.297211
880465144824, 0.296391, 0.297129
882288054026, 0.296312, 0.297049
884110963229, 0.296231, 0.296973
885933872432, 0.296169, 0.296906
887756781634, 0.296094, 0.296826
889579690837, 0.296021, 0.296749
891402600039, 0.295940, 0.296666
893225509242, 0.295888, 0.296603
895048418444, 0.295815, 0.296532
896871327647, 0.295726, 0.296451
898694236849, 0.295667, 0.296387
900517146052, 0.295595, 0.296313
902340055254, 0.295530, 0.296248
904162964457, 0.295466, 0.296177
905985873659, 0.295387, 0.296105
907808782862, 0.295315, 0.296035
909631692064, 0.295232, 0.295958
911454601267, 0.295172, 0.295890
913277510470, 0.295117, 0.295830
915100419672, 0.295060, 0.295770
916923328875, 0.294985, 0.295699
918746238077, 0.294909, 0.295622
920569147280, 0.294841, 0.295552
922392056482, 0.294752, 0.295463
924214965685, 0.294672, 0.295392
926037874887, 0.294604, 0.295318
927860784090, 0.294525, 0.295235
929683693292, 0.294464, 0.295168
931506602495, 0.294399, 0.295099
933329511697, 0.294340, 0.295038
935152420900, 0.294272, 0.294968
936975330102, 0.294220, 0.294915
938798239305, 0.294166, 0.294858
940621148508, 0.294105, 0.294790
942444057710, 0.294046, 0.294728
944266966913, 0.293983, 0.294658
946089876115, 0.293912, 0.294588
947912785318, 0.293851, 0.294528
949735694520, 0.293792, 0.294467
951558603723, 0.293736, 0.294414
953381512925, 0.293685, 0.294354
955204422128, 0.293627, 0.294290
957027331330, 0.293574, 0.294227
958850240533, 0.293516, 0.294165
960673149735, 0.293451, 0.294097
962496058938, 0.293394, 0.294044
964318968141, 0.293346, 0.293985
966141877343, 0.293286, 0.293923
967964786546, 0.293225, 0.293856
969787695748, 0.293167, 0.293793
971610604951, 0.293115, 0.293732
973433514153, 0.293067, 0.293678
975256423356, 0.293022, 0.293632
977079332558, 0.292974, 0.293581
978902241761, 0.292920, 0.293516
980725150963, 0.292873, 0.293463
982548060166, 0.292817, 0.293398
984370969368, 0.292759, 0.293341
986193878571, 0.292697, 0.293282
988016787773, 0.292636, 0.293219
989839696976, 0.292585, 0.293163
991662606179, 0.292533, 0.293110
993485515381, 0.292477, 0.293051
995308424584, 0.292413, 0.292989
997131333786, 0.292363, 0.292935
998954242989, 0.292310, 0.292877
1000777152191, 0.292250, 0.292828
1002600061394, 0.292186, 0.292762
1004422970596, 0.292141, 0.292712
1006245879799, 0.292103, 0.292671
1008068789001, 0.292051, 0.292620
1009891698204, 0.292006, 0.292573
1011714607406, 0.291952, 0.292522
1013537516609, 0.291903, 0.292464
1015360425811, 0.291854, 0.292414
1017183335014, 0.291807, 0.292358
1019006244217, 0.291772, 0.292317
1020829153419, 0.291730, 0.292270
1022652062622, 0.291673, 0.292210
1024474971824, 0.291629, 0.292160
1026297881027, 0.291583, 0.292109
1028120790229, 0.291518, 0.292049
1029943699432, 0.291473, 0.292009
1031766608634, 0.291429, 0.291964
1033589517837, 0.291378, 0.291914
1035412427039, 0.291324, 0.291854
1037235336242, 0.291269, 0.291799
1039058245444, 0.291223, 0.291748
1040881154647, 0.291176, 0.291702
1042704063850, 0.291131, 0.291654
1044526973052, 0.291082, 0.291609
1046349882255, 0.291036, 0.291554
1048172791457, 0.290995, 0.291510
1049995700660, 0.290957, 0.291464
1051818609862, 0.290919, 0.291427
1053641519065, 0.290856, 0.291370
1055464428267, 0.290812, 0.291324
1057287337470, 0.290762, 0.291275
1059110246672, 0.290721, 0.291234
1060933155875, 0.290684, 0.291196
1062756065077, 0.290649, 0.291159
1064578974280, 0.290613, 0.291119
1066401883482, 0.290586, 0.291087
1068224792685, 0.290534, 0.291035
1070047701888, 0.290492, 0.290986
1071870611090, 0.290435, 0.290935
1073693520293, 0.290388, 0.290894
1075516429495, 0.290347, 0.290853
1077339338698, 0.290316, 0.290817
1079162247900, 0.290290, 0.290789
1080985157103, 0.290247, 0.290741
1082808066305, 0.290201, 0.290698
1084630975508, 0.290155, 0.290653
1086453884710, 0.290113, 0.290610
1088276793913, 0.290081, 0.290572
1090099703115, 0.290031, 0.290526
1091922612318, 0.290003, 0.290496
1093745521521, 0.289964, 0.290454
1095568430723, 0.289927, 0.290414
1097391339926, 0.289894, 0.290379
1099214249128, 0.289843, 0.290326
1101037158331, 0.289809, 0.290291
1102860067533, 0.289774, 0.290252
1104682976736, 0.289733, 0.290208
1106505885938, 0.289695, 0.290169
1108328795141, 0.289651, 0.290123
1110151704343, 0.289616, 0.290087
1111974613546, 0.289580, 0.290051
1113797522748, 0.289551, 0.290015
1115620431951, 0.289526, 0.289983
1117443341153, 0.289495, 0.289948
1119266250356, 0.289460, 0.289912
1121089159559, 0.289427, 0.289873
1122912068761, 0.289391, 0.289834
1124734977964, 0.289348, 0.289795
1126557887166, 0.289315, 0.289757
1128380796369, 0.289281, 0.289718
1130203705571, 0.289249, 0.289682
1132026614774, 0.289216, 0.289645
1133849523976, 0.289180, 0.289606
1135672433179, 0.289143, 0.289568
1137495342381, 0.289111, 0.289531
1139318251584, 0.289066, 0.289490
1141141160786, 0.289028, 0.289454
1142964069989, 0.288997, 0.289425
1144786979191, 0.288963, 0.289389
1146609888394, 0.288930, 0.289352
1148432797597, 0.288900, 0.289318
1150255706799, 0.288857, 0.289278
1152078616002, 0.288831, 0.289251
1153901525204, 0.288794, 0.289212
1155724434407, 0.288754, 0.289173
1157547343609, 0.288719, 0.289132
1159370252812, 0.288686, 0.289098
1161193162014, 0.288651, 0.289066
1163016071217, 0.288611, 0.289023
1164838980419, 0.288586, 0.288998
1166661889622, 0.288557, 0.288964
1168484798824, 0.288521, 0.288930
1170307708027, 0.288493, 0.288893
1172130617230, 0.288463, 0.288862
1173953526432, 0.288427, 0.288824
1175776435635, 0.288389, 0.288787
1177599344837, 0.288352, 0.288748
1179422254040, 0.288322, 0.288718
1181245163242, 0.288299, 0.288690
1183068072445, 0.288261, 0.288655
1184890981647, 0.288234, 0.288630
1186713890850, 0.288208, 0.288597
1188536800052, 0.288174, 0.288560
1190359709255, 0.288144, 0.288530
1192182618457, 0.288112, 0.288501
1194005527660, 0.288079, 0.288465
1195828436862, 0.288044, 0.288428
1197651346065, 0.288011, 0.288390
1199474255268, 0.287972, 0.288351
1201297164470, 0.287942, 0.288323
1203120073673, 0.287915, 0.288293
1204942982875, 0.287883, 0.288262
1206765892078, 0.287856, 0.288232
1208588801280, 0.287832, 0.288207
1210411710483, 0.287800, 0.288177
1212234619685, 0.287763, 0.288140
1214057528888, 0.287732, 0.288111
1215880438090, 0.287707, 0.288084
1217703347293, 0.287683, 0.288053
1219526256495, 0.287648, 0.288013
1221349165698, 0.287621, 0.287981
1223172074900, 0.287602, 0.287963
1224994984103, 0.287578, 0.287937
1226817893306, 0.287549, 0.287904
1228640802508, 0.287520, 0.287875
1230463711711, 0.287494, 0.287847
1232286620913, 0.287460, 0.287817
1234109530116, 0.287414, 0.287782
1235932439318, 0.287378, 0.287749
1237755348521, 0.287350, 0.287718
1239578257723, 0.287321, 0.287691
1241401166926, 0.287296, 0.287663
1243224076128, 0.287267, 0.287636
1245046985331, 0.287239, 0.287606
1246869894533, 0.287207, 0.287575
1248692803736, 0.287185, 0.287548
1250515712939, 0.287163, 0.287525
1252338622141, 0.287138, 0.287493
1254161531344, 0.287118, 0.287471
1255984440546, 0.287097, 0.287448
1257807349749, 0.287072, 0.287424
1259630258951, 0.287044, 0.287394
1261453168154, 0.287019, 0.287367
1263276077356, 0.286997, 0.287340
1265098986559, 0.286966, 0.287313
1266921895761, 0.286941, 0.287287
1268744804964, 0.286920, 0.287259
1270567714166, 0.286888, 0.287224
1272390623369, 0.286842, 0.287192
1274213532571, 0.286820, 0.287168
1276036441774, 0.286794, 0.287139
1277859350977, 0.286770, 0.287117
1279682260179, 0.286749, 0.287090
1281505169382, 0.286728, 0.287068
1283328078584, 0.286698, 0.287042
1285150987787, 0.286668, 0.287010
1286973896989, 0.286642, 0.286984
1288796806192, 0.286624, 0.286965
1290619715394, 0.286605, 0.286943
1292442624597, 0.286580, 0.286916
1294265533799, 0.286553, 0.286886
1296088443002, 0.286539, 0.286867
1297911352204, 0.286518, 0.286843
1299734261407, 0.286491, 0.286817
1301557170609, 0.286464, 0.286790
1303380079812, 0.286448, 0.286771
1305202989015, 0.286426, 0.286748
1307025898217, 0.286403, 0.286726
1308848807420, 0.286386, 0.286707
1310671716622, 0.286353, 0.286678
1312494625825, 0.286333, 0.286653
1314317535027, 0.286309, 0.286630
1316140444230, 0.286294, 0.286613
1317963353432, 0.286278, 0.286596
1319786262635, 0.286255, 0.286576
1321609171837, 0.286233, 0.286557
1323432081040, 0.286217, 0.286538
1325254990242, 0.286200, 0.286520
1327077899445, 0.286186, 0.286501
1328900808648, 0.286166, 0.286479
1330723717850, 0.286138, 0.286453
1332546627053, 0.286121, 0.286434
1334369536255, 0.286106, 0.286417
1336192445458, 0.286086, 0.286398
1338015354660, 0.286067, 0.286378
1339838263863, 0.286044, 0.286356
1341661173065, 0.286026, 0.286340
1343484082268, 0.286000, 0.286315
1345306991470, 0.285981, 0.286295
1347129900673, 0.285962, 0.286272
1348952809875, 0.285942, 0.286251
1350775719078, 0.285910, 0.286231
1352598628280, 0.285892, 0.286211
1354421537483, 0.285864, 0.286183
1356244446686, 0.285851, 0.286167
1358067355888, 0.285838, 0.286152
1359890265091, 0.285822, 0.286131
1361713174293, 0.285800, 0.286104
1363536083496, 0.285778, 0.286081
1365358992698, 0.285764, 0.286062
1367181901901, 0.285747, 0.286042
1369004811103, 0.285734, 0.286028
1370827720306, 0.285721, 0.286012
1372650629508, 0.285700, 0.285989
1374473538711, 0.285680, 0.285968
1376296447913, 0.285661, 0.285949
1378119357116, 0.285641, 0.285931
1379942266318, 0.285622, 0.285912
1381765175521, 0.285598, 0.285886
1383588084724, 0.285582, 0.285871
1385410993926, 0.285564, 0.285851
1387233903129, 0.285545, 0.285832
1389056812331, 0.285521, 0.285806
1390879721534, 0.285502, 0.285788
1392702630736, 0.285489, 0.285772
1394525539939, 0.285477, 0.285757
1396348449141, 0.285458, 0.285740
1398171358344, 0.285440, 0.285722
1399994267546, 0.285421, 0.285704
1401817176749, 0.285398, 0.285687
1403640085951, 0.285385, 0.285672
1405462995154, 0.285369, 0.285655
1407285904357, 0.285348, 0.285633
1409108813559, 0.285321, 0.285613
1410931722762, 0.285309, 0.285601
1412754631964, 0.285288, 0.285581
1414577541167, 0.285275, 0.285567
1416400450369, 0.285259, 0.285550
1418223359572, 0.285237, 0.285526
1420046268774, 0.285223, 0.285511
1421869177977, 0.285203, 0.285491
1423692087179, 0.285191, 0.285476
1425514996382, 0.285180, 0.285464
1427337905584, 0.285160, 0.285442
1429160814787, 0.285151, 0.285430
1430983723989, 0.285132, 0.285411
1432806633192, 0.285117, 0.285398
1434629542395, 0.285102, 0.285380
1436452451597, 0.285085, 0.285360
1438275360800, 0.285071, 0.285347
1440098270002, 0.285057, 0.285331
1441921179205, 0.285038, 0.285311
1443744088407, 0.285027, 0.285299
1445566997610, 0.285008, 0.285279
1447389906812, 0.284996, 0.285264
1449212816015, 0.284977, 0.285246
1451035725217, 0.284963, 0.285229
1452858634420, 0.284953, 0.285216
1454681543622, 0.284942, 0.285200
1456504452825, 0.284934, 0.285187
1458327362028, 0.284921, 0.285173
1460150271230, 0.284901, 0.285156
1461973180433, 0.284890, 0.285143
1463796089635, 0.284873, 0.285126
1465618998838, 0.284867, 0.285117
1467441908040, 0.284854, 0.285104
1469264817243, 0.284839, 0.285091
1471087726445, 0.284828, 0.285079
1472910635648, 0.284810, 0.285064
1474733544850, 0.284792, 0.285045
1476556454053, 0.284778, 0.285030
1478379363255, 0.284765, 0.285014
1480202272458, 0.284749, 0.285003
1482025181660, 0.284738, 0.284991
1483848090863, 0.284729, 0.284981
1485671000066, 0.284718, 0.284967
1487493909268, 0.284707, 0.284954
1489316818471, 0.284693, 0.284938
1491139727673, 0.284687, 0.284930
1492962636876, 0.284676, 0.284920
1494785546078, 0.284666, 0.284911
1496608455281, 0.284649, 0.284892
1498431364483, 0.284639, 0.284881
1500254273686, 0.284628, 0.284867
1502077182888, 0.284615, 0.284849
1503900092091, 0.284605, 0.284837
1505723001293, 0.284592, 0.284822
1507545910496, 0.284581, 0.284812
1509368819698, 0.284565, 0.284801
1511191728901, 0.284550, 0.284789
1513014638104, 0.284546, 0.284782
1514837547306, 0.284536, 0.284771
1516660456509, 0.284525, 0.284758
1518483365711, 0.284517, 0.284749
1520306274914, 0.284508, 0.284739
1522129184116, 0.284496, 0.284724
1523952093319, 0.284486, 0.284714
1525775002521, 0.284475, 0.284702
1527597911724, 0.284466, 0.284690
1529420820926, 0.284458, 0.284680
1531243730129, 0.284448, 0.284666
1533066639331, 0.284434, 0.284652
1534889548534, 0.284421, 0.284637
1536712457737, 0.284410, 0.284624
1538535366939, 0.284400, 0.284613
1540358276142, 0.284390, 0.284601
1542181185344, 0.284378, 0.284589
1544004094547, 0.284370, 0.284581
1545827003749, 0.284360, 0.284571
1547649912952, 0.284344, 0.284557
1549472822154, 0.284338, 0.284552
1551295731357, 0.284327, 0.284542
1553118640559, 0.284311, 0.284526
1554941549762, 0.284306, 0.284519
1556764458964, 0.284292, 0.284506
1558587368167, 0.284281, 0.284495
1560410277369, 0.284276, 0.284491
1562233186572, 0.284261, 0.284479
1564056095775, 0.284250, 0.284468
1565879004977, 0.284242, 0.284459
1567701914180, 0.284226, 0.284446
1569524823382, 0.284216, 0.284437
1571347732585, 0.284202, 0.284427
1573170641787, 0.284191, 0.284414
1574993550990, 0.284184, 0.284405
1576816460192, 0.284178, 0.284398
1578639369395, 0.284169, 0.284388
1580462278597, 0.284158, 0.284377
1582285187800, 0.284151, 0.284369
1584108097002, 0.284141, 0.284359
1585931006205, 0.284133, 0.284351
1587753915407, 0.284126, 0.284341
1589576824610, 0.284119, 0.284334
1591399733813, 0.284114, 0.284327
1593222643015, 0.284108, 0.284318
1595045552218, 0.284100, 0.284310
1596868461420, 0.284092, 0.284305
1598691370623, 0.284087, 0.284298
1600514279825, 0.284078, 0.284290
1602337189028, 0.284069, 0.284280
1604160098230, 0.284056, 0.284271
1605983007433, 0.284052, 0.284267
1607805916635, 0.284045, 0.284257
1609628825838, 0.284042, 0.284254
1611451735040, 0.284039, 0.284250
1613274644243, 0.284029, 0.284240
1615097553446, 0.284018, 0.284228
1616920462648, 0.284012, 0.284220
1618743371851, 0.284005, 0.284212
1620566281053, 0.283998, 0.284205
1622389190256, 0.283992, 0.284199
1624212099458, 0.283988, 0.284193
1626035008661, 0.283983, 0.284188
1627857917863, 0.283978, 0.284181
1629680827066, 0.283964, 0.284167
1631503736268, 0.283959, 0.284160
1633326645471, 0.283951, 0.284151
1635149554673, 0.283938, 0.284143
1636972463876, 0.283933, 0.284136
1638795373078, 0.283927, 0.284130
1640618282281, 0.283922, 0.284123
1642441191484, 0.283917, 0.284117
1644264100686, 0.283911, 0.284111
1646087009889, 0.283907, 0.284105
1647909919091, 0.283900, 0.284096
1649732828294, 0.283894, 0.284089
1651555737496, 0.283889, 0.284081
1653378646699, 0.283882, 0.284074
1655201555901, 0.283879, 0.284069
1657024465104, 0.283874, 0.284063
1658847374306, 0.283869, 0.284058
1660670283509, 0.283860, 0.284053
1662493192711, 0.283857, 0.284047
1664316101914, 0.283853, 0.284041
1666139011116, 0.283849, 0.284035
1667961920319, 0.283842, 0.284026
1669784829522, 0.283833, 0.284019
1671607738724, 0.283824, 0.284012
1673430647927, 0.283817, 0.284004
1675253557129, 0.283813, 0.283999
1677076466332, 0.283806, 0.283992
1678899375534, 0.283801, 0.283985
1680722284737, 0.283799, 0.283983
1682545193939, 0.283796, 0.283978
1684368103142, 0.283789, 0.283972
1686191012344, 0.283782, 0.283965
1688013921547, 0.283779, 0.283961
1689836830749, 0.283772, 0.283953
1691659739952, 0.283767, 0.283948
1693482649155, 0.283766, 0.283947
1695305558357, 0.283765, 0.283945
1697128467560, 0.283762, 0.283941
1698951376762, 0.283760, 0.283937
1700774285965, 0.283753, 0.283932
1702597195167, 0.283749, 0.283929
1704420104370, 0.283744, 0.283922
1706243013572, 0.283741, 0.283919
1708065922775, 0.283736, 0.283914
1709888831977, 0.283734, 0.283910
1711711741180, 0.283729, 0.283905
1713534650382, 0.283723, 0.283901
1715357559585, 0.283719, 0.283898
1717180468787, 0.283715, 0.283893
1719003377990, 0.283705, 0.283886
1720826287193, 0.283694, 0.283876
1722649196395, 0.283691, 0.283873
1724472105598, 0.283684, 0.283867
1726295014800, 0.283680, 0.283864
1728117924003, 0.283675, 0.283858
1729940833205, 0.283671, 0.283855
1731763742408, 0.283670, 0.283854
1733586651610, 0.283666, 0.283849
1735409560813, 0.283662, 0.283844
1737232470015, 0.283659, 0.283842
1739055379218, 0.283655, 0.283837
1740878288420, 0.283653, 0.283834
1742701197623, 0.283652, 0.283832
1744524106825, 0.283650, 0.283830
1746347016028, 0.283648, 0.283828
1748169925231, 0.283645, 0.283825
1749992834433, 0.283642, 0.283823
1751815743636, 0.283639, 0.283820
1753638652838, 0.283636, 0.283816
1755461562041, 0.283632, 0.283812
1757284471243, 0.283630, 0.283810
1759107380446, 0.283628, 0.283808
1760930289648, 0.283627, 0.283807
1762753198851, 0.283626, 0.283806
1764576108053, 0.283623, 0.283804
1766399017256, 0.283622, 0.283803
1768221926458, 0.283620, 0.283802
1770044835661, 0.283617, 0.283799
1771867744864, 0.283616, 0.283798
1773690654066, 0.283612, 0.283794
1775513563269, 0.283612, 0.283794
1777336472471, 0.283612, 0.283794
1779159381674, 0.283612, 0.283794
1780982290876, 0.283611, 0.283793
1782805200079, 0.283610, 0.283792
1784628109281, 0.283609, 0.283790
1786451018484, 0.283606, 0.283788
1788273927686, 0.283605, 0.283787
1790096836889, 0.283601, 0.283784
1791919746091, 0.283600, 0.283782
1793742655294, 0.283599, 0.283781
1795565564496, 0.283598, 0.283780
1797388473699, 0.283596, 0.283778
1799211382902, 0.283596, 0.283777
1801034292104, 0.283594, 0.283775
1802857201307, 0.283594, 0.283775
1804680110509, 0.283593, 0.283774
1806503019712, 0.283593, 0.283774
1808325928914, 0.283593, 0.283774
1810148838117, 0.283592, 0.283773
1811971747319, 0.283592, 0.283773
1813794656522, 0.283592, 0.283772
1815617565724, 0.283592, 0.283772
1817440474927, 0.283591, 0.283771
1819263384129, 0.283591, 0.283771
1821086293332, 0.283591, 0.283771
1822909202535, 0.283589, 0.283770
Time used: 4043 ms
