logging to /opt/profile_res/2016020600-2016020700_unique/tenant_4_profile_res-FIX_RATE-REAL-0.01.csvtracefile: /data1/tmp/tenant_4_trace
open file /data1/tmp/tenant_4_trace
read 1000000 lines
read 2000000 lines
read 3000000 lines
read 4000000 lines
read 5000000 lines
read 6000000 lines
read 7000000 lines
read 8000000 lines
read 9000000 lines
read 10000000 lines
read 11000000 lines
read 12000000 lines
read 13000000 lines
read 14000000 lines
read 15000000 lines
read 16000000 lines
read 17000000 lines
read 18000000 lines
read 19000000 lines
read 20000000 lines
read 21000000 lines
read 22000000 lines
read 23000000 lines
read 24000000 lines
read 25000000 lines
read 26000000 lines
read 27000000 lines
read 28000000 lines
read 29000000 lines
read 30000000 lines
read 31000000 lines
read 32000000 lines
read 33000000 lines
read 34000000 lines
read 35000000 lines
read 36000000 lines
read 37000000 lines
read 38000000 lines
read 39000000 lines
read 40000000 lines
read 41000000 lines
read 42000000 lines
read 43000000 lines
read 44000000 lines
read 45000000 lines
read 46000000 lines
read 47000000 lines
read 48000000 lines
read 49000000 lines
read 50000000 lines
read 51000000 lines
read 52000000 lines
read 53000000 lines
read 54000000 lines
read 55000000 lines
read 56000000 lines
read 57000000 lines
read 58000000 lines
read 59000000 lines
read 60000000 lines
read 61000000 lines
read 62000000 lines
read 63000000 lines
read 64000000 lines
read 65000000 lines
read 66000000 lines
read 67000000 lines
read 68000000 lines
read 69000000 lines
read 70000000 lines
read 71000000 lines
read 72000000 lines
read 73000000 lines
read 74000000 lines
read 75000000 lines
read 76000000 lines
read 77000000 lines
read 78000000 lines
read 79000000 lines
read 80000000 lines
read 81000000 lines
read 82000000 lines
read 83000000 lines
read 84000000 lines
read 85000000 lines
read 86000000 lines
read 87000000 lines
read 88000000 lines
read 89000000 lines
read 90000000 lines
read 91000000 lines
read 92000000 lines
read 93000000 lines
read 94000000 lines
read 95000000 lines
read 96000000 lines
read 97000000 lines
read 98000000 lines
read 99000000 lines
read 100000000 lines
read 101000000 lines
read 102000000 lines
read 103000000 lines
read 104000000 lines
read 105000000 lines
read 106000000 lines
read 107000000 lines
read 108000000 lines
read 109000000 lines
read 110000000 lines
read 111000000 lines
read 112000000 lines
read 113000000 lines
read 114000000 lines
read 115000000 lines
read 116000000 lines
read 117000000 lines
read 118000000 lines
read 119000000 lines
read 120000000 lines
read 121000000 lines
read 122000000 lines
read 123000000 lines
read 124000000 lines
read 125000000 lines
read 126000000 lines
read 127000000 lines
read 128000000 lines
read 129000000 lines
read 130000000 lines
read 131000000 lines
read 132000000 lines
read 133000000 lines
read 134000000 lines
read 135000000 lines
read 136000000 lines
read 137000000 lines
read 138000000 lines
read 139000000 lines
read 140000000 lines
read 141000000 lines
read 142000000 lines
read 143000000 lines
read 144000000 lines
read 145000000 lines
read 146000000 lines
read 147000000 lines
read 148000000 lines
read 149000000 lines
read 150000000 lines
read 151000000 lines
read 152000000 lines
read 153000000 lines
read 154000000 lines
read 155000000 lines
read 156000000 lines
read 157000000 lines
read 158000000 lines
read 159000000 lines
read 160000000 lines
read 161000000 lines
read 162000000 lines
read 163000000 lines
read 164000000 lines
read 165000000 lines
read 166000000 lines
read 167000000 lines
read 168000000 lines
read 169000000 lines
read 170000000 lines
read 171000000 lines
read 172000000 lines
read 173000000 lines
read 174000000 lines
read 175000000 lines
read 176000000 lines
read 177000000 lines
read 178000000 lines
read 179000000 lines
read 180000000 lines
read 181000000 lines
read 182000000 lines
read 183000000 lines
read 184000000 lines
read 185000000 lines
read 186000000 lines
read 187000000 lines
read 188000000 lines
read 189000000 lines
read 190000000 lines
read 191000000 lines
read 192000000 lines
read 193000000 lines
read 194000000 lines
read 195000000 lines
read 196000000 lines
read 197000000 lines
read 198000000 lines
read 199000000 lines
read 200000000 lines
read 201000000 lines
read 202000000 lines
read 203000000 lines
read 204000000 lines
read 205000000 lines
read 206000000 lines
read 207000000 lines
read 208000000 lines
read 209000000 lines
read 210000000 lines
read 211000000 lines
read 212000000 lines
read 213000000 lines
read 214000000 lines
read 215000000 lines
read 216000000 lines
read 217000000 lines
read 218000000 lines
read 219000000 lines
read 220000000 lines
read 221000000 lines
read 222000000 lines
read 223000000 lines
read 224000000 lines
read 225000000 lines
read 226000000 lines
read 227000000 lines
read 228000000 lines
read 229000000 lines
read 230000000 lines
read 231000000 lines
read 232000000 lines
read 233000000 lines
read 234000000 lines
read 235000000 lines
read 236000000 lines
read 237000000 lines
read 238000000 lines
read 239000000 lines
read 240000000 lines
read 241000000 lines
read 242000000 lines
read 243000000 lines
read 244000000 lines
read 245000000 lines
read 246000000 lines
read 247000000 lines
read 248000000 lines
read 249000000 lines
read 250000000 lines
read 251000000 lines
read 252000000 lines
read 253000000 lines
read 254000000 lines
read 255000000 lines
read 256000000 lines
read 257000000 lines
read 258000000 lines
read 259000000 lines
read 260000000 lines
read 261000000 lines
read 262000000 lines
read 263000000 lines
read 264000000 lines
read 265000000 lines
read 266000000 lines
read 267000000 lines
read 268000000 lines
read 269000000 lines
read 270000000 lines
read 271000000 lines
read 272000000 lines
read 273000000 lines
read 274000000 lines
read 275000000 lines
read 276000000 lines
read 277000000 lines
read 278000000 lines
read 279000000 lines
read 280000000 lines
read 281000000 lines
read 282000000 lines
read 283000000 lines
read 284000000 lines
read 285000000 lines
read 286000000 lines
read 287000000 lines
read 288000000 lines
read 289000000 lines
read 290000000 lines
read 291000000 lines
read 292000000 lines
read 293000000 lines
read 294000000 lines
read 295000000 lines
read 296000000 lines
read 297000000 lines
read 298000000 lines
read 299000000 lines
read 300000000 lines
read 301000000 lines
read 302000000 lines
read 303000000 lines
read 304000000 lines
read 305000000 lines
read 306000000 lines
read 307000000 lines
read 308000000 lines
read 309000000 lines
read 310000000 lines
read 311000000 lines
read 312000000 lines
read 313000000 lines
read 314000000 lines
read 315000000 lines
read 316000000 lines
read 317000000 lines
read 318000000 lines
read 319000000 lines
read 320000000 lines
read 321000000 lines
read 322000000 lines
read 323000000 lines
read 324000000 lines
read 325000000 lines
read 326000000 lines
read 327000000 lines
read 328000000 lines
read 329000000 lines
read 330000000 lines
read 331000000 lines
read 332000000 lines
read 333000000 lines
read 334000000 lines
read 335000000 lines
read 336000000 lines
read 337000000 lines
read 338000000 lines
read 339000000 lines
read 340000000 lines
read 341000000 lines
read 342000000 lines
read 343000000 lines
read 344000000 lines
read 345000000 lines
[FILE]: /data1/tmp/tenant_4_trace
total_access_num: 345554548
total_access_size: 4450237366883
unique_access_num: 98257247
unique_access_size: 1275849782438
min_item_size: 1
[method]: REAL
[metric]: MAE
[seed]: 42
[sample_method]: FIX_RATE
[sample_metric]: 0.01
MAEQ_factor: 1.325198
cache_size, BMRC_ratio, OMRC_ratio
12758497824, 0.660227, 0.668857
25516995648, 0.584106, 0.589549
38275493473, 0.537217, 0.541001
51033991297, 0.504215, 0.506901
63792489121, 0.479106, 0.481039
76550986946, 0.459191, 0.460517
89309484770, 0.442934, 0.443790
102067982595, 0.429335, 0.429797
114826480419, 0.417716, 0.417870
127584978243, 0.407666, 0.407567
140343476068, 0.398834, 0.398499
153101973892, 0.390993, 0.390467
165860471716, 0.383975, 0.383285
178618969541, 0.377677, 0.376829
191377467365, 0.372009, 0.371027
204135965190, 0.366882, 0.365776
216894463014, 0.362171, 0.360946
229652960838, 0.357817, 0.356498
242411458663, 0.353797, 0.352399
255169956487, 0.350084, 0.348609
267928454311, 0.346643, 0.345089
280686952136, 0.343430, 0.341814
293445449960, 0.340438, 0.338753
306203947785, 0.337622, 0.335882
318962445609, 0.334988, 0.333202
331720943433, 0.332532, 0.330691
344479441258, 0.330209, 0.328329
357237939082, 0.327999, 0.326075
369996436907, 0.325938, 0.323984
382754934731, 0.323963, 0.321973
395513432555, 0.322122, 0.320093
408271930380, 0.320359, 0.318306
421030428204, 0.318690, 0.316611
433788926028, 0.317114, 0.315010
446547423853, 0.315621, 0.313497
459305921677, 0.314204, 0.312054
472064419502, 0.312833, 0.310666
484822917326, 0.311555, 0.309370
497581415150, 0.310330, 0.308128
510339912975, 0.309169, 0.306950
523098410799, 0.308055, 0.305821
535856908623, 0.306985, 0.304742
548615406448, 0.305974, 0.303721
561373904272, 0.305015, 0.302744
574132402097, 0.304096, 0.301814
586890899921, 0.303218, 0.300931
599649397745, 0.302372, 0.300078
612407895570, 0.301567, 0.299265
625166393394, 0.300813, 0.298503
637924891219, 0.300087, 0.297770
650683389043, 0.299392, 0.297067
663441886867, 0.298723, 0.296395
676200384692, 0.298088, 0.295751
688958882516, 0.297477, 0.295138
701717380340, 0.296892, 0.294549
714475878165, 0.296342, 0.293993
727234375989, 0.295800, 0.293446
739992873814, 0.295281, 0.292925
752751371638, 0.294786, 0.292428
765509869462, 0.294311, 0.291953
778268367287, 0.293854, 0.291500
791026865111, 0.293427, 0.291073
803785362935, 0.293009, 0.290655
816543860760, 0.292612, 0.290258
829302358584, 0.292232, 0.289877
842060856409, 0.291871, 0.289520
854819354233, 0.291526, 0.289174
867577852057, 0.291199, 0.288847
880336349882, 0.290894, 0.288539
893094847706, 0.290597, 0.288241
905853345530, 0.290313, 0.287958
918611843355, 0.290033, 0.287680
931370341179, 0.289770, 0.287419
944128839004, 0.289525, 0.287173
956887336828, 0.289291, 0.286939
969645834652, 0.289067, 0.286714
982404332477, 0.288852, 0.286501
995162830301, 0.288650, 0.286299
1007921328126, 0.288460, 0.286109
1020679825950, 0.288286, 0.285935
1033438323774, 0.288122, 0.285770
1046196821599, 0.287970, 0.285618
1058955319423, 0.287830, 0.285479
1071713817247, 0.287698, 0.285348
1084472315072, 0.287574, 0.285224
1097230812896, 0.287455, 0.285106
1109989310721, 0.287345, 0.284997
1122747808545, 0.287248, 0.284901
1135506306369, 0.287155, 0.284809
1148264804194, 0.287071, 0.284725
1161023302018, 0.287001, 0.284654
1173781799842, 0.286936, 0.284589
1186540297667, 0.286881, 0.284535
1199298795491, 0.286828, 0.284481
1212057293316, 0.286784, 0.284438
1224815791140, 0.286751, 0.284405
1237574288964, 0.286726, 0.284380
1250332786789, 0.286706, 0.284360
1263091284613, 0.286696, 0.284350
1275849782438, 0.286693, 0.284347
Time used: 1298958 ms
