logging to /opt/profile_res/2016020600-2016020700_unique/tenant_5_profile_res-FIX_RATE-REAL-0.01.csvtracefile: /data1/tmp/tenant_5_trace
open file /data1/tmp/tenant_5_trace
read 1000000 lines
read 2000000 lines
read 3000000 lines
read 4000000 lines
read 5000000 lines
read 6000000 lines
read 7000000 lines
read 8000000 lines
read 9000000 lines
read 10000000 lines
read 11000000 lines
read 12000000 lines
read 13000000 lines
read 14000000 lines
read 15000000 lines
read 16000000 lines
read 17000000 lines
read 18000000 lines
read 19000000 lines
read 20000000 lines
read 21000000 lines
read 22000000 lines
read 23000000 lines
read 24000000 lines
read 25000000 lines
read 26000000 lines
read 27000000 lines
read 28000000 lines
read 29000000 lines
read 30000000 lines
read 31000000 lines
read 32000000 lines
read 33000000 lines
read 34000000 lines
read 35000000 lines
read 36000000 lines
read 37000000 lines
read 38000000 lines
read 39000000 lines
read 40000000 lines
read 41000000 lines
read 42000000 lines
read 43000000 lines
read 44000000 lines
read 45000000 lines
read 46000000 lines
read 47000000 lines
read 48000000 lines
read 49000000 lines
read 50000000 lines
read 51000000 lines
read 52000000 lines
read 53000000 lines
read 54000000 lines
read 55000000 lines
read 56000000 lines
read 57000000 lines
read 58000000 lines
read 59000000 lines
read 60000000 lines
read 61000000 lines
read 62000000 lines
read 63000000 lines
read 64000000 lines
read 65000000 lines
read 66000000 lines
read 67000000 lines
read 68000000 lines
read 69000000 lines
read 70000000 lines
read 71000000 lines
read 72000000 lines
read 73000000 lines
read 74000000 lines
read 75000000 lines
read 76000000 lines
read 77000000 lines
read 78000000 lines
read 79000000 lines
read 80000000 lines
read 81000000 lines
read 82000000 lines
read 83000000 lines
read 84000000 lines
read 85000000 lines
read 86000000 lines
read 87000000 lines
read 88000000 lines
read 89000000 lines
read 90000000 lines
read 91000000 lines
read 92000000 lines
read 93000000 lines
read 94000000 lines
read 95000000 lines
read 96000000 lines
read 97000000 lines
read 98000000 lines
read 99000000 lines
read 100000000 lines
read 101000000 lines
read 102000000 lines
read 103000000 lines
read 104000000 lines
read 105000000 lines
read 106000000 lines
read 107000000 lines
read 108000000 lines
read 109000000 lines
read 110000000 lines
read 111000000 lines
read 112000000 lines
read 113000000 lines
read 114000000 lines
read 115000000 lines
read 116000000 lines
read 117000000 lines
read 118000000 lines
read 119000000 lines
read 120000000 lines
read 121000000 lines
read 122000000 lines
read 123000000 lines
read 124000000 lines
read 125000000 lines
read 126000000 lines
read 127000000 lines
read 128000000 lines
read 129000000 lines
read 130000000 lines
read 131000000 lines
read 132000000 lines
read 133000000 lines
read 134000000 lines
read 135000000 lines
read 136000000 lines
read 137000000 lines
read 138000000 lines
read 139000000 lines
read 140000000 lines
read 141000000 lines
read 142000000 lines
read 143000000 lines
read 144000000 lines
read 145000000 lines
read 146000000 lines
read 147000000 lines
read 148000000 lines
read 149000000 lines
read 150000000 lines
read 151000000 lines
read 152000000 lines
read 153000000 lines
read 154000000 lines
read 155000000 lines
read 156000000 lines
read 157000000 lines
read 158000000 lines
read 159000000 lines
[FILE]: /data1/tmp/tenant_5_trace
total_access_num: 159185252
total_access_size: 6644611205209
unique_access_num: 43664035
unique_access_size: 1836706314617
min_item_size: 1
[method]: REAL
[metric]: MAE
[seed]: 42
[sample_method]: FIX_RATE
[sample_metric]: 0.01
MAEQ_factor: 1.330084
25
8
40940
754314
cache_size, BMRC_ratio, OMRC_ratio
18367063146, 0.710669, 0.705662
36734126292, 0.625803, 0.618938
55101189438, 0.570510, 0.563301
73468252584, 0.530330, 0.523308
91835315730, 0.499354, 0.492662
110202378877, 0.474547, 0.468256
128569442023, 0.454199, 0.448299
146936505169, 0.437087, 0.431570
165303568315, 0.422557, 0.417385
183670631461, 0.409974, 0.405141
202037694607, 0.399019, 0.394495
220404757754, 0.389357, 0.385118
238771820900, 0.380816, 0.376812
257138884046, 0.373150, 0.369366
275505947192, 0.366274, 0.362693
293873010338, 0.360070, 0.356674
312240073484, 0.354435, 0.351198
330607136631, 0.349312, 0.346214
348974199777, 0.344608, 0.341640
367341262923, 0.340284, 0.337439
385708326069, 0.336320, 0.333580
404075389215, 0.332657, 0.330016
422442452361, 0.329278, 0.326714
440809515508, 0.326113, 0.323632
459176578654, 0.323172, 0.320766
477543641800, 0.320437, 0.318086
495910704946, 0.317900, 0.315603
514277768092, 0.315522, 0.313273
532644831238, 0.313293, 0.311090
551011894385, 0.311201, 0.309043
569378957531, 0.309252, 0.307124
587746020677, 0.307432, 0.305331
606113083823, 0.305709, 0.303636
624480146969, 0.304091, 0.302039
642847210115, 0.302598, 0.300556
661214273262, 0.301181, 0.299142
679581336408, 0.299831, 0.297811
697948399554, 0.298578, 0.296564
716315462700, 0.297386, 0.295369
734682525846, 0.296257, 0.294244
753049588992, 0.295203, 0.293191
771416652139, 0.294199, 0.292189
789783715285, 0.293241, 0.291228
808150778431, 0.292335, 0.290325
826517841577, 0.291480, 0.289465
844884904723, 0.290675, 0.288656
863251967869, 0.289909, 0.287883
881619031016, 0.289180, 0.287153
899986094162, 0.288488, 0.286460
918353157308, 0.287829, 0.285794
936720220454, 0.287190, 0.285156
955087283600, 0.286582, 0.284544
973454346747, 0.286019, 0.283975
991821409893, 0.285481, 0.283427
1010188473039, 0.284969, 0.282908
1028555536185, 0.284480, 0.282418
1046922599331, 0.284018, 0.281950
1065289662477, 0.283569, 0.281497
1083656725624, 0.283141, 0.281068
1102023788770, 0.282731, 0.280656
1120390851916, 0.282348, 0.280270
1138757915062, 0.281988, 0.279908
1157124978208, 0.281640, 0.279558
1175492041354, 0.281308, 0.279222
1193859104501, 0.280984, 0.278894
1212226167647, 0.280677, 0.278585
1230593230793, 0.280390, 0.278294
1248960293939, 0.280107, 0.278009
1267327357085, 0.279840, 0.277742
1285694420231, 0.279588, 0.277489
1304061483378, 0.279349, 0.277246
1322428546524, 0.279129, 0.277021
1340795609670, 0.278920, 0.276810
1359162672816, 0.278714, 0.276602
1377529735962, 0.278528, 0.276416
1395896799108, 0.278347, 0.276236
1414263862255, 0.278172, 0.276060
1432630925401, 0.278004, 0.275892
1450997988547, 0.277853, 0.275741
1469365051693, 0.277713, 0.275598
1487732114839, 0.277580, 0.275464
1506099177985, 0.277454, 0.275339
1524466241132, 0.277339, 0.275223
1542833304278, 0.277233, 0.275116
1561200367424, 0.277134, 0.275017
1579567430570, 0.277039, 0.274921
1597934493716, 0.276950, 0.274832
1616301556862, 0.276871, 0.274750
1634668620009, 0.276799, 0.274678
1653035683155, 0.276732, 0.274610
1671402746301, 0.276670, 0.274549
1689769809447, 0.276616, 0.274496
1708136872593, 0.276570, 0.274448
1726503935739, 0.276532, 0.274408
1744870998886, 0.276497, 0.274374
1763238062032, 0.276470, 0.274347
1781605125178, 0.276448, 0.274324
1799972188324, 0.276433, 0.274309
1818339251470, 0.276424, 0.274300
1836706314617, 0.276420, 0.274297
Time used: 562632 ms
