logging to /opt/profile_res/2016020300-2016020400_unique/tenant_5_profile_res-FIX_RATE-REAL-0.01.csvtracefile: /data1/tmp/tenant_5_trace
open file /data1/tmp/tenant_5_trace
read 1000000 lines
read 2000000 lines
read 3000000 lines
read 4000000 lines
read 5000000 lines
read 6000000 lines
read 7000000 lines
read 8000000 lines
read 9000000 lines
read 10000000 lines
read 11000000 lines
read 12000000 lines
read 13000000 lines
read 14000000 lines
read 15000000 lines
read 16000000 lines
read 17000000 lines
read 18000000 lines
read 19000000 lines
read 20000000 lines
read 21000000 lines
read 22000000 lines
read 23000000 lines
read 24000000 lines
read 25000000 lines
read 26000000 lines
read 27000000 lines
read 28000000 lines
read 29000000 lines
read 30000000 lines
read 31000000 lines
read 32000000 lines
read 33000000 lines
read 34000000 lines
read 35000000 lines
read 36000000 lines
read 37000000 lines
read 38000000 lines
read 39000000 lines
read 40000000 lines
read 41000000 lines
read 42000000 lines
read 43000000 lines
read 44000000 lines
read 45000000 lines
read 46000000 lines
read 47000000 lines
read 48000000 lines
read 49000000 lines
read 50000000 lines
read 51000000 lines
read 52000000 lines
read 53000000 lines
read 54000000 lines
read 55000000 lines
read 56000000 lines
read 57000000 lines
read 58000000 lines
read 59000000 lines
read 60000000 lines
read 61000000 lines
read 62000000 lines
read 63000000 lines
read 64000000 lines
read 65000000 lines
read 66000000 lines
read 67000000 lines
read 68000000 lines
read 69000000 lines
read 70000000 lines
read 71000000 lines
read 72000000 lines
read 73000000 lines
read 74000000 lines
read 75000000 lines
read 76000000 lines
read 77000000 lines
read 78000000 lines
read 79000000 lines
read 80000000 lines
read 81000000 lines
read 82000000 lines
read 83000000 lines
read 84000000 lines
read 85000000 lines
read 86000000 lines
read 87000000 lines
read 88000000 lines
read 89000000 lines
read 90000000 lines
read 91000000 lines
read 92000000 lines
read 93000000 lines
read 94000000 lines
read 95000000 lines
read 96000000 lines
read 97000000 lines
read 98000000 lines
read 99000000 lines
read 100000000 lines
read 101000000 lines
read 102000000 lines
read 103000000 lines
read 104000000 lines
read 105000000 lines
read 106000000 lines
read 107000000 lines
read 108000000 lines
read 109000000 lines
read 110000000 lines
read 111000000 lines
read 112000000 lines
read 113000000 lines
read 114000000 lines
read 115000000 lines
read 116000000 lines
read 117000000 lines
read 118000000 lines
read 119000000 lines
read 120000000 lines
read 121000000 lines
read 122000000 lines
read 123000000 lines
read 124000000 lines
read 125000000 lines
read 126000000 lines
read 127000000 lines
read 128000000 lines
read 129000000 lines
read 130000000 lines
read 131000000 lines
read 132000000 lines
read 133000000 lines
read 134000000 lines
read 135000000 lines
read 136000000 lines
read 137000000 lines
read 138000000 lines
read 139000000 lines
read 140000000 lines
read 141000000 lines
read 142000000 lines
read 143000000 lines
read 144000000 lines
read 145000000 lines
read 146000000 lines
read 147000000 lines
read 148000000 lines
read 149000000 lines
read 150000000 lines
read 151000000 lines
read 152000000 lines
read 153000000 lines
read 154000000 lines
read 155000000 lines
read 156000000 lines
read 157000000 lines
read 158000000 lines
read 159000000 lines
[FILE]: /data1/tmp/tenant_5_trace
total_access_num: 159071104
total_access_size: 6152720047561
unique_access_num: 44682554
unique_access_size: 1770669190248
min_item_size: 1
[method]: REAL
[metric]: MAE
[seed]: 42
[sample_method]: FIX_RATE
[sample_metric]: 0.01
MAEQ_factor: 1.329592
cache_size, BMRC_ratio, OMRC_ratio
17706691902, 0.700515, 0.703181
35413383804, 0.618439, 0.617870
53120075707, 0.565698, 0.563456
70826767609, 0.527699, 0.524466
88533459512, 0.498612, 0.494736
106240151414, 0.475445, 0.471139
123946843317, 0.456431, 0.451798
141653535219, 0.440588, 0.435731
159360227122, 0.427105, 0.422065
177066919024, 0.415440, 0.410251
194773610927, 0.405278, 0.399965
212480302829, 0.396290, 0.390873
230186994732, 0.388330, 0.382820
247893686634, 0.381201, 0.375620
265600378537, 0.374747, 0.369128
283307070439, 0.368904, 0.363239
301013762342, 0.363627, 0.357912
318720454244, 0.358790, 0.353041
336427146147, 0.354375, 0.348576
354133838049, 0.350287, 0.344446
371840529952, 0.346537, 0.340657
389547221854, 0.343062, 0.337139
407253913757, 0.339815, 0.333864
424960605659, 0.336823, 0.330827
442667297562, 0.334016, 0.327987
460373989464, 0.331392, 0.325323
478080681366, 0.328945, 0.322855
495787373269, 0.326666, 0.320548
513494065171, 0.324526, 0.318373
531200757074, 0.322530, 0.316336
548907448976, 0.320638, 0.314417
566614140879, 0.318874, 0.312617
584320832781, 0.317221, 0.310928
602027524684, 0.315653, 0.309332
619734216586, 0.314176, 0.307823
637440908489, 0.312783, 0.306397
655147600391, 0.311460, 0.305050
672854292294, 0.310204, 0.303763
690560984196, 0.309023, 0.302564
708267676099, 0.307901, 0.301414
725974368001, 0.306827, 0.300318
743681059904, 0.305820, 0.299295
761387751806, 0.304863, 0.298314
779094443709, 0.303951, 0.297380
796801135611, 0.303100, 0.296503
814507827514, 0.302286, 0.295669
832214519416, 0.301506, 0.294871
849921211319, 0.300765, 0.294111
867627903221, 0.300057, 0.293389
885334595124, 0.299384, 0.292704
903041287026, 0.298752, 0.292053
920747978928, 0.298145, 0.291432
938454670831, 0.297568, 0.290839
956161362733, 0.297012, 0.290274
973868054636, 0.296479, 0.289734
991574746538, 0.295984, 0.289227
1009281438441, 0.295517, 0.288747
1026988130343, 0.295056, 0.288280
1044694822246, 0.294610, 0.287826
1062401514148, 0.294197, 0.287402
1080108206051, 0.293796, 0.286995
1097814897953, 0.293421, 0.286613
1115521589856, 0.293063, 0.286247
1133228281758, 0.292713, 0.285891
1150934973661, 0.292385, 0.285561
1168641665563, 0.292068, 0.285237
1186348357466, 0.291764, 0.284931
1204055049368, 0.291484, 0.284645
1221761741271, 0.291212, 0.284371
1239468433173, 0.290964, 0.284116
1257175125076, 0.290726, 0.283873
1274881816978, 0.290497, 0.283642
1292588508881, 0.290281, 0.283420
1310295200783, 0.290073, 0.283210
1328001892686, 0.289874, 0.283011
1345708584588, 0.289690, 0.282825
1363415276490, 0.289520, 0.282652
1381121968393, 0.289357, 0.282488
1398828660295, 0.289202, 0.282330
1416535352198, 0.289062, 0.282189
1434242044100, 0.288931, 0.282057
1451948736003, 0.288811, 0.281934
1469655427905, 0.288693, 0.281812
1487362119808, 0.288584, 0.281703
1505068811710, 0.288482, 0.281600
1522775503613, 0.288393, 0.281509
1540482195515, 0.288307, 0.281422
1558188887418, 0.288230, 0.281343
1575895579320, 0.288159, 0.281269
1593602271223, 0.288096, 0.281206
1611308963125, 0.288033, 0.281145
1629015655028, 0.287980, 0.281092
1646722346930, 0.287934, 0.281046
1664429038833, 0.287896, 0.281006
1682135730735, 0.287862, 0.280973
1699842422638, 0.287833, 0.280945
1717549114540, 0.287812, 0.280923
1735255806443, 0.287797, 0.280908
1752962498345, 0.287789, 0.280900
1770669190248, 0.287786, 0.280897
Time used: 583379 ms
