logging to /opt/profile_res/2016020700-2016020800_unique/tenant_5_profile_res-FIX_RATE-REAL-0.01.csvtracefile: /data1/tmp/tenant_5_trace
open file /data1/tmp/tenant_5_trace
read 1000000 lines
read 2000000 lines
read 3000000 lines
read 4000000 lines
read 5000000 lines
read 6000000 lines
read 7000000 lines
read 8000000 lines
read 9000000 lines
read 10000000 lines
read 11000000 lines
read 12000000 lines
read 13000000 lines
read 14000000 lines
read 15000000 lines
read 16000000 lines
read 17000000 lines
read 18000000 lines
read 19000000 lines
read 20000000 lines
read 21000000 lines
read 22000000 lines
read 23000000 lines
read 24000000 lines
read 25000000 lines
read 26000000 lines
read 27000000 lines
read 28000000 lines
read 29000000 lines
read 30000000 lines
read 31000000 lines
read 32000000 lines
read 33000000 lines
read 34000000 lines
read 35000000 lines
read 36000000 lines
read 37000000 lines
read 38000000 lines
read 39000000 lines
read 40000000 lines
read 41000000 lines
read 42000000 lines
read 43000000 lines
read 44000000 lines
read 45000000 lines
read 46000000 lines
read 47000000 lines
read 48000000 lines
read 49000000 lines
read 50000000 lines
read 51000000 lines
read 52000000 lines
read 53000000 lines
read 54000000 lines
read 55000000 lines
read 56000000 lines
read 57000000 lines
read 58000000 lines
read 59000000 lines
read 60000000 lines
read 61000000 lines
read 62000000 lines
read 63000000 lines
read 64000000 lines
read 65000000 lines
read 66000000 lines
read 67000000 lines
read 68000000 lines
read 69000000 lines
read 70000000 lines
read 71000000 lines
read 72000000 lines
read 73000000 lines
read 74000000 lines
read 75000000 lines
read 76000000 lines
read 77000000 lines
read 78000000 lines
read 79000000 lines
read 80000000 lines
read 81000000 lines
read 82000000 lines
read 83000000 lines
read 84000000 lines
read 85000000 lines
read 86000000 lines
read 87000000 lines
read 88000000 lines
read 89000000 lines
read 90000000 lines
read 91000000 lines
read 92000000 lines
read 93000000 lines
read 94000000 lines
read 95000000 lines
read 96000000 lines
read 97000000 lines
read 98000000 lines
read 99000000 lines
read 100000000 lines
read 101000000 lines
read 102000000 lines
read 103000000 lines
read 104000000 lines
read 105000000 lines
read 106000000 lines
read 107000000 lines
read 108000000 lines
read 109000000 lines
read 110000000 lines
read 111000000 lines
read 112000000 lines
read 113000000 lines
read 114000000 lines
read 115000000 lines
read 116000000 lines
read 117000000 lines
read 118000000 lines
read 119000000 lines
read 120000000 lines
read 121000000 lines
read 122000000 lines
read 123000000 lines
read 124000000 lines
read 125000000 lines
read 126000000 lines
read 127000000 lines
read 128000000 lines
read 129000000 lines
read 130000000 lines
read 131000000 lines
read 132000000 lines
read 133000000 lines
read 134000000 lines
read 135000000 lines
read 136000000 lines
read 137000000 lines
read 138000000 lines
read 139000000 lines
read 140000000 lines
read 141000000 lines
read 142000000 lines
read 143000000 lines
read 144000000 lines
read 145000000 lines
read 146000000 lines
read 147000000 lines
read 148000000 lines
read 149000000 lines
read 150000000 lines
read 151000000 lines
read 152000000 lines
read 153000000 lines
read 154000000 lines
read 155000000 lines
read 156000000 lines
read 157000000 lines
read 158000000 lines
[FILE]: /data1/tmp/tenant_5_trace
total_access_num: 158614368
total_access_size: 6628698679819
unique_access_num: 43283885
unique_access_size: 1816739128920
min_item_size: 1
[method]: REAL
[metric]: MAE
[seed]: 42
[sample_method]: FIX_RATE
[sample_metric]: 0.01
MAEQ_factor: 1.329938
cache_size, BMRC_ratio, OMRC_ratio
18167391289, 0.696176, 0.694795
36334782578, 0.609845, 0.605635
54502173867, 0.554245, 0.549214
72669565156, 0.514144, 0.508963
90836956446, 0.483542, 0.478429
109004347735, 0.459190, 0.454299
127171739024, 0.439259, 0.434642
145339130313, 0.422669, 0.418327
163506521602, 0.408599, 0.404518
181673912892, 0.396466, 0.392654
199841304181, 0.385949, 0.382375
218008695470, 0.376716, 0.373367
236176086759, 0.368550, 0.365423
254343478048, 0.361299, 0.358356
272510869338, 0.354773, 0.352017
290678260627, 0.348914, 0.346327
308845651916, 0.343625, 0.341188
327013043205, 0.338819, 0.336509
345180434494, 0.334414, 0.332231
363347825784, 0.330393, 0.328332
381515217073, 0.326734, 0.324765
399682608362, 0.323365, 0.321482
417849999651, 0.320230, 0.318425
436017390940, 0.317336, 0.315608
454184782230, 0.314657, 0.312993
472352173519, 0.312175, 0.310564
490519564808, 0.309872, 0.308310
508686956097, 0.307719, 0.306201
526854347386, 0.305719, 0.304236
545021738676, 0.303835, 0.302393
563189129965, 0.302092, 0.300681
581356521254, 0.300443, 0.299066
599523912543, 0.298924, 0.297569
617691303832, 0.297491, 0.296155
635858695122, 0.296149, 0.294833
654026086411, 0.294892, 0.293592
672193477700, 0.293703, 0.292415
690360868989, 0.292601, 0.291318
708528260278, 0.291548, 0.290271
726695651568, 0.290553, 0.289286
744863042857, 0.289631, 0.288367
763030434146, 0.288742, 0.287488
781197825435, 0.287911, 0.286661
799365216724, 0.287135, 0.285889
817532608014, 0.286399, 0.285153
835699999303, 0.285693, 0.284448
853867390592, 0.285038, 0.283792
872034781881, 0.284408, 0.283164
890202173170, 0.283819, 0.282573
908369564460, 0.283260, 0.282012
926536955749, 0.282731, 0.281483
944704347038, 0.282220, 0.280974
962871738327, 0.281732, 0.280489
981039129616, 0.281278, 0.280035
999206520906, 0.280844, 0.279605
1017373912195, 0.280429, 0.279194
1035541303484, 0.280037, 0.278805
1053708694773, 0.279671, 0.278436
1071876086062, 0.279321, 0.278087
1090043477352, 0.278986, 0.277753
1108210868641, 0.278667, 0.277438
1126378259930, 0.278361, 0.277135
1144545651219, 0.278075, 0.276848
1162713042508, 0.277800, 0.276576
1180880433798, 0.277547, 0.276323
1199047825087, 0.277305, 0.276082
1217215216376, 0.277061, 0.275846
1235382607665, 0.276839, 0.275628
1253549998954, 0.276635, 0.275425
1271717390244, 0.276442, 0.275232
1289884781533, 0.276252, 0.275046
1308052172822, 0.276076, 0.274873
1326219564111, 0.275914, 0.274711
1344386955400, 0.275757, 0.274557
1362554346690, 0.275616, 0.274416
1380721737979, 0.275479, 0.274281
1398889129268, 0.275348, 0.274153
1417056520557, 0.275230, 0.274034
1435223911846, 0.275120, 0.273924
1453391303136, 0.275015, 0.273821
1471558694425, 0.274918, 0.273726
1489726085714, 0.274823, 0.273632
1507893477003, 0.274735, 0.273545
1526060868292, 0.274656, 0.273466
1544228259582, 0.274581, 0.273391
1562395650871, 0.274512, 0.273323
1580563042160, 0.274449, 0.273261
1598730433449, 0.274389, 0.273201
1616897824738, 0.274333, 0.273147
1635065216028, 0.274286, 0.273101
1653232607317, 0.274243, 0.273058
1671399998606, 0.274205, 0.273021
1689567389895, 0.274172, 0.272988
1707734781184, 0.274145, 0.272961
1725902172474, 0.274123, 0.272939
1744069563763, 0.274105, 0.272920
1762236955052, 0.274089, 0.272905
1780404346341, 0.274080, 0.272896
1798571737630, 0.274074, 0.272890
1816739128920, 0.274072, 0.272888
Time used: 569229 ms
