logging to /opt/shards_res_1000/2016020200-2016020300_unique/tenant_5_profile_res-FIX_RATE-SHARDS-0.01.csvtracefile: /data1/tenant_trace/2016020200-2016020300_unique/tenant_5_trace
open file /data1/tenant_trace/2016020200-2016020300_unique/tenant_5_trace
read 1000000 lines
read 2000000 lines
read 3000000 lines
read 4000000 lines
read 5000000 lines
read 6000000 lines
read 7000000 lines
read 8000000 lines
read 9000000 lines
read 10000000 lines
read 11000000 lines
read 12000000 lines
read 13000000 lines
read 14000000 lines
read 15000000 lines
read 16000000 lines
read 17000000 lines
read 18000000 lines
read 19000000 lines
read 20000000 lines
read 21000000 lines
read 22000000 lines
read 23000000 lines
read 24000000 lines
read 25000000 lines
read 26000000 lines
read 27000000 lines
read 28000000 lines
read 29000000 lines
read 30000000 lines
read 31000000 lines
read 32000000 lines
read 33000000 lines
read 34000000 lines
read 35000000 lines
read 36000000 lines
read 37000000 lines
read 38000000 lines
read 39000000 lines
read 40000000 lines
read 41000000 lines
read 42000000 lines
read 43000000 lines
read 44000000 lines
read 45000000 lines
read 46000000 lines
read 47000000 lines
read 48000000 lines
read 49000000 lines
read 50000000 lines
read 51000000 lines
read 52000000 lines
read 53000000 lines
read 54000000 lines
read 55000000 lines
read 56000000 lines
read 57000000 lines
read 58000000 lines
read 59000000 lines
read 60000000 lines
read 61000000 lines
read 62000000 lines
read 63000000 lines
read 64000000 lines
read 65000000 lines
read 66000000 lines
read 67000000 lines
read 68000000 lines
read 69000000 lines
read 70000000 lines
read 71000000 lines
read 72000000 lines
read 73000000 lines
read 74000000 lines
read 75000000 lines
read 76000000 lines
read 77000000 lines
read 78000000 lines
read 79000000 lines
read 80000000 lines
read 81000000 lines
read 82000000 lines
read 83000000 lines
read 84000000 lines
read 85000000 lines
read 86000000 lines
read 87000000 lines
read 88000000 lines
read 89000000 lines
read 90000000 lines
read 91000000 lines
read 92000000 lines
read 93000000 lines
read 94000000 lines
read 95000000 lines
read 96000000 lines
read 97000000 lines
read 98000000 lines
read 99000000 lines
read 100000000 lines
read 101000000 lines
read 102000000 lines
read 103000000 lines
read 104000000 lines
read 105000000 lines
read 106000000 lines
read 107000000 lines
read 108000000 lines
read 109000000 lines
read 110000000 lines
read 111000000 lines
read 112000000 lines
read 113000000 lines
read 114000000 lines
read 115000000 lines
read 116000000 lines
read 117000000 lines
read 118000000 lines
read 119000000 lines
read 120000000 lines
read 121000000 lines
read 122000000 lines
read 123000000 lines
read 124000000 lines
read 125000000 lines
read 126000000 lines
read 127000000 lines
read 128000000 lines
read 129000000 lines
read 130000000 lines
read 131000000 lines
read 132000000 lines
read 133000000 lines
read 134000000 lines
read 135000000 lines
read 136000000 lines
read 137000000 lines
read 138000000 lines
read 139000000 lines
read 140000000 lines
read 141000000 lines
read 142000000 lines
read 143000000 lines
read 144000000 lines
read 145000000 lines
read 146000000 lines
read 147000000 lines
read 148000000 lines
read 149000000 lines
read 150000000 lines
read 151000000 lines
read 152000000 lines
read 153000000 lines
[FILE]: /data1/tenant_trace/2016020200-2016020300_unique/tenant_5_trace
total_access_num: 153901580
total_access_size: 5971958508508
unique_access_num: 44089847
unique_access_size: 1733644929953
min_item_size: 1
[method]: SHARDS
[metric]: MAE
[seed]: 42
[sample_method]: FIX_RATE
[sample_metric]: 0.01
MAEQ_factor: 1.028611
cache_size, BMRC_ratio, OMRC_ratio
1733644929, 0.855930, 0.874646
3467289859, 0.819226, 0.837180
5200934789, 0.792554, 0.809564
6934579719, 0.771142, 0.787088
8668224649, 0.753044, 0.768122
10401869579, 0.737099, 0.751487
12135514509, 0.723064, 0.736593
13869159439, 0.710113, 0.723051
15602804369, 0.698086, 0.710547
17336449299, 0.687269, 0.699074
19070094229, 0.677311, 0.688490
20803739159, 0.667869, 0.678531
22537384089, 0.659140, 0.669229
24271029019, 0.650859, 0.660433
26004673949, 0.642997, 0.652080
27738318879, 0.635584, 0.644251
29471963809, 0.628469, 0.636750
31205608739, 0.621633, 0.629571
32939253669, 0.615148, 0.622767
34672898599, 0.608925, 0.616186
36406543529, 0.602992, 0.609978
38140188458, 0.597240, 0.603967
39873833388, 0.591683, 0.598185
41607478318, 0.586420, 0.592573
43341123248, 0.581315, 0.587239
45074768178, 0.576241, 0.581942
46808413108, 0.571591, 0.577033
48542058038, 0.567223, 0.572352
50275702968, 0.562786, 0.567712
52009347898, 0.558423, 0.563196
53742992828, 0.554305, 0.558947
55476637758, 0.550327, 0.554813
57210282688, 0.546425, 0.550741
58943927618, 0.542618, 0.546831
60677572548, 0.539042, 0.543065
62411217478, 0.535425, 0.539321
64144862408, 0.531975, 0.535762
65878507338, 0.528562, 0.532218
67612152268, 0.525210, 0.528756
69345797198, 0.522123, 0.525489
71079442128, 0.518968, 0.522205
72813087058, 0.516038, 0.519114
74546731987, 0.513114, 0.516044
76280376917, 0.510277, 0.513083
78014021847, 0.507499, 0.510239
79747666777, 0.504768, 0.507402
81481311707, 0.502130, 0.504694
83214956637, 0.499465, 0.501952
84948601567, 0.496966, 0.499325
86682246497, 0.494418, 0.496705
88415891427, 0.491988, 0.494193
90149536357, 0.489554, 0.491644
91883181287, 0.487196, 0.489182
93616826217, 0.484849, 0.486755
95350471147, 0.482653, 0.484429
97084116077, 0.480406, 0.482140
98817761007, 0.478145, 0.479841
100551405937, 0.476015, 0.477623
102285050867, 0.473863, 0.475434
104018695797, 0.471874, 0.473376
105752340727, 0.469914, 0.471316
107485985657, 0.467995, 0.469320
109219630587, 0.466110, 0.467391
110953275516, 0.464215, 0.465440
112686920446, 0.462391, 0.463585
114420565376, 0.460614, 0.461710
116154210306, 0.458831, 0.459840
117887855236, 0.457072, 0.458040
119621500166, 0.455372, 0.456322
121355145096, 0.453665, 0.454540
123088790026, 0.452073, 0.452850
124822434956, 0.450473, 0.451172
126556079886, 0.448942, 0.449571
128289724816, 0.447387, 0.447981
130023369746, 0.445844, 0.446400
131757014676, 0.444324, 0.444810
133490659606, 0.442846, 0.443262
135224304536, 0.441369, 0.441742
136957949466, 0.439943, 0.440270
138691594396, 0.438525, 0.438821
140425239326, 0.437146, 0.437393
142158884256, 0.435784, 0.435987
143892529186, 0.434424, 0.434629
145626174116, 0.433143, 0.433302
147359819046, 0.431912, 0.431993
149093463975, 0.430635, 0.430682
150827108905, 0.429358, 0.429388
152560753835, 0.428127, 0.428140
154294398765, 0.426964, 0.426939
156028043695, 0.425809, 0.425716
157761688625, 0.424519, 0.424433
159495333555, 0.423341, 0.423239
161228978485, 0.422203, 0.422086
162962623415, 0.421031, 0.420900
164696268345, 0.419909, 0.419727
166429913275, 0.418800, 0.418585
168163558205, 0.417692, 0.417451
169897203135, 0.416580, 0.416303
171630848065, 0.415538, 0.415232
173364492995, 0.414460, 0.414133
175098137925, 0.413478, 0.413137
176831782855, 0.412463, 0.412097
178565427785, 0.411508, 0.411086
180299072715, 0.410542, 0.410089
182032717645, 0.409593, 0.409101
183766362575, 0.408597, 0.408084
185500007504, 0.407679, 0.407129
187233652434, 0.406730, 0.406155
188967297364, 0.405785, 0.405174
190700942294, 0.404852, 0.404209
192434587224, 0.403903, 0.403244
194168232154, 0.403048, 0.402359
195901877084, 0.402189, 0.401467
197635522014, 0.401353, 0.400581
199369166944, 0.400483, 0.399663
201102811874, 0.399588, 0.398755
202836456804, 0.398759, 0.397884
204570101734, 0.397872, 0.396985
206303746664, 0.397040, 0.396145
208037391594, 0.396255, 0.395322
209771036524, 0.395456, 0.394476
211504681454, 0.394636, 0.393678
213238326384, 0.393826, 0.392855
214971971314, 0.393043, 0.392072
216705616244, 0.392281, 0.391309
218439261174, 0.391502, 0.390525
220172906104, 0.390749, 0.389772
221906551033, 0.389974, 0.389027
223640195963, 0.389194, 0.388218
225373840893, 0.388436, 0.387439
227107485823, 0.387726, 0.386703
228841130753, 0.386978, 0.385955
230574775683, 0.386274, 0.385234
232308420613, 0.385559, 0.384510
234042065543, 0.384879, 0.383799
235775710473, 0.384214, 0.383113
237509355403, 0.383553, 0.382435
239243000333, 0.382912, 0.381755
240976645263, 0.382244, 0.381076
242710290193, 0.381611, 0.380434
244443935123, 0.380996, 0.379791
246177580053, 0.380320, 0.379100
247911224983, 0.379693, 0.378453
249644869913, 0.379046, 0.377794
251378514843, 0.378427, 0.377158
253112159773, 0.377809, 0.376526
254845804703, 0.377224, 0.375927
256579449633, 0.376641, 0.375332
258313094562, 0.376100, 0.374776
260046739492, 0.375538, 0.374160
261780384422, 0.374935, 0.373551
263514029352, 0.374342, 0.372956
265247674282, 0.373756, 0.372379
266981319212, 0.373196, 0.371816
268714964142, 0.372636, 0.371241
270448609072, 0.372061, 0.370641
272182254002, 0.371456, 0.370026
273915898932, 0.370878, 0.369451
275649543862, 0.370331, 0.368899
277383188792, 0.369843, 0.368382
279116833722, 0.369303, 0.367833
280850478652, 0.368738, 0.367260
282584123582, 0.368204, 0.366711
284317768512, 0.367686, 0.366171
286051413442, 0.367185, 0.365655
287785058372, 0.366659, 0.365117
289518703302, 0.366171, 0.364607
291252348232, 0.365652, 0.364059
292985993162, 0.365159, 0.363549
294719638092, 0.364681, 0.363033
296453283021, 0.364199, 0.362523
298186927951, 0.363705, 0.362000
299920572881, 0.363252, 0.361527
301654217811, 0.362779, 0.361052
303387862741, 0.362304, 0.360565
305121507671, 0.361830, 0.360086
306855152601, 0.361368, 0.359634
308588797531, 0.360940, 0.359199
310322442461, 0.360497, 0.358740
312056087391, 0.360060, 0.358291
313789732321, 0.359601, 0.357818
315523377251, 0.359178, 0.357381
317257022181, 0.358684, 0.356913
318990667111, 0.358207, 0.356426
320724312041, 0.357775, 0.355979
322457956971, 0.357340, 0.355547
324191601901, 0.356937, 0.355127
325925246831, 0.356517, 0.354694
327658891761, 0.356124, 0.354275
329392536691, 0.355729, 0.353854
331126181621, 0.355308, 0.353437
332859826550, 0.354886, 0.353028
334593471480, 0.354489, 0.352600
336327116410, 0.354041, 0.352164
338060761340, 0.353625, 0.351730
339794406270, 0.353206, 0.351322
341528051200, 0.352800, 0.350917
343261696130, 0.352418, 0.350529
344995341060, 0.352027, 0.350129
346728985990, 0.351662, 0.349731
348462630920, 0.351269, 0.349338
350196275850, 0.350913, 0.348969
351929920780, 0.350528, 0.348570
353663565710, 0.350176, 0.348214
355397210640, 0.349800, 0.347824
357130855570, 0.349437, 0.347429
358864500500, 0.349061, 0.347048
360598145430, 0.348707, 0.346683
362331790360, 0.348349, 0.346306
364065435290, 0.347965, 0.345910
365799080220, 0.347651, 0.345572
367532725150, 0.347322, 0.345244
369266370079, 0.346957, 0.344865
371000015009, 0.346579, 0.344520
372733659939, 0.346222, 0.344171
374467304869, 0.345880, 0.343834
376200949799, 0.345568, 0.343503
377934594729, 0.345257, 0.343179
379668239659, 0.344951, 0.342856
381401884589, 0.344622, 0.342509
383135529519, 0.344292, 0.342173
384869174449, 0.343958, 0.341829
386602819379, 0.343621, 0.341486
388336464309, 0.343319, 0.341170
390070109239, 0.343009, 0.340852
391803754169, 0.342674, 0.340541
393537399099, 0.342359, 0.340209
395271044029, 0.342017, 0.339878
397004688959, 0.341718, 0.339581
398738333889, 0.341424, 0.339283
400471978819, 0.341109, 0.338966
402205623749, 0.340808, 0.338662
403939268679, 0.340506, 0.338346
405672913609, 0.340204, 0.338036
407406558538, 0.339935, 0.337741
409140203468, 0.339631, 0.337446
410873848398, 0.339322, 0.337125
412607493328, 0.339021, 0.336819
414341138258, 0.338754, 0.336543
416074783188, 0.338477, 0.336245
417808428118, 0.338169, 0.335928
419542073048, 0.337907, 0.335653
421275717978, 0.337610, 0.335353
423009362908, 0.337361, 0.335077
424743007838, 0.337065, 0.334777
426476652768, 0.336817, 0.334524
428210297698, 0.336518, 0.334230
429943942628, 0.336278, 0.333975
431677587558, 0.335998, 0.333700
433411232488, 0.335738, 0.333448
435144877418, 0.335468, 0.333194
436878522348, 0.335201, 0.332919
438612167278, 0.334946, 0.332654
440345812208, 0.334704, 0.332398
442079457138, 0.334462, 0.332142
443813102067, 0.334215, 0.331886
445546746997, 0.333989, 0.331643
447280391927, 0.333766, 0.331405
449014036857, 0.333504, 0.331140
450747681787, 0.333247, 0.330881
452481326717, 0.333020, 0.330644
454214971647, 0.332777, 0.330396
455948616577, 0.332556, 0.330150
457682261507, 0.332301, 0.329887
459415906437, 0.332069, 0.329638
461149551367, 0.331853, 0.329405
462883196297, 0.331625, 0.329152
464616841227, 0.331410, 0.328934
466350486157, 0.331180, 0.328689
468084131087, 0.330959, 0.328444
469817776017, 0.330745, 0.328212
471551420947, 0.330523, 0.327975
473285065877, 0.330290, 0.327736
475018710807, 0.330072, 0.327508
476752355737, 0.329842, 0.327278
478486000667, 0.329626, 0.327046
480219645596, 0.329404, 0.326818
481953290526, 0.329176, 0.326582
483686935456, 0.328984, 0.326370
485420580386, 0.328772, 0.326140
487154225316, 0.328573, 0.325932
488887870246, 0.328337, 0.325704
490621515176, 0.328120, 0.325484
492355160106, 0.327910, 0.325274
494088805036, 0.327718, 0.325072
495822449966, 0.327491, 0.324841
497556094896, 0.327246, 0.324610
499289739826, 0.327040, 0.324398
501023384756, 0.326815, 0.324179
502757029686, 0.326608, 0.323965
504490674616, 0.326400, 0.323753
506224319546, 0.326189, 0.323537
507957964476, 0.325997, 0.323337
509691609406, 0.325792, 0.323126
511425254336, 0.325595, 0.322924
513158899266, 0.325387, 0.322714
514892544196, 0.325204, 0.322524
516626189125, 0.324986, 0.322317
518359834055, 0.324804, 0.322128
520093478985, 0.324588, 0.321918
521827123915, 0.324393, 0.321717
523560768845, 0.324185, 0.321523
525294413775, 0.324026, 0.321343
527028058705, 0.323865, 0.321177
528761703635, 0.323677, 0.320983
530495348565, 0.323498, 0.320795
532228993495, 0.323340, 0.320623
533962638425, 0.323142, 0.320427
535696283355, 0.322953, 0.320237
537429928285, 0.322780, 0.320053
539163573215, 0.322595, 0.319875
540897218145, 0.322410, 0.319698
542630863075, 0.322223, 0.319516
544364508005, 0.322036, 0.319325
546098152935, 0.321872, 0.319150
547831797865, 0.321729, 0.318991
549565442795, 0.321556, 0.318807
551299087725, 0.321394, 0.318640
553032732655, 0.321213, 0.318457
554766377584, 0.321032, 0.318274
556500022514, 0.320880, 0.318112
558233667444, 0.320745, 0.317957
559967312374, 0.320578, 0.317782
561700957304, 0.320412, 0.317604
563434602234, 0.320265, 0.317458
565168247164, 0.320099, 0.317282
566901892094, 0.319944, 0.317107
568635537024, 0.319782, 0.316938
570369181954, 0.319629, 0.316781
572102826884, 0.319476, 0.316627
573836471814, 0.319330, 0.316469
575570116744, 0.319189, 0.316310
577303761674, 0.319044, 0.316154
579037406604, 0.318897, 0.315986
580771051534, 0.318743, 0.315829
582504696464, 0.318596, 0.315670
584238341394, 0.318454, 0.315519
585971986324, 0.318314, 0.315383
587705631254, 0.318178, 0.315237
589439276184, 0.318041, 0.315089
591172921113, 0.317917, 0.314956
592906566043, 0.317764, 0.314805
594640210973, 0.317635, 0.314660
596373855903, 0.317481, 0.314516
598107500833, 0.317350, 0.314366
599841145763, 0.317202, 0.314210
601574790693, 0.317060, 0.314075
603308435623, 0.316922, 0.313921
605042080553, 0.316772, 0.313764
606775725483, 0.316633, 0.313617
608509370413, 0.316490, 0.313476
610243015343, 0.316348, 0.313329
611976660273, 0.316217, 0.313186
613710305203, 0.316061, 0.313030
615443950133, 0.315920, 0.312894
617177595063, 0.315796, 0.312764
618911239993, 0.315663, 0.312630
620644884923, 0.315534, 0.312495
622378529853, 0.315403, 0.312354
624112174783, 0.315276, 0.312219
625845819713, 0.315138, 0.312074
627579464642, 0.315007, 0.311941
629313109572, 0.314890, 0.311814
631046754502, 0.314748, 0.311682
632780399432, 0.314627, 0.311554
634514044362, 0.314508, 0.311432
636247689292, 0.314384, 0.311302
637981334222, 0.314250, 0.311165
639714979152, 0.314118, 0.311035
641448624082, 0.313989, 0.310907
643182269012, 0.313879, 0.310790
644915913942, 0.313755, 0.310651
646649558872, 0.313633, 0.310534
648383203802, 0.313500, 0.310405
650116848732, 0.313369, 0.310272
651850493662, 0.313258, 0.310161
653584138592, 0.313130, 0.310031
655317783522, 0.313030, 0.309920
657051428452, 0.312907, 0.309798
658785073382, 0.312773, 0.309663
660518718312, 0.312669, 0.309548
662252363242, 0.312564, 0.309435
663986008171, 0.312453, 0.309313
665719653101, 0.312347, 0.309206
667453298031, 0.312228, 0.309089
669186942961, 0.312113, 0.308961
670920587891, 0.312005, 0.308851
672654232821, 0.311875, 0.308713
674387877751, 0.311763, 0.308608
676121522681, 0.311658, 0.308507
677855167611, 0.311547, 0.308397
679588812541, 0.311444, 0.308289
681322457471, 0.311320, 0.308165
683056102401, 0.311209, 0.308058
684789747331, 0.311115, 0.307957
686523392261, 0.311023, 0.307850
688257037191, 0.310920, 0.307742
689990682121, 0.310813, 0.307631
691724327051, 0.310694, 0.307507
693457971981, 0.310575, 0.307389
695191616911, 0.310466, 0.307279
696925261841, 0.310361, 0.307166
698658906771, 0.310239, 0.307048
700392551701, 0.310142, 0.306948
702126196630, 0.310045, 0.306847
703859841560, 0.309946, 0.306743
705593486490, 0.309862, 0.306646
707327131420, 0.309756, 0.306538
709060776350, 0.309662, 0.306440
710794421280, 0.309558, 0.306333
712528066210, 0.309460, 0.306236
714261711140, 0.309340, 0.306120
715995356070, 0.309230, 0.306011
717729001000, 0.309124, 0.305907
719462645930, 0.309020, 0.305807
721196290860, 0.308939, 0.305719
722929935790, 0.308825, 0.305607
724663580720, 0.308724, 0.305501
726397225650, 0.308623, 0.305401
728130870580, 0.308542, 0.305307
729864515510, 0.308447, 0.305212
731598160440, 0.308370, 0.305125
733331805370, 0.308273, 0.305028
735065450300, 0.308173, 0.304922
736799095230, 0.308087, 0.304830
738532740159, 0.307981, 0.304740
740266385089, 0.307884, 0.304642
742000030019, 0.307800, 0.304561
743733674949, 0.307708, 0.304465
745467319879, 0.307615, 0.304371
747200964809, 0.307533, 0.304291
748934609739, 0.307441, 0.304193
750668254669, 0.307352, 0.304089
752401899599, 0.307245, 0.303977
754135544529, 0.307160, 0.303885
755869189459, 0.307085, 0.303794
757602834389, 0.307012, 0.303707
759336479319, 0.306914, 0.303611
761070124249, 0.306818, 0.303522
762803769179, 0.306731, 0.303427
764537414109, 0.306643, 0.303336
766271059039, 0.306566, 0.303254
768004703969, 0.306488, 0.303170
769738348899, 0.306403, 0.303082
771471993829, 0.306311, 0.302984
773205638759, 0.306213, 0.302889
774939283688, 0.306128, 0.302806
776672928618, 0.306035, 0.302716
778406573548, 0.305963, 0.302638
780140218478, 0.305893, 0.302568
781873863408, 0.305820, 0.302493
783607508338, 0.305750, 0.302419
785341153268, 0.305652, 0.302322
787074798198, 0.305575, 0.302236
788808443128, 0.305510, 0.302161
790542088058, 0.305434, 0.302084
792275732988, 0.305359, 0.302004
794009377918, 0.305278, 0.301920
795743022848, 0.305194, 0.301837
797476667778, 0.305129, 0.301762
799210312708, 0.305041, 0.301681
800943957638, 0.304957, 0.301590
802677602568, 0.304867, 0.301503
804411247498, 0.304796, 0.301423
806144892428, 0.304719, 0.301336
807878537358, 0.304648, 0.301256
809612182288, 0.304568, 0.301178
811345827218, 0.304497, 0.301108
813079472147, 0.304425, 0.301025
814813117077, 0.304367, 0.300962
816546762007, 0.304287, 0.300878
818280406937, 0.304225, 0.300813
820014051867, 0.304156, 0.300738
821747696797, 0.304087, 0.300666
823481341727, 0.304020, 0.300592
825214986657, 0.303953, 0.300513
826948631587, 0.303889, 0.300443
828682276517, 0.303799, 0.300363
830415921447, 0.303734, 0.300291
832149566377, 0.303656, 0.300213
833883211307, 0.303571, 0.300128
835616856237, 0.303497, 0.300054
837350501167, 0.303423, 0.299977
839084146097, 0.303357, 0.299913
840817791027, 0.303282, 0.299843
842551435957, 0.303229, 0.299789
844285080887, 0.303166, 0.299720
846018725817, 0.303111, 0.299661
847752370747, 0.303052, 0.299603
849486015676, 0.302979, 0.299526
851219660606, 0.302909, 0.299453
852953305536, 0.302857, 0.299390
854686950466, 0.302787, 0.299317
856420595396, 0.302697, 0.299234
858154240326, 0.302626, 0.299163
859887885256, 0.302567, 0.299098
861621530186, 0.302506, 0.299032
863355175116, 0.302433, 0.298956
865088820046, 0.302361, 0.298885
866822464976, 0.302298, 0.298824
868556109906, 0.302236, 0.298758
870289754836, 0.302182, 0.298699
872023399766, 0.302106, 0.298617
873757044696, 0.302036, 0.298547
875490689626, 0.301972, 0.298482
877224334556, 0.301924, 0.298430
878957979486, 0.301874, 0.298373
880691624416, 0.301808, 0.298307
882425269346, 0.301744, 0.298243
884158914276, 0.301678, 0.298176
885892559205, 0.301613, 0.298111
887626204135, 0.301549, 0.298041
889359849065, 0.301502, 0.297985
891093493995, 0.301448, 0.297928
892827138925, 0.301382, 0.297865
894560783855, 0.301316, 0.297800
896294428785, 0.301250, 0.297735
898028073715, 0.301206, 0.297690
899761718645, 0.301140, 0.297621
901495363575, 0.301093, 0.297564
903229008505, 0.301030, 0.297504
904962653435, 0.300978, 0.297445
906696298365, 0.300909, 0.297372
908429943295, 0.300859, 0.297315
910163588225, 0.300808, 0.297265
911897233155, 0.300760, 0.297208
913630878085, 0.300709, 0.297154
915364523015, 0.300655, 0.297100
917098167945, 0.300590, 0.297033
918831812875, 0.300542, 0.296983
920565457805, 0.300479, 0.296922
922299102734, 0.300433, 0.296871
924032747664, 0.300377, 0.296815
925766392594, 0.300306, 0.296738
927500037524, 0.300248, 0.296677
929233682454, 0.300193, 0.296622
930967327384, 0.300137, 0.296566
932700972314, 0.300069, 0.296502
934434617244, 0.300013, 0.296444
936168262174, 0.299967, 0.296395
937901907104, 0.299903, 0.296330
939635552034, 0.299853, 0.296279
941369196964, 0.299795, 0.296215
943102841894, 0.299748, 0.296169
944836486824, 0.299688, 0.296113
946570131754, 0.299643, 0.296072
948303776684, 0.299587, 0.296013
950037421614, 0.299532, 0.295955
951771066544, 0.299476, 0.295898
953504711474, 0.299417, 0.295838
955238356404, 0.299377, 0.295792
956972001334, 0.299336, 0.295744
958705646264, 0.299285, 0.295694
960439291193, 0.299236, 0.295646
962172936123, 0.299191, 0.295595
963906581053, 0.299137, 0.295537
965640225983, 0.299081, 0.295483
967373870913, 0.299036, 0.295436
969107515843, 0.298977, 0.295377
970841160773, 0.298941, 0.295337
972574805703, 0.298894, 0.295288
974308450633, 0.298842, 0.295236
976042095563, 0.298795, 0.295186
977775740493, 0.298751, 0.295139
979509385423, 0.298695, 0.295087
981243030353, 0.298645, 0.295033
982976675283, 0.298589, 0.294987
984710320213, 0.298540, 0.294939
986443965143, 0.298489, 0.294887
988177610073, 0.298438, 0.294835
989911255003, 0.298400, 0.294791
991644899933, 0.298358, 0.294743
993378544863, 0.298307, 0.294687
995112189793, 0.298264, 0.294641
996845834722, 0.298216, 0.294599
998579479652, 0.298163, 0.294540
1000313124582, 0.298111, 0.294500
1002046769512, 0.298069, 0.294459
1003780414442, 0.298017, 0.294410
1005514059372, 0.297980, 0.294371
1007247704302, 0.297933, 0.294323
1008981349232, 0.297890, 0.294280
1010714994162, 0.297841, 0.294228
1012448639092, 0.297808, 0.294189
1014182284022, 0.297769, 0.294144
1015915928952, 0.297726, 0.294095
1017649573882, 0.297677, 0.294045
1019383218812, 0.297636, 0.294004
1021116863742, 0.297591, 0.293961
1022850508672, 0.297560, 0.293921
1024584153602, 0.297519, 0.293881
1026317798532, 0.297485, 0.293841
1028051443462, 0.297429, 0.293795
1029785088392, 0.297391, 0.293757
1031518733322, 0.297338, 0.293705
1033252378251, 0.297302, 0.293666
1034986023181, 0.297262, 0.293622
1036719668111, 0.297233, 0.293590
1038453313041, 0.297198, 0.293549
1040186957971, 0.297157, 0.293505
1041920602901, 0.297128, 0.293466
1043654247831, 0.297082, 0.293419
1045387892761, 0.297031, 0.293371
1047121537691, 0.296981, 0.293325
1048855182621, 0.296934, 0.293275
1050588827551, 0.296892, 0.293240
1052322472481, 0.296844, 0.293195
1054056117411, 0.296809, 0.293158
1055789762341, 0.296767, 0.293110
1057523407271, 0.296735, 0.293074
1059257052201, 0.296690, 0.293022
1060990697131, 0.296654, 0.292986
1062724342061, 0.296620, 0.292950
1064457986991, 0.296584, 0.292911
1066191631921, 0.296551, 0.292872
1067925276851, 0.296520, 0.292837
1069658921781, 0.296476, 0.292797
1071392566710, 0.296432, 0.292755
1073126211640, 0.296391, 0.292717
1074859856570, 0.296359, 0.292681
1076593501500, 0.296319, 0.292644
1078327146430, 0.296282, 0.292607
1080060791360, 0.296246, 0.292572
1081794436290, 0.296206, 0.292528
1083528081220, 0.296174, 0.292492
1085261726150, 0.296129, 0.292446
1086995371080, 0.296091, 0.292413
1088729016010, 0.296061, 0.292382
1090462660940, 0.296018, 0.292342
1092196305870, 0.295991, 0.292314
1093929950800, 0.295936, 0.292268
1095663595730, 0.295909, 0.292244
1097397240660, 0.295872, 0.292206
1099130885590, 0.295839, 0.292173
1100864530520, 0.295795, 0.292132
1102598175450, 0.295761, 0.292097
1104331820380, 0.295723, 0.292058
1106065465310, 0.295679, 0.292017
1107799110239, 0.295644, 0.291979
1109532755169, 0.295617, 0.291954
1111266400099, 0.295583, 0.291919
1113000045029, 0.295557, 0.291892
1114733689959, 0.295529, 0.291862
1116467334889, 0.295499, 0.291833
1118200979819, 0.295469, 0.291798
1119934624749, 0.295436, 0.291765
1121668269679, 0.295406, 0.291731
1123401914609, 0.295367, 0.291695
1125135559539, 0.295338, 0.291661
1126869204469, 0.295300, 0.291627
1128602849399, 0.295264, 0.291593
1130336494329, 0.295238, 0.291565
1132070139259, 0.295198, 0.291525
1133803784189, 0.295167, 0.291492
1135537429119, 0.295128, 0.291452
1137271074049, 0.295099, 0.291421
1139004718979, 0.295060, 0.291384
1140738363909, 0.295037, 0.291354
1142472008839, 0.294992, 0.291314
1144205653768, 0.294946, 0.291267
1145939298698, 0.294912, 0.291232
1147672943628, 0.294880, 0.291204
1149406588558, 0.294844, 0.291167
1151140233488, 0.294813, 0.291136
1152873878418, 0.294781, 0.291105
1154607523348, 0.294756, 0.291080
1156341168278, 0.294730, 0.291051
1158074813208, 0.294710, 0.291028
1159808458138, 0.294681, 0.290995
1161542103068, 0.294657, 0.290969
1163275747998, 0.294627, 0.290934
1165009392928, 0.294600, 0.290903
1166743037858, 0.294573, 0.290874
1168476682788, 0.294543, 0.290843
1170210327718, 0.294511, 0.290812
1171943972648, 0.294480, 0.290781
1173677617578, 0.294454, 0.290754
1175411262508, 0.294432, 0.290734
1177144907438, 0.294401, 0.290702
1178878552368, 0.294377, 0.290677
1180612197297, 0.294349, 0.290650
1182345842227, 0.294321, 0.290622
1184079487157, 0.294294, 0.290596
1185813132087, 0.294260, 0.290563
1187546777017, 0.294235, 0.290537
1189280421947, 0.294199, 0.290507
1191014066877, 0.294174, 0.290479
1192747711807, 0.294149, 0.290449
1194481356737, 0.294118, 0.290423
1196215001667, 0.294096, 0.290397
1197948646597, 0.294071, 0.290368
1199682291527, 0.294053, 0.290348
1201415936457, 0.294032, 0.290328
1203149581387, 0.294014, 0.290309
1204883226317, 0.293992, 0.290288
1206616871247, 0.293974, 0.290268
1208350516177, 0.293955, 0.290243
1210084161107, 0.293940, 0.290225
1211817806037, 0.293918, 0.290205
1213551450967, 0.293898, 0.290186
1215285095897, 0.293877, 0.290166
1217018740827, 0.293859, 0.290147
1218752385756, 0.293836, 0.290125
1220486030686, 0.293805, 0.290097
1222219675616, 0.293791, 0.290080
1223953320546, 0.293775, 0.290060
1225686965476, 0.293757, 0.290042
1227420610406, 0.293726, 0.290010
1229154255336, 0.293706, 0.289987
1230887900266, 0.293681, 0.289965
1232621545196, 0.293659, 0.289942
1234355190126, 0.293637, 0.289919
1236088835056, 0.293606, 0.289894
1237822479986, 0.293582, 0.289871
1239556124916, 0.293559, 0.289846
1241289769846, 0.293529, 0.289818
1243023414776, 0.293506, 0.289797
1244757059706, 0.293481, 0.289770
1246490704636, 0.293457, 0.289748
1248224349566, 0.293435, 0.289729
1249957994496, 0.293418, 0.289712
1251691639426, 0.293394, 0.289689
1253425284356, 0.293378, 0.289670
1255158929285, 0.293359, 0.289650
1256892574215, 0.293339, 0.289627
1258626219145, 0.293320, 0.289605
1260359864075, 0.293296, 0.289579
1262093509005, 0.293273, 0.289554
1263827153935, 0.293260, 0.289538
1265560798865, 0.293238, 0.289517
1267294443795, 0.293225, 0.289502
1269028088725, 0.293202, 0.289480
1270761733655, 0.293176, 0.289457
1272495378585, 0.293163, 0.289440
1274229023515, 0.293131, 0.289418
1275962668445, 0.293112, 0.289397
1277696313375, 0.293088, 0.289375
1279429958305, 0.293074, 0.289359
1281163603235, 0.293052, 0.289339
1282897248165, 0.293036, 0.289321
1284630893095, 0.293020, 0.289308
1286364538025, 0.292987, 0.289286
1288098182955, 0.292965, 0.289264
1289831827885, 0.292948, 0.289245
1291565472814, 0.292929, 0.289227
1293299117744, 0.292907, 0.289205
1295032762674, 0.292893, 0.289188
1296766407604, 0.292867, 0.289164
1298500052534, 0.292837, 0.289136
1300233697464, 0.292813, 0.289112
1301967342394, 0.292794, 0.289095
1303700987324, 0.292772, 0.289075
1305434632254, 0.292757, 0.289058
1307168277184, 0.292738, 0.289039
1308901922114, 0.292726, 0.289024
1310635567044, 0.292716, 0.289012
1312369211974, 0.292704, 0.289000
1314102856904, 0.292687, 0.288982
1315836501834, 0.292677, 0.288969
1317570146764, 0.292657, 0.288952
1319303791694, 0.292638, 0.288930
1321037436624, 0.292613, 0.288903
1322771081554, 0.292601, 0.288889
1324504726484, 0.292573, 0.288877
1326238371414, 0.292548, 0.288855
1327972016343, 0.292536, 0.288840
1329705661273, 0.292521, 0.288822
1331439306203, 0.292508, 0.288806
1333172951133, 0.292498, 0.288793
1334906596063, 0.292484, 0.288778
1336640240993, 0.292459, 0.288755
1338373885923, 0.292444, 0.288744
1340107530853, 0.292425, 0.288726
1341841175783, 0.292411, 0.288711
1343574820713, 0.292388, 0.288685
1345308465643, 0.292376, 0.288672
1347042110573, 0.292364, 0.288655
1348775755503, 0.292353, 0.288644
1350509400433, 0.292328, 0.288624
1352243045363, 0.292317, 0.288611
1353976690293, 0.292300, 0.288591
1355710335223, 0.292284, 0.288575
1357443980153, 0.292268, 0.288556
1359177625083, 0.292258, 0.288543
1360911270013, 0.292241, 0.288527
1362644914943, 0.292221, 0.288509
1364378559873, 0.292204, 0.288497
1366112204802, 0.292182, 0.288477
1367845849732, 0.292167, 0.288459
1369579494662, 0.292147, 0.288439
1371313139592, 0.292132, 0.288422
1373046784522, 0.292122, 0.288408
1374780429452, 0.292110, 0.288396
1376514074382, 0.292085, 0.288381
1378247719312, 0.292075, 0.288368
1379981364242, 0.292060, 0.288351
1381715009172, 0.292050, 0.288339
1383448654102, 0.292041, 0.288329
1385182299032, 0.292027, 0.288314
1386915943962, 0.292017, 0.288303
1388649588892, 0.291995, 0.288284
1390383233822, 0.291975, 0.288266
1392116878752, 0.291961, 0.288252
1393850523682, 0.291945, 0.288236
1395584168612, 0.291929, 0.288219
1397317813542, 0.291916, 0.288204
1399051458472, 0.291902, 0.288190
1400785103402, 0.291893, 0.288178
1402518748331, 0.291877, 0.288164
1404252393261, 0.291862, 0.288148
1405986038191, 0.291844, 0.288128
1407719683121, 0.291834, 0.288117
1409453328051, 0.291822, 0.288108
1411186972981, 0.291812, 0.288097
1412920617911, 0.291796, 0.288082
1414654262841, 0.291783, 0.288067
1416387907771, 0.291771, 0.288052
1418121552701, 0.291761, 0.288038
1419855197631, 0.291750, 0.288028
1421588842561, 0.291738, 0.288014
1423322487491, 0.291725, 0.288000
1425056132421, 0.291716, 0.287989
1426789777351, 0.291709, 0.287977
1428523422281, 0.291700, 0.287970
1430257067211, 0.291691, 0.287959
1431990712141, 0.291682, 0.287950
1433724357071, 0.291672, 0.287941
1435458002001, 0.291660, 0.287931
1437191646931, 0.291650, 0.287922
1438925291860, 0.291641, 0.287915
1440658936790, 0.291628, 0.287901
1442392581720, 0.291615, 0.287887
1444126226650, 0.291608, 0.287880
1445859871580, 0.291597, 0.287868
1447593516510, 0.291587, 0.287856
1449327161440, 0.291575, 0.287845
1451060806370, 0.291562, 0.287832
1452794451300, 0.291546, 0.287818
1454528096230, 0.291534, 0.287805
1456261741160, 0.291525, 0.287795
1457995386090, 0.291509, 0.287777
1459729031020, 0.291500, 0.287769
1461462675950, 0.291495, 0.287763
1463196320880, 0.291486, 0.287752
1464929965810, 0.291471, 0.287740
1466663610740, 0.291461, 0.287731
1468397255670, 0.291451, 0.287719
1470130900600, 0.291436, 0.287703
1471864545530, 0.291423, 0.287693
1473598190460, 0.291417, 0.287686
1475331835390, 0.291405, 0.287673
1477065480319, 0.291398, 0.287666
1478799125249, 0.291387, 0.287653
1480532770179, 0.291379, 0.287644
1482266415109, 0.291370, 0.287637
1484000060039, 0.291362, 0.287627
1485733704969, 0.291344, 0.287612
1487467349899, 0.291331, 0.287601
1489200994829, 0.291326, 0.287598
1490934639759, 0.291319, 0.287589
1492668284689, 0.291313, 0.287583
1494401929619, 0.291305, 0.287574
1496135574549, 0.291298, 0.287566
1497869219479, 0.291293, 0.287561
1499602864409, 0.291288, 0.287556
1501336509339, 0.291279, 0.287546
1503070154269, 0.291268, 0.287540
1504803799199, 0.291253, 0.287529
1506537444129, 0.291247, 0.287520
1508271089059, 0.291238, 0.287510
1510004733989, 0.291230, 0.287501
1511738378919, 0.291220, 0.287490
1513472023848, 0.291213, 0.287483
1515205668778, 0.291204, 0.287475
1516939313708, 0.291198, 0.287468
1518672958638, 0.291186, 0.287459
1520406603568, 0.291177, 0.287451
1522140248498, 0.291172, 0.287446
1523873893428, 0.291161, 0.287434
1525607538358, 0.291155, 0.287427
1527341183288, 0.291146, 0.287418
1529074828218, 0.291131, 0.287405
1530808473148, 0.291125, 0.287399
1532542118078, 0.291119, 0.287394
1534275763008, 0.291108, 0.287383
1536009407938, 0.291097, 0.287372
1537743052868, 0.291088, 0.287364
1539476697798, 0.291084, 0.287360
1541210342728, 0.291079, 0.287355
1542943987658, 0.291073, 0.287347
1544677632588, 0.291067, 0.287340
1546411277518, 0.291057, 0.287332
1548144922448, 0.291050, 0.287324
1549878567377, 0.291047, 0.287319
1551612212307, 0.291042, 0.287313
1553345857237, 0.291027, 0.287306
1555079502167, 0.291019, 0.287299
1556813147097, 0.291012, 0.287290
1558546792027, 0.291007, 0.287284
1560280436957, 0.291003, 0.287280
1562014081887, 0.290995, 0.287270
1563747726817, 0.290989, 0.287264
1565481371747, 0.290980, 0.287258
1567215016677, 0.290972, 0.287249
1568948661607, 0.290967, 0.287241
1570682306537, 0.290958, 0.287232
1572415951467, 0.290953, 0.287225
1574149596397, 0.290944, 0.287217
1575883241327, 0.290940, 0.287211
1577616886257, 0.290935, 0.287207
1579350531187, 0.290931, 0.287203
1581084176117, 0.290925, 0.287197
1582817821047, 0.290919, 0.287192
1584551465977, 0.290914, 0.287186
1586285110906, 0.290905, 0.287178
1588018755836, 0.290901, 0.287173
1589752400766, 0.290899, 0.287171
1591486045696, 0.290893, 0.287164
1593219690626, 0.290887, 0.287160
1594953335556, 0.290882, 0.287154
1596686980486, 0.290879, 0.287151
1598420625416, 0.290873, 0.287145
1600154270346, 0.290870, 0.287142
1601887915276, 0.290866, 0.287138
1603621560206, 0.290860, 0.287130
1605355205136, 0.290854, 0.287125
1607088850066, 0.290845, 0.287117
1608822494996, 0.290839, 0.287110
1610556139926, 0.290835, 0.287105
1612289784856, 0.290825, 0.287096
1614023429786, 0.290822, 0.287091
1615757074716, 0.290820, 0.287089
1617490719646, 0.290818, 0.287086
1619224364576, 0.290816, 0.287084
1620958009506, 0.290813, 0.287080
1622691654436, 0.290811, 0.287077
1624425299365, 0.290808, 0.287073
1626158944295, 0.290805, 0.287069
1627892589225, 0.290802, 0.287065
1629626234155, 0.290799, 0.287062
1631359879085, 0.290798, 0.287058
1633093524015, 0.290793, 0.287053
1634827168945, 0.290789, 0.287049
1636560813875, 0.290788, 0.287047
1638294458805, 0.290780, 0.287039
1640028103735, 0.290778, 0.287037
1641761748665, 0.290772, 0.287033
1643495393595, 0.290767, 0.287029
1645229038525, 0.290763, 0.287026
1646962683455, 0.290760, 0.287022
1648696328385, 0.290758, 0.287020
1650429973315, 0.290751, 0.287012
1652163618245, 0.290747, 0.287008
1653897263175, 0.290742, 0.287004
1655630908105, 0.290740, 0.287000
1657364553035, 0.290738, 0.286999
1659098197965, 0.290734, 0.286994
1660831842894, 0.290732, 0.286991
1662565487824, 0.290728, 0.286987
1664299132754, 0.290726, 0.286986
1666032777684, 0.290725, 0.286984
1667766422614, 0.290722, 0.286982
1669500067544, 0.290721, 0.286981
1671233712474, 0.290720, 0.286980
1672967357404, 0.290717, 0.286976
1674701002334, 0.290715, 0.286974
1676434647264, 0.290711, 0.286969
1678168292194, 0.290711, 0.286969
1679901937124, 0.290709, 0.286967
1681635582054, 0.290708, 0.286966
1683369226984, 0.290705, 0.286963
1685102871914, 0.290704, 0.286962
1686836516844, 0.290704, 0.286961
1688570161774, 0.290703, 0.286960
1690303806704, 0.290700, 0.286956
1692037451634, 0.290699, 0.286955
1693771096564, 0.290697, 0.286953
1695504741494, 0.290696, 0.286952
1697238386423, 0.290696, 0.286952
1698972031353, 0.290695, 0.286951
1700705676283, 0.290695, 0.286951
1702439321213, 0.290694, 0.286950
1704172966143, 0.290692, 0.286949
1705906611073, 0.290692, 0.286949
1707640256003, 0.290690, 0.286948
1709373900933, 0.290689, 0.286947
1711107545863, 0.290687, 0.286944
1712841190793, 0.290687, 0.286943
1714574835723, 0.290685, 0.286939
1716308480653, 0.290685, 0.286939
1718042125583, 0.290684, 0.286939
1719775770513, 0.290684, 0.286939
1721509415443, 0.290684, 0.286938
1723243060373, 0.290683, 0.286937
1724976705303, 0.290683, 0.286937
1726710350233, 0.290683, 0.286937
1728443995163, 0.290683, 0.286937
1730177640093, 0.290683, 0.286937
1731911285023, 0.290683, 0.286937
1733644929953, 0.290682, 0.286937
Time used: 3757 ms
