logging to /opt/shards_res_1000/2016020200-2016020300_unique/tenant_6_profile_res-FIX_RATE-SHARDS-0.01.csvtracefile: /data1/tenant_trace/2016020200-2016020300_unique/tenant_6_trace
open file /data1/tenant_trace/2016020200-2016020300_unique/tenant_6_trace
read 1000000 lines
read 2000000 lines
read 3000000 lines
read 4000000 lines
read 5000000 lines
read 6000000 lines
read 7000000 lines
read 8000000 lines
read 9000000 lines
read 10000000 lines
read 11000000 lines
read 12000000 lines
read 13000000 lines
read 14000000 lines
read 15000000 lines
read 16000000 lines
read 17000000 lines
read 18000000 lines
read 19000000 lines
read 20000000 lines
read 21000000 lines
read 22000000 lines
read 23000000 lines
read 24000000 lines
read 25000000 lines
read 26000000 lines
read 27000000 lines
read 28000000 lines
read 29000000 lines
read 30000000 lines
read 31000000 lines
read 32000000 lines
read 33000000 lines
read 34000000 lines
read 35000000 lines
read 36000000 lines
read 37000000 lines
read 38000000 lines
read 39000000 lines
read 40000000 lines
read 41000000 lines
read 42000000 lines
read 43000000 lines
read 44000000 lines
read 45000000 lines
read 46000000 lines
read 47000000 lines
read 48000000 lines
read 49000000 lines
read 50000000 lines
read 51000000 lines
read 52000000 lines
read 53000000 lines
read 54000000 lines
read 55000000 lines
read 56000000 lines
read 57000000 lines
read 58000000 lines
read 59000000 lines
read 60000000 lines
read 61000000 lines
read 62000000 lines
read 63000000 lines
read 64000000 lines
read 65000000 lines
read 66000000 lines
read 67000000 lines
read 68000000 lines
read 69000000 lines
read 70000000 lines
read 71000000 lines
read 72000000 lines
read 73000000 lines
read 74000000 lines
read 75000000 lines
read 76000000 lines
read 77000000 lines
read 78000000 lines
read 79000000 lines
read 80000000 lines
read 81000000 lines
read 82000000 lines
read 83000000 lines
read 84000000 lines
read 85000000 lines
read 86000000 lines
read 87000000 lines
read 88000000 lines
read 89000000 lines
[FILE]: /data1/tenant_trace/2016020200-2016020300_unique/tenant_6_trace
total_access_num: 89372111
total_access_size: 9751663222246
unique_access_num: 33489109
unique_access_size: 2865143944050
min_item_size: 1
[method]: SHARDS
[metric]: MAE
[seed]: 42
[sample_method]: FIX_RATE
[sample_metric]: 0.01
MAEQ_factor: 1.029129
cache_size, BMRC_ratio, OMRC_ratio
2865143944, 0.821540, 0.893174
5730287888, 0.789769, 0.865991
8595431832, 0.766127, 0.845086
11460575776, 0.746164, 0.827975
14325719720, 0.729029, 0.813313
17190863664, 0.713670, 0.800095
20056007608, 0.700627, 0.788360
22921151552, 0.688868, 0.777613
25786295496, 0.677844, 0.767667
28651439440, 0.667505, 0.758468
31516583384, 0.658358, 0.749796
34381727328, 0.649416, 0.741720
37246871272, 0.641460, 0.734224
40112015216, 0.633525, 0.726926
42977159160, 0.626459, 0.719947
45842303104, 0.619183, 0.713497
48707447048, 0.612692, 0.707215
51572590992, 0.606394, 0.701189
54437734936, 0.600566, 0.695390
57302878881, 0.595241, 0.689919
60168022825, 0.589763, 0.684589
63033166769, 0.584594, 0.679588
65898310713, 0.579753, 0.674614
68763454657, 0.574726, 0.669736
71628598601, 0.569509, 0.665143
74493742545, 0.565048, 0.660814
77358886489, 0.560718, 0.656419
80224030433, 0.556525, 0.652207
83089174377, 0.552769, 0.648248
85954318321, 0.549092, 0.644402
88819462265, 0.545523, 0.640628
91684606209, 0.542021, 0.636952
94549750153, 0.538828, 0.633418
97414894097, 0.535306, 0.629966
100280038041, 0.532307, 0.626604
103145181985, 0.529313, 0.623395
106010325929, 0.526114, 0.620198
108875469873, 0.522885, 0.617072
111740613817, 0.519826, 0.613999
114605757762, 0.516948, 0.610990
117470901706, 0.514337, 0.608117
120336045650, 0.511411, 0.605287
123201189594, 0.508499, 0.602595
126066333538, 0.505983, 0.599915
128931477482, 0.503312, 0.597280
131796621426, 0.500806, 0.594731
134661765370, 0.498383, 0.592245
137526909314, 0.496139, 0.589823
140392053258, 0.493705, 0.587365
143257197202, 0.491670, 0.585067
146122341146, 0.489352, 0.582748
148987485090, 0.487171, 0.580465
151852629034, 0.484932, 0.578205
154717772978, 0.482812, 0.576014
157582916922, 0.480509, 0.573833
160448060866, 0.478416, 0.571734
163313204810, 0.476678, 0.569712
166178348754, 0.474552, 0.567632
169043492698, 0.472717, 0.565699
171908636643, 0.471019, 0.563788
174773780587, 0.469225, 0.561947
177638924531, 0.467561, 0.560000
180504068475, 0.465871, 0.558206
183369212419, 0.463981, 0.556320
186234356363, 0.462304, 0.554535
189099500307, 0.460595, 0.552788
191964644251, 0.459032, 0.551099
194829788195, 0.457369, 0.549397
197694932139, 0.455883, 0.547771
200560076083, 0.454063, 0.546132
203425220027, 0.452547, 0.544514
206290363971, 0.451148, 0.542982
209155507915, 0.449645, 0.541370
212020651859, 0.448185, 0.539815
214885795803, 0.446713, 0.538374
217750939747, 0.445251, 0.536892
220616083691, 0.443924, 0.535384
223481227635, 0.442678, 0.533965
226346371579, 0.441199, 0.532524
229211515524, 0.439878, 0.531093
232076659468, 0.438747, 0.529702
234941803412, 0.437171, 0.528323
237806947356, 0.435884, 0.527010
240672091300, 0.434633, 0.525660
243537235244, 0.433484, 0.524326
246402379188, 0.432308, 0.523045
249267523132, 0.431152, 0.521738
252132667076, 0.430029, 0.520430
254997811020, 0.428795, 0.519217
257862954964, 0.427475, 0.518015
260728098908, 0.426453, 0.516764
263593242852, 0.425395, 0.515604
266458386796, 0.424369, 0.514435
269323530740, 0.423272, 0.513266
272188674684, 0.422170, 0.512137
275053818628, 0.421124, 0.511008
277918962572, 0.420027, 0.509860
280784106516, 0.419026, 0.508780
283649250460, 0.418082, 0.507692
286514394405, 0.417102, 0.506618
289379538349, 0.415966, 0.505586
292244682293, 0.414948, 0.504525
295109826237, 0.413981, 0.503522
297974970181, 0.413153, 0.502513
300840114125, 0.412206, 0.501520
303705258069, 0.411151, 0.500469
306570402013, 0.410234, 0.499518
309435545957, 0.409318, 0.498561
312300689901, 0.408512, 0.497640
315165833845, 0.407502, 0.496609
318030977789, 0.406590, 0.495604
320896121733, 0.405772, 0.494708
323761265677, 0.404841, 0.493794
326626409621, 0.403964, 0.492836
329491553565, 0.403175, 0.491938
332356697509, 0.402387, 0.491086
335221841453, 0.401652, 0.490248
338086985397, 0.400751, 0.489340
340952129341, 0.400109, 0.488504
343817273286, 0.399245, 0.487661
346682417230, 0.398582, 0.486857
349547561174, 0.397747, 0.486043
352412705118, 0.397086, 0.485313
355277849062, 0.396218, 0.484472
358142993006, 0.395417, 0.483704
361008136950, 0.394738, 0.482929
363873280894, 0.393975, 0.482185
366738424838, 0.393198, 0.481391
369603568782, 0.392403, 0.480659
372468712726, 0.391673, 0.479937
375333856670, 0.390944, 0.479207
378199000614, 0.390302, 0.478446
381064144558, 0.389655, 0.477701
383929288502, 0.388991, 0.477034
386794432446, 0.388304, 0.476273
389659576390, 0.387546, 0.475541
392524720334, 0.387056, 0.474864
395389864278, 0.386121, 0.474139
398255008222, 0.385439, 0.473443
401120152167, 0.384679, 0.472746
403985296111, 0.384084, 0.472103
406850440055, 0.383563, 0.471458
409715583999, 0.382856, 0.470819
412580727943, 0.382222, 0.470179
415445871887, 0.381442, 0.469511
418311015831, 0.380907, 0.468850
421176159775, 0.380286, 0.468266
424041303719, 0.379662, 0.467638
426906447663, 0.378950, 0.466953
429771591607, 0.378388, 0.466316
432636735551, 0.377877, 0.465746
435501879495, 0.377283, 0.465141
438367023439, 0.376709, 0.464553
441232167383, 0.376150, 0.463979
444097311327, 0.375540, 0.463388
446962455271, 0.375123, 0.462808
449827599215, 0.374659, 0.462227
452692743159, 0.373973, 0.461604
455557887103, 0.373358, 0.461019
458423031048, 0.372724, 0.460440
461288174992, 0.372159, 0.459895
464153318936, 0.371663, 0.459348
467018462880, 0.371220, 0.458808
469883606824, 0.370710, 0.458255
472748750768, 0.370136, 0.457666
475613894712, 0.369611, 0.457131
478479038656, 0.369101, 0.456617
481344182600, 0.368569, 0.456111
484209326544, 0.368118, 0.455616
487074470488, 0.367648, 0.455076
489939614432, 0.367014, 0.454506
492804758376, 0.366580, 0.453997
495669902320, 0.365997, 0.453502
498535046264, 0.365576, 0.452980
501400190208, 0.365135, 0.452469
504265334152, 0.364739, 0.451958
507130478096, 0.364278, 0.451473
509995622040, 0.363800, 0.451001
512860765984, 0.363216, 0.450488
515725909929, 0.362689, 0.450022
518591053873, 0.362334, 0.449577
521456197817, 0.361886, 0.449095
524321341761, 0.361487, 0.448653
527186485705, 0.361104, 0.448224
530051629649, 0.360605, 0.447791
532916773593, 0.360198, 0.447376
535781917537, 0.359687, 0.446926
538647061481, 0.359273, 0.446502
541512205425, 0.358924, 0.446090
544377349369, 0.358604, 0.445683
547242493313, 0.358244, 0.445218
550107637257, 0.357873, 0.444791
552972781201, 0.357493, 0.444378
555837925145, 0.357190, 0.443973
558703069089, 0.356898, 0.443566
561568213033, 0.356530, 0.443143
564433356977, 0.356138, 0.442765
567298500921, 0.355816, 0.442374
570163644865, 0.355371, 0.441953
573028788810, 0.354998, 0.441542
575893932754, 0.354678, 0.441157
578759076698, 0.354244, 0.440767
581624220642, 0.353824, 0.440362
584489364586, 0.353527, 0.439955
587354508530, 0.353225, 0.439589
590219652474, 0.352810, 0.439212
593084796418, 0.352469, 0.438846
595949940362, 0.352117, 0.438466
598815084306, 0.351674, 0.438068
601680228250, 0.351260, 0.437663
604545372194, 0.350827, 0.437264
607410516138, 0.350443, 0.436890
610275660082, 0.350162, 0.436534
613140804026, 0.349715, 0.436139
616005947970, 0.349313, 0.435788
618871091914, 0.348976, 0.435422
621736235858, 0.348532, 0.435035
624601379802, 0.348229, 0.434675
627466523746, 0.347968, 0.434341
630331667691, 0.347622, 0.433961
633196811635, 0.347323, 0.433625
636061955579, 0.346970, 0.433276
638927099523, 0.346628, 0.432918
641792243467, 0.346258, 0.432600
644657387411, 0.345846, 0.432253
647522531355, 0.345560, 0.431893
650387675299, 0.345151, 0.431515
653252819243, 0.344877, 0.431194
656117963187, 0.344590, 0.430860
658983107131, 0.344351, 0.430545
661848251075, 0.344028, 0.430210
664713395019, 0.343673, 0.429924
667578538963, 0.343392, 0.429587
670443682907, 0.342981, 0.429254
673308826851, 0.342657, 0.428931
676173970795, 0.342402, 0.428640
679039114739, 0.342014, 0.428343
681904258683, 0.341729, 0.428074
684769402627, 0.341500, 0.427763
687634546572, 0.341199, 0.427467
690499690516, 0.340942, 0.427176
693364834460, 0.340596, 0.426884
696229978404, 0.340329, 0.426587
699095122348, 0.340006, 0.426303
701960266292, 0.339773, 0.426007
704825410236, 0.339553, 0.425710
707690554180, 0.339218, 0.425428
710555698124, 0.338904, 0.425115
713420842068, 0.338644, 0.424840
716285986012, 0.338412, 0.424586
719151129956, 0.338186, 0.424291
722016273900, 0.337923, 0.424016
724881417844, 0.337683, 0.423719
727746561788, 0.337351, 0.423435
730611705732, 0.337048, 0.423153
733476849676, 0.336837, 0.422858
736341993620, 0.336638, 0.422621
739207137564, 0.336375, 0.422331
742072281508, 0.336176, 0.422070
744937425453, 0.335967, 0.421803
747802569397, 0.335748, 0.421564
750667713341, 0.335380, 0.421327
753532857285, 0.335146, 0.421081
756398001229, 0.334872, 0.420837
759263145173, 0.334594, 0.420602
762128289117, 0.334316, 0.420358
764993433061, 0.334017, 0.420081
767858577005, 0.333696, 0.419795
770723720949, 0.333475, 0.419556
773588864893, 0.333308, 0.419304
776454008837, 0.333141, 0.419084
779319152781, 0.332900, 0.418821
782184296725, 0.332668, 0.418580
785049440669, 0.332481, 0.418372
787914584613, 0.332342, 0.418165
790779728557, 0.332145, 0.417926
793644872501, 0.331901, 0.417705
796510016445, 0.331605, 0.417442
799375160389, 0.331446, 0.417217
802240304334, 0.331267, 0.416987
805105448278, 0.331033, 0.416767
807970592222, 0.330787, 0.416533
810835736166, 0.330568, 0.416284
813700880110, 0.330415, 0.416068
816566024054, 0.330194, 0.415821
819431167998, 0.329971, 0.415570
822296311942, 0.329735, 0.415387
825161455886, 0.329528, 0.415191
828026599830, 0.329389, 0.414985
830891743774, 0.329164, 0.414756
833756887718, 0.328965, 0.414533
836622031662, 0.328771, 0.414291
839487175606, 0.328534, 0.414078
842352319550, 0.328374, 0.413874
845217463494, 0.328165, 0.413660
848082607438, 0.327966, 0.413463
850947751382, 0.327807, 0.413270
853812895326, 0.327622, 0.413092
856678039270, 0.327438, 0.412889
859543183215, 0.327270, 0.412688
862408327159, 0.327072, 0.412463
865273471103, 0.326884, 0.412245
868138615047, 0.326730, 0.412034
871003758991, 0.326563, 0.411839
873868902935, 0.326366, 0.411651
876734046879, 0.326231, 0.411466
879599190823, 0.326084, 0.411255
882464334767, 0.325887, 0.411061
885329478711, 0.325747, 0.410863
888194622655, 0.325622, 0.410692
891059766599, 0.325473, 0.410498
893924910543, 0.325286, 0.410313
896790054487, 0.325152, 0.410138
899655198431, 0.324926, 0.409959
902520342375, 0.324694, 0.409750
905385486319, 0.324527, 0.409555
908250630263, 0.324407, 0.409363
911115774207, 0.324257, 0.409198
913980918151, 0.324083, 0.409026
916846062096, 0.323923, 0.408810
919711206040, 0.323785, 0.408640
922576349984, 0.323619, 0.408471
925441493928, 0.323444, 0.408313
928306637872, 0.323269, 0.408136
931171781816, 0.323107, 0.407988
934036925760, 0.322996, 0.407823
936902069704, 0.322791, 0.407659
939767213648, 0.322654, 0.407486
942632357592, 0.322493, 0.407318
945497501536, 0.322317, 0.407180
948362645480, 0.322180, 0.407030
951227789424, 0.321956, 0.406852
954092933368, 0.321810, 0.406709
956958077312, 0.321599, 0.406550
959823221256, 0.321487, 0.406380
962688365200, 0.321304, 0.406176
965553509144, 0.321163, 0.406024
968418653088, 0.321031, 0.405867
971283797032, 0.320907, 0.405722
974148940977, 0.320685, 0.405571
977014084921, 0.320586, 0.405410
979879228865, 0.320441, 0.405243
982744372809, 0.320340, 0.405100
985609516753, 0.320217, 0.404951
988474660697, 0.320071, 0.404795
991339804641, 0.319893, 0.404646
994204948585, 0.319715, 0.404492
997070092529, 0.319634, 0.404359
999935236473, 0.319499, 0.404201
1002800380417, 0.319359, 0.404059
1005665524361, 0.319261, 0.403938
1008530668305, 0.319105, 0.403802
1011395812249, 0.318950, 0.403652
1014260956193, 0.318848, 0.403525
1017126100137, 0.318690, 0.403376
1019991244081, 0.318583, 0.403212
1022856388025, 0.318467, 0.403079
1025721531969, 0.318355, 0.402942
1028586675913, 0.318238, 0.402788
1031451819858, 0.318082, 0.402637
1034316963802, 0.317984, 0.402524
1037182107746, 0.317808, 0.402404
1040047251690, 0.317701, 0.402274
1042912395634, 0.317517, 0.402142
1045777539578, 0.317422, 0.401998
1048642683522, 0.317307, 0.401889
1051507827466, 0.317222, 0.401780
1054372971410, 0.317088, 0.401622
1057238115354, 0.316964, 0.401484
1060103259298, 0.316818, 0.401357
1062968403242, 0.316641, 0.401189
1065833547186, 0.316501, 0.401058
1068698691130, 0.316381, 0.400930
1071563835074, 0.316300, 0.400805
1074428979018, 0.316186, 0.400674
1077294122962, 0.316041, 0.400522
1080159266906, 0.315883, 0.400406
1083024410850, 0.315796, 0.400307
1085889554794, 0.315706, 0.400185
1088754698739, 0.315580, 0.400053
1091619842683, 0.315474, 0.399919
1094484986627, 0.315348, 0.399784
1097350130571, 0.315255, 0.399674
1100215274515, 0.315136, 0.399546
1103080418459, 0.315073, 0.399427
1105945562403, 0.314983, 0.399307
1108810706347, 0.314919, 0.399187
1111675850291, 0.314796, 0.399056
1114540994235, 0.314673, 0.398921
1117406138179, 0.314588, 0.398817
1120271282123, 0.314488, 0.398690
1123136426067, 0.314405, 0.398590
1126001570011, 0.314291, 0.398479
1128866713955, 0.314155, 0.398366
1131731857899, 0.314022, 0.398274
1134597001843, 0.313925, 0.398152
1137462145787, 0.313829, 0.398029
1140327289731, 0.313685, 0.397890
1143192433675, 0.313490, 0.397775
1146057577620, 0.313400, 0.397640
1148922721564, 0.313319, 0.397529
1151787865508, 0.313167, 0.397417
1154653009452, 0.313040, 0.397307
1157518153396, 0.312902, 0.397192
1160383297340, 0.312802, 0.397089
1163248441284, 0.312636, 0.396968
1166113585228, 0.312472, 0.396843
1168978729172, 0.312385, 0.396750
1171843873116, 0.312309, 0.396647
1174709017060, 0.312202, 0.396526
1177574161004, 0.312125, 0.396417
1180439304948, 0.312042, 0.396302
1183304448892, 0.311917, 0.396203
1186169592836, 0.311867, 0.396120
1189034736780, 0.311789, 0.396013
1191899880724, 0.311681, 0.395914
1194765024668, 0.311565, 0.395810
1197630168612, 0.311474, 0.395717
1200495312556, 0.311373, 0.395636
1203360456501, 0.311239, 0.395521
1206225600445, 0.311157, 0.395412
1209090744389, 0.311040, 0.395307
1211955888333, 0.310932, 0.395188
1214821032277, 0.310869, 0.395093
1217686176221, 0.310794, 0.394994
1220551320165, 0.310640, 0.394885
1223416464109, 0.310526, 0.394782
1226281608053, 0.310429, 0.394668
1229146751997, 0.310344, 0.394573
1232011895941, 0.310250, 0.394482
1234877039885, 0.310148, 0.394384
1237742183829, 0.310080, 0.394295
1240607327773, 0.309996, 0.394198
1243472471717, 0.309931, 0.394114
1246337615661, 0.309795, 0.394031
1249202759605, 0.309727, 0.393932
1252067903549, 0.309640, 0.393822
1254933047493, 0.309582, 0.393737
1257798191437, 0.309514, 0.393639
1260663335382, 0.309395, 0.393546
1263528479326, 0.309309, 0.393443
1266393623270, 0.309241, 0.393348
1269258767214, 0.309145, 0.393261
1272123911158, 0.309089, 0.393191
1274989055102, 0.308985, 0.393096
1277854199046, 0.308930, 0.393010
1280719342990, 0.308827, 0.392930
1283584486934, 0.308715, 0.392834
1286449630878, 0.308600, 0.392733
1289314774822, 0.308528, 0.392646
1292179918766, 0.308478, 0.392574
1295045062710, 0.308400, 0.392471
1297910206654, 0.308342, 0.392379
1300775350598, 0.308256, 0.392296
1303640494542, 0.308206, 0.392210
1306505638486, 0.308146, 0.392131
1309370782430, 0.308090, 0.392060
1312235926374, 0.308041, 0.391989
1315101070318, 0.307992, 0.391912
1317966214263, 0.307939, 0.391834
1320831358207, 0.307801, 0.391751
1323696502151, 0.307675, 0.391654
1326561646095, 0.307622, 0.391569
1329426790039, 0.307539, 0.391487
1332291933983, 0.307448, 0.391396
1335157077927, 0.307368, 0.391308
1338022221871, 0.307262, 0.391219
1340887365815, 0.307207, 0.391141
1343752509759, 0.307133, 0.391058
1346617653703, 0.307020, 0.390980
1349482797647, 0.306964, 0.390892
1352347941591, 0.306836, 0.390803
1355213085535, 0.306746, 0.390744
1358078229479, 0.306681, 0.390674
1360943373423, 0.306617, 0.390592
1363808517367, 0.306562, 0.390517
1366673661311, 0.306504, 0.390422
1369538805255, 0.306469, 0.390352
1372403949199, 0.306396, 0.390268
1375269093144, 0.306353, 0.390210
1378134237088, 0.306320, 0.390154
1380999381032, 0.306255, 0.390089
1383864524976, 0.306200, 0.390005
1386729668920, 0.306153, 0.389939
1389594812864, 0.306083, 0.389867
1392459956808, 0.306035, 0.389798
1395325100752, 0.305970, 0.389713
1398190244696, 0.305915, 0.389639
1401055388640, 0.305855, 0.389578
1403920532584, 0.305753, 0.389492
1406785676528, 0.305697, 0.389406
1409650820472, 0.305587, 0.389319
1412515964416, 0.305510, 0.389251
1415381108360, 0.305412, 0.389192
1418246252304, 0.305347, 0.389119
1421111396248, 0.305290, 0.389053
1423976540192, 0.305237, 0.388977
1426841684136, 0.305149, 0.388895
1429706828080, 0.305115, 0.388845
1432571972025, 0.305035, 0.388775
1435437115969, 0.304999, 0.388716
1438302259913, 0.304892, 0.388638
1441167403857, 0.304824, 0.388572
1444032547801, 0.304757, 0.388515
1446897691745, 0.304662, 0.388455
1449762835689, 0.304602, 0.388377
1452627979633, 0.304565, 0.388318
1455493123577, 0.304468, 0.388251
1458358267521, 0.304421, 0.388180
1461223411465, 0.304393, 0.388131
1464088555409, 0.304347, 0.388073
1466953699353, 0.304300, 0.388009
1469818843297, 0.304248, 0.387938
1472683987241, 0.304203, 0.387878
1475549131185, 0.304154, 0.387801
1478414275129, 0.304094, 0.387730
1481279419073, 0.304039, 0.387666
1484144563017, 0.303996, 0.387599
1487009706961, 0.303937, 0.387527
1489874850906, 0.303906, 0.387471
1492739994850, 0.303863, 0.387409
1495605138794, 0.303768, 0.387347
1498470282738, 0.303727, 0.387285
1501335426682, 0.303617, 0.387216
1504200570626, 0.303582, 0.387161
1507065714570, 0.303556, 0.387115
1509930858514, 0.303509, 0.387048
1512796002458, 0.303414, 0.386960
1515661146402, 0.303355, 0.386888
1518526290346, 0.303292, 0.386816
1521391434290, 0.303239, 0.386761
1524256578234, 0.303205, 0.386706
1527121722178, 0.303171, 0.386642
1529986866122, 0.303106, 0.386580
1532852010066, 0.303035, 0.386509
1535717154010, 0.302992, 0.386447
1538582297954, 0.302951, 0.386387
1541447441898, 0.302819, 0.386333
1544312585842, 0.302774, 0.386282
1547177729787, 0.302718, 0.386211
1550042873731, 0.302672, 0.386155
1552908017675, 0.302575, 0.386094
1555773161619, 0.302530, 0.386023
1558638305563, 0.302468, 0.385977
1561503449507, 0.302444, 0.385935
1564368593451, 0.302409, 0.385871
1567233737395, 0.302302, 0.385826
1570098881339, 0.302230, 0.385764
1572964025283, 0.302175, 0.385700
1575829169227, 0.302122, 0.385636
1578694313171, 0.302059, 0.385579
1581559457115, 0.301977, 0.385524
1584424601059, 0.301929, 0.385477
1587289745003, 0.301903, 0.385427
1590154888947, 0.301856, 0.385370
1593020032891, 0.301785, 0.385314
1595885176835, 0.301732, 0.385253
1598750320779, 0.301692, 0.385191
1601615464723, 0.301639, 0.385132
1604480608668, 0.301598, 0.385082
1607345752612, 0.301515, 0.385046
1610210896556, 0.301479, 0.384999
1613076040500, 0.301411, 0.384948
1615941184444, 0.301375, 0.384901
1618806328388, 0.301321, 0.384845
1621671472332, 0.301286, 0.384785
1624536616276, 0.301252, 0.384721
1627401760220, 0.301224, 0.384682
1630266904164, 0.301178, 0.384621
1633132048108, 0.301131, 0.384569
1635997192052, 0.301099, 0.384514
1638862335996, 0.301052, 0.384461
1641727479940, 0.301018, 0.384412
1644592623884, 0.300981, 0.384363
1647457767828, 0.300948, 0.384320
1650322911772, 0.300920, 0.384281
1653188055716, 0.300895, 0.384241
1656053199660, 0.300864, 0.384185
1658918343604, 0.300837, 0.384141
1661783487549, 0.300802, 0.384097
1664648631493, 0.300763, 0.384039
1667513775437, 0.300721, 0.383980
1670378919381, 0.300680, 0.383926
1673244063325, 0.300624, 0.383875
1676109207269, 0.300597, 0.383837
1678974351213, 0.300523, 0.383783
1681839495157, 0.300491, 0.383736
1684704639101, 0.300460, 0.383686
1687569783045, 0.300412, 0.383654
1690434926989, 0.300389, 0.383616
1693300070933, 0.300352, 0.383568
1696165214877, 0.300321, 0.383520
1699030358821, 0.300278, 0.383481
1701895502765, 0.300245, 0.383444
1704760646709, 0.300197, 0.383397
1707625790653, 0.300160, 0.383359
1710490934597, 0.300126, 0.383323
1713356078541, 0.300091, 0.383271
1716221222485, 0.300070, 0.383231
1719086366430, 0.300035, 0.383188
1721951510374, 0.299997, 0.383148
1724816654318, 0.299970, 0.383105
1727681798262, 0.299922, 0.383058
1730546942206, 0.299887, 0.383010
1733412086150, 0.299856, 0.382969
1736277230094, 0.299819, 0.382930
1739142374038, 0.299782, 0.382883
1742007517982, 0.299757, 0.382847
1744872661926, 0.299712, 0.382787
1747737805870, 0.299669, 0.382735
1750602949814, 0.299644, 0.382692
1753468093758, 0.299607, 0.382641
1756333237702, 0.299579, 0.382598
1759198381646, 0.299555, 0.382556
1762063525590, 0.299524, 0.382518
1764928669534, 0.299503, 0.382485
1767793813478, 0.299477, 0.382437
1770658957422, 0.299447, 0.382405
1773524101366, 0.299400, 0.382351
1776389245311, 0.299376, 0.382315
1779254389255, 0.299346, 0.382274
1782119533199, 0.299321, 0.382238
1784984677143, 0.299268, 0.382199
1787849821087, 0.299240, 0.382155
1790714965031, 0.299218, 0.382125
1793580108975, 0.299191, 0.382085
1796445252919, 0.299159, 0.382048
1799310396863, 0.299133, 0.382008
1802175540807, 0.299095, 0.381958
1805040684751, 0.299064, 0.381918
1807905828695, 0.299026, 0.381872
1810770972639, 0.298961, 0.381819
1813636116583, 0.298928, 0.381781
1816501260527, 0.298902, 0.381748
1819366404471, 0.298869, 0.381700
1822231548415, 0.298846, 0.381663
1825096692359, 0.298828, 0.381635
1827961836303, 0.298807, 0.381593
1830826980247, 0.298770, 0.381561
1833692124192, 0.298740, 0.381518
1836557268136, 0.298698, 0.381475
1839422412080, 0.298677, 0.381433
1842287556024, 0.298644, 0.381398
1845152699968, 0.298575, 0.381347
1848017843912, 0.298544, 0.381301
1850882987856, 0.298507, 0.381257
1853748131800, 0.298484, 0.381226
1856613275744, 0.298461, 0.381187
1859478419688, 0.298427, 0.381158
1862343563632, 0.298400, 0.381123
1865208707576, 0.298353, 0.381091
1868073851520, 0.298329, 0.381053
1870938995464, 0.298300, 0.381012
1873804139408, 0.298269, 0.380987
1876669283352, 0.298252, 0.380957
1879534427296, 0.298232, 0.380928
1882399571240, 0.298216, 0.380902
1885264715184, 0.298194, 0.380874
1888129859128, 0.298175, 0.380846
1890995003073, 0.298152, 0.380816
1893860147017, 0.298112, 0.380780
1896725290961, 0.298096, 0.380744
1899590434905, 0.298070, 0.380700
1902455578849, 0.298041, 0.380676
1905320722793, 0.298021, 0.380645
1908185866737, 0.298001, 0.380612
1911051010681, 0.297971, 0.380580
1913916154625, 0.297948, 0.380556
1916781298569, 0.297933, 0.380530
1919646442513, 0.297910, 0.380497
1922511586457, 0.297893, 0.380473
1925376730401, 0.297867, 0.380445
1928241874345, 0.297841, 0.380404
1931107018289, 0.297772, 0.380375
1933972162233, 0.297757, 0.380345
1936837306177, 0.297734, 0.380311
1939702450121, 0.297715, 0.380282
1942567594065, 0.297692, 0.380253
1945432738009, 0.297671, 0.380215
1948297881954, 0.297655, 0.380181
1951163025898, 0.297620, 0.380144
1954028169842, 0.297601, 0.380113
1956893313786, 0.297588, 0.380090
1959758457730, 0.297550, 0.380066
1962623601674, 0.297528, 0.380038
1965488745618, 0.297504, 0.380003
1968353889562, 0.297481, 0.379973
1971219033506, 0.297436, 0.379952
1974084177450, 0.297386, 0.379916
1976949321394, 0.297354, 0.379884
1979814465338, 0.297337, 0.379859
1982679609282, 0.297320, 0.379829
1985544753226, 0.297298, 0.379799
1988409897170, 0.297283, 0.379771
1991275041114, 0.297262, 0.379742
1994140185058, 0.297252, 0.379720
1997005329002, 0.297237, 0.379691
1999870472946, 0.297226, 0.379669
2002735616890, 0.297210, 0.379641
2005600760835, 0.297191, 0.379615
2008465904779, 0.297161, 0.379592
2011331048723, 0.297138, 0.379564
2014196192667, 0.297120, 0.379542
2017061336611, 0.297104, 0.379521
2019926480555, 0.297087, 0.379500
2022791624499, 0.297072, 0.379475
2025656768443, 0.297050, 0.379443
2028521912387, 0.296998, 0.379423
2031387056331, 0.296983, 0.379400
2034252200275, 0.296968, 0.379375
2037117344219, 0.296952, 0.379348
2039982488163, 0.296931, 0.379319
2042847632107, 0.296917, 0.379295
2045712776051, 0.296886, 0.379259
2048577919995, 0.296867, 0.379231
2051443063939, 0.296841, 0.379202
2054308207883, 0.296829, 0.379184
2057173351827, 0.296810, 0.379155
2060038495771, 0.296796, 0.379132
2062903639716, 0.296785, 0.379109
2065768783660, 0.296775, 0.379093
2068633927604, 0.296751, 0.379056
2071499071548, 0.296729, 0.379028
2074364215492, 0.296713, 0.379001
2077229359436, 0.296679, 0.378973
2080094503380, 0.296672, 0.378961
2082959647324, 0.296651, 0.378937
2085824791268, 0.296639, 0.378918
2088689935212, 0.296626, 0.378892
2091555079156, 0.296601, 0.378864
2094420223100, 0.296581, 0.378839
2097285367044, 0.296544, 0.378804
2100150510988, 0.296501, 0.378778
2103015654932, 0.296486, 0.378754
2105880798876, 0.296477, 0.378741
2108745942820, 0.296452, 0.378702
2111611086764, 0.296440, 0.378683
2114476230708, 0.296423, 0.378653
2117341374652, 0.296410, 0.378629
2120206518597, 0.296394, 0.378605
2123071662541, 0.296362, 0.378587
2125936806485, 0.296332, 0.378563
2128801950429, 0.296313, 0.378541
2131667094373, 0.296279, 0.378525
2134532238317, 0.296264, 0.378503
2137397382261, 0.296246, 0.378474
2140262526205, 0.296237, 0.378458
2143127670149, 0.296197, 0.378436
2145992814093, 0.296181, 0.378412
2148857958037, 0.296171, 0.378398
2151723101981, 0.296132, 0.378378
2154588245925, 0.296121, 0.378359
2157453389869, 0.296110, 0.378341
2160318533813, 0.296097, 0.378325
2163183677757, 0.296087, 0.378305
2166048821701, 0.296075, 0.378284
2168913965645, 0.296055, 0.378259
2171779109589, 0.296049, 0.378247
2174644253533, 0.296026, 0.378225
2177509397478, 0.296012, 0.378206
2180374541422, 0.295992, 0.378178
2183239685366, 0.295985, 0.378164
2186104829310, 0.295967, 0.378142
2188969973254, 0.295954, 0.378124
2191835117198, 0.295935, 0.378093
2194700261142, 0.295921, 0.378073
2197565405086, 0.295904, 0.378055
2200430549030, 0.295894, 0.378041
2203295692974, 0.295879, 0.378020
2206160836918, 0.295865, 0.377992
2209025980862, 0.295848, 0.377973
2211891124806, 0.295833, 0.377946
2214756268750, 0.295827, 0.377929
2217621412694, 0.295816, 0.377910
2220486556638, 0.295800, 0.377895
2223351700582, 0.295787, 0.377875
2226216844526, 0.295768, 0.377849
2229081988470, 0.295750, 0.377828
2231947132414, 0.295724, 0.377814
2234812276359, 0.295711, 0.377800
2237677420303, 0.295619, 0.377785
2240542564247, 0.295564, 0.377771
2243407708191, 0.295550, 0.377752
2246272852135, 0.295535, 0.377731
2249137996079, 0.295522, 0.377704
2252003140023, 0.295517, 0.377700
2254868283967, 0.295498, 0.377691
2257733427911, 0.295493, 0.377683
2260598571855, 0.295472, 0.377660
2263463715799, 0.295463, 0.377649
2266328859743, 0.295450, 0.377629
2269194003687, 0.295439, 0.377612
2272059147631, 0.295410, 0.377595
2274924291575, 0.295403, 0.377584
2277789435519, 0.295392, 0.377569
2280654579463, 0.295383, 0.377551
2283519723407, 0.295368, 0.377524
2286384867351, 0.295362, 0.377514
2289250011295, 0.295345, 0.377491
2292115155240, 0.295333, 0.377472
2294980299184, 0.295315, 0.377448
2297845443128, 0.295306, 0.377432
2300710587072, 0.295295, 0.377414
2303575731016, 0.295286, 0.377400
2306440874960, 0.295223, 0.377378
2309306018904, 0.295191, 0.377357
2312171162848, 0.295181, 0.377341
2315036306792, 0.295173, 0.377327
2317901450736, 0.295162, 0.377307
2320766594680, 0.295137, 0.377294
2323631738624, 0.295129, 0.377283
2326496882568, 0.295124, 0.377272
2329362026512, 0.295115, 0.377254
2332227170456, 0.295103, 0.377242
2335092314400, 0.295098, 0.377233
2337957458344, 0.295093, 0.377220
2340822602288, 0.295080, 0.377204
2343687746232, 0.295075, 0.377193
2346552890176, 0.295047, 0.377180
2349418034121, 0.295034, 0.377160
2352283178065, 0.294995, 0.377141
2355148322009, 0.294987, 0.377128
2358013465953, 0.294977, 0.377112
2360878609897, 0.294934, 0.377090
2363743753841, 0.294922, 0.377074
2366608897785, 0.294912, 0.377060
2369474041729, 0.294896, 0.377044
2372339185673, 0.294854, 0.377033
2375204329617, 0.294842, 0.377017
2378069473561, 0.294834, 0.377005
2380934617505, 0.294768, 0.376987
2383799761449, 0.294759, 0.376977
2386664905393, 0.294754, 0.376968
2389530049337, 0.294745, 0.376955
2392395193281, 0.294742, 0.376950
2395260337225, 0.294735, 0.376939
2398125481169, 0.294729, 0.376930
2400990625113, 0.294687, 0.376913
2403855769057, 0.294669, 0.376903
2406720913002, 0.294650, 0.376888
2409586056946, 0.294645, 0.376877
2412451200890, 0.294638, 0.376867
2415316344834, 0.294634, 0.376859
2418181488778, 0.294622, 0.376839
2421046632722, 0.294611, 0.376830
2423911776666, 0.294586, 0.376822
2426776920610, 0.294582, 0.376816
2429642064554, 0.294574, 0.376803
2432507208498, 0.294572, 0.376799
2435372352442, 0.294563, 0.376786
2438237496386, 0.294556, 0.376773
2441102640330, 0.294552, 0.376766
2443967784274, 0.294547, 0.376757
2446832928218, 0.294536, 0.376748
2449698072162, 0.294529, 0.376735
2452563216106, 0.294524, 0.376722
2455428360050, 0.294520, 0.376714
2458293503994, 0.294509, 0.376699
2461158647938, 0.294500, 0.376688
2464023791883, 0.294491, 0.376675
2466888935827, 0.294472, 0.376663
2469754079771, 0.294465, 0.376649
2472619223715, 0.294459, 0.376640
2475484367659, 0.294452, 0.376630
2478349511603, 0.294448, 0.376622
2481214655547, 0.294443, 0.376613
2484079799491, 0.294439, 0.376606
2486944943435, 0.294435, 0.376597
2489810087379, 0.294429, 0.376585
2492675231323, 0.294420, 0.376577
2495540375267, 0.294412, 0.376560
2498405519211, 0.294407, 0.376550
2501270663155, 0.294404, 0.376543
2504135807099, 0.294400, 0.376534
2507000951043, 0.294389, 0.376519
2509866094987, 0.294382, 0.376507
2512731238931, 0.294373, 0.376494
2515596382875, 0.294364, 0.376482
2518461526819, 0.294360, 0.376477
2521326670764, 0.294353, 0.376462
2524191814708, 0.294349, 0.376453
2527056958652, 0.294314, 0.376442
2529922102596, 0.294309, 0.376433
2532787246540, 0.294301, 0.376417
2535652390484, 0.294295, 0.376411
2538517534428, 0.294272, 0.376399
2541382678372, 0.294269, 0.376394
2544247822316, 0.294264, 0.376387
2547112966260, 0.294261, 0.376381
2549978110204, 0.294254, 0.376375
2552843254148, 0.294249, 0.376365
2555708398092, 0.294247, 0.376358
2558573542036, 0.294236, 0.376348
2561438685980, 0.294228, 0.376341
2564303829924, 0.294221, 0.376337
2567168973868, 0.294219, 0.376333
2570034117812, 0.294209, 0.376322
2572899261756, 0.294183, 0.376317
2575764405700, 0.294180, 0.376310
2578629549645, 0.294171, 0.376299
2581494693589, 0.294169, 0.376292
2584359837533, 0.294152, 0.376281
2587224981477, 0.294145, 0.376273
2590090125421, 0.294142, 0.376270
2592955269365, 0.294139, 0.376264
2595820413309, 0.294134, 0.376257
2598685557253, 0.294133, 0.376255
2601550701197, 0.294124, 0.376246
2604415845141, 0.294115, 0.376234
2607280989085, 0.294112, 0.376230
2610146133029, 0.294111, 0.376227
2613011276973, 0.294107, 0.376221
2615876420917, 0.294104, 0.376216
2618741564861, 0.294101, 0.376210
2621606708805, 0.294097, 0.376205
2624471852749, 0.294090, 0.376195
2627336996693, 0.294088, 0.376189
2630202140637, 0.294083, 0.376181
2633067284581, 0.294029, 0.376174
2635932428526, 0.294028, 0.376172
2638797572470, 0.294027, 0.376169
2641662716414, 0.294020, 0.376165
2644527860358, 0.294014, 0.376160
2647393004302, 0.294013, 0.376155
2650258148246, 0.294008, 0.376148
2653123292190, 0.293988, 0.376142
2655988436134, 0.293983, 0.376139
2658853580078, 0.293982, 0.376136
2661718724022, 0.293980, 0.376133
2664583867966, 0.293978, 0.376129
2667449011910, 0.293976, 0.376124
2670314155854, 0.293973, 0.376121
2673179299798, 0.293967, 0.376114
2676044443742, 0.293967, 0.376113
2678909587686, 0.293964, 0.376108
2681774731630, 0.293960, 0.376104
2684639875574, 0.293958, 0.376099
2687505019518, 0.293954, 0.376092
2690370163462, 0.293954, 0.376091
2693235307407, 0.293951, 0.376086
2696100451351, 0.293946, 0.376080
2698965595295, 0.293943, 0.376076
2701830739239, 0.293942, 0.376074
2704695883183, 0.293939, 0.376070
2707561027127, 0.293938, 0.376066
2710426171071, 0.293938, 0.376066
2713291315015, 0.293936, 0.376061
2716156458959, 0.293933, 0.376057
2719021602903, 0.293932, 0.376056
2721886746847, 0.293931, 0.376054
2724751890791, 0.293931, 0.376052
2727617034735, 0.293928, 0.376049
2730482178679, 0.293928, 0.376049
2733347322623, 0.293924, 0.376044
2736212466567, 0.293923, 0.376040
2739077610511, 0.293922, 0.376039
2741942754455, 0.293921, 0.376037
2744807898399, 0.293918, 0.376033
2747673042343, 0.293917, 0.376032
2750538186288, 0.293917, 0.376032
2753403330232, 0.293916, 0.376031
2756268474176, 0.293915, 0.376030
2759133618120, 0.293914, 0.376028
2761998762064, 0.293909, 0.376025
2764863906008, 0.293908, 0.376021
2767729049952, 0.293907, 0.376020
2770594193896, 0.293906, 0.376017
2773459337840, 0.293903, 0.376012
2776324481784, 0.293901, 0.376011
2779189625728, 0.293898, 0.376005
2782054769672, 0.293898, 0.376004
2784919913616, 0.293897, 0.376003
2787785057560, 0.293897, 0.376001
2790650201504, 0.293895, 0.375999
2793515345448, 0.293892, 0.375997
2796380489392, 0.293891, 0.375994
2799245633336, 0.293891, 0.375994
2802110777280, 0.293889, 0.375990
2804975921224, 0.293888, 0.375988
2807841065169, 0.293886, 0.375986
2810706209113, 0.293886, 0.375985
2813571353057, 0.293884, 0.375981
2816436497001, 0.293884, 0.375981
2819301640945, 0.293884, 0.375981
2822166784889, 0.293884, 0.375981
2825031928833, 0.293883, 0.375979
2827897072777, 0.293882, 0.375978
2830762216721, 0.293881, 0.375976
2833627360665, 0.293880, 0.375975
2836492504609, 0.293880, 0.375975
2839357648553, 0.293880, 0.375975
2842222792497, 0.293879, 0.375974
2845087936441, 0.293879, 0.375974
2847953080385, 0.293879, 0.375974
2850818224329, 0.293879, 0.375974
2853683368273, 0.293879, 0.375974
2856548512217, 0.293879, 0.375974
2859413656161, 0.293879, 0.375974
2862278800105, 0.293879, 0.375974
2865143944050, 0.293879, 0.375974
Time used: 2166 ms
