logging to /opt/shards_res_1000/2016020700-2016020800_unique/tenant_5_profile_res-FIX_RATE-SHARDS-0.01.csvtracefile: /data1/tenant_trace/2016020700-2016020800_unique/tenant_5_trace
open file /data1/tenant_trace/2016020700-2016020800_unique/tenant_5_trace
read 1000000 lines
read 2000000 lines
read 3000000 lines
read 4000000 lines
read 5000000 lines
read 6000000 lines
read 7000000 lines
read 8000000 lines
read 9000000 lines
read 10000000 lines
read 11000000 lines
read 12000000 lines
read 13000000 lines
read 14000000 lines
read 15000000 lines
read 16000000 lines
read 17000000 lines
read 18000000 lines
read 19000000 lines
read 20000000 lines
read 21000000 lines
read 22000000 lines
read 23000000 lines
read 24000000 lines
read 25000000 lines
read 26000000 lines
read 27000000 lines
read 28000000 lines
read 29000000 lines
read 30000000 lines
read 31000000 lines
read 32000000 lines
read 33000000 lines
read 34000000 lines
read 35000000 lines
read 36000000 lines
read 37000000 lines
read 38000000 lines
read 39000000 lines
read 40000000 lines
read 41000000 lines
read 42000000 lines
read 43000000 lines
read 44000000 lines
read 45000000 lines
read 46000000 lines
read 47000000 lines
read 48000000 lines
read 49000000 lines
read 50000000 lines
read 51000000 lines
read 52000000 lines
read 53000000 lines
read 54000000 lines
read 55000000 lines
read 56000000 lines
read 57000000 lines
read 58000000 lines
read 59000000 lines
read 60000000 lines
read 61000000 lines
read 62000000 lines
read 63000000 lines
read 64000000 lines
read 65000000 lines
read 66000000 lines
read 67000000 lines
read 68000000 lines
read 69000000 lines
read 70000000 lines
read 71000000 lines
read 72000000 lines
read 73000000 lines
read 74000000 lines
read 75000000 lines
read 76000000 lines
read 77000000 lines
read 78000000 lines
read 79000000 lines
read 80000000 lines
read 81000000 lines
read 82000000 lines
read 83000000 lines
read 84000000 lines
read 85000000 lines
read 86000000 lines
read 87000000 lines
read 88000000 lines
read 89000000 lines
read 90000000 lines
read 91000000 lines
read 92000000 lines
read 93000000 lines
read 94000000 lines
read 95000000 lines
read 96000000 lines
read 97000000 lines
read 98000000 lines
read 99000000 lines
read 100000000 lines
read 101000000 lines
read 102000000 lines
read 103000000 lines
read 104000000 lines
read 105000000 lines
read 106000000 lines
read 107000000 lines
read 108000000 lines
read 109000000 lines
read 110000000 lines
read 111000000 lines
read 112000000 lines
read 113000000 lines
read 114000000 lines
read 115000000 lines
read 116000000 lines
read 117000000 lines
read 118000000 lines
read 119000000 lines
read 120000000 lines
read 121000000 lines
read 122000000 lines
read 123000000 lines
read 124000000 lines
read 125000000 lines
read 126000000 lines
read 127000000 lines
read 128000000 lines
read 129000000 lines
read 130000000 lines
read 131000000 lines
read 132000000 lines
read 133000000 lines
read 134000000 lines
read 135000000 lines
read 136000000 lines
read 137000000 lines
read 138000000 lines
read 139000000 lines
read 140000000 lines
read 141000000 lines
read 142000000 lines
read 143000000 lines
read 144000000 lines
read 145000000 lines
read 146000000 lines
read 147000000 lines
read 148000000 lines
read 149000000 lines
read 150000000 lines
read 151000000 lines
read 152000000 lines
read 153000000 lines
read 154000000 lines
read 155000000 lines
read 156000000 lines
read 157000000 lines
read 158000000 lines
[FILE]: /data1/tenant_trace/2016020700-2016020800_unique/tenant_5_trace
total_access_num: 158614368
total_access_size: 6628698679819
unique_access_num: 43283885
unique_access_size: 1816739128920
min_item_size: 1
[method]: SHARDS
[metric]: MAE
[seed]: 42
[sample_method]: FIX_RATE
[sample_metric]: 0.01
MAEQ_factor: 1.028659
cache_size, BMRC_ratio, OMRC_ratio
1816739128, 0.870210, 0.878338
3633478257, 0.833284, 0.840295
5450217386, 0.806649, 0.811858
7266956515, 0.785076, 0.788733
9083695644, 0.766533, 0.768931
10900434773, 0.749885, 0.751241
12717173902, 0.734817, 0.735400
14533913031, 0.721151, 0.720943
16350652160, 0.708732, 0.707832
18167391289, 0.696917, 0.695509
19984130418, 0.685751, 0.683915
21800869547, 0.675451, 0.673234
23617608675, 0.665674, 0.663054
25434347804, 0.656467, 0.653610
27251086933, 0.647787, 0.644563
29067826062, 0.639595, 0.636067
30884565191, 0.631700, 0.628023
32701304320, 0.624132, 0.620356
34518043449, 0.616989, 0.613096
36334782578, 0.610056, 0.606038
38151521707, 0.603571, 0.599415
39968260836, 0.597238, 0.592940
41784999965, 0.591043, 0.586687
43601739094, 0.585280, 0.580732
45418478223, 0.579687, 0.575072
47235217351, 0.574165, 0.569527
49051956480, 0.568848, 0.564248
50868695609, 0.563783, 0.559135
52685434738, 0.558885, 0.554169
54502173867, 0.554022, 0.549320
56318912996, 0.549453, 0.544719
58135652125, 0.545065, 0.540260
59952391254, 0.540744, 0.535962
61769130383, 0.536689, 0.531839
63585869512, 0.532535, 0.527731
65402608641, 0.528636, 0.523789
67219347770, 0.524829, 0.520015
69036086898, 0.521038, 0.516225
70852826027, 0.517284, 0.512538
72669565156, 0.513744, 0.508996
74486304285, 0.510262, 0.505543
76303043414, 0.506870, 0.502157
78119782543, 0.503526, 0.498835
79936521672, 0.500308, 0.495659
81753260801, 0.497261, 0.492619
83569999930, 0.494237, 0.489622
85386739059, 0.491393, 0.486715
87203478188, 0.488446, 0.483822
89020217317, 0.485678, 0.481027
90836956446, 0.483003, 0.478323
92653695574, 0.480401, 0.475709
94470434703, 0.477849, 0.473128
96287173832, 0.475248, 0.470565
98103912961, 0.472712, 0.468064
99920652090, 0.470247, 0.465606
101737391219, 0.467844, 0.463189
103554130348, 0.465563, 0.460907
105370869477, 0.463235, 0.458635
107187608606, 0.460948, 0.456387
109004347735, 0.458783, 0.454234
110821086864, 0.456689, 0.452135
112637825993, 0.454536, 0.450020
114454565121, 0.452512, 0.448022
116271304250, 0.450479, 0.446054
118088043379, 0.448460, 0.444036
119904782508, 0.446526, 0.442130
121721521637, 0.444597, 0.440209
123538260766, 0.442698, 0.438331
125354999895, 0.440808, 0.436482
127171739024, 0.439042, 0.434744
128988478153, 0.437232, 0.432972
130805217282, 0.435456, 0.431244
132621956411, 0.433742, 0.429529
134438695540, 0.432048, 0.427842
136255434669, 0.430380, 0.426192
138072173797, 0.428703, 0.424549
139888912926, 0.427005, 0.422879
141705652055, 0.425394, 0.421293
143522391184, 0.423902, 0.419815
145339130313, 0.422391, 0.418329
147155869442, 0.420893, 0.416833
148972608571, 0.419405, 0.415406
150789347700, 0.418050, 0.414068
152606086829, 0.416582, 0.412631
154422825958, 0.415131, 0.411209
156239565087, 0.413765, 0.409863
158056304216, 0.412393, 0.408524
159873043344, 0.411085, 0.407250
161689782473, 0.409755, 0.405970
163506521602, 0.408441, 0.404731
165323260731, 0.407134, 0.403459
167139999860, 0.405852, 0.402209
168956738989, 0.404620, 0.401004
170773478118, 0.403442, 0.399840
172590217247, 0.402185, 0.398614
174406956376, 0.400974, 0.397449
176223695505, 0.399849, 0.396348
178040434634, 0.398704, 0.395211
179857173763, 0.397562, 0.394092
181673912892, 0.396476, 0.392998
183490652020, 0.395353, 0.391931
185307391149, 0.394259, 0.390862
187124130278, 0.393243, 0.389841
188940869407, 0.392176, 0.388787
190757608536, 0.391106, 0.387742
192574347665, 0.390120, 0.386780
194391086794, 0.389104, 0.385791
196207825923, 0.388054, 0.384788
198024565052, 0.387082, 0.383830
199841304181, 0.386068, 0.382851
201658043310, 0.385039, 0.381857
203474782439, 0.384109, 0.380951
205291521567, 0.383168, 0.380018
207108260696, 0.382179, 0.379072
208924999825, 0.381214, 0.378121
210741738954, 0.380215, 0.377166
212558478083, 0.379369, 0.376326
214375217212, 0.378441, 0.375437
216191956341, 0.377516, 0.374546
218008695470, 0.376702, 0.373747
219825434599, 0.375801, 0.372872
221642173728, 0.374977, 0.372057
223458912857, 0.374124, 0.371252
225275651986, 0.373310, 0.370441
227092391115, 0.372541, 0.369668
228909130243, 0.371749, 0.368878
230725869372, 0.370955, 0.368104
232542608501, 0.370181, 0.367354
234359347630, 0.369404, 0.366581
236176086759, 0.368637, 0.365818
237992825888, 0.367955, 0.365136
239809565017, 0.367210, 0.364395
241626304146, 0.366430, 0.363654
243443043275, 0.365668, 0.362935
245259782404, 0.364922, 0.362215
247076521533, 0.364215, 0.361515
248893260662, 0.363515, 0.360838
250709999790, 0.362784, 0.360135
252526738919, 0.362060, 0.359451
254343478048, 0.361416, 0.358817
256160217177, 0.360737, 0.358157
257976956306, 0.360059, 0.357492
259793695435, 0.359389, 0.356852
261610434564, 0.358716, 0.356211
263427173693, 0.358083, 0.355595
265243912822, 0.357435, 0.354980
267060651951, 0.356814, 0.354368
268877391080, 0.356168, 0.353750
270694130209, 0.355562, 0.353150
272510869338, 0.354963, 0.352563
274327608466, 0.354365, 0.351987
276144347595, 0.353761, 0.351401
277961086724, 0.353153, 0.350822
279777825853, 0.352598, 0.350270
281594564982, 0.351987, 0.349676
283411304111, 0.351406, 0.349115
285228043240, 0.350853, 0.348581
287044782369, 0.350301, 0.348033
288861521498, 0.349730, 0.347485
290678260627, 0.349178, 0.346950
292494999756, 0.348617, 0.346405
294311738885, 0.348072, 0.345860
296128478013, 0.347552, 0.345332
297945217142, 0.347012, 0.344823
299761956271, 0.346502, 0.344320
301578695400, 0.345966, 0.343821
303395434529, 0.345493, 0.343362
305212173658, 0.344951, 0.342823
307028912787, 0.344437, 0.342322
308845651916, 0.343932, 0.341850
310662391045, 0.343454, 0.341387
312479130174, 0.342900, 0.340876
314295869303, 0.342456, 0.340429
316112608432, 0.341945, 0.339943
317929347561, 0.341471, 0.339474
319746086689, 0.341006, 0.339032
321562825818, 0.340517, 0.338579
323379564947, 0.340046, 0.338122
325196304076, 0.339590, 0.337678
327013043205, 0.339171, 0.337247
328829782334, 0.338671, 0.336788
330646521463, 0.338225, 0.336337
332463260592, 0.337802, 0.335911
334279999721, 0.337371, 0.335492
336096738850, 0.336926, 0.335054
337913477979, 0.336498, 0.334627
339730217108, 0.336066, 0.334199
341546956236, 0.335644, 0.333792
343363695365, 0.335193, 0.333358
345180434494, 0.334779, 0.332966
346997173623, 0.334357, 0.332558
348813912752, 0.333980, 0.332181
350630651881, 0.333587, 0.331786
352447391010, 0.333163, 0.331393
354264130139, 0.332730, 0.330968
356080869268, 0.332365, 0.330613
357897608397, 0.331945, 0.330221
359714347526, 0.331579, 0.329852
361531086655, 0.331185, 0.329480
363347825784, 0.330767, 0.329079
365164564912, 0.330412, 0.328723
366981304041, 0.330044, 0.328359
368798043170, 0.329711, 0.328015
370614782299, 0.329376, 0.327680
372431521428, 0.329002, 0.327320
374248260557, 0.328631, 0.326970
376064999686, 0.328238, 0.326582
377881738815, 0.327876, 0.326235
379698477944, 0.327531, 0.325903
381515217073, 0.327157, 0.325549
383331956202, 0.326773, 0.325195
385148695331, 0.326436, 0.324841
386965434459, 0.326067, 0.324476
388782173588, 0.325751, 0.324159
390598912717, 0.325369, 0.323799
392415651846, 0.325039, 0.323463
394232390975, 0.324679, 0.323137
396049130104, 0.324310, 0.322787
397865869233, 0.323990, 0.322483
399682608362, 0.323635, 0.322144
401499347491, 0.323321, 0.321845
403316086620, 0.323009, 0.321533
405132825749, 0.322701, 0.321222
406949564878, 0.322399, 0.320912
408766304007, 0.322087, 0.320600
410583043135, 0.321764, 0.320291
412399782264, 0.321472, 0.319990
414216521393, 0.321157, 0.319691
416033260522, 0.320868, 0.319410
417849999651, 0.320574, 0.319106
419666738780, 0.320286, 0.318828
421483477909, 0.320005, 0.318551
423300217038, 0.319707, 0.318249
425116956167, 0.319392, 0.317948
426933695296, 0.319113, 0.317672
428750434425, 0.318838, 0.317391
430567173554, 0.318536, 0.317115
432383912682, 0.318270, 0.316846
434200651811, 0.317934, 0.316545
436017390940, 0.317662, 0.316280
437834130069, 0.317382, 0.316020
439650869198, 0.317125, 0.315755
441467608327, 0.316840, 0.315490
443284347456, 0.316538, 0.315202
445101086585, 0.316256, 0.314930
446917825714, 0.315986, 0.314662
448734564843, 0.315730, 0.314412
450551303972, 0.315457, 0.314155
452368043101, 0.315189, 0.313890
454184782230, 0.314939, 0.313647
456001521358, 0.314693, 0.313419
457818260487, 0.314419, 0.313155
459634999616, 0.314159, 0.312906
461451738745, 0.313913, 0.312662
463268477874, 0.313670, 0.312421
465085217003, 0.313450, 0.312202
466901956132, 0.313200, 0.311957
468718695261, 0.312949, 0.311714
470535434390, 0.312724, 0.311482
472352173519, 0.312522, 0.311273
474168912648, 0.312275, 0.311037
475985651777, 0.312017, 0.310780
477802390905, 0.311812, 0.310568
479619130034, 0.311559, 0.310326
481435869163, 0.311351, 0.310121
483252608292, 0.311127, 0.309897
485069347421, 0.310900, 0.309668
486886086550, 0.310673, 0.309441
488702825679, 0.310466, 0.309223
490519564808, 0.310258, 0.309007
492336303937, 0.310049, 0.308802
494153043066, 0.309819, 0.308579
495969782195, 0.309629, 0.308380
497786521324, 0.309410, 0.308158
499603260453, 0.309183, 0.307920
501419999581, 0.308965, 0.307711
503236738710, 0.308764, 0.307505
505053477839, 0.308573, 0.307313
506870216968, 0.308366, 0.307111
508686956097, 0.308167, 0.306912
510503695226, 0.307950, 0.306705
512320434355, 0.307736, 0.306497
514137173484, 0.307524, 0.306293
515953912613, 0.307308, 0.306083
517770651742, 0.307104, 0.305882
519587390871, 0.306904, 0.305681
521404130000, 0.306704, 0.305489
523220869128, 0.306525, 0.305313
525037608257, 0.306338, 0.305135
526854347386, 0.306132, 0.304944
528671086515, 0.305917, 0.304737
530487825644, 0.305719, 0.304530
532304564773, 0.305515, 0.304347
534121303902, 0.305315, 0.304160
535938043031, 0.305092, 0.303947
537754782160, 0.304916, 0.303770
539571521289, 0.304744, 0.303598
541388260418, 0.304568, 0.303425
543204999547, 0.304384, 0.303251
545021738676, 0.304196, 0.303065
546838477804, 0.304000, 0.302882
548655216933, 0.303805, 0.302688
550471956062, 0.303641, 0.302533
552288695191, 0.303452, 0.302345
554105434320, 0.303284, 0.302174
555922173449, 0.303094, 0.301995
557738912578, 0.302921, 0.301839
559555651707, 0.302772, 0.301681
561372390836, 0.302596, 0.301506
563189129965, 0.302426, 0.301336
565005869094, 0.302260, 0.301170
566822608223, 0.302071, 0.300991
568639347351, 0.301919, 0.300835
570456086480, 0.301769, 0.300683
572272825609, 0.301613, 0.300535
574089564738, 0.301450, 0.300374
575906303867, 0.301281, 0.300209
577723042996, 0.301117, 0.300052
579539782125, 0.300937, 0.299882
581356521254, 0.300797, 0.299737
583173260383, 0.300633, 0.299570
584989999512, 0.300461, 0.299404
586806738641, 0.300321, 0.299261
588623477770, 0.300185, 0.299113
590440216899, 0.300017, 0.298961
592256956027, 0.299861, 0.298810
594073695156, 0.299708, 0.298666
595890434285, 0.299561, 0.298530
597707173414, 0.299410, 0.298392
599523912543, 0.299280, 0.298251
601340651672, 0.299115, 0.298099
603157390801, 0.298974, 0.297957
604974129930, 0.298834, 0.297811
606790869059, 0.298686, 0.297661
608607608188, 0.298550, 0.297533
610424347317, 0.298413, 0.297386
612241086446, 0.298270, 0.297246
614057825574, 0.298156, 0.297128
615874564703, 0.298016, 0.296985
617691303832, 0.297891, 0.296855
619508042961, 0.297745, 0.296719
621324782090, 0.297613, 0.296589
623141521219, 0.297479, 0.296449
624958260348, 0.297363, 0.296324
626774999477, 0.297214, 0.296196
628591738606, 0.297079, 0.296062
630408477735, 0.296953, 0.295935
632225216864, 0.296819, 0.295805
634041955993, 0.296698, 0.295685
635858695122, 0.296559, 0.295557
637675434250, 0.296426, 0.295433
639492173379, 0.296300, 0.295305
641308912508, 0.296168, 0.295168
643125651637, 0.296036, 0.295045
644942390766, 0.295909, 0.294926
646759129895, 0.295785, 0.294805
648575869024, 0.295656, 0.294676
650392608153, 0.295538, 0.294551
652209347282, 0.295434, 0.294438
654026086411, 0.295326, 0.294330
655842825540, 0.295199, 0.294213
657659564669, 0.295061, 0.294087
659476303797, 0.294926, 0.293967
661293042926, 0.294795, 0.293834
663109782055, 0.294673, 0.293716
664926521184, 0.294552, 0.293597
666743260313, 0.294436, 0.293478
668559999442, 0.294321, 0.293361
670376738571, 0.294218, 0.293259
672193477700, 0.294095, 0.293137
674010216829, 0.293975, 0.293013
675826955958, 0.293870, 0.292904
677643695087, 0.293763, 0.292793
679460434216, 0.293647, 0.292681
681277173345, 0.293546, 0.292570
683093912473, 0.293436, 0.292453
684910651602, 0.293339, 0.292357
686727390731, 0.293209, 0.292231
688544129860, 0.293094, 0.292121
690360868989, 0.292970, 0.292007
692177608118, 0.292866, 0.291900
693994347247, 0.292755, 0.291797
695811086376, 0.292646, 0.291681
697627825505, 0.292523, 0.291570
699444564634, 0.292412, 0.291459
701261303763, 0.292292, 0.291343
703078042892, 0.292183, 0.291228
704894782020, 0.292061, 0.291112
706711521149, 0.291962, 0.291007
708528260278, 0.291862, 0.290910
710344999407, 0.291761, 0.290817
712161738536, 0.291633, 0.290706
713978477665, 0.291532, 0.290602
715795216794, 0.291448, 0.290514
717611955923, 0.291365, 0.290424
719428695052, 0.291263, 0.290317
721245434181, 0.291175, 0.290227
723062173310, 0.291083, 0.290138
724878912439, 0.290977, 0.290034
726695651568, 0.290883, 0.289935
728512390696, 0.290791, 0.289840
730329129825, 0.290704, 0.289755
732145868954, 0.290606, 0.289658
733962608083, 0.290515, 0.289564
735779347212, 0.290417, 0.289471
737596086341, 0.290320, 0.289375
739412825470, 0.290240, 0.289289
741229564599, 0.290151, 0.289202
743046303728, 0.290054, 0.289110
744863042857, 0.289966, 0.289024
746679781986, 0.289878, 0.288931
748496521115, 0.289769, 0.288833
750313260243, 0.289690, 0.288752
752129999372, 0.289597, 0.288659
753946738501, 0.289512, 0.288573
755763477630, 0.289429, 0.288499
757580216759, 0.289336, 0.288407
759396955888, 0.289251, 0.288326
761213695017, 0.289157, 0.288236
763030434146, 0.289070, 0.288154
764847173275, 0.288990, 0.288070
766663912404, 0.288889, 0.287972
768480651533, 0.288810, 0.287895
770297390662, 0.288724, 0.287808
772114129791, 0.288643, 0.287729
773930868919, 0.288570, 0.287653
775747608048, 0.288469, 0.287561
777564347177, 0.288389, 0.287477
779381086306, 0.288307, 0.287393
781197825435, 0.288220, 0.287301
783014564564, 0.288136, 0.287217
784831303693, 0.288064, 0.287146
786648042822, 0.287976, 0.287060
788464781951, 0.287903, 0.286992
790281521080, 0.287832, 0.286919
792098260209, 0.287746, 0.286833
793914999338, 0.287680, 0.286762
795731738466, 0.287613, 0.286688
797548477595, 0.287544, 0.286617
799365216724, 0.287475, 0.286545
801181955853, 0.287404, 0.286475
802998694982, 0.287319, 0.286388
804815434111, 0.287250, 0.286318
806632173240, 0.287173, 0.286240
808448912369, 0.287099, 0.286165
810265651498, 0.287006, 0.286078
812082390627, 0.286938, 0.286010
813899129756, 0.286856, 0.285926
815715868885, 0.286802, 0.285869
817532608014, 0.286732, 0.285798
819349347142, 0.286657, 0.285723
821166086271, 0.286590, 0.285646
822982825400, 0.286504, 0.285568
824799564529, 0.286444, 0.285506
826616303658, 0.286376, 0.285438
828433042787, 0.286311, 0.285368
830249781916, 0.286239, 0.285302
832066521045, 0.286168, 0.285236
833883260174, 0.286078, 0.285154
835699999303, 0.286015, 0.285088
837516738432, 0.285952, 0.285022
839333477561, 0.285876, 0.284951
841150216689, 0.285806, 0.284878
842966955818, 0.285738, 0.284809
844783694947, 0.285670, 0.284740
846600434076, 0.285605, 0.284674
848417173205, 0.285544, 0.284607
850233912334, 0.285478, 0.284542
852050651463, 0.285404, 0.284464
853867390592, 0.285349, 0.284404
855684129721, 0.285276, 0.284336
857500868850, 0.285216, 0.284266
859317607979, 0.285158, 0.284208
861134347108, 0.285105, 0.284155
862951086237, 0.285028, 0.284090
864767825365, 0.284965, 0.284024
866584564494, 0.284889, 0.283962
868401303623, 0.284814, 0.283892
870218042752, 0.284758, 0.283834
872034781881, 0.284707, 0.283782
873851521010, 0.284648, 0.283727
875668260139, 0.284588, 0.283670
877484999268, 0.284526, 0.283604
879301738397, 0.284467, 0.283546
881118477526, 0.284411, 0.283484
882935216655, 0.284363, 0.283430
884751955784, 0.284304, 0.283379
886568694912, 0.284239, 0.283311
888385434041, 0.284176, 0.283249
890202173170, 0.284127, 0.283196
892018912299, 0.284070, 0.283136
893835651428, 0.284011, 0.283079
895652390557, 0.283954, 0.283022
897469129686, 0.283898, 0.282965
899285868815, 0.283843, 0.282913
901102607944, 0.283780, 0.282852
902919347073, 0.283726, 0.282796
904736086202, 0.283666, 0.282740
906552825331, 0.283605, 0.282678
908369564460, 0.283554, 0.282623
910186303588, 0.283503, 0.282567
912003042717, 0.283447, 0.282514
913819781846, 0.283393, 0.282456
915636520975, 0.283343, 0.282400
917453260104, 0.283273, 0.282335
919269999233, 0.283217, 0.282275
921086738362, 0.283159, 0.282218
922903477491, 0.283112, 0.282170
924720216620, 0.283069, 0.282123
926536955749, 0.283012, 0.282072
928353694878, 0.282961, 0.282014
930170434007, 0.282910, 0.281961
931987173135, 0.282855, 0.281909
933803912264, 0.282810, 0.281867
935620651393, 0.282753, 0.281815
937437390522, 0.282706, 0.281767
939254129651, 0.282656, 0.281723
941070868780, 0.282607, 0.281674
942887607909, 0.282549, 0.281620
944704347038, 0.282505, 0.281574
946521086167, 0.282461, 0.281526
948337825296, 0.282418, 0.281483
950154564425, 0.282353, 0.281424
951971303554, 0.282293, 0.281371
953788042683, 0.282239, 0.281320
955604781811, 0.282188, 0.281266
957421520940, 0.282133, 0.281216
959238260069, 0.282087, 0.281170
961054999198, 0.282025, 0.281109
962871738327, 0.281981, 0.281060
964688477456, 0.281936, 0.281013
966505216585, 0.281889, 0.280965
968321955714, 0.281837, 0.280915
970138694843, 0.281792, 0.280874
971955433972, 0.281744, 0.280823
973772173101, 0.281690, 0.280769
975588912230, 0.281647, 0.280721
977405651358, 0.281616, 0.280684
979222390487, 0.281561, 0.280631
981039129616, 0.281507, 0.280574
982855868745, 0.281458, 0.280526
984672607874, 0.281413, 0.280480
986489347003, 0.281370, 0.280440
988306086132, 0.281312, 0.280390
990122825261, 0.281271, 0.280347
991939564390, 0.281224, 0.280301
993756303519, 0.281184, 0.280257
995573042648, 0.281135, 0.280208
997389781777, 0.281083, 0.280164
999206520906, 0.281043, 0.280122
1001023260034, 0.280996, 0.280081
1002839999163, 0.280958, 0.280040
1004656738292, 0.280925, 0.279999
1006473477421, 0.280877, 0.279961
1008290216550, 0.280824, 0.279907
1010106955679, 0.280782, 0.279863
1011923694808, 0.280738, 0.279826
1013740433937, 0.280702, 0.279789
1015557173066, 0.280667, 0.279752
1017373912195, 0.280622, 0.279707
1019190651324, 0.280578, 0.279670
1021007390453, 0.280537, 0.279627
1022824129581, 0.280485, 0.279580
1024640868710, 0.280437, 0.279544
1026457607839, 0.280394, 0.279497
1028274346968, 0.280371, 0.279470
1030091086097, 0.280327, 0.279431
1031907825226, 0.280284, 0.279392
1033724564355, 0.280252, 0.279358
1035541303484, 0.280219, 0.279324
1037358042613, 0.280181, 0.279285
1039174781742, 0.280151, 0.279250
1040991520871, 0.280111, 0.279209
1042808260000, 0.280069, 0.279169
1044624999129, 0.280032, 0.279127
1046441738257, 0.279995, 0.279091
1048258477386, 0.279964, 0.279057
1050075216515, 0.279939, 0.279028
1051891955644, 0.279900, 0.278991
1053708694773, 0.279865, 0.278955
1055525433902, 0.279835, 0.278924
1057342173031, 0.279786, 0.278878
1059158912160, 0.279744, 0.278839
1060975651289, 0.279705, 0.278803
1062792390418, 0.279664, 0.278767
1064609129547, 0.279637, 0.278738
1066425868676, 0.279596, 0.278695
1068242607804, 0.279570, 0.278666
1070059346933, 0.279538, 0.278634
1071876086062, 0.279507, 0.278604
1073692825191, 0.279469, 0.278564
1075509564320, 0.279433, 0.278531
1077326303449, 0.279398, 0.278499
1079143042578, 0.279370, 0.278467
1080959781707, 0.279332, 0.278432
1082776520836, 0.279290, 0.278395
1084593259965, 0.279264, 0.278364
1086409999094, 0.279232, 0.278332
1088226738223, 0.279194, 0.278295
1090043477352, 0.279159, 0.278263
1091860216480, 0.279117, 0.278228
1093676955609, 0.279071, 0.278194
1095493694738, 0.279038, 0.278163
1097310433867, 0.279008, 0.278130
1099127172996, 0.278977, 0.278101
1100943912125, 0.278949, 0.278073
1102760651254, 0.278913, 0.278036
1104577390383, 0.278879, 0.278010
1106394129512, 0.278833, 0.277978
1108210868641, 0.278794, 0.277942
1110027607770, 0.278763, 0.277909
1111844346899, 0.278734, 0.277880
1113661086027, 0.278706, 0.277851
1115477825156, 0.278668, 0.277818
1117294564285, 0.278639, 0.277794
1119111303414, 0.278609, 0.277762
1120928042543, 0.278569, 0.277728
1122744781672, 0.278546, 0.277698
1124561520801, 0.278519, 0.277668
1126378259930, 0.278493, 0.277641
1128194999059, 0.278457, 0.277607
1130011738188, 0.278411, 0.277562
1131828477317, 0.278379, 0.277532
1133645216446, 0.278358, 0.277507
1135461955575, 0.278327, 0.277473
1137278694703, 0.278295, 0.277442
1139095433832, 0.278268, 0.277413
1140912172961, 0.278243, 0.277384
1142728912090, 0.278219, 0.277357
1144545651219, 0.278197, 0.277331
1146362390348, 0.278158, 0.277298
1148179129477, 0.278131, 0.277269
1149995868606, 0.278102, 0.277245
1151812607735, 0.278069, 0.277214
1153629346864, 0.278043, 0.277189
1155446085993, 0.278010, 0.277154
1157262825122, 0.277985, 0.277130
1159079564250, 0.277953, 0.277099
1160896303379, 0.277933, 0.277075
1162713042508, 0.277917, 0.277056
1164529781637, 0.277898, 0.277039
1166346520766, 0.277868, 0.277010
1168163259895, 0.277832, 0.276981
1169979999024, 0.277805, 0.276955
1171796738153, 0.277781, 0.276933
1173613477282, 0.277748, 0.276905
1175430216411, 0.277722, 0.276882
1177246955540, 0.277703, 0.276859
1179063694669, 0.277672, 0.276826
1180880433798, 0.277653, 0.276805
1182697172926, 0.277632, 0.276783
1184513912055, 0.277606, 0.276758
1186330651184, 0.277582, 0.276732
1188147390313, 0.277549, 0.276698
1189964129442, 0.277534, 0.276680
1191780868571, 0.277509, 0.276655
1193597607700, 0.277488, 0.276628
1195414346829, 0.277465, 0.276603
1197231085958, 0.277436, 0.276578
1199047825087, 0.277416, 0.276559
1200864564216, 0.277397, 0.276541
1202681303345, 0.277378, 0.276522
1204498042473, 0.277345, 0.276495
1206314781602, 0.277321, 0.276468
1208131520731, 0.277302, 0.276445
1209948259860, 0.277274, 0.276418
1211764998989, 0.277253, 0.276394
1213581738118, 0.277234, 0.276374
1215398477247, 0.277209, 0.276353
1217215216376, 0.277183, 0.276329
1219031955505, 0.277157, 0.276301
1220848694634, 0.277133, 0.276277
1222665433763, 0.277103, 0.276249
1224482172892, 0.277079, 0.276224
1226298912021, 0.277055, 0.276198
1228115651149, 0.277027, 0.276172
1229932390278, 0.277003, 0.276148
1231749129407, 0.276982, 0.276125
1233565868536, 0.276967, 0.276106
1235382607665, 0.276945, 0.276089
1237199346794, 0.276932, 0.276074
1239016085923, 0.276903, 0.276049
1240832825052, 0.276885, 0.276028
1242649564181, 0.276861, 0.276003
1244466303310, 0.276839, 0.275982
1246283042439, 0.276815, 0.275960
1248099781568, 0.276801, 0.275944
1249916520696, 0.276771, 0.275919
1251733259825, 0.276751, 0.275899
1253549998954, 0.276728, 0.275877
1255366738083, 0.276702, 0.275852
1257183477212, 0.276686, 0.275832
1259000216341, 0.276661, 0.275811
1260816955470, 0.276644, 0.275793
1262633694599, 0.276625, 0.275773
1264450433728, 0.276609, 0.275754
1266267172857, 0.276594, 0.275736
1268083911986, 0.276565, 0.275712
1269900651115, 0.276547, 0.275692
1271717390244, 0.276522, 0.275669
1273534129372, 0.276508, 0.275652
1275350868501, 0.276489, 0.275634
1277167607630, 0.276469, 0.275614
1278984346759, 0.276450, 0.275597
1280801085888, 0.276431, 0.275577
1282617825017, 0.276417, 0.275562
1284434564146, 0.276397, 0.275544
1286251303275, 0.276376, 0.275526
1288068042404, 0.276357, 0.275507
1289884781533, 0.276344, 0.275490
1291701520662, 0.276322, 0.275468
1293518259791, 0.276296, 0.275448
1295334998919, 0.276275, 0.275428
1297151738048, 0.276256, 0.275411
1298968477177, 0.276244, 0.275399
1300785216306, 0.276225, 0.275379
1302601955435, 0.276204, 0.275360
1304418694564, 0.276181, 0.275341
1306235433693, 0.276161, 0.275322
1308052172822, 0.276146, 0.275307
1309868911951, 0.276127, 0.275289
1311685651080, 0.276101, 0.275266
1313502390209, 0.276082, 0.275250
1315319129338, 0.276067, 0.275231
1317135868467, 0.276053, 0.275214
1318952607595, 0.276025, 0.275192
1320769346724, 0.276012, 0.275178
1322586085853, 0.275997, 0.275162
1324402824982, 0.275988, 0.275150
1326219564111, 0.275970, 0.275133
1328036303240, 0.275959, 0.275119
1329853042369, 0.275937, 0.275100
1331669781498, 0.275921, 0.275087
1333486520627, 0.275905, 0.275070
1335303259756, 0.275894, 0.275057
1337119998885, 0.275880, 0.275043
1338936738014, 0.275866, 0.275031
1340753477142, 0.275848, 0.275015
1342570216271, 0.275830, 0.275001
1344386955400, 0.275810, 0.274980
1346203694529, 0.275802, 0.274968
1348020433658, 0.275781, 0.274950
1349837172787, 0.275766, 0.274935
1351653911916, 0.275755, 0.274921
1353470651045, 0.275735, 0.274904
1355287390174, 0.275721, 0.274888
1357104129303, 0.275701, 0.274867
1358920868432, 0.275683, 0.274852
1360737607561, 0.275669, 0.274839
1362554346690, 0.275658, 0.274828
1364371085818, 0.275640, 0.274807
1366187824947, 0.275627, 0.274792
1368004564076, 0.275609, 0.274775
1369821303205, 0.275601, 0.274767
1371638042334, 0.275588, 0.274754
1373454781463, 0.275578, 0.274743
1375271520592, 0.275562, 0.274726
1377088259721, 0.275551, 0.274715
1378904998850, 0.275537, 0.274702
1380721737979, 0.275527, 0.274692
1382538477108, 0.275517, 0.274682
1384355216237, 0.275496, 0.274664
1386171955365, 0.275486, 0.274654
1387988694494, 0.275475, 0.274639
1389805433623, 0.275459, 0.274624
1391622172752, 0.275444, 0.274610
1393438911881, 0.275434, 0.274598
1395255651010, 0.275424, 0.274587
1397072390139, 0.275415, 0.274581
1398889129268, 0.275404, 0.274568
1400705868397, 0.275388, 0.274553
1402522607526, 0.275374, 0.274541
1404339346655, 0.275357, 0.274524
1406156085784, 0.275349, 0.274516
1407972824913, 0.275340, 0.274506
1409789564041, 0.275327, 0.274495
1411606303170, 0.275315, 0.274482
1413423042299, 0.275306, 0.274471
1415239781428, 0.275294, 0.274461
1417056520557, 0.275280, 0.274447
1418873259686, 0.275270, 0.274437
1420689998815, 0.275266, 0.274432
1422506737944, 0.275257, 0.274424
1424323477073, 0.275242, 0.274407
1426140216202, 0.275235, 0.274398
1427956955331, 0.275223, 0.274388
1429773694460, 0.275210, 0.274376
1431590433588, 0.275198, 0.274366
1433407172717, 0.275184, 0.274353
1435223911846, 0.275177, 0.274345
1437040650975, 0.275165, 0.274333
1438857390104, 0.275155, 0.274325
1440674129233, 0.275147, 0.274319
1442490868362, 0.275139, 0.274310
1444307607491, 0.275125, 0.274297
1446124346620, 0.275115, 0.274283
1447941085749, 0.275108, 0.274273
1449757824878, 0.275103, 0.274268
1451574564007, 0.275095, 0.274261
1453391303136, 0.275083, 0.274251
1455208042264, 0.275075, 0.274243
1457024781393, 0.275057, 0.274229
1458841520522, 0.275046, 0.274217
1460658259651, 0.275040, 0.274212
1462474998780, 0.275030, 0.274203
1464291737909, 0.275020, 0.274192
1466108477038, 0.275012, 0.274184
1467925216167, 0.275005, 0.274176
1469741955296, 0.274997, 0.274168
1471558694425, 0.274985, 0.274154
1473375433554, 0.274978, 0.274144
1475192172683, 0.274966, 0.274130
1477008911811, 0.274961, 0.274123
1478825650940, 0.274945, 0.274108
1480642390069, 0.274938, 0.274101
1482459129198, 0.274929, 0.274093
1484275868327, 0.274921, 0.274085
1486092607456, 0.274914, 0.274078
1487909346585, 0.274901, 0.274067
1489726085714, 0.274897, 0.274062
1491542824843, 0.274889, 0.274052
1493359563972, 0.274884, 0.274045
1495176303101, 0.274878, 0.274038
1496993042230, 0.274868, 0.274031
1498809781359, 0.274865, 0.274026
1500626520487, 0.274855, 0.274015
1502443259616, 0.274848, 0.274010
1504259998745, 0.274839, 0.274001
1506076737874, 0.274833, 0.273994
1507893477003, 0.274823, 0.273984
1509710216132, 0.274815, 0.273977
1511526955261, 0.274808, 0.273967
1513343694390, 0.274800, 0.273959
1515160433519, 0.274792, 0.273951
1516977172648, 0.274782, 0.273944
1518793911777, 0.274774, 0.273936
1520610650906, 0.274769, 0.273932
1522427390034, 0.274762, 0.273924
1524244129163, 0.274751, 0.273914
1526060868292, 0.274745, 0.273908
1527877607421, 0.274737, 0.273901
1529694346550, 0.274728, 0.273893
1531511085679, 0.274715, 0.273880
1533327824808, 0.274703, 0.273869
1535144563937, 0.274698, 0.273863
1536961303066, 0.274692, 0.273856
1538778042195, 0.274686, 0.273850
1540594781324, 0.274678, 0.273842
1542411520453, 0.274665, 0.273835
1544228259582, 0.274655, 0.273827
1546044998710, 0.274648, 0.273818
1547861737839, 0.274642, 0.273813
1549678476968, 0.274640, 0.273809
1551495216097, 0.274634, 0.273803
1553311955226, 0.274626, 0.273797
1555128694355, 0.274618, 0.273789
1556945433484, 0.274612, 0.273784
1558762172613, 0.274604, 0.273775
1560578911742, 0.274597, 0.273768
1562395650871, 0.274582, 0.273757
1564212390000, 0.274572, 0.273749
1566029129129, 0.274568, 0.273745
1567845868257, 0.274561, 0.273738
1569662607386, 0.274547, 0.273725
1571479346515, 0.274541, 0.273717
1573296085644, 0.274536, 0.273712
1575112824773, 0.274531, 0.273706
1576929563902, 0.274530, 0.273704
1578746303031, 0.274527, 0.273701
1580563042160, 0.274522, 0.273696
1582379781289, 0.274516, 0.273691
1584196520418, 0.274509, 0.273684
1586013259547, 0.274499, 0.273676
1587829998676, 0.274495, 0.273670
1589646737805, 0.274484, 0.273661
1591463476933, 0.274471, 0.273656
1593280216062, 0.274468, 0.273652
1595096955191, 0.274459, 0.273646
1596913694320, 0.274454, 0.273640
1598730433449, 0.274447, 0.273634
1600547172578, 0.274442, 0.273629
1602363911707, 0.274437, 0.273622
1604180650836, 0.274430, 0.273614
1605997389965, 0.274422, 0.273607
1607814129094, 0.274417, 0.273603
1609630868223, 0.274413, 0.273596
1611447607352, 0.274405, 0.273590
1613264346480, 0.274399, 0.273585
1615081085609, 0.274392, 0.273580
1616897824738, 0.274387, 0.273576
1618714563867, 0.274380, 0.273571
1620531302996, 0.274377, 0.273567
1622348042125, 0.274373, 0.273563
1624164781254, 0.274372, 0.273561
1625981520383, 0.274369, 0.273557
1627798259512, 0.274366, 0.273553
1629614998641, 0.274361, 0.273547
1631431737770, 0.274360, 0.273545
1633248476899, 0.274357, 0.273542
1635065216028, 0.274355, 0.273539
1636881955156, 0.274350, 0.273532
1638698694285, 0.274346, 0.273528
1640515433414, 0.274343, 0.273524
1642332172543, 0.274338, 0.273518
1644148911672, 0.274333, 0.273515
1645965650801, 0.274328, 0.273511
1647782389930, 0.274325, 0.273507
1649599129059, 0.274323, 0.273504
1651415868188, 0.274316, 0.273499
1653232607317, 0.274313, 0.273496
1655049346446, 0.274309, 0.273491
1656866085575, 0.274304, 0.273486
1658682824703, 0.274301, 0.273484
1660499563832, 0.274300, 0.273482
1662316302961, 0.274297, 0.273479
1664133042090, 0.274295, 0.273475
1665949781219, 0.274291, 0.273472
1667766520348, 0.274288, 0.273467
1669583259477, 0.274284, 0.273465
1671399998606, 0.274282, 0.273462
1673216737735, 0.274278, 0.273457
1675033476864, 0.274273, 0.273453
1676850215993, 0.274267, 0.273449
1678666955122, 0.274263, 0.273444
1680483694251, 0.274261, 0.273443
1682300433379, 0.274257, 0.273441
1684117172508, 0.274255, 0.273439
1685933911637, 0.274250, 0.273435
1687750650766, 0.274242, 0.273427
1689567389895, 0.274241, 0.273426
1691384129024, 0.274239, 0.273423
1693200868153, 0.274237, 0.273420
1695017607282, 0.274233, 0.273416
1696834346411, 0.274232, 0.273415
1698651085540, 0.274230, 0.273413
1700467824669, 0.274229, 0.273411
1702284563798, 0.274226, 0.273407
1704101302926, 0.274219, 0.273403
1705918042055, 0.274216, 0.273400
1707734781184, 0.274213, 0.273397
1709551520313, 0.274209, 0.273393
1711368259442, 0.274205, 0.273391
1713184998571, 0.274201, 0.273388
1715001737700, 0.274200, 0.273386
1716818476829, 0.274196, 0.273383
1718635215958, 0.274191, 0.273380
1720451955087, 0.274188, 0.273378
1722268694216, 0.274184, 0.273374
1724085433345, 0.274181, 0.273369
1725902172474, 0.274178, 0.273368
1727718911602, 0.274176, 0.273366
1729535650731, 0.274172, 0.273363
1731352389860, 0.274170, 0.273361
1733169128989, 0.274170, 0.273361
1734985868118, 0.274169, 0.273359
1736802607247, 0.274166, 0.273357
1738619346376, 0.274164, 0.273356
1740436085505, 0.274163, 0.273354
1742252824634, 0.274161, 0.273352
1744069563763, 0.274159, 0.273351
1745886302892, 0.274150, 0.273347
1747703042021, 0.274148, 0.273345
1749519781149, 0.274146, 0.273344
1751336520278, 0.274146, 0.273342
1753153259407, 0.274145, 0.273341
1754969998536, 0.274142, 0.273338
1756786737665, 0.274139, 0.273337
1758603476794, 0.274138, 0.273335
1760420215923, 0.274136, 0.273333
1762236955052, 0.274136, 0.273333
1764053694181, 0.274136, 0.273333
1765870433310, 0.274136, 0.273332
1767687172439, 0.274135, 0.273331
1769503911568, 0.274135, 0.273331
1771320650697, 0.274134, 0.273330
1773137389825, 0.274134, 0.273329
1774954128954, 0.274130, 0.273326
1776770868083, 0.274130, 0.273325
1778587607212, 0.274130, 0.273325
1780404346341, 0.274127, 0.273323
1782221085470, 0.274123, 0.273320
1784037824599, 0.274122, 0.273318
1785854563728, 0.274121, 0.273317
1787671302857, 0.274121, 0.273317
1789488041986, 0.274121, 0.273317
1791304781115, 0.274121, 0.273317
1793121520244, 0.274119, 0.273316
1794938259372, 0.274119, 0.273316
1796754998501, 0.274119, 0.273316
1798571737630, 0.274118, 0.273316
1800388476759, 0.274117, 0.273315
1802205215888, 0.274117, 0.273315
1804021955017, 0.274116, 0.273314
1805838694146, 0.274116, 0.273314
1807655433275, 0.274116, 0.273314
1809472172404, 0.274116, 0.273314
1811288911533, 0.274116, 0.273314
1813105650662, 0.274116, 0.273314
1814922389791, 0.274116, 0.273314
1816739128920, 0.274116, 0.273314
Time used: 4799 ms
