logging to /opt/shards_res_1000/2016020700-2016020800_unique/tenant_4_profile_res-FIX_RATE-SHARDS-0.01.csvtracefile: /data1/tenant_trace/2016020700-2016020800_unique/tenant_4_trace
open file /data1/tenant_trace/2016020700-2016020800_unique/tenant_4_trace
read 1000000 lines
read 2000000 lines
read 3000000 lines
read 4000000 lines
read 5000000 lines
read 6000000 lines
read 7000000 lines
read 8000000 lines
read 9000000 lines
read 10000000 lines
read 11000000 lines
read 12000000 lines
read 13000000 lines
read 14000000 lines
read 15000000 lines
read 16000000 lines
read 17000000 lines
read 18000000 lines
read 19000000 lines
read 20000000 lines
read 21000000 lines
read 22000000 lines
read 23000000 lines
read 24000000 lines
read 25000000 lines
read 26000000 lines
read 27000000 lines
read 28000000 lines
read 29000000 lines
read 30000000 lines
read 31000000 lines
read 32000000 lines
read 33000000 lines
read 34000000 lines
read 35000000 lines
read 36000000 lines
read 37000000 lines
read 38000000 lines
read 39000000 lines
read 40000000 lines
read 41000000 lines
read 42000000 lines
read 43000000 lines
read 44000000 lines
read 45000000 lines
read 46000000 lines
read 47000000 lines
read 48000000 lines
read 49000000 lines
read 50000000 lines
read 51000000 lines
read 52000000 lines
read 53000000 lines
read 54000000 lines
read 55000000 lines
read 56000000 lines
read 57000000 lines
read 58000000 lines
read 59000000 lines
read 60000000 lines
read 61000000 lines
read 62000000 lines
read 63000000 lines
read 64000000 lines
read 65000000 lines
read 66000000 lines
read 67000000 lines
read 68000000 lines
read 69000000 lines
read 70000000 lines
read 71000000 lines
read 72000000 lines
read 73000000 lines
read 74000000 lines
read 75000000 lines
read 76000000 lines
read 77000000 lines
read 78000000 lines
read 79000000 lines
read 80000000 lines
read 81000000 lines
read 82000000 lines
read 83000000 lines
read 84000000 lines
read 85000000 lines
read 86000000 lines
read 87000000 lines
read 88000000 lines
read 89000000 lines
read 90000000 lines
read 91000000 lines
read 92000000 lines
read 93000000 lines
read 94000000 lines
read 95000000 lines
read 96000000 lines
read 97000000 lines
read 98000000 lines
read 99000000 lines
read 100000000 lines
read 101000000 lines
read 102000000 lines
read 103000000 lines
read 104000000 lines
read 105000000 lines
read 106000000 lines
read 107000000 lines
read 108000000 lines
read 109000000 lines
read 110000000 lines
read 111000000 lines
read 112000000 lines
read 113000000 lines
read 114000000 lines
read 115000000 lines
read 116000000 lines
read 117000000 lines
read 118000000 lines
read 119000000 lines
read 120000000 lines
read 121000000 lines
read 122000000 lines
read 123000000 lines
read 124000000 lines
read 125000000 lines
read 126000000 lines
read 127000000 lines
read 128000000 lines
read 129000000 lines
read 130000000 lines
read 131000000 lines
read 132000000 lines
read 133000000 lines
read 134000000 lines
read 135000000 lines
read 136000000 lines
read 137000000 lines
read 138000000 lines
read 139000000 lines
read 140000000 lines
read 141000000 lines
read 142000000 lines
read 143000000 lines
read 144000000 lines
read 145000000 lines
read 146000000 lines
read 147000000 lines
read 148000000 lines
read 149000000 lines
read 150000000 lines
read 151000000 lines
read 152000000 lines
read 153000000 lines
read 154000000 lines
read 155000000 lines
read 156000000 lines
read 157000000 lines
read 158000000 lines
read 159000000 lines
read 160000000 lines
read 161000000 lines
read 162000000 lines
read 163000000 lines
read 164000000 lines
read 165000000 lines
read 166000000 lines
read 167000000 lines
read 168000000 lines
read 169000000 lines
read 170000000 lines
read 171000000 lines
read 172000000 lines
read 173000000 lines
read 174000000 lines
read 175000000 lines
read 176000000 lines
read 177000000 lines
read 178000000 lines
read 179000000 lines
read 180000000 lines
read 181000000 lines
read 182000000 lines
read 183000000 lines
read 184000000 lines
read 185000000 lines
read 186000000 lines
read 187000000 lines
read 188000000 lines
read 189000000 lines
read 190000000 lines
read 191000000 lines
read 192000000 lines
read 193000000 lines
read 194000000 lines
read 195000000 lines
read 196000000 lines
read 197000000 lines
read 198000000 lines
read 199000000 lines
read 200000000 lines
read 201000000 lines
read 202000000 lines
read 203000000 lines
read 204000000 lines
read 205000000 lines
read 206000000 lines
read 207000000 lines
read 208000000 lines
read 209000000 lines
read 210000000 lines
read 211000000 lines
read 212000000 lines
read 213000000 lines
read 214000000 lines
read 215000000 lines
read 216000000 lines
read 217000000 lines
read 218000000 lines
read 219000000 lines
read 220000000 lines
read 221000000 lines
read 222000000 lines
read 223000000 lines
read 224000000 lines
read 225000000 lines
read 226000000 lines
read 227000000 lines
read 228000000 lines
read 229000000 lines
read 230000000 lines
read 231000000 lines
read 232000000 lines
read 233000000 lines
read 234000000 lines
read 235000000 lines
read 236000000 lines
read 237000000 lines
read 238000000 lines
read 239000000 lines
read 240000000 lines
read 241000000 lines
read 242000000 lines
read 243000000 lines
read 244000000 lines
read 245000000 lines
read 246000000 lines
read 247000000 lines
read 248000000 lines
read 249000000 lines
read 250000000 lines
read 251000000 lines
read 252000000 lines
read 253000000 lines
read 254000000 lines
read 255000000 lines
read 256000000 lines
read 257000000 lines
read 258000000 lines
read 259000000 lines
read 260000000 lines
read 261000000 lines
read 262000000 lines
read 263000000 lines
read 264000000 lines
read 265000000 lines
read 266000000 lines
read 267000000 lines
read 268000000 lines
read 269000000 lines
read 270000000 lines
read 271000000 lines
read 272000000 lines
read 273000000 lines
read 274000000 lines
read 275000000 lines
read 276000000 lines
read 277000000 lines
read 278000000 lines
read 279000000 lines
read 280000000 lines
read 281000000 lines
read 282000000 lines
read 283000000 lines
read 284000000 lines
read 285000000 lines
read 286000000 lines
read 287000000 lines
read 288000000 lines
read 289000000 lines
read 290000000 lines
read 291000000 lines
read 292000000 lines
read 293000000 lines
read 294000000 lines
read 295000000 lines
read 296000000 lines
read 297000000 lines
read 298000000 lines
read 299000000 lines
read 300000000 lines
read 301000000 lines
read 302000000 lines
read 303000000 lines
read 304000000 lines
read 305000000 lines
read 306000000 lines
read 307000000 lines
read 308000000 lines
read 309000000 lines
read 310000000 lines
read 311000000 lines
read 312000000 lines
read 313000000 lines
read 314000000 lines
read 315000000 lines
read 316000000 lines
read 317000000 lines
read 318000000 lines
read 319000000 lines
read 320000000 lines
read 321000000 lines
read 322000000 lines
read 323000000 lines
read 324000000 lines
read 325000000 lines
read 326000000 lines
read 327000000 lines
read 328000000 lines
read 329000000 lines
read 330000000 lines
read 331000000 lines
read 332000000 lines
read 333000000 lines
read 334000000 lines
read 335000000 lines
[FILE]: /data1/tenant_trace/2016020700-2016020800_unique/tenant_4_trace
total_access_num: 335053634
total_access_size: 4206847121326
unique_access_num: 93736365
unique_access_size: 1198406956081
min_item_size: 1
[method]: SHARDS
[metric]: MAE
[seed]: 42
[sample_method]: FIX_RATE
[sample_metric]: 0.01
MAEQ_factor: 1.028231
cache_size, BMRC_ratio, OMRC_ratio
1198406956, 0.838750, 0.850010
2396813912, 0.797074, 0.807186
3595220868, 0.768288, 0.777021
4793627824, 0.745437, 0.752970
5992034780, 0.726461, 0.732961
7190441736, 0.709896, 0.715472
8388848692, 0.695259, 0.700008
9587255648, 0.682064, 0.686189
10785662604, 0.670045, 0.673613
11984069560, 0.659121, 0.662129
13182476516, 0.648865, 0.651489
14380883472, 0.639374, 0.641600
15579290429, 0.630435, 0.632335
16777697385, 0.622044, 0.623661
17976104341, 0.614162, 0.615485
19174511297, 0.606797, 0.607863
20372918253, 0.599826, 0.600620
21571325209, 0.593164, 0.593705
22769732165, 0.586937, 0.587197
23968139121, 0.580871, 0.580943
25166546077, 0.575135, 0.575014
26364953033, 0.569692, 0.569359
27563359989, 0.564483, 0.563957
28761766945, 0.559448, 0.558721
29960173902, 0.554636, 0.553739
31158580858, 0.550012, 0.548968
32356987814, 0.545518, 0.544363
33555394770, 0.541227, 0.539935
34753801726, 0.537080, 0.535663
35952208682, 0.533035, 0.531504
37150615638, 0.529142, 0.527503
38349022594, 0.525364, 0.523617
39547429550, 0.521704, 0.519857
40745836506, 0.518135, 0.516196
41944243462, 0.514768, 0.512713
43142650418, 0.511501, 0.509336
44341057374, 0.508308, 0.506060
45539464331, 0.505228, 0.502880
46737871287, 0.502194, 0.499774
47936278243, 0.499283, 0.496790
49134685199, 0.496445, 0.493846
50333092155, 0.493694, 0.490989
51531499111, 0.490967, 0.488200
52729906067, 0.488327, 0.485472
53928313023, 0.485781, 0.482859
55126719979, 0.483245, 0.480255
56325126935, 0.480808, 0.477748
57523533891, 0.478436, 0.475333
58721940847, 0.476077, 0.472904
59920347804, 0.473815, 0.470573
61118754760, 0.471604, 0.468319
62317161716, 0.469452, 0.466099
63515568672, 0.467338, 0.463925
64713975628, 0.465263, 0.461795
65912382584, 0.463259, 0.459747
67110789540, 0.461224, 0.457662
68309196496, 0.459333, 0.455715
69507603452, 0.457424, 0.453750
70706010408, 0.455622, 0.451902
71904417364, 0.453766, 0.450009
73102824320, 0.451980, 0.448179
74301231277, 0.450283, 0.446435
75499638233, 0.448549, 0.444667
76698045189, 0.446811, 0.442911
77896452145, 0.445112, 0.441174
79094859101, 0.443474, 0.439488
80293266057, 0.441913, 0.437886
81491673013, 0.440364, 0.436312
82690079969, 0.438844, 0.434761
83888486925, 0.437362, 0.433241
85086893881, 0.435852, 0.431710
86285300837, 0.434383, 0.430200
87483707793, 0.432943, 0.428738
88682114749, 0.431548, 0.427327
89880521706, 0.430159, 0.425926
91078928662, 0.428832, 0.424564
92277335618, 0.427415, 0.423151
93475742574, 0.426109, 0.421831
94674149530, 0.424817, 0.420497
95872556486, 0.423526, 0.419164
97070963442, 0.422265, 0.417905
98269370398, 0.421012, 0.416641
99467777354, 0.419839, 0.415432
100666184310, 0.418636, 0.414213
101864591266, 0.417445, 0.412988
103062998222, 0.416316, 0.411805
104261405179, 0.415202, 0.410663
105459812135, 0.414086, 0.409526
106658219091, 0.412928, 0.408365
107856626047, 0.411835, 0.407255
109055033003, 0.410782, 0.406171
110253439959, 0.409737, 0.405114
111451846915, 0.408678, 0.404039
112650253871, 0.407618, 0.402972
113848660827, 0.406616, 0.401942
115047067783, 0.405624, 0.400934
116245474739, 0.404612, 0.399913
117443881695, 0.403633, 0.398916
118642288652, 0.402636, 0.397918
119840695608, 0.401696, 0.396954
121039102564, 0.400769, 0.395992
122237509520, 0.399826, 0.395034
123435916476, 0.398930, 0.394109
124634323432, 0.398005, 0.393191
125832730388, 0.397097, 0.392278
127031137344, 0.396212, 0.391379
128229544300, 0.395371, 0.390504
129427951256, 0.394498, 0.389631
130626358212, 0.393646, 0.388760
131824765168, 0.392825, 0.387921
133023172124, 0.391983, 0.387083
134221579081, 0.391154, 0.386244
135419986037, 0.390343, 0.385416
136618392993, 0.389546, 0.384601
137816799949, 0.388760, 0.383816
139015206905, 0.387943, 0.383009
140213613861, 0.387164, 0.382220
141412020817, 0.386435, 0.381479
142610427773, 0.385684, 0.380727
143808834729, 0.384923, 0.379961
145007241685, 0.384170, 0.379203
146205648641, 0.383461, 0.378486
147404055597, 0.382736, 0.377768
148602462554, 0.382025, 0.377054
149800869510, 0.381326, 0.376348
150999276466, 0.380639, 0.375650
152197683422, 0.379979, 0.374967
153396090378, 0.379316, 0.374316
154594497334, 0.378649, 0.373629
155792904290, 0.377997, 0.372960
156991311246, 0.377344, 0.372303
158189718202, 0.376688, 0.371646
159388125158, 0.376045, 0.371009
160586532114, 0.375419, 0.370371
161784939070, 0.374816, 0.369765
162983346027, 0.374225, 0.369158
164181752983, 0.373604, 0.368541
165380159939, 0.373005, 0.367928
166578566895, 0.372423, 0.367339
167776973851, 0.371815, 0.366726
168975380807, 0.371238, 0.366131
170173787763, 0.370662, 0.365550
171372194719, 0.370083, 0.364970
172570601675, 0.369540, 0.364412
173769008631, 0.368974, 0.363837
174967415587, 0.368403, 0.363257
176165822543, 0.367838, 0.362687
177364229499, 0.367286, 0.362114
178562636456, 0.366710, 0.361539
179761043412, 0.366175, 0.360999
180959450368, 0.365638, 0.360446
182157857324, 0.365124, 0.359916
183356264280, 0.364606, 0.359393
184554671236, 0.364094, 0.358884
185753078192, 0.363584, 0.358381
186951485148, 0.363106, 0.357884
188149892104, 0.362621, 0.357391
189348299060, 0.362122, 0.356882
190546706016, 0.361652, 0.356404
191745112972, 0.361167, 0.355923
192943519929, 0.360699, 0.355439
194141926885, 0.360194, 0.354940
195340333841, 0.359744, 0.354470
196538740797, 0.359240, 0.353955
197737147753, 0.358760, 0.353478
198935554709, 0.358288, 0.353001
200133961665, 0.357841, 0.352542
201332368621, 0.357386, 0.352081
202530775577, 0.356930, 0.351617
203729182533, 0.356489, 0.351166
204927589489, 0.356052, 0.350730
206125996445, 0.355620, 0.350293
207324403402, 0.355198, 0.349863
208522810358, 0.354761, 0.349424
209721217314, 0.354326, 0.348987
210919624270, 0.353885, 0.348536
212118031226, 0.353484, 0.348134
213316438182, 0.353054, 0.347698
214514845138, 0.352660, 0.347288
215713252094, 0.352242, 0.346876
216911659050, 0.351852, 0.346486
218110066006, 0.351440, 0.346073
219308472962, 0.351048, 0.345678
220506879918, 0.350648, 0.345278
221705286874, 0.350248, 0.344871
222903693831, 0.349848, 0.344475
224102100787, 0.349453, 0.344073
225300507743, 0.349066, 0.343687
226498914699, 0.348699, 0.343311
227697321655, 0.348321, 0.342930
228895728611, 0.347952, 0.342575
230094135567, 0.347573, 0.342191
231292542523, 0.347197, 0.341808
232490949479, 0.346840, 0.341441
233689356435, 0.346462, 0.341050
234887763391, 0.346126, 0.340709
236086170347, 0.345785, 0.340362
237284577304, 0.345437, 0.340017
238482984260, 0.345075, 0.339653
239681391216, 0.344733, 0.339306
240879798172, 0.344395, 0.338967
242078205128, 0.344040, 0.338606
243276612084, 0.343706, 0.338263
244475019040, 0.343377, 0.337933
245673425996, 0.343064, 0.337622
246871832952, 0.342736, 0.337298
248070239908, 0.342419, 0.336981
249268646864, 0.342102, 0.336656
250467053820, 0.341775, 0.336329
251665460777, 0.341453, 0.335999
252863867733, 0.341110, 0.335655
254062274689, 0.340783, 0.335332
255260681645, 0.340452, 0.335006
256459088601, 0.340140, 0.334695
257657495557, 0.339856, 0.334401
258855902513, 0.339539, 0.334085
260054309469, 0.339206, 0.333769
261252716425, 0.338912, 0.333471
262451123381, 0.338608, 0.333170
263649530337, 0.338318, 0.332877
264847937293, 0.338009, 0.332570
266046344249, 0.337692, 0.332255
267244751206, 0.337380, 0.331939
268443158162, 0.337065, 0.331621
269641565118, 0.336762, 0.331317
270839972074, 0.336477, 0.331027
272038379030, 0.336199, 0.330741
273236785986, 0.335918, 0.330463
274435192942, 0.335631, 0.330167
275633599898, 0.335343, 0.329875
276832006854, 0.335050, 0.329579
278030413810, 0.334755, 0.329278
279228820766, 0.334487, 0.329012
280427227722, 0.334218, 0.328743
281625634679, 0.333951, 0.328472
282824041635, 0.333671, 0.328195
284022448591, 0.333416, 0.327930
285220855547, 0.333139, 0.327662
286419262503, 0.332867, 0.327402
287617669459, 0.332587, 0.327123
288816076415, 0.332342, 0.326869
290014483371, 0.332075, 0.326611
291212890327, 0.331828, 0.326360
292411297283, 0.331576, 0.326113
293609704239, 0.331337, 0.325870
294808111195, 0.331093, 0.325614
296006518152, 0.330844, 0.325363
297204925108, 0.330605, 0.325126
298403332064, 0.330368, 0.324884
299601739020, 0.330138, 0.324659
300800145976, 0.329906, 0.324421
301998552932, 0.329659, 0.324166
303196959888, 0.329421, 0.323934
304395366844, 0.329174, 0.323685
305593773800, 0.328937, 0.323447
306792180756, 0.328688, 0.323197
307990587712, 0.328447, 0.322954
309188994668, 0.328168, 0.322718
310387401624, 0.327946, 0.322490
311585808581, 0.327724, 0.322263
312784215537, 0.327511, 0.322051
313982622493, 0.327269, 0.321815
315181029449, 0.327055, 0.321597
316379436405, 0.326817, 0.321365
317577843361, 0.326601, 0.321142
318776250317, 0.326399, 0.320933
319974657273, 0.326166, 0.320700
321173064229, 0.325921, 0.320462
322371471185, 0.325704, 0.320238
323569878141, 0.325497, 0.320031
324768285097, 0.325276, 0.319818
325966692054, 0.325060, 0.319604
327165099010, 0.324847, 0.319394
328363505966, 0.324653, 0.319195
329561912922, 0.324449, 0.318997
330760319878, 0.324221, 0.318773
331958726834, 0.324014, 0.318564
333157133790, 0.323816, 0.318356
334355540746, 0.323600, 0.318145
335553947702, 0.323380, 0.317929
336752354658, 0.323177, 0.317717
337950761614, 0.322978, 0.317518
339149168570, 0.322773, 0.317313
340347575527, 0.322567, 0.317112
341545982483, 0.322351, 0.316906
342744389439, 0.322162, 0.316711
343942796395, 0.321977, 0.316518
345141203351, 0.321777, 0.316319
346339610307, 0.321566, 0.316106
347538017263, 0.321379, 0.315916
348736424219, 0.321188, 0.315726
349934831175, 0.321007, 0.315540
351133238131, 0.320812, 0.315357
352331645087, 0.320637, 0.315176
353530052043, 0.320453, 0.314993
354728458999, 0.320267, 0.314805
355926865956, 0.320079, 0.314615
357125272912, 0.319883, 0.314424
358323679868, 0.319689, 0.314245
359522086824, 0.319503, 0.314065
360720493780, 0.319317, 0.313887
361918900736, 0.319130, 0.313703
363117307692, 0.318931, 0.313513
364315714648, 0.318750, 0.313342
365514121604, 0.318569, 0.313172
366712528560, 0.318388, 0.312995
367910935516, 0.318217, 0.312819
369109342472, 0.318046, 0.312648
370307749429, 0.317875, 0.312477
371506156385, 0.317706, 0.312306
372704563341, 0.317533, 0.312132
373902970297, 0.317353, 0.311954
375101377253, 0.317193, 0.311795
376299784209, 0.317025, 0.311630
377498191165, 0.316862, 0.311464
378696598121, 0.316695, 0.311302
379895005077, 0.316530, 0.311139
381093412033, 0.316356, 0.310968
382291818989, 0.316190, 0.310803
383490225945, 0.316017, 0.310633
384688632902, 0.315851, 0.310472
385887039858, 0.315702, 0.310323
387085446814, 0.315545, 0.310167
388283853770, 0.315388, 0.310010
389482260726, 0.315235, 0.309853
390680667682, 0.315078, 0.309692
391879074638, 0.314921, 0.309533
393077481594, 0.314765, 0.309379
394275888550, 0.314600, 0.309219
395474295506, 0.314450, 0.309067
396672702462, 0.314288, 0.308905
397871109418, 0.314135, 0.308751
399069516374, 0.313986, 0.308605
400267923331, 0.313842, 0.308457
401466330287, 0.313691, 0.308305
402664737243, 0.313549, 0.308161
403863144199, 0.313423, 0.308031
405061551155, 0.313263, 0.307876
406259958111, 0.313119, 0.307733
407458365067, 0.312963, 0.307581
408656772023, 0.312817, 0.307440
409855178979, 0.312677, 0.307296
411053585935, 0.312540, 0.307153
412251992891, 0.312390, 0.307004
413450399847, 0.312249, 0.306867
414648806804, 0.312103, 0.306727
415847213760, 0.311969, 0.306595
417045620716, 0.311816, 0.306445
418244027672, 0.311667, 0.306299
419442434628, 0.311528, 0.306158
420640841584, 0.311391, 0.306020
421839248540, 0.311250, 0.305883
423037655496, 0.311103, 0.305739
424236062452, 0.310964, 0.305601
425434469408, 0.310842, 0.305472
426632876364, 0.310713, 0.305345
427831283320, 0.310582, 0.305217
429029690276, 0.310457, 0.305088
430228097233, 0.310318, 0.304945
431426504189, 0.310196, 0.304820
432624911145, 0.310066, 0.304689
433823318101, 0.309943, 0.304564
435021725057, 0.309803, 0.304424
436220132013, 0.309680, 0.304298
437418538969, 0.309539, 0.304165
438616945925, 0.309421, 0.304044
439815352881, 0.309289, 0.303917
441013759837, 0.309166, 0.303798
442212166793, 0.309028, 0.303665
443410573749, 0.308922, 0.303556
444608980706, 0.308800, 0.303437
445807387662, 0.308675, 0.303311
447005794618, 0.308557, 0.303191
448204201574, 0.308435, 0.303072
449402608530, 0.308312, 0.302944
450601015486, 0.308195, 0.302827
451799422442, 0.308076, 0.302709
452997829398, 0.307955, 0.302584
454196236354, 0.307823, 0.302456
455394643310, 0.307713, 0.302342
456593050266, 0.307592, 0.302218
457791457222, 0.307474, 0.302099
458989864179, 0.307349, 0.301976
460188271135, 0.307248, 0.301873
461386678091, 0.307134, 0.301756
462585085047, 0.307017, 0.301641
463783492003, 0.306918, 0.301540
464981898959, 0.306811, 0.301440
466180305915, 0.306707, 0.301331
467378712871, 0.306595, 0.301223
468577119827, 0.306471, 0.301101
469775526783, 0.306355, 0.300988
470973933739, 0.306232, 0.300867
472172340695, 0.306110, 0.300751
473370747651, 0.305999, 0.300644
474569154608, 0.305889, 0.300530
475767561564, 0.305778, 0.300421
476965968520, 0.305657, 0.300307
478164375476, 0.305554, 0.300198
479362782432, 0.305457, 0.300098
480561189388, 0.305354, 0.299991
481759596344, 0.305252, 0.299888
482958003300, 0.305143, 0.299780
484156410256, 0.305050, 0.299679
485354817212, 0.304941, 0.299573
486553224168, 0.304838, 0.299475
487751631124, 0.304734, 0.299374
488950038081, 0.304632, 0.299270
490148445037, 0.304526, 0.299173
491346851993, 0.304411, 0.299062
492545258949, 0.304306, 0.298958
493743665905, 0.304207, 0.298862
494942072861, 0.304105, 0.298762
496140479817, 0.303996, 0.298656
497338886773, 0.303898, 0.298556
498537293729, 0.303795, 0.298454
499735700685, 0.303694, 0.298352
500934107641, 0.303602, 0.298262
502132514597, 0.303503, 0.298163
503330921554, 0.303406, 0.298070
504529328510, 0.303316, 0.297978
505727735466, 0.303219, 0.297883
506926142422, 0.303113, 0.297779
508124549378, 0.303021, 0.297691
509322956334, 0.302920, 0.297593
510521363290, 0.302819, 0.297492
511719770246, 0.302727, 0.297397
512918177202, 0.302637, 0.297308
514116584158, 0.302534, 0.297204
515314991114, 0.302443, 0.297118
516513398070, 0.302352, 0.297023
517711805026, 0.302251, 0.296929
518910211983, 0.302164, 0.296839
520108618939, 0.302084, 0.296754
521307025895, 0.301992, 0.296664
522505432851, 0.301892, 0.296567
523703839807, 0.301804, 0.296476
524902246763, 0.301707, 0.296388
526100653719, 0.301623, 0.296305
527299060675, 0.301540, 0.296222
528497467631, 0.301458, 0.296139
529695874587, 0.301380, 0.296062
530894281543, 0.301296, 0.295971
532092688499, 0.301217, 0.295887
533291095456, 0.301129, 0.295797
534489502412, 0.301050, 0.295718
535687909368, 0.300962, 0.295625
536886316324, 0.300874, 0.295540
538084723280, 0.300787, 0.295457
539283130236, 0.300706, 0.295374
540481537192, 0.300630, 0.295291
541679944148, 0.300542, 0.295202
542878351104, 0.300464, 0.295121
544076758060, 0.300392, 0.295044
545275165016, 0.300302, 0.294967
546473571972, 0.300222, 0.294885
547671978929, 0.300119, 0.294786
548870385885, 0.300032, 0.294703
550068792841, 0.299945, 0.294617
551267199797, 0.299863, 0.294538
552465606753, 0.299779, 0.294453
553664013709, 0.299687, 0.294371
554862420665, 0.299609, 0.294292
556060827621, 0.299535, 0.294219
557259234577, 0.299449, 0.294137
558457641533, 0.299359, 0.294046
559656048489, 0.299269, 0.293965
560854455445, 0.299187, 0.293887
562052862401, 0.299113, 0.293812
563251269358, 0.299041, 0.293737
564449676314, 0.298969, 0.293662
565648083270, 0.298890, 0.293587
566846490226, 0.298814, 0.293510
568044897182, 0.298736, 0.293434
569243304138, 0.298663, 0.293363
570441711094, 0.298595, 0.293290
571640118050, 0.298525, 0.293222
572838525006, 0.298451, 0.293149
574036931962, 0.298385, 0.293083
575235338918, 0.298305, 0.293002
576433745874, 0.298230, 0.292925
577632152831, 0.298156, 0.292850
578830559787, 0.298079, 0.292775
580028966743, 0.298003, 0.292702
581227373699, 0.297936, 0.292632
582425780655, 0.297868, 0.292560
583624187611, 0.297795, 0.292488
584822594567, 0.297726, 0.292413
586021001523, 0.297657, 0.292347
587219408479, 0.297590, 0.292279
588417815435, 0.297519, 0.292210
589616222391, 0.297441, 0.292139
590814629347, 0.297374, 0.292073
592013036304, 0.297299, 0.291999
593211443260, 0.297235, 0.291934
594409850216, 0.297171, 0.291865
595608257172, 0.297094, 0.291789
596806664128, 0.297033, 0.291727
598005071084, 0.296968, 0.291666
599203478040, 0.296904, 0.291601
600401884996, 0.296846, 0.291543
601600291952, 0.296776, 0.291473
602798698908, 0.296711, 0.291407
603997105864, 0.296646, 0.291345
605195512820, 0.296582, 0.291282
606393919776, 0.296513, 0.291216
607592326733, 0.296446, 0.291150
608790733689, 0.296381, 0.291084
609989140645, 0.296311, 0.291014
611187547601, 0.296249, 0.290953
612385954557, 0.296173, 0.290889
613584361513, 0.296116, 0.290832
614782768469, 0.296051, 0.290765
615981175425, 0.295984, 0.290697
617179582381, 0.295925, 0.290636
618377989337, 0.295858, 0.290573
619576396293, 0.295793, 0.290511
620774803249, 0.295734, 0.290450
621973210206, 0.295685, 0.290395
623171617162, 0.295614, 0.290327
624370024118, 0.295547, 0.290268
625568431074, 0.295486, 0.290207
626766838030, 0.295432, 0.290153
627965244986, 0.295373, 0.290095
629163651942, 0.295313, 0.290033
630362058898, 0.295250, 0.289972
631560465854, 0.295197, 0.289916
632758872810, 0.295142, 0.289864
633957279766, 0.295078, 0.289803
635155686722, 0.295015, 0.289743
636354093679, 0.294958, 0.289689
637552500635, 0.294897, 0.289632
638750907591, 0.294847, 0.289582
639949314547, 0.294794, 0.289530
641147721503, 0.294744, 0.289481
642346128459, 0.294679, 0.289418
643544535415, 0.294620, 0.289361
644742942371, 0.294563, 0.289307
645941349327, 0.294511, 0.289254
647139756283, 0.294451, 0.289195
648338163239, 0.294401, 0.289142
649536570195, 0.294355, 0.289096
650734977151, 0.294306, 0.289045
651933384108, 0.294248, 0.288986
653131791064, 0.294201, 0.288939
654330198020, 0.294143, 0.288885
655528604976, 0.294094, 0.288832
656727011932, 0.294043, 0.288783
657925418888, 0.293996, 0.288735
659123825844, 0.293937, 0.288683
660322232800, 0.293876, 0.288625
661520639756, 0.293830, 0.288578
662719046712, 0.293779, 0.288525
663917453668, 0.293724, 0.288468
665115860624, 0.293669, 0.288415
666314267581, 0.293617, 0.288363
667512674537, 0.293563, 0.288309
668711081493, 0.293517, 0.288262
669909488449, 0.293459, 0.288211
671107895405, 0.293403, 0.288157
672306302361, 0.293357, 0.288106
673504709317, 0.293306, 0.288057
674703116273, 0.293262, 0.288015
675901523229, 0.293208, 0.287966
677099930185, 0.293159, 0.287918
678298337141, 0.293111, 0.287869
679496744097, 0.293062, 0.287818
680695151054, 0.293015, 0.287770
681893558010, 0.292969, 0.287727
683091964966, 0.292927, 0.287683
684290371922, 0.292875, 0.287634
685488778878, 0.292827, 0.287585
686687185834, 0.292778, 0.287535
687885592790, 0.292728, 0.287486
689083999746, 0.292687, 0.287443
690282406702, 0.292645, 0.287401
691480813658, 0.292601, 0.287356
692679220614, 0.292557, 0.287313
693877627570, 0.292508, 0.287266
695076034526, 0.292466, 0.287225
696274441483, 0.292421, 0.287181
697472848439, 0.292372, 0.287128
698671255395, 0.292331, 0.287084
699869662351, 0.292284, 0.287036
701068069307, 0.292243, 0.286995
702266476263, 0.292203, 0.286959
703464883219, 0.292163, 0.286922
704663290175, 0.292123, 0.286882
705861697131, 0.292076, 0.286839
707060104087, 0.292030, 0.286796
708258511043, 0.291990, 0.286752
709456917999, 0.291955, 0.286718
710655324956, 0.291912, 0.286675
711853731912, 0.291870, 0.286634
713052138868, 0.291825, 0.286593
714250545824, 0.291786, 0.286552
715448952780, 0.291745, 0.286514
716647359736, 0.291704, 0.286474
717845766692, 0.291662, 0.286432
719044173648, 0.291624, 0.286394
720242580604, 0.291573, 0.286347
721440987560, 0.291523, 0.286308
722639394516, 0.291478, 0.286267
723837801472, 0.291438, 0.286231
725036208429, 0.291391, 0.286189
726234615385, 0.291351, 0.286148
727433022341, 0.291308, 0.286103
728631429297, 0.291266, 0.286064
729829836253, 0.291216, 0.286020
731028243209, 0.291164, 0.285970
732226650165, 0.291126, 0.285932
733425057121, 0.291080, 0.285895
734623464077, 0.291045, 0.285861
735821871033, 0.291002, 0.285822
737020277989, 0.290965, 0.285785
738218684945, 0.290932, 0.285751
739417091901, 0.290889, 0.285711
740615498858, 0.290854, 0.285675
741813905814, 0.290817, 0.285638
743012312770, 0.290780, 0.285601
744210719726, 0.290745, 0.285567
745409126682, 0.290706, 0.285529
746607533638, 0.290676, 0.285496
747805940594, 0.290645, 0.285463
749004347550, 0.290604, 0.285424
750202754506, 0.290566, 0.285388
751401161462, 0.290523, 0.285348
752599568418, 0.290488, 0.285313
753797975374, 0.290453, 0.285277
754996382331, 0.290418, 0.285243
756194789287, 0.290384, 0.285207
757393196243, 0.290339, 0.285169
758591603199, 0.290306, 0.285137
759790010155, 0.290276, 0.285109
760988417111, 0.290239, 0.285071
762186824067, 0.290199, 0.285039
763385231023, 0.290161, 0.285002
764583637979, 0.290130, 0.284970
765782044935, 0.290101, 0.284941
766980451891, 0.290058, 0.284899
768178858847, 0.290021, 0.284860
769377265804, 0.289981, 0.284828
770575672760, 0.289945, 0.284795
771774079716, 0.289911, 0.284762
772972486672, 0.289880, 0.284734
774170893628, 0.289849, 0.284700
775369300584, 0.289808, 0.284665
776567707540, 0.289779, 0.284634
777766114496, 0.289750, 0.284605
778964521452, 0.289724, 0.284578
780162928408, 0.289696, 0.284549
781361335364, 0.289655, 0.284510
782559742320, 0.289630, 0.284484
783758149276, 0.289596, 0.284452
784956556233, 0.289563, 0.284422
786154963189, 0.289535, 0.284394
787353370145, 0.289493, 0.284357
788551777101, 0.289466, 0.284328
789750184057, 0.289434, 0.284296
790948591013, 0.289396, 0.284260
792146997969, 0.289360, 0.284225
793345404925, 0.289330, 0.284197
794543811881, 0.289301, 0.284171
795742218837, 0.289261, 0.284136
796940625793, 0.289228, 0.284105
798139032749, 0.289200, 0.284079
799337439706, 0.289172, 0.284052
800535846662, 0.289134, 0.284014
801734253618, 0.289105, 0.283985
802932660574, 0.289077, 0.283958
804131067530, 0.289048, 0.283929
805329474486, 0.289025, 0.283904
806527881442, 0.288999, 0.283878
807726288398, 0.288969, 0.283851
808924695354, 0.288936, 0.283823
810123102310, 0.288907, 0.283796
811321509266, 0.288872, 0.283764
812519916222, 0.288846, 0.283742
813718323178, 0.288821, 0.283715
814916730135, 0.288788, 0.283685
816115137091, 0.288761, 0.283658
817313544047, 0.288729, 0.283630
818511951003, 0.288703, 0.283605
819710357959, 0.288674, 0.283576
820908764915, 0.288647, 0.283548
822107171871, 0.288616, 0.283519
823305578827, 0.288586, 0.283490
824503985783, 0.288561, 0.283464
825702392739, 0.288535, 0.283441
826900799695, 0.288513, 0.283418
828099206651, 0.288487, 0.283393
829297613608, 0.288464, 0.283373
830496020564, 0.288437, 0.283346
831694427520, 0.288407, 0.283318
832892834476, 0.288388, 0.283297
834091241432, 0.288364, 0.283275
835289648388, 0.288339, 0.283251
836488055344, 0.288315, 0.283229
837686462300, 0.288280, 0.283196
838884869256, 0.288258, 0.283175
840083276212, 0.288237, 0.283155
841281683168, 0.288216, 0.283133
842480090124, 0.288194, 0.283112
843678497081, 0.288166, 0.283084
844876904037, 0.288144, 0.283063
846075310993, 0.288123, 0.283041
847273717949, 0.288095, 0.283016
848472124905, 0.288073, 0.282992
849670531861, 0.288048, 0.282968
850868938817, 0.288030, 0.282948
852067345773, 0.288008, 0.282927
853265752729, 0.287989, 0.282908
854464159685, 0.287960, 0.282879
855662566641, 0.287940, 0.282859
856860973597, 0.287917, 0.282838
858059380553, 0.287892, 0.282815
859257787510, 0.287865, 0.282791
860456194466, 0.287845, 0.282772
861654601422, 0.287818, 0.282748
862853008378, 0.287801, 0.282730
864051415334, 0.287778, 0.282708
865249822290, 0.287760, 0.282691
866448229246, 0.287742, 0.282672
867646636202, 0.287721, 0.282652
868845043158, 0.287700, 0.282634
870043450114, 0.287675, 0.282610
871241857070, 0.287647, 0.282584
872440264026, 0.287625, 0.282563
873638670983, 0.287605, 0.282543
874837077939, 0.287587, 0.282524
876035484895, 0.287571, 0.282507
877233891851, 0.287549, 0.282483
878432298807, 0.287525, 0.282460
879630705763, 0.287503, 0.282438
880829112719, 0.287487, 0.282421
882027519675, 0.287466, 0.282399
883225926631, 0.287450, 0.282383
884424333587, 0.287435, 0.282366
885622740543, 0.287417, 0.282350
886821147499, 0.287399, 0.282331
888019554456, 0.287382, 0.282312
889217961412, 0.287365, 0.282294
890416368368, 0.287342, 0.282275
891614775324, 0.287321, 0.282257
892813182280, 0.287301, 0.282239
894011589236, 0.287288, 0.282226
895209996192, 0.287271, 0.282208
896408403148, 0.287253, 0.282189
897606810104, 0.287238, 0.282174
898805217060, 0.287220, 0.282155
900003624016, 0.287202, 0.282138
901202030972, 0.287187, 0.282123
902400437928, 0.287164, 0.282101
903598844885, 0.287138, 0.282078
904797251841, 0.287123, 0.282061
905995658797, 0.287102, 0.282042
907194065753, 0.287085, 0.282026
908392472709, 0.287072, 0.282011
909590879665, 0.287056, 0.281995
910789286621, 0.287031, 0.281978
911987693577, 0.287014, 0.281960
913186100533, 0.286986, 0.281938
914384507489, 0.286966, 0.281920
915582914445, 0.286949, 0.281903
916781321401, 0.286925, 0.281883
917979728358, 0.286903, 0.281862
919178135314, 0.286886, 0.281845
920376542270, 0.286865, 0.281826
921574949226, 0.286853, 0.281813
922773356182, 0.286838, 0.281797
923971763138, 0.286818, 0.281779
925170170094, 0.286802, 0.281761
926368577050, 0.286786, 0.281743
927566984006, 0.286772, 0.281730
928765390962, 0.286754, 0.281713
929963797918, 0.286733, 0.281695
931162204874, 0.286716, 0.281679
932360611831, 0.286704, 0.281666
933559018787, 0.286688, 0.281651
934757425743, 0.286678, 0.281640
935955832699, 0.286664, 0.281625
937154239655, 0.286652, 0.281613
938352646611, 0.286639, 0.281599
939551053567, 0.286620, 0.281581
940749460523, 0.286602, 0.281566
941947867479, 0.286590, 0.281555
943146274435, 0.286577, 0.281544
944344681391, 0.286564, 0.281532
945543088347, 0.286548, 0.281517
946741495303, 0.286532, 0.281502
947939902260, 0.286515, 0.281484
949138309216, 0.286501, 0.281470
950336716172, 0.286485, 0.281457
951535123128, 0.286471, 0.281442
952733530084, 0.286454, 0.281426
953931937040, 0.286440, 0.281410
955130343996, 0.286428, 0.281399
956328750952, 0.286413, 0.281384
957527157908, 0.286400, 0.281372
958725564864, 0.286389, 0.281361
959923971820, 0.286375, 0.281347
961122378776, 0.286362, 0.281334
962320785733, 0.286345, 0.281316
963519192689, 0.286331, 0.281301
964717599645, 0.286317, 0.281290
965916006601, 0.286304, 0.281276
967114413557, 0.286291, 0.281264
968312820513, 0.286276, 0.281250
969511227469, 0.286265, 0.281239
970709634425, 0.286253, 0.281226
971908041381, 0.286237, 0.281211
973106448337, 0.286228, 0.281201
974304855293, 0.286213, 0.281186
975503262249, 0.286201, 0.281174
976701669206, 0.286190, 0.281162
977900076162, 0.286177, 0.281149
979098483118, 0.286163, 0.281135
980296890074, 0.286148, 0.281122
981495297030, 0.286139, 0.281113
982693703986, 0.286128, 0.281102
983892110942, 0.286115, 0.281090
985090517898, 0.286105, 0.281080
986288924854, 0.286091, 0.281068
987487331810, 0.286079, 0.281055
988685738766, 0.286070, 0.281046
989884145722, 0.286054, 0.281031
991082552678, 0.286042, 0.281019
992280959635, 0.286031, 0.281008
993479366591, 0.286020, 0.280997
994677773547, 0.286007, 0.280985
995876180503, 0.285995, 0.280976
997074587459, 0.285986, 0.280967
998272994415, 0.285979, 0.280959
999471401371, 0.285970, 0.280949
1000669808327, 0.285959, 0.280939
1001868215283, 0.285949, 0.280929
1003066622239, 0.285936, 0.280917
1004265029195, 0.285925, 0.280905
1005463436151, 0.285917, 0.280897
1006661843108, 0.285909, 0.280887
1007860250064, 0.285898, 0.280877
1009058657020, 0.285880, 0.280863
1010257063976, 0.285868, 0.280851
1011455470932, 0.285859, 0.280841
1012653877888, 0.285849, 0.280831
1013852284844, 0.285840, 0.280822
1015050691800, 0.285824, 0.280811
1016249098756, 0.285814, 0.280801
1017447505712, 0.285805, 0.280793
1018645912668, 0.285794, 0.280784
1019844319624, 0.285783, 0.280772
1021042726581, 0.285772, 0.280762
1022241133537, 0.285759, 0.280753
1023439540493, 0.285752, 0.280745
1024637947449, 0.285745, 0.280737
1025836354405, 0.285735, 0.280727
1027034761361, 0.285726, 0.280717
1028233168317, 0.285720, 0.280711
1029431575273, 0.285713, 0.280704
1030629982229, 0.285704, 0.280695
1031828389185, 0.285691, 0.280685
1033026796141, 0.285682, 0.280676
1034225203097, 0.285672, 0.280666
1035423610053, 0.285664, 0.280658
1036622017010, 0.285653, 0.280648
1037820423966, 0.285644, 0.280640
1039018830922, 0.285636, 0.280632
1040217237878, 0.285626, 0.280622
1041415644834, 0.285621, 0.280616
1042614051790, 0.285616, 0.280609
1043812458746, 0.285604, 0.280597
1045010865702, 0.285598, 0.280591
1046209272658, 0.285587, 0.280580
1047407679614, 0.285578, 0.280572
1048606086570, 0.285571, 0.280564
1049804493526, 0.285561, 0.280557
1051002900483, 0.285554, 0.280550
1052201307439, 0.285544, 0.280540
1053399714395, 0.285540, 0.280536
1054598121351, 0.285531, 0.280527
1055796528307, 0.285522, 0.280516
1056994935263, 0.285514, 0.280509
1058193342219, 0.285506, 0.280502
1059391749175, 0.285498, 0.280494
1060590156131, 0.285491, 0.280487
1061788563087, 0.285485, 0.280481
1062986970043, 0.285478, 0.280474
1064185376999, 0.285471, 0.280466
1065383783956, 0.285464, 0.280459
1066582190912, 0.285458, 0.280453
1067780597868, 0.285452, 0.280447
1068979004824, 0.285443, 0.280438
1070177411780, 0.285431, 0.280427
1071375818736, 0.285425, 0.280421
1072574225692, 0.285418, 0.280414
1073772632648, 0.285413, 0.280408
1074971039604, 0.285405, 0.280400
1076169446560, 0.285397, 0.280392
1077367853516, 0.285392, 0.280387
1078566260472, 0.285386, 0.280382
1079764667428, 0.285380, 0.280376
1080963074385, 0.285374, 0.280370
1082161481341, 0.285368, 0.280363
1083359888297, 0.285364, 0.280359
1084558295253, 0.285357, 0.280351
1085756702209, 0.285350, 0.280345
1086955109165, 0.285343, 0.280337
1088153516121, 0.285338, 0.280332
1089351923077, 0.285334, 0.280327
1090550330033, 0.285329, 0.280322
1091748736989, 0.285323, 0.280318
1092947143945, 0.285315, 0.280310
1094145550901, 0.285311, 0.280306
1095343957858, 0.285306, 0.280301
1096542364814, 0.285301, 0.280296
1097740771770, 0.285297, 0.280292
1098939178726, 0.285290, 0.280285
1100137585682, 0.285284, 0.280280
1101335992638, 0.285276, 0.280272
1102534399594, 0.285272, 0.280267
1103732806550, 0.285264, 0.280261
1104931213506, 0.285261, 0.280258
1106129620462, 0.285256, 0.280252
1107328027418, 0.285249, 0.280247
1108526434374, 0.285245, 0.280243
1109724841331, 0.285238, 0.280237
1110923248287, 0.285233, 0.280232
1112121655243, 0.285230, 0.280229
1113320062199, 0.285224, 0.280224
1114518469155, 0.285219, 0.280221
1115716876111, 0.285216, 0.280218
1116915283067, 0.285211, 0.280213
1118113690023, 0.285205, 0.280208
1119312096979, 0.285202, 0.280205
1120510503935, 0.285197, 0.280201
1121708910891, 0.285190, 0.280197
1122907317847, 0.285185, 0.280195
1124105724803, 0.285183, 0.280192
1125304131760, 0.285179, 0.280189
1126502538716, 0.285176, 0.280185
1127700945672, 0.285173, 0.280182
1128899352628, 0.285170, 0.280180
1130097759584, 0.285166, 0.280176
1131296166540, 0.285165, 0.280174
1132494573496, 0.285162, 0.280172
1133692980452, 0.285159, 0.280169
1134891387408, 0.285156, 0.280165
1136089794364, 0.285154, 0.280163
1137288201320, 0.285150, 0.280159
1138486608276, 0.285148, 0.280157
1139685015233, 0.285145, 0.280154
1140883422189, 0.285142, 0.280152
1142081829145, 0.285141, 0.280150
1143280236101, 0.285139, 0.280149
1144478643057, 0.285137, 0.280146
1145677050013, 0.285133, 0.280143
1146875456969, 0.285130, 0.280139
1148073863925, 0.285129, 0.280138
1149272270881, 0.285126, 0.280135
1150470677837, 0.285124, 0.280134
1151669084793, 0.285122, 0.280131
1152867491749, 0.285120, 0.280130
1154065898706, 0.285118, 0.280127
1155264305662, 0.285116, 0.280125
1156462712618, 0.285113, 0.280123
1157661119574, 0.285110, 0.280121
1158859526530, 0.285109, 0.280119
1160057933486, 0.285106, 0.280116
1161256340442, 0.285105, 0.280115
1162454747398, 0.285103, 0.280112
1163653154354, 0.285101, 0.280110
1164851561310, 0.285096, 0.280106
1166049968266, 0.285094, 0.280104
1167248375222, 0.285091, 0.280101
1168446782178, 0.285089, 0.280099
1169645189135, 0.285088, 0.280098
1170843596091, 0.285086, 0.280096
1172042003047, 0.285085, 0.280095
1173240410003, 0.285085, 0.280094
1174438816959, 0.285084, 0.280093
1175637223915, 0.285082, 0.280091
1176835630871, 0.285081, 0.280090
1178034037827, 0.285081, 0.280090
1179232444783, 0.285080, 0.280089
1180430851739, 0.285080, 0.280089
1181629258695, 0.285077, 0.280088
1182827665651, 0.285077, 0.280088
1184026072608, 0.285076, 0.280087
1185224479564, 0.285075, 0.280086
1186422886520, 0.285074, 0.280085
1187621293476, 0.285073, 0.280085
1188819700432, 0.285073, 0.280084
1190018107388, 0.285073, 0.280084
1191216514344, 0.285073, 0.280084
1192414921300, 0.285073, 0.280084
1193613328256, 0.285073, 0.280084
1194811735212, 0.285072, 0.280083
1196010142168, 0.285072, 0.280083
1197208549124, 0.285072, 0.280083
1198406956081, 0.285072, 0.280083
Time used: 9314 ms
