logging to /opt/shards_res_1000/2016020700-2016020800_unique/tenant_6_profile_res-FIX_RATE-SHARDS-0.01.csvtracefile: /data1/tenant_trace/2016020700-2016020800_unique/tenant_6_trace
open file /data1/tenant_trace/2016020700-2016020800_unique/tenant_6_trace
read 1000000 lines
read 2000000 lines
read 3000000 lines
read 4000000 lines
read 5000000 lines
read 6000000 lines
read 7000000 lines
read 8000000 lines
read 9000000 lines
read 10000000 lines
read 11000000 lines
read 12000000 lines
read 13000000 lines
read 14000000 lines
read 15000000 lines
read 16000000 lines
read 17000000 lines
read 18000000 lines
read 19000000 lines
read 20000000 lines
read 21000000 lines
read 22000000 lines
read 23000000 lines
read 24000000 lines
read 25000000 lines
read 26000000 lines
read 27000000 lines
read 28000000 lines
read 29000000 lines
read 30000000 lines
read 31000000 lines
read 32000000 lines
read 33000000 lines
read 34000000 lines
read 35000000 lines
read 36000000 lines
read 37000000 lines
read 38000000 lines
read 39000000 lines
read 40000000 lines
read 41000000 lines
read 42000000 lines
read 43000000 lines
read 44000000 lines
read 45000000 lines
read 46000000 lines
read 47000000 lines
read 48000000 lines
read 49000000 lines
read 50000000 lines
read 51000000 lines
read 52000000 lines
read 53000000 lines
read 54000000 lines
read 55000000 lines
read 56000000 lines
read 57000000 lines
read 58000000 lines
read 59000000 lines
read 60000000 lines
read 61000000 lines
read 62000000 lines
read 63000000 lines
read 64000000 lines
read 65000000 lines
read 66000000 lines
read 67000000 lines
read 68000000 lines
read 69000000 lines
read 70000000 lines
read 71000000 lines
read 72000000 lines
read 73000000 lines
read 74000000 lines
read 75000000 lines
read 76000000 lines
read 77000000 lines
read 78000000 lines
read 79000000 lines
read 80000000 lines
read 81000000 lines
read 82000000 lines
[FILE]: /data1/tenant_trace/2016020700-2016020800_unique/tenant_6_trace
total_access_num: 82834676
total_access_size: 8928631407247
unique_access_num: 32048538
unique_access_size: 2890851224722
min_item_size: 1
[method]: SHARDS
[metric]: MAE
[seed]: 42
[sample_method]: FIX_RATE
[sample_metric]: 0.01
MAEQ_factor: 1.029138
cache_size, BMRC_ratio, OMRC_ratio
2890851224, 0.905650, 0.910190
5781702449, 0.859865, 0.883242
8672553674, 0.828847, 0.862492
11563404898, 0.805406, 0.845446
14454256123, 0.786205, 0.830512
17345107348, 0.769391, 0.817210
20235958573, 0.755299, 0.805456
23126809797, 0.742284, 0.794599
26017661022, 0.730944, 0.784606
28908512247, 0.720794, 0.775195
31799363471, 0.710361, 0.766415
34690214696, 0.701631, 0.758215
37581065921, 0.692955, 0.750538
40471917146, 0.684812, 0.743058
43362768370, 0.677553, 0.736097
46253619595, 0.670623, 0.729372
49144470820, 0.663544, 0.722918
52035322044, 0.656763, 0.716790
54926173269, 0.650895, 0.711039
57817024494, 0.645055, 0.705333
60707875719, 0.639564, 0.699988
63598726943, 0.633993, 0.694752
66489578168, 0.628451, 0.689738
69380429393, 0.623409, 0.684911
72271280618, 0.618345, 0.680187
75162131842, 0.613563, 0.675638
78052983067, 0.608968, 0.671163
80943834292, 0.604350, 0.666772
83834685516, 0.600129, 0.662584
86725536741, 0.595969, 0.658581
89616387966, 0.592202, 0.654652
92507239191, 0.588133, 0.650857
95398090415, 0.584072, 0.647045
98288941640, 0.580457, 0.643521
101179792865, 0.576809, 0.640066
104070644089, 0.573533, 0.636715
106961495314, 0.570044, 0.633406
109852346539, 0.567144, 0.630118
112743197764, 0.563747, 0.626919
115634048988, 0.560662, 0.623768
118524900213, 0.557668, 0.620791
121415751438, 0.554335, 0.617875
124306602663, 0.551482, 0.614989
127197453887, 0.548629, 0.612195
130088305112, 0.545705, 0.609492
132979156337, 0.543075, 0.606830
135870007561, 0.540524, 0.604199
138760858786, 0.537908, 0.601715
141651710011, 0.535430, 0.599155
144542561236, 0.532909, 0.596592
147433412460, 0.530283, 0.594100
150324263685, 0.527974, 0.591832
153215114910, 0.525709, 0.589552
156105966134, 0.523308, 0.587303
158996817359, 0.520963, 0.585066
161887668584, 0.518792, 0.582831
164778519809, 0.516649, 0.580650
167669371033, 0.514552, 0.578523
170560222258, 0.512120, 0.576454
173451073483, 0.510079, 0.574332
176341924708, 0.508022, 0.572355
179232775932, 0.505816, 0.570430
182123627157, 0.503938, 0.568467
185014478382, 0.501848, 0.566522
187905329606, 0.499986, 0.564676
190796180831, 0.498328, 0.562895
193687032056, 0.496427, 0.561054
196577883281, 0.494691, 0.559293
199468734505, 0.492790, 0.557513
202359585730, 0.491066, 0.555788
205250436955, 0.489316, 0.554195
208141288179, 0.487596, 0.552507
211032139404, 0.486003, 0.550876
213922990629, 0.484410, 0.549301
216813841854, 0.482931, 0.547711
219704693078, 0.481206, 0.546152
222595544303, 0.479949, 0.544717
225486395528, 0.478252, 0.543137
228377246753, 0.476889, 0.541597
231268097977, 0.475379, 0.540092
234158949202, 0.473621, 0.538622
237049800427, 0.472137, 0.537222
239940651651, 0.470918, 0.535821
242831502876, 0.469550, 0.534431
245722354101, 0.468062, 0.533014
248613205326, 0.466604, 0.531736
251504056550, 0.465360, 0.530423
254394907775, 0.464086, 0.529163
257285759000, 0.462742, 0.527795
260176610224, 0.461390, 0.526559
263067461449, 0.460044, 0.525303
265958312674, 0.458799, 0.524053
268849163899, 0.457644, 0.522837
271740015123, 0.456469, 0.521594
274630866348, 0.455395, 0.520477
277521717573, 0.454158, 0.519318
280412568798, 0.452836, 0.518171
283303420022, 0.451607, 0.517017
286194271247, 0.450612, 0.515933
289085122472, 0.449273, 0.514787
291975973696, 0.448173, 0.513702
294866824921, 0.447103, 0.512558
297757676146, 0.446259, 0.511543
300648527371, 0.445199, 0.510473
303539378595, 0.444226, 0.509482
306430229820, 0.443177, 0.508422
309321081045, 0.442216, 0.507424
312211932269, 0.441191, 0.506431
315102783494, 0.440225, 0.505476
317993634719, 0.439306, 0.504522
320884485944, 0.438435, 0.503590
323775337168, 0.437561, 0.502673
326666188393, 0.436617, 0.501717
329557039618, 0.435703, 0.500763
332447890843, 0.434741, 0.499823
335338742067, 0.433908, 0.498899
338229593292, 0.433007, 0.498023
341120444517, 0.432035, 0.497153
344011295741, 0.431073, 0.496267
346902146966, 0.430259, 0.495449
349792998191, 0.429490, 0.494595
352683849416, 0.428595, 0.493751
355574700640, 0.427841, 0.492947
358465551865, 0.426949, 0.492108
361356403090, 0.426102, 0.491284
364247254314, 0.425318, 0.490479
367138105539, 0.424640, 0.489712
370028956764, 0.423869, 0.488927
372919807989, 0.423023, 0.488154
375810659213, 0.422277, 0.487310
378701510438, 0.421477, 0.486517
381592361663, 0.420701, 0.485792
384483212888, 0.419931, 0.484992
387374064112, 0.419221, 0.484254
390264915337, 0.418638, 0.483568
393155766562, 0.418014, 0.482830
396046617786, 0.417347, 0.482093
398937469011, 0.416602, 0.481376
401828320236, 0.415969, 0.480693
404719171461, 0.415230, 0.479934
407610022685, 0.414512, 0.479212
410500873910, 0.413867, 0.478543
413391725135, 0.413238, 0.477841
416282576359, 0.412587, 0.477138
419173427584, 0.412003, 0.476528
422064278809, 0.411398, 0.475852
424955130034, 0.410688, 0.475202
427845981258, 0.410054, 0.474570
430736832483, 0.409480, 0.473918
433627683708, 0.408864, 0.473241
436518534933, 0.408300, 0.472591
439409386157, 0.407634, 0.471943
442300237382, 0.406998, 0.471308
445191088607, 0.406393, 0.470707
448081939831, 0.405758, 0.470092
450972791056, 0.405150, 0.469481
453863642281, 0.404633, 0.468909
456754493506, 0.404038, 0.468312
459645344730, 0.403492, 0.467749
462536195955, 0.402972, 0.467207
465427047180, 0.402376, 0.466642
468317898404, 0.401802, 0.466100
471208749629, 0.401292, 0.465581
474099600854, 0.400709, 0.465019
476990452079, 0.400188, 0.464476
479881303303, 0.399618, 0.463933
482772154528, 0.399111, 0.463396
485663005753, 0.398554, 0.462780
488553856978, 0.398058, 0.462260
491444708202, 0.397549, 0.461761
494335559427, 0.396987, 0.461242
497226410652, 0.396459, 0.460706
500117261876, 0.395971, 0.460197
503008113101, 0.395462, 0.459638
505898964326, 0.395080, 0.459132
508789815551, 0.394641, 0.458636
511680666775, 0.394179, 0.458120
514571518000, 0.393705, 0.457613
517462369225, 0.393233, 0.457127
520353220449, 0.392695, 0.456664
523244071674, 0.392179, 0.456186
526134922899, 0.391646, 0.455735
529025774124, 0.391220, 0.455267
531916625348, 0.390636, 0.454834
534807476573, 0.390251, 0.454378
537698327798, 0.389896, 0.453929
540589179023, 0.389456, 0.453443
543480030247, 0.389022, 0.452983
546370881472, 0.388682, 0.452578
549261732697, 0.388134, 0.452129
552152583921, 0.387766, 0.451723
555043435146, 0.387392, 0.451307
557934286371, 0.386925, 0.450868
560825137596, 0.386518, 0.450462
563715988820, 0.386166, 0.450049
566606840045, 0.385695, 0.449633
569497691270, 0.385344, 0.449227
572388542494, 0.384839, 0.448839
575279393719, 0.384482, 0.448477
578170244944, 0.384097, 0.448075
581061096169, 0.383622, 0.447622
583951947393, 0.383184, 0.447231
586842798618, 0.382828, 0.446854
589733649843, 0.382347, 0.446426
592624501068, 0.381984, 0.446064
595515352292, 0.381674, 0.445733
598406203517, 0.381252, 0.445342
601297054742, 0.380756, 0.444963
604187905966, 0.380265, 0.444582
607078757191, 0.379877, 0.444227
609969608416, 0.379380, 0.443857
612860459641, 0.378991, 0.443504
615751310865, 0.378643, 0.443145
618642162090, 0.378293, 0.442771
621533013315, 0.377870, 0.442383
624423864539, 0.377548, 0.442004
627314715764, 0.377233, 0.441662
630205566989, 0.376834, 0.441276
633096418214, 0.376545, 0.440934
635987269438, 0.376196, 0.440586
638878120663, 0.375805, 0.440200
641768971888, 0.375546, 0.439901
644659823113, 0.375251, 0.439580
647550674337, 0.374939, 0.439268
650441525562, 0.374691, 0.438936
653332376787, 0.374331, 0.438602
656223228011, 0.373971, 0.438258
659114079236, 0.373661, 0.437918
662004930461, 0.373423, 0.437626
664895781686, 0.373022, 0.437300
667786632910, 0.372747, 0.437006
670677484135, 0.372438, 0.436682
673568335360, 0.371996, 0.436351
676459186584, 0.371776, 0.436093
679350037809, 0.371406, 0.435784
682240889034, 0.371088, 0.435493
685131740259, 0.370839, 0.435225
688022591483, 0.370509, 0.434892
690913442708, 0.370209, 0.434572
693804293933, 0.369967, 0.434310
696695145158, 0.369742, 0.434048
699585996382, 0.369432, 0.433743
702476847607, 0.369201, 0.433467
705367698832, 0.368873, 0.433170
708258550056, 0.368616, 0.432879
711149401281, 0.368319, 0.432586
714040252506, 0.368008, 0.432300
716931103731, 0.367691, 0.431991
719821954955, 0.367389, 0.431719
722712806180, 0.367170, 0.431437
725603657405, 0.366929, 0.431153
728494508629, 0.366671, 0.430882
731385359854, 0.366422, 0.430621
734276211079, 0.366132, 0.430352
737167062304, 0.365844, 0.430094
740057913528, 0.365557, 0.429816
742948764753, 0.365253, 0.429523
745839615978, 0.364856, 0.429253
748730467202, 0.364601, 0.428991
751621318427, 0.364337, 0.428710
754512169652, 0.363937, 0.428473
757403020877, 0.363659, 0.428209
760293872101, 0.363403, 0.427969
763184723326, 0.363118, 0.427727
766075574551, 0.362896, 0.427461
768966425776, 0.362510, 0.427221
771857277000, 0.362242, 0.426995
774748128225, 0.362043, 0.426772
777638979450, 0.361803, 0.426508
780529830674, 0.361557, 0.426254
783420681899, 0.361297, 0.426003
786311533124, 0.361070, 0.425768
789202384349, 0.360885, 0.425549
792093235573, 0.360679, 0.425276
794984086798, 0.360450, 0.425030
797874938023, 0.360194, 0.424815
800765789247, 0.359992, 0.424606
803656640472, 0.359774, 0.424366
806547491697, 0.359523, 0.424149
809438342922, 0.359342, 0.423939
812329194146, 0.359099, 0.423756
815220045371, 0.358909, 0.423566
818110896596, 0.358665, 0.423326
821001747821, 0.358411, 0.423144
823892599045, 0.358086, 0.422940
826783450270, 0.357866, 0.422712
829674301495, 0.357686, 0.422499
832565152719, 0.357337, 0.422246
835456003944, 0.357102, 0.422035
838346855169, 0.356929, 0.421859
841237706394, 0.356716, 0.421643
844128557618, 0.356518, 0.421422
847019408843, 0.356239, 0.421225
849910260068, 0.356076, 0.420994
852801111292, 0.355902, 0.420783
855691962517, 0.355732, 0.420583
858582813742, 0.355452, 0.420362
861473664967, 0.355300, 0.420198
864364516191, 0.355143, 0.420030
867255367416, 0.354986, 0.419837
870146218641, 0.354792, 0.419651
873037069866, 0.354647, 0.419461
875927921090, 0.354447, 0.419280
878818772315, 0.354241, 0.419058
881709623540, 0.354065, 0.418856
884600474764, 0.353848, 0.418664
887491325989, 0.353713, 0.418505
890382177214, 0.353522, 0.418312
893273028439, 0.353358, 0.418145
896163879663, 0.353119, 0.417961
899054730888, 0.352913, 0.417766
901945582113, 0.352769, 0.417591
904836433337, 0.352618, 0.417408
907727284562, 0.352415, 0.417223
910618135787, 0.352269, 0.417050
913508987012, 0.352102, 0.416890
916399838236, 0.351933, 0.416739
919290689461, 0.351759, 0.416549
922181540686, 0.351608, 0.416389
925072391911, 0.351479, 0.416215
927963243135, 0.351353, 0.416056
930854094360, 0.351169, 0.415902
933744945585, 0.350995, 0.415725
936635796809, 0.350829, 0.415545
939526648034, 0.350662, 0.415358
942417499259, 0.350504, 0.415190
945308350484, 0.350288, 0.415051
948199201708, 0.350141, 0.414885
951090052933, 0.349989, 0.414702
953980904158, 0.349864, 0.414537
956871755382, 0.349752, 0.414410
959762606607, 0.349620, 0.414263
962653457832, 0.349465, 0.414096
965544309057, 0.349241, 0.413956
968435160281, 0.349118, 0.413803
971326011506, 0.348996, 0.413650
974216862731, 0.348851, 0.413472
977107713956, 0.348699, 0.413337
979998565180, 0.348485, 0.413161
982889416405, 0.348348, 0.413021
985780267630, 0.348186, 0.412899
988671118854, 0.348047, 0.412737
991561970079, 0.347899, 0.412587
994452821304, 0.347769, 0.412427
997343672529, 0.347640, 0.412295
1000234523753, 0.347529, 0.412161
1003125374978, 0.347407, 0.412025
1006016226203, 0.347269, 0.411867
1008907077427, 0.347107, 0.411740
1011797928652, 0.346943, 0.411609
1014688779877, 0.346786, 0.411463
1017579631102, 0.346660, 0.411321
1020470482326, 0.346500, 0.411169
1023361333551, 0.346393, 0.411043
1026252184776, 0.346223, 0.410898
1029143036001, 0.346120, 0.410767
1032033887225, 0.346022, 0.410634
1034924738450, 0.345900, 0.410504
1037815589675, 0.345727, 0.410367
1040706440899, 0.345607, 0.410238
1043597292124, 0.345459, 0.410108
1046488143349, 0.345338, 0.409957
1049378994574, 0.345214, 0.409796
1052269845798, 0.345035, 0.409672
1055160697023, 0.344870, 0.409525
1058051548248, 0.344745, 0.409419
1060942399472, 0.344575, 0.409299
1063833250697, 0.344490, 0.409171
1066724101922, 0.344354, 0.409065
1069614953147, 0.344257, 0.408940
1072505804371, 0.344161, 0.408820
1075396655596, 0.344031, 0.408694
1078287506821, 0.343968, 0.408593
1081178358046, 0.343794, 0.408459
1084069209270, 0.343677, 0.408337
1086960060495, 0.343601, 0.408227
1089850911720, 0.343495, 0.408084
1092741762944, 0.343367, 0.407958
1095632614169, 0.343267, 0.407842
1098523465394, 0.343169, 0.407726
1101414316619, 0.343055, 0.407599
1104305167843, 0.342950, 0.407482
1107196019068, 0.342829, 0.407359
1110086870293, 0.342735, 0.407236
1112977721517, 0.342637, 0.407131
1115868572742, 0.342534, 0.407023
1118759423967, 0.342456, 0.406925
1121650275192, 0.342316, 0.406828
1124541126416, 0.342239, 0.406732
1127431977641, 0.342097, 0.406619
1130322828866, 0.342013, 0.406511
1133213680091, 0.341896, 0.406392
1136104531315, 0.341762, 0.406276
1138995382540, 0.341686, 0.406181
1141886233765, 0.341618, 0.406085
1144777084989, 0.341473, 0.405964
1147667936214, 0.341402, 0.405857
1150558787439, 0.341268, 0.405753
1153449638664, 0.341155, 0.405648
1156340489888, 0.341058, 0.405541
1159231341113, 0.340979, 0.405444
1162122192338, 0.340850, 0.405340
1165013043562, 0.340762, 0.405234
1167903894787, 0.340667, 0.405139
1170794746012, 0.340517, 0.405034
1173685597237, 0.340455, 0.404938
1176576448461, 0.340304, 0.404847
1179467299686, 0.340223, 0.404744
1182358150911, 0.340129, 0.404644
1185249002136, 0.340028, 0.404545
1188139853360, 0.339952, 0.404442
1191030704585, 0.339891, 0.404353
1193921555810, 0.339800, 0.404249
1196812407034, 0.339679, 0.404138
1199703258259, 0.339575, 0.404038
1202594109484, 0.339445, 0.403929
1205484960709, 0.339373, 0.403843
1208375811933, 0.339316, 0.403760
1211266663158, 0.339184, 0.403657
1214157514383, 0.339116, 0.403564
1217048365607, 0.339024, 0.403479
1219939216832, 0.338940, 0.403379
1222830068057, 0.338843, 0.403281
1225720919282, 0.338772, 0.403194
1228611770506, 0.338633, 0.403096
1231502621731, 0.338560, 0.403010
1234393472956, 0.338487, 0.402911
1237284324181, 0.338412, 0.402828
1240175175405, 0.338338, 0.402738
1243066026630, 0.338228, 0.402663
1245956877855, 0.338165, 0.402591
1248847729079, 0.338091, 0.402503
1251738580304, 0.338026, 0.402414
1254629431529, 0.337942, 0.402321
1257520282754, 0.337892, 0.402256
1260411133978, 0.337811, 0.402164
1263301985203, 0.337716, 0.402100
1266192836428, 0.337649, 0.402028
1269083687652, 0.337533, 0.401929
1271974538877, 0.337470, 0.401842
1274865390102, 0.337344, 0.401758
1277756241327, 0.337270, 0.401686
1280647092551, 0.337191, 0.401612
1283537943776, 0.337123, 0.401542
1286428795001, 0.337014, 0.401457
1289319646226, 0.336930, 0.401376
1292210497450, 0.336889, 0.401311
1295101348675, 0.336824, 0.401227
1297992199900, 0.336763, 0.401155
1300883051124, 0.336706, 0.401073
1303773902349, 0.336622, 0.400973
1306664753574, 0.336560, 0.400888
1309555604799, 0.336442, 0.400812
1312446456023, 0.336373, 0.400723
1315337307248, 0.336281, 0.400649
1318228158473, 0.336113, 0.400572
1321119009697, 0.336034, 0.400496
1324009860922, 0.335978, 0.400426
1326900712147, 0.335904, 0.400357
1329791563372, 0.335859, 0.400292
1332682414596, 0.335771, 0.400231
1335573265821, 0.335652, 0.400152
1338464117046, 0.335583, 0.400077
1341354968271, 0.335516, 0.400009
1344245819495, 0.335449, 0.399932
1347136670720, 0.335366, 0.399863
1350027521945, 0.335313, 0.399793
1352918373169, 0.335234, 0.399724
1355809224394, 0.335173, 0.399659
1358700075619, 0.335068, 0.399573
1361590926844, 0.334972, 0.399505
1364481778068, 0.334928, 0.399445
1367372629293, 0.334875, 0.399385
1370263480518, 0.334815, 0.399315
1373154331742, 0.334740, 0.399224
1376045182967, 0.334687, 0.399153
1378936034192, 0.334638, 0.399101
1381826885417, 0.334550, 0.399033
1384717736641, 0.334491, 0.398955
1387608587866, 0.334457, 0.398902
1390499439091, 0.334419, 0.398845
1393390290316, 0.334314, 0.398762
1396281141540, 0.334214, 0.398670
1399171992765, 0.334136, 0.398611
1402062843990, 0.334098, 0.398553
1404953695214, 0.334026, 0.398487
1407844546439, 0.333991, 0.398440
1410735397664, 0.333938, 0.398371
1413626248889, 0.333910, 0.398334
1416517100113, 0.333868, 0.398274
1419407951338, 0.333814, 0.398206
1422298802563, 0.333778, 0.398154
1425189653787, 0.333710, 0.398081
1428080505012, 0.333654, 0.398018
1430971356237, 0.333612, 0.397959
1433862207462, 0.333569, 0.397904
1436753058686, 0.333442, 0.397828
1439643909911, 0.333403, 0.397773
1442534761136, 0.333340, 0.397718
1445425612361, 0.333272, 0.397653
1448316463585, 0.333221, 0.397587
1451207314810, 0.333169, 0.397514
1454098166035, 0.333135, 0.397469
1456989017259, 0.333073, 0.397393
1459879868484, 0.333021, 0.397328
1462770719709, 0.332983, 0.397274
1465661570934, 0.332944, 0.397223
1468552422158, 0.332902, 0.397161
1471443273383, 0.332811, 0.397113
1474334124608, 0.332772, 0.397076
1477224975832, 0.332690, 0.397007
1480115827057, 0.332641, 0.396954
1483006678282, 0.332608, 0.396903
1485897529507, 0.332570, 0.396851
1488788380731, 0.332523, 0.396793
1491679231956, 0.332459, 0.396734
1494570083181, 0.332382, 0.396676
1497460934405, 0.332333, 0.396620
1500351785630, 0.332292, 0.396550
1503242636855, 0.332261, 0.396508
1506133488080, 0.332215, 0.396449
1509024339304, 0.332152, 0.396390
1511915190529, 0.332113, 0.396359
1514806041754, 0.332079, 0.396310
1517696892979, 0.332024, 0.396263
1520587744203, 0.331964, 0.396203
1523478595428, 0.331935, 0.396164
1526369446653, 0.331900, 0.396116
1529260297877, 0.331847, 0.396053
1532151149102, 0.331815, 0.396008
1535042000327, 0.331779, 0.395975
1537932851552, 0.331735, 0.395909
1540823702776, 0.331675, 0.395860
1543714554001, 0.331636, 0.395810
1546605405226, 0.331611, 0.395771
1549496256450, 0.331560, 0.395724
1552387107675, 0.331520, 0.395675
1555277958900, 0.331453, 0.395617
1558168810125, 0.331359, 0.395568
1561059661349, 0.331327, 0.395523
1563950512574, 0.331292, 0.395488
1566841363799, 0.331266, 0.395449
1569732215024, 0.331198, 0.395381
1572623066248, 0.331171, 0.395347
1575513917473, 0.331145, 0.395309
1578404768698, 0.331113, 0.395271
1581295619922, 0.331017, 0.395210
1584186471147, 0.330994, 0.395173
1587077322372, 0.330957, 0.395130
1589968173597, 0.330925, 0.395085
1592859024821, 0.330883, 0.395041
1595749876046, 0.330836, 0.395000
1598640727271, 0.330796, 0.394952
1601531578495, 0.330757, 0.394903
1604422429720, 0.330713, 0.394866
1607313280945, 0.330684, 0.394827
1610204132170, 0.330551, 0.394784
1613094983394, 0.330517, 0.394743
1615985834619, 0.330489, 0.394705
1618876685844, 0.330461, 0.394670
1621767537069, 0.330431, 0.394627
1624658388293, 0.330386, 0.394583
1627549239518, 0.330331, 0.394544
1630440090743, 0.330304, 0.394515
1633330941967, 0.330276, 0.394473
1636221793192, 0.330234, 0.394417
1639112644417, 0.330170, 0.394381
1642003495642, 0.330142, 0.394346
1644894346866, 0.330112, 0.394301
1647785198091, 0.330052, 0.394258
1650676049316, 0.330000, 0.394227
1653566900540, 0.329973, 0.394188
1656457751765, 0.329944, 0.394155
1659348602990, 0.329897, 0.394124
1662239454215, 0.329876, 0.394096
1665130305439, 0.329847, 0.394053
1668021156664, 0.329819, 0.394020
1670912007889, 0.329768, 0.393989
1673802859114, 0.329724, 0.393951
1676693710338, 0.329693, 0.393913
1679584561563, 0.329645, 0.393870
1682475412788, 0.329611, 0.393835
1685366264012, 0.329572, 0.393786
1688257115237, 0.329536, 0.393745
1691147966462, 0.329516, 0.393709
1694038817687, 0.329493, 0.393680
1696929668911, 0.329474, 0.393654
1699820520136, 0.329449, 0.393615
1702711371361, 0.329421, 0.393575
1705602222585, 0.329409, 0.393553
1708493073810, 0.329363, 0.393507
1711383925035, 0.329332, 0.393470
1714274776260, 0.329265, 0.393430
1717165627484, 0.329241, 0.393394
1720056478709, 0.329203, 0.393361
1722947329934, 0.329183, 0.393331
1725838181159, 0.329149, 0.393291
1728729032383, 0.329123, 0.393260
1731619883608, 0.329106, 0.393232
1734510734833, 0.329037, 0.393202
1737401586057, 0.328988, 0.393149
1740292437282, 0.328939, 0.393109
1743183288507, 0.328911, 0.393066
1746074139732, 0.328887, 0.393034
1748964990956, 0.328863, 0.393001
1751855842181, 0.328831, 0.392966
1754746693406, 0.328803, 0.392922
1757637544630, 0.328780, 0.392884
1760528395855, 0.328739, 0.392832
1763419247080, 0.328716, 0.392797
1766310098305, 0.328619, 0.392760
1769200949529, 0.328582, 0.392716
1772091800754, 0.328565, 0.392690
1774982651979, 0.328544, 0.392663
1777873503204, 0.328508, 0.392622
1780764354428, 0.328436, 0.392581
1783655205653, 0.328417, 0.392556
1786546056878, 0.328402, 0.392536
1789436908102, 0.328384, 0.392516
1792327759327, 0.328369, 0.392494
1795218610552, 0.328341, 0.392465
1798109461777, 0.328326, 0.392448
1801000313001, 0.328281, 0.392429
1803891164226, 0.328264, 0.392400
1806782015451, 0.328229, 0.392357
1809672866675, 0.328192, 0.392328
1812563717900, 0.328175, 0.392301
1815454569125, 0.328151, 0.392276
1818345420350, 0.328111, 0.392246
1821236271574, 0.328093, 0.392215
1824127122799, 0.328079, 0.392194
1827017974024, 0.328065, 0.392175
1829908825249, 0.328049, 0.392154
1832799676473, 0.328032, 0.392125
1835690527698, 0.328010, 0.392092
1838581378923, 0.327994, 0.392064
1841472230147, 0.327977, 0.392037
1844363081372, 0.327961, 0.392013
1847253932597, 0.327942, 0.391990
1850144783822, 0.327902, 0.391949
1853035635046, 0.327843, 0.391912
1855926486271, 0.327819, 0.391876
1858817337496, 0.327789, 0.391844
1861708188720, 0.327764, 0.391812
1864599039945, 0.327750, 0.391792
1867489891170, 0.327706, 0.391765
1870380742395, 0.327691, 0.391741
1873271593619, 0.327674, 0.391719
1876162444844, 0.327655, 0.391695
1879053296069, 0.327636, 0.391668
1881944147294, 0.327614, 0.391641
1884834998518, 0.327502, 0.391614
1887725849743, 0.327475, 0.391584
1890616700968, 0.327461, 0.391560
1893507552192, 0.327428, 0.391539
1896398403417, 0.327417, 0.391516
1899289254642, 0.327400, 0.391496
1902180105867, 0.327382, 0.391473
1905070957091, 0.327367, 0.391455
1907961808316, 0.327307, 0.391421
1910852659541, 0.327287, 0.391394
1913743510765, 0.327269, 0.391375
1916634361990, 0.327253, 0.391355
1919525213215, 0.327245, 0.391339
1922416064440, 0.327236, 0.391326
1925306915664, 0.327139, 0.391292
1928197766889, 0.327109, 0.391264
1931088618114, 0.327094, 0.391239
1933979469339, 0.327071, 0.391215
1936870320563, 0.327053, 0.391192
1939761171788, 0.327001, 0.391172
1942652023013, 0.326965, 0.391146
1945542874237, 0.326948, 0.391118
1948433725462, 0.326935, 0.391097
1951324576687, 0.326916, 0.391079
1954215427912, 0.326887, 0.391060
1957106279136, 0.326866, 0.391032
1959997130361, 0.326850, 0.391007
1962887981586, 0.326827, 0.390985
1965778832810, 0.326793, 0.390953
1968669684035, 0.326777, 0.390930
1971560535260, 0.326761, 0.390907
1974451386485, 0.326743, 0.390884
1977342237709, 0.326723, 0.390857
1980233088934, 0.326702, 0.390834
1983123940159, 0.326689, 0.390817
1986014791384, 0.326664, 0.390787
1988905642608, 0.326641, 0.390761
1991796493833, 0.326618, 0.390736
1994687345058, 0.326596, 0.390710
1997578196282, 0.326574, 0.390685
2000469047507, 0.326541, 0.390665
2003359898732, 0.326531, 0.390647
2006250749957, 0.326516, 0.390627
2009141601181, 0.326503, 0.390609
2012032452406, 0.326476, 0.390580
2014923303631, 0.326430, 0.390559
2017814154855, 0.326419, 0.390545
2020705006080, 0.326410, 0.390529
2023595857305, 0.326393, 0.390507
2026486708530, 0.326380, 0.390485
2029377559754, 0.326372, 0.390473
2032268410979, 0.326352, 0.390456
2035159262204, 0.326336, 0.390440
2038050113429, 0.326299, 0.390425
2040940964653, 0.326289, 0.390412
2043831815878, 0.326276, 0.390400
2046722667103, 0.326241, 0.390383
2049613518327, 0.326234, 0.390373
2052504369552, 0.326214, 0.390350
2055395220777, 0.326200, 0.390333
2058286072002, 0.326181, 0.390307
2061176923226, 0.326165, 0.390293
2064067774451, 0.326148, 0.390273
2066958625676, 0.326142, 0.390262
2069849476900, 0.326130, 0.390248
2072740328125, 0.326117, 0.390228
2075631179350, 0.326100, 0.390205
2078522030575, 0.326092, 0.390191
2081412881799, 0.326080, 0.390173
2084303733024, 0.326061, 0.390155
2087194584249, 0.326053, 0.390139
2090085435474, 0.326038, 0.390122
2092976286698, 0.325989, 0.390103
2095867137923, 0.325981, 0.390088
2098757989148, 0.325975, 0.390079
2101648840372, 0.325965, 0.390068
2104539691597, 0.325949, 0.390047
2107430542822, 0.325936, 0.390035
2110321394047, 0.325908, 0.390001
2113212245271, 0.325899, 0.389982
2116103096496, 0.325892, 0.389966
2118993947721, 0.325876, 0.389945
2121884798945, 0.325853, 0.389925
2124775650170, 0.325841, 0.389916
2127666501395, 0.325823, 0.389894
2130557352620, 0.325811, 0.389883
2133448203844, 0.325802, 0.389866
2136339055069, 0.325788, 0.389847
2139229906294, 0.325780, 0.389836
2142120757519, 0.325773, 0.389825
2145011608743, 0.325752, 0.389812
2147902459968, 0.325720, 0.389791
2150793311193, 0.325697, 0.389766
2153684162417, 0.325691, 0.389753
2156575013642, 0.325680, 0.389742
2159465864867, 0.325666, 0.389726
2162356716092, 0.325655, 0.389710
2165247567316, 0.325644, 0.389701
2168138418541, 0.325628, 0.389684
2171029269766, 0.325606, 0.389671
2173920120990, 0.325588, 0.389649
2176810972215, 0.325563, 0.389627
2179701823440, 0.325545, 0.389609
2182592674665, 0.325531, 0.389587
2185483525889, 0.325519, 0.389572
2188374377114, 0.325512, 0.389562
2191265228339, 0.325507, 0.389551
2194156079563, 0.325497, 0.389536
2197046930788, 0.325478, 0.389529
2199937782013, 0.325472, 0.389518
2202828633238, 0.325465, 0.389506
2205719484462, 0.325453, 0.389491
2208610335687, 0.325450, 0.389485
2211501186912, 0.325440, 0.389470
2214392038137, 0.325436, 0.389460
2217282889361, 0.325431, 0.389450
2220173740586, 0.325420, 0.389438
2223064591811, 0.325414, 0.389429
2225955443035, 0.325400, 0.389412
2228846294260, 0.325392, 0.389400
2231737145485, 0.325382, 0.389388
2234627996710, 0.325371, 0.389376
2237518847934, 0.325361, 0.389361
2240409699159, 0.325356, 0.389355
2243300550384, 0.325350, 0.389347
2246191401608, 0.325337, 0.389330
2249082252833, 0.325330, 0.389320
2251973104058, 0.325316, 0.389306
2254863955283, 0.325296, 0.389287
2257754806507, 0.325286, 0.389277
2260645657732, 0.325279, 0.389266
2263536508957, 0.325271, 0.389252
2266427360182, 0.325261, 0.389238
2269318211406, 0.325254, 0.389231
2272209062631, 0.325251, 0.389225
2275099913856, 0.325243, 0.389213
2277990765080, 0.325228, 0.389195
2280881616305, 0.325218, 0.389183
2283772467530, 0.325209, 0.389173
2286663318755, 0.325202, 0.389166
2289554169979, 0.325190, 0.389145
2292445021204, 0.325177, 0.389128
2295335872429, 0.325171, 0.389122
2298226723653, 0.325169, 0.389119
2301117574878, 0.325163, 0.389112
2304008426103, 0.325155, 0.389099
2306899277328, 0.325136, 0.389078
2309790128552, 0.325118, 0.389064
2312680979777, 0.325113, 0.389056
2315571831002, 0.325109, 0.389050
2318462682227, 0.325096, 0.389034
2321353533451, 0.325086, 0.389026
2324244384676, 0.325081, 0.389020
2327135235901, 0.325067, 0.389009
2330026087125, 0.325058, 0.388993
2332916938350, 0.325045, 0.388975
2335807789575, 0.324981, 0.388968
2338698640800, 0.324975, 0.388958
2341589492024, 0.324973, 0.388955
2344480343249, 0.324941, 0.388946
2347371194474, 0.324927, 0.388930
2350262045698, 0.324918, 0.388920
2353152896923, 0.324910, 0.388909
2356043748148, 0.324901, 0.388899
2358934599373, 0.324893, 0.388891
2361825450597, 0.324888, 0.388883
2364716301822, 0.324882, 0.388875
2367607153047, 0.324878, 0.388866
2370498004272, 0.324870, 0.388860
2373388855496, 0.324863, 0.388854
2376279706721, 0.324854, 0.388842
2379170557946, 0.324850, 0.388838
2382061409170, 0.324841, 0.388827
2384952260395, 0.324832, 0.388817
2387843111620, 0.324826, 0.388809
2390733962845, 0.324820, 0.388803
2393624814069, 0.324811, 0.388789
2396515665294, 0.324801, 0.388780
2399406516519, 0.324791, 0.388771
2402297367743, 0.324786, 0.388765
2405188218968, 0.324779, 0.388755
2408079070193, 0.324765, 0.388742
2410969921418, 0.324752, 0.388734
2413860772642, 0.324741, 0.388719
2416751623867, 0.324733, 0.388710
2419642475092, 0.324719, 0.388697
2422533326317, 0.324708, 0.388682
2425424177541, 0.324700, 0.388671
2428315028766, 0.324691, 0.388665
2431205879991, 0.324680, 0.388652
2434096731215, 0.324675, 0.388647
2436987582440, 0.324667, 0.388637
2439878433665, 0.324662, 0.388629
2442769284890, 0.324651, 0.388615
2445660136114, 0.324641, 0.388603
2448550987339, 0.324638, 0.388600
2451441838564, 0.324634, 0.388595
2454332689788, 0.324623, 0.388584
2457223541013, 0.324620, 0.388578
2460114392238, 0.324613, 0.388570
2463005243463, 0.324609, 0.388563
2465896094687, 0.324607, 0.388560
2468786945912, 0.324601, 0.388550
2471677797137, 0.324596, 0.388543
2474568648362, 0.324587, 0.388531
2477459499586, 0.324582, 0.388524
2480350350811, 0.324577, 0.388518
2483241202036, 0.324574, 0.388513
2486132053260, 0.324569, 0.388504
2489022904485, 0.324565, 0.388499
2491913755710, 0.324558, 0.388489
2494804606935, 0.324555, 0.388483
2497695458159, 0.324551, 0.388478
2500586309384, 0.324548, 0.388472
2503477160609, 0.324542, 0.388463
2506368011833, 0.324538, 0.388460
2509258863058, 0.324536, 0.388456
2512149714283, 0.324531, 0.388450
2515040565508, 0.324527, 0.388446
2517931416732, 0.324524, 0.388442
2520822267957, 0.324520, 0.388433
2523713119182, 0.324517, 0.388429
2526603970407, 0.324512, 0.388421
2529494821631, 0.324507, 0.388415
2532385672856, 0.324504, 0.388411
2535276524081, 0.324502, 0.388408
2538167375305, 0.324498, 0.388404
2541058226530, 0.324492, 0.388398
2543949077755, 0.324486, 0.388392
2546839928980, 0.324482, 0.388387
2549730780204, 0.324474, 0.388376
2552621631429, 0.324468, 0.388369
2555512482654, 0.324463, 0.388364
2558403333878, 0.324461, 0.388361
2561294185103, 0.324460, 0.388359
2564185036328, 0.324457, 0.388353
2567075887553, 0.324451, 0.388347
2569966738777, 0.324448, 0.388341
2572857590002, 0.324442, 0.388335
2575748441227, 0.324437, 0.388327
2578639292452, 0.324428, 0.388318
2581530143676, 0.324421, 0.388309
2584420994901, 0.324416, 0.388300
2587311846126, 0.324415, 0.388297
2590202697350, 0.324410, 0.388291
2593093548575, 0.324405, 0.388283
2595984399800, 0.324397, 0.388279
2598875251025, 0.324393, 0.388275
2601766102249, 0.324390, 0.388268
2604656953474, 0.324388, 0.388265
2607547804699, 0.324384, 0.388258
2610438655923, 0.324381, 0.388256
2613329507148, 0.324380, 0.388254
2616220358373, 0.324380, 0.388254
2619111209598, 0.324334, 0.388247
2622002060822, 0.324333, 0.388244
2624892912047, 0.324327, 0.388239
2627783763272, 0.324322, 0.388234
2630674614497, 0.324321, 0.388233
2633565465721, 0.324316, 0.388227
2636456316946, 0.324314, 0.388225
2639347168171, 0.324313, 0.388224
2642238019395, 0.324312, 0.388222
2645128870620, 0.324311, 0.388221
2648019721845, 0.324309, 0.388217
2650910573070, 0.324304, 0.388211
2653801424294, 0.324302, 0.388206
2656692275519, 0.324295, 0.388201
2659583126744, 0.324291, 0.388198
2662473977968, 0.324289, 0.388195
2665364829193, 0.324288, 0.388194
2668255680418, 0.324287, 0.388190
2671146531643, 0.324286, 0.388187
2674037382867, 0.324283, 0.388183
2676928234092, 0.324282, 0.388182
2679819085317, 0.324270, 0.388172
2682709936542, 0.324262, 0.388166
2685600787766, 0.324260, 0.388163
2688491638991, 0.324259, 0.388160
2691382490216, 0.324258, 0.388158
2694273341440, 0.324250, 0.388152
2697164192665, 0.324245, 0.388146
2700055043890, 0.324242, 0.388142
2702945895115, 0.324239, 0.388140
2705836746339, 0.324239, 0.388139
2708727597564, 0.324238, 0.388137
2711618448789, 0.324238, 0.388136
2714509300013, 0.324228, 0.388128
2717400151238, 0.324226, 0.388125
2720291002463, 0.324220, 0.388119
2723181853688, 0.324220, 0.388119
2726072704912, 0.324217, 0.388114
2728963556137, 0.324216, 0.388113
2731854407362, 0.324215, 0.388111
2734745258587, 0.324210, 0.388102
2737636109811, 0.324210, 0.388102
2740526961036, 0.324210, 0.388101
2743417812261, 0.324207, 0.388099
2746308663485, 0.324203, 0.388095
2749199514710, 0.324202, 0.388093
2752090365935, 0.324197, 0.388088
2754981217160, 0.324195, 0.388084
2757872068384, 0.324195, 0.388083
2760762919609, 0.324194, 0.388082
2763653770834, 0.324190, 0.388079
2766544622058, 0.324188, 0.388078
2769435473283, 0.324188, 0.388078
2772326324508, 0.324183, 0.388073
2775217175733, 0.324180, 0.388071
2778108026957, 0.324180, 0.388071
2780998878182, 0.324179, 0.388069
2783889729407, 0.324175, 0.388065
2786780580632, 0.324174, 0.388064
2789671431856, 0.324174, 0.388064
2792562283081, 0.324174, 0.388062
2795453134306, 0.324171, 0.388058
2798343985530, 0.324169, 0.388054
2801234836755, 0.324169, 0.388054
2804125687980, 0.324169, 0.388054
2807016539205, 0.324169, 0.388054
2809907390429, 0.324169, 0.388054
2812798241654, 0.324169, 0.388054
2815689092879, 0.324168, 0.388052
2818579944103, 0.324168, 0.388052
2821470795328, 0.324168, 0.388052
2824361646553, 0.324168, 0.388050
2827252497778, 0.324166, 0.388049
2830143349002, 0.324162, 0.388048
2833034200227, 0.324161, 0.388047
2835925051452, 0.324160, 0.388046
2838815902677, 0.324158, 0.388042
2841706753901, 0.324158, 0.388042
2844597605126, 0.324158, 0.388042
2847488456351, 0.324158, 0.388042
2850379307575, 0.324157, 0.388041
2853270158800, 0.324157, 0.388040
2856161010025, 0.324156, 0.388038
2859051861250, 0.324156, 0.388038
2861942712474, 0.324156, 0.388038
2864833563699, 0.324156, 0.388038
2867724414924, 0.324156, 0.388038
2870615266148, 0.324156, 0.388038
2873506117373, 0.324156, 0.388038
2876396968598, 0.324153, 0.388037
2879287819823, 0.324153, 0.388037
2882178671047, 0.324153, 0.388037
2885069522272, 0.324153, 0.388037
2887960373497, 0.324151, 0.388036
2890851224722, 0.324151, 0.388036
Time used: 2052 ms
