logging to /opt/flows_res_1000/2016020300-2016020400_unique/tenant_1_profile_res-FIX_RATE-FLOWS-0.01.csvtracefile: /data1/tenant_trace/2016020300-2016020400_unique/tenant_1_trace
open file /data1/tenant_trace/2016020300-2016020400_unique/tenant_1_trace
[FILE]: /data1/tenant_trace/2016020300-2016020400_unique/tenant_1_trace
total_access_num: 156
total_access_size: 374997
unique_access_num: 155
unique_access_size: 372042
min_item_size: 1
[method]: FLOWS
[metric]: MAE
[seed]: 42
[sample_method]: FIX_RATE
[sample_metric]: 0.01
MAEQ_factor: 1.012922
cache_size, BMRC_ratio, OMRC_ratio
372, 1.000000, 1.000000
744, 1.000000, 1.000000
1116, 1.000000, 1.000000
1488, 1.000000, 1.000000
1860, 1.000000, 1.000000
2232, 1.000000, 1.000000
2604, 1.000000, 1.000000
2976, 1.000000, 1.000000
3348, 1.000000, 1.000000
3720, 1.000000, 1.000000
4092, 1.000000, 1.000000
4464, 1.000000, 1.000000
4836, 1.000000, 1.000000
5208, 1.000000, 1.000000
5580, 1.000000, 1.000000
5952, 1.000000, 1.000000
6324, 1.000000, 1.000000
6696, 1.000000, 1.000000
7068, 1.000000, 1.000000
7440, 1.000000, 1.000000
7812, 1.000000, 1.000000
8184, 1.000000, 1.000000
8556, 1.000000, 1.000000
8929, 1.000000, 1.000000
9301, 1.000000, 1.000000
9673, 1.000000, 1.000000
10045, 1.000000, 1.000000
10417, 1.000000, 1.000000
10789, 1.000000, 1.000000
11161, 1.000000, 1.000000
11533, 1.000000, 1.000000
11905, 1.000000, 1.000000
12277, 1.000000, 1.000000
12649, 1.000000, 1.000000
13021, 1.000000, 1.000000
13393, 1.000000, 1.000000
13765, 1.000000, 1.000000
14137, 1.000000, 1.000000
14509, 1.000000, 1.000000
14881, 1.000000, 1.000000
15253, 1.000000, 1.000000
15625, 1.000000, 1.000000
15997, 1.000000, 1.000000
16369, 1.000000, 1.000000
16741, 1.000000, 1.000000
17113, 1.000000, 1.000000
17485, 1.000000, 1.000000
17858, 1.000000, 1.000000
18230, 1.000000, 1.000000
18602, 1.000000, 1.000000
18974, 1.000000, 1.000000
19346, 1.000000, 1.000000
19718, 1.000000, 1.000000
20090, 1.000000, 1.000000
20462, 1.000000, 1.000000
20834, 1.000000, 1.000000
21206, 1.000000, 1.000000
21578, 1.000000, 1.000000
21950, 1.000000, 1.000000
22322, 1.000000, 1.000000
22694, 1.000000, 1.000000
23066, 1.000000, 1.000000
23438, 1.000000, 1.000000
23810, 1.000000, 1.000000
24182, 1.000000, 1.000000
24554, 1.000000, 1.000000
24926, 1.000000, 1.000000
25298, 1.000000, 1.000000
25670, 1.000000, 1.000000
26042, 1.000000, 1.000000
26414, 1.000000, 1.000000
26787, 1.000000, 1.000000
27159, 1.000000, 1.000000
27531, 1.000000, 1.000000
27903, 1.000000, 1.000000
28275, 1.000000, 1.000000
28647, 1.000000, 1.000000
29019, 1.000000, 1.000000
29391, 1.000000, 1.000000
29763, 1.000000, 1.000000
30135, 1.000000, 1.000000
30507, 1.000000, 1.000000
30879, 1.000000, 1.000000
31251, 1.000000, 1.000000
31623, 1.000000, 1.000000
31995, 1.000000, 1.000000
32367, 1.000000, 1.000000
32739, 1.000000, 1.000000
33111, 1.000000, 1.000000
33483, 1.000000, 1.000000
33855, 1.000000, 1.000000
34227, 1.000000, 1.000000
34599, 1.000000, 1.000000
34971, 1.000000, 1.000000
35343, 1.000000, 1.000000
35716, 1.000000, 1.000000
36088, 1.000000, 1.000000
36460, 1.000000, 1.000000
36832, 1.000000, 1.000000
37204, 1.000000, 1.000000
37576, 1.000000, 1.000000
37948, 1.000000, 1.000000
38320, 1.000000, 1.000000
38692, 1.000000, 1.000000
39064, 1.000000, 1.000000
39436, 1.000000, 1.000000
39808, 1.000000, 1.000000
40180, 1.000000, 1.000000
40552, 1.000000, 1.000000
40924, 1.000000, 1.000000
41296, 1.000000, 1.000000
41668, 1.000000, 1.000000
42040, 1.000000, 1.000000
42412, 1.000000, 1.000000
42784, 1.000000, 1.000000
43156, 1.000000, 1.000000
43528, 1.000000, 1.000000
43900, 1.000000, 1.000000
44272, 1.000000, 1.000000
44645, 1.000000, 1.000000
45017, 1.000000, 1.000000
45389, 1.000000, 1.000000
45761, 1.000000, 1.000000
46133, 1.000000, 1.000000
46505, 1.000000, 1.000000
46877, 1.000000, 1.000000
47249, 1.000000, 1.000000
47621, 1.000000, 1.000000
47993, 1.000000, 1.000000
48365, 1.000000, 1.000000
48737, 1.000000, 1.000000
49109, 1.000000, 1.000000
49481, 1.000000, 1.000000
49853, 1.000000, 1.000000
50225, 1.000000, 1.000000
50597, 1.000000, 1.000000
50969, 0.992120, 0.993590
51341, 0.992120, 0.993590
51713, 0.992120, 0.993590
52085, 0.992120, 0.993590
52457, 0.992120, 0.993590
52829, 0.992120, 0.993590
53202, 0.992120, 0.993590
53574, 0.992120, 0.993590
53946, 0.992120, 0.993590
54318, 0.992120, 0.993590
54690, 0.992120, 0.993590
55062, 0.992120, 0.993590
55434, 0.992120, 0.993590
55806, 0.992120, 0.993590
56178, 0.992120, 0.993590
56550, 0.992120, 0.993590
56922, 0.992120, 0.993590
57294, 0.992120, 0.993590
57666, 0.992120, 0.993590
58038, 0.992120, 0.993590
58410, 0.992120, 0.993590
58782, 0.992120, 0.993590
59154, 0.992120, 0.993590
59526, 0.992120, 0.993590
59898, 0.992120, 0.993590
60270, 0.992120, 0.993590
60642, 0.992120, 0.993590
61014, 0.992120, 0.993590
61386, 0.992120, 0.993590
61758, 0.992120, 0.993590
62131, 0.992120, 0.993590
62503, 0.992120, 0.993590
62875, 0.992120, 0.993590
63247, 0.992120, 0.993590
63619, 0.992120, 0.993590
63991, 0.992120, 0.993590
64363, 0.992120, 0.993590
64735, 0.992120, 0.993590
65107, 0.992120, 0.993590
65479, 0.992120, 0.993590
65851, 0.992120, 0.993590
66223, 0.992120, 0.993590
66595, 0.992120, 0.993590
66967, 0.992120, 0.993590
67339, 0.992120, 0.993590
67711, 0.992120, 0.993590
68083, 0.992120, 0.993590
68455, 0.992120, 0.993590
68827, 0.992120, 0.993590
69199, 0.992120, 0.993590
69571, 0.992120, 0.993590
69943, 0.992120, 0.993590
70315, 0.992120, 0.993590
70687, 0.992120, 0.993590
71060, 0.992120, 0.993590
71432, 0.992120, 0.993590
71804, 0.992120, 0.993590
72176, 0.992120, 0.993590
72548, 0.992120, 0.993590
72920, 0.992120, 0.993590
73292, 0.992120, 0.993590
73664, 0.992120, 0.993590
74036, 0.992120, 0.993590
74408, 0.992120, 0.993590
74780, 0.992120, 0.993590
75152, 0.992120, 0.993590
75524, 0.992120, 0.993590
75896, 0.992120, 0.993590
76268, 0.992120, 0.993590
76640, 0.992120, 0.993590
77012, 0.992120, 0.993590
77384, 0.992120, 0.993590
77756, 0.992120, 0.993590
78128, 0.992120, 0.993590
78500, 0.992120, 0.993590
78872, 0.992120, 0.993590
79244, 0.992120, 0.993590
79616, 0.992120, 0.993590
79989, 0.992120, 0.993590
80361, 0.992120, 0.993590
80733, 0.992120, 0.993590
81105, 0.992120, 0.993590
81477, 0.992120, 0.993590
81849, 0.992120, 0.993590
82221, 0.992120, 0.993590
82593, 0.992120, 0.993590
82965, 0.992120, 0.993590
83337, 0.992120, 0.993590
83709, 0.992120, 0.993590
84081, 0.992120, 0.993590
84453, 0.992120, 0.993590
84825, 0.992120, 0.993590
85197, 0.992120, 0.993590
85569, 0.992120, 0.993590
85941, 0.992120, 0.993590
86313, 0.992120, 0.993590
86685, 0.992120, 0.993590
87057, 0.992120, 0.993590
87429, 0.992120, 0.993590
87801, 0.992120, 0.993590
88173, 0.992120, 0.993590
88545, 0.992120, 0.993590
88918, 0.992120, 0.993590
89290, 0.992120, 0.993590
89662, 0.992120, 0.993590
90034, 0.992120, 0.993590
90406, 0.992120, 0.993590
90778, 0.992120, 0.993590
91150, 0.992120, 0.993590
91522, 0.992120, 0.993590
91894, 0.992120, 0.993590
92266, 0.992120, 0.993590
92638, 0.992120, 0.993590
93010, 0.992120, 0.993590
93382, 0.992120, 0.993590
93754, 0.992120, 0.993590
94126, 0.992120, 0.993590
94498, 0.992120, 0.993590
94870, 0.992120, 0.993590
95242, 0.992120, 0.993590
95614, 0.992120, 0.993590
95986, 0.992120, 0.993590
96358, 0.992120, 0.993590
96730, 0.992120, 0.993590
97102, 0.992120, 0.993590
97475, 0.992120, 0.993590
97847, 0.992120, 0.993590
98219, 0.992120, 0.993590
98591, 0.992120, 0.993590
98963, 0.992120, 0.993590
99335, 0.992120, 0.993590
99707, 0.992120, 0.993590
100079, 0.992120, 0.993590
100451, 0.992120, 0.993590
100823, 0.992120, 0.993590
101195, 0.992120, 0.993590
101567, 0.992120, 0.993590
101939, 0.992120, 0.993590
102311, 0.992120, 0.993590
102683, 0.992120, 0.993590
103055, 0.992120, 0.993590
103427, 0.992120, 0.993590
103799, 0.992120, 0.993590
104171, 0.992120, 0.993590
104543, 0.992120, 0.993590
104915, 0.992120, 0.993590
105287, 0.992120, 0.993590
105659, 0.992120, 0.993590
106031, 0.992120, 0.993590
106404, 0.992120, 0.993590
106776, 0.992120, 0.993590
107148, 0.992120, 0.993590
107520, 0.992120, 0.993590
107892, 0.992120, 0.993590
108264, 0.992120, 0.993590
108636, 0.992120, 0.993590
109008, 0.992120, 0.993590
109380, 0.992120, 0.993590
109752, 0.992120, 0.993590
110124, 0.992120, 0.993590
110496, 0.992120, 0.993590
110868, 0.992120, 0.993590
111240, 0.992120, 0.993590
111612, 0.992120, 0.993590
111984, 0.992120, 0.993590
112356, 0.992120, 0.993590
112728, 0.992120, 0.993590
113100, 0.992120, 0.993590
113472, 0.992120, 0.993590
113844, 0.992120, 0.993590
114216, 0.992120, 0.993590
114588, 0.992120, 0.993590
114960, 0.992120, 0.993590
115333, 0.992120, 0.993590
115705, 0.992120, 0.993590
116077, 0.992120, 0.993590
116449, 0.992120, 0.993590
116821, 0.992120, 0.993590
117193, 0.992120, 0.993590
117565, 0.992120, 0.993590
117937, 0.992120, 0.993590
118309, 0.992120, 0.993590
118681, 0.992120, 0.993590
119053, 0.992120, 0.993590
119425, 0.992120, 0.993590
119797, 0.992120, 0.993590
120169, 0.992120, 0.993590
120541, 0.992120, 0.993590
120913, 0.992120, 0.993590
121285, 0.992120, 0.993590
121657, 0.992120, 0.993590
122029, 0.992120, 0.993590
122401, 0.992120, 0.993590
122773, 0.992120, 0.993590
123145, 0.992120, 0.993590
123517, 0.992120, 0.993590
123889, 0.992120, 0.993590
124262, 0.992120, 0.993590
124634, 0.992120, 0.993590
125006, 0.992120, 0.993590
125378, 0.992120, 0.993590
125750, 0.992120, 0.993590
126122, 0.992120, 0.993590
126494, 0.992120, 0.993590
126866, 0.992120, 0.993590
127238, 0.992120, 0.993590
127610, 0.992120, 0.993590
127982, 0.992120, 0.993590
128354, 0.992120, 0.993590
128726, 0.992120, 0.993590
129098, 0.992120, 0.993590
129470, 0.992120, 0.993590
129842, 0.992120, 0.993590
130214, 0.992120, 0.993590
130586, 0.992120, 0.993590
130958, 0.992120, 0.993590
131330, 0.992120, 0.993590
131702, 0.992120, 0.993590
132074, 0.992120, 0.993590
132446, 0.992120, 0.993590
132818, 0.992120, 0.993590
133191, 0.992120, 0.993590
133563, 0.992120, 0.993590
133935, 0.992120, 0.993590
134307, 0.992120, 0.993590
134679, 0.992120, 0.993590
135051, 0.992120, 0.993590
135423, 0.992120, 0.993590
135795, 0.992120, 0.993590
136167, 0.992120, 0.993590
136539, 0.992120, 0.993590
136911, 0.992120, 0.993590
137283, 0.992120, 0.993590
137655, 0.992120, 0.993590
138027, 0.992120, 0.993590
138399, 0.992120, 0.993590
138771, 0.992120, 0.993590
139143, 0.992120, 0.993590
139515, 0.992120, 0.993590
139887, 0.992120, 0.993590
140259, 0.992120, 0.993590
140631, 0.992120, 0.993590
141003, 0.992120, 0.993590
141375, 0.992120, 0.993590
141748, 0.992120, 0.993590
142120, 0.992120, 0.993590
142492, 0.992120, 0.993590
142864, 0.992120, 0.993590
143236, 0.992120, 0.993590
143608, 0.992120, 0.993590
143980, 0.992120, 0.993590
144352, 0.992120, 0.993590
144724, 0.992120, 0.993590
145096, 0.992120, 0.993590
145468, 0.992120, 0.993590
145840, 0.992120, 0.993590
146212, 0.992120, 0.993590
146584, 0.992120, 0.993590
146956, 0.992120, 0.993590
147328, 0.992120, 0.993590
147700, 0.992120, 0.993590
148072, 0.992120, 0.993590
148444, 0.992120, 0.993590
148816, 0.992120, 0.993590
149188, 0.992120, 0.993590
149560, 0.992120, 0.993590
149932, 0.992120, 0.993590
150304, 0.992120, 0.993590
150677, 0.992120, 0.993590
151049, 0.992120, 0.993590
151421, 0.992120, 0.993590
151793, 0.992120, 0.993590
152165, 0.992120, 0.993590
152537, 0.992120, 0.993590
152909, 0.992120, 0.993590
153281, 0.992120, 0.993590
153653, 0.992120, 0.993590
154025, 0.992120, 0.993590
154397, 0.992120, 0.993590
154769, 0.992120, 0.993590
155141, 0.992120, 0.993590
155513, 0.992120, 0.993590
155885, 0.992120, 0.993590
156257, 0.992120, 0.993590
156629, 0.992120, 0.993590
157001, 0.992120, 0.993590
157373, 0.992120, 0.993590
157745, 0.992120, 0.993590
158117, 0.992120, 0.993590
158489, 0.992120, 0.993590
158861, 0.992120, 0.993590
159233, 0.992120, 0.993590
159606, 0.992120, 0.993590
159978, 0.992120, 0.993590
160350, 0.992120, 0.993590
160722, 0.992120, 0.993590
161094, 0.992120, 0.993590
161466, 0.992120, 0.993590
161838, 0.992120, 0.993590
162210, 0.992120, 0.993590
162582, 0.992120, 0.993590
162954, 0.992120, 0.993590
163326, 0.992120, 0.993590
163698, 0.992120, 0.993590
164070, 0.992120, 0.993590
164442, 0.992120, 0.993590
164814, 0.992120, 0.993590
165186, 0.992120, 0.993590
165558, 0.992120, 0.993590
165930, 0.992120, 0.993590
166302, 0.992120, 0.993590
166674, 0.992120, 0.993590
167046, 0.992120, 0.993590
167418, 0.992120, 0.993590
167790, 0.992120, 0.993590
168162, 0.992120, 0.993590
168535, 0.992120, 0.993590
168907, 0.992120, 0.993590
169279, 0.992120, 0.993590
169651, 0.992120, 0.993590
170023, 0.992120, 0.993590
170395, 0.992120, 0.993590
170767, 0.992120, 0.993590
171139, 0.992120, 0.993590
171511, 0.992120, 0.993590
171883, 0.992120, 0.993590
172255, 0.992120, 0.993590
172627, 0.992120, 0.993590
172999, 0.992120, 0.993590
173371, 0.992120, 0.993590
173743, 0.992120, 0.993590
174115, 0.992120, 0.993590
174487, 0.992120, 0.993590
174859, 0.992120, 0.993590
175231, 0.992120, 0.993590
175603, 0.992120, 0.993590
175975, 0.992120, 0.993590
176347, 0.992120, 0.993590
176719, 0.992120, 0.993590
177091, 0.992120, 0.993590
177464, 0.992120, 0.993590
177836, 0.992120, 0.993590
178208, 0.992120, 0.993590
178580, 0.992120, 0.993590
178952, 0.992120, 0.993590
179324, 0.992120, 0.993590
179696, 0.992120, 0.993590
180068, 0.992120, 0.993590
180440, 0.992120, 0.993590
180812, 0.992120, 0.993590
181184, 0.992120, 0.993590
181556, 0.992120, 0.993590
181928, 0.992120, 0.993590
182300, 0.992120, 0.993590
182672, 0.992120, 0.993590
183044, 0.992120, 0.993590
183416, 0.992120, 0.993590
183788, 0.992120, 0.993590
184160, 0.992120, 0.993590
184532, 0.992120, 0.993590
184904, 0.992120, 0.993590
185276, 0.992120, 0.993590
185648, 0.992120, 0.993590
186021, 0.992120, 0.993590
186393, 0.992120, 0.993590
186765, 0.992120, 0.993590
187137, 0.992120, 0.993590
187509, 0.992120, 0.993590
187881, 0.992120, 0.993590
188253, 0.992120, 0.993590
188625, 0.992120, 0.993590
188997, 0.992120, 0.993590
189369, 0.992120, 0.993590
189741, 0.992120, 0.993590
190113, 0.992120, 0.993590
190485, 0.992120, 0.993590
190857, 0.992120, 0.993590
191229, 0.992120, 0.993590
191601, 0.992120, 0.993590
191973, 0.992120, 0.993590
192345, 0.992120, 0.993590
192717, 0.992120, 0.993590
193089, 0.992120, 0.993590
193461, 0.992120, 0.993590
193833, 0.992120, 0.993590
194205, 0.992120, 0.993590
194577, 0.992120, 0.993590
194950, 0.992120, 0.993590
195322, 0.992120, 0.993590
195694, 0.992120, 0.993590
196066, 0.992120, 0.993590
196438, 0.992120, 0.993590
196810, 0.992120, 0.993590
197182, 0.992120, 0.993590
197554, 0.992120, 0.993590
197926, 0.992120, 0.993590
198298, 0.992120, 0.993590
198670, 0.992120, 0.993590
199042, 0.992120, 0.993590
199414, 0.992120, 0.993590
199786, 0.992120, 0.993590
200158, 0.992120, 0.993590
200530, 0.992120, 0.993590
200902, 0.992120, 0.993590
201274, 0.992120, 0.993590
201646, 0.992120, 0.993590
202018, 0.992120, 0.993590
202390, 0.992120, 0.993590
202762, 0.992120, 0.993590
203134, 0.992120, 0.993590
203506, 0.992120, 0.993590
203879, 0.992120, 0.993590
204251, 0.992120, 0.993590
204623, 0.992120, 0.993590
204995, 0.992120, 0.993590
205367, 0.992120, 0.993590
205739, 0.992120, 0.993590
206111, 0.992120, 0.993590
206483, 0.992120, 0.993590
206855, 0.992120, 0.993590
207227, 0.992120, 0.993590
207599, 0.992120, 0.993590
207971, 0.992120, 0.993590
208343, 0.992120, 0.993590
208715, 0.992120, 0.993590
209087, 0.992120, 0.993590
209459, 0.992120, 0.993590
209831, 0.992120, 0.993590
210203, 0.992120, 0.993590
210575, 0.992120, 0.993590
210947, 0.992120, 0.993590
211319, 0.992120, 0.993590
211691, 0.992120, 0.993590
212063, 0.992120, 0.993590
212435, 0.992120, 0.993590
212808, 0.992120, 0.993590
213180, 0.992120, 0.993590
213552, 0.992120, 0.993590
213924, 0.992120, 0.993590
214296, 0.992120, 0.993590
214668, 0.992120, 0.993590
215040, 0.992120, 0.993590
215412, 0.992120, 0.993590
215784, 0.992120, 0.993590
216156, 0.992120, 0.993590
216528, 0.992120, 0.993590
216900, 0.992120, 0.993590
217272, 0.992120, 0.993590
217644, 0.992120, 0.993590
218016, 0.992120, 0.993590
218388, 0.992120, 0.993590
218760, 0.992120, 0.993590
219132, 0.992120, 0.993590
219504, 0.992120, 0.993590
219876, 0.992120, 0.993590
220248, 0.992120, 0.993590
220620, 0.992120, 0.993590
220992, 0.992120, 0.993590
221364, 0.992120, 0.993590
221737, 0.992120, 0.993590
222109, 0.992120, 0.993590
222481, 0.992120, 0.993590
222853, 0.992120, 0.993590
223225, 0.992120, 0.993590
223597, 0.992120, 0.993590
223969, 0.992120, 0.993590
224341, 0.992120, 0.993590
224713, 0.992120, 0.993590
225085, 0.992120, 0.993590
225457, 0.992120, 0.993590
225829, 0.992120, 0.993590
226201, 0.992120, 0.993590
226573, 0.992120, 0.993590
226945, 0.992120, 0.993590
227317, 0.992120, 0.993590
227689, 0.992120, 0.993590
228061, 0.992120, 0.993590
228433, 0.992120, 0.993590
228805, 0.992120, 0.993590
229177, 0.992120, 0.993590
229549, 0.992120, 0.993590
229921, 0.992120, 0.993590
230293, 0.992120, 0.993590
230666, 0.992120, 0.993590
231038, 0.992120, 0.993590
231410, 0.992120, 0.993590
231782, 0.992120, 0.993590
232154, 0.992120, 0.993590
232526, 0.992120, 0.993590
232898, 0.992120, 0.993590
233270, 0.992120, 0.993590
233642, 0.992120, 0.993590
234014, 0.992120, 0.993590
234386, 0.992120, 0.993590
234758, 0.992120, 0.993590
235130, 0.992120, 0.993590
235502, 0.992120, 0.993590
235874, 0.992120, 0.993590
236246, 0.992120, 0.993590
236618, 0.992120, 0.993590
236990, 0.992120, 0.993590
237362, 0.992120, 0.993590
237734, 0.992120, 0.993590
238106, 0.992120, 0.993590
238478, 0.992120, 0.993590
238850, 0.992120, 0.993590
239223, 0.992120, 0.993590
239595, 0.992120, 0.993590
239967, 0.992120, 0.993590
240339, 0.992120, 0.993590
240711, 0.992120, 0.993590
241083, 0.992120, 0.993590
241455, 0.992120, 0.993590
241827, 0.992120, 0.993590
242199, 0.992120, 0.993590
242571, 0.992120, 0.993590
242943, 0.992120, 0.993590
243315, 0.992120, 0.993590
243687, 0.992120, 0.993590
244059, 0.992120, 0.993590
244431, 0.992120, 0.993590
244803, 0.992120, 0.993590
245175, 0.992120, 0.993590
245547, 0.992120, 0.993590
245919, 0.992120, 0.993590
246291, 0.992120, 0.993590
246663, 0.992120, 0.993590
247035, 0.992120, 0.993590
247407, 0.992120, 0.993590
247779, 0.992120, 0.993590
248152, 0.992120, 0.993590
248524, 0.992120, 0.993590
248896, 0.992120, 0.993590
249268, 0.992120, 0.993590
249640, 0.992120, 0.993590
250012, 0.992120, 0.993590
250384, 0.992120, 0.993590
250756, 0.992120, 0.993590
251128, 0.992120, 0.993590
251500, 0.992120, 0.993590
251872, 0.992120, 0.993590
252244, 0.992120, 0.993590
252616, 0.992120, 0.993590
252988, 0.992120, 0.993590
253360, 0.992120, 0.993590
253732, 0.992120, 0.993590
254104, 0.992120, 0.993590
254476, 0.992120, 0.993590
254848, 0.992120, 0.993590
255220, 0.992120, 0.993590
255592, 0.992120, 0.993590
255964, 0.992120, 0.993590
256336, 0.992120, 0.993590
256708, 0.992120, 0.993590
257081, 0.992120, 0.993590
257453, 0.992120, 0.993590
257825, 0.992120, 0.993590
258197, 0.992120, 0.993590
258569, 0.992120, 0.993590
258941, 0.992120, 0.993590
259313, 0.992120, 0.993590
259685, 0.992120, 0.993590
260057, 0.992120, 0.993590
260429, 0.992120, 0.993590
260801, 0.992120, 0.993590
261173, 0.992120, 0.993590
261545, 0.992120, 0.993590
261917, 0.992120, 0.993590
262289, 0.992120, 0.993590
262661, 0.992120, 0.993590
263033, 0.992120, 0.993590
263405, 0.992120, 0.993590
263777, 0.992120, 0.993590
264149, 0.992120, 0.993590
264521, 0.992120, 0.993590
264893, 0.992120, 0.993590
265265, 0.992120, 0.993590
265637, 0.992120, 0.993590
266010, 0.992120, 0.993590
266382, 0.992120, 0.993590
266754, 0.992120, 0.993590
267126, 0.992120, 0.993590
267498, 0.992120, 0.993590
267870, 0.992120, 0.993590
268242, 0.992120, 0.993590
268614, 0.992120, 0.993590
268986, 0.992120, 0.993590
269358, 0.992120, 0.993590
269730, 0.992120, 0.993590
270102, 0.992120, 0.993590
270474, 0.992120, 0.993590
270846, 0.992120, 0.993590
271218, 0.992120, 0.993590
271590, 0.992120, 0.993590
271962, 0.992120, 0.993590
272334, 0.992120, 0.993590
272706, 0.992120, 0.993590
273078, 0.992120, 0.993590
273450, 0.992120, 0.993590
273822, 0.992120, 0.993590
274194, 0.992120, 0.993590
274566, 0.992120, 0.993590
274939, 0.992120, 0.993590
275311, 0.992120, 0.993590
275683, 0.992120, 0.993590
276055, 0.992120, 0.993590
276427, 0.992120, 0.993590
276799, 0.992120, 0.993590
277171, 0.992120, 0.993590
277543, 0.992120, 0.993590
277915, 0.992120, 0.993590
278287, 0.992120, 0.993590
278659, 0.992120, 0.993590
279031, 0.992120, 0.993590
279403, 0.992120, 0.993590
279775, 0.992120, 0.993590
280147, 0.992120, 0.993590
280519, 0.992120, 0.993590
280891, 0.992120, 0.993590
281263, 0.992120, 0.993590
281635, 0.992120, 0.993590
282007, 0.992120, 0.993590
282379, 0.992120, 0.993590
282751, 0.992120, 0.993590
283123, 0.992120, 0.993590
283496, 0.992120, 0.993590
283868, 0.992120, 0.993590
284240, 0.992120, 0.993590
284612, 0.992120, 0.993590
284984, 0.992120, 0.993590
285356, 0.992120, 0.993590
285728, 0.992120, 0.993590
286100, 0.992120, 0.993590
286472, 0.992120, 0.993590
286844, 0.992120, 0.993590
287216, 0.992120, 0.993590
287588, 0.992120, 0.993590
287960, 0.992120, 0.993590
288332, 0.992120, 0.993590
288704, 0.992120, 0.993590
289076, 0.992120, 0.993590
289448, 0.992120, 0.993590
289820, 0.992120, 0.993590
290192, 0.992120, 0.993590
290564, 0.992120, 0.993590
290936, 0.992120, 0.993590
291308, 0.992120, 0.993590
291680, 0.992120, 0.993590
292052, 0.992120, 0.993590
292425, 0.992120, 0.993590
292797, 0.992120, 0.993590
293169, 0.992120, 0.993590
293541, 0.992120, 0.993590
293913, 0.992120, 0.993590
294285, 0.992120, 0.993590
294657, 0.992120, 0.993590
295029, 0.992120, 0.993590
295401, 0.992120, 0.993590
295773, 0.992120, 0.993590
296145, 0.992120, 0.993590
296517, 0.992120, 0.993590
296889, 0.992120, 0.993590
297261, 0.992120, 0.993590
297633, 0.992120, 0.993590
298005, 0.992120, 0.993590
298377, 0.992120, 0.993590
298749, 0.992120, 0.993590
299121, 0.992120, 0.993590
299493, 0.992120, 0.993590
299865, 0.992120, 0.993590
300237, 0.992120, 0.993590
300609, 0.992120, 0.993590
300981, 0.992120, 0.993590
301354, 0.992120, 0.993590
301726, 0.992120, 0.993590
302098, 0.992120, 0.993590
302470, 0.992120, 0.993590
302842, 0.992120, 0.993590
303214, 0.992120, 0.993590
303586, 0.992120, 0.993590
303958, 0.992120, 0.993590
304330, 0.992120, 0.993590
304702, 0.992120, 0.993590
305074, 0.992120, 0.993590
305446, 0.992120, 0.993590
305818, 0.992120, 0.993590
306190, 0.992120, 0.993590
306562, 0.992120, 0.993590
306934, 0.992120, 0.993590
307306, 0.992120, 0.993590
307678, 0.992120, 0.993590
308050, 0.992120, 0.993590
308422, 0.992120, 0.993590
308794, 0.992120, 0.993590
309166, 0.992120, 0.993590
309538, 0.992120, 0.993590
309910, 0.992120, 0.993590
310283, 0.992120, 0.993590
310655, 0.992120, 0.993590
311027, 0.992120, 0.993590
311399, 0.992120, 0.993590
311771, 0.992120, 0.993590
312143, 0.992120, 0.993590
312515, 0.992120, 0.993590
312887, 0.992120, 0.993590
313259, 0.992120, 0.993590
313631, 0.992120, 0.993590
314003, 0.992120, 0.993590
314375, 0.992120, 0.993590
314747, 0.992120, 0.993590
315119, 0.992120, 0.993590
315491, 0.992120, 0.993590
315863, 0.992120, 0.993590
316235, 0.992120, 0.993590
316607, 0.992120, 0.993590
316979, 0.992120, 0.993590
317351, 0.992120, 0.993590
317723, 0.992120, 0.993590
318095, 0.992120, 0.993590
318467, 0.992120, 0.993590
318839, 0.992120, 0.993590
319212, 0.992120, 0.993590
319584, 0.992120, 0.993590
319956, 0.992120, 0.993590
320328, 0.992120, 0.993590
320700, 0.992120, 0.993590
321072, 0.992120, 0.993590
321444, 0.992120, 0.993590
321816, 0.992120, 0.993590
322188, 0.992120, 0.993590
322560, 0.992120, 0.993590
322932, 0.992120, 0.993590
323304, 0.992120, 0.993590
323676, 0.992120, 0.993590
324048, 0.992120, 0.993590
324420, 0.992120, 0.993590
324792, 0.992120, 0.993590
325164, 0.992120, 0.993590
325536, 0.992120, 0.993590
325908, 0.992120, 0.993590
326280, 0.992120, 0.993590
326652, 0.992120, 0.993590
327024, 0.992120, 0.993590
327396, 0.992120, 0.993590
327769, 0.992120, 0.993590
328141, 0.992120, 0.993590
328513, 0.992120, 0.993590
328885, 0.992120, 0.993590
329257, 0.992120, 0.993590
329629, 0.992120, 0.993590
330001, 0.992120, 0.993590
330373, 0.992120, 0.993590
330745, 0.992120, 0.993590
331117, 0.992120, 0.993590
331489, 0.992120, 0.993590
331861, 0.992120, 0.993590
332233, 0.992120, 0.993590
332605, 0.992120, 0.993590
332977, 0.992120, 0.993590
333349, 0.992120, 0.993590
333721, 0.992120, 0.993590
334093, 0.992120, 0.993590
334465, 0.992120, 0.993590
334837, 0.992120, 0.993590
335209, 0.992120, 0.993590
335581, 0.992120, 0.993590
335953, 0.992120, 0.993590
336325, 0.992120, 0.993590
336698, 0.992120, 0.993590
337070, 0.992120, 0.993590
337442, 0.992120, 0.993590
337814, 0.992120, 0.993590
338186, 0.992120, 0.993590
338558, 0.992120, 0.993590
338930, 0.992120, 0.993590
339302, 0.992120, 0.993590
339674, 0.992120, 0.993590
340046, 0.992120, 0.993590
340418, 0.992120, 0.993590
340790, 0.992120, 0.993590
341162, 0.992120, 0.993590
341534, 0.992120, 0.993590
341906, 0.992120, 0.993590
342278, 0.992120, 0.993590
342650, 0.992120, 0.993590
343022, 0.992120, 0.993590
343394, 0.992120, 0.993590
343766, 0.992120, 0.993590
344138, 0.992120, 0.993590
344510, 0.992120, 0.993590
344882, 0.992120, 0.993590
345254, 0.992120, 0.993590
345627, 0.992120, 0.993590
345999, 0.992120, 0.993590
346371, 0.992120, 0.993590
346743, 0.992120, 0.993590
347115, 0.992120, 0.993590
347487, 0.992120, 0.993590
347859, 0.992120, 0.993590
348231, 0.992120, 0.993590
348603, 0.992120, 0.993590
348975, 0.992120, 0.993590
349347, 0.992120, 0.993590
349719, 0.992120, 0.993590
350091, 0.992120, 0.993590
350463, 0.992120, 0.993590
350835, 0.992120, 0.993590
351207, 0.992120, 0.993590
351579, 0.992120, 0.993590
351951, 0.992120, 0.993590
352323, 0.992120, 0.993590
352695, 0.992120, 0.993590
353067, 0.992120, 0.993590
353439, 0.992120, 0.993590
353811, 0.992120, 0.993590
354183, 0.992120, 0.993590
354556, 0.992120, 0.993590
354928, 0.992120, 0.993590
355300, 0.992120, 0.993590
355672, 0.992120, 0.993590
356044, 0.992120, 0.993590
356416, 0.992120, 0.993590
356788, 0.992120, 0.993590
357160, 0.992120, 0.993590
357532, 0.992120, 0.993590
357904, 0.992120, 0.993590
358276, 0.992120, 0.993590
358648, 0.992120, 0.993590
359020, 0.992120, 0.993590
359392, 0.992120, 0.993590
359764, 0.992120, 0.993590
360136, 0.992120, 0.993590
360508, 0.992120, 0.993590
360880, 0.992120, 0.993590
361252, 0.992120, 0.993590
361624, 0.992120, 0.993590
361996, 0.992120, 0.993590
362368, 0.992120, 0.993590
362740, 0.992120, 0.993590
363112, 0.992120, 0.993590
363485, 0.992120, 0.993590
363857, 0.992120, 0.993590
364229, 0.992120, 0.993590
364601, 0.992120, 0.993590
364973, 0.992120, 0.993590
365345, 0.992120, 0.993590
365717, 0.992120, 0.993590
366089, 0.992120, 0.993590
366461, 0.992120, 0.993590
366833, 0.992120, 0.993590
367205, 0.992120, 0.993590
367577, 0.992120, 0.993590
367949, 0.992120, 0.993590
368321, 0.992120, 0.993590
368693, 0.992120, 0.993590
369065, 0.992120, 0.993590
369437, 0.992120, 0.993590
369809, 0.992120, 0.993590
370181, 0.992120, 0.993590
370553, 0.992120, 0.993590
370925, 0.992120, 0.993590
371297, 0.992120, 0.993590
371669, 0.992120, 0.993590
372042, 0.992120, 0.993590
Time used: 0 ms
