logging to /opt/flows_res_1000/2016020300-2016020400_unique/tenant_6_profile_res-FIX_RATE-FLOWS-0.01.csvtracefile: /data1/tenant_trace/2016020300-2016020400_unique/tenant_6_trace
open file /data1/tenant_trace/2016020300-2016020400_unique/tenant_6_trace
read 1000000 lines
read 2000000 lines
read 3000000 lines
read 4000000 lines
read 5000000 lines
read 6000000 lines
read 7000000 lines
read 8000000 lines
read 9000000 lines
read 10000000 lines
read 11000000 lines
read 12000000 lines
read 13000000 lines
read 14000000 lines
read 15000000 lines
read 16000000 lines
read 17000000 lines
read 18000000 lines
read 19000000 lines
read 20000000 lines
read 21000000 lines
read 22000000 lines
read 23000000 lines
read 24000000 lines
read 25000000 lines
read 26000000 lines
read 27000000 lines
read 28000000 lines
read 29000000 lines
read 30000000 lines
read 31000000 lines
read 32000000 lines
read 33000000 lines
read 34000000 lines
read 35000000 lines
read 36000000 lines
read 37000000 lines
read 38000000 lines
read 39000000 lines
read 40000000 lines
read 41000000 lines
read 42000000 lines
read 43000000 lines
read 44000000 lines
read 45000000 lines
read 46000000 lines
read 47000000 lines
read 48000000 lines
read 49000000 lines
read 50000000 lines
read 51000000 lines
read 52000000 lines
read 53000000 lines
read 54000000 lines
read 55000000 lines
read 56000000 lines
read 57000000 lines
read 58000000 lines
read 59000000 lines
read 60000000 lines
read 61000000 lines
read 62000000 lines
read 63000000 lines
read 64000000 lines
read 65000000 lines
read 66000000 lines
read 67000000 lines
read 68000000 lines
read 69000000 lines
read 70000000 lines
read 71000000 lines
read 72000000 lines
read 73000000 lines
read 74000000 lines
read 75000000 lines
read 76000000 lines
read 77000000 lines
read 78000000 lines
read 79000000 lines
read 80000000 lines
read 81000000 lines
read 82000000 lines
read 83000000 lines
read 84000000 lines
read 85000000 lines
read 86000000 lines
read 87000000 lines
read 88000000 lines
read 89000000 lines
read 90000000 lines
read 91000000 lines
read 92000000 lines
[FILE]: /data1/tenant_trace/2016020300-2016020400_unique/tenant_6_trace
total_access_num: 92233935
total_access_size: 10210635723071
unique_access_num: 34389173
unique_access_size: 2956107263185
min_item_size: 1
[method]: FLOWS
[metric]: MAE
[seed]: 42
[sample_method]: FIX_RATE
[sample_metric]: 0.01
MAEQ_factor: 1.029161
cache_size, BMRC_ratio, OMRC_ratio
2956107263, 0.876433, 0.909190
5912214526, 0.832383, 0.883237
8868321789, 0.800932, 0.862589
11824429052, 0.776532, 0.845240
14780536315, 0.756589, 0.830425
17736643579, 0.739249, 0.817105
20692750842, 0.724265, 0.805383
23648858105, 0.710911, 0.794480
26604965368, 0.698888, 0.784629
29561072631, 0.687563, 0.775021
32517179895, 0.677163, 0.766033
35473287158, 0.667501, 0.757660
38429394421, 0.658781, 0.750047
41385501684, 0.650509, 0.742692
44341608947, 0.642855, 0.735645
47297716210, 0.635554, 0.729092
50253823474, 0.628547, 0.722571
53209930737, 0.621894, 0.716480
56166038000, 0.615582, 0.710882
59122145263, 0.609295, 0.705068
62078252526, 0.603437, 0.699528
65034359790, 0.597790, 0.694313
67990467053, 0.592536, 0.689258
70946574316, 0.587423, 0.684382
73902681579, 0.582456, 0.679852
76858788842, 0.577824, 0.675435
79814896105, 0.573276, 0.671206
82771003369, 0.568920, 0.666913
85727110632, 0.564549, 0.662760
88683217895, 0.560515, 0.658838
91639325158, 0.556508, 0.654954
94595432421, 0.552652, 0.651092
97551539685, 0.548923, 0.647386
100507646948, 0.545444, 0.643891
103463754211, 0.542024, 0.640474
106419861474, 0.538620, 0.637065
109375968737, 0.535220, 0.633602
112332076001, 0.531983, 0.630466
115288183264, 0.528908, 0.627472
118244290527, 0.525830, 0.624310
121200397790, 0.522884, 0.621372
124156505053, 0.519917, 0.618490
127112612316, 0.517112, 0.615665
130068719580, 0.514213, 0.612764
133024826843, 0.511475, 0.609923
135980934106, 0.508850, 0.607228
138937041369, 0.506284, 0.604522
141893148632, 0.503608, 0.601716
144849255896, 0.501307, 0.599276
147805363159, 0.498912, 0.596811
150761470422, 0.496550, 0.594486
153717577685, 0.494324, 0.592107
156673684948, 0.492087, 0.589874
159629792211, 0.489874, 0.587536
162585899475, 0.487635, 0.585305
165542006738, 0.485486, 0.583130
168498114001, 0.483382, 0.580869
171454221264, 0.481393, 0.578774
174410328527, 0.479337, 0.576742
177366435791, 0.477381, 0.574702
180322543054, 0.475535, 0.572752
183278650317, 0.473722, 0.570855
186234757580, 0.471941, 0.568953
189190864843, 0.470020, 0.567093
192146972107, 0.468179, 0.565172
195103079370, 0.466241, 0.563289
198059186633, 0.464495, 0.561453
201015293896, 0.462800, 0.559662
203971401159, 0.461077, 0.557899
206927508422, 0.459432, 0.556207
209883615686, 0.457812, 0.554538
212839722949, 0.456198, 0.552985
215795830212, 0.454655, 0.551296
218751937475, 0.453110, 0.549691
221708044738, 0.451443, 0.547987
224664152002, 0.449922, 0.546356
227620259265, 0.448506, 0.544804
230576366528, 0.447085, 0.543201
233532473791, 0.445622, 0.541662
236488581054, 0.444072, 0.540079
239444688317, 0.442758, 0.538687
242400795581, 0.441389, 0.537260
245356902844, 0.439972, 0.535814
248313010107, 0.438707, 0.534450
251269117370, 0.437313, 0.532956
254225224633, 0.436010, 0.531635
257181331897, 0.434717, 0.530263
260137439160, 0.433408, 0.528918
263093546423, 0.432161, 0.527637
266049653686, 0.430937, 0.526284
269005760949, 0.429682, 0.525032
271961868213, 0.428539, 0.523796
274917975476, 0.427396, 0.522638
277874082739, 0.426263, 0.521402
280830190002, 0.425242, 0.520238
283786297265, 0.424161, 0.519130
286742404528, 0.423087, 0.517974
289698511792, 0.422058, 0.516912
292654619055, 0.420979, 0.515734
295610726318, 0.419959, 0.514646
298566833581, 0.418917, 0.513525
301522940844, 0.417903, 0.512373
304479048108, 0.416881, 0.511343
307435155371, 0.415968, 0.510331
310391262634, 0.414951, 0.509314
313347369897, 0.413894, 0.508175
316303477160, 0.412971, 0.507228
319259584423, 0.412072, 0.506241
322215691687, 0.411149, 0.505220
325171798950, 0.410180, 0.504209
328127906213, 0.409281, 0.503277
331084013476, 0.408391, 0.502357
334040120739, 0.407491, 0.501336
336996228003, 0.406657, 0.500501
339952335266, 0.405760, 0.499625
342908442529, 0.404953, 0.498780
345864549792, 0.404106, 0.497953
348820657055, 0.403258, 0.497071
351776764319, 0.402374, 0.496147
354732871582, 0.401500, 0.495252
357688978845, 0.400693, 0.494384
360645086108, 0.399863, 0.493482
363601193371, 0.399072, 0.492641
366557300634, 0.398281, 0.491852
369513407898, 0.397523, 0.491062
372469515161, 0.396718, 0.490223
375425622424, 0.395952, 0.489323
378381729687, 0.395156, 0.488480
381337836950, 0.394428, 0.487677
384293944214, 0.393610, 0.486847
387250051477, 0.392857, 0.486034
390206158740, 0.392106, 0.485184
393162266003, 0.391367, 0.484405
396118373266, 0.390638, 0.483653
399074480529, 0.389931, 0.482887
402030587793, 0.389278, 0.482178
404986695056, 0.388569, 0.481382
407942802319, 0.387853, 0.480665
410898909582, 0.387139, 0.479867
413855016845, 0.386456, 0.479106
416811124109, 0.385777, 0.478397
419767231372, 0.385127, 0.477655
422723338635, 0.384600, 0.477020
425679445898, 0.383929, 0.476339
428635553161, 0.383258, 0.475623
431591660425, 0.382681, 0.475001
434547767688, 0.382034, 0.474355
437503874951, 0.381418, 0.473659
440459982214, 0.380765, 0.472982
443416089477, 0.380207, 0.472405
446372196740, 0.379650, 0.471748
449328304004, 0.379105, 0.471141
452284411267, 0.378504, 0.470536
455240518530, 0.377860, 0.469840
458196625793, 0.377258, 0.469142
461152733056, 0.376646, 0.468474
464108840320, 0.376091, 0.467849
467064947583, 0.375535, 0.467242
470021054846, 0.374934, 0.466631
472977162109, 0.374370, 0.466000
475933269372, 0.373808, 0.465375
478889376635, 0.373324, 0.464881
481845483899, 0.372813, 0.464352
484801591162, 0.372206, 0.463795
487757698425, 0.371701, 0.463231
490713805688, 0.371176, 0.462674
493669912951, 0.370662, 0.462123
496626020215, 0.370139, 0.461548
499582127478, 0.369650, 0.461013
502538234741, 0.369187, 0.460488
505494342004, 0.368745, 0.459987
508450449267, 0.368184, 0.459401
511406556531, 0.367635, 0.458844
514362663794, 0.367084, 0.458217
517318771057, 0.366586, 0.457667
520274878320, 0.366098, 0.457129
523230985583, 0.365574, 0.456552
526187092846, 0.365056, 0.456043
529143200110, 0.364564, 0.455526
532099307373, 0.364069, 0.455054
535055414636, 0.363643, 0.454546
538011521899, 0.363173, 0.454056
540967629162, 0.362786, 0.453603
543923736426, 0.362282, 0.453104
546879843689, 0.361828, 0.452636
549835950952, 0.361375, 0.452157
552792058215, 0.360912, 0.451669
555748165478, 0.360439, 0.451188
558704272741, 0.359996, 0.450754
561660380005, 0.359578, 0.450309
564616487268, 0.359183, 0.449852
567572594531, 0.358725, 0.449334
570528701794, 0.358245, 0.448833
573484809057, 0.357792, 0.448356
576440916321, 0.357312, 0.447833
579397023584, 0.356905, 0.447365
582353130847, 0.356494, 0.446924
585309238110, 0.356123, 0.446543
588265345373, 0.355659, 0.446012
591221452637, 0.355248, 0.445576
594177559900, 0.354788, 0.445090
597133667163, 0.354360, 0.444650
600089774426, 0.353950, 0.444223
603045881689, 0.353515, 0.443785
606001988952, 0.353079, 0.443375
608958096216, 0.352657, 0.442919
611914203479, 0.352264, 0.442481
614870310742, 0.351902, 0.442098
617826418005, 0.351522, 0.441703
620782525268, 0.351138, 0.441315
623738632532, 0.350799, 0.440933
626694739795, 0.350461, 0.440554
629650847058, 0.350138, 0.440202
632606954321, 0.349718, 0.439790
635563061584, 0.349358, 0.439426
638519168847, 0.348996, 0.439068
641475276111, 0.348639, 0.438650
644431383374, 0.348314, 0.438281
647387490637, 0.347964, 0.437891
650343597900, 0.347631, 0.437574
653299705163, 0.347324, 0.437197
656255812427, 0.346999, 0.436831
659211919690, 0.346661, 0.436473
662168026953, 0.346316, 0.436108
665124134216, 0.346011, 0.435772
668080241479, 0.345657, 0.435423
671036348742, 0.345332, 0.435026
673992456006, 0.345063, 0.434673
676948563269, 0.344704, 0.434311
679904670532, 0.344362, 0.433960
682860777795, 0.344054, 0.433623
685816885058, 0.343738, 0.433268
688772992322, 0.343403, 0.432921
691729099585, 0.343110, 0.432624
694685206848, 0.342800, 0.432292
697641314111, 0.342509, 0.431934
700597421374, 0.342145, 0.431544
703553528638, 0.341825, 0.431195
706509635901, 0.341571, 0.430889
709465743164, 0.341253, 0.430514
712421850427, 0.340886, 0.430137
715377957690, 0.340601, 0.429807
718334064953, 0.340289, 0.429425
721290172217, 0.339981, 0.429128
724246279480, 0.339698, 0.428833
727202386743, 0.339443, 0.428562
730158494006, 0.339161, 0.428270
733114601269, 0.338887, 0.427983
736070708533, 0.338607, 0.427686
739026815796, 0.338314, 0.427378
741982923059, 0.338065, 0.427099
744939030322, 0.337750, 0.426780
747895137585, 0.337508, 0.426515
750851244848, 0.337218, 0.426177
753807352112, 0.336944, 0.425887
756763459375, 0.336696, 0.425600
759719566638, 0.336424, 0.425319
762675673901, 0.336126, 0.425021
765631781164, 0.335846, 0.424748
768587888428, 0.335550, 0.424462
771543995691, 0.335287, 0.424143
774500102954, 0.334994, 0.423829
777456210217, 0.334731, 0.423536
780412317480, 0.334501, 0.423259
783368424744, 0.334245, 0.422974
786324532007, 0.334018, 0.422712
789280639270, 0.333782, 0.422463
792236746533, 0.333551, 0.422203
795192853796, 0.333299, 0.421914
798148961059, 0.333063, 0.421641
801105068323, 0.332807, 0.421339
804061175586, 0.332556, 0.421081
807017282849, 0.332325, 0.420841
809973390112, 0.332096, 0.420561
812929497375, 0.331904, 0.420327
815885604639, 0.331711, 0.420110
818841711902, 0.331502, 0.419893
821797819165, 0.331231, 0.419594
824753926428, 0.331021, 0.419360
827710033691, 0.330803, 0.419128
830666140954, 0.330571, 0.418889
833622248218, 0.330354, 0.418633
836578355481, 0.330098, 0.418375
839534462744, 0.329860, 0.418106
842490570007, 0.329643, 0.417868
845446677270, 0.329408, 0.417632
848402784534, 0.329172, 0.417393
851358891797, 0.328973, 0.417181
854314999060, 0.328811, 0.417011
857271106323, 0.328599, 0.416821
860227213586, 0.328385, 0.416597
863183320850, 0.328160, 0.416354
866139428113, 0.327939, 0.416120
869095535376, 0.327699, 0.415862
872051642639, 0.327515, 0.415634
875007749902, 0.327311, 0.415415
877963857165, 0.327121, 0.415233
880919964429, 0.326897, 0.414997
883876071692, 0.326678, 0.414756
886832178955, 0.326459, 0.414537
889788286218, 0.326232, 0.414307
892744393481, 0.326027, 0.414086
895700500745, 0.325818, 0.413900
898656608008, 0.325577, 0.413650
901612715271, 0.325361, 0.413447
904568822534, 0.325156, 0.413206
907524929797, 0.324954, 0.413022
910481037060, 0.324781, 0.412805
913437144324, 0.324599, 0.412575
916393251587, 0.324419, 0.412338
919349358850, 0.324220, 0.412126
922305466113, 0.324041, 0.411900
925261573376, 0.323841, 0.411673
928217680640, 0.323651, 0.411469
931173787903, 0.323471, 0.411272
934129895166, 0.323307, 0.411063
937086002429, 0.323146, 0.410851
940042109692, 0.322957, 0.410649
942998216956, 0.322748, 0.410417
945954324219, 0.322578, 0.410246
948910431482, 0.322395, 0.410036
951866538745, 0.322193, 0.409806
954822646008, 0.322041, 0.409652
957778753271, 0.321858, 0.409455
960734860535, 0.321694, 0.409264
963690967798, 0.321521, 0.409082
966647075061, 0.321322, 0.408863
969603182324, 0.321164, 0.408657
972559289587, 0.320985, 0.408455
975515396851, 0.320812, 0.408247
978471504114, 0.320672, 0.408067
981427611377, 0.320524, 0.407882
984383718640, 0.320383, 0.407722
987339825903, 0.320209, 0.407512
990295933166, 0.320058, 0.407355
993252040430, 0.319921, 0.407191
996208147693, 0.319775, 0.407024
999164254956, 0.319612, 0.406848
1002120362219, 0.319453, 0.406696
1005076469482, 0.319312, 0.406527
1008032576746, 0.319160, 0.406367
1010988684009, 0.318970, 0.406172
1013944791272, 0.318825, 0.406009
1016900898535, 0.318635, 0.405838
1019857005798, 0.318470, 0.405642
1022813113062, 0.318312, 0.405456
1025769220325, 0.318147, 0.405283
1028725327588, 0.317995, 0.405111
1031681434851, 0.317837, 0.404944
1034637542114, 0.317694, 0.404799
1037593649377, 0.317535, 0.404610
1040549756641, 0.317362, 0.404387
1043505863904, 0.317200, 0.404246
1046461971167, 0.317061, 0.404112
1049418078430, 0.316913, 0.403960
1052374185693, 0.316749, 0.403780
1055330292957, 0.316635, 0.403635
1058286400220, 0.316508, 0.403470
1061242507483, 0.316362, 0.403342
1064198614746, 0.316200, 0.403186
1067154722009, 0.316054, 0.403047
1070110829272, 0.315916, 0.402889
1073066936536, 0.315789, 0.402769
1076023043799, 0.315678, 0.402633
1078979151062, 0.315537, 0.402481
1081935258325, 0.315411, 0.402368
1084891365588, 0.315288, 0.402212
1087847472852, 0.315156, 0.402067
1090803580115, 0.314998, 0.401924
1093759687378, 0.314867, 0.401768
1096715794641, 0.314737, 0.401646
1099671901904, 0.314629, 0.401520
1102628009168, 0.314490, 0.401379
1105584116431, 0.314365, 0.401245
1108540223694, 0.314234, 0.401124
1111496330957, 0.314084, 0.400980
1114452438220, 0.313995, 0.400844
1117408545483, 0.313883, 0.400729
1120364652747, 0.313769, 0.400594
1123320760010, 0.313649, 0.400462
1126276867273, 0.313518, 0.400321
1129232974536, 0.313397, 0.400185
1132189081799, 0.313272, 0.400037
1135145189063, 0.313156, 0.399901
1138101296326, 0.313043, 0.399757
1141057403589, 0.312925, 0.399621
1144013510852, 0.312816, 0.399504
1146969618115, 0.312703, 0.399358
1149925725378, 0.312599, 0.399226
1152881832642, 0.312483, 0.399100
1155837939905, 0.312368, 0.398975
1158794047168, 0.312238, 0.398819
1161750154431, 0.312119, 0.398695
1164706261694, 0.312001, 0.398558
1167662368958, 0.311880, 0.398402
1170618476221, 0.311749, 0.398272
1173574583484, 0.311634, 0.398153
1176530690747, 0.311513, 0.398029
1179486798010, 0.311390, 0.397903
1182442905274, 0.311291, 0.397786
1185399012537, 0.311183, 0.397658
1188355119800, 0.311075, 0.397550
1191311227063, 0.310981, 0.397439
1194267334326, 0.310876, 0.397316
1197223441589, 0.310782, 0.397188
1200179548853, 0.310668, 0.397060
1203135656116, 0.310531, 0.396932
1206091763379, 0.310428, 0.396815
1209047870642, 0.310316, 0.396680
1212003977905, 0.310220, 0.396579
1214960085169, 0.310088, 0.396431
1217916192432, 0.309997, 0.396336
1220872299695, 0.309910, 0.396236
1223828406958, 0.309811, 0.396136
1226784514221, 0.309699, 0.396032
1229740621484, 0.309598, 0.395915
1232696728748, 0.309489, 0.395798
1235652836011, 0.309391, 0.395703
1238608943274, 0.309297, 0.395596
1241565050537, 0.309191, 0.395462
1244521157800, 0.309093, 0.395360
1247477265064, 0.308997, 0.395245
1250433372327, 0.308896, 0.395150
1253389479590, 0.308795, 0.395043
1256345586853, 0.308703, 0.394948
1259301694116, 0.308605, 0.394833
1262257801379, 0.308496, 0.394720
1265213908643, 0.308393, 0.394605
1268170015906, 0.308307, 0.394510
1271126123169, 0.308216, 0.394401
1274082230432, 0.308112, 0.394284
1277038337695, 0.308007, 0.394176
1279994444959, 0.307916, 0.394065
1282950552222, 0.307836, 0.393979
1285906659485, 0.307724, 0.393855
1288862766748, 0.307618, 0.393744
1291818874011, 0.307531, 0.393651
1294774981275, 0.307428, 0.393547
1297731088538, 0.307337, 0.393467
1300687195801, 0.307246, 0.393361
1303643303064, 0.307154, 0.393248
1306599410327, 0.307068, 0.393142
1309555517590, 0.306965, 0.393033
1312511624854, 0.306864, 0.392916
1315467732117, 0.306761, 0.392834
1318423839380, 0.306677, 0.392734
1321379946643, 0.306590, 0.392652
1324336053906, 0.306499, 0.392545
1327292161170, 0.306406, 0.392441
1330248268433, 0.306330, 0.392374
1333204375696, 0.306224, 0.392279
1336160482959, 0.306164, 0.392218
1339116590222, 0.306059, 0.392088
1342072697485, 0.305977, 0.392001
1345028804749, 0.305889, 0.391927
1347984912012, 0.305795, 0.391806
1350941019275, 0.305702, 0.391695
1353897126538, 0.305633, 0.391619
1356853233801, 0.305561, 0.391544
1359809341065, 0.305470, 0.391455
1362765448328, 0.305382, 0.391351
1365721555591, 0.305313, 0.391264
1368677662854, 0.305224, 0.391175
1371633770117, 0.305143, 0.391101
1374589877381, 0.305051, 0.391008
1377545984644, 0.304965, 0.390913
1380502091907, 0.304899, 0.390834
1383458199170, 0.304833, 0.390759
1386414306433, 0.304759, 0.390685
1389370413696, 0.304665, 0.390585
1392326520960, 0.304576, 0.390485
1395282628223, 0.304505, 0.390388
1398238735486, 0.304416, 0.390308
1401194842749, 0.304332, 0.390225
1404150950012, 0.304236, 0.390145
1407107057276, 0.304153, 0.390063
1410063164539, 0.304084, 0.389995
1413019271802, 0.303988, 0.389898
1415975379065, 0.303909, 0.389837
1418931486328, 0.303838, 0.389757
1421887593591, 0.303744, 0.389664
1424843700855, 0.303678, 0.389594
1427799808118, 0.303609, 0.389525
1430755915381, 0.303540, 0.389442
1433712022644, 0.303466, 0.389347
1436668129907, 0.303382, 0.389252
1439624237171, 0.303298, 0.389160
1442580344434, 0.303227, 0.389089
1445536451697, 0.303163, 0.388996
1448492558960, 0.303096, 0.388922
1451448666223, 0.303000, 0.388829
1454404773487, 0.302906, 0.388744
1457360880750, 0.302838, 0.388670
1460316988013, 0.302757, 0.388586
1463273095276, 0.302671, 0.388488
1466229202539, 0.302597, 0.388402
1469185309802, 0.302537, 0.388330
1472141417066, 0.302466, 0.388245
1475097524329, 0.302404, 0.388178
1478053631592, 0.302323, 0.388089
1481009738855, 0.302262, 0.388018
1483965846118, 0.302166, 0.387931
1486921953382, 0.302092, 0.387855
1489878060645, 0.302015, 0.387786
1492834167908, 0.301954, 0.387705
1495790275171, 0.301904, 0.387643
1498746382434, 0.301841, 0.387578
1501702489697, 0.301791, 0.387525
1504658596961, 0.301732, 0.387445
1507614704224, 0.301670, 0.387369
1510570811487, 0.301626, 0.387313
1513526918750, 0.301569, 0.387257
1516483026013, 0.301516, 0.387181
1519439133277, 0.301464, 0.387124
1522395240540, 0.301395, 0.387066
1525351347803, 0.301341, 0.386981
1528307455066, 0.301255, 0.386892
1531263562329, 0.301190, 0.386819
1534219669593, 0.301126, 0.386756
1537175776856, 0.301075, 0.386704
1540131884119, 0.301006, 0.386628
1543087991382, 0.300932, 0.386543
1546044098645, 0.300855, 0.386454
1549000205908, 0.300774, 0.386389
1551956313172, 0.300710, 0.386333
1554912420435, 0.300651, 0.386250
1557868527698, 0.300599, 0.386188
1560824634961, 0.300543, 0.386110
1563780742224, 0.300479, 0.386040
1566736849488, 0.300419, 0.385964
1569692956751, 0.300334, 0.385880
1572649064014, 0.300291, 0.385830
1575605171277, 0.300250, 0.385776
1578561278540, 0.300183, 0.385689
1581517385803, 0.300129, 0.385611
1584473493067, 0.300058, 0.385539
1587429600330, 0.300003, 0.385485
1590385707593, 0.299937, 0.385420
1593341814856, 0.299865, 0.385357
1596297922119, 0.299816, 0.385299
1599254029383, 0.299765, 0.385249
1602210136646, 0.299691, 0.385171
1605166243909, 0.299602, 0.385077
1608122351172, 0.299536, 0.385017
1611078458435, 0.299494, 0.384956
1614034565699, 0.299429, 0.384880
1616990672962, 0.299366, 0.384815
1619946780225, 0.299306, 0.384728
1622902887488, 0.299262, 0.384678
1625858994751, 0.299203, 0.384613
1628815102014, 0.299144, 0.384529
1631771209278, 0.299087, 0.384470
1634727316541, 0.299038, 0.384392
1637683423804, 0.298994, 0.384336
1640639531067, 0.298944, 0.384282
1643595638330, 0.298895, 0.384240
1646551745594, 0.298853, 0.384186
1649507852857, 0.298816, 0.384132
1652463960120, 0.298777, 0.384091
1655420067383, 0.298726, 0.384019
1658376174646, 0.298688, 0.383971
1661332281909, 0.298636, 0.383909
1664288389173, 0.298573, 0.383850
1667244496436, 0.298501, 0.383783
1670200603699, 0.298455, 0.383739
1673156710962, 0.298425, 0.383681
1676112818225, 0.298371, 0.383622
1679068925489, 0.298311, 0.383546
1682025032752, 0.298250, 0.383490
1684981140015, 0.298186, 0.383427
1687937247278, 0.298129, 0.383358
1690893354541, 0.298083, 0.383317
1693849461805, 0.298031, 0.383258
1696805569068, 0.297996, 0.383210
1699761676331, 0.297940, 0.383156
1702717783594, 0.297900, 0.383102
1705673890857, 0.297859, 0.383048
1708629998120, 0.297807, 0.382991
1711586105384, 0.297753, 0.382933
1714542212647, 0.297696, 0.382876
1717498319910, 0.297630, 0.382818
1720454427173, 0.297585, 0.382779
1723410534436, 0.297539, 0.382748
1726366641700, 0.297509, 0.382712
1729322748963, 0.297469, 0.382655
1732278856226, 0.297422, 0.382586
1735234963489, 0.297378, 0.382529
1738191070752, 0.297316, 0.382454
1741147178015, 0.297255, 0.382399
1744103285279, 0.297203, 0.382328
1747059392542, 0.297154, 0.382271
1750015499805, 0.297107, 0.382202
1752971607068, 0.297083, 0.382159
1755927714331, 0.297039, 0.382100
1758883821595, 0.297012, 0.382070
1761839928858, 0.296954, 0.382009
1764796036121, 0.296905, 0.381964
1767752143384, 0.296869, 0.381916
1770708250647, 0.296841, 0.381877
1773664357911, 0.296780, 0.381803
1776620465174, 0.296730, 0.381762
1779576572437, 0.296691, 0.381721
1782532679700, 0.296656, 0.381684
1785488786963, 0.296618, 0.381640
1788444894226, 0.296585, 0.381586
1791401001490, 0.296524, 0.381523
1794357108753, 0.296487, 0.381489
1797313216016, 0.296437, 0.381439
1800269323279, 0.296398, 0.381395
1803225430542, 0.296352, 0.381363
1806181537806, 0.296305, 0.381320
1809137645069, 0.296260, 0.381276
1812093752332, 0.296219, 0.381248
1815049859595, 0.296189, 0.381209
1818005966858, 0.296167, 0.381183
1820962074121, 0.296135, 0.381146
1823918181385, 0.296088, 0.381114
1826874288648, 0.296038, 0.381064
1829830395911, 0.295997, 0.381022
1832786503174, 0.295948, 0.380977
1835742610437, 0.295910, 0.380931
1838698717701, 0.295873, 0.380895
1841654824964, 0.295836, 0.380858
1844610932227, 0.295795, 0.380808
1847567039490, 0.295766, 0.380769
1850523146753, 0.295735, 0.380736
1853479254016, 0.295691, 0.380702
1856435361280, 0.295650, 0.380649
1859391468543, 0.295618, 0.380626
1862347575806, 0.295588, 0.380578
1865303683069, 0.295561, 0.380545
1868259790332, 0.295524, 0.380502
1871215897596, 0.295487, 0.380459
1874172004859, 0.295452, 0.380420
1877128112122, 0.295418, 0.380394
1880084219385, 0.295386, 0.380348
1883040326648, 0.295359, 0.380318
1885996433912, 0.295315, 0.380279
1888952541175, 0.295278, 0.380242
1891908648438, 0.295245, 0.380209
1894864755701, 0.295218, 0.380177
1897820862964, 0.295191, 0.380144
1900776970227, 0.295154, 0.380116
1903733077491, 0.295120, 0.380071
1906689184754, 0.295081, 0.380029
1909645292017, 0.295053, 0.379992
1912601399280, 0.295019, 0.379949
1915557506543, 0.294982, 0.379901
1918513613807, 0.294958, 0.379880
1921469721070, 0.294928, 0.379843
1924425828333, 0.294871, 0.379793
1927381935596, 0.294827, 0.379756
1930338042859, 0.294782, 0.379717
1933294150122, 0.294739, 0.379663
1936250257386, 0.294707, 0.379619
1939206364649, 0.294669, 0.379561
1942162471912, 0.294637, 0.379533
1945118579175, 0.294588, 0.379492
1948074686438, 0.294551, 0.379448
1951030793702, 0.294527, 0.379422
1953986900965, 0.294487, 0.379377
1956943008228, 0.294451, 0.379346
1959899115491, 0.294428, 0.379314
1962855222754, 0.294404, 0.379277
1965811330018, 0.294364, 0.379240
1968767437281, 0.294318, 0.379186
1971723544544, 0.294288, 0.379162
1974679651807, 0.294266, 0.379134
1977635759070, 0.294231, 0.379099
1980591866333, 0.294192, 0.379067
1983547973597, 0.294160, 0.379030
1986504080860, 0.294135, 0.378997
1989460188123, 0.294101, 0.378952
1992416295386, 0.294078, 0.378917
1995372402649, 0.294037, 0.378863
1998328509913, 0.294000, 0.378824
2001284617176, 0.293975, 0.378789
2004240724439, 0.293945, 0.378750
2007196831702, 0.293924, 0.378720
2010152938965, 0.293904, 0.378696
2013109046228, 0.293884, 0.378665
2016065153492, 0.293862, 0.378639
2019021260755, 0.293839, 0.378605
2021977368018, 0.293808, 0.378568
2024933475281, 0.293786, 0.378546
2027889582544, 0.293754, 0.378507
2030845689808, 0.293727, 0.378479
2033801797071, 0.293704, 0.378446
2036757904334, 0.293682, 0.378405
2039714011597, 0.293642, 0.378368
2042670118860, 0.293615, 0.378340
2045626226124, 0.293594, 0.378312
2048582333387, 0.293566, 0.378290
2051538440650, 0.293534, 0.378256
2054494547913, 0.293500, 0.378212
2057450655176, 0.293470, 0.378186
2060406762439, 0.293453, 0.378160
2063362869703, 0.293423, 0.378130
2066318976966, 0.293384, 0.378093
2069275084229, 0.293352, 0.378050
2072231191492, 0.293315, 0.378008
2075187298755, 0.293291, 0.377967
2078143406019, 0.293258, 0.377928
2081099513282, 0.293238, 0.377911
2084055620545, 0.293211, 0.377876
2087011727808, 0.293182, 0.377839
2089967835071, 0.293165, 0.377824
2092923942334, 0.293145, 0.377796
2095880049598, 0.293111, 0.377753
2098836156861, 0.293076, 0.377722
2101792264124, 0.293056, 0.377681
2104748371387, 0.293029, 0.377659
2107704478650, 0.293012, 0.377640
2110660585914, 0.292990, 0.377605
2113616693177, 0.292956, 0.377560
2116572800440, 0.292938, 0.377533
2119528907703, 0.292913, 0.377514
2122485014966, 0.292897, 0.377486
2125441122230, 0.292881, 0.377468
2128397229493, 0.292854, 0.377449
2131353336756, 0.292830, 0.377412
2134309444019, 0.292812, 0.377384
2137265551282, 0.292781, 0.377347
2140221658545, 0.292759, 0.377317
2143177765809, 0.292743, 0.377306
2146133873072, 0.292732, 0.377295
2149089980335, 0.292709, 0.377271
2152046087598, 0.292684, 0.377241
2155002194861, 0.292665, 0.377213
2157958302125, 0.292643, 0.377182
2160914409388, 0.292625, 0.377165
2163870516651, 0.292599, 0.377137
2166826623914, 0.292593, 0.377126
2169782731177, 0.292569, 0.377095
2172738838440, 0.292549, 0.377080
2175694945704, 0.292527, 0.377065
2178651052967, 0.292514, 0.377048
2181607160230, 0.292500, 0.377030
2184563267493, 0.292478, 0.377011
2187519374756, 0.292446, 0.376976
2190475482020, 0.292433, 0.376952
2193431589283, 0.292412, 0.376926
2196387696546, 0.292399, 0.376905
2199343803809, 0.292382, 0.376887
2202299911072, 0.292365, 0.376863
2205256018336, 0.292352, 0.376844
2208212125599, 0.292330, 0.376818
2211168232862, 0.292296, 0.376783
2214124340125, 0.292276, 0.376757
2217080447388, 0.292254, 0.376740
2220036554651, 0.292242, 0.376725
2222992661915, 0.292219, 0.376694
2225948769178, 0.292199, 0.376666
2228904876441, 0.292187, 0.376655
2231860983704, 0.292167, 0.376636
2234817090967, 0.292143, 0.376621
2237773198231, 0.292130, 0.376601
2240729305494, 0.292113, 0.376582
2243685412757, 0.292103, 0.376571
2246641520020, 0.292081, 0.376549
2249597627283, 0.292066, 0.376540
2252553734546, 0.292045, 0.376510
2255509841810, 0.292034, 0.376490
2258465949073, 0.292018, 0.376471
2261422056336, 0.291988, 0.376447
2264378163599, 0.291970, 0.376417
2267334270862, 0.291961, 0.376408
2270290378126, 0.291938, 0.376380
2273246485389, 0.291907, 0.376354
2276202592652, 0.291894, 0.376332
2279158699915, 0.291872, 0.376315
2282114807178, 0.291852, 0.376295
2285070914442, 0.291837, 0.376284
2288027021705, 0.291827, 0.376276
2290983128968, 0.291806, 0.376248
2293939236231, 0.291788, 0.376228
2296895343494, 0.291773, 0.376206
2299851450757, 0.291758, 0.376180
2302807558021, 0.291747, 0.376165
2305763665284, 0.291729, 0.376137
2308719772547, 0.291720, 0.376122
2311675879810, 0.291694, 0.376087
2314631987073, 0.291682, 0.376065
2317588094337, 0.291667, 0.376037
2320544201600, 0.291653, 0.376022
2323500308863, 0.291640, 0.376013
2326456416126, 0.291625, 0.375996
2329412523389, 0.291601, 0.375970
2332368630652, 0.291584, 0.375948
2335324737916, 0.291571, 0.375933
2338280845179, 0.291550, 0.375912
2341236952442, 0.291534, 0.375892
2344193059705, 0.291527, 0.375881
2347149166968, 0.291522, 0.375875
2350105274232, 0.291498, 0.375846
2353061381495, 0.291483, 0.375825
2356017488758, 0.291476, 0.375818
2358973596021, 0.291459, 0.375805
2361929703284, 0.291439, 0.375777
2364885810548, 0.291422, 0.375760
2367841917811, 0.291401, 0.375738
2370798025074, 0.291384, 0.375714
2373754132337, 0.291367, 0.375690
2376710239600, 0.291358, 0.375675
2379666346863, 0.291338, 0.375649
2382622454127, 0.291326, 0.375636
2385578561390, 0.291311, 0.375614
2388534668653, 0.291301, 0.375608
2391490775916, 0.291291, 0.375599
2394446883179, 0.291286, 0.375586
2397402990443, 0.291281, 0.375578
2400359097706, 0.291263, 0.375558
2403315204969, 0.291247, 0.375536
2406271312232, 0.291239, 0.375517
2409227419495, 0.291224, 0.375502
2412183526758, 0.291210, 0.375484
2415139634022, 0.291193, 0.375469
2418095741285, 0.291180, 0.375458
2421051848548, 0.291158, 0.375432
2424007955811, 0.291145, 0.375417
2426964063074, 0.291138, 0.375404
2429920170338, 0.291128, 0.375400
2432876277601, 0.291106, 0.375376
2435832384864, 0.291096, 0.375365
2438788492127, 0.291077, 0.375348
2441744599390, 0.291066, 0.375343
2444700706653, 0.291050, 0.375333
2447656813917, 0.291039, 0.375320
2450612921180, 0.291030, 0.375313
2453569028443, 0.291020, 0.375296
2456525135706, 0.291013, 0.375291
2459481242969, 0.291005, 0.375281
2462437350233, 0.290990, 0.375265
2465393457496, 0.290978, 0.375255
2468349564759, 0.290966, 0.375237
2471305672022, 0.290941, 0.375220
2474261779285, 0.290924, 0.375209
2477217886549, 0.290916, 0.375205
2480173993812, 0.290907, 0.375200
2483130101075, 0.290890, 0.375185
2486086208338, 0.290877, 0.375176
2489042315601, 0.290855, 0.375157
2491998422864, 0.290848, 0.375142
2494954530128, 0.290833, 0.375131
2497910637391, 0.290826, 0.375116
2500866744654, 0.290815, 0.375103
2503822851917, 0.290808, 0.375094
2506778959180, 0.290798, 0.375083
2509735066444, 0.290789, 0.375075
2512691173707, 0.290781, 0.375064
2515647280970, 0.290771, 0.375051
2518603388233, 0.290761, 0.375038
2521559495496, 0.290749, 0.375027
2524515602759, 0.290742, 0.375018
2527471710023, 0.290729, 0.375003
2530427817286, 0.290714, 0.374990
2533383924549, 0.290697, 0.374970
2536340031812, 0.290688, 0.374966
2539296139075, 0.290678, 0.374962
2542252246339, 0.290665, 0.374953
2545208353602, 0.290661, 0.374944
2548164460865, 0.290656, 0.374931
2551120568128, 0.290640, 0.374912
2554076675391, 0.290634, 0.374905
2557032782655, 0.290618, 0.374890
2559988889918, 0.290608, 0.374882
2562944997181, 0.290594, 0.374871
2565901104444, 0.290577, 0.374851
2568857211707, 0.290570, 0.374836
2571813318970, 0.290567, 0.374832
2574769426234, 0.290560, 0.374825
2577725533497, 0.290552, 0.374810
2580681640760, 0.290547, 0.374810
2583637748023, 0.290540, 0.374803
2586593855286, 0.290528, 0.374797
2589549962550, 0.290520, 0.374788
2592506069813, 0.290510, 0.374780
2595462177076, 0.290501, 0.374771
2598418284339, 0.290491, 0.374762
2601374391602, 0.290480, 0.374749
2604330498865, 0.290476, 0.374743
2607286606129, 0.290468, 0.374732
2610242713392, 0.290461, 0.374725
2613198820655, 0.290459, 0.374723
2616154927918, 0.290453, 0.374719
2619111035181, 0.290444, 0.374708
2622067142445, 0.290437, 0.374702
2625023249708, 0.290422, 0.374684
2627979356971, 0.290419, 0.374680
2630935464234, 0.290416, 0.374673
2633891571497, 0.290409, 0.374669
2636847678761, 0.290400, 0.374667
2639803786024, 0.290395, 0.374663
2642759893287, 0.290385, 0.374654
2645716000550, 0.290384, 0.374645
2648672107813, 0.290377, 0.374639
2651628215076, 0.290370, 0.374632
2654584322340, 0.290357, 0.374624
2657540429603, 0.290353, 0.374615
2660496536866, 0.290347, 0.374600
2663452644129, 0.290336, 0.374587
2666408751392, 0.290333, 0.374584
2669364858656, 0.290330, 0.374574
2672320965919, 0.290321, 0.374565
2675277073182, 0.290311, 0.374552
2678233180445, 0.290306, 0.374548
2681189287708, 0.290306, 0.374541
2684145394971, 0.290299, 0.374535
2687101502235, 0.290291, 0.374526
2690057609498, 0.290286, 0.374519
2693013716761, 0.290283, 0.374517
2695969824024, 0.290266, 0.374506
2698925931287, 0.290257, 0.374498
2701882038551, 0.290256, 0.374496
2704838145814, 0.290247, 0.374483
2707794253077, 0.290244, 0.374474
2710750360340, 0.290239, 0.374470
2713706467603, 0.290234, 0.374465
2716662574867, 0.290224, 0.374459
2719618682130, 0.290217, 0.374450
2722574789393, 0.290205, 0.374444
2725530896656, 0.290200, 0.374441
2728487003919, 0.290198, 0.374435
2731443111182, 0.290192, 0.374428
2734399218446, 0.290188, 0.374426
2737355325709, 0.290183, 0.374418
2740311432972, 0.290182, 0.374415
2743267540235, 0.290175, 0.374411
2746223647498, 0.290173, 0.374407
2749179754762, 0.290170, 0.374398
2752135862025, 0.290158, 0.374385
2755091969288, 0.290156, 0.374385
2758048076551, 0.290153, 0.374383
2761004183814, 0.290150, 0.374383
2763960291077, 0.290148, 0.374383
2766916398341, 0.290148, 0.374378
2769872505604, 0.290146, 0.374376
2772828612867, 0.290139, 0.374370
2775784720130, 0.290136, 0.374365
2778740827393, 0.290133, 0.374359
2781696934657, 0.290131, 0.374355
2784653041920, 0.290131, 0.374355
2787609149183, 0.290131, 0.374352
2790565256446, 0.290126, 0.374348
2793521363709, 0.290123, 0.374342
2796477470973, 0.290123, 0.374342
2799433578236, 0.290121, 0.374333
2802389685499, 0.290121, 0.374333
2805345792762, 0.290119, 0.374333
2808301900025, 0.290116, 0.374329
2811258007288, 0.290116, 0.374326
2814214114552, 0.290116, 0.374326
2817170221815, 0.290113, 0.374322
2820126329078, 0.290106, 0.374316
2823082436341, 0.290097, 0.374307
2826038543604, 0.290096, 0.374303
2828994650868, 0.290092, 0.374298
2831950758131, 0.290089, 0.374296
2834906865394, 0.290087, 0.374294
2837862972657, 0.290087, 0.374294
2840819079920, 0.290081, 0.374292
2843775187183, 0.290079, 0.374290
2846731294447, 0.290077, 0.374290
2849687401710, 0.290075, 0.374283
2852643508973, 0.290074, 0.374281
2855599616236, 0.290070, 0.374279
2858555723499, 0.290070, 0.374279
2861511830763, 0.290067, 0.374272
2864467938026, 0.290064, 0.374270
2867424045289, 0.290060, 0.374270
2870380152552, 0.290059, 0.374270
2873336259815, 0.290057, 0.374266
2876292367079, 0.290055, 0.374264
2879248474342, 0.290054, 0.374259
2882204581605, 0.290054, 0.374257
2885160688868, 0.290054, 0.374255
2888116796131, 0.290050, 0.374248
2891072903394, 0.290047, 0.374246
2894029010658, 0.290047, 0.374246
2896985117921, 0.290045, 0.374244
2899941225184, 0.290045, 0.374244
2902897332447, 0.290043, 0.374242
2905853439710, 0.290042, 0.374242
2908809546974, 0.290042, 0.374242
2911765654237, 0.290040, 0.374242
2914721761500, 0.290038, 0.374240
2917677868763, 0.290037, 0.374238
2920633976026, 0.290033, 0.374235
2923590083289, 0.290033, 0.374235
2926546190553, 0.290033, 0.374233
2929502297816, 0.290033, 0.374231
2932458405079, 0.290033, 0.374231
2935414512342, 0.290032, 0.374229
2938370619605, 0.290030, 0.374227
2941326726869, 0.290030, 0.374227
2944282834132, 0.290028, 0.374227
2947238941395, 0.290028, 0.374227
2950195048658, 0.290028, 0.374227
2953151155921, 0.290028, 0.374227
2956107263185, 0.290028, 0.374227
Time used: 66801 ms
