logging to /opt/flows_res_1000/2016020300-2016020400_unique/tenant_5_profile_res-FIX_RATE-FLOWS-0.01.csvtracefile: /data1/tenant_trace/2016020300-2016020400_unique/tenant_5_trace
open file /data1/tenant_trace/2016020300-2016020400_unique/tenant_5_trace
read 1000000 lines
read 2000000 lines
read 3000000 lines
read 4000000 lines
read 5000000 lines
read 6000000 lines
read 7000000 lines
read 8000000 lines
read 9000000 lines
read 10000000 lines
read 11000000 lines
read 12000000 lines
read 13000000 lines
read 14000000 lines
read 15000000 lines
read 16000000 lines
read 17000000 lines
read 18000000 lines
read 19000000 lines
read 20000000 lines
read 21000000 lines
read 22000000 lines
read 23000000 lines
read 24000000 lines
read 25000000 lines
read 26000000 lines
read 27000000 lines
read 28000000 lines
read 29000000 lines
read 30000000 lines
read 31000000 lines
read 32000000 lines
read 33000000 lines
read 34000000 lines
read 35000000 lines
read 36000000 lines
read 37000000 lines
read 38000000 lines
read 39000000 lines
read 40000000 lines
read 41000000 lines
read 42000000 lines
read 43000000 lines
read 44000000 lines
read 45000000 lines
read 46000000 lines
read 47000000 lines
read 48000000 lines
read 49000000 lines
read 50000000 lines
read 51000000 lines
read 52000000 lines
read 53000000 lines
read 54000000 lines
read 55000000 lines
read 56000000 lines
read 57000000 lines
read 58000000 lines
read 59000000 lines
read 60000000 lines
read 61000000 lines
read 62000000 lines
read 63000000 lines
read 64000000 lines
read 65000000 lines
read 66000000 lines
read 67000000 lines
read 68000000 lines
read 69000000 lines
read 70000000 lines
read 71000000 lines
read 72000000 lines
read 73000000 lines
read 74000000 lines
read 75000000 lines
read 76000000 lines
read 77000000 lines
read 78000000 lines
read 79000000 lines
read 80000000 lines
read 81000000 lines
read 82000000 lines
read 83000000 lines
read 84000000 lines
read 85000000 lines
read 86000000 lines
read 87000000 lines
read 88000000 lines
read 89000000 lines
read 90000000 lines
read 91000000 lines
read 92000000 lines
read 93000000 lines
read 94000000 lines
read 95000000 lines
read 96000000 lines
read 97000000 lines
read 98000000 lines
read 99000000 lines
read 100000000 lines
read 101000000 lines
read 102000000 lines
read 103000000 lines
read 104000000 lines
read 105000000 lines
read 106000000 lines
read 107000000 lines
read 108000000 lines
read 109000000 lines
read 110000000 lines
read 111000000 lines
read 112000000 lines
read 113000000 lines
read 114000000 lines
read 115000000 lines
read 116000000 lines
read 117000000 lines
read 118000000 lines
read 119000000 lines
read 120000000 lines
read 121000000 lines
read 122000000 lines
read 123000000 lines
read 124000000 lines
read 125000000 lines
read 126000000 lines
read 127000000 lines
read 128000000 lines
read 129000000 lines
read 130000000 lines
read 131000000 lines
read 132000000 lines
read 133000000 lines
read 134000000 lines
read 135000000 lines
read 136000000 lines
read 137000000 lines
read 138000000 lines
read 139000000 lines
read 140000000 lines
read 141000000 lines
read 142000000 lines
read 143000000 lines
read 144000000 lines
read 145000000 lines
read 146000000 lines
read 147000000 lines
read 148000000 lines
read 149000000 lines
read 150000000 lines
read 151000000 lines
read 152000000 lines
read 153000000 lines
read 154000000 lines
read 155000000 lines
read 156000000 lines
read 157000000 lines
read 158000000 lines
read 159000000 lines
[FILE]: /data1/tenant_trace/2016020300-2016020400_unique/tenant_5_trace
total_access_num: 159071104
total_access_size: 6152720047561
unique_access_num: 44682554
unique_access_size: 1770669190248
min_item_size: 1
[method]: FLOWS
[metric]: MAE
[seed]: 42
[sample_method]: FIX_RATE
[sample_metric]: 0.01
MAEQ_factor: 1.028633
cache_size, BMRC_ratio, OMRC_ratio
1770669190, 0.876793, 0.875351
3541338380, 0.839776, 0.840537
5312007570, 0.812852, 0.814540
7082676760, 0.790570, 0.792764
8853345951, 0.771810, 0.774002
10624015141, 0.755281, 0.757460
12394684331, 0.740209, 0.742472
14165353521, 0.726827, 0.728898
15936022712, 0.714273, 0.716199
17706691902, 0.702773, 0.704485
19477361092, 0.692169, 0.693632
21248030282, 0.682423, 0.683591
23018699473, 0.672886, 0.673827
24789368663, 0.664173, 0.664803
26560037853, 0.655732, 0.656159
28330707043, 0.647949, 0.648071
30101376234, 0.640431, 0.640472
31872045424, 0.633166, 0.633062
33642714614, 0.626438, 0.626112
35413383804, 0.619836, 0.619368
37184052995, 0.613608, 0.612944
38954722185, 0.607575, 0.606709
40725391375, 0.601652, 0.600598
42496060565, 0.596261, 0.595028
44266729756, 0.590829, 0.589516
46037398946, 0.585637, 0.584183
47808068136, 0.580526, 0.579064
49578737326, 0.575653, 0.574068
51349406517, 0.571012, 0.569347
53120075707, 0.566510, 0.564708
54890744897, 0.562162, 0.560230
56661414087, 0.557875, 0.555916
58432083278, 0.553701, 0.551625
60202752468, 0.549765, 0.547592
61973421658, 0.545777, 0.543471
63744090848, 0.541918, 0.539541
65514760039, 0.538372, 0.535808
67285429229, 0.534850, 0.532206
69056098419, 0.531496, 0.528791
70826767609, 0.528142, 0.525351
72597436800, 0.524896, 0.521944
74368105990, 0.521771, 0.518696
76138775180, 0.518713, 0.515542
77909444370, 0.515645, 0.512367
79680113561, 0.512710, 0.509380
81450782751, 0.509901, 0.506418
83221451941, 0.507161, 0.503634
84992121131, 0.504492, 0.500931
86762790322, 0.501840, 0.498351
88533459512, 0.499234, 0.495646
90304128702, 0.496680, 0.493084
92074797892, 0.494113, 0.490436
93845467083, 0.491762, 0.488047
95616136273, 0.489430, 0.485719
97386805463, 0.487190, 0.483403
99157474653, 0.484890, 0.480995
100928143844, 0.482602, 0.478688
102698813034, 0.480366, 0.476367
104469482224, 0.478218, 0.474187
106240151414, 0.476120, 0.472035
108010820605, 0.474041, 0.469867
109781489795, 0.472002, 0.467762
111552158985, 0.470027, 0.465783
113322828175, 0.468140, 0.463853
115093497366, 0.466157, 0.461870
116864166556, 0.464236, 0.459920
118634835746, 0.462435, 0.458071
120405504936, 0.460672, 0.456258
122176174127, 0.458865, 0.454440
123946843317, 0.457142, 0.452716
125717512507, 0.455414, 0.450993
127488181697, 0.453722, 0.449336
129258850888, 0.452108, 0.447692
131029520078, 0.450554, 0.446110
132800189268, 0.448873, 0.444400
134570858458, 0.447348, 0.442850
136341527649, 0.445710, 0.441196
138112196839, 0.444187, 0.439659
139882866029, 0.442669, 0.438176
141653535219, 0.441201, 0.436676
143424204410, 0.439766, 0.435237
145194873600, 0.438373, 0.433762
146965542790, 0.436959, 0.432291
148736211980, 0.435551, 0.430845
150506881171, 0.434141, 0.429452
152277550361, 0.432833, 0.428148
154048219551, 0.431545, 0.426848
155818888741, 0.430213, 0.425523
157589557932, 0.428895, 0.424186
159360227122, 0.427648, 0.422957
161130896312, 0.426359, 0.421674
162901565502, 0.425146, 0.420421
164672234693, 0.423921, 0.419191
166442903883, 0.422689, 0.417967
168213573073, 0.421478, 0.416729
169984242263, 0.420383, 0.415561
171754911454, 0.419300, 0.414434
173525580644, 0.418200, 0.413276
175296249834, 0.417069, 0.412131
177066919024, 0.416006, 0.411054
178837588215, 0.414986, 0.410038
180608257405, 0.413938, 0.408925
182378926595, 0.412954, 0.407908
184149595785, 0.411963, 0.406920
185920264976, 0.410988, 0.405913
187690934166, 0.410037, 0.404925
189461603356, 0.409066, 0.403944
191232272546, 0.408078, 0.402963
193002941737, 0.407091, 0.401979
194773610927, 0.406103, 0.400968
196544280117, 0.405193, 0.400044
198314949307, 0.404219, 0.399066
200085618498, 0.403286, 0.398096
201856287688, 0.402356, 0.397158
203626956878, 0.401450, 0.396242
205397626068, 0.400535, 0.395334
207168295259, 0.399650, 0.394458
208938964449, 0.398710, 0.393492
210709633639, 0.397825, 0.392602
212480302829, 0.396959, 0.391710
214250972020, 0.396115, 0.390828
216021641210, 0.395282, 0.390018
217792310400, 0.394480, 0.389231
219562979590, 0.393631, 0.388375
221333648781, 0.392800, 0.387534
223104317971, 0.392063, 0.386765
224874987161, 0.391275, 0.385970
226645656351, 0.390440, 0.385180
228416325541, 0.389634, 0.384343
230186994732, 0.388847, 0.383558
231957663922, 0.388110, 0.382824
233728333112, 0.387356, 0.382077
235499002302, 0.386645, 0.381357
237269671493, 0.385935, 0.380612
239040340683, 0.385228, 0.379888
240811009873, 0.384555, 0.379201
242581679063, 0.383853, 0.378538
244352348254, 0.383188, 0.377855
246123017444, 0.382478, 0.377148
247893686634, 0.381784, 0.376424
249664355824, 0.381111, 0.375764
251435025015, 0.380465, 0.375135
253205694205, 0.379848, 0.374495
254976363395, 0.379212, 0.373859
256747032585, 0.378552, 0.373183
258517701776, 0.377916, 0.372563
260288370966, 0.377312, 0.371948
262059040156, 0.376687, 0.371328
263829709346, 0.376076, 0.370685
265600378537, 0.375418, 0.370047
267371047727, 0.374807, 0.369402
269141716917, 0.374196, 0.368785
270912386107, 0.373546, 0.368115
272683055298, 0.372963, 0.367535
274453724488, 0.372387, 0.366977
276224393678, 0.371795, 0.366383
277995062868, 0.371223, 0.365800
279765732059, 0.370674, 0.365263
281536401249, 0.370138, 0.364704
283307070439, 0.369605, 0.364157
285077739629, 0.368999, 0.363573
286848408820, 0.368467, 0.363030
288619078010, 0.367925, 0.362484
290389747200, 0.367371, 0.361932
292160416390, 0.366812, 0.361384
293931085581, 0.366244, 0.360802
295701754771, 0.365724, 0.360287
297472423961, 0.365203, 0.359764
299243093151, 0.364676, 0.359236
301013762342, 0.364192, 0.358714
302784431532, 0.363716, 0.358216
304555100722, 0.363231, 0.357731
306325769912, 0.362722, 0.357238
308096439103, 0.362217, 0.356720
309867108293, 0.361714, 0.356202
311637777483, 0.361193, 0.355694
313408446673, 0.360718, 0.355213
315179115864, 0.360221, 0.354708
316949785054, 0.359792, 0.354240
318720454244, 0.359326, 0.353744
320491123434, 0.358832, 0.353265
322261792625, 0.358376, 0.352803
324032461815, 0.357919, 0.352305
325803131005, 0.357484, 0.351867
327573800195, 0.357061, 0.351429
329344469386, 0.356619, 0.350995
331115138576, 0.356201, 0.350574
332885807766, 0.355760, 0.350134
334656476956, 0.355349, 0.349714
336427146147, 0.354887, 0.349258
338197815337, 0.354459, 0.348830
339968484527, 0.354021, 0.348376
341739153717, 0.353595, 0.347944
343509822908, 0.353165, 0.347504
345280492098, 0.352754, 0.347067
347051161288, 0.352367, 0.346673
348821830478, 0.351934, 0.346236
350592499669, 0.351496, 0.345811
352363168859, 0.351119, 0.345410
354133838049, 0.350729, 0.345034
355904507239, 0.350309, 0.344613
357675176430, 0.349949, 0.344226
359445845620, 0.349575, 0.343847
361216514810, 0.349152, 0.343428
362987184000, 0.348772, 0.343054
364757853191, 0.348448, 0.342725
366528522381, 0.348101, 0.342365
368299191571, 0.347712, 0.341978
370069860761, 0.347375, 0.341647
371840529952, 0.346992, 0.341284
373611199142, 0.346642, 0.340920
375381868332, 0.346329, 0.340600
377152537522, 0.346012, 0.340224
378923206713, 0.345686, 0.339877
380693875903, 0.345344, 0.339516
382464545093, 0.345006, 0.339185
384235214283, 0.344680, 0.338838
386005883474, 0.344300, 0.338461
387776552664, 0.343930, 0.338126
389547221854, 0.343586, 0.337782
391317891044, 0.343280, 0.337453
393088560235, 0.342942, 0.337108
394859229425, 0.342629, 0.336810
396629898615, 0.342316, 0.336510
398400567805, 0.342022, 0.336201
400171236996, 0.341700, 0.335885
401941906186, 0.341364, 0.335533
403712575376, 0.341086, 0.335251
405483244566, 0.340764, 0.334922
407253913757, 0.340452, 0.334598
409024582947, 0.340147, 0.334297
410795252137, 0.339821, 0.333986
412565921327, 0.339518, 0.333678
414336590518, 0.339209, 0.333374
416107259708, 0.338903, 0.333065
417877928898, 0.338617, 0.332748
419648598088, 0.338307, 0.332411
421419267279, 0.337965, 0.332075
423189936469, 0.337645, 0.331752
424960605659, 0.337339, 0.331445
426731274849, 0.337032, 0.331129
428501944040, 0.336763, 0.330843
430272613230, 0.336490, 0.330568
432043282420, 0.336212, 0.330259
433813951610, 0.335945, 0.329976
435584620801, 0.335640, 0.329664
437355289991, 0.335350, 0.329358
439125959181, 0.335072, 0.329083
440896628371, 0.334803, 0.328832
442667297562, 0.334522, 0.328552
444437966752, 0.334251, 0.328283
446208635942, 0.333954, 0.328003
447979305132, 0.333682, 0.327724
449749974322, 0.333427, 0.327454
451520643513, 0.333152, 0.327174
453291312703, 0.332891, 0.326907
455061981893, 0.332640, 0.326645
456832651083, 0.332359, 0.326348
458603320274, 0.332094, 0.326074
460373989464, 0.331832, 0.325805
462144658654, 0.331582, 0.325551
463915327844, 0.331339, 0.325320
465685997035, 0.331095, 0.325070
467456666225, 0.330833, 0.324804
469227335415, 0.330594, 0.324567
470998004605, 0.330347, 0.324318
472768673796, 0.330106, 0.324049
474539342986, 0.329845, 0.323782
476310012176, 0.329638, 0.323558
478080681366, 0.329408, 0.323333
479851350557, 0.329177, 0.323096
481622019747, 0.328915, 0.322837
483392688937, 0.328702, 0.322605
485163358127, 0.328464, 0.322359
486934027318, 0.328249, 0.322135
488704696508, 0.328013, 0.321898
490475365698, 0.327809, 0.321680
492246034888, 0.327575, 0.321447
494016704079, 0.327339, 0.321217
495787373269, 0.327115, 0.320989
497558042459, 0.326933, 0.320777
499328711649, 0.326705, 0.320542
501099380840, 0.326476, 0.320292
502870050030, 0.326234, 0.320051
504640719220, 0.326025, 0.319820
506411388410, 0.325826, 0.319598
508182057601, 0.325614, 0.319375
509952726791, 0.325384, 0.319144
511723395981, 0.325188, 0.318937
513494065171, 0.324961, 0.318738
515264734362, 0.324749, 0.318518
517035403552, 0.324531, 0.318290
518806072742, 0.324288, 0.318064
520576741932, 0.324093, 0.317884
522347411123, 0.323895, 0.317664
524118080313, 0.323686, 0.317479
525888749503, 0.323463, 0.317239
527659418693, 0.323260, 0.317043
529430087884, 0.323047, 0.316850
531200757074, 0.322858, 0.316643
532971426264, 0.322661, 0.316432
534742095454, 0.322487, 0.316246
536512764645, 0.322277, 0.316039
538283433835, 0.322076, 0.315855
540054103025, 0.321880, 0.315665
541824772215, 0.321677, 0.315463
543595441406, 0.321529, 0.315264
545366110596, 0.321368, 0.315099
547136779786, 0.321194, 0.314913
548907448976, 0.321007, 0.314730
550678118167, 0.320838, 0.314555
552448787357, 0.320678, 0.314394
554219456547, 0.320495, 0.314205
555990125737, 0.320350, 0.314047
557760794928, 0.320181, 0.313861
559531464118, 0.320050, 0.313728
561302133308, 0.319850, 0.313523
563072802498, 0.319656, 0.313327
564843471689, 0.319514, 0.313187
566614140879, 0.319331, 0.312983
568384810069, 0.319133, 0.312766
570155479259, 0.318959, 0.312597
571926148450, 0.318781, 0.312436
573696817640, 0.318606, 0.312260
575467486830, 0.318409, 0.312071
577238156020, 0.318271, 0.311911
579008825211, 0.318106, 0.311745
580779494401, 0.317911, 0.311564
582550163591, 0.317757, 0.311408
584320832781, 0.317586, 0.311222
586091501972, 0.317418, 0.311073
587862171162, 0.317255, 0.310906
589632840352, 0.317086, 0.310743
591403509542, 0.316909, 0.310564
593174178733, 0.316774, 0.310439
594944847923, 0.316625, 0.310290
596715517113, 0.316478, 0.310144
598486186303, 0.316316, 0.309980
600256855494, 0.316175, 0.309841
602027524684, 0.316021, 0.309685
603798193874, 0.315875, 0.309535
605568863064, 0.315702, 0.309365
607339532255, 0.315527, 0.309191
609110201445, 0.315371, 0.309044
610880870635, 0.315234, 0.308915
612651539825, 0.315074, 0.308761
614422209016, 0.314927, 0.308592
616192878206, 0.314823, 0.308468
617963547396, 0.314673, 0.308306
619734216586, 0.314541, 0.308167
621504885777, 0.314410, 0.308037
623275554967, 0.314244, 0.307889
625046224157, 0.314113, 0.307747
626816893347, 0.313979, 0.307597
628587562538, 0.313829, 0.307450
630358231728, 0.313661, 0.307275
632128900918, 0.313533, 0.307141
633899570108, 0.313394, 0.306986
635670239299, 0.313241, 0.306823
637440908489, 0.313111, 0.306688
639211577679, 0.312963, 0.306551
640982246869, 0.312820, 0.306400
642752916060, 0.312675, 0.306247
644523585250, 0.312544, 0.306116
646294254440, 0.312410, 0.305985
648064923630, 0.312277, 0.305846
649835592821, 0.312147, 0.305710
651606262011, 0.311999, 0.305561
653376931201, 0.311853, 0.305423
655147600391, 0.311725, 0.305289
656918269582, 0.311593, 0.305158
658688938772, 0.311490, 0.305040
660459607962, 0.311356, 0.304919
662230277152, 0.311215, 0.304784
664000946343, 0.311064, 0.304635
665771615533, 0.310947, 0.304517
667542284723, 0.310854, 0.304422
669312953913, 0.310726, 0.304300
671083623103, 0.310594, 0.304178
672854292294, 0.310478, 0.304065
674624961484, 0.310352, 0.303936
676395630674, 0.310214, 0.303796
678166299864, 0.310093, 0.303659
679936969055, 0.309951, 0.303512
681707638245, 0.309843, 0.303405
683478307435, 0.309722, 0.303281
685248976625, 0.309617, 0.303181
687019645816, 0.309496, 0.303038
688790315006, 0.309393, 0.302909
690560984196, 0.309306, 0.302827
692331653386, 0.309176, 0.302700
694102322577, 0.309034, 0.302554
695872991767, 0.308914, 0.302433
697643660957, 0.308798, 0.302306
699414330147, 0.308665, 0.302196
701184999338, 0.308561, 0.302084
702955668528, 0.308445, 0.301979
704726337718, 0.308314, 0.301851
706497006908, 0.308190, 0.301732
708267676099, 0.308090, 0.301621
710038345289, 0.307998, 0.301524
711809014479, 0.307891, 0.301405
713579683669, 0.307741, 0.301250
715350352860, 0.307649, 0.301141
717121022050, 0.307542, 0.301039
718891691240, 0.307437, 0.300930
720662360430, 0.307334, 0.300816
722433029621, 0.307230, 0.300707
724203698811, 0.307131, 0.300603
725974368001, 0.307020, 0.300505
727745037191, 0.306917, 0.300417
729515706382, 0.306838, 0.300336
731286375572, 0.306746, 0.300248
733057044762, 0.306644, 0.300140
734827713952, 0.306559, 0.300048
736598383143, 0.306479, 0.299968
738369052333, 0.306358, 0.299863
740139721523, 0.306259, 0.299768
741910390713, 0.306173, 0.299680
743681059904, 0.306081, 0.299582
745451729094, 0.305980, 0.299471
747222398284, 0.305871, 0.299357
748993067474, 0.305758, 0.299233
750763736665, 0.305656, 0.299118
752534405855, 0.305549, 0.299017
754305075045, 0.305457, 0.298927
756075744235, 0.305383, 0.298854
757846413426, 0.305282, 0.298748
759617082616, 0.305182, 0.298648
761387751806, 0.305087, 0.298557
763158420996, 0.304996, 0.298469
764929090187, 0.304907, 0.298363
766699759377, 0.304806, 0.298263
768470428567, 0.304703, 0.298167
770241097757, 0.304613, 0.298072
772011766948, 0.304510, 0.297971
773782436138, 0.304407, 0.297871
775553105328, 0.304317, 0.297780
777323774518, 0.304230, 0.297679
779094443709, 0.304145, 0.297586
780865112899, 0.304050, 0.297501
782635782089, 0.303977, 0.297433
784406451279, 0.303880, 0.297330
786177120470, 0.303778, 0.297242
787947789660, 0.303701, 0.297156
789718458850, 0.303601, 0.297056
791489128040, 0.303526, 0.296975
793259797231, 0.303436, 0.296886
795030466421, 0.303357, 0.296808
796801135611, 0.303285, 0.296718
798571804801, 0.303194, 0.296626
800342473992, 0.303115, 0.296537
802113143182, 0.303039, 0.296454
803883812372, 0.302958, 0.296379
805654481562, 0.302870, 0.296296
807425150753, 0.302792, 0.296210
809195819943, 0.302713, 0.296129
810966489133, 0.302643, 0.296056
812737158323, 0.302562, 0.295980
814507827514, 0.302473, 0.295892
816278496704, 0.302386, 0.295800
818049165894, 0.302318, 0.295734
819819835084, 0.302254, 0.295670
821590504275, 0.302163, 0.295580
823361173465, 0.302086, 0.295501
825131842655, 0.302010, 0.295428
826902511845, 0.301932, 0.295365
828673181036, 0.301862, 0.295292
830443850226, 0.301782, 0.295209
832214519416, 0.301715, 0.295140
833985188606, 0.301646, 0.295077
835755857797, 0.301576, 0.294994
837526526987, 0.301511, 0.294915
839297196177, 0.301433, 0.294844
841067865367, 0.301355, 0.294768
842838534558, 0.301282, 0.294690
844609203748, 0.301198, 0.294614
846379872938, 0.301117, 0.294542
848150542128, 0.301032, 0.294458
849921211319, 0.300965, 0.294392
851691880509, 0.300892, 0.294334
853462549699, 0.300818, 0.294265
855233218889, 0.300750, 0.294197
857003888080, 0.300688, 0.294133
858774557270, 0.300613, 0.294043
860545226460, 0.300553, 0.293980
862315895650, 0.300485, 0.293916
864086564841, 0.300412, 0.293841
865857234031, 0.300322, 0.293759
867627903221, 0.300259, 0.293699
869398572411, 0.300187, 0.293622
871169241602, 0.300121, 0.293559
872939910792, 0.300063, 0.293491
874710579982, 0.300021, 0.293446
876481249172, 0.299971, 0.293397
878251918363, 0.299900, 0.293330
880022587553, 0.299839, 0.293263
881793256743, 0.299776, 0.293202
883563925933, 0.299713, 0.293147
885334595124, 0.299658, 0.293098
887105264314, 0.299619, 0.293051
888875933504, 0.299538, 0.292968
890646602694, 0.299475, 0.292912
892417271884, 0.299410, 0.292848
894187941075, 0.299338, 0.292777
895958610265, 0.299280, 0.292716
897729279455, 0.299225, 0.292660
899499948645, 0.299151, 0.292591
901270617836, 0.299097, 0.292537
903041287026, 0.299034, 0.292459
904811956216, 0.298965, 0.292396
906582625406, 0.298893, 0.292323
908353294597, 0.298827, 0.292254
910123963787, 0.298778, 0.292205
911894632977, 0.298721, 0.292142
913665302167, 0.298663, 0.292093
915435971358, 0.298591, 0.292022
917206640548, 0.298532, 0.291961
918977309738, 0.298464, 0.291896
920747978928, 0.298394, 0.291833
922518648119, 0.298342, 0.291779
924289317309, 0.298297, 0.291719
926059986499, 0.298247, 0.291665
927830655689, 0.298179, 0.291590
929601324880, 0.298112, 0.291527
931371994070, 0.298054, 0.291467
933142663260, 0.297991, 0.291392
934913332450, 0.297930, 0.291338
936684001641, 0.297876, 0.291289
938454670831, 0.297826, 0.291232
940225340021, 0.297774, 0.291178
941996009211, 0.297718, 0.291120
943766678402, 0.297677, 0.291085
945537347592, 0.297607, 0.291013
947308016782, 0.297548, 0.290955
949078685972, 0.297496, 0.290896
950849355163, 0.297428, 0.290830
952620024353, 0.297366, 0.290759
954390693543, 0.297312, 0.290709
956161362733, 0.297240, 0.290637
957932031924, 0.297169, 0.290569
959702701114, 0.297102, 0.290512
961473370304, 0.297043, 0.290453
963244039494, 0.296975, 0.290393
965014708685, 0.296923, 0.290351
966785377875, 0.296866, 0.290295
968556047065, 0.296815, 0.290245
970326716255, 0.296770, 0.290200
972097385446, 0.296698, 0.290128
973868054636, 0.296642, 0.290085
975638723826, 0.296587, 0.290029
977409393016, 0.296542, 0.289980
979180062207, 0.296494, 0.289928
980950731397, 0.296455, 0.289885
982721400587, 0.296412, 0.289849
984492069777, 0.296363, 0.289792
986262738968, 0.296289, 0.289713
988033408158, 0.296245, 0.289665
989804077348, 0.296182, 0.289599
991574746538, 0.296118, 0.289525
993345415729, 0.296059, 0.289469
995116084919, 0.296024, 0.289429
996886754109, 0.295972, 0.289372
998657423299, 0.295932, 0.289339
1000428092490, 0.295883, 0.289293
1002198761680, 0.295815, 0.289232
1003969430870, 0.295770, 0.289193
1005740100060, 0.295724, 0.289135
1007510769251, 0.295676, 0.289088
1009281438441, 0.295637, 0.289046
1011052107631, 0.295594, 0.289010
1012822776821, 0.295549, 0.288964
1014593446012, 0.295510, 0.288920
1016364115202, 0.295460, 0.288867
1018134784392, 0.295413, 0.288822
1019905453582, 0.295366, 0.288779
1021676122773, 0.295331, 0.288746
1023446791963, 0.295296, 0.288711
1025217461153, 0.295259, 0.288666
1026988130343, 0.295219, 0.288618
1028758799534, 0.295181, 0.288573
1030529468724, 0.295131, 0.288518
1032300137914, 0.295104, 0.288486
1034070807104, 0.295067, 0.288448
1035841476295, 0.295013, 0.288396
1037612145485, 0.294973, 0.288345
1039382814675, 0.294935, 0.288309
1041153483865, 0.294885, 0.288259
1042924153056, 0.294836, 0.288223
1044694822246, 0.294789, 0.288184
1046465491436, 0.294746, 0.288139
1048236160626, 0.294707, 0.288100
1050006829817, 0.294670, 0.288062
1051777499007, 0.294621, 0.288013
1053548168197, 0.294589, 0.287984
1055318837387, 0.294544, 0.287938
1057089506578, 0.294501, 0.287901
1058860175768, 0.294458, 0.287859
1060630844958, 0.294415, 0.287816
1062401514148, 0.294378, 0.287782
1064172183339, 0.294329, 0.287737
1065942852529, 0.294280, 0.287683
1067713521719, 0.294241, 0.287646
1069484190909, 0.294195, 0.287600
1071254860100, 0.294159, 0.287567
1073025529290, 0.294115, 0.287533
1074796198480, 0.294069, 0.287487
1076566867670, 0.294023, 0.287441
1078337536861, 0.293978, 0.287406
1080108206051, 0.293938, 0.287370
1081878875241, 0.293895, 0.287314
1083649544431, 0.293859, 0.287277
1085420213622, 0.293828, 0.287245
1087190882812, 0.293794, 0.287202
1088961552002, 0.293757, 0.287165
1090732221192, 0.293718, 0.287123
1092502890383, 0.293683, 0.287077
1094273559573, 0.293660, 0.287048
1096044228763, 0.293618, 0.287005
1097814897953, 0.293574, 0.286970
1099585567144, 0.293538, 0.286925
1101356236334, 0.293490, 0.286891
1103126905524, 0.293452, 0.286853
1104897574714, 0.293427, 0.286825
1106668243905, 0.293394, 0.286796
1108438913095, 0.293354, 0.286764
1110209582285, 0.293320, 0.286722
1111980251475, 0.293280, 0.286681
1113750920665, 0.293256, 0.286658
1115521589856, 0.293222, 0.286625
1117292259046, 0.293173, 0.286579
1119062928236, 0.293140, 0.286546
1120833597426, 0.293115, 0.286521
1122604266617, 0.293068, 0.286473
1124374935807, 0.293037, 0.286438
1126145604997, 0.293003, 0.286410
1127916274187, 0.292974, 0.286376
1129686943378, 0.292935, 0.286351
1131457612568, 0.292895, 0.286315
1133228281758, 0.292864, 0.286287
1134998950948, 0.292837, 0.286261
1136769620139, 0.292793, 0.286214
1138540289329, 0.292766, 0.286185
1140310958519, 0.292733, 0.286151
1142081627709, 0.292693, 0.286112
1143852296900, 0.292659, 0.286081
1145622966090, 0.292630, 0.286047
1147393635280, 0.292600, 0.286021
1149164304470, 0.292561, 0.285989
1150934973661, 0.292521, 0.285956
1152705642851, 0.292480, 0.285921
1154476312041, 0.292442, 0.285883
1156246981231, 0.292408, 0.285846
1158017650422, 0.292394, 0.285826
1159788319612, 0.292367, 0.285802
1161558988802, 0.292335, 0.285764
1163329657992, 0.292304, 0.285734
1165100327183, 0.292274, 0.285706
1166870996373, 0.292247, 0.285676
1168641665563, 0.292216, 0.285650
1170412334753, 0.292169, 0.285601
1172183003944, 0.292138, 0.285573
1173953673134, 0.292108, 0.285544
1175724342324, 0.292087, 0.285518
1177495011514, 0.292049, 0.285475
1179265680705, 0.292019, 0.285447
1181036349895, 0.291988, 0.285412
1182807019085, 0.291955, 0.285379
1184577688275, 0.291920, 0.285345
1186348357466, 0.291883, 0.285313
1188119026656, 0.291847, 0.285280
1189889695846, 0.291812, 0.285245
1191660365036, 0.291799, 0.285226
1193431034227, 0.291771, 0.285193
1195201703417, 0.291742, 0.285164
1196972372607, 0.291709, 0.285133
1198743041797, 0.291680, 0.285108
1200513710988, 0.291648, 0.285074
1202284380178, 0.291620, 0.285041
1204055049368, 0.291589, 0.285011
1205825718558, 0.291563, 0.284987
1207596387749, 0.291532, 0.284954
1209367056939, 0.291510, 0.284933
1211137726129, 0.291483, 0.284907
1212908395319, 0.291458, 0.284881
1214679064510, 0.291428, 0.284849
1216449733700, 0.291400, 0.284814
1218220402890, 0.291376, 0.284786
1219991072080, 0.291353, 0.284756
1221761741271, 0.291326, 0.284727
1223532410461, 0.291299, 0.284693
1225303079651, 0.291281, 0.284670
1227073748841, 0.291255, 0.284640
1228844418032, 0.291232, 0.284611
1230615087222, 0.291208, 0.284593
1232385756412, 0.291187, 0.284573
1234156425602, 0.291165, 0.284544
1235927094793, 0.291133, 0.284519
1237697763983, 0.291105, 0.284487
1239468433173, 0.291081, 0.284464
1241239102363, 0.291056, 0.284435
1243009771554, 0.291039, 0.284414
1244780440744, 0.291017, 0.284395
1246551109934, 0.290994, 0.284372
1248321779124, 0.290973, 0.284348
1250092448315, 0.290955, 0.284326
1251863117505, 0.290929, 0.284299
1253633786695, 0.290915, 0.284285
1255404455885, 0.290895, 0.284267
1257175125076, 0.290871, 0.284243
1258945794266, 0.290850, 0.284213
1260716463456, 0.290824, 0.284189
1262487132646, 0.290802, 0.284167
1264257801837, 0.290772, 0.284142
1266028471027, 0.290752, 0.284118
1267799140217, 0.290730, 0.284099
1269569809407, 0.290705, 0.284075
1271340478598, 0.290685, 0.284054
1273111147788, 0.290664, 0.284033
1274881816978, 0.290645, 0.284011
1276652486168, 0.290627, 0.283991
1278423155359, 0.290601, 0.283967
1280193824549, 0.290579, 0.283946
1281964493739, 0.290556, 0.283918
1283735162929, 0.290529, 0.283883
1285505832120, 0.290506, 0.283864
1287276501310, 0.290486, 0.283848
1289047170500, 0.290464, 0.283828
1290817839690, 0.290436, 0.283800
1292588508881, 0.290413, 0.283775
1294359178071, 0.290379, 0.283739
1296129847261, 0.290357, 0.283718
1297900516451, 0.290339, 0.283700
1299671185642, 0.290306, 0.283669
1301441854832, 0.290287, 0.283648
1303212524022, 0.290271, 0.283633
1304983193212, 0.290251, 0.283613
1306753862403, 0.290230, 0.283591
1308524531593, 0.290212, 0.283570
1310295200783, 0.290199, 0.283557
1312065869973, 0.290178, 0.283531
1313836539164, 0.290158, 0.283511
1315607208354, 0.290135, 0.283487
1317377877544, 0.290122, 0.283467
1319148546734, 0.290108, 0.283451
1320919215925, 0.290091, 0.283427
1322689885115, 0.290077, 0.283408
1324460554305, 0.290064, 0.283395
1326231223495, 0.290042, 0.283378
1328001892686, 0.290028, 0.283361
1329772561876, 0.290011, 0.283341
1331543231066, 0.289996, 0.283324
1333313900256, 0.289976, 0.283305
1335084569446, 0.289959, 0.283290
1336855238637, 0.289935, 0.283268
1338625907827, 0.289920, 0.283252
1340396577017, 0.289894, 0.283234
1342167246207, 0.289872, 0.283213
1343937915398, 0.289854, 0.283198
1345708584588, 0.289831, 0.283180
1347479253778, 0.289820, 0.283173
1349249922968, 0.289805, 0.283156
1351020592159, 0.289797, 0.283146
1352791261349, 0.289780, 0.283131
1354561930539, 0.289760, 0.283116
1356332599729, 0.289743, 0.283102
1358103268920, 0.289721, 0.283078
1359873938110, 0.289707, 0.283057
1361644607300, 0.289693, 0.283041
1363415276490, 0.289676, 0.283019
1365185945681, 0.289662, 0.283004
1366956614871, 0.289643, 0.282982
1368727284061, 0.289625, 0.282960
1370497953251, 0.289609, 0.282948
1372268622442, 0.289587, 0.282926
1374039291632, 0.289564, 0.282910
1375809960822, 0.289551, 0.282896
1377580630012, 0.289541, 0.282885
1379351299203, 0.289524, 0.282870
1381121968393, 0.289507, 0.282857
1382892637583, 0.289491, 0.282836
1384663306773, 0.289475, 0.282816
1386433975964, 0.289461, 0.282806
1388204645154, 0.289444, 0.282787
1389975314344, 0.289436, 0.282778
1391745983534, 0.289422, 0.282763
1393516652725, 0.289411, 0.282750
1395287321915, 0.289397, 0.282738
1397057991105, 0.289380, 0.282725
1398828660295, 0.289366, 0.282713
1400599329486, 0.289349, 0.282696
1402369998676, 0.289331, 0.282670
1404140667866, 0.289322, 0.282660
1405911337056, 0.289304, 0.282643
1407682006247, 0.289295, 0.282628
1409452675437, 0.289281, 0.282612
1411223344627, 0.289260, 0.282589
1412994013817, 0.289243, 0.282574
1414764683008, 0.289233, 0.282562
1416535352198, 0.289215, 0.282538
1418306021388, 0.289203, 0.282525
1420076690578, 0.289192, 0.282510
1421847359769, 0.289179, 0.282498
1423618028959, 0.289169, 0.282490
1425388698149, 0.289162, 0.282480
1427159367339, 0.289152, 0.282469
1428930036530, 0.289139, 0.282456
1430700705720, 0.289127, 0.282447
1432471374910, 0.289120, 0.282436
1434242044100, 0.289107, 0.282420
1436012713291, 0.289094, 0.282405
1437783382481, 0.289084, 0.282394
1439554051671, 0.289073, 0.282383
1441324720861, 0.289067, 0.282377
1443095390052, 0.289060, 0.282367
1444866059242, 0.289045, 0.282352
1446636728432, 0.289042, 0.282348
1448407397622, 0.289027, 0.282332
1450178066813, 0.289015, 0.282318
1451948736003, 0.289009, 0.282311
1453719405193, 0.288991, 0.282296
1455490074383, 0.288983, 0.282288
1457260743574, 0.288975, 0.282280
1459031412764, 0.288960, 0.282267
1460802081954, 0.288955, 0.282260
1462572751144, 0.288942, 0.282251
1464343420335, 0.288929, 0.282246
1466114089525, 0.288921, 0.282240
1467884758715, 0.288908, 0.282227
1469655427905, 0.288892, 0.282213
1471426097096, 0.288883, 0.282202
1473196766286, 0.288865, 0.282186
1474967435476, 0.288857, 0.282179
1476738104666, 0.288850, 0.282173
1478508773857, 0.288836, 0.282159
1480279443047, 0.288823, 0.282144
1482050112237, 0.288810, 0.282133
1483820781427, 0.288803, 0.282124
1485591450618, 0.288791, 0.282113
1487362119808, 0.288776, 0.282100
1489132788998, 0.288765, 0.282094
1490903458188, 0.288758, 0.282085
1492674127379, 0.288747, 0.282071
1494444796569, 0.288733, 0.282056
1496215465759, 0.288722, 0.282046
1497986134949, 0.288713, 0.282035
1499756804140, 0.288705, 0.282025
1501527473330, 0.288696, 0.282019
1503298142520, 0.288683, 0.282006
1505068811710, 0.288676, 0.282000
1506839480901, 0.288670, 0.281988
1508610150091, 0.288658, 0.281976
1510380819281, 0.288652, 0.281968
1512151488471, 0.288646, 0.281959
1513922157662, 0.288638, 0.281951
1515692826852, 0.288630, 0.281939
1517463496042, 0.288622, 0.281933
1519234165232, 0.288613, 0.281923
1521004834423, 0.288606, 0.281914
1522775503613, 0.288600, 0.281905
1524546172803, 0.288594, 0.281899
1526316841993, 0.288582, 0.281888
1528087511184, 0.288573, 0.281879
1529858180374, 0.288568, 0.281870
1531628849564, 0.288563, 0.281861
1533399518754, 0.288561, 0.281859
1535170187945, 0.288553, 0.281851
1536940857135, 0.288545, 0.281844
1538711526325, 0.288535, 0.281835
1540482195515, 0.288530, 0.281829
1542252864706, 0.288523, 0.281822
1544023533896, 0.288512, 0.281811
1545794203086, 0.288503, 0.281800
1547564872276, 0.288495, 0.281791
1549335541467, 0.288485, 0.281781
1551106210657, 0.288476, 0.281771
1552876879847, 0.288463, 0.281757
1554647549037, 0.288450, 0.281746
1556418218227, 0.288445, 0.281737
1558188887418, 0.288434, 0.281729
1559959556608, 0.288432, 0.281727
1561730225798, 0.288427, 0.281721
1563500894988, 0.288420, 0.281713
1565271564179, 0.288411, 0.281702
1567042233369, 0.288403, 0.281693
1568812902559, 0.288401, 0.281688
1570583571749, 0.288393, 0.281679
1572354240940, 0.288388, 0.281672
1574124910130, 0.288380, 0.281666
1575895579320, 0.288371, 0.281660
1577666248510, 0.288363, 0.281650
1579436917701, 0.288358, 0.281645
1581207586891, 0.288348, 0.281636
1582978256081, 0.288340, 0.281626
1584748925271, 0.288336, 0.281619
1586519594462, 0.288331, 0.281612
1588290263652, 0.288324, 0.281605
1590060932842, 0.288320, 0.281599
1591831602032, 0.288308, 0.281589
1593602271223, 0.288303, 0.281580
1595372940413, 0.288294, 0.281571
1597143609603, 0.288290, 0.281568
1598914278793, 0.288284, 0.281561
1600684947984, 0.288275, 0.281550
1602455617174, 0.288267, 0.281545
1604226286364, 0.288257, 0.281536
1605996955554, 0.288250, 0.281526
1607767624745, 0.288248, 0.281522
1609538293935, 0.288241, 0.281514
1611308963125, 0.288236, 0.281509
1613079632315, 0.288231, 0.281506
1614850301506, 0.288223, 0.281496
1616620970696, 0.288214, 0.281489
1618391639886, 0.288211, 0.281489
1620162309076, 0.288208, 0.281485
1621932978267, 0.288202, 0.281480
1623703647457, 0.288200, 0.281479
1625474316647, 0.288192, 0.281475
1627244985837, 0.288183, 0.281467
1629015655028, 0.288177, 0.281459
1630786324218, 0.288174, 0.281458
1632556993408, 0.288172, 0.281457
1634327662598, 0.288172, 0.281455
1636098331789, 0.288168, 0.281453
1637869000979, 0.288165, 0.281450
1639639670169, 0.288163, 0.281448
1641410339359, 0.288160, 0.281446
1643181008550, 0.288155, 0.281441
1644951677740, 0.288150, 0.281435
1646722346930, 0.288139, 0.281425
1648493016120, 0.288133, 0.281416
1650263685311, 0.288125, 0.281410
1652034354501, 0.288123, 0.281406
1653805023691, 0.288111, 0.281395
1655575692881, 0.288107, 0.281391
1657346362072, 0.288105, 0.281387
1659117031262, 0.288099, 0.281384
1660887700452, 0.288096, 0.281380
1662658369642, 0.288093, 0.281379
1664429038833, 0.288090, 0.281379
1666199708023, 0.288090, 0.281379
1667970377213, 0.288088, 0.281376
1669741046403, 0.288084, 0.281375
1671511715594, 0.288078, 0.281371
1673282384784, 0.288075, 0.281367
1675053053974, 0.288072, 0.281365
1676823723164, 0.288071, 0.281363
1678594392355, 0.288065, 0.281355
1680365061545, 0.288063, 0.281352
1682135730735, 0.288062, 0.281351
1683906399925, 0.288061, 0.281351
1685677069116, 0.288057, 0.281347
1687447738306, 0.288050, 0.281343
1689218407496, 0.288047, 0.281336
1690989076686, 0.288044, 0.281331
1692759745877, 0.288039, 0.281327
1694530415067, 0.288035, 0.281326
1696301084257, 0.288030, 0.281321
1698071753447, 0.288026, 0.281317
1699842422638, 0.288025, 0.281317
1701613091828, 0.288021, 0.281314
1703383761018, 0.288020, 0.281313
1705154430208, 0.288018, 0.281308
1706925099399, 0.288017, 0.281306
1708695768589, 0.288016, 0.281304
1710466437779, 0.288012, 0.281301
1712237106969, 0.288008, 0.281299
1714007776160, 0.288008, 0.281297
1715778445350, 0.288005, 0.281294
1717549114540, 0.288000, 0.281291
1719319783730, 0.287999, 0.281289
1721090452921, 0.287992, 0.281286
1722861122111, 0.287991, 0.281284
1724631791301, 0.287989, 0.281283
1726402460491, 0.287986, 0.281281
1728173129682, 0.287983, 0.281277
1729943798872, 0.287981, 0.281273
1731714468062, 0.287980, 0.281272
1733485137252, 0.287977, 0.281269
1735255806443, 0.287977, 0.281269
1737026475633, 0.287976, 0.281267
1738797144823, 0.287976, 0.281267
1740567814013, 0.287976, 0.281267
1742338483204, 0.287973, 0.281265
1744109152394, 0.287973, 0.281265
1745879821584, 0.287973, 0.281265
1747650490774, 0.287973, 0.281265
1749421159965, 0.287973, 0.281265
1751191829155, 0.287972, 0.281264
1752962498345, 0.287972, 0.281264
1754733167535, 0.287971, 0.281263
1756503836726, 0.287971, 0.281263
1758274505916, 0.287969, 0.281262
1760045175106, 0.287968, 0.281260
1761815844296, 0.287968, 0.281260
1763586513487, 0.287968, 0.281260
1765357182677, 0.287968, 0.281260
1767127851867, 0.287968, 0.281260
1768898521057, 0.287968, 0.281260
1770669190248, 0.287968, 0.281260
Time used: 116835 ms
