logging to /opt/flows_res_1000/2016020600-2016020700_unique/tenant_5_profile_res-FIX_RATE-FLOWS-0.01.csvtracefile: /data1/tenant_trace/2016020600-2016020700_unique/tenant_5_trace
open file /data1/tenant_trace/2016020600-2016020700_unique/tenant_5_trace
read 1000000 lines
read 2000000 lines
read 3000000 lines
read 4000000 lines
read 5000000 lines
read 6000000 lines
read 7000000 lines
read 8000000 lines
read 9000000 lines
read 10000000 lines
read 11000000 lines
read 12000000 lines
read 13000000 lines
read 14000000 lines
read 15000000 lines
read 16000000 lines
read 17000000 lines
read 18000000 lines
read 19000000 lines
read 20000000 lines
read 21000000 lines
read 22000000 lines
read 23000000 lines
read 24000000 lines
read 25000000 lines
read 26000000 lines
read 27000000 lines
read 28000000 lines
read 29000000 lines
read 30000000 lines
read 31000000 lines
read 32000000 lines
read 33000000 lines
read 34000000 lines
read 35000000 lines
read 36000000 lines
read 37000000 lines
read 38000000 lines
read 39000000 lines
read 40000000 lines
read 41000000 lines
read 42000000 lines
read 43000000 lines
read 44000000 lines
read 45000000 lines
read 46000000 lines
read 47000000 lines
read 48000000 lines
read 49000000 lines
read 50000000 lines
read 51000000 lines
read 52000000 lines
read 53000000 lines
read 54000000 lines
read 55000000 lines
read 56000000 lines
read 57000000 lines
read 58000000 lines
read 59000000 lines
read 60000000 lines
read 61000000 lines
read 62000000 lines
read 63000000 lines
read 64000000 lines
read 65000000 lines
read 66000000 lines
read 67000000 lines
read 68000000 lines
read 69000000 lines
read 70000000 lines
read 71000000 lines
read 72000000 lines
read 73000000 lines
read 74000000 lines
read 75000000 lines
read 76000000 lines
read 77000000 lines
read 78000000 lines
read 79000000 lines
read 80000000 lines
read 81000000 lines
read 82000000 lines
read 83000000 lines
read 84000000 lines
read 85000000 lines
read 86000000 lines
read 87000000 lines
read 88000000 lines
read 89000000 lines
read 90000000 lines
read 91000000 lines
read 92000000 lines
read 93000000 lines
read 94000000 lines
read 95000000 lines
read 96000000 lines
read 97000000 lines
read 98000000 lines
read 99000000 lines
read 100000000 lines
read 101000000 lines
read 102000000 lines
read 103000000 lines
read 104000000 lines
read 105000000 lines
read 106000000 lines
read 107000000 lines
read 108000000 lines
read 109000000 lines
read 110000000 lines
read 111000000 lines
read 112000000 lines
read 113000000 lines
read 114000000 lines
read 115000000 lines
read 116000000 lines
read 117000000 lines
read 118000000 lines
read 119000000 lines
read 120000000 lines
read 121000000 lines
read 122000000 lines
read 123000000 lines
read 124000000 lines
read 125000000 lines
read 126000000 lines
read 127000000 lines
read 128000000 lines
read 129000000 lines
read 130000000 lines
read 131000000 lines
read 132000000 lines
read 133000000 lines
read 134000000 lines
read 135000000 lines
read 136000000 lines
read 137000000 lines
read 138000000 lines
read 139000000 lines
read 140000000 lines
read 141000000 lines
read 142000000 lines
read 143000000 lines
read 144000000 lines
read 145000000 lines
read 146000000 lines
read 147000000 lines
read 148000000 lines
read 149000000 lines
read 150000000 lines
read 151000000 lines
read 152000000 lines
read 153000000 lines
read 154000000 lines
read 155000000 lines
read 156000000 lines
read 157000000 lines
read 158000000 lines
read 159000000 lines
[FILE]: /data1/tenant_trace/2016020600-2016020700_unique/tenant_5_trace
total_access_num: 159185252
total_access_size: 6644611205209
unique_access_num: 43664035
unique_access_size: 1836706314617
min_item_size: 1
[method]: FLOWS
[metric]: MAE
[seed]: 42
[sample_method]: FIX_RATE
[sample_metric]: 0.01
MAEQ_factor: 1.028671
cache_size, BMRC_ratio, OMRC_ratio
1836706314, 0.885704, 0.888119
3673412629, 0.849649, 0.850006
5510118943, 0.823112, 0.821959
7346825258, 0.801638, 0.799360
9183531573, 0.783138, 0.779861
11020237887, 0.766410, 0.762350
12856944202, 0.751777, 0.747028
14693650516, 0.738278, 0.733082
16530356831, 0.725820, 0.720214
18367063146, 0.714241, 0.708259
20203769460, 0.703616, 0.697449
22040475775, 0.693488, 0.687040
23877182090, 0.683767, 0.677183
25713888404, 0.674761, 0.667929
27550594719, 0.666009, 0.659050
29387301033, 0.657859, 0.650899
31224007348, 0.650109, 0.643039
33060713663, 0.642759, 0.635592
34897419977, 0.635776, 0.628419
36734126292, 0.628875, 0.621407
38570832606, 0.622258, 0.614779
40407538921, 0.615942, 0.608407
42244245236, 0.609853, 0.602145
44080951550, 0.603955, 0.596330
45917657865, 0.598248, 0.590658
47754364180, 0.592750, 0.585058
49591070494, 0.587640, 0.579919
51427776809, 0.582597, 0.574832
53264483123, 0.577749, 0.570021
55101189438, 0.572961, 0.565327
56937895753, 0.568326, 0.560742
58774602067, 0.563930, 0.556358
60611308382, 0.559650, 0.552096
62448014696, 0.555599, 0.548053
64284721011, 0.551569, 0.544109
66121427326, 0.547512, 0.540061
67958133640, 0.543528, 0.536139
69794839955, 0.539755, 0.532503
71631546270, 0.536121, 0.528850
73468252584, 0.532596, 0.525334
75304958899, 0.529135, 0.521849
77141665213, 0.525840, 0.518569
78978371528, 0.522550, 0.515281
80815077843, 0.519441, 0.512242
82651784157, 0.516315, 0.509192
84488490472, 0.513263, 0.506191
86325196786, 0.510292, 0.503240
88161903101, 0.507423, 0.500392
89998609416, 0.504627, 0.497611
91835315730, 0.501922, 0.494944
93672022045, 0.499200, 0.492360
95508728360, 0.496377, 0.489537
97345434674, 0.493804, 0.486992
99182140989, 0.491211, 0.484398
101018847303, 0.488728, 0.481910
102855553618, 0.486245, 0.479488
104692259933, 0.483843, 0.477072
106528966247, 0.481526, 0.474788
108365672562, 0.479165, 0.472470
110202378877, 0.476918, 0.470222
112039085191, 0.474776, 0.468021
113875791506, 0.472576, 0.465858
115712497820, 0.470481, 0.463750
117549204135, 0.468344, 0.461682
119385910450, 0.466314, 0.459673
121222616764, 0.464328, 0.457764
123059323079, 0.462330, 0.455850
124896029393, 0.460395, 0.453952
126732735708, 0.458587, 0.452200
128569442023, 0.456652, 0.450327
130406148337, 0.454756, 0.448525
132242854652, 0.452841, 0.446712
134079560967, 0.451046, 0.444985
135916267281, 0.449277, 0.443268
137752973596, 0.447492, 0.441512
139589679910, 0.445801, 0.439802
141426386225, 0.444085, 0.438110
143263092540, 0.442372, 0.436450
145099798854, 0.440812, 0.434931
146936505169, 0.439214, 0.433382
148773211483, 0.437682, 0.431863
150609917798, 0.436059, 0.430301
152446624113, 0.434507, 0.428791
154283330427, 0.433047, 0.427360
156120036742, 0.431570, 0.425958
157956743057, 0.430176, 0.424564
159793449371, 0.428759, 0.423113
161630155686, 0.427347, 0.421787
163466862000, 0.425990, 0.420460
165303568315, 0.424669, 0.419120
167140274630, 0.423302, 0.417804
168976980944, 0.421927, 0.416491
170813687259, 0.420652, 0.415223
172650393573, 0.419325, 0.413932
174487099888, 0.418098, 0.412727
176323806203, 0.416812, 0.411480
178160512517, 0.415614, 0.410289
179997218832, 0.414373, 0.409024
181833925147, 0.413141, 0.407853
183670631461, 0.411961, 0.406711
185507337776, 0.410828, 0.405587
187344044090, 0.409625, 0.404419
189180750405, 0.408507, 0.403318
191017456720, 0.407425, 0.402221
192854163034, 0.406332, 0.401168
194690869349, 0.405254, 0.400085
196527575664, 0.404189, 0.399082
198364281978, 0.403182, 0.398090
200200988293, 0.402134, 0.397081
202037694607, 0.401051, 0.396061
203874400922, 0.399973, 0.395037
205711107237, 0.399024, 0.394082
207547813551, 0.398027, 0.393114
209384519866, 0.397033, 0.392157
211221226180, 0.396050, 0.391176
213057932495, 0.395047, 0.390204
214894638810, 0.394046, 0.389305
216731345124, 0.393152, 0.388459
218568051439, 0.392234, 0.387596
220404757754, 0.391291, 0.386684
222241464068, 0.390339, 0.385781
224078170383, 0.389450, 0.384933
225914876697, 0.388588, 0.384118
227751583012, 0.387712, 0.383242
229588289327, 0.386867, 0.382445
231424995641, 0.385996, 0.381602
233261701956, 0.385203, 0.380824
235098408270, 0.384346, 0.379967
236935114585, 0.383478, 0.379161
238771820900, 0.382676, 0.378404
240608527214, 0.381901, 0.377613
242445233529, 0.381130, 0.376878
244281939844, 0.380333, 0.376125
246118646158, 0.379555, 0.375392
247955352473, 0.378742, 0.374638
249792058787, 0.377990, 0.373900
251628765102, 0.377207, 0.373161
253465471417, 0.376395, 0.372380
255302177731, 0.375662, 0.371663
257138884046, 0.374926, 0.370963
258975590360, 0.374196, 0.370270
260812296675, 0.373459, 0.369590
262649002990, 0.372718, 0.368891
264485709304, 0.372031, 0.368244
266322415619, 0.371323, 0.367572
268159121934, 0.370613, 0.366879
269995828248, 0.369973, 0.366259
271832534563, 0.369306, 0.365613
273669240877, 0.368641, 0.364941
275505947192, 0.368002, 0.364329
277342653507, 0.367315, 0.363668
279179359821, 0.366627, 0.363010
281016066136, 0.366035, 0.362397
282852772451, 0.365388, 0.361776
284689478765, 0.364704, 0.361152
286526185080, 0.364063, 0.360507
288362891394, 0.363490, 0.359943
290199597709, 0.362817, 0.359302
292036304024, 0.362245, 0.358741
293873010338, 0.361651, 0.358163
295709716653, 0.361032, 0.357572
297546422967, 0.360445, 0.356978
299383129282, 0.359850, 0.356390
301219835597, 0.359234, 0.355792
303056541911, 0.358635, 0.355206
304893248226, 0.358056, 0.354626
306729954541, 0.357519, 0.354082
308566660855, 0.356976, 0.353559
310403367170, 0.356448, 0.353041
312240073484, 0.355882, 0.352482
314076779799, 0.355340, 0.351958
315913486114, 0.354823, 0.351448
317750192428, 0.354288, 0.350921
319586898743, 0.353782, 0.350439
321423605057, 0.353271, 0.349909
323260311372, 0.352764, 0.349431
325097017687, 0.352225, 0.348927
326933724001, 0.351743, 0.348492
328770430316, 0.351226, 0.347986
330607136631, 0.350772, 0.347515
332443842945, 0.350230, 0.346983
334280549260, 0.349722, 0.346506
336117255574, 0.349245, 0.346017
337953961889, 0.348785, 0.345567
339790668204, 0.348303, 0.345111
341627374518, 0.347799, 0.344648
343464080833, 0.347330, 0.344224
345300787147, 0.346838, 0.343747
347137493462, 0.346372, 0.343298
348974199777, 0.345924, 0.342882
350810906091, 0.345453, 0.342404
352647612406, 0.345015, 0.341971
354484318721, 0.344555, 0.341548
356321025035, 0.344131, 0.341142
358157731350, 0.343678, 0.340685
359994437664, 0.343231, 0.340279
361831143979, 0.342813, 0.339872
363667850294, 0.342406, 0.339457
365504556608, 0.341952, 0.339035
367341262923, 0.341526, 0.338619
369177969238, 0.341114, 0.338236
371014675552, 0.340695, 0.337830
372851381867, 0.340297, 0.337441
374688088181, 0.339891, 0.337032
376524794496, 0.339510, 0.336671
378361500811, 0.339128, 0.336330
380198207125, 0.338765, 0.335953
382034913440, 0.338421, 0.335599
383871619754, 0.338038, 0.335208
385708326069, 0.337685, 0.334855
387545032384, 0.337293, 0.334482
389381738698, 0.336842, 0.334038
391218445013, 0.336485, 0.333726
393055151328, 0.336109, 0.333327
394891857642, 0.335748, 0.332968
396728563957, 0.335381, 0.332607
398565270271, 0.335068, 0.332311
400401976586, 0.334674, 0.331918
402238682901, 0.334308, 0.331566
404075389215, 0.333960, 0.331233
405912095530, 0.333620, 0.330894
407748801844, 0.333290, 0.330587
409585508159, 0.332930, 0.330254
411422214474, 0.332598, 0.329946
413258920788, 0.332276, 0.329622
415095627103, 0.331950, 0.329296
416932333418, 0.331582, 0.328935
418769039732, 0.331249, 0.328622
420605746047, 0.330937, 0.328308
422442452361, 0.330600, 0.327978
424279158676, 0.330304, 0.327697
426115864991, 0.329968, 0.327382
427952571305, 0.329680, 0.327099
429789277620, 0.329382, 0.326761
431625983934, 0.329034, 0.326418
433462690249, 0.328707, 0.326088
435299396564, 0.328420, 0.325805
437136102878, 0.328117, 0.325509
438972809193, 0.327835, 0.325232
440809515508, 0.327520, 0.324927
442646221822, 0.327222, 0.324632
444482928137, 0.326926, 0.324333
446319634451, 0.326605, 0.324026
448156340766, 0.326285, 0.323721
449993047081, 0.325998, 0.323427
451829753395, 0.325728, 0.323158
453666459710, 0.325419, 0.322838
455503166025, 0.325110, 0.322559
457339872339, 0.324804, 0.322252
459176578654, 0.324535, 0.321975
461013284968, 0.324237, 0.321674
462849991283, 0.323959, 0.321404
464686697598, 0.323678, 0.321133
466523403912, 0.323379, 0.320849
468360110227, 0.323111, 0.320582
470196816541, 0.322873, 0.320335
472033522856, 0.322621, 0.320074
473870229171, 0.322350, 0.319802
475706935485, 0.322099, 0.319571
477543641800, 0.321817, 0.319301
479380348115, 0.321542, 0.319028
481217054429, 0.321298, 0.318775
483053760744, 0.321033, 0.318508
484890467058, 0.320752, 0.318239
486727173373, 0.320504, 0.317980
488563879688, 0.320258, 0.317740
490400586002, 0.319995, 0.317499
492237292317, 0.319747, 0.317240
494073998631, 0.319492, 0.317024
495910704946, 0.319232, 0.316771
497747411261, 0.319006, 0.316528
499584117575, 0.318742, 0.316283
501420823890, 0.318499, 0.316048
503257530205, 0.318201, 0.315775
505094236519, 0.317978, 0.315542
506930942834, 0.317727, 0.315313
508767649148, 0.317458, 0.315054
510604355463, 0.317215, 0.314831
512441061778, 0.316997, 0.314612
514277768092, 0.316745, 0.314378
516114474407, 0.316522, 0.314164
517951180721, 0.316299, 0.313946
519787887036, 0.316089, 0.313741
521624593351, 0.315874, 0.313532
523461299665, 0.315667, 0.313334
525298005980, 0.315435, 0.313097
527134712295, 0.315215, 0.312879
528971418609, 0.314990, 0.312671
530808124924, 0.314752, 0.312452
532644831238, 0.314532, 0.312237
534481537553, 0.314320, 0.312044
536318243868, 0.314085, 0.311795
538154950182, 0.313868, 0.311577
539991656497, 0.313651, 0.311358
541828362812, 0.313434, 0.311149
543665069126, 0.313220, 0.310952
545501775441, 0.313050, 0.310786
547338481755, 0.312824, 0.310577
549175188070, 0.312611, 0.310377
551011894385, 0.312439, 0.310178
552848600699, 0.312248, 0.309965
554685307014, 0.312067, 0.309771
556522013328, 0.311879, 0.309593
558358719643, 0.311669, 0.309373
560195425958, 0.311480, 0.309166
562032132272, 0.311256, 0.308958
563868838587, 0.311070, 0.308762
565705544902, 0.310874, 0.308557
567542251216, 0.310674, 0.308355
569378957531, 0.310473, 0.308159
571215663845, 0.310273, 0.307959
573052370160, 0.310028, 0.307727
574889076475, 0.309838, 0.307541
576725782789, 0.309660, 0.307360
578562489104, 0.309495, 0.307199
580399195418, 0.309338, 0.307031
582235901733, 0.309175, 0.306873
584072608048, 0.308986, 0.306693
585909314362, 0.308795, 0.306507
587746020677, 0.308629, 0.306342
589582726992, 0.308444, 0.306155
591419433306, 0.308276, 0.305987
593256139621, 0.308116, 0.305820
595092845935, 0.307940, 0.305626
596929552250, 0.307763, 0.305450
598766258565, 0.307607, 0.305278
600602964879, 0.307428, 0.305096
602439671194, 0.307254, 0.304923
604276377508, 0.307106, 0.304787
606113083823, 0.306948, 0.304609
607949790138, 0.306753, 0.304415
609786496452, 0.306593, 0.304240
611623202767, 0.306429, 0.304072
613459909082, 0.306289, 0.303931
615296615396, 0.306126, 0.303767
617133321711, 0.305964, 0.303611
618970028025, 0.305835, 0.303464
620806734340, 0.305673, 0.303325
622643440655, 0.305498, 0.303170
624480146969, 0.305349, 0.303014
626316853284, 0.305166, 0.302842
628153559599, 0.304990, 0.302662
629990265913, 0.304831, 0.302505
631826972228, 0.304693, 0.302382
633663678542, 0.304543, 0.302215
635500384857, 0.304375, 0.302052
637337091172, 0.304232, 0.301902
639173797486, 0.304079, 0.301755
641010503801, 0.303915, 0.301589
642847210115, 0.303777, 0.301466
644683916430, 0.303662, 0.301357
646520622745, 0.303512, 0.301213
648357329059, 0.303357, 0.301077
650194035374, 0.303201, 0.300930
652030741689, 0.303076, 0.300794
653867448003, 0.302913, 0.300647
655704154318, 0.302762, 0.300506
657540860632, 0.302613, 0.300352
659377566947, 0.302499, 0.300239
661214273262, 0.302340, 0.300073
663050979576, 0.302214, 0.299947
664887685891, 0.302096, 0.299838
666724392205, 0.301947, 0.299701
668561098520, 0.301807, 0.299547
670397804835, 0.301661, 0.299401
672234511149, 0.301504, 0.299244
674071217464, 0.301338, 0.299078
675907923779, 0.301203, 0.298947
677744630093, 0.301083, 0.298835
679581336408, 0.300934, 0.298693
681418042722, 0.300810, 0.298564
683254749037, 0.300716, 0.298455
685091455352, 0.300581, 0.298320
686928161666, 0.300441, 0.298180
688764867981, 0.300329, 0.298069
690601574295, 0.300206, 0.297943
692438280610, 0.300063, 0.297796
694274986925, 0.299926, 0.297668
696111693239, 0.299811, 0.297555
697948399554, 0.299678, 0.297417
699785105869, 0.299558, 0.297301
701621812183, 0.299422, 0.297176
703458518498, 0.299311, 0.297061
705295224812, 0.299189, 0.296930
707131931127, 0.299084, 0.296813
708968637442, 0.298964, 0.296698
710805343756, 0.298867, 0.296589
712642050071, 0.298759, 0.296490
714478756386, 0.298622, 0.296358
716315462700, 0.298499, 0.296236
718152169015, 0.298385, 0.296128
719988875329, 0.298242, 0.296002
721825581644, 0.298143, 0.295901
723662287959, 0.298009, 0.295786
725498994273, 0.297908, 0.295671
727335700588, 0.297784, 0.295544
729172406902, 0.297661, 0.295439
731009113217, 0.297544, 0.295320
732845819532, 0.297434, 0.295213
734682525846, 0.297330, 0.295103
736519232161, 0.297215, 0.294988
738355938476, 0.297110, 0.294873
740192644790, 0.297000, 0.294771
742029351105, 0.296886, 0.294658
743866057419, 0.296796, 0.294566
745702763734, 0.296683, 0.294449
747539470049, 0.296559, 0.294330
749376176363, 0.296438, 0.294211
751212882678, 0.296323, 0.294101
753049588992, 0.296228, 0.294006
754886295307, 0.296140, 0.293907
756723001622, 0.296014, 0.293782
758559707936, 0.295890, 0.293659
760396414251, 0.295785, 0.293551
762233120566, 0.295701, 0.293457
764069826880, 0.295595, 0.293355
765906533195, 0.295493, 0.293256
767743239509, 0.295402, 0.293165
769579945824, 0.295288, 0.293050
771416652139, 0.295193, 0.292973
773253358453, 0.295100, 0.292888
775090064768, 0.294986, 0.292775
776926771082, 0.294893, 0.292680
778763477397, 0.294779, 0.292562
780600183712, 0.294674, 0.292463
782436890026, 0.294560, 0.292352
784273596341, 0.294472, 0.292251
786110302656, 0.294373, 0.292165
787947008970, 0.294278, 0.292067
789783715285, 0.294182, 0.291971
791620421599, 0.294084, 0.291885
793457127914, 0.293987, 0.291787
795293834229, 0.293885, 0.291689
797130540543, 0.293788, 0.291587
798967246858, 0.293685, 0.291492
800803953173, 0.293599, 0.291399
802640659487, 0.293506, 0.291310
804477365802, 0.293421, 0.291225
806314072116, 0.293338, 0.291146
808150778431, 0.293247, 0.291065
809987484746, 0.293175, 0.290978
811824191060, 0.293089, 0.290879
813660897375, 0.293004, 0.290795
815497603689, 0.292909, 0.290705
817334310004, 0.292810, 0.290610
819171016319, 0.292727, 0.290526
821007722633, 0.292641, 0.290440
822844428948, 0.292545, 0.290345
824681135263, 0.292462, 0.290264
826517841577, 0.292393, 0.290183
828354547892, 0.292322, 0.290112
830191254206, 0.292225, 0.290013
832027960521, 0.292153, 0.289936
833864666836, 0.292065, 0.289855
835701373150, 0.291971, 0.289778
837538079465, 0.291880, 0.289681
839374785779, 0.291803, 0.289595
841211492094, 0.291739, 0.289526
843048198409, 0.291658, 0.289444
844884904723, 0.291565, 0.289355
846721611038, 0.291481, 0.289278
848558317353, 0.291418, 0.289206
850395023667, 0.291343, 0.289135
852231729982, 0.291283, 0.289069
854068436296, 0.291205, 0.288990
855905142611, 0.291115, 0.288900
857741848926, 0.291047, 0.288832
859578555240, 0.290959, 0.288740
861415261555, 0.290890, 0.288674
863251967869, 0.290814, 0.288595
865088674184, 0.290748, 0.288515
866925380499, 0.290674, 0.288435
868762086813, 0.290592, 0.288343
870598793128, 0.290515, 0.288260
872435499443, 0.290457, 0.288198
874272205757, 0.290393, 0.288127
876108912072, 0.290307, 0.288038
877945618386, 0.290239, 0.287971
879782324701, 0.290164, 0.287907
881619031016, 0.290074, 0.287824
883455737330, 0.289986, 0.287739
885292443645, 0.289916, 0.287677
887129149960, 0.289841, 0.287606
888965856274, 0.289779, 0.287544
890802562589, 0.289711, 0.287466
892639268903, 0.289651, 0.287407
894475975218, 0.289586, 0.287348
896312681533, 0.289502, 0.287277
898149387847, 0.289444, 0.287211
899986094162, 0.289374, 0.287146
901822800476, 0.289300, 0.287063
903659506791, 0.289225, 0.286994
905496213106, 0.289134, 0.286905
907332919420, 0.289059, 0.286836
909169625735, 0.288986, 0.286772
911006332050, 0.288910, 0.286699
912843038364, 0.288840, 0.286628
914679744679, 0.288769, 0.286558
916516450993, 0.288708, 0.286498
918353157308, 0.288636, 0.286420
920189863623, 0.288577, 0.286361
922026569937, 0.288501, 0.286285
923863276252, 0.288444, 0.286231
925699982566, 0.288388, 0.286176
927536688881, 0.288321, 0.286112
929373395196, 0.288247, 0.286037
931210101510, 0.288185, 0.285983
933046807825, 0.288121, 0.285923
934883514140, 0.288071, 0.285877
936720220454, 0.288002, 0.285810
938556926769, 0.287937, 0.285741
940393633083, 0.287880, 0.285686
942230339398, 0.287830, 0.285631
944067045713, 0.287783, 0.285586
945903752027, 0.287723, 0.285525
947740458342, 0.287667, 0.285469
949577164656, 0.287612, 0.285412
951413870971, 0.287562, 0.285354
953250577286, 0.287509, 0.285300
955087283600, 0.287465, 0.285253
956923989915, 0.287395, 0.285173
958760696230, 0.287336, 0.285116
960597402544, 0.287279, 0.285060
962434108859, 0.287223, 0.285009
964270815173, 0.287166, 0.284950
966107521488, 0.287115, 0.284891
967944227803, 0.287058, 0.284825
969780934117, 0.286994, 0.284769
971617640432, 0.286931, 0.284709
973454346747, 0.286879, 0.284657
975291053061, 0.286818, 0.284592
977127759376, 0.286772, 0.284543
978964465690, 0.286707, 0.284474
980801172005, 0.286658, 0.284427
982637878320, 0.286609, 0.284377
984474584634, 0.286550, 0.284315
986311290949, 0.286487, 0.284240
988147997263, 0.286441, 0.284193
989984703578, 0.286396, 0.284141
991821409893, 0.286363, 0.284104
993658116207, 0.286324, 0.284063
995494822522, 0.286272, 0.284012
997331528837, 0.286229, 0.283969
999168235151, 0.286173, 0.283918
1001004941466, 0.286123, 0.283874
1002841647780, 0.286082, 0.283816
1004678354095, 0.286023, 0.283760
1006515060410, 0.285965, 0.283706
1008351766724, 0.285924, 0.283656
1010188473039, 0.285880, 0.283612
1012025179353, 0.285839, 0.283573
1013861885668, 0.285787, 0.283516
1015698591983, 0.285725, 0.283453
1017535298297, 0.285678, 0.283398
1019372004612, 0.285638, 0.283365
1021208710927, 0.285571, 0.283301
1023045417241, 0.285525, 0.283251
1024882123556, 0.285444, 0.283186
1026718829870, 0.285382, 0.283125
1028555536185, 0.285321, 0.283065
1030392242500, 0.285280, 0.283019
1032228948814, 0.285228, 0.282968
1034065655129, 0.285172, 0.282924
1035902361443, 0.285124, 0.282879
1037739067758, 0.285075, 0.282837
1039575774073, 0.285042, 0.282791
1041412480387, 0.284982, 0.282728
1043249186702, 0.284936, 0.282687
1045085893017, 0.284877, 0.282618
1046922599331, 0.284828, 0.282566
1048759305646, 0.284774, 0.282509
1050596011960, 0.284717, 0.282450
1052432718275, 0.284682, 0.282413
1054269424590, 0.284643, 0.282373
1056106130904, 0.284607, 0.282333
1057942837219, 0.284564, 0.282285
1059779543534, 0.284525, 0.282240
1061616249848, 0.284472, 0.282186
1063452956163, 0.284431, 0.282144
1065289662477, 0.284381, 0.282090
1067126368792, 0.284348, 0.282051
1068963075107, 0.284297, 0.281997
1070799781421, 0.284246, 0.281938
1072636487736, 0.284198, 0.281897
1074473194050, 0.284153, 0.281859
1076309900365, 0.284115, 0.281820
1078146606680, 0.284086, 0.281789
1079983312994, 0.284040, 0.281742
1081820019309, 0.284007, 0.281704
1083656725624, 0.283953, 0.281657
1085493431938, 0.283919, 0.281622
1087330138253, 0.283873, 0.281571
1089166844567, 0.283824, 0.281526
1091003550882, 0.283778, 0.281483
1092840257197, 0.283741, 0.281443
1094676963511, 0.283703, 0.281403
1096513669826, 0.283667, 0.281368
1098350376140, 0.283634, 0.281333
1100187082455, 0.283589, 0.281291
1102023788770, 0.283546, 0.281248
1103860495084, 0.283496, 0.281193
1105697201399, 0.283450, 0.281147
1107533907714, 0.283416, 0.281111
1109370614028, 0.283375, 0.281075
1111207320343, 0.283348, 0.281046
1113044026657, 0.283306, 0.281010
1114880732972, 0.283264, 0.280978
1116717439287, 0.283218, 0.280932
1118554145601, 0.283191, 0.280903
1120390851916, 0.283151, 0.280860
1122227558230, 0.283117, 0.280830
1124064264545, 0.283075, 0.280786
1125900970860, 0.283040, 0.280757
1127737677174, 0.283001, 0.280723
1129574383489, 0.282965, 0.280692
1131411089804, 0.282939, 0.280665
1133247796118, 0.282894, 0.280621
1135084502433, 0.282869, 0.280598
1136921208747, 0.282835, 0.280566
1138757915062, 0.282790, 0.280518
1140594621377, 0.282751, 0.280477
1142431327691, 0.282723, 0.280449
1144268034006, 0.282687, 0.280420
1146104740321, 0.282655, 0.280390
1147941446635, 0.282626, 0.280363
1149778152950, 0.282585, 0.280324
1151614859264, 0.282552, 0.280289
1153451565579, 0.282519, 0.280251
1155288271894, 0.282485, 0.280219
1157124978208, 0.282447, 0.280183
1158961684523, 0.282421, 0.280154
1160798390837, 0.282392, 0.280123
1162635097152, 0.282364, 0.280088
1164471803467, 0.282322, 0.280051
1166308509781, 0.282289, 0.280017
1168145216096, 0.282257, 0.279981
1169981922411, 0.282222, 0.279943
1171818628725, 0.282198, 0.279919
1173655335040, 0.282151, 0.279868
1175492041354, 0.282127, 0.279845
1177328747669, 0.282098, 0.279817
1179165453984, 0.282054, 0.279777
1181002160298, 0.282004, 0.279734
1182838866613, 0.281975, 0.279712
1184675572927, 0.281941, 0.279685
1186512279242, 0.281899, 0.279650
1188348985557, 0.281857, 0.279609
1190185691871, 0.281819, 0.279576
1192022398186, 0.281784, 0.279542
1193859104501, 0.281759, 0.279517
1195695810815, 0.281722, 0.279484
1197532517130, 0.281684, 0.279444
1199369223444, 0.281647, 0.279417
1201205929759, 0.281610, 0.279378
1203042636074, 0.281594, 0.279358
1204879342388, 0.281567, 0.279329
1206716048703, 0.281531, 0.279297
1208552755017, 0.281504, 0.279281
1210389461332, 0.281462, 0.279244
1212226167647, 0.281429, 0.279213
1214062873961, 0.281389, 0.279178
1215899580276, 0.281358, 0.279151
1217736286591, 0.281323, 0.279111
1219572992905, 0.281298, 0.279082
1221409699220, 0.281269, 0.279045
1223246405534, 0.281250, 0.279022
1225083111849, 0.281210, 0.278987
1226919818164, 0.281172, 0.278957
1228756524478, 0.281146, 0.278934
1230593230793, 0.281118, 0.278909
1232429937108, 0.281091, 0.278885
1234266643422, 0.281063, 0.278857
1236103349737, 0.281028, 0.278816
1237940056051, 0.281006, 0.278791
1239776762366, 0.280986, 0.278763
1241613468681, 0.280962, 0.278743
1243450174995, 0.280931, 0.278717
1245286881310, 0.280900, 0.278684
1247123587624, 0.280861, 0.278646
1248960293939, 0.280829, 0.278618
1250797000254, 0.280795, 0.278587
1252633706568, 0.280766, 0.278556
1254470412883, 0.280738, 0.278530
1256307119198, 0.280713, 0.278497
1258143825512, 0.280686, 0.278473
1259980531827, 0.280660, 0.278450
1261817238141, 0.280623, 0.278410
1263653944456, 0.280598, 0.278383
1265490650771, 0.280579, 0.278357
1267327357085, 0.280556, 0.278334
1269164063400, 0.280519, 0.278305
1271000769714, 0.280508, 0.278295
1272837476029, 0.280481, 0.278268
1274674182344, 0.280454, 0.278243
1276510888658, 0.280425, 0.278220
1278347594973, 0.280394, 0.278198
1280184301288, 0.280356, 0.278161
1282021007602, 0.280337, 0.278148
1283857713917, 0.280310, 0.278124
1285694420231, 0.280284, 0.278096
1287531126546, 0.280263, 0.278080
1289367832861, 0.280244, 0.278062
1291204539175, 0.280204, 0.278023
1293041245490, 0.280181, 0.278001
1294877951804, 0.280139, 0.277963
1296714658119, 0.280123, 0.277944
1298551364434, 0.280095, 0.277920
1300388070748, 0.280072, 0.277896
1302224777063, 0.280061, 0.277881
1304061483378, 0.280038, 0.277857
1305898189692, 0.280006, 0.277835
1307734896007, 0.279986, 0.277813
1309571602321, 0.279966, 0.277793
1311408308636, 0.279952, 0.277774
1313245014951, 0.279924, 0.277744
1315081721265, 0.279900, 0.277724
1316918427580, 0.279866, 0.277695
1318755133895, 0.279852, 0.277679
1320591840209, 0.279830, 0.277654
1322428546524, 0.279802, 0.277627
1324265252838, 0.279777, 0.277592
1326101959153, 0.279756, 0.277570
1327938665468, 0.279735, 0.277552
1329775371782, 0.279711, 0.277524
1331612078097, 0.279687, 0.277498
1333448784411, 0.279668, 0.277483
1335285490726, 0.279642, 0.277455
1337122197041, 0.279605, 0.277426
1338958903355, 0.279581, 0.277405
1340795609670, 0.279562, 0.277380
1342632315985, 0.279544, 0.277359
1344469022299, 0.279524, 0.277336
1346305728614, 0.279490, 0.277306
1348142434928, 0.279468, 0.277284
1349979141243, 0.279448, 0.277262
1351815847558, 0.279431, 0.277243
1353652553872, 0.279407, 0.277227
1355489260187, 0.279381, 0.277203
1357325966501, 0.279372, 0.277192
1359162672816, 0.279350, 0.277168
1360999379131, 0.279326, 0.277146
1362836085445, 0.279312, 0.277129
1364672791760, 0.279287, 0.277110
1366509498075, 0.279267, 0.277088
1368346204389, 0.279240, 0.277060
1370182910704, 0.279219, 0.277034
1372019617018, 0.279197, 0.277018
1373856323333, 0.279169, 0.276992
1375693029648, 0.279157, 0.276975
1377529735962, 0.279134, 0.276952
1379366442277, 0.279115, 0.276938
1381203148591, 0.279102, 0.276925
1383039854906, 0.279086, 0.276908
1384876561221, 0.279062, 0.276884
1386713267535, 0.279035, 0.276861
1388549973850, 0.279023, 0.276840
1390386680165, 0.279001, 0.276816
1392223386479, 0.278973, 0.276789
1394060092794, 0.278948, 0.276774
1395896799108, 0.278933, 0.276759
1397733505423, 0.278920, 0.276748
1399570211738, 0.278905, 0.276733
1401406918052, 0.278893, 0.276722
1403243624367, 0.278873, 0.276703
1405080330682, 0.278857, 0.276688
1406917036996, 0.278839, 0.276669
1408753743311, 0.278829, 0.276654
1410590449625, 0.278819, 0.276644
1412427155940, 0.278801, 0.276622
1414263862255, 0.278782, 0.276605
1416100568569, 0.278754, 0.276586
1417937274884, 0.278739, 0.276567
1419773981198, 0.278725, 0.276552
1421610687513, 0.278707, 0.276537
1423447393828, 0.278692, 0.276522
1425284100142, 0.278672, 0.276500
1427120806457, 0.278658, 0.276488
1428957512772, 0.278649, 0.276475
1430794219086, 0.278633, 0.276459
1432630925401, 0.278616, 0.276450
1434467631715, 0.278597, 0.276431
1436304338030, 0.278587, 0.276425
1438141044345, 0.278572, 0.276408
1439977750659, 0.278554, 0.276391
1441814456974, 0.278540, 0.276377
1443651163288, 0.278515, 0.276352
1445487869603, 0.278506, 0.276343
1447324575918, 0.278493, 0.276333
1449161282232, 0.278476, 0.276316
1450997988547, 0.278459, 0.276298
1452834694862, 0.278450, 0.276286
1454671401176, 0.278434, 0.276271
1456508107491, 0.278412, 0.276249
1458344813805, 0.278398, 0.276233
1460181520120, 0.278378, 0.276217
1462018226435, 0.278365, 0.276201
1463854932749, 0.278349, 0.276184
1465691639064, 0.278339, 0.276169
1467528345378, 0.278330, 0.276161
1469365051693, 0.278320, 0.276151
1471201758008, 0.278313, 0.276144
1473038464322, 0.278298, 0.276134
1474875170637, 0.278283, 0.276119
1476711876952, 0.278265, 0.276106
1478548583266, 0.278253, 0.276090
1480385289581, 0.278231, 0.276071
1482221995895, 0.278217, 0.276061
1484058702210, 0.278210, 0.276051
1485895408525, 0.278200, 0.276038
1487732114839, 0.278187, 0.276027
1489568821154, 0.278164, 0.276005
1491405527469, 0.278155, 0.276000
1493242233783, 0.278144, 0.275985
1495078940098, 0.278132, 0.275978
1496915646412, 0.278121, 0.275967
1498752352727, 0.278113, 0.275961
1500589059042, 0.278096, 0.275941
1502425765356, 0.278088, 0.275935
1504262471671, 0.278079, 0.275929
1506099177985, 0.278058, 0.275915
1507935884300, 0.278044, 0.275899
1509772590615, 0.278034, 0.275890
1511609296929, 0.278020, 0.275876
1513446003244, 0.278011, 0.275867
1515282709559, 0.278002, 0.275858
1517119415873, 0.277991, 0.275852
1518956122188, 0.277975, 0.275841
1520792828502, 0.277969, 0.275833
1522629534817, 0.277964, 0.275828
1524466241132, 0.277950, 0.275812
1526302947446, 0.277939, 0.275797
1528139653761, 0.277921, 0.275779
1529976360075, 0.277905, 0.275763
1531813066390, 0.277898, 0.275758
1533649772705, 0.277893, 0.275750
1535486479019, 0.277886, 0.275742
1537323185334, 0.277878, 0.275735
1539159891649, 0.277860, 0.275719
1540996597963, 0.277855, 0.275708
1542833304278, 0.277853, 0.275703
1544670010592, 0.277840, 0.275689
1546506716907, 0.277834, 0.275684
1548343423222, 0.277817, 0.275667
1550180129536, 0.277811, 0.275660
1552016835851, 0.277799, 0.275652
1553853542165, 0.277797, 0.275647
1555690248480, 0.277784, 0.275632
1557526954795, 0.277775, 0.275624
1559363661109, 0.277759, 0.275608
1561200367424, 0.277746, 0.275596
1563037073739, 0.277739, 0.275586
1564873780053, 0.277731, 0.275578
1566710486368, 0.277720, 0.275571
1568547192682, 0.277712, 0.275562
1570383898997, 0.277702, 0.275553
1572220605312, 0.277692, 0.275544
1574057311626, 0.277683, 0.275537
1575894017941, 0.277670, 0.275524
1577730724256, 0.277664, 0.275519
1579567430570, 0.277653, 0.275507
1581404136885, 0.277642, 0.275498
1583240843199, 0.277635, 0.275488
1585077549514, 0.277623, 0.275478
1586914255829, 0.277617, 0.275471
1588750962143, 0.277611, 0.275464
1590587668458, 0.277601, 0.275455
1592424374772, 0.277589, 0.275446
1594261081087, 0.277580, 0.275436
1596097787402, 0.277575, 0.275428
1597934493716, 0.277566, 0.275421
1599771200031, 0.277563, 0.275420
1601607906346, 0.277558, 0.275412
1603444612660, 0.277551, 0.275407
1605281318975, 0.277539, 0.275399
1607118025289, 0.277530, 0.275390
1608954731604, 0.277520, 0.275376
1610791437919, 0.277510, 0.275368
1612628144233, 0.277506, 0.275363
1614464850548, 0.277497, 0.275353
1616301556862, 0.277489, 0.275346
1618138263177, 0.277480, 0.275340
1619974969492, 0.277474, 0.275335
1621811675806, 0.277465, 0.275327
1623648382121, 0.277453, 0.275319
1625485088436, 0.277447, 0.275316
1627321794750, 0.277441, 0.275306
1629158501065, 0.277437, 0.275301
1630995207379, 0.277434, 0.275297
1632831913694, 0.277425, 0.275287
1634668620009, 0.277415, 0.275284
1636505326323, 0.277407, 0.275281
1638342032638, 0.277401, 0.275277
1640178738952, 0.277394, 0.275268
1642015445267, 0.277389, 0.275262
1643852151582, 0.277382, 0.275250
1645688857896, 0.277373, 0.275242
1647525564211, 0.277369, 0.275235
1649362270526, 0.277358, 0.275225
1651198976840, 0.277350, 0.275216
1653035683155, 0.277345, 0.275213
1654872389469, 0.277334, 0.275201
1656709095784, 0.277325, 0.275191
1658545802099, 0.277318, 0.275183
1660382508413, 0.277313, 0.275178
1662219214728, 0.277306, 0.275171
1664055921043, 0.277304, 0.275170
1665892627357, 0.277298, 0.275164
1667729333672, 0.277293, 0.275159
1669566039986, 0.277292, 0.275157
1671402746301, 0.277285, 0.275149
1673239452616, 0.277279, 0.275142
1675076158930, 0.277269, 0.275135
1676912865245, 0.277265, 0.275129
1678749571559, 0.277261, 0.275123
1680586277874, 0.277255, 0.275117
1682422984189, 0.277245, 0.275107
1684259690503, 0.277242, 0.275102
1686096396818, 0.277236, 0.275096
1687933103133, 0.277231, 0.275091
1689769809447, 0.277221, 0.275080
1691606515762, 0.277217, 0.275077
1693443222076, 0.277214, 0.275074
1695279928391, 0.277208, 0.275069
1697116634706, 0.277202, 0.275063
1698953341020, 0.277198, 0.275061
1700790047335, 0.277194, 0.275058
1702626753649, 0.277190, 0.275054
1704463459964, 0.277185, 0.275051
1706300166279, 0.277184, 0.275049
1708136872593, 0.277182, 0.275048
1709973578908, 0.277178, 0.275046
1711810285223, 0.277174, 0.275043
1713646991537, 0.277169, 0.275036
1715483697852, 0.277163, 0.275029
1717320404166, 0.277160, 0.275024
1719157110481, 0.277159, 0.275024
1720993816796, 0.277156, 0.275022
1722830523110, 0.277151, 0.275017
1724667229425, 0.277145, 0.275010
1726503935739, 0.277137, 0.275003
1728340642054, 0.277130, 0.274997
1730177348369, 0.277126, 0.274992
1732014054683, 0.277121, 0.274985
1733850760998, 0.277116, 0.274979
1735687467313, 0.277109, 0.274975
1737524173627, 0.277107, 0.274973
1739360879942, 0.277106, 0.274970
1741197586256, 0.277106, 0.274969
1743034292571, 0.277103, 0.274966
1744870998886, 0.277102, 0.274964
1746707705200, 0.277102, 0.274964
1748544411515, 0.277101, 0.274963
1750381117830, 0.277099, 0.274960
1752217824144, 0.277097, 0.274959
1754054530459, 0.277095, 0.274958
1755891236773, 0.277094, 0.274954
1757727943088, 0.277092, 0.274950
1759564649403, 0.277090, 0.274950
1761401355717, 0.277087, 0.274946
1763238062032, 0.277085, 0.274945
1765074768346, 0.277085, 0.274943
1766911474661, 0.277083, 0.274939
1768748180976, 0.277083, 0.274939
1770584887290, 0.277079, 0.274936
1772421593605, 0.277076, 0.274933
1774258299920, 0.277073, 0.274929
1776095006234, 0.277069, 0.274927
1777931712549, 0.277064, 0.274925
1779768418863, 0.277063, 0.274924
1781605125178, 0.277059, 0.274920
1783441831493, 0.277055, 0.274917
1785278537807, 0.277054, 0.274915
1787115244122, 0.277052, 0.274914
1788951950436, 0.277049, 0.274911
1790788656751, 0.277046, 0.274911
1792625363066, 0.277045, 0.274910
1794462069380, 0.277042, 0.274910
1796298775695, 0.277039, 0.274907
1798135482010, 0.277037, 0.274905
1799972188324, 0.277037, 0.274905
1801808894639, 0.277036, 0.274904
1803645600953, 0.277035, 0.274904
1805482307268, 0.277035, 0.274904
1807319013583, 0.277032, 0.274902
1809155719897, 0.277032, 0.274902
1810992426212, 0.277032, 0.274901
1812829132526, 0.277032, 0.274901
1814665838841, 0.277032, 0.274901
1816502545156, 0.277031, 0.274900
1818339251470, 0.277030, 0.274899
1820175957785, 0.277028, 0.274899
1822012664100, 0.277028, 0.274897
1823849370414, 0.277028, 0.274897
1825686076729, 0.277026, 0.274894
1827522783043, 0.277025, 0.274892
1829359489358, 0.277023, 0.274891
1831196195673, 0.277023, 0.274891
1833032901987, 0.277023, 0.274891
1834869608302, 0.277023, 0.274890
1836706314617, 0.277023, 0.274890
Time used: 114678 ms
