logging to /opt/flows_res_1000/2016020600-2016020700_unique/tenant_2_profile_res-FIX_RATE-FLOWS-0.01.csvtracefile: /data1/tenant_trace/2016020600-2016020700_unique/tenant_2_trace
open file /data1/tenant_trace/2016020600-2016020700_unique/tenant_2_trace
read 1000000 lines
read 2000000 lines
read 3000000 lines
read 4000000 lines
read 5000000 lines
read 6000000 lines
read 7000000 lines
read 8000000 lines
read 9000000 lines
read 10000000 lines
read 11000000 lines
read 12000000 lines
read 13000000 lines
read 14000000 lines
read 15000000 lines
read 16000000 lines
read 17000000 lines
read 18000000 lines
read 19000000 lines
read 20000000 lines
read 21000000 lines
read 22000000 lines
read 23000000 lines
read 24000000 lines
read 25000000 lines
read 26000000 lines
read 27000000 lines
read 28000000 lines
read 29000000 lines
read 30000000 lines
read 31000000 lines
read 32000000 lines
read 33000000 lines
[FILE]: /data1/tenant_trace/2016020600-2016020700_unique/tenant_2_trace
total_access_num: 33430153
total_access_size: 118714355294
unique_access_num: 20328540
unique_access_size: 72316768109
min_item_size: 1
[method]: FLOWS
[metric]: MAE
[seed]: 42
[sample_method]: FIX_RATE
[sample_metric]: 0.01
MAEQ_factor: 1.025345
cache_size, BMRC_ratio, OMRC_ratio
72316768, 0.968802, 0.969017
144633536, 0.957733, 0.958350
216950304, 0.949116, 0.949879
289267072, 0.942045, 0.943017
361583840, 0.935927, 0.937208
433900608, 0.930264, 0.931482
506217376, 0.925032, 0.926337
578534144, 0.920268, 0.921623
650850912, 0.915576, 0.917064
723167681, 0.911483, 0.912978
795484449, 0.907402, 0.908994
867801217, 0.903381, 0.905045
940117985, 0.899989, 0.901587
1012434753, 0.896717, 0.898363
1084751521, 0.893715, 0.895270
1157068289, 0.890467, 0.892015
1229385057, 0.887603, 0.889024
1301701825, 0.885008, 0.886290
1374018594, 0.882197, 0.883544
1446335362, 0.879591, 0.880881
1518652130, 0.876954, 0.878273
1590968898, 0.874311, 0.875647
1663285666, 0.871818, 0.873122
1735602434, 0.869415, 0.870645
1807919202, 0.867330, 0.868587
1880235970, 0.865299, 0.866577
1952552738, 0.863075, 0.864292
2024869507, 0.861038, 0.862162
2097186275, 0.859024, 0.860176
2169503043, 0.857023, 0.858177
2241819811, 0.854949, 0.856143
2314136579, 0.853002, 0.854181
2386453347, 0.851132, 0.852350
2458770115, 0.849346, 0.850585
2531086883, 0.847459, 0.848653
2603403651, 0.845829, 0.846960
2675720420, 0.843893, 0.845034
2748037188, 0.842191, 0.843257
2820353956, 0.840555, 0.841611
2892670724, 0.838883, 0.839912
2964987492, 0.837349, 0.838357
3037304260, 0.835875, 0.836903
3109621028, 0.834365, 0.835437
3181937796, 0.832783, 0.833912
3254254564, 0.831141, 0.832225
3326571333, 0.829727, 0.830777
3398888101, 0.828277, 0.829305
3471204869, 0.826731, 0.827756
3543521637, 0.825238, 0.826374
3615838405, 0.823980, 0.825159
3688155173, 0.822482, 0.823699
3760471941, 0.821056, 0.822282
3832788709, 0.819611, 0.820858
3905105477, 0.818329, 0.819518
3977422245, 0.816939, 0.818201
4049739014, 0.815596, 0.816855
4122055782, 0.814290, 0.815491
4194372550, 0.812726, 0.813948
4266689318, 0.811444, 0.812650
4339006086, 0.810335, 0.811519
4411322854, 0.809148, 0.810376
4483639622, 0.807974, 0.809287
4555956390, 0.806632, 0.807941
4628273158, 0.805523, 0.806823
4700589927, 0.804306, 0.805614
4772906695, 0.803378, 0.804585
4845223463, 0.802221, 0.803388
4917540231, 0.801178, 0.802270
4989856999, 0.800154, 0.801229
5062173767, 0.799027, 0.800038
5134490535, 0.797900, 0.798913
5206807303, 0.796816, 0.797837
5279124071, 0.795731, 0.796700
5351440840, 0.794718, 0.795623
5423757608, 0.793802, 0.794684
5496074376, 0.792723, 0.793619
5568391144, 0.791824, 0.792733
5640707912, 0.790769, 0.791704
5713024680, 0.789870, 0.790759
5785341448, 0.788984, 0.789916
5857658216, 0.788049, 0.788899
5929974984, 0.786970, 0.787804
6002291753, 0.786005, 0.786930
6074608521, 0.784927, 0.785871
6146925289, 0.783974, 0.784914
6219242057, 0.783093, 0.783981
6291558825, 0.782140, 0.783071
6363875593, 0.781277, 0.782192
6436192361, 0.780360, 0.781277
6508509129, 0.779467, 0.780325
6580825897, 0.778616, 0.779458
6653142666, 0.777802, 0.778686
6725459434, 0.776867, 0.777735
6797776202, 0.775956, 0.776784
6870092970, 0.775213, 0.776030
6942409738, 0.774308, 0.775103
7014726506, 0.773487, 0.774253
7087043274, 0.772672, 0.773392
7159360042, 0.771821, 0.772524
7231676810, 0.770964, 0.771705
7303993579, 0.770251, 0.770993
7376310347, 0.769526, 0.770197
7448627115, 0.768669, 0.769377
7520943883, 0.767818, 0.768510
7593260651, 0.766991, 0.767696
7665577419, 0.766170, 0.766865
7737894187, 0.765397, 0.766087
7810210955, 0.764702, 0.765387
7882527723, 0.763785, 0.764483
7954844491, 0.763006, 0.763712
8027161260, 0.762221, 0.762928
8099478028, 0.761604, 0.762288
8171794796, 0.760825, 0.761474
8244111564, 0.760088, 0.760720
8316428332, 0.759315, 0.759931
8388745100, 0.758458, 0.759099
8461061868, 0.757715, 0.758315
8533378636, 0.756935, 0.757520
8605695404, 0.756228, 0.756796
8678012173, 0.755581, 0.756108
8750328941, 0.754820, 0.755420
8822645709, 0.754149, 0.754768
8894962477, 0.753490, 0.754080
8967279245, 0.752855, 0.753404
9039596013, 0.752213, 0.752740
9111912781, 0.751446, 0.751986
9184229549, 0.750781, 0.751280
9256546317, 0.750110, 0.750604
9328863086, 0.749571, 0.749988
9401179854, 0.748858, 0.749347
9473496622, 0.748126, 0.748653
9545813390, 0.747479, 0.748025
9618130158, 0.746850, 0.747385
9690446926, 0.746275, 0.746793
9762763694, 0.745610, 0.746099
9835080462, 0.744974, 0.745489
9907397230, 0.744327, 0.744866
9979713999, 0.743572, 0.744089
10052030767, 0.743045, 0.743616
10124347535, 0.742476, 0.743054
10196664303, 0.741828, 0.742378
10268981071, 0.741157, 0.741672
10341297839, 0.740606, 0.741127
10413614607, 0.740090, 0.740571
10485931375, 0.739461, 0.739943
10558248143, 0.738934, 0.739398
10630564912, 0.738335, 0.738788
10702881680, 0.737795, 0.738220
10775198448, 0.737148, 0.737568
10847515216, 0.736555, 0.736981
10919831984, 0.736046, 0.736485
10992148752, 0.735446, 0.735904
11064465520, 0.734871, 0.735330
11136782288, 0.734302, 0.734762
11209099056, 0.733882, 0.734277
11281415825, 0.733385, 0.733763
11353732593, 0.732875, 0.733248
11426049361, 0.732258, 0.732680
11498366129, 0.731737, 0.732153
11570682897, 0.731162, 0.731645
11642999665, 0.730544, 0.730993
11715316433, 0.730029, 0.730448
11787633201, 0.729496, 0.729940
11859949969, 0.729022, 0.729485
11932266737, 0.728537, 0.728929
12004583506, 0.728135, 0.728498
12076900274, 0.727602, 0.727948
12149217042, 0.727165, 0.727511
12221533810, 0.726661, 0.727014
12293850578, 0.726242, 0.726554
12366167346, 0.725834, 0.726141
12438484114, 0.725367, 0.725674
12510800882, 0.724845, 0.725178
12583117650, 0.724198, 0.724567
12655434419, 0.723671, 0.724071
12727751187, 0.723114, 0.723485
12800067955, 0.722568, 0.722928
12872384723, 0.722017, 0.722366
12944701491, 0.721466, 0.721768
13017018259, 0.721058, 0.721373
13089335027, 0.720549, 0.720888
13161651795, 0.720057, 0.720386
13233968563, 0.719620, 0.719961
13306285332, 0.719129, 0.719470
13378602100, 0.718637, 0.718950
13450918868, 0.718122, 0.718381
13523235636, 0.717630, 0.717891
13595552404, 0.717217, 0.717490
13667869172, 0.716833, 0.717113
13740185940, 0.716396, 0.716646
13812502708, 0.715965, 0.716234
13884819476, 0.715599, 0.715845
13957136245, 0.715126, 0.715336
14029453013, 0.714562, 0.714756
14101769781, 0.714119, 0.714289
14174086549, 0.713651, 0.713811
14246403317, 0.713250, 0.713428
14318720085, 0.712771, 0.712967
14391036853, 0.712249, 0.712441
14463353621, 0.711836, 0.712028
14535670389, 0.711446, 0.711633
14607987158, 0.711045, 0.711262
14680303926, 0.710679, 0.710903
14752620694, 0.710218, 0.710442
14824937462, 0.709780, 0.710018
14897254230, 0.709247, 0.709521
14969570998, 0.708875, 0.709114
15041887766, 0.708426, 0.708672
15114204534, 0.708090, 0.708307
15186521302, 0.707707, 0.707936
15258838070, 0.707221, 0.707421
15331154839, 0.706850, 0.707062
15403471607, 0.706317, 0.706560
15475788375, 0.705909, 0.706165
15548105143, 0.705585, 0.705782
15620421911, 0.705172, 0.705357
15692738679, 0.704735, 0.704926
15765055447, 0.704405, 0.704591
15837372215, 0.703854, 0.704053
15909688983, 0.703410, 0.703580
15982005752, 0.703033, 0.703174
16054322520, 0.702679, 0.702803
16126639288, 0.702314, 0.702420
16198956056, 0.701954, 0.702073
16271272824, 0.701535, 0.701636
16343589592, 0.701109, 0.701181
16415906360, 0.700743, 0.700816
16488223128, 0.700330, 0.700428
16560539896, 0.699946, 0.700057
16632856665, 0.699611, 0.699722
16705173433, 0.699251, 0.699399
16777490201, 0.698862, 0.698998
16849806969, 0.698424, 0.698567
16922123737, 0.698071, 0.698250
16994440505, 0.697717, 0.697897
17066757273, 0.697316, 0.697514
17139074041, 0.696920, 0.697131
17211390809, 0.696561, 0.696754
17283707578, 0.696147, 0.696353
17356024346, 0.695728, 0.695905
17428341114, 0.695374, 0.695510
17500657882, 0.695099, 0.695211
17572974650, 0.694763, 0.694870
17645291418, 0.694403, 0.694553
17717608186, 0.694020, 0.694146
17789924954, 0.693708, 0.693799
17862241722, 0.693379, 0.693464
17934558491, 0.693019, 0.693129
18006875259, 0.692594, 0.692698
18079192027, 0.692276, 0.692405
18151508795, 0.691934, 0.692106
18223825563, 0.691701, 0.691884
18296142331, 0.691335, 0.691501
18368459099, 0.690934, 0.691083
18440775867, 0.690586, 0.690724
18513092635, 0.690310, 0.690425
18585409404, 0.690023, 0.690125
18657726172, 0.689717, 0.689808
18730042940, 0.689430, 0.689497
18802359708, 0.689094, 0.689162
18874676476, 0.688710, 0.688791
18946993244, 0.688345, 0.688402
19019310012, 0.688039, 0.688097
19091626780, 0.687734, 0.687810
19163943548, 0.687308, 0.687403
19236260316, 0.686895, 0.687015
19308577085, 0.686589, 0.686733
19380893853, 0.686295, 0.686440
19453210621, 0.685990, 0.686129
19525527389, 0.685726, 0.685830
19597844157, 0.685379, 0.685501
19670160925, 0.685103, 0.685244
19742477693, 0.684833, 0.684968
19814794461, 0.684510, 0.684645
19887111229, 0.684198, 0.684346
19959427998, 0.683910, 0.684035
20031744766, 0.683551, 0.683676
20104061534, 0.683275, 0.683395
20176378302, 0.682988, 0.683096
20248695070, 0.682634, 0.682707
20321011838, 0.682292, 0.682396
20393328606, 0.682047, 0.682133
20465645374, 0.681681, 0.681780
20537962142, 0.681328, 0.681421
20610278911, 0.681022, 0.681080
20682595679, 0.680722, 0.680817
20754912447, 0.680483, 0.680583
20827229215, 0.680165, 0.680260
20899545983, 0.679830, 0.679913
20971862751, 0.679494, 0.679566
21044179519, 0.679176, 0.679225
21116496287, 0.678853, 0.678914
21188813055, 0.678595, 0.678657
21261129824, 0.678319, 0.678352
21333446592, 0.678098, 0.678142
21405763360, 0.677780, 0.677861
21478080128, 0.677528, 0.677604
21550396896, 0.677265, 0.677335
21622713664, 0.676965, 0.677041
21695030432, 0.676749, 0.676808
21767347200, 0.676468, 0.676509
21839663968, 0.676150, 0.676210
21911980737, 0.675785, 0.675839
21984297505, 0.675491, 0.675534
22056614273, 0.675167, 0.675223
22128931041, 0.674844, 0.674900
22201247809, 0.674592, 0.674660
22273564577, 0.674322, 0.674403
22345881345, 0.674101, 0.674164
22418198113, 0.673837, 0.673877
22490514881, 0.673573, 0.673613
22562831650, 0.673352, 0.673386
22635148418, 0.673046, 0.673087
22707465186, 0.672734, 0.672734
22779781954, 0.672447, 0.672477
22852098722, 0.672171, 0.672219
22924415490, 0.671889, 0.671968
22996732258, 0.671644, 0.671735
23069049026, 0.671440, 0.671514
23141365794, 0.671128, 0.671220
23213682562, 0.670835, 0.670939
23285999331, 0.670625, 0.670718
23358316099, 0.670361, 0.670455
23430632867, 0.670104, 0.670185
23502949635, 0.669816, 0.669898
23575266403, 0.669504, 0.669599
23647583171, 0.669271, 0.669360
23719899939, 0.668983, 0.669067
23792216707, 0.668761, 0.668809
23864533475, 0.668486, 0.668528
23936850244, 0.668222, 0.668271
24009167012, 0.667928, 0.668002
24081483780, 0.667725, 0.667774
24153800548, 0.667479, 0.667523
24226117316, 0.667269, 0.667326
24298434084, 0.667000, 0.667056
24370750852, 0.666772, 0.666847
24443067620, 0.666544, 0.666620
24515384388, 0.666298, 0.666404
24587701157, 0.666047, 0.666141
24660017925, 0.665807, 0.665902
24732334693, 0.665579, 0.665680
24804651461, 0.665316, 0.665387
24876968229, 0.665052, 0.665100
24949284997, 0.664830, 0.664903
25021601765, 0.664632, 0.664699
25093918533, 0.664411, 0.664490
25166235301, 0.664195, 0.664251
25238552070, 0.663991, 0.664047
25310868838, 0.663758, 0.663814
25383185606, 0.663566, 0.663628
25455502374, 0.663404, 0.663467
25527819142, 0.663164, 0.663228
25600135910, 0.662931, 0.662976
25672452678, 0.662733, 0.662785
25744769446, 0.662445, 0.662480
25817086214, 0.662176, 0.662234
25889402983, 0.661978, 0.662025
25961719751, 0.661750, 0.661822
26034036519, 0.661504, 0.661582
26106353287, 0.661331, 0.661421
26178670055, 0.661127, 0.661211
26250986823, 0.660881, 0.660984
26323303591, 0.660617, 0.660721
26395620359, 0.660378, 0.660464
26467937127, 0.660132, 0.660236
26540253896, 0.659970, 0.660057
26612570664, 0.659743, 0.659823
26684887432, 0.659491, 0.659566
26757204200, 0.659257, 0.659303
26829520968, 0.659101, 0.659129
26901837736, 0.658892, 0.658920
26974154504, 0.658694, 0.658723
27046471272, 0.658520, 0.658495
27118788040, 0.658292, 0.658268
27191104808, 0.658029, 0.657987
27263421577, 0.657843, 0.657819
27335738345, 0.657615, 0.657592
27408055113, 0.657393, 0.657353
27480371881, 0.657166, 0.657149
27552688649, 0.656986, 0.656976
27625005417, 0.656770, 0.656754
27697322185, 0.656614, 0.656575
27769638953, 0.656423, 0.656383
27841955721, 0.656267, 0.656222
27914272490, 0.656063, 0.656007
27986589258, 0.655889, 0.655821
28058906026, 0.655698, 0.655636
28131222794, 0.655524, 0.655462
28203539562, 0.655350, 0.655265
28275856330, 0.655158, 0.655079
28348173098, 0.654990, 0.654906
28420489866, 0.654799, 0.654702
28492806634, 0.654637, 0.654541
28565123403, 0.654421, 0.654331
28637440171, 0.654205, 0.654128
28709756939, 0.654044, 0.653961
28782073707, 0.653864, 0.653793
28854390475, 0.653666, 0.653584
28926707243, 0.653462, 0.653380
28999024011, 0.653259, 0.653189
29071340779, 0.653091, 0.653021
29143657547, 0.652911, 0.652842
29215974316, 0.652659, 0.652626
29288291084, 0.652474, 0.652405
29360607852, 0.652276, 0.652202
29432924620, 0.652072, 0.651974
29505241388, 0.651910, 0.651819
29577558156, 0.651755, 0.651669
29649874924, 0.651527, 0.651430
29722191692, 0.651353, 0.651262
29794508460, 0.651197, 0.651101
29866825229, 0.651059, 0.650969
29939141997, 0.650886, 0.650808
30011458765, 0.650736, 0.650640
30083775533, 0.650562, 0.650473
30156092301, 0.650376, 0.650281
30228409069, 0.650202, 0.650126
30300725837, 0.650053, 0.649982
30373042605, 0.649813, 0.649749
30445359373, 0.649615, 0.649545
30517676141, 0.649453, 0.649378
30589992910, 0.649274, 0.649204
30662309678, 0.649088, 0.649007
30734626446, 0.648896, 0.648821
30806943214, 0.648668, 0.648582
30879259982, 0.648489, 0.648409
30951576750, 0.648345, 0.648241
31023893518, 0.648183, 0.648074
31096210286, 0.647973, 0.647870
31168527054, 0.647799, 0.647715
31240843823, 0.647698, 0.647601
31313160591, 0.647548, 0.647439
31385477359, 0.647338, 0.647242
31457794127, 0.647146, 0.647021
31530110895, 0.646954, 0.646841
31602427663, 0.646811, 0.646686
31674744431, 0.646655, 0.646524
31747061199, 0.646493, 0.646375
31819377967, 0.646349, 0.646231
31891694736, 0.646181, 0.646063
31964011504, 0.645966, 0.645860
32036328272, 0.645732, 0.645645
32108645040, 0.645546, 0.645453
32180961808, 0.645402, 0.645298
32253278576, 0.645235, 0.645124
32325595344, 0.645121, 0.644993
32397912112, 0.644971, 0.644819
32470228880, 0.644761, 0.644604
32542545649, 0.644539, 0.644394
32614862417, 0.644420, 0.644293
32687179185, 0.644312, 0.644209
32759495953, 0.644186, 0.644095
32831812721, 0.643988, 0.643898
32904129489, 0.643808, 0.643712
32976446257, 0.643623, 0.643539
33048763025, 0.643503, 0.643395
33121079793, 0.643353, 0.643228
33193396562, 0.643227, 0.643096
33265713330, 0.643131, 0.642976
33338030098, 0.643035, 0.642875
33410346866, 0.642928, 0.642755
33482663634, 0.642790, 0.642617
33554980402, 0.642634, 0.642450
33627297170, 0.642478, 0.642300
33699613938, 0.642358, 0.642163
33771930706, 0.642214, 0.642013
33844247475, 0.642089, 0.641864
33916564243, 0.641921, 0.641714
33988881011, 0.641771, 0.641529
34061197779, 0.641633, 0.641385
34133514547, 0.641489, 0.641218
34205831315, 0.641316, 0.641050
34278148083, 0.641160, 0.640918
34350464851, 0.641016, 0.640757
34422781619, 0.640938, 0.640655
34495098387, 0.640788, 0.640518
34567415156, 0.640626, 0.640350
34639731924, 0.640507, 0.640206
34712048692, 0.640375, 0.640069
34784365460, 0.640231, 0.639901
34856682228, 0.640153, 0.639794
34928998996, 0.640009, 0.639656
35001315764, 0.639865, 0.639524
35073632532, 0.639745, 0.639429
35145949300, 0.639620, 0.639315
35218266069, 0.639428, 0.639130
35290582837, 0.639290, 0.638980
35362899605, 0.639110, 0.638824
35435216373, 0.638930, 0.638657
35507533141, 0.638787, 0.638513
35579849909, 0.638679, 0.638412
35652166677, 0.638547, 0.638286
35724483445, 0.638415, 0.638148
35796800213, 0.638283, 0.638029
35869116982, 0.638163, 0.637909
35941433750, 0.637978, 0.637706
36013750518, 0.637810, 0.637544
36086067286, 0.637696, 0.637419
36158384054, 0.637594, 0.637323
36230700822, 0.637486, 0.637209
36303017590, 0.637307, 0.637030
36375334358, 0.637187, 0.636910
36447651126, 0.637061, 0.636743
36519967895, 0.636953, 0.636623
36592284663, 0.636839, 0.636527
36664601431, 0.636737, 0.636407
36736918199, 0.636617, 0.636282
36809234967, 0.636521, 0.636180
36881551735, 0.636396, 0.636049
36953868503, 0.636222, 0.635833
37026185271, 0.636066, 0.635684
37098502039, 0.635922, 0.635522
37170818808, 0.635778, 0.635373
37243135576, 0.635611, 0.635217
37315452344, 0.635479, 0.635055
37387769112, 0.635347, 0.634912
37460085880, 0.635257, 0.634816
37532402648, 0.635167, 0.634708
37604719416, 0.635035, 0.634571
37677036184, 0.634898, 0.634427
37749352952, 0.634772, 0.634314
37821669721, 0.634682, 0.634224
37893986489, 0.634556, 0.634110
37966303257, 0.634406, 0.633967
38038620025, 0.634334, 0.633901
38110936793, 0.634226, 0.633781
38183253561, 0.634154, 0.633697
38255570329, 0.634047, 0.633572
38327887097, 0.633927, 0.633458
38400203865, 0.633789, 0.633326
38472520633, 0.633627, 0.633165
38544837402, 0.633519, 0.633051
38617154170, 0.633417, 0.632962
38689470938, 0.633309, 0.632860
38761787706, 0.633202, 0.632740
38834104474, 0.633112, 0.632626
38906421242, 0.632980, 0.632501
38978738010, 0.632860, 0.632369
39051054778, 0.632734, 0.632244
39123371546, 0.632638, 0.632136
39195688315, 0.632530, 0.632034
39268005083, 0.632429, 0.631956
39340321851, 0.632309, 0.631825
39412638619, 0.632183, 0.631717
39484955387, 0.632099, 0.631645
39557272155, 0.632009, 0.631562
39629588923, 0.631865, 0.631418
39701905691, 0.631739, 0.631286
39774222459, 0.631674, 0.631221
39846539228, 0.631596, 0.631143
39918855996, 0.631482, 0.631017
39991172764, 0.631344, 0.630874
40063489532, 0.631200, 0.630742
40135806300, 0.631074, 0.630616
40208123068, 0.630978, 0.630509
40280439836, 0.630918, 0.630449
40352756604, 0.630841, 0.630377
40425073372, 0.630763, 0.630299
40497390141, 0.630661, 0.630209
40569706909, 0.630553, 0.630108
40642023677, 0.630445, 0.630000
40714340445, 0.630337, 0.629880
40786657213, 0.630217, 0.629791
40858973981, 0.630109, 0.629677
40931290749, 0.630068, 0.629635
41003607517, 0.629942, 0.629527
41075924285, 0.629864, 0.629456
41148241054, 0.629780, 0.629390
41220557822, 0.629708, 0.629318
41292874590, 0.629612, 0.629216
41365191358, 0.629510, 0.629115
41437508126, 0.629414, 0.629013
41509824894, 0.629336, 0.628947
41582141662, 0.629229, 0.628828
41654458430, 0.629151, 0.628726
41726775198, 0.629049, 0.628624
41799091967, 0.629001, 0.628564
41871408735, 0.628923, 0.628481
41943725503, 0.628809, 0.628379
42016042271, 0.628707, 0.628283
42088359039, 0.628593, 0.628181
42160675807, 0.628497, 0.628086
42232992575, 0.628426, 0.628014
42305309343, 0.628330, 0.627912
42377626111, 0.628234, 0.627810
42449942879, 0.628120, 0.627697
42522259648, 0.627994, 0.627595
42594576416, 0.627892, 0.627469
42666893184, 0.627808, 0.627374
42739209952, 0.627718, 0.627260
42811526720, 0.627629, 0.627170
42883843488, 0.627545, 0.627075
42956160256, 0.627485, 0.626997
43028477024, 0.627407, 0.626925
43100793792, 0.627281, 0.626805
43173110561, 0.627167, 0.626704
43245427329, 0.627083, 0.626614
43317744097, 0.627035, 0.626542
43390060865, 0.626909, 0.626411
43462377633, 0.626832, 0.626333
43534694401, 0.626700, 0.626189
43607011169, 0.626622, 0.626111
43679327937, 0.626508, 0.626016
43751644705, 0.626394, 0.625890
43823961474, 0.626298, 0.625800
43896278242, 0.626202, 0.625699
43968595010, 0.626071, 0.625573
44040911778, 0.625981, 0.625483
44113228546, 0.625903, 0.625399
44185545314, 0.625849, 0.625346
44257862082, 0.625753, 0.625250
44330178850, 0.625669, 0.625166
44402495618, 0.625573, 0.625070
44474812387, 0.625495, 0.624987
44547129155, 0.625405, 0.624909
44619445923, 0.625285, 0.624789
44691762691, 0.625184, 0.624676
44764079459, 0.625088, 0.624592
44836396227, 0.625016, 0.624496
44908712995, 0.624944, 0.624424
44981029763, 0.624884, 0.624347
45053346531, 0.624794, 0.624257
45125663300, 0.624692, 0.624173
45197980068, 0.624614, 0.624095
45270296836, 0.624560, 0.624041
45342613604, 0.624476, 0.623946
45414930372, 0.624405, 0.623874
45487247140, 0.624327, 0.623808
45559563908, 0.624249, 0.623712
45631880676, 0.624123, 0.623593
45704197444, 0.624045, 0.623515
45776514212, 0.623979, 0.623449
45848830981, 0.623877, 0.623341
45921147749, 0.623775, 0.623246
45993464517, 0.623691, 0.623162
46065781285, 0.623626, 0.623078
46138098053, 0.623530, 0.623030
46210414821, 0.623488, 0.623000
46282731589, 0.623386, 0.622887
46355048357, 0.623332, 0.622827
46427365125, 0.623230, 0.622731
46499681894, 0.623170, 0.622647
46571998662, 0.623056, 0.622552
46644315430, 0.622960, 0.622456
46716632198, 0.622864, 0.622348
46788948966, 0.622787, 0.622283
46861265734, 0.622739, 0.622241
46933582502, 0.622697, 0.622205
47005899270, 0.622619, 0.622121
47078216038, 0.622511, 0.622025
47150532807, 0.622409, 0.621936
47222849575, 0.622379, 0.621912
47295166343, 0.622283, 0.621828
47367483111, 0.622223, 0.621780
47439799879, 0.622133, 0.621684
47512116647, 0.622056, 0.621601
47584433415, 0.622008, 0.621541
47656750183, 0.621948, 0.621445
47729066951, 0.621906, 0.621391
47801383720, 0.621840, 0.621331
47873700488, 0.621732, 0.621218
47946017256, 0.621678, 0.621164
48018334024, 0.621618, 0.621104
48090650792, 0.621576, 0.621056
48162967560, 0.621504, 0.621002
48235284328, 0.621438, 0.620942
48307601096, 0.621366, 0.620877
48379917864, 0.621294, 0.620811
48452234633, 0.621241, 0.620757
48524551401, 0.621157, 0.620679
48596868169, 0.621097, 0.620607
48669184937, 0.621001, 0.620518
48741501705, 0.620947, 0.620446
48813818473, 0.620875, 0.620374
48886135241, 0.620821, 0.620308
48958452009, 0.620779, 0.620254
49030768777, 0.620725, 0.620213
49103085546, 0.620659, 0.620159
49175402314, 0.620611, 0.620111
49247719082, 0.620551, 0.620045
49320035850, 0.620491, 0.619961
49392352618, 0.620438, 0.619913
49464669386, 0.620354, 0.619818
49536986154, 0.620294, 0.619734
49609302922, 0.620240, 0.619686
49681619690, 0.620204, 0.619632
49753936458, 0.620156, 0.619584
49826253227, 0.620072, 0.619507
49898569995, 0.620012, 0.619459
49970886763, 0.619970, 0.619405
50043203531, 0.619934, 0.619369
50115520299, 0.619898, 0.619333
50187837067, 0.619820, 0.619273
50260153835, 0.619778, 0.619219
50332470603, 0.619682, 0.619136
50404787371, 0.619623, 0.619082
50477104140, 0.619551, 0.619010
50549420908, 0.619485, 0.618926
50621737676, 0.619437, 0.618878
50694054444, 0.619377, 0.618831
50766371212, 0.619317, 0.618765
50838687980, 0.619275, 0.618723
50911004748, 0.619227, 0.618669
50983321516, 0.619173, 0.618609
51055638284, 0.619131, 0.618573
51127955053, 0.619035, 0.618472
51200271821, 0.618963, 0.618406
51272588589, 0.618891, 0.618328
51344905357, 0.618808, 0.618232
51417222125, 0.618760, 0.618184
51489538893, 0.618688, 0.618095
51561855661, 0.618610, 0.618017
51634172429, 0.618550, 0.617951
51706489197, 0.618478, 0.617885
51778805966, 0.618430, 0.617837
51851122734, 0.618400, 0.617796
51923439502, 0.618352, 0.617730
51995756270, 0.618286, 0.617670
52068073038, 0.618250, 0.617628
52140389806, 0.618190, 0.617574
52212706574, 0.618124, 0.617514
52285023342, 0.618041, 0.617425
52357340110, 0.617981, 0.617359
52429656879, 0.617939, 0.617305
52501973647, 0.617861, 0.617227
52574290415, 0.617807, 0.617173
52646607183, 0.617729, 0.617096
52718923951, 0.617687, 0.617036
52791240719, 0.617639, 0.616976
52863557487, 0.617573, 0.616910
52935874255, 0.617549, 0.616880
53008191023, 0.617513, 0.616844
53080507792, 0.617483, 0.616808
53152824560, 0.617405, 0.616737
53225141328, 0.617339, 0.616683
53297458096, 0.617267, 0.616623
53369774864, 0.617220, 0.616581
53442091632, 0.617190, 0.616557
53514408400, 0.617142, 0.616503
53586725168, 0.617094, 0.616461
53659041936, 0.617040, 0.616420
53731358704, 0.617022, 0.616396
53803675473, 0.617010, 0.616372
53875992241, 0.616950, 0.616306
53948309009, 0.616890, 0.616258
54020625777, 0.616818, 0.616192
54092942545, 0.616800, 0.616174
54165259313, 0.616734, 0.616114
54237576081, 0.616698, 0.616085
54309892849, 0.616638, 0.616031
54382209617, 0.616578, 0.615965
54454526386, 0.616512, 0.615905
54526843154, 0.616476, 0.615869
54599159922, 0.616417, 0.615797
54671476690, 0.616387, 0.615773
54743793458, 0.616339, 0.615708
54816110226, 0.616309, 0.615666
54888426994, 0.616249, 0.615606
54960743762, 0.616171, 0.615522
55033060530, 0.616141, 0.615486
55105377299, 0.616105, 0.615456
55177694067, 0.616045, 0.615408
55250010835, 0.616021, 0.615367
55322327603, 0.615973, 0.615301
55394644371, 0.615943, 0.615271
55466961139, 0.615919, 0.615253
55539277907, 0.615865, 0.615205
55611594675, 0.615829, 0.615163
55683911443, 0.615787, 0.615127
55756228212, 0.615763, 0.615109
55828544980, 0.615715, 0.615061
55900861748, 0.615661, 0.614996
55973178516, 0.615620, 0.614966
56045495284, 0.615584, 0.614930
56117812052, 0.615548, 0.614906
56190128820, 0.615512, 0.614870
56262445588, 0.615464, 0.614822
56334762356, 0.615422, 0.614768
56407079125, 0.615386, 0.614732
56479395893, 0.615314, 0.614649
56551712661, 0.615260, 0.614583
56624029429, 0.615248, 0.614565
56696346197, 0.615194, 0.614511
56768662965, 0.615170, 0.614487
56840979733, 0.615104, 0.614427
56913296501, 0.615074, 0.614397
56985613269, 0.615050, 0.614362
57057930038, 0.615026, 0.614332
57130246806, 0.614996, 0.614296
57202563574, 0.614954, 0.614248
57274880342, 0.614924, 0.614218
57347197110, 0.614900, 0.614188
57419513878, 0.614846, 0.614140
57491830646, 0.614811, 0.614098
57564147414, 0.614787, 0.614068
57636464182, 0.614733, 0.614021
57708780950, 0.614697, 0.613991
57781097719, 0.614649, 0.613943
57853414487, 0.614631, 0.613913
57925731255, 0.614583, 0.613865
57998048023, 0.614505, 0.613769
58070364791, 0.614487, 0.613757
58142681559, 0.614445, 0.613727
58214998327, 0.614385, 0.613662
58287315095, 0.614367, 0.613638
58359631863, 0.614325, 0.613602
58431948632, 0.614289, 0.613554
58504265400, 0.614271, 0.613524
58576582168, 0.614223, 0.613470
58648898936, 0.614181, 0.613428
58721215704, 0.614139, 0.613392
58793532472, 0.614109, 0.613362
58865849240, 0.614073, 0.613321
58938166008, 0.614014, 0.613267
59010482776, 0.613948, 0.613195
59082799545, 0.613918, 0.613171
59155116313, 0.613864, 0.613129
59227433081, 0.613846, 0.613117
59299749849, 0.613828, 0.613105
59372066617, 0.613792, 0.613069
59444383385, 0.613756, 0.613033
59516700153, 0.613744, 0.613015
59589016921, 0.613690, 0.612962
59661333689, 0.613636, 0.612902
59733650458, 0.613618, 0.612884
59805967226, 0.613576, 0.612848
59878283994, 0.613552, 0.612824
59950600762, 0.613528, 0.612794
60022917530, 0.613486, 0.612758
60095234298, 0.613438, 0.612692
60167551066, 0.613402, 0.612656
60239867834, 0.613372, 0.612621
60312184602, 0.613342, 0.612591
60384501371, 0.613330, 0.612579
60456818139, 0.613282, 0.612531
60529134907, 0.613258, 0.612501
60601451675, 0.613228, 0.612477
60673768443, 0.613205, 0.612447
60746085211, 0.613175, 0.612423
60818401979, 0.613169, 0.612399
60890718747, 0.613145, 0.612375
60963035515, 0.613115, 0.612345
61035352283, 0.613091, 0.612315
61107669052, 0.613079, 0.612292
61179985820, 0.613055, 0.612262
61252302588, 0.613013, 0.612226
61324619356, 0.612959, 0.612184
61396936124, 0.612929, 0.612160
61469252892, 0.612899, 0.612136
61541569660, 0.612857, 0.612106
61613886428, 0.612839, 0.612088
61686203196, 0.612839, 0.612088
61758519965, 0.612833, 0.612076
61830836733, 0.612809, 0.612046
61903153501, 0.612779, 0.612022
61975470269, 0.612749, 0.611992
62047787037, 0.612719, 0.611968
62120103805, 0.612701, 0.611951
62192420573, 0.612689, 0.611945
62264737341, 0.612647, 0.611915
62337054109, 0.612617, 0.611897
62409370878, 0.612599, 0.611873
62481687646, 0.612557, 0.611831
62554004414, 0.612515, 0.611789
62626321182, 0.612479, 0.611753
62698637950, 0.612461, 0.611735
62770954718, 0.612431, 0.611699
62843271486, 0.612420, 0.611687
62915588254, 0.612390, 0.611657
62987905022, 0.612348, 0.611616
63060221791, 0.612336, 0.611598
63132538559, 0.612336, 0.611592
63204855327, 0.612312, 0.611568
63277172095, 0.612294, 0.611550
63349488863, 0.612270, 0.611538
63421805631, 0.612258, 0.611526
63494122399, 0.612240, 0.611508
63566439167, 0.612228, 0.611490
63638755935, 0.612198, 0.611448
63711072704, 0.612180, 0.611424
63783389472, 0.612156, 0.611400
63855706240, 0.612126, 0.611376
63928023008, 0.612114, 0.611364
64000339776, 0.612078, 0.611334
64072656544, 0.612072, 0.611328
64144973312, 0.612030, 0.611292
64217290080, 0.612024, 0.611286
64289606848, 0.612000, 0.611269
64361923617, 0.611982, 0.611251
64434240385, 0.611964, 0.611239
64506557153, 0.611952, 0.611227
64578873921, 0.611940, 0.611215
64651190689, 0.611928, 0.611203
64723507457, 0.611904, 0.611173
64795824225, 0.611898, 0.611167
64868140993, 0.611868, 0.611143
64940457761, 0.611856, 0.611125
65012774529, 0.611838, 0.611119
65085091298, 0.611838, 0.611113
65157408066, 0.611826, 0.611107
65229724834, 0.611814, 0.611095
65302041602, 0.611790, 0.611071
65374358370, 0.611772, 0.611041
65446675138, 0.611730, 0.610999
65518991906, 0.611724, 0.610993
65591308674, 0.611706, 0.610969
65663625442, 0.611688, 0.610945
65735942211, 0.611682, 0.610933
65808258979, 0.611682, 0.610928
65880575747, 0.611676, 0.610928
65952892515, 0.611664, 0.610916
66025209283, 0.611646, 0.610892
66097526051, 0.611646, 0.610886
66169842819, 0.611634, 0.610868
66242159587, 0.611628, 0.610862
66314476355, 0.611628, 0.610862
66386793124, 0.611622, 0.610862
66459109892, 0.611622, 0.610850
66531426660, 0.611599, 0.610826
66603743428, 0.611593, 0.610820
66676060196, 0.611587, 0.610814
66748376964, 0.611575, 0.610802
66820693732, 0.611563, 0.610796
66893010500, 0.611545, 0.610784
66965327268, 0.611533, 0.610772
67037644037, 0.611527, 0.610766
67109960805, 0.611521, 0.610760
67182277573, 0.611503, 0.610742
67254594341, 0.611467, 0.610706
67326911109, 0.611467, 0.610706
67399227877, 0.611461, 0.610694
67471544645, 0.611437, 0.610664
67543861413, 0.611425, 0.610652
67616178181, 0.611413, 0.610640
67688494950, 0.611407, 0.610634
67760811718, 0.611401, 0.610622
67833128486, 0.611377, 0.610592
67905445254, 0.611365, 0.610575
67977762022, 0.611347, 0.610557
68050078790, 0.611335, 0.610545
68122395558, 0.611329, 0.610539
68194712326, 0.611323, 0.610533
68267029094, 0.611323, 0.610533
68339345863, 0.611323, 0.610527
68411662631, 0.611323, 0.610527
68483979399, 0.611293, 0.610503
68556296167, 0.611287, 0.610497
68628612935, 0.611263, 0.610479
68700929703, 0.611233, 0.610449
68773246471, 0.611221, 0.610437
68845563239, 0.611215, 0.610431
68917880007, 0.611203, 0.610419
68990196775, 0.611197, 0.610413
69062513544, 0.611173, 0.610389
69134830312, 0.611161, 0.610377
69207147080, 0.611149, 0.610365
69279463848, 0.611137, 0.610353
69351780616, 0.611137, 0.610353
69424097384, 0.611125, 0.610341
69496414152, 0.611119, 0.610335
69568730920, 0.611119, 0.610335
69641047688, 0.611095, 0.610311
69713364457, 0.611083, 0.610299
69785681225, 0.611083, 0.610299
69857997993, 0.611077, 0.610299
69930314761, 0.611065, 0.610293
70002631529, 0.611059, 0.610287
70074948297, 0.611059, 0.610287
70147265065, 0.611047, 0.610275
70219581833, 0.611047, 0.610275
70291898601, 0.611035, 0.610257
70364215370, 0.611023, 0.610245
70436532138, 0.611023, 0.610245
70508848906, 0.611017, 0.610245
70581165674, 0.611011, 0.610240
70653482442, 0.611005, 0.610234
70725799210, 0.611005, 0.610234
70798115978, 0.611005, 0.610234
70870432746, 0.610999, 0.610228
70942749514, 0.610999, 0.610228
71015066283, 0.610999, 0.610228
71087383051, 0.610999, 0.610228
71159699819, 0.610999, 0.610228
71232016587, 0.610999, 0.610228
71304333355, 0.610999, 0.610228
71376650123, 0.610999, 0.610228
71448966891, 0.610999, 0.610222
71521283659, 0.610999, 0.610222
71593600427, 0.610999, 0.610222
71665917196, 0.610999, 0.610222
71738233964, 0.610999, 0.610222
71810550732, 0.610999, 0.610216
71882867500, 0.610999, 0.610216
71955184268, 0.610999, 0.610216
72027501036, 0.610999, 0.610216
72099817804, 0.610999, 0.610216
72172134572, 0.610999, 0.610216
72244451340, 0.610999, 0.610216
72316768109, 0.610999, 0.610216
Time used: 21750 ms
