logging to /data1/flows_res/2016020100-2016020200_unique/tenant_4_profile_res-FIX_RATE-FLOWS-0.01.csvtracefile: /data1/tenant_trace/2016020100-2016020200_unique/tenant_4_trace
open file /data1/tenant_trace/2016020100-2016020200_unique/tenant_4_trace
read 1000000 lines
read 2000000 lines
read 3000000 lines
read 4000000 lines
read 5000000 lines
read 6000000 lines
read 7000000 lines
read 8000000 lines
read 9000000 lines
read 10000000 lines
read 11000000 lines
read 12000000 lines
read 13000000 lines
read 14000000 lines
read 15000000 lines
read 16000000 lines
read 17000000 lines
read 18000000 lines
read 19000000 lines
read 20000000 lines
read 21000000 lines
read 22000000 lines
read 23000000 lines
read 24000000 lines
read 25000000 lines
read 26000000 lines
read 27000000 lines
read 28000000 lines
read 29000000 lines
read 30000000 lines
read 31000000 lines
read 32000000 lines
read 33000000 lines
read 34000000 lines
read 35000000 lines
read 36000000 lines
read 37000000 lines
read 38000000 lines
read 39000000 lines
read 40000000 lines
read 41000000 lines
read 42000000 lines
read 43000000 lines
read 44000000 lines
read 45000000 lines
read 46000000 lines
read 47000000 lines
read 48000000 lines
read 49000000 lines
read 50000000 lines
read 51000000 lines
read 52000000 lines
read 53000000 lines
read 54000000 lines
read 55000000 lines
read 56000000 lines
read 57000000 lines
read 58000000 lines
read 59000000 lines
read 60000000 lines
read 61000000 lines
read 62000000 lines
read 63000000 lines
read 64000000 lines
read 65000000 lines
read 66000000 lines
read 67000000 lines
read 68000000 lines
read 69000000 lines
read 70000000 lines
read 71000000 lines
read 72000000 lines
read 73000000 lines
read 74000000 lines
read 75000000 lines
read 76000000 lines
read 77000000 lines
read 78000000 lines
read 79000000 lines
read 80000000 lines
read 81000000 lines
read 82000000 lines
read 83000000 lines
read 84000000 lines
read 85000000 lines
read 86000000 lines
read 87000000 lines
read 88000000 lines
read 89000000 lines
read 90000000 lines
read 91000000 lines
read 92000000 lines
read 93000000 lines
read 94000000 lines
read 95000000 lines
read 96000000 lines
read 97000000 lines
read 98000000 lines
read 99000000 lines
read 100000000 lines
read 101000000 lines
read 102000000 lines
read 103000000 lines
read 104000000 lines
read 105000000 lines
read 106000000 lines
read 107000000 lines
read 108000000 lines
read 109000000 lines
read 110000000 lines
read 111000000 lines
read 112000000 lines
read 113000000 lines
read 114000000 lines
read 115000000 lines
read 116000000 lines
read 117000000 lines
read 118000000 lines
read 119000000 lines
read 120000000 lines
read 121000000 lines
read 122000000 lines
read 123000000 lines
read 124000000 lines
read 125000000 lines
read 126000000 lines
read 127000000 lines
read 128000000 lines
read 129000000 lines
read 130000000 lines
read 131000000 lines
read 132000000 lines
read 133000000 lines
read 134000000 lines
read 135000000 lines
read 136000000 lines
read 137000000 lines
read 138000000 lines
read 139000000 lines
read 140000000 lines
read 141000000 lines
read 142000000 lines
read 143000000 lines
read 144000000 lines
read 145000000 lines
read 146000000 lines
read 147000000 lines
read 148000000 lines
read 149000000 lines
read 150000000 lines
read 151000000 lines
read 152000000 lines
read 153000000 lines
read 154000000 lines
read 155000000 lines
read 156000000 lines
read 157000000 lines
read 158000000 lines
read 159000000 lines
[FILE]: /data1/tenant_trace/2016020100-2016020200_unique/tenant_4_trace
total_access_num: 159053594
total_access_size: 1947606867474
unique_access_num: 51021832
unique_access_size: 649953690410
min_item_size: 1
[method]: FLOWS
[metric]: MAE
[seed]: 42
[sample_method]: FIX_RATE
[sample_metric]: 0.01
MAEQ_factor: 1.316200
cache_size, BMRC_ratio, OMRC_ratio
6499536904, 0.696890, 0.693493
12999073808, 0.635146, 0.628939
19498610712, 0.594854, 0.587303
25998147616, 0.565034, 0.556641
32497684520, 0.541677, 0.532519
38997221424, 0.522307, 0.512617
45496758328, 0.505970, 0.495928
51996295232, 0.492180, 0.481674
58495832136, 0.480198, 0.469419
64995369041, 0.469791, 0.458787
71494905945, 0.460532, 0.449342
77994442849, 0.452175, 0.440722
84493979753, 0.444691, 0.433035
90993516657, 0.437858, 0.426166
97493053561, 0.431808, 0.419941
103992590465, 0.426100, 0.414175
110492127369, 0.420847, 0.408841
116991664273, 0.416019, 0.403925
123491201177, 0.411391, 0.399240
129990738082, 0.407141, 0.394999
136490274986, 0.403253, 0.391077
142989811890, 0.399669, 0.387389
149489348794, 0.396324, 0.383999
155988885698, 0.392999, 0.380702
162488422602, 0.390053, 0.377710
168987959506, 0.387153, 0.374822
175487496410, 0.384487, 0.372164
181987033314, 0.382019, 0.369659
188486570218, 0.379650, 0.367189
194986107123, 0.377390, 0.364856
201485644027, 0.375264, 0.362690
207985180931, 0.373222, 0.360553
214484717835, 0.371349, 0.358661
220984254739, 0.369557, 0.356841
227483791643, 0.367850, 0.355136
233983328547, 0.366239, 0.353517
240482865451, 0.364620, 0.351929
246982402355, 0.363093, 0.350419
253481939259, 0.361662, 0.348977
259981476164, 0.360257, 0.347565
266481013068, 0.358940, 0.346271
272980549972, 0.357707, 0.345013
279480086876, 0.356483, 0.343805
285979623780, 0.355350, 0.342630
292479160684, 0.354287, 0.341564
298978697588, 0.353195, 0.340507
305478234492, 0.352206, 0.339543
311977771396, 0.351245, 0.338574
318477308300, 0.350310, 0.337642
324976845205, 0.349444, 0.336811
331476382109, 0.348654, 0.336034
337975919013, 0.347882, 0.335244
344475455917, 0.347088, 0.334472
350974992821, 0.346383, 0.333755
357474529725, 0.345694, 0.333036
363974066629, 0.345073, 0.332384
370473603533, 0.344440, 0.331757
376973140437, 0.343782, 0.331088
383472677341, 0.343108, 0.330438
389972214246, 0.342565, 0.329899
396471751150, 0.342041, 0.329362
402971288054, 0.341490, 0.328819
409470824958, 0.341023, 0.328370
415970361862, 0.340572, 0.327921
422469898766, 0.340085, 0.327434
428969435670, 0.339686, 0.327066
435468972574, 0.339279, 0.326641
441968509478, 0.338874, 0.326220
448468046382, 0.338488, 0.325849
454967583287, 0.338150, 0.325514
461467120191, 0.337819, 0.325182
467966657095, 0.337498, 0.324859
474466193999, 0.337214, 0.324570
480965730903, 0.336908, 0.324276
487465267807, 0.336624, 0.323985
493964804711, 0.336357, 0.323745
500464341615, 0.336107, 0.323514
506963878519, 0.335860, 0.323287
513463415423, 0.335655, 0.323077
519962952328, 0.335475, 0.322916
526462489232, 0.335282, 0.322724
532962026136, 0.335099, 0.322560
539461563040, 0.334931, 0.322396
545961099944, 0.334785, 0.322259
552460636848, 0.334630, 0.322104
558960173752, 0.334493, 0.321971
565459710656, 0.334360, 0.321859
571959247560, 0.334265, 0.321761
578458784464, 0.334186, 0.321687
584958321369, 0.334091, 0.321604
591457858273, 0.334008, 0.321523
597957395177, 0.333946, 0.321454
604456932081, 0.333894, 0.321397
610956468985, 0.333839, 0.321339
617456005889, 0.333798, 0.321302
623955542793, 0.333764, 0.321270
630455079697, 0.333745, 0.321243
636954616601, 0.333715, 0.321219
643454153505, 0.333703, 0.321206
649953690410, 0.333698, 0.321202
Time used: 134818 ms
