logging to /data1/flows_res/2016020800-2016020900_unique/tenant_6_profile_res-FIX_RATE-FLOWS-0.01.csvtracefile: /data1/tenant_trace/2016020800-2016020900_unique/tenant_6_trace
open file /data1/tenant_trace/2016020800-2016020900_unique/tenant_6_trace
read 1000000 lines
read 2000000 lines
read 3000000 lines
read 4000000 lines
read 5000000 lines
read 6000000 lines
read 7000000 lines
read 8000000 lines
read 9000000 lines
read 10000000 lines
read 11000000 lines
read 12000000 lines
read 13000000 lines
read 14000000 lines
read 15000000 lines
read 16000000 lines
read 17000000 lines
read 18000000 lines
read 19000000 lines
read 20000000 lines
read 21000000 lines
read 22000000 lines
read 23000000 lines
read 24000000 lines
read 25000000 lines
read 26000000 lines
read 27000000 lines
read 28000000 lines
read 29000000 lines
read 30000000 lines
read 31000000 lines
read 32000000 lines
read 33000000 lines
read 34000000 lines
read 35000000 lines
read 36000000 lines
read 37000000 lines
read 38000000 lines
read 39000000 lines
read 40000000 lines
read 41000000 lines
read 42000000 lines
read 43000000 lines
read 44000000 lines
read 45000000 lines
read 46000000 lines
read 47000000 lines
read 48000000 lines
read 49000000 lines
read 50000000 lines
read 51000000 lines
read 52000000 lines
read 53000000 lines
read 54000000 lines
read 55000000 lines
read 56000000 lines
read 57000000 lines
read 58000000 lines
read 59000000 lines
read 60000000 lines
read 61000000 lines
read 62000000 lines
read 63000000 lines
read 64000000 lines
read 65000000 lines
read 66000000 lines
read 67000000 lines
read 68000000 lines
read 69000000 lines
read 70000000 lines
read 71000000 lines
read 72000000 lines
read 73000000 lines
read 74000000 lines
read 75000000 lines
read 76000000 lines
read 77000000 lines
read 78000000 lines
read 79000000 lines
read 80000000 lines
read 81000000 lines
read 82000000 lines
read 83000000 lines
read 84000000 lines
read 85000000 lines
read 86000000 lines
read 87000000 lines
read 88000000 lines
read 89000000 lines
read 90000000 lines
read 91000000 lines
read 92000000 lines
read 93000000 lines
read 94000000 lines
read 95000000 lines
read 96000000 lines
read 97000000 lines
read 98000000 lines
read 99000000 lines
read 100000000 lines
read 101000000 lines
read 102000000 lines
read 103000000 lines
read 104000000 lines
read 105000000 lines
read 106000000 lines
read 107000000 lines
read 108000000 lines
read 109000000 lines
read 110000000 lines
read 111000000 lines
read 112000000 lines
read 113000000 lines
read 114000000 lines
read 115000000 lines
read 116000000 lines
read 117000000 lines
read 118000000 lines
read 119000000 lines
read 120000000 lines
read 121000000 lines
[FILE]: /data1/tenant_trace/2016020800-2016020900_unique/tenant_6_trace
total_access_num: 121486450
total_access_size: 12853901329600
unique_access_num: 44451624
unique_access_size: 4077709386562
min_item_size: 1
[method]: FLOWS
[metric]: MAE
[seed]: 42
[sample_method]: FIX_RATE
[sample_metric]: 0.01
MAEQ_factor: 1.340843
cache_size, BMRC_ratio, OMRC_ratio
40777093865, 0.741015, 0.795681
81554187731, 0.668931, 0.724183
122331281596, 0.620298, 0.675004
163108375462, 0.583753, 0.637913
203885469328, 0.554640, 0.608366
244662563193, 0.530919, 0.584143
285439657059, 0.510787, 0.563618
326216750924, 0.493569, 0.545903
366993844790, 0.478110, 0.530540
407770938656, 0.464755, 0.517060
448548032521, 0.452855, 0.505118
489325126387, 0.442394, 0.494537
530102220253, 0.432854, 0.484979
570879314118, 0.424310, 0.476410
611656407984, 0.416417, 0.468470
652433501849, 0.409432, 0.461474
693210595715, 0.403039, 0.455071
733987689581, 0.397180, 0.449160
774764783446, 0.391717, 0.443643
815541877312, 0.386790, 0.438595
856318971178, 0.382124, 0.433996
897096065043, 0.378101, 0.429882
937873158909, 0.374261, 0.425973
978650252774, 0.370637, 0.422389
1019427346640, 0.367307, 0.419034
1060204440506, 0.364234, 0.415938
1100981534371, 0.361180, 0.412918
1141758628237, 0.358505, 0.410299
1182535722102, 0.355964, 0.407652
1223312815968, 0.353639, 0.405288
1264089909834, 0.351430, 0.403087
1304867003699, 0.349476, 0.401024
1345644097565, 0.347582, 0.399110
1386421191431, 0.345765, 0.397312
1427198285296, 0.344139, 0.395636
1467975379162, 0.342553, 0.394115
1508752473027, 0.341055, 0.392674
1549529566893, 0.339652, 0.391257
1590306660759, 0.338300, 0.389890
1631083754624, 0.337162, 0.388692
1671860848490, 0.335959, 0.387492
1712637942356, 0.334803, 0.386326
1753415036221, 0.333724, 0.385208
1794192130087, 0.332775, 0.384216
1834969223952, 0.331796, 0.383211
1875746317818, 0.330912, 0.382322
1916523411684, 0.330064, 0.381433
1957300505549, 0.329271, 0.380579
1998077599415, 0.328584, 0.379848
2038854693281, 0.327902, 0.379102
2079631787146, 0.327235, 0.378469
2120408881012, 0.326623, 0.377845
2161185974877, 0.326015, 0.377171
2201963068743, 0.325484, 0.376620
2242740162609, 0.324917, 0.376042
2283517256474, 0.324366, 0.375467
2324294350340, 0.323887, 0.374937
2365071444205, 0.323472, 0.374447
2405848538071, 0.323059, 0.373984
2446625631937, 0.322632, 0.373531
2487402725802, 0.322267, 0.373115
2528179819668, 0.321920, 0.372720
2568956913534, 0.321522, 0.372283
2609734007399, 0.321162, 0.371890
2650511101265, 0.320858, 0.371544
2691288195130, 0.320564, 0.371213
2732065288996, 0.320276, 0.370897
2772842382862, 0.319973, 0.370576
2813619476727, 0.319729, 0.370290
2854396570593, 0.319478, 0.369985
2895173664459, 0.319230, 0.369682
2935950758324, 0.319033, 0.369480
2976727852190, 0.318830, 0.369236
3017504946055, 0.318637, 0.368991
3058282039921, 0.318460, 0.368782
3099059133787, 0.318295, 0.368581
3139836227652, 0.318129, 0.368393
3180613321518, 0.317984, 0.368227
3221390415383, 0.317851, 0.368089
3262167509249, 0.317682, 0.367918
3302944603115, 0.317527, 0.367758
3343721696980, 0.317404, 0.367593
3384498790846, 0.317304, 0.367473
3425275884712, 0.317199, 0.367356
3466052978577, 0.317099, 0.367229
3506830072443, 0.317014, 0.367117
3547607166308, 0.316944, 0.367027
3588384260174, 0.316862, 0.366950
3629161354040, 0.316765, 0.366851
3669938447905, 0.316692, 0.366767
3710715541771, 0.316625, 0.366691
3751492635637, 0.316579, 0.366627
3792269729502, 0.316538, 0.366581
3833046823368, 0.316491, 0.366517
3873823917233, 0.316463, 0.366492
3914601011099, 0.316445, 0.366475
3955378104965, 0.316426, 0.366457
3996155198830, 0.316413, 0.366444
4036932292696, 0.316408, 0.366438
4077709386562, 0.316406, 0.366436
Time used: 102395 ms
