logging to /opt/flows_res_1000/2016020100-2016020200_unique/tenant_2_profile_res-FIX_RATE-FLOWS-0.01.csvtracefile: /data1/tenant_trace/2016020100-2016020200_unique/tenant_2_trace
open file /data1/tenant_trace/2016020100-2016020200_unique/tenant_2_trace
read 1000000 lines
read 2000000 lines
read 3000000 lines
read 4000000 lines
read 5000000 lines
read 6000000 lines
read 7000000 lines
read 8000000 lines
read 9000000 lines
read 10000000 lines
read 11000000 lines
read 12000000 lines
read 13000000 lines
read 14000000 lines
[FILE]: /data1/tenant_trace/2016020100-2016020200_unique/tenant_2_trace
total_access_num: 14900026
total_access_size: 52660956054
unique_access_num: 10406022
unique_access_size: 36715945725
min_item_size: 1
[method]: FLOWS
[metric]: MAE
[seed]: 42
[sample_method]: FIX_RATE
[sample_metric]: 0.01
MAEQ_factor: 1.024650
cache_size, BMRC_ratio, OMRC_ratio
36715945, 0.973381, 0.970159
73431891, 0.965985, 0.963153
110147837, 0.960934, 0.958361
146863782, 0.956512, 0.954213
183579728, 0.952921, 0.950817
220295674, 0.949652, 0.947824
257011620, 0.946369, 0.944763
293727565, 0.942993, 0.941609
330443511, 0.940273, 0.938871
367159457, 0.937472, 0.936280
403875402, 0.934779, 0.934012
440591348, 0.932314, 0.931690
477307294, 0.929996, 0.929488
514023240, 0.927812, 0.927502
550739185, 0.925480, 0.925435
587455131, 0.923323, 0.923354
624171077, 0.921233, 0.921461
660887023, 0.919330, 0.919703
697602968, 0.917320, 0.917743
734318914, 0.915471, 0.915985
771034860, 0.913689, 0.914307
807750805, 0.911988, 0.912656
844466751, 0.910284, 0.910938
881182697, 0.908797, 0.909502
917898643, 0.907189, 0.907918
954614588, 0.905608, 0.906415
991330534, 0.904054, 0.904965
1028046480, 0.902607, 0.903515
1064762426, 0.901187, 0.902146
1101478371, 0.899592, 0.900629
1138194317, 0.898199, 0.899166
1174910263, 0.896939, 0.897904
1211626208, 0.895412, 0.896401
1248342154, 0.894326, 0.895300
1285058100, 0.892893, 0.893878
1321774046, 0.891861, 0.892790
1358489991, 0.890615, 0.891623
1395205937, 0.889369, 0.890401
1431921883, 0.888216, 0.889220
1468637829, 0.887238, 0.888227
1505353774, 0.886019, 0.887166
1542069720, 0.884947, 0.886079
1578785666, 0.883808, 0.884992
1615501611, 0.882750, 0.883904
1652217557, 0.881584, 0.882817
1688933503, 0.880512, 0.881797
1725649449, 0.879494, 0.880817
1762365394, 0.878194, 0.879515
1799081340, 0.877256, 0.878495
1835797286, 0.876224, 0.877515
1872513231, 0.875233, 0.876482
1909229177, 0.874067, 0.875354
1945945123, 0.873143, 0.874509
1982661069, 0.872138, 0.873529
2019377014, 0.870999, 0.872374
2056092960, 0.869940, 0.871327
2092808906, 0.868882, 0.870334
2129524852, 0.867823, 0.869207
2166240797, 0.866993, 0.868361
2202956743, 0.866055, 0.867462
2239672689, 0.865210, 0.866509
2276388634, 0.864474, 0.865663
2313104580, 0.863616, 0.864790
2349820526, 0.862866, 0.863985
2386536472, 0.861901, 0.862952
2423252417, 0.861110, 0.862146
2459968363, 0.860306, 0.861381
2496684309, 0.859543, 0.860603
2533400255, 0.858591, 0.859596
2570116200, 0.857814, 0.858790
2606832146, 0.856903, 0.857837
2643548092, 0.856113, 0.857166
2680264037, 0.855242, 0.856240
2716979983, 0.854304, 0.855274
2753695929, 0.853620, 0.854562
2790411875, 0.852763, 0.853770
2827127820, 0.852026, 0.853032
2863843766, 0.851302, 0.852227
2900559712, 0.850431, 0.851462
2937275658, 0.849601, 0.850616
2973991603, 0.848797, 0.849878
3010707549, 0.848100, 0.849180
3047423495, 0.847256, 0.848321
3084139440, 0.846345, 0.847341
3120855386, 0.845688, 0.846777
3157571332, 0.845112, 0.846173
3194287278, 0.844536, 0.845609
3231003223, 0.843879, 0.844952
3267719169, 0.843116, 0.844213
3304435115, 0.842419, 0.843462
3341151060, 0.841682, 0.842777
3377867006, 0.840985, 0.842066
3414582952, 0.840315, 0.841421
3451298898, 0.839672, 0.840683
3488014843, 0.839002, 0.840012
3524730789, 0.838319, 0.839421
3561446735, 0.837850, 0.838884
3598162681, 0.837140, 0.838160
3634878626, 0.836564, 0.837582
3671594572, 0.835974, 0.836978
3708310518, 0.835425, 0.836468
3745026463, 0.834701, 0.835837
3781742409, 0.834125, 0.835193
3818458355, 0.833576, 0.834629
3855174301, 0.832906, 0.833999
3891890246, 0.832316, 0.833435
3928606192, 0.831713, 0.832898
3965322138, 0.831258, 0.832495
4002038084, 0.830614, 0.831918
4038754029, 0.830065, 0.831395
4075469975, 0.829409, 0.830683
4112185921, 0.828873, 0.830133
4148901866, 0.828243, 0.829462
4185617812, 0.827693, 0.828911
4222333758, 0.827077, 0.828227
4259049704, 0.826541, 0.827717
4295765649, 0.825925, 0.827166
4332481595, 0.825174, 0.826455
4369197541, 0.824585, 0.825757
4405913487, 0.824036, 0.825247
4442629432, 0.823312, 0.824549
4479345378, 0.822856, 0.824066
4516061324, 0.822321, 0.823596
4552777269, 0.821852, 0.823072
4589493215, 0.821128, 0.822334
4626209161, 0.820659, 0.821878
4662925107, 0.820123, 0.821421
4699641052, 0.819654, 0.820952
4736356998, 0.819132, 0.820428
4773072944, 0.818542, 0.819757
4809788889, 0.818100, 0.819354
4846504835, 0.817658, 0.818952
4883220781, 0.817189, 0.818455
4919936727, 0.816720, 0.817958
4956652672, 0.816090, 0.817354
4993368618, 0.815648, 0.816952
5030084564, 0.815098, 0.816361
5066800510, 0.814549, 0.815797
5103516455, 0.814094, 0.815327
5140232401, 0.813772, 0.815005
5176948347, 0.813276, 0.814495
5213664292, 0.812700, 0.813945
5250380238, 0.812218, 0.813529
5287096184, 0.811709, 0.813019
5323812130, 0.811280, 0.812576
5360528075, 0.810784, 0.812093
5397244021, 0.810422, 0.811717
5433959967, 0.810114, 0.811395
5470675913, 0.809752, 0.811046
5507391858, 0.809270, 0.810589
5544107804, 0.808841, 0.810106
5580823750, 0.808359, 0.809636
5617539695, 0.807890, 0.809180
5654255641, 0.807568, 0.808871
5690971587, 0.807140, 0.808468
5727687533, 0.806791, 0.808106
5764403478, 0.806362, 0.807676
5801119424, 0.805960, 0.807233
5837835370, 0.805572, 0.806791
5874551316, 0.805076, 0.806334
5911267261, 0.804674, 0.805972
5947983207, 0.804165, 0.805448
5984699153, 0.803763, 0.805046
6021415098, 0.803321, 0.804616
6058131044, 0.802771, 0.804133
6094846990, 0.802383, 0.803730
6131562936, 0.801820, 0.803180
6168278881, 0.801338, 0.802737
6204994827, 0.800949, 0.802294
6241710773, 0.800601, 0.801905
6278426718, 0.800226, 0.801556
6315142664, 0.799824, 0.801180
6351858610, 0.799556, 0.800871
6388574556, 0.799033, 0.800388
6425290501, 0.798631, 0.799972
6462006447, 0.798162, 0.799502
6498722393, 0.797827, 0.799153
6535438339, 0.797492, 0.798831
6572154284, 0.797171, 0.798455
6608870230, 0.796755, 0.797999
6645586176, 0.796353, 0.797529
6682302121, 0.795858, 0.797032
6719018067, 0.795657, 0.796831
6755734013, 0.795188, 0.796374
6792449959, 0.794732, 0.795945
6829165904, 0.794451, 0.795623
6865881850, 0.794049, 0.795207
6902597796, 0.793580, 0.794764
6939313742, 0.793231, 0.794415
6976029687, 0.792883, 0.794066
7012745633, 0.792575, 0.793757
7049461579, 0.792253, 0.793395
7086177524, 0.791878, 0.793046
7122893470, 0.791650, 0.792737
7159609416, 0.791262, 0.792374
7196325362, 0.790954, 0.792066
7233041307, 0.790498, 0.791650
7269757253, 0.790083, 0.791274
7306473199, 0.789815, 0.791005
7343189145, 0.789614, 0.790750
7379905090, 0.789212, 0.790334
7416621036, 0.788810, 0.789918
7453336982, 0.788408, 0.789556
7490052927, 0.787992, 0.789180
7526768873, 0.787698, 0.788858
7563484819, 0.787256, 0.788442
7600200765, 0.786880, 0.788066
7636916710, 0.786572, 0.787770
7673632656, 0.786251, 0.787475
7710348602, 0.785902, 0.787086
7747064547, 0.785540, 0.786777
7783780493, 0.785272, 0.786522
7820496439, 0.784924, 0.786160
7857212385, 0.784629, 0.785838
7893928330, 0.784335, 0.785556
7930644276, 0.784026, 0.785260
7967360222, 0.783665, 0.784911
8004076168, 0.783370, 0.784589
8040792113, 0.782941, 0.784173
8077508059, 0.782633, 0.783824
8114224005, 0.782231, 0.783421
8150939950, 0.781816, 0.783046
8187655896, 0.781521, 0.782737
8224371842, 0.781052, 0.782294
8261087788, 0.780891, 0.782079
8297803733, 0.780489, 0.781650
8334519679, 0.780060, 0.781260
8371235625, 0.779685, 0.780938
8407951571, 0.779457, 0.780723
8444667516, 0.779189, 0.780442
8481383462, 0.778814, 0.780079
8518099408, 0.778600, 0.779905
8554815353, 0.778305, 0.779609
8591531299, 0.777943, 0.779301
8628247245, 0.777541, 0.778844
8664963191, 0.777247, 0.778589
8701679136, 0.776885, 0.778213
8738395082, 0.776684, 0.777999
8775111028, 0.776496, 0.777824
8811826974, 0.776255, 0.777583
8848542919, 0.775974, 0.777341
8885258865, 0.775706, 0.777019
8921974811, 0.775478, 0.776804
8958690756, 0.775116, 0.776442
8995406702, 0.774821, 0.776119
9032122648, 0.774513, 0.775851
9068838594, 0.774165, 0.775515
9105554539, 0.773950, 0.775260
9142270485, 0.773749, 0.775086
9178986431, 0.773428, 0.774844
9215702376, 0.773066, 0.774549
9252418322, 0.772771, 0.774227
9289134268, 0.772517, 0.774012
9325850214, 0.772302, 0.773811
9362566159, 0.771954, 0.773489
9399282105, 0.771592, 0.773140
9435998051, 0.771351, 0.772911
9472713997, 0.771096, 0.772670
9509429942, 0.770842, 0.772428
9546145888, 0.770587, 0.772187
9582861834, 0.770333, 0.771932
9619577779, 0.770051, 0.771663
9656293725, 0.769824, 0.771421
9693009671, 0.769475, 0.771113
9729725617, 0.769261, 0.770952
9766441562, 0.769073, 0.770750
9803157508, 0.768658, 0.770415
9839873454, 0.768510, 0.770240
9876589400, 0.768108, 0.769797
9913305345, 0.767827, 0.769556
9950021291, 0.767559, 0.769287
9986737237, 0.767238, 0.768992
10023453182, 0.767037, 0.768804
10060169128, 0.766889, 0.768616
10096885074, 0.766755, 0.768442
10133601020, 0.766554, 0.768227
10170316965, 0.766434, 0.768119
10207032911, 0.766152, 0.767864
10243748857, 0.765817, 0.767556
10280464803, 0.765522, 0.767274
10317180748, 0.765362, 0.767113
10353896694, 0.765054, 0.766777
10390612640, 0.764879, 0.766616
10427328585, 0.764611, 0.766321
10464044531, 0.764236, 0.765985
10500760477, 0.764062, 0.765824
10537476423, 0.763794, 0.765542
10574192368, 0.763606, 0.765341
10610908314, 0.763218, 0.764979
10647624260, 0.763030, 0.764750
10684340205, 0.762789, 0.764549
10721056151, 0.762615, 0.764361
10757772097, 0.762374, 0.764133
10794488043, 0.762106, 0.763851
10831203988, 0.761932, 0.763650
10867919934, 0.761704, 0.763421
10904635880, 0.761449, 0.763166
10941351826, 0.761141, 0.762844
10978067771, 0.760967, 0.762670
11014783717, 0.760752, 0.762482
11051499663, 0.760484, 0.762227
11088215608, 0.760190, 0.761918
11124931554, 0.759949, 0.761703
11161647500, 0.759801, 0.761583
11198363446, 0.759547, 0.761301
11235079391, 0.759305, 0.761072
11271795337, 0.759037, 0.760817
11308511283, 0.758783, 0.760562
11345227229, 0.758568, 0.760294
11381943174, 0.758367, 0.760106
11418659120, 0.758126, 0.759838
11455375066, 0.757845, 0.759569
11492091011, 0.757550, 0.759341
11528806957, 0.757403, 0.759166
11565522903, 0.757229, 0.759005
11602238849, 0.756947, 0.758764
11638954794, 0.756679, 0.758509
11675670740, 0.756532, 0.758348
11712386686, 0.756344, 0.758160
11749102632, 0.756103, 0.757905
11785818577, 0.755889, 0.757690
11822534523, 0.755621, 0.757448
11859250469, 0.755513, 0.757328
11895966414, 0.755339, 0.757180
11932682360, 0.755004, 0.756831
11969398306, 0.754750, 0.756589
12006114252, 0.754562, 0.756361
12042830197, 0.754428, 0.756227
12079546143, 0.754334, 0.756119
12116262089, 0.753973, 0.755703
12152978034, 0.753758, 0.755515
12189693980, 0.753530, 0.755274
12226409926, 0.753249, 0.754992
12263125872, 0.752994, 0.754791
12299841817, 0.752861, 0.754670
12336557763, 0.752700, 0.754522
12373273709, 0.752539, 0.754321
12409989655, 0.752338, 0.754079
12446705600, 0.752057, 0.753851
12483421546, 0.751815, 0.753623
12520137492, 0.751601, 0.753395
12556853437, 0.751413, 0.753247
12593569383, 0.751279, 0.753086
12630285329, 0.751119, 0.752925
12667001275, 0.750877, 0.752670
12703717220, 0.750703, 0.752522
12740433166, 0.750529, 0.752361
12777149112, 0.750342, 0.752146
12813865058, 0.750141, 0.751958
12850581003, 0.750007, 0.751838
12887296949, 0.749819, 0.751623
12924012895, 0.749457, 0.751314
12960728840, 0.749189, 0.751032
12997444786, 0.748935, 0.750777
13034160732, 0.748841, 0.750656
13070876678, 0.748613, 0.750442
13107592623, 0.748399, 0.750213
13144308569, 0.748251, 0.750066
13181024515, 0.748104, 0.749945
13217740461, 0.747943, 0.749757
13254456406, 0.747769, 0.749609
13291172352, 0.747635, 0.749502
13327888298, 0.747407, 0.749301
13364604243, 0.747139, 0.749005
13401320189, 0.746938, 0.748817
13438036135, 0.746818, 0.748683
13474752081, 0.746576, 0.748468
13511468026, 0.746402, 0.748307
13548183972, 0.746282, 0.748187
13584899918, 0.746134, 0.748066
13621615863, 0.745973, 0.747864
13658331809, 0.745839, 0.747717
13695047755, 0.745732, 0.747556
13731763701, 0.745598, 0.747422
13768479646, 0.745384, 0.747234
13805195592, 0.745263, 0.747113
13841911538, 0.745036, 0.746898
13878627484, 0.744808, 0.746630
13915343429, 0.744674, 0.746495
13952059375, 0.744459, 0.746281
13988775321, 0.744325, 0.746106
14025491266, 0.744071, 0.745811
14062207212, 0.743950, 0.745690
14098923158, 0.743789, 0.745502
14135639104, 0.743629, 0.745341
14172355049, 0.743481, 0.745166
14209070995, 0.743347, 0.745046
14245786941, 0.743253, 0.744965
14282502887, 0.743079, 0.744804
14319218832, 0.742905, 0.744616
14355934778, 0.742718, 0.744415
14392650724, 0.742530, 0.744227
14429366669, 0.742329, 0.744039
14466082615, 0.742195, 0.743905
14502798561, 0.742061, 0.743784
14539514507, 0.741766, 0.743502
14576230452, 0.741726, 0.743448
14612946398, 0.741552, 0.743301
14649662344, 0.741391, 0.743140
14686378290, 0.741163, 0.742925
14723094235, 0.740949, 0.742750
14759810181, 0.740815, 0.742562
14796526127, 0.740654, 0.742388
14833242072, 0.740493, 0.742213
14869958018, 0.740319, 0.742066
14906673964, 0.740225, 0.741972
14943389910, 0.740118, 0.741838
14980105855, 0.739998, 0.741730
15016821801, 0.739783, 0.741502
15053537747, 0.739596, 0.741314
15090253692, 0.739395, 0.741113
15126969638, 0.739207, 0.740925
15163685584, 0.738966, 0.740670
15200401530, 0.738738, 0.740428
15237117475, 0.738617, 0.740254
15273833421, 0.738510, 0.740146
15310549367, 0.738416, 0.739985
15347265313, 0.738269, 0.739838
15383981258, 0.738175, 0.739757
15420697204, 0.738001, 0.739542
15457413150, 0.737907, 0.739462
15494129095, 0.737733, 0.739314
15530845041, 0.737532, 0.739126
15567560987, 0.737345, 0.738911
15604276933, 0.736996, 0.738643
15640992878, 0.736916, 0.738522
15677708824, 0.736701, 0.738307
15714424770, 0.736487, 0.738120
15751140716, 0.736353, 0.737972
15787856661, 0.736246, 0.737878
15824572607, 0.736125, 0.737771
15861288553, 0.735884, 0.737542
15898004498, 0.735763, 0.737435
15934720444, 0.735616, 0.737274
15971436390, 0.735482, 0.737099
16008152336, 0.735335, 0.736965
16044868281, 0.735214, 0.736831
16081584227, 0.735134, 0.736764
16118300173, 0.734986, 0.736589
16155016119, 0.734772, 0.736415
16191732064, 0.734665, 0.736281
16228448010, 0.734517, 0.736133
16265163956, 0.734316, 0.735918
16301879901, 0.734115, 0.735730
16338595847, 0.734022, 0.735650
16375311793, 0.733888, 0.735529
16412027739, 0.733687, 0.735341
16448743684, 0.733606, 0.735260
16485459630, 0.733512, 0.735167
16522175576, 0.733392, 0.735032
16558891521, 0.733298, 0.734925
16595607467, 0.733177, 0.734791
16632323413, 0.733030, 0.734643
16669039359, 0.732910, 0.734522
16705755304, 0.732735, 0.734348
16742471250, 0.732642, 0.734254
16779187196, 0.732548, 0.734146
16815903142, 0.732387, 0.734012
16852619087, 0.732293, 0.733905
16889335033, 0.732119, 0.733744
16926050979, 0.732025, 0.733609
16962766924, 0.731905, 0.733448
16999482870, 0.731744, 0.733247
17036198816, 0.731596, 0.733086
17072914762, 0.731462, 0.732965
17109630707, 0.731302, 0.732818
17146346653, 0.731181, 0.732643
17183062599, 0.731020, 0.732442
17219778545, 0.730913, 0.732334
17256494490, 0.730873, 0.732240
17293210436, 0.730779, 0.732106
17329926382, 0.730672, 0.731999
17366642327, 0.730525, 0.731864
17403358273, 0.730377, 0.731703
17440074219, 0.730257, 0.731569
17476790165, 0.730082, 0.731422
17513506110, 0.729962, 0.731274
17550222056, 0.729828, 0.731086
17586938002, 0.729721, 0.730992
17623653948, 0.729627, 0.730885
17660369893, 0.729506, 0.730764
17697085839, 0.729412, 0.730670
17733801785, 0.729265, 0.730509
17770517730, 0.729158, 0.730375
17807233676, 0.729010, 0.730240
17843949622, 0.728890, 0.730120
17880665568, 0.728783, 0.730039
17917381513, 0.728702, 0.729918
17954097459, 0.728608, 0.729838
17990813405, 0.728448, 0.729690
18027529350, 0.728354, 0.729623
18064245296, 0.728273, 0.729542
18100961242, 0.728220, 0.729475
18137677188, 0.728086, 0.729354
18174393133, 0.727965, 0.729247
18211109079, 0.727885, 0.729140
18247825025, 0.727751, 0.729019
18284540971, 0.727630, 0.728898
18321256916, 0.727443, 0.728710
18357972862, 0.727362, 0.728616
18394688808, 0.727215, 0.728469
18431404753, 0.727108, 0.728375
18468120699, 0.726974, 0.728213
18504836645, 0.726853, 0.728093
18541552591, 0.726652, 0.727891
18578268536, 0.726477, 0.727690
18614984482, 0.726369, 0.727596
18651700428, 0.726262, 0.727475
18688416374, 0.726168, 0.727368
18725132319, 0.726061, 0.727247
18761848265, 0.725914, 0.727126
18798564211, 0.725833, 0.727059
18835280156, 0.725766, 0.726979
18871996102, 0.725632, 0.726831
18908712048, 0.725552, 0.726750
18945427994, 0.725498, 0.726710
18982143939, 0.725445, 0.726670
19018859885, 0.725324, 0.726536
19055575831, 0.725163, 0.726415
19092291777, 0.725043, 0.726240
19129007722, 0.724976, 0.726133
19165723668, 0.724842, 0.725985
19202439614, 0.724788, 0.725918
19239155559, 0.724721, 0.725865
19275871505, 0.724574, 0.725717
19312587451, 0.724440, 0.725583
19349303397, 0.724279, 0.725422
19386019342, 0.724172, 0.725314
19422735288, 0.724011, 0.725153
19459451234, 0.723931, 0.725073
19496167179, 0.723810, 0.724938
19532883125, 0.723690, 0.724804
19569599071, 0.723569, 0.724670
19606315017, 0.723489, 0.724562
19643030962, 0.723422, 0.724482
19679746908, 0.723355, 0.724401
19716462854, 0.723247, 0.724307
19753178800, 0.723113, 0.724133
19789894745, 0.723020, 0.724039
19826610691, 0.722966, 0.723972
19863326637, 0.722872, 0.723891
19900042582, 0.722832, 0.723865
19936758528, 0.722738, 0.723784
19973474474, 0.722658, 0.723703
20010190420, 0.722564, 0.723623
20046906365, 0.722470, 0.723542
20083622311, 0.722417, 0.723475
20120338257, 0.722309, 0.723341
20157054203, 0.722202, 0.723207
20193770148, 0.722108, 0.723099
20230486094, 0.721988, 0.723005
20267202040, 0.721881, 0.722871
20303917985, 0.721800, 0.722777
20340633931, 0.721720, 0.722724
20377349877, 0.721613, 0.722616
20414065823, 0.721519, 0.722495
20450781768, 0.721465, 0.722428
20487497714, 0.721358, 0.722307
20524213660, 0.721278, 0.722227
20560929606, 0.721171, 0.722120
20597645551, 0.721023, 0.721985
20634361497, 0.720903, 0.721878
20671077443, 0.720809, 0.721784
20707793388, 0.720702, 0.721650
20744509334, 0.720594, 0.721556
20781225280, 0.720554, 0.721516
20817941226, 0.720434, 0.721368
20854657171, 0.720313, 0.721247
20891373117, 0.720179, 0.721113
20928089063, 0.720152, 0.721073
20964805008, 0.720058, 0.721005
21001520954, 0.719991, 0.720952
21038236900, 0.719871, 0.720831
21074952846, 0.719750, 0.720724
21111668791, 0.719616, 0.720589
21148384737, 0.719589, 0.720563
21185100683, 0.719536, 0.720495
21221816629, 0.719482, 0.720455
21258532574, 0.719362, 0.720348
21295248520, 0.719335, 0.720294
21331964466, 0.719255, 0.720240
21368680411, 0.719241, 0.720214
21405396357, 0.719161, 0.720146
21442112303, 0.719121, 0.720120
21478828249, 0.719000, 0.720012
21515544194, 0.718920, 0.719932
21552260140, 0.718772, 0.719797
21588976086, 0.718692, 0.719703
21625692032, 0.718652, 0.719650
21662407977, 0.718544, 0.719542
21699123923, 0.718410, 0.719422
21735839869, 0.718317, 0.719341
21772555814, 0.718276, 0.719287
21809271760, 0.718169, 0.719167
21845987706, 0.718129, 0.719126
21882703652, 0.718049, 0.719032
21919419597, 0.717955, 0.718898
21956135543, 0.717901, 0.718844
21992851489, 0.717874, 0.718791
22029567435, 0.717794, 0.718697
22066283380, 0.717740, 0.718643
22102999326, 0.717647, 0.718522
22139715272, 0.717580, 0.718455
22176431217, 0.717486, 0.718334
22213147163, 0.717405, 0.718254
22249863109, 0.717325, 0.718160
22286579055, 0.717204, 0.718039
22323295000, 0.717151, 0.717985
22360010946, 0.717044, 0.717891
22396726892, 0.716963, 0.717784
22433442837, 0.716870, 0.717690
22470158783, 0.716803, 0.717609
22506874729, 0.716709, 0.717542
22543590675, 0.716615, 0.717462
22580306620, 0.716548, 0.717408
22617022566, 0.716427, 0.717287
22653738512, 0.716347, 0.717234
22690454458, 0.716200, 0.717073
22727170403, 0.716159, 0.717046
22763886349, 0.716106, 0.716965
22800602295, 0.715985, 0.716871
22837318240, 0.715958, 0.716844
22874034186, 0.715918, 0.716804
22910750132, 0.715891, 0.716777
22947466078, 0.715865, 0.716750
22984182023, 0.715771, 0.716697
23020897969, 0.715650, 0.716576
23057613915, 0.715570, 0.716495
23094329861, 0.715422, 0.716361
23131045806, 0.715382, 0.716334
23167761752, 0.715342, 0.716294
23204477698, 0.715262, 0.716214
23241193643, 0.715235, 0.716160
23277909589, 0.715114, 0.716026
23314625535, 0.715034, 0.715945
23351341481, 0.714967, 0.715878
23388057426, 0.714900, 0.715811
23424773372, 0.714873, 0.715784
23461489318, 0.714833, 0.715744
23498205264, 0.714712, 0.715636
23534921209, 0.714672, 0.715556
23571637155, 0.714605, 0.715516
23608353101, 0.714551, 0.715462
23645069046, 0.714525, 0.715435
23681784992, 0.714458, 0.715354
23718500938, 0.714297, 0.715193
23755216884, 0.714163, 0.715046
23791932829, 0.714096, 0.714965
23828648775, 0.713989, 0.714885
23865364721, 0.713922, 0.714818
23902080666, 0.713801, 0.714670
23938796612, 0.713761, 0.714603
23975512558, 0.713681, 0.714522
24012228504, 0.713654, 0.714482
24048944449, 0.713640, 0.714455
24085660395, 0.713453, 0.714240
24122376341, 0.713386, 0.714173
24159092287, 0.713292, 0.714066
24195808232, 0.713185, 0.713945
24232524178, 0.713091, 0.713838
24269240124, 0.713011, 0.713757
24305956069, 0.712957, 0.713703
24342672015, 0.712917, 0.713677
24379387961, 0.712836, 0.713623
24416103907, 0.712796, 0.713583
24452819852, 0.712769, 0.713542
24489535798, 0.712689, 0.713448
24526251744, 0.712609, 0.713368
24562967690, 0.712501, 0.713274
24599683635, 0.712434, 0.713220
24636399581, 0.712394, 0.713180
24673115527, 0.712300, 0.713086
24709831472, 0.712233, 0.713046
24746547418, 0.712193, 0.712992
24783263364, 0.712153, 0.712952
24819979310, 0.712073, 0.712871
24856695255, 0.711952, 0.712710
24893411201, 0.711899, 0.712643
24930127147, 0.711885, 0.712630
24966843093, 0.711818, 0.712576
25003559038, 0.711765, 0.712549
25040274984, 0.711751, 0.712536
25076990930, 0.711698, 0.712482
25113706875, 0.711631, 0.712415
25150422821, 0.711590, 0.712388
25187138767, 0.711537, 0.712321
25223854713, 0.711456, 0.712254
25260570658, 0.711349, 0.712146
25297286604, 0.711309, 0.712093
25334002550, 0.711255, 0.712052
25370718495, 0.711188, 0.711945
25407434441, 0.711162, 0.711918
25444150387, 0.711121, 0.711878
25480866333, 0.711081, 0.711797
25517582278, 0.711081, 0.711797
25554298224, 0.711068, 0.711784
25591014170, 0.710987, 0.711744
25627730116, 0.710934, 0.711690
25664446061, 0.710907, 0.711663
25701162007, 0.710867, 0.711609
25737877953, 0.710827, 0.711556
25774593898, 0.710800, 0.711516
25811309844, 0.710773, 0.711489
25848025790, 0.710693, 0.711408
25884741736, 0.710666, 0.711368
25921457681, 0.710585, 0.711287
25958173627, 0.710545, 0.711261
25994889573, 0.710518, 0.711247
26031605519, 0.710465, 0.711207
26068321464, 0.710384, 0.711126
26105037410, 0.710358, 0.711099
26141753356, 0.710317, 0.711059
26178469301, 0.710277, 0.711019
26215185247, 0.710197, 0.710938
26251901193, 0.710143, 0.710898
26288617139, 0.710090, 0.710858
26325333084, 0.710076, 0.710844
26362049030, 0.710036, 0.710777
26398764976, 0.709969, 0.710710
26435480922, 0.709929, 0.710656
26472196867, 0.709848, 0.710576
26508912813, 0.709808, 0.710536
26545628759, 0.709808, 0.710536
26582344704, 0.709728, 0.710455
26619060650, 0.709688, 0.710401
26655776596, 0.709647, 0.710348
26692492542, 0.709621, 0.710321
26729208487, 0.709527, 0.710240
26765924433, 0.709487, 0.710227
26802640379, 0.709460, 0.710187
26839356324, 0.709366, 0.710093
26876072270, 0.709326, 0.710052
26912788216, 0.709313, 0.710039
26949504162, 0.709272, 0.709985
26986220107, 0.709219, 0.709918
27022936053, 0.709152, 0.709824
27059651999, 0.709098, 0.709757
27096367945, 0.709071, 0.709717
27133083890, 0.708991, 0.709623
27169799836, 0.708937, 0.709569
27206515782, 0.708884, 0.709516
27243231727, 0.708817, 0.709462
27279947673, 0.708750, 0.709395
27316663619, 0.708710, 0.709341
27353379565, 0.708643, 0.709274
27390095510, 0.708562, 0.709180
27426811456, 0.708535, 0.709153
27463527402, 0.708495, 0.709099
27500243348, 0.708428, 0.709032
27536959293, 0.708401, 0.709005
27573675239, 0.708388, 0.708992
27610391185, 0.708361, 0.708965
27647107130, 0.708361, 0.708952
27683823076, 0.708334, 0.708912
27720539022, 0.708281, 0.708858
27757254968, 0.708214, 0.708818
27793970913, 0.708147, 0.708764
27830686859, 0.708107, 0.708724
27867402805, 0.708080, 0.708697
27904118751, 0.708026, 0.708643
27940834696, 0.707986, 0.708630
27977550642, 0.707946, 0.708589
28014266588, 0.707919, 0.708563
28050982533, 0.707892, 0.708536
28087698479, 0.707892, 0.708522
28124414425, 0.707839, 0.708482
28161130371, 0.707798, 0.708442
28197846316, 0.707758, 0.708401
28234562262, 0.707705, 0.708375
28271278208, 0.707678, 0.708348
28307994153, 0.707664, 0.708334
28344710099, 0.707624, 0.708294
28381426045, 0.707584, 0.708254
28418141991, 0.707530, 0.708173
28454857936, 0.707517, 0.708146
28491573882, 0.707477, 0.708120
28528289828, 0.707463, 0.708106
28565005774, 0.707383, 0.708026
28601721719, 0.707356, 0.708012
28638437665, 0.707329, 0.707972
28675153611, 0.707289, 0.707945
28711869556, 0.707262, 0.707918
28748585502, 0.707182, 0.707851
28785301448, 0.707142, 0.707797
28822017394, 0.707102, 0.707744
28858733339, 0.707075, 0.707717
28895449285, 0.707035, 0.707677
28932165231, 0.707008, 0.707636
28968881177, 0.706981, 0.707610
29005597122, 0.706941, 0.707569
29042313068, 0.706941, 0.707569
29079029014, 0.706887, 0.707516
29115744959, 0.706861, 0.707502
29152460905, 0.706794, 0.707475
29189176851, 0.706780, 0.707462
29225892797, 0.706767, 0.707448
29262608742, 0.706753, 0.707435
29299324688, 0.706700, 0.707395
29336040634, 0.706700, 0.707395
29372756580, 0.706686, 0.707381
29409472525, 0.706660, 0.707368
29446188471, 0.706606, 0.707314
29482904417, 0.706552, 0.707287
29519620362, 0.706526, 0.707261
29556336308, 0.706485, 0.707220
29593052254, 0.706445, 0.707167
29629768200, 0.706405, 0.707126
29666484145, 0.706392, 0.707113
29703200091, 0.706378, 0.707099
29739916037, 0.706351, 0.707073
29776631982, 0.706311, 0.707032
29813347928, 0.706298, 0.707019
29850063874, 0.706244, 0.706952
29886779820, 0.706164, 0.706885
29923495765, 0.706150, 0.706858
29960211711, 0.706124, 0.706818
29996927657, 0.706124, 0.706818
30033643603, 0.706124, 0.706804
30070359548, 0.706083, 0.706777
30107075494, 0.706070, 0.706764
30143791440, 0.706043, 0.706724
30180507385, 0.705976, 0.706656
30217223331, 0.705949, 0.706630
30253939277, 0.705909, 0.706576
30290655223, 0.705869, 0.706549
30327371168, 0.705829, 0.706509
30364087114, 0.705802, 0.706482
30400803060, 0.705775, 0.706455
30437519006, 0.705748, 0.706428
30474234951, 0.705722, 0.706401
30510950897, 0.705681, 0.706361
30547666843, 0.705655, 0.706334
30584382788, 0.705614, 0.706294
30621098734, 0.705601, 0.706281
30657814680, 0.705588, 0.706267
30694530626, 0.705547, 0.706240
30731246571, 0.705494, 0.706173
30767962517, 0.705480, 0.706160
30804678463, 0.705413, 0.706093
30841394409, 0.705400, 0.706066
30878110354, 0.705387, 0.706052
30914826300, 0.705360, 0.706026
30951542246, 0.705279, 0.705945
30988258191, 0.705253, 0.705932
31024974137, 0.705186, 0.705878
31061690083, 0.705186, 0.705878
31098406029, 0.705092, 0.705784
31135121974, 0.705065, 0.705757
31171837920, 0.705038, 0.705730
31208553866, 0.705038, 0.705730
31245269811, 0.705025, 0.705717
31281985757, 0.705011, 0.705703
31318701703, 0.704998, 0.705690
31355417649, 0.704971, 0.705650
31392133594, 0.704931, 0.705623
31428849540, 0.704904, 0.705596
31465565486, 0.704891, 0.705596
31502281432, 0.704891, 0.705596
31538997377, 0.704864, 0.705569
31575713323, 0.704837, 0.705542
31612429269, 0.704824, 0.705529
31649145214, 0.704797, 0.705502
31685861160, 0.704770, 0.705489
31722577106, 0.704757, 0.705475
31759293052, 0.704757, 0.705475
31796008997, 0.704757, 0.705475
31832724943, 0.704703, 0.705408
31869440889, 0.704690, 0.705395
31906156835, 0.704690, 0.705395
31942872780, 0.704690, 0.705395
31979588726, 0.704663, 0.705368
32016304672, 0.704623, 0.705341
32053020617, 0.704596, 0.705328
32089736563, 0.704556, 0.705287
32126452509, 0.704529, 0.705274
32163168455, 0.704516, 0.705261
32199884400, 0.704489, 0.705247
32236600346, 0.704476, 0.705234
32273316292, 0.704476, 0.705234
32310032238, 0.704435, 0.705193
32346748183, 0.704395, 0.705167
32383464129, 0.704368, 0.705140
32420180075, 0.704368, 0.705140
32456896020, 0.704355, 0.705126
32493611966, 0.704342, 0.705113
32530327912, 0.704328, 0.705099
32567043858, 0.704315, 0.705073
32603759803, 0.704288, 0.705046
32640475749, 0.704261, 0.705019
32677191695, 0.704234, 0.705019
32713907640, 0.704234, 0.705019
32750623586, 0.704208, 0.704992
32787339532, 0.704208, 0.704992
32824055478, 0.704194, 0.704992
32860771423, 0.704167, 0.704965
32897487369, 0.704127, 0.704938
32934203315, 0.704127, 0.704938
32970919261, 0.704127, 0.704938
33007635206, 0.704087, 0.704912
33044351152, 0.704060, 0.704885
33081067098, 0.704047, 0.704871
33117783043, 0.704020, 0.704831
33154498989, 0.703980, 0.704804
33191214935, 0.703980, 0.704791
33227930881, 0.703980, 0.704764
33264646826, 0.703953, 0.704750
33301362772, 0.703953, 0.704750
33338078718, 0.703953, 0.704750
33374794664, 0.703940, 0.704737
33411510609, 0.703940, 0.704737
33448226555, 0.703913, 0.704710
33484942501, 0.703899, 0.704710
33521658446, 0.703886, 0.704697
33558374392, 0.703886, 0.704697
33595090338, 0.703873, 0.704683
33631806284, 0.703846, 0.704670
33668522229, 0.703846, 0.704670
33705238175, 0.703846, 0.704670
33741954121, 0.703819, 0.704656
33778670067, 0.703806, 0.704656
33815386012, 0.703806, 0.704656
33852101958, 0.703779, 0.704643
33888817904, 0.703739, 0.704603
33925533849, 0.703739, 0.704589
33962249795, 0.703725, 0.704576
33998965741, 0.703725, 0.704576
34035681687, 0.703725, 0.704576
34072397632, 0.703725, 0.704576
34109113578, 0.703712, 0.704549
34145829524, 0.703698, 0.704536
34182545469, 0.703685, 0.704522
34219261415, 0.703685, 0.704522
34255977361, 0.703685, 0.704522
34292693307, 0.703685, 0.704522
34329409252, 0.703685, 0.704522
34366125198, 0.703672, 0.704509
34402841144, 0.703672, 0.704509
34439557090, 0.703672, 0.704509
34476273035, 0.703658, 0.704495
34512988981, 0.703658, 0.704495
34549704927, 0.703658, 0.704495
34586420872, 0.703658, 0.704495
34623136818, 0.703631, 0.704469
34659852764, 0.703631, 0.704469
34696568710, 0.703631, 0.704469
34733284655, 0.703618, 0.704455
34770000601, 0.703618, 0.704455
34806716547, 0.703618, 0.704455
34843432493, 0.703564, 0.704388
34880148438, 0.703551, 0.704375
34916864384, 0.703551, 0.704375
34953580330, 0.703551, 0.704375
34990296275, 0.703551, 0.704375
35027012221, 0.703538, 0.704361
35063728167, 0.703538, 0.704361
35100444113, 0.703538, 0.704361
35137160058, 0.703538, 0.704361
35173876004, 0.703538, 0.704361
35210591950, 0.703538, 0.704361
35247307896, 0.703538, 0.704361
35284023841, 0.703497, 0.704321
35320739787, 0.703471, 0.704307
35357455733, 0.703471, 0.704307
35394171678, 0.703471, 0.704307
35430887624, 0.703471, 0.704307
35467603570, 0.703471, 0.704307
35504319516, 0.703457, 0.704294
35541035461, 0.703444, 0.704281
35577751407, 0.703444, 0.704281
35614467353, 0.703430, 0.704267
35651183298, 0.703430, 0.704267
35687899244, 0.703430, 0.704267
35724615190, 0.703430, 0.704267
35761331136, 0.703417, 0.704254
35798047081, 0.703417, 0.704254
35834763027, 0.703390, 0.704227
35871478973, 0.703390, 0.704227
35908194919, 0.703390, 0.704227
35944910864, 0.703390, 0.704227
35981626810, 0.703377, 0.704214
36018342756, 0.703377, 0.704214
36055058701, 0.703377, 0.704200
36091774647, 0.703350, 0.704187
36128490593, 0.703337, 0.704173
36165206539, 0.703337, 0.704160
36201922484, 0.703323, 0.704146
36238638430, 0.703323, 0.704146
36275354376, 0.703323, 0.704146
36312070322, 0.703323, 0.704146
36348786267, 0.703323, 0.704146
36385502213, 0.703323, 0.704146
36422218159, 0.703323, 0.704146
36458934104, 0.703310, 0.704133
36495650050, 0.703310, 0.704133
36532365996, 0.703310, 0.704133
36569081942, 0.703310, 0.704133
36605797887, 0.703296, 0.704120
36642513833, 0.703296, 0.704120
36679229779, 0.703296, 0.704120
36715945725, 0.703283, 0.704106
Time used: 9381 ms
