logging to /opt/shards_res_1000/2016020100-2016020200_unique/tenant_6_profile_res-FIX_RATE-SHARDS-0.01.csvtracefile: /data1/tenant_trace/2016020100-2016020200_unique/tenant_6_trace
open file /data1/tenant_trace/2016020100-2016020200_unique/tenant_6_trace
read 1000000 lines
read 2000000 lines
read 3000000 lines
read 4000000 lines
read 5000000 lines
read 6000000 lines
read 7000000 lines
read 8000000 lines
read 9000000 lines
read 10000000 lines
read 11000000 lines
read 12000000 lines
read 13000000 lines
read 14000000 lines
read 15000000 lines
read 16000000 lines
read 17000000 lines
read 18000000 lines
read 19000000 lines
read 20000000 lines
read 21000000 lines
read 22000000 lines
read 23000000 lines
read 24000000 lines
read 25000000 lines
read 26000000 lines
read 27000000 lines
read 28000000 lines
read 29000000 lines
read 30000000 lines
read 31000000 lines
read 32000000 lines
read 33000000 lines
read 34000000 lines
read 35000000 lines
[FILE]: /data1/tenant_trace/2016020100-2016020200_unique/tenant_6_trace
total_access_num: 35130276
total_access_size: 3768499313882
unique_access_num: 15194428
unique_access_size: 1307729735261
min_item_size: 1
[method]: SHARDS
[metric]: MAE
[seed]: 42
[sample_method]: FIX_RATE
[sample_metric]: 0.01
MAEQ_factor: 1.028321
cache_size, BMRC_ratio, OMRC_ratio
1307729735, 0.926127, 0.938936
2615459470, 0.886489, 0.913505
3923189205, 0.856087, 0.894823
5230918941, 0.831942, 0.879898
6538648676, 0.813801, 0.867174
7846378411, 0.795625, 0.855796
9154108146, 0.782066, 0.845757
10461837882, 0.769636, 0.836696
11769567617, 0.758436, 0.828302
13077297352, 0.748480, 0.820485
14385027087, 0.739034, 0.813425
15692756823, 0.728995, 0.806261
17000486558, 0.721282, 0.800084
18308216293, 0.714463, 0.794439
19615946028, 0.707912, 0.788692
20923675764, 0.700757, 0.783115
22231405499, 0.694102, 0.777943
23539135234, 0.687945, 0.773170
24846864969, 0.682728, 0.768310
26154594705, 0.676929, 0.763850
27462324440, 0.671657, 0.759321
28770054175, 0.666929, 0.755080
30077783911, 0.662248, 0.750890
31385513646, 0.657733, 0.746995
32693243381, 0.653039, 0.743133
34000973116, 0.649140, 0.739352
35308702852, 0.645391, 0.735470
36616432587, 0.642193, 0.731903
37924162322, 0.638023, 0.728544
39231892057, 0.634704, 0.725373
40539621793, 0.631316, 0.722071
41847351528, 0.628439, 0.718980
43155081263, 0.625217, 0.715922
44462810998, 0.621846, 0.712729
45770540734, 0.618602, 0.709708
47078270469, 0.615939, 0.706779
48386000204, 0.612953, 0.704021
49693729939, 0.610708, 0.701146
51001459675, 0.607660, 0.698425
52309189410, 0.604584, 0.695718
53616919145, 0.601468, 0.693082
54924648880, 0.599271, 0.690637
56232378616, 0.596904, 0.688055
57540108351, 0.594421, 0.685575
58847838086, 0.591892, 0.683161
60155567822, 0.589453, 0.680796
61463297557, 0.586975, 0.678450
62771027292, 0.584846, 0.676099
64078757027, 0.582610, 0.673833
65386486763, 0.580509, 0.671801
66694216498, 0.578129, 0.669626
68001946233, 0.575966, 0.667733
69309675968, 0.573998, 0.665590
70617405704, 0.571825, 0.663574
71925135439, 0.569523, 0.661556
73232865174, 0.567171, 0.659626
74540594909, 0.564726, 0.657628
75848324645, 0.563100, 0.655826
77156054380, 0.561380, 0.653942
78463784115, 0.559404, 0.652143
79771513850, 0.557857, 0.650443
81079243586, 0.555989, 0.648613
82386973321, 0.554133, 0.646757
83694703056, 0.552856, 0.645066
85002432791, 0.551164, 0.643429
86310162527, 0.549657, 0.641710
87617892262, 0.547919, 0.640056
88925621997, 0.546320, 0.638417
90233351733, 0.544873, 0.636851
91541081468, 0.543366, 0.635237
92848811203, 0.541655, 0.633637
94156540938, 0.540378, 0.632100
95464270674, 0.539060, 0.630648
96772000409, 0.537520, 0.629185
98079730144, 0.535930, 0.627639
99387459879, 0.534681, 0.626236
100695189615, 0.533282, 0.624776
102002919350, 0.531800, 0.623387
103310649085, 0.530608, 0.622069
104618378820, 0.529254, 0.620591
105926108556, 0.528108, 0.619140
107233838291, 0.527013, 0.617770
108541568026, 0.525571, 0.616504
109849297761, 0.523886, 0.615166
111157027497, 0.522878, 0.613825
112464757232, 0.521626, 0.612445
113772486967, 0.520538, 0.611186
115080216702, 0.519209, 0.609979
116387946438, 0.517922, 0.608633
117695676173, 0.516293, 0.607298
119003405908, 0.514990, 0.606077
120311135644, 0.514014, 0.604930
121618865379, 0.512866, 0.603711
122926595114, 0.511892, 0.602627
124234324849, 0.510699, 0.601460
125542054585, 0.509339, 0.600298
126849784320, 0.508057, 0.599165
128157514055, 0.507030, 0.598178
129465243790, 0.506070, 0.597042
130772973526, 0.505045, 0.595889
132080703261, 0.503903, 0.594824
133388432996, 0.502611, 0.593720
134696162731, 0.501552, 0.592783
136003892467, 0.500650, 0.591767
137311622202, 0.499897, 0.590771
138619351937, 0.498755, 0.589666
139927081672, 0.498044, 0.588659
141234811408, 0.497312, 0.587685
142542541143, 0.496268, 0.586734
143850270878, 0.495339, 0.585698
145158000613, 0.494504, 0.584748
146465730349, 0.493474, 0.583746
147773460084, 0.492355, 0.582809
149081189819, 0.491460, 0.581756
150388919555, 0.490659, 0.580714
151696649290, 0.489985, 0.579780
153004379025, 0.489015, 0.578872
154312108760, 0.487976, 0.577987
155619838496, 0.487244, 0.577033
156927568231, 0.486398, 0.576160
158235297966, 0.485701, 0.575345
159543027701, 0.485077, 0.574463
160850757437, 0.484340, 0.573561
162158487172, 0.483293, 0.572707
163466216907, 0.482404, 0.571821
164773946642, 0.481445, 0.570916
166081676378, 0.480430, 0.570091
167389406113, 0.479808, 0.569205
168697135848, 0.478815, 0.568388
170004865583, 0.477925, 0.567586
171312595319, 0.477209, 0.566720
172620325054, 0.476370, 0.565872
173928054789, 0.475755, 0.565058
175235784524, 0.475131, 0.564298
176543514260, 0.474385, 0.563578
177851243995, 0.473568, 0.562852
179158973730, 0.472781, 0.561987
180466703466, 0.471980, 0.561153
181774433201, 0.471134, 0.560313
183082162936, 0.470416, 0.559490
184389892671, 0.469377, 0.558736
185697622407, 0.468577, 0.557910
187005352142, 0.467981, 0.557065
188313081877, 0.467236, 0.556333
189620811612, 0.466338, 0.555644
190928541348, 0.465593, 0.554998
192236271083, 0.465150, 0.554375
193544000818, 0.464600, 0.553726
194851730553, 0.463616, 0.553003
196159460289, 0.463124, 0.552345
197467190024, 0.462450, 0.551702
198774919759, 0.461747, 0.551013
200082649494, 0.460973, 0.550367
201390379230, 0.460293, 0.549698
202698108965, 0.459733, 0.549046
204005838700, 0.459127, 0.548391
205313568435, 0.458405, 0.547711
206621298171, 0.457900, 0.547068
207929027906, 0.457081, 0.546396
209236757641, 0.456461, 0.545770
210544487377, 0.455691, 0.545163
211852217112, 0.455134, 0.544514
213159946847, 0.454450, 0.543880
214467676582, 0.453998, 0.543307
215775406318, 0.453508, 0.542681
217083136053, 0.452938, 0.542027
218390865788, 0.452495, 0.541520
219698595523, 0.451550, 0.540800
221006325259, 0.451126, 0.540270
222314054994, 0.450401, 0.539718
223621784729, 0.449831, 0.539123
224929514464, 0.449203, 0.538454
226237244200, 0.448761, 0.537865
227544973935, 0.448076, 0.537222
228852703670, 0.447578, 0.536598
230160433405, 0.447068, 0.536037
231468163141, 0.446623, 0.535420
232775892876, 0.446072, 0.534816
234083622611, 0.445653, 0.534295
235391352346, 0.444937, 0.533700
236699082082, 0.444332, 0.533191
238006811817, 0.443953, 0.532693
239314541552, 0.443608, 0.532112
240622271288, 0.443013, 0.531528
241930001023, 0.442494, 0.530993
243237730758, 0.441971, 0.530495
244545460493, 0.441438, 0.529963
245853190229, 0.440864, 0.529388
247160919964, 0.440232, 0.528830
248468649699, 0.439788, 0.528360
249776379434, 0.439378, 0.527939
251084109170, 0.438895, 0.527438
252391838905, 0.438537, 0.526971
253699568640, 0.438060, 0.526553
255007298375, 0.437564, 0.526023
256315028111, 0.436797, 0.525539
257622757846, 0.436362, 0.525044
258930487581, 0.435946, 0.524526
260238217316, 0.435391, 0.524059
261545947052, 0.434885, 0.523587
262853676787, 0.434551, 0.523105
264161406522, 0.434129, 0.522653
265469136257, 0.433669, 0.522183
266776865993, 0.433317, 0.521694
268084595728, 0.432872, 0.521204
269392325463, 0.432512, 0.520740
270700055199, 0.432177, 0.520293
272007784934, 0.431734, 0.519806
273315514669, 0.431270, 0.519334
274623244404, 0.430938, 0.518867
275930974140, 0.430174, 0.518372
277238703875, 0.429887, 0.517982
278546433610, 0.429579, 0.517555
279854163345, 0.429245, 0.517119
281161893081, 0.428795, 0.516686
282469622816, 0.428291, 0.516245
283777352551, 0.427735, 0.515730
285085082286, 0.427306, 0.515277
286392812022, 0.426974, 0.514825
287700541757, 0.426665, 0.514404
289008271492, 0.426266, 0.513965
290316001227, 0.425931, 0.513578
291623730963, 0.425686, 0.513265
292931460698, 0.425294, 0.512821
294239190433, 0.424889, 0.512340
295546920168, 0.424648, 0.511958
296854649904, 0.424266, 0.511511
298162379639, 0.423848, 0.511062
299470109374, 0.423360, 0.510640
300777839110, 0.423019, 0.510253
302085568845, 0.422716, 0.509912
303393298580, 0.422512, 0.509579
304701028315, 0.422203, 0.509206
306008758051, 0.421901, 0.508824
307316487786, 0.421611, 0.508463
308624217521, 0.421333, 0.508087
309931947256, 0.420897, 0.507660
311239676992, 0.420496, 0.507267
312547406727, 0.420164, 0.506914
313855136462, 0.419832, 0.506601
315162866197, 0.419509, 0.506214
316470595933, 0.419159, 0.505881
317778325668, 0.418744, 0.505480
319086055403, 0.418478, 0.505101
320393785138, 0.418177, 0.504708
321701514874, 0.417844, 0.504344
323009244609, 0.417561, 0.504014
324316974344, 0.417299, 0.503644
325624704079, 0.416915, 0.503285
326932433815, 0.416563, 0.502938
328240163550, 0.416308, 0.502659
329547893285, 0.416056, 0.502311
330855623021, 0.415694, 0.501933
332163352756, 0.415363, 0.501614
333471082491, 0.415172, 0.501312
334778812226, 0.414792, 0.500962
336086541962, 0.414536, 0.500660
337394271697, 0.414214, 0.500273
338702001432, 0.413979, 0.499969
340009731167, 0.413647, 0.499579
341317460903, 0.413328, 0.499223
342625190638, 0.413039, 0.498859
343932920373, 0.412442, 0.498494
345240650108, 0.412189, 0.498130
346548379844, 0.411845, 0.497808
347856109579, 0.411496, 0.497486
349163839314, 0.411236, 0.497171
350471569049, 0.411017, 0.496894
351779298785, 0.410463, 0.496559
353087028520, 0.410159, 0.496251
354394758255, 0.409929, 0.495978
355702487990, 0.409692, 0.495713
357010217726, 0.409468, 0.495457
358317947461, 0.409191, 0.495135
359625677196, 0.409009, 0.494890
360933406932, 0.408732, 0.494560
362241136667, 0.408511, 0.494298
363548866402, 0.408053, 0.493982
364856596137, 0.407709, 0.493681
366164325873, 0.407452, 0.493350
367472055608, 0.407098, 0.493054
368779785343, 0.406879, 0.492798
370087515078, 0.406588, 0.492471
371395244814, 0.406282, 0.492175
372702974549, 0.405649, 0.491887
374010704284, 0.405434, 0.491597
375318434019, 0.405186, 0.491321
376626163755, 0.404991, 0.491039
377933893490, 0.404800, 0.490771
379241623225, 0.404587, 0.490555
380549352960, 0.404284, 0.490282
381857082696, 0.404070, 0.490046
383164812431, 0.403850, 0.489724
384472542166, 0.403586, 0.489439
385780271901, 0.403375, 0.489177
387088001637, 0.403066, 0.488850
388395731372, 0.402773, 0.488634
389703461107, 0.402459, 0.488349
391011190843, 0.401942, 0.488039
392318920578, 0.401790, 0.487803
393626650313, 0.401564, 0.487572
394934380048, 0.401323, 0.487321
396242109784, 0.401123, 0.487045
397549839519, 0.400954, 0.486764
398857569254, 0.400778, 0.486539
400165298989, 0.400504, 0.486263
401473028725, 0.400155, 0.485981
402780758460, 0.399996, 0.485736
404088488195, 0.399720, 0.485494
405396217930, 0.399550, 0.485272
406703947666, 0.399344, 0.484970
408011677401, 0.399187, 0.484740
409319407136, 0.398935, 0.484489
410627136871, 0.398712, 0.484259
411934866607, 0.398478, 0.484056
413242596342, 0.398300, 0.483800
414550326077, 0.398096, 0.483538
415858055812, 0.397858, 0.483296
417165785548, 0.397684, 0.483037
418473515283, 0.397491, 0.482793
419781245018, 0.397331, 0.482605
421088974754, 0.397083, 0.482346
422396704489, 0.396868, 0.482092
423704434224, 0.396519, 0.481856
425012163959, 0.396215, 0.481583
426319893695, 0.395678, 0.481355
427627623430, 0.395356, 0.481107
428935353165, 0.395002, 0.480897
430243082900, 0.394667, 0.480646
431550812636, 0.394330, 0.480419
432858542371, 0.394105, 0.480194
434166272106, 0.393969, 0.479960
435474001841, 0.393703, 0.479684
436781731577, 0.393448, 0.479445
438089461312, 0.393269, 0.479220
439397191047, 0.393048, 0.478984
440704920782, 0.392849, 0.478787
442012650518, 0.392558, 0.478534
443320380253, 0.392318, 0.478312
444628109988, 0.392162, 0.478107
445935839724, 0.391941, 0.477871
447243569459, 0.391732, 0.477686
448551299194, 0.391471, 0.477421
449859028929, 0.391198, 0.477176
451166758665, 0.390975, 0.476977
452474488400, 0.390779, 0.476769
453782218135, 0.390565, 0.476559
455089947870, 0.390327, 0.476334
456397677606, 0.390149, 0.476132
457705407341, 0.389985, 0.475921
459013137076, 0.389810, 0.475710
460320866811, 0.389574, 0.475483
461628596547, 0.389426, 0.475266
462936326282, 0.389066, 0.475039
464244056017, 0.388898, 0.474854
465551785752, 0.388767, 0.474643
466859515488, 0.388607, 0.474438
468167245223, 0.388461, 0.474233
469474974958, 0.388226, 0.474045
470782704693, 0.388078, 0.473891
472090434429, 0.387862, 0.473704
473398164164, 0.387617, 0.473530
474705893899, 0.387456, 0.473282
476013623635, 0.387322, 0.473066
477321353370, 0.387228, 0.472938
478629083105, 0.386962, 0.472719
479936812840, 0.386673, 0.472517
481244542576, 0.386436, 0.472326
482552272311, 0.386222, 0.472095
483860002046, 0.386083, 0.471913
485167731781, 0.385968, 0.471739
486475461517, 0.385817, 0.471552
487783191252, 0.385430, 0.471330
489090920987, 0.385316, 0.471184
490398650722, 0.385159, 0.470968
491706380458, 0.385021, 0.470757
493014110193, 0.384769, 0.470498
494321839928, 0.384633, 0.470299
495629569663, 0.384504, 0.470108
496937299399, 0.384373, 0.469955
498245029134, 0.384164, 0.469761
499552758869, 0.384072, 0.469622
500860488604, 0.383926, 0.469465
502168218340, 0.383774, 0.469257
503475948075, 0.383690, 0.469121
504783677810, 0.383586, 0.468981
506091407546, 0.383478, 0.468850
507399137281, 0.383309, 0.468696
508706867016, 0.382995, 0.468503
510014596751, 0.382785, 0.468295
511322326487, 0.382654, 0.468136
512630056222, 0.382511, 0.467968
513937785957, 0.382227, 0.467771
515245515692, 0.382044, 0.467592
516553245428, 0.381921, 0.467398
517860975163, 0.381811, 0.467242
519168704898, 0.381601, 0.467054
520476434633, 0.381269, 0.466900
521784164369, 0.381088, 0.466729
523091894104, 0.380943, 0.466564
524399623839, 0.380798, 0.466408
525707353574, 0.380640, 0.466211
527015083310, 0.380480, 0.466035
528322813045, 0.380401, 0.465904
529630542780, 0.380221, 0.465702
530938272515, 0.380074, 0.465497
532246002251, 0.379957, 0.465340
533553731986, 0.379762, 0.465215
534861461721, 0.379631, 0.465087
536169191457, 0.379525, 0.464953
537476921192, 0.379447, 0.464828
538784650927, 0.379245, 0.464697
540092380662, 0.379148, 0.464535
541400110398, 0.379031, 0.464404
542707840133, 0.378945, 0.464273
544015569868, 0.378879, 0.464168
545323299603, 0.378724, 0.463965
546631029339, 0.378554, 0.463826
547938759074, 0.378437, 0.463698
549246488809, 0.378297, 0.463587
550554218544, 0.378183, 0.463433
551861948280, 0.377857, 0.463288
553169678015, 0.377738, 0.463117
554477407750, 0.377549, 0.462986
555785137485, 0.377364, 0.462841
557092867221, 0.377199, 0.462682
558400596956, 0.377118, 0.462554
559708326691, 0.377038, 0.462425
561016056426, 0.376860, 0.462266
562323786162, 0.376650, 0.462147
563631515897, 0.376380, 0.461987
564939245632, 0.376262, 0.461799
566246975368, 0.376165, 0.461657
567554705103, 0.376082, 0.461515
568862434838, 0.375971, 0.461358
570170164573, 0.375824, 0.461219
571477894309, 0.375624, 0.461059
572785624044, 0.375339, 0.460917
574093353779, 0.375183, 0.460777
575401083514, 0.375054, 0.460661
576708813250, 0.374963, 0.460524
578016542985, 0.374891, 0.460422
579324272720, 0.374807, 0.460319
580632002455, 0.374737, 0.460180
581939732191, 0.374607, 0.460057
583247461926, 0.374446, 0.459918
584555191661, 0.374255, 0.459775
585862921396, 0.374108, 0.459607
587170651132, 0.374019, 0.459471
588478380867, 0.373956, 0.459383
589786110602, 0.373868, 0.459286
591093840337, 0.373737, 0.459132
592401570073, 0.373635, 0.458981
593709299808, 0.373544, 0.458853
595017029543, 0.373464, 0.458722
596324759279, 0.373253, 0.458588
597632489014, 0.373203, 0.458503
598940218749, 0.373124, 0.458378
600247948484, 0.372915, 0.458241
601555678220, 0.372813, 0.458102
602863407955, 0.372724, 0.457991
604171137690, 0.372662, 0.457885
605478867425, 0.372564, 0.457780
606786597161, 0.372355, 0.457658
608094326896, 0.372140, 0.457512
609402056631, 0.371973, 0.457359
610709786366, 0.371826, 0.457225
612017516102, 0.371727, 0.457128
613325245837, 0.371644, 0.457006
614632975572, 0.371574, 0.456892
615940705307, 0.371372, 0.456772
617248435043, 0.371228, 0.456641
618556164778, 0.371167, 0.456550
619863894513, 0.370996, 0.456451
621171624248, 0.370933, 0.456354
622479353984, 0.370849, 0.456214
623787083719, 0.370760, 0.456075
625094813454, 0.370652, 0.455964
626402543190, 0.370576, 0.455881
627710272925, 0.370498, 0.455773
629018002660, 0.370407, 0.455662
630325732395, 0.370254, 0.455574
631633462131, 0.370192, 0.455460
632941191866, 0.370100, 0.455363
634248921601, 0.369874, 0.455238
635556651336, 0.369684, 0.455121
636864381072, 0.369623, 0.455013
638172110807, 0.369561, 0.454913
639479840542, 0.369424, 0.454780
640787570277, 0.369273, 0.454671
642095300013, 0.369201, 0.454580
643403029748, 0.369150, 0.454498
644710759483, 0.368989, 0.454404
646018489218, 0.368870, 0.454273
647326218954, 0.368807, 0.454188
648633948689, 0.368720, 0.454057
649941678424, 0.368661, 0.453968
651249408159, 0.368605, 0.453889
652557137895, 0.368536, 0.453778
653864867630, 0.368310, 0.453661
655172597365, 0.368248, 0.453558
656480327101, 0.368194, 0.453459
657788056836, 0.368122, 0.453336
659095786571, 0.367994, 0.453260
660403516306, 0.367885, 0.453137
661711246042, 0.367661, 0.453009
663018975777, 0.367593, 0.452921
664326705512, 0.367529, 0.452827
665634435247, 0.367464, 0.452733
666942164983, 0.367332, 0.452602
668249894718, 0.367269, 0.452500
669557624453, 0.367200, 0.452403
670865354188, 0.367125, 0.452317
672173083924, 0.366984, 0.452215
673480813659, 0.366905, 0.452124
674788543394, 0.366845, 0.452021
676096273129, 0.366768, 0.451944
677404002865, 0.366712, 0.451888
678711732600, 0.366649, 0.451796
680019462335, 0.366579, 0.451683
681327192070, 0.366450, 0.451594
682634921806, 0.366410, 0.451535
683942651541, 0.366367, 0.451458
685250381276, 0.366325, 0.451389
686558111012, 0.366252, 0.451335
687865840747, 0.366204, 0.451261
689173570482, 0.366079, 0.451162
690481300217, 0.365974, 0.451054
691789029953, 0.365901, 0.450965
693096759688, 0.365802, 0.450888
694404489423, 0.365755, 0.450809
695712219158, 0.365502, 0.450726
697019948894, 0.365440, 0.450629
698327678629, 0.365411, 0.450570
699635408364, 0.365229, 0.450467
700943138099, 0.365191, 0.450399
702250867835, 0.365097, 0.450319
703558597570, 0.365043, 0.450237
704866327305, 0.364860, 0.450123
706174057040, 0.364784, 0.450017
707481786776, 0.364645, 0.449906
708789516511, 0.364586, 0.449821
710097246246, 0.364535, 0.449750
711404975981, 0.364468, 0.449659
712712705717, 0.364426, 0.449593
714020435452, 0.364376, 0.449511
715328165187, 0.364215, 0.449422
716635894923, 0.364152, 0.449323
717943624658, 0.364087, 0.449246
719251354393, 0.364027, 0.449152
720559084128, 0.363794, 0.449050
721866813864, 0.363751, 0.448970
723174543599, 0.363646, 0.448899
724482273334, 0.363585, 0.448816
725790003069, 0.363542, 0.448751
727097732805, 0.363471, 0.448651
728405462540, 0.363422, 0.448574
729713192275, 0.363339, 0.448472
731020922010, 0.363215, 0.448375
732328651746, 0.363141, 0.448309
733636381481, 0.363039, 0.448218
734944111216, 0.362923, 0.448124
736251840951, 0.362857, 0.448050
737559570687, 0.362811, 0.447991
738867300422, 0.362688, 0.447888
740175030157, 0.362609, 0.447774
741482759892, 0.362516, 0.447720
742790489628, 0.362486, 0.447666
744098219363, 0.362449, 0.447609
745405949098, 0.362402, 0.447555
746713678834, 0.362348, 0.447475
748021408569, 0.362299, 0.447390
749329138304, 0.362257, 0.447327
750636868039, 0.362084, 0.447273
751944597775, 0.362030, 0.447185
753252327510, 0.361978, 0.447111
754560057245, 0.361909, 0.447031
755867786980, 0.361862, 0.446954
757175516716, 0.361797, 0.446869
758483246451, 0.361742, 0.446804
759790976186, 0.361700, 0.446713
761098705921, 0.361649, 0.446636
762406435657, 0.361580, 0.446513
763714165392, 0.361469, 0.446419
765021895127, 0.361431, 0.446362
766329624862, 0.361368, 0.446305
767637354598, 0.361277, 0.446229
768945084333, 0.361230, 0.446157
770252814068, 0.361065, 0.446103
771560543803, 0.361015, 0.446029
772868273539, 0.360957, 0.445955
774176003274, 0.360913, 0.445890
775483733009, 0.360798, 0.445830
776791462745, 0.360758, 0.445765
778099192480, 0.360706, 0.445693
779406922215, 0.360601, 0.445637
780714651950, 0.360513, 0.445582
782022381686, 0.360445, 0.445514
783330111421, 0.360342, 0.445454
784637841156, 0.360290, 0.445395
785945570891, 0.360273, 0.445366
787253300627, 0.360225, 0.445286
788561030362, 0.360140, 0.445227
789868760097, 0.360108, 0.445170
791176489832, 0.360067, 0.445124
792484219568, 0.359971, 0.445064
793791949303, 0.359872, 0.444970
795099679038, 0.359839, 0.444908
796407408773, 0.359770, 0.444820
797715138509, 0.359726, 0.444757
799022868244, 0.359658, 0.444677
800330597979, 0.359601, 0.444598
801638327714, 0.359563, 0.444543
802946057450, 0.359530, 0.444492
804253787185, 0.359499, 0.444432
805561516920, 0.359470, 0.444393
806869246656, 0.359418, 0.444330
808176976391, 0.359246, 0.444264
809484706126, 0.359216, 0.444210
810792435861, 0.359073, 0.444156
812100165597, 0.359011, 0.444079
813407895332, 0.358963, 0.444031
814715625067, 0.358912, 0.443966
816023354802, 0.358868, 0.443912
817331084538, 0.358821, 0.443860
818638814273, 0.358786, 0.443806
819946544008, 0.358715, 0.443755
821254273743, 0.358643, 0.443715
822562003479, 0.358548, 0.443689
823869733214, 0.358506, 0.443624
825177462949, 0.358424, 0.443570
826485192684, 0.358386, 0.443530
827792922420, 0.358033, 0.443456
829100652155, 0.357965, 0.443402
830408381890, 0.357920, 0.443351
831716111625, 0.357866, 0.443260
833023841361, 0.357836, 0.443206
834331571096, 0.357815, 0.443174
835639300831, 0.357764, 0.443129
836947030567, 0.357740, 0.443106
838254760302, 0.357713, 0.443058
839562490037, 0.357680, 0.443012
840870219772, 0.357596, 0.442958
842177949508, 0.357550, 0.442901
843485679243, 0.357529, 0.442867
844793408978, 0.357479, 0.442821
846101138713, 0.357442, 0.442770
847408868449, 0.357419, 0.442730
848716598184, 0.357373, 0.442676
850024327919, 0.357315, 0.442596
851332057654, 0.357270, 0.442534
852639787390, 0.357241, 0.442485
853947517125, 0.357221, 0.442454
855255246860, 0.357167, 0.442397
856562976595, 0.357096, 0.442352
857870706331, 0.357062, 0.442298
859178436066, 0.357010, 0.442243
860486165801, 0.356965, 0.442175
861793895536, 0.356898, 0.442130
863101625272, 0.356854, 0.442078
864409355007, 0.356779, 0.442030
865717084742, 0.356746, 0.441984
867024814478, 0.356694, 0.441910
868332544213, 0.356666, 0.441871
869640273948, 0.356635, 0.441816
870948003683, 0.356599, 0.441777
872255733419, 0.356557, 0.441737
873563463154, 0.356526, 0.441680
874871192889, 0.356510, 0.441648
876178922624, 0.356427, 0.441594
877486652360, 0.356358, 0.441526
878794382095, 0.356265, 0.441455
880102111830, 0.356246, 0.441418
881409841565, 0.356209, 0.441364
882717571301, 0.356180, 0.441315
884025301036, 0.356145, 0.441273
885333030771, 0.356124, 0.441222
886640760506, 0.356071, 0.441170
887948490242, 0.355998, 0.441128
889256219977, 0.355980, 0.441108
890563949712, 0.355940, 0.441048
891871679448, 0.355920, 0.441014
893179409183, 0.355870, 0.440977
894487138918, 0.355859, 0.440948
895794868653, 0.355835, 0.440911
897102598389, 0.355818, 0.440880
898410328124, 0.355780, 0.440829
899718057859, 0.355746, 0.440769
901025787594, 0.355717, 0.440740
902333517330, 0.355696, 0.440712
903641247065, 0.355615, 0.440675
904948976800, 0.355493, 0.440615
906256706535, 0.355470, 0.440578
907564436271, 0.355458, 0.440553
908872166006, 0.355416, 0.440510
910179895741, 0.355393, 0.440484
911487625476, 0.355361, 0.440433
912795355212, 0.355265, 0.440382
914103084947, 0.355226, 0.440353
915410814682, 0.355180, 0.440299
916718544417, 0.355155, 0.440262
918026274153, 0.355139, 0.440231
919334003888, 0.355043, 0.440191
920641733623, 0.355020, 0.440148
921949463359, 0.354999, 0.440103
923257193094, 0.354960, 0.440077
924564922829, 0.354814, 0.440009
925872652564, 0.354779, 0.439975
927180382300, 0.354709, 0.439904
928488112035, 0.354627, 0.439869
929795841770, 0.354605, 0.439832
931103571505, 0.354494, 0.439787
932411301241, 0.354454, 0.439730
933719030976, 0.354435, 0.439699
935026760711, 0.354417, 0.439662
936334490446, 0.354398, 0.439625
937642220182, 0.354371, 0.439579
938949949917, 0.354304, 0.439522
940257679652, 0.354288, 0.439494
941565409387, 0.354264, 0.439465
942873139123, 0.354205, 0.439425
944180868858, 0.354175, 0.439383
945488598593, 0.354105, 0.439331
946796328328, 0.354084, 0.439300
948104058064, 0.354001, 0.439263
949411787799, 0.353965, 0.439229
950719517534, 0.353815, 0.439189
952027247270, 0.353787, 0.439155
953334977005, 0.353759, 0.439115
954642706740, 0.353733, 0.439084
955950436475, 0.353686, 0.439050
957258166211, 0.353673, 0.439018
958565895946, 0.353636, 0.438961
959873625681, 0.353610, 0.438924
961181355416, 0.353579, 0.438887
962489085152, 0.353558, 0.438847
963796814887, 0.353430, 0.438808
965104544622, 0.353406, 0.438791
966412274357, 0.353367, 0.438748
967720004093, 0.353343, 0.438711
969027733828, 0.353328, 0.438688
970335463563, 0.353290, 0.438637
971643193298, 0.353250, 0.438583
972950923034, 0.353231, 0.438560
974258652769, 0.353225, 0.438546
975566382504, 0.353204, 0.438509
976874112239, 0.353161, 0.438483
978181841975, 0.353132, 0.438443
979489571710, 0.353118, 0.438415
980797301445, 0.353100, 0.438375
982105031181, 0.353071, 0.438327
983412760916, 0.353045, 0.438292
984720490651, 0.352982, 0.438270
986028220386, 0.352961, 0.438238
987335950122, 0.352938, 0.438210
988643679857, 0.352877, 0.438164
989951409592, 0.352852, 0.438136
991259139327, 0.352827, 0.438107
992566869063, 0.352804, 0.438076
993874598798, 0.352790, 0.438053
995182328533, 0.352777, 0.438033
996490058268, 0.352759, 0.438002
997797788004, 0.352744, 0.437982
999105517739, 0.352714, 0.437948
1000413247474, 0.352696, 0.437914
1001720977209, 0.352662, 0.437891
1003028706945, 0.352630, 0.437877
1004336436680, 0.352548, 0.437837
1005644166415, 0.352527, 0.437800
1006951896150, 0.352296, 0.437763
1008259625886, 0.352282, 0.437740
1009567355621, 0.352254, 0.437697
1010875085356, 0.352221, 0.437666
1012182815092, 0.352207, 0.437629
1013490544827, 0.352190, 0.437589
1014798274562, 0.352173, 0.437561
1016106004297, 0.352166, 0.437541
1017413734033, 0.352153, 0.437521
1018721463768, 0.352120, 0.437487
1020029193503, 0.352107, 0.437467
1021336923238, 0.352052, 0.437447
1022644652974, 0.352039, 0.437424
1023952382709, 0.352035, 0.437413
1025260112444, 0.352010, 0.437382
1026567842179, 0.351991, 0.437362
1027875571915, 0.351981, 0.437342
1029183301650, 0.351958, 0.437310
1030491031385, 0.351940, 0.437282
1031798761120, 0.351925, 0.437259
1033106490856, 0.351917, 0.437242
1034414220591, 0.351903, 0.437208
1035721950326, 0.351881, 0.437179
1037029680061, 0.351816, 0.437151
1038337409797, 0.351803, 0.437134
1039645139532, 0.351774, 0.437103
1040952869267, 0.351754, 0.437077
1042260599003, 0.351746, 0.437066
1043568328738, 0.351730, 0.437046
1044876058473, 0.351718, 0.437031
1046183788208, 0.351694, 0.437003
1047491517944, 0.351676, 0.436974
1048799247679, 0.351668, 0.436963
1050106977414, 0.351666, 0.436955
1051414707149, 0.351586, 0.436918
1052722436885, 0.351572, 0.436898
1054030166620, 0.351555, 0.436875
1055337896355, 0.351534, 0.436849
1056645626090, 0.351516, 0.436826
1057953355826, 0.351502, 0.436809
1059261085561, 0.351483, 0.436772
1060568815296, 0.351462, 0.436741
1061876545031, 0.351443, 0.436707
1063184274767, 0.351416, 0.436673
1064492004502, 0.351411, 0.436656
1065799734237, 0.351406, 0.436644
1067107463972, 0.351397, 0.436630
1068415193708, 0.351375, 0.436604
1069722923443, 0.351359, 0.436582
1071030653178, 0.351333, 0.436545
1072338382914, 0.351328, 0.436536
1073646112649, 0.351319, 0.436522
1074953842384, 0.351307, 0.436510
1076261572119, 0.351304, 0.436505
1077569301855, 0.351297, 0.436493
1078877031590, 0.351277, 0.436471
1080184761325, 0.351265, 0.436445
1081492491060, 0.351259, 0.436431
1082800220796, 0.351250, 0.436414
1084107950531, 0.351235, 0.436391
1085415680266, 0.351232, 0.436385
1086723410001, 0.351218, 0.436362
1088031139737, 0.351209, 0.436343
1089338869472, 0.351205, 0.436328
1090646599207, 0.351195, 0.436311
1091954328942, 0.351181, 0.436291
1093262058678, 0.351169, 0.436271
1094569788413, 0.351157, 0.436249
1095877518148, 0.351148, 0.436232
1097185247883, 0.351140, 0.436220
1098492977619, 0.351124, 0.436194
1099800707354, 0.351051, 0.436180
1101108437089, 0.351006, 0.436163
1102416166825, 0.350993, 0.436146
1103723896560, 0.350963, 0.436132
1105031626295, 0.350959, 0.436126
1106339356030, 0.350957, 0.436123
1107647085766, 0.350943, 0.436103
1108954815501, 0.350932, 0.436086
1110262545236, 0.350921, 0.436072
1111570274971, 0.350915, 0.436066
1112878004707, 0.350903, 0.436049
1114185734442, 0.350894, 0.436032
1115493464177, 0.350882, 0.436018
1116801193912, 0.350872, 0.436001
1118108923648, 0.350871, 0.435995
1119416653383, 0.350864, 0.435984
1120724383118, 0.350855, 0.435967
1122032112853, 0.350853, 0.435958
1123339842589, 0.350816, 0.435938
1124647572324, 0.350796, 0.435927
1125955302059, 0.350795, 0.435924
1127263031794, 0.350785, 0.435907
1128570761530, 0.350758, 0.435887
1129878491265, 0.350750, 0.435876
1131186221000, 0.350739, 0.435859
1132493950736, 0.350728, 0.435842
1133801680471, 0.350720, 0.435827
1135109410206, 0.350720, 0.435827
1136417139941, 0.350713, 0.435819
1137724869677, 0.350710, 0.435813
1139032599412, 0.350703, 0.435799
1140340329147, 0.350698, 0.435793
1141648058882, 0.350691, 0.435785
1142955788618, 0.350685, 0.435776
1144263518353, 0.350685, 0.435776
1145571248088, 0.350670, 0.435762
1146878977823, 0.350667, 0.435753
1148186707559, 0.350662, 0.435748
1149494437294, 0.350567, 0.435742
1150802167029, 0.350558, 0.435731
1152109896764, 0.350557, 0.435728
1153417626500, 0.350552, 0.435716
1154725356235, 0.350541, 0.435702
1156033085970, 0.350525, 0.435691
1157340815705, 0.350515, 0.435682
1158648545441, 0.350506, 0.435668
1159956275176, 0.350503, 0.435662
1161264004911, 0.350488, 0.435645
1162571734647, 0.350487, 0.435642
1163879464382, 0.350475, 0.435634
1165187194117, 0.350470, 0.435625
1166494923852, 0.350469, 0.435622
1167802653588, 0.350449, 0.435605
1169110383323, 0.350439, 0.435588
1170418113058, 0.350438, 0.435585
1171725842793, 0.350427, 0.435574
1173033572529, 0.350422, 0.435565
1174341302264, 0.350419, 0.435560
1175649031999, 0.350413, 0.435551
1176956761734, 0.350402, 0.435537
1178264491470, 0.350392, 0.435520
1179572221205, 0.350389, 0.435511
1180879950940, 0.350380, 0.435494
1182187680675, 0.350369, 0.435483
1183495410411, 0.350329, 0.435454
1184803140146, 0.350318, 0.435434
1186110869881, 0.350310, 0.435420
1187418599616, 0.350308, 0.435417
1188726329352, 0.350280, 0.435406
1190034059087, 0.350273, 0.435395
1191341788822, 0.350267, 0.435386
1192649518558, 0.350256, 0.435375
1193957248293, 0.350253, 0.435372
1195264978028, 0.350249, 0.435363
1196572707763, 0.350246, 0.435352
1197880437499, 0.350242, 0.435343
1199188167234, 0.350228, 0.435332
1200495896969, 0.350220, 0.435323
1201803626704, 0.350210, 0.435306
1203111356440, 0.350203, 0.435298
1204419086175, 0.350203, 0.435295
1205726815910, 0.350198, 0.435286
1207034545645, 0.350196, 0.435281
1208342275381, 0.350191, 0.435269
1209650005116, 0.350189, 0.435267
1210957734851, 0.350188, 0.435264
1212265464586, 0.350182, 0.435255
1213573194322, 0.350177, 0.435247
1214880924057, 0.350177, 0.435247
1216188653792, 0.350177, 0.435247
1217496383527, 0.350175, 0.435244
1218804113263, 0.350166, 0.435230
1220111842998, 0.350164, 0.435224
1221419572733, 0.350156, 0.435210
1222727302469, 0.350153, 0.435201
1224035032204, 0.350147, 0.435193
1225342761939, 0.350143, 0.435187
1226650491674, 0.350136, 0.435178
1227958221410, 0.350134, 0.435175
1229265951145, 0.350133, 0.435173
1230573680880, 0.350133, 0.435173
1231881410615, 0.350129, 0.435161
1233189140351, 0.350128, 0.435158
1234496870086, 0.350126, 0.435156
1235804599821, 0.350126, 0.435153
1237112329556, 0.350126, 0.435153
1238420059292, 0.350122, 0.435150
1239727789027, 0.350120, 0.435147
1241035518762, 0.350118, 0.435141
1242343248497, 0.350115, 0.435138
1243650978233, 0.350115, 0.435138
1244958707968, 0.350077, 0.435127
1246266437703, 0.350040, 0.435121
1247574167438, 0.350032, 0.435116
1248881897174, 0.350032, 0.435116
1250189626909, 0.350031, 0.435113
1251497356644, 0.350031, 0.435113
1252805086380, 0.350028, 0.435110
1254112816115, 0.350024, 0.435104
1255420545850, 0.349971, 0.435099
1256728275585, 0.349971, 0.435099
1258036005321, 0.349971, 0.435099
1259343735056, 0.349971, 0.435099
1260651464791, 0.349970, 0.435096
1261959194526, 0.349969, 0.435090
1263266924262, 0.349969, 0.435087
1264574653997, 0.349968, 0.435084
1265882383732, 0.349967, 0.435081
1267190113467, 0.349966, 0.435079
1268497843203, 0.349966, 0.435079
1269805572938, 0.349966, 0.435079
1271113302673, 0.349964, 0.435076
1272421032408, 0.349957, 0.435070
1273728762144, 0.349955, 0.435067
1275036491879, 0.349955, 0.435067
1276344221614, 0.349953, 0.435064
1277651951349, 0.349953, 0.435064
1278959681085, 0.349952, 0.435062
1280267410820, 0.349951, 0.435059
1281575140555, 0.349951, 0.435059
1282882870291, 0.349945, 0.435053
1284190600026, 0.349945, 0.435053
1285498329761, 0.349897, 0.435047
1286806059496, 0.349894, 0.435042
1288113789232, 0.349894, 0.435042
1289421518967, 0.349894, 0.435042
1290729248702, 0.349892, 0.435039
1292036978437, 0.349892, 0.435039
1293344708173, 0.349892, 0.435039
1294652437908, 0.349892, 0.435039
1295960167643, 0.349892, 0.435039
1297267897378, 0.349892, 0.435039
1298575627114, 0.349892, 0.435039
1299883356849, 0.349890, 0.435036
1301191086584, 0.349890, 0.435036
1302498816319, 0.349890, 0.435036
1303806546055, 0.349889, 0.435033
1305114275790, 0.349889, 0.435033
1306422005525, 0.349889, 0.435030
1307729735261, 0.349883, 0.435025
Time used: 769 ms
