logging to /opt/shards_res_1000/2016020100-2016020200_unique/tenant_4_profile_res-FIX_RATE-SHARDS-0.01.csvtracefile: /data1/tenant_trace/2016020100-2016020200_unique/tenant_4_trace
open file /data1/tenant_trace/2016020100-2016020200_unique/tenant_4_trace
read 1000000 lines
read 2000000 lines
read 3000000 lines
read 4000000 lines
read 5000000 lines
read 6000000 lines
read 7000000 lines
read 8000000 lines
read 9000000 lines
read 10000000 lines
read 11000000 lines
read 12000000 lines
read 13000000 lines
read 14000000 lines
read 15000000 lines
read 16000000 lines
read 17000000 lines
read 18000000 lines
read 19000000 lines
read 20000000 lines
read 21000000 lines
read 22000000 lines
read 23000000 lines
read 24000000 lines
read 25000000 lines
read 26000000 lines
read 27000000 lines
read 28000000 lines
read 29000000 lines
read 30000000 lines
read 31000000 lines
read 32000000 lines
read 33000000 lines
read 34000000 lines
read 35000000 lines
read 36000000 lines
read 37000000 lines
read 38000000 lines
read 39000000 lines
read 40000000 lines
read 41000000 lines
read 42000000 lines
read 43000000 lines
read 44000000 lines
read 45000000 lines
read 46000000 lines
read 47000000 lines
read 48000000 lines
read 49000000 lines
read 50000000 lines
read 51000000 lines
read 52000000 lines
read 53000000 lines
read 54000000 lines
read 55000000 lines
read 56000000 lines
read 57000000 lines
read 58000000 lines
read 59000000 lines
read 60000000 lines
read 61000000 lines
read 62000000 lines
read 63000000 lines
read 64000000 lines
read 65000000 lines
read 66000000 lines
read 67000000 lines
read 68000000 lines
read 69000000 lines
read 70000000 lines
read 71000000 lines
read 72000000 lines
read 73000000 lines
read 74000000 lines
read 75000000 lines
read 76000000 lines
read 77000000 lines
read 78000000 lines
read 79000000 lines
read 80000000 lines
read 81000000 lines
read 82000000 lines
read 83000000 lines
read 84000000 lines
read 85000000 lines
read 86000000 lines
read 87000000 lines
read 88000000 lines
read 89000000 lines
read 90000000 lines
read 91000000 lines
read 92000000 lines
read 93000000 lines
read 94000000 lines
read 95000000 lines
read 96000000 lines
read 97000000 lines
read 98000000 lines
read 99000000 lines
read 100000000 lines
read 101000000 lines
read 102000000 lines
read 103000000 lines
read 104000000 lines
read 105000000 lines
read 106000000 lines
read 107000000 lines
read 108000000 lines
read 109000000 lines
read 110000000 lines
read 111000000 lines
read 112000000 lines
read 113000000 lines
read 114000000 lines
read 115000000 lines
read 116000000 lines
read 117000000 lines
read 118000000 lines
read 119000000 lines
read 120000000 lines
read 121000000 lines
read 122000000 lines
read 123000000 lines
read 124000000 lines
read 125000000 lines
read 126000000 lines
read 127000000 lines
read 128000000 lines
read 129000000 lines
read 130000000 lines
read 131000000 lines
read 132000000 lines
read 133000000 lines
read 134000000 lines
read 135000000 lines
read 136000000 lines
read 137000000 lines
read 138000000 lines
read 139000000 lines
read 140000000 lines
read 141000000 lines
read 142000000 lines
read 143000000 lines
read 144000000 lines
read 145000000 lines
read 146000000 lines
read 147000000 lines
read 148000000 lines
read 149000000 lines
read 150000000 lines
read 151000000 lines
read 152000000 lines
read 153000000 lines
read 154000000 lines
read 155000000 lines
read 156000000 lines
read 157000000 lines
read 158000000 lines
read 159000000 lines
[FILE]: /data1/tenant_trace/2016020100-2016020200_unique/tenant_4_trace
total_access_num: 159053594
total_access_size: 1947606867474
unique_access_num: 51021832
unique_access_size: 649953690410
min_item_size: 1
[method]: SHARDS
[metric]: MAE
[seed]: 42
[sample_method]: FIX_RATE
[sample_metric]: 0.01
MAEQ_factor: 1.027601
cache_size, BMRC_ratio, OMRC_ratio
649953690, 0.846249, 0.847990
1299907380, 0.810525, 0.810931
1949861071, 0.787115, 0.786392
2599814761, 0.769159, 0.767363
3249768452, 0.754093, 0.751367
3899722142, 0.740975, 0.737395
4549675832, 0.729498, 0.725194
5199629523, 0.719084, 0.714254
5849583213, 0.709655, 0.704271
6499536904, 0.700972, 0.695154
7149490594, 0.693053, 0.686760
7799444284, 0.685582, 0.678951
8449397975, 0.678554, 0.671619
9099351665, 0.671820, 0.664642
9749305356, 0.665551, 0.658105
10399259046, 0.659591, 0.651898
11049212736, 0.653851, 0.645928
11699166427, 0.648388, 0.640264
12349120117, 0.643252, 0.634915
12999073808, 0.638429, 0.629850
13649027498, 0.633713, 0.624953
14298981189, 0.629126, 0.620247
14948934879, 0.624598, 0.615605
15598888569, 0.620419, 0.611230
16248842260, 0.616317, 0.606989
16898795950, 0.612429, 0.602983
17548749641, 0.608630, 0.599050
18198703331, 0.604951, 0.595297
18848657021, 0.601279, 0.591558
19498610712, 0.597823, 0.587993
20148564402, 0.594520, 0.584604
20798518093, 0.591210, 0.581172
21448471783, 0.588036, 0.577936
22098425473, 0.584881, 0.574722
22748379164, 0.581874, 0.571611
23398332854, 0.578917, 0.568591
24048286545, 0.575929, 0.565533
24698240235, 0.573101, 0.562659
25348193925, 0.570315, 0.559869
25998147616, 0.567638, 0.557135
26648101306, 0.565021, 0.554437
27298054997, 0.562363, 0.551763
27948008687, 0.559865, 0.549233
28597962378, 0.557488, 0.546776
29247916068, 0.555052, 0.544336
29897869758, 0.552733, 0.541976
30547823449, 0.550462, 0.539649
31197777139, 0.548244, 0.537368
31847730830, 0.546129, 0.535195
32497684520, 0.543991, 0.533019
33147638210, 0.541837, 0.530854
33797591901, 0.539733, 0.528712
34447545591, 0.537639, 0.526608
35097499282, 0.535634, 0.524557
35747452972, 0.533726, 0.522607
36397406662, 0.531750, 0.520551
37047360353, 0.529952, 0.518666
37697314043, 0.528043, 0.516758
38347267734, 0.526264, 0.514944
38997221424, 0.524425, 0.513086
39647175115, 0.522670, 0.511259
40297128805, 0.520910, 0.509477
40947082495, 0.519165, 0.507745
41597036186, 0.517531, 0.506064
42246989876, 0.515901, 0.504405
42896943567, 0.514252, 0.502719
43546897257, 0.512713, 0.501133
44196850947, 0.511161, 0.499581
44846804638, 0.509577, 0.497976
45496758328, 0.508075, 0.496456
46146712019, 0.506549, 0.494925
46796665709, 0.505067, 0.493423
47446619399, 0.503617, 0.491950
48096573090, 0.502171, 0.490469
48746526780, 0.500758, 0.489050
49396480471, 0.499363, 0.487644
50046434161, 0.498015, 0.486284
50696387851, 0.496658, 0.484915
51346341542, 0.495325, 0.483554
51996295232, 0.494052, 0.482236
52646248923, 0.492756, 0.480931
53296202613, 0.491535, 0.479663
53946156304, 0.490231, 0.478364
54596109994, 0.489089, 0.477158
55246063684, 0.487921, 0.475972
55896017375, 0.486727, 0.474791
56545971065, 0.485567, 0.473619
57195924756, 0.484352, 0.472422
57845878446, 0.483197, 0.471233
58495832136, 0.482042, 0.470084
59145785827, 0.480915, 0.468930
59795739517, 0.479805, 0.467829
60445693208, 0.478714, 0.466700
61095646898, 0.477708, 0.465675
61745600588, 0.476624, 0.464559
62395554279, 0.475548, 0.463497
63045507969, 0.474505, 0.462439
63695461660, 0.473443, 0.461399
64345415350, 0.472401, 0.460336
64995369041, 0.471423, 0.459337
65645322731, 0.470443, 0.458323
66295276421, 0.469514, 0.457361
66945230112, 0.468543, 0.456375
67595183802, 0.467569, 0.455373
68245137493, 0.466616, 0.454419
68895091183, 0.465686, 0.453496
69545044873, 0.464689, 0.452529
70194998564, 0.463783, 0.451610
70844952254, 0.462875, 0.450684
71494905945, 0.461998, 0.449792
72144859635, 0.461148, 0.448916
72794813325, 0.460243, 0.448005
73444767016, 0.459370, 0.447119
74094720706, 0.458531, 0.446267
74744674397, 0.457723, 0.445424
75394628087, 0.456897, 0.444599
76044581777, 0.456075, 0.443754
76694535468, 0.455206, 0.442872
77344489158, 0.454396, 0.442033
77994442849, 0.453566, 0.441208
78644396539, 0.452774, 0.440402
79294350230, 0.451985, 0.439605
79944303920, 0.451242, 0.438837
80594257610, 0.450501, 0.438087
81244211301, 0.449761, 0.437335
81894164991, 0.449017, 0.436585
82544118682, 0.448242, 0.435797
83194072372, 0.447527, 0.435059
83844026062, 0.446800, 0.434326
84493979753, 0.446075, 0.433578
85143933443, 0.445328, 0.432838
85793887134, 0.444647, 0.432121
86443840824, 0.443965, 0.431434
87093794514, 0.443250, 0.430728
87743748205, 0.442559, 0.430048
88393701895, 0.441880, 0.429339
89043655586, 0.441183, 0.428630
89693609276, 0.440531, 0.427948
90343562966, 0.439877, 0.427272
90993516657, 0.439189, 0.426590
91643470347, 0.438577, 0.425981
92293424038, 0.437938, 0.425337
92943377728, 0.437286, 0.424677
93593331419, 0.436650, 0.424042
94243285109, 0.435991, 0.423368
94893238799, 0.435391, 0.422778
95543192490, 0.434762, 0.422130
96193146180, 0.434127, 0.421477
96843099871, 0.433556, 0.420863
97493053561, 0.432968, 0.420263
98143007251, 0.432363, 0.419668
98792960942, 0.431763, 0.419077
99442914632, 0.431176, 0.418471
100092868323, 0.430558, 0.417880
100742822013, 0.429987, 0.417314
101392775703, 0.429407, 0.416740
102042729394, 0.428859, 0.416161
102692683084, 0.428295, 0.415600
103342636775, 0.427720, 0.415014
103992590465, 0.427134, 0.414444
104642544156, 0.426592, 0.413897
105292497846, 0.426048, 0.413338
105942451536, 0.425526, 0.412807
106592405227, 0.424984, 0.412258
107242358917, 0.424479, 0.411733
107892312608, 0.423971, 0.411210
108542266298, 0.423425, 0.410665
109192219988, 0.422932, 0.410167
109842173679, 0.422414, 0.409655
110492127369, 0.421885, 0.409139
111142081060, 0.421371, 0.408614
111792034750, 0.420873, 0.408122
112441988440, 0.420353, 0.407604
113091942131, 0.419866, 0.407125
113741895821, 0.419367, 0.406621
114391849512, 0.418909, 0.406153
115041803202, 0.418464, 0.405701
115691756892, 0.418005, 0.405215
116341710583, 0.417527, 0.404732
116991664273, 0.417028, 0.404234
117641617964, 0.416547, 0.403756
118291571654, 0.416042, 0.403264
118941525345, 0.415583, 0.402803
119591479035, 0.415102, 0.402336
120241432725, 0.414637, 0.401852
120891386416, 0.414191, 0.401396
121541340106, 0.413785, 0.400989
122191293797, 0.413352, 0.400556
122841247487, 0.412900, 0.400087
123491201177, 0.412424, 0.399613
124141154868, 0.411980, 0.399181
124791108558, 0.411534, 0.398744
125441062249, 0.411110, 0.398333
126091015939, 0.410672, 0.397885
126740969629, 0.410252, 0.397449
127390923320, 0.409849, 0.397042
128040877010, 0.409442, 0.396640
128690830701, 0.409014, 0.396228
129340784391, 0.408602, 0.395805
129990738082, 0.408178, 0.395386
130640691772, 0.407787, 0.394983
131290645462, 0.407424, 0.394606
131940599153, 0.407044, 0.394230
132590552843, 0.406671, 0.393873
133240506534, 0.406296, 0.393476
133890460224, 0.405925, 0.393100
134540413914, 0.405563, 0.392726
135190367605, 0.405173, 0.392332
135840321295, 0.404776, 0.391934
136490274986, 0.404400, 0.391544
137140228676, 0.403997, 0.391134
137790182366, 0.403618, 0.390757
138440136057, 0.403266, 0.390391
139090089747, 0.402898, 0.390011
139740043438, 0.402567, 0.389661
140389997128, 0.402175, 0.389267
141039950818, 0.401798, 0.388901
141689904509, 0.401436, 0.388543
142339858199, 0.401089, 0.388178
142989811890, 0.400721, 0.387805
143639765580, 0.400363, 0.387442
144289719271, 0.400018, 0.387090
144939672961, 0.399692, 0.386761
145589626651, 0.399336, 0.386410
146239580342, 0.398996, 0.386061
146889534032, 0.398652, 0.385710
147539487723, 0.398321, 0.385384
148189441413, 0.397974, 0.385030
148839395103, 0.397643, 0.384687
149489348794, 0.397323, 0.384357
150139302484, 0.397023, 0.384044
150789256175, 0.396689, 0.383700
151439209865, 0.396340, 0.383348
152089163555, 0.396020, 0.383015
152739117246, 0.395732, 0.382726
153389070936, 0.395422, 0.382408
154039024627, 0.395112, 0.382093
154688978317, 0.394792, 0.381775
155338932007, 0.394487, 0.381472
155988885698, 0.394181, 0.381165
156638839388, 0.393852, 0.380833
157288793079, 0.393570, 0.380544
157938746769, 0.393247, 0.380225
158588700460, 0.392954, 0.379917
159238654150, 0.392647, 0.379612
159888607840, 0.392373, 0.379323
160538561531, 0.392075, 0.379022
161188515221, 0.391781, 0.378716
161838468912, 0.391500, 0.378425
162488422602, 0.391206, 0.378125
163138376292, 0.390927, 0.377840
163788329983, 0.390625, 0.377529
164438283673, 0.390344, 0.377249
165088237364, 0.390077, 0.376966
165738191054, 0.389777, 0.376666
166388144744, 0.389455, 0.376353
167038098435, 0.389189, 0.376092
167688052125, 0.388926, 0.375823
168338005816, 0.388644, 0.375550
168987959506, 0.388359, 0.375273
169637913197, 0.388086, 0.374990
170287866887, 0.387790, 0.374709
170937820577, 0.387523, 0.374438
171587774268, 0.387265, 0.374179
172237727958, 0.387009, 0.373924
172887681649, 0.386741, 0.373646
173537635339, 0.386488, 0.373389
174187589029, 0.386222, 0.373115
174837542720, 0.385975, 0.372854
175487496410, 0.385739, 0.372616
176137450101, 0.385491, 0.372366
176787403791, 0.385221, 0.372104
177437357481, 0.384952, 0.371832
178087311172, 0.384715, 0.371601
178737264862, 0.384472, 0.371353
179387218553, 0.384203, 0.371090
180037172243, 0.383956, 0.370836
180687125933, 0.383705, 0.370589
181337079624, 0.383458, 0.370335
181987033314, 0.383213, 0.370096
182636987005, 0.382980, 0.369860
183286940695, 0.382719, 0.369595
183936894386, 0.382493, 0.369358
184586848076, 0.382274, 0.369131
185236801766, 0.381998, 0.368871
185886755457, 0.381760, 0.368638
186536709147, 0.381547, 0.368411
187186662838, 0.381297, 0.368166
187836616528, 0.381051, 0.367920
188486570218, 0.380829, 0.367689
189136523909, 0.380575, 0.367432
189786477599, 0.380340, 0.367198
190436431290, 0.380103, 0.366960
191086384980, 0.379867, 0.366715
191736338670, 0.379643, 0.366491
192386292361, 0.379422, 0.366255
193036246051, 0.379190, 0.366016
193686199742, 0.378953, 0.365778
194336153432, 0.378736, 0.365566
194986107123, 0.378515, 0.365337
195636060813, 0.378302, 0.365121
196286014503, 0.378091, 0.364906
196935968194, 0.377887, 0.364685
197585921884, 0.377692, 0.364483
198235875575, 0.377482, 0.364274
198885829265, 0.377308, 0.364088
199535782955, 0.377093, 0.363869
200185736646, 0.376887, 0.363652
200835690336, 0.376694, 0.363454
201485644027, 0.376495, 0.363253
202135597717, 0.376272, 0.363026
202785551407, 0.376050, 0.362798
203435505098, 0.375854, 0.362600
204085458788, 0.375631, 0.362387
204735412479, 0.375441, 0.362172
205385366169, 0.375226, 0.361959
206035319859, 0.375013, 0.361750
206685273550, 0.374819, 0.361546
207335227240, 0.374602, 0.361336
207985180931, 0.374426, 0.361143
208635134621, 0.374236, 0.360957
209285088312, 0.374041, 0.360762
209935042002, 0.373822, 0.360557
210584995692, 0.373599, 0.360343
211234949383, 0.373407, 0.360139
211884903073, 0.373222, 0.359946
212534856764, 0.373035, 0.359739
213184810454, 0.372861, 0.359563
213834764144, 0.372684, 0.359391
214484717835, 0.372469, 0.359180
215134671525, 0.372280, 0.358988
215784625216, 0.372080, 0.358783
216434578906, 0.371886, 0.358594
217084532596, 0.371701, 0.358401
217734486287, 0.371534, 0.358225
218384439977, 0.371347, 0.358042
219034393668, 0.371168, 0.357861
219684347358, 0.370996, 0.357695
220334301048, 0.370811, 0.357509
220984254739, 0.370622, 0.357334
221634208429, 0.370469, 0.357170
222284162120, 0.370283, 0.356989
222934115810, 0.370122, 0.356822
223584069501, 0.369961, 0.356662
224234023191, 0.369811, 0.356495
224883976881, 0.369622, 0.356308
225533930572, 0.369440, 0.356126
226183884262, 0.369247, 0.355944
226833837953, 0.369090, 0.355789
227483791643, 0.368902, 0.355599
228133745333, 0.368727, 0.355426
228783699024, 0.368563, 0.355250
229433652714, 0.368388, 0.355069
230083606405, 0.368229, 0.354902
230733560095, 0.368070, 0.354744
231383513785, 0.367906, 0.354593
232033467476, 0.367749, 0.354434
232683421166, 0.367590, 0.354270
233333374857, 0.367412, 0.354104
233983328547, 0.367248, 0.353942
234633282238, 0.367106, 0.353800
235283235928, 0.366943, 0.353638
235933189618, 0.366785, 0.353484
236583143309, 0.366611, 0.353314
237233096999, 0.366438, 0.353152
237883050690, 0.366281, 0.352990
238533004380, 0.366139, 0.352841
239182958070, 0.365971, 0.352683
239832911761, 0.365826, 0.352529
240482865451, 0.365664, 0.352364
241132819142, 0.365505, 0.352198
241782772832, 0.365346, 0.352037
242432726522, 0.365212, 0.351902
243082680213, 0.365049, 0.351735
243732633903, 0.364890, 0.351582
244382587594, 0.364734, 0.351416
245032541284, 0.364565, 0.351265
245682494974, 0.364423, 0.351119
246332448665, 0.364265, 0.350965
246982402355, 0.364114, 0.350811
247632356046, 0.363974, 0.350670
248282309736, 0.363813, 0.350516
248932263427, 0.363672, 0.350381
249582217117, 0.363532, 0.350229
250232170807, 0.363372, 0.350058
250882124498, 0.363229, 0.349919
251532078188, 0.363088, 0.349776
252182031879, 0.362954, 0.349628
252831985569, 0.362821, 0.349493
253481939259, 0.362671, 0.349352
254131892950, 0.362524, 0.349200
254781846640, 0.362364, 0.349046
255431800331, 0.362238, 0.348918
256081754021, 0.362093, 0.348780
256731707711, 0.361944, 0.348645
257381661402, 0.361807, 0.348503
258031615092, 0.361653, 0.348353
258681568783, 0.361507, 0.348211
259331522473, 0.361379, 0.348078
259981476164, 0.361245, 0.347948
260631429854, 0.361114, 0.347814
261281383544, 0.360988, 0.347685
261931337235, 0.360868, 0.347572
262581290925, 0.360724, 0.347426
263231244616, 0.360590, 0.347294
263881198306, 0.360462, 0.347163
264531151996, 0.360331, 0.347036
265181105687, 0.360187, 0.346912
265831059377, 0.360042, 0.346774
266481013068, 0.359918, 0.346652
267130966758, 0.359785, 0.346522
267780920448, 0.359673, 0.346410
268430874139, 0.359578, 0.346302
269080827829, 0.359445, 0.346158
269730781520, 0.359292, 0.346014
270380735210, 0.359174, 0.345904
271030688900, 0.359043, 0.345768
271680642591, 0.358932, 0.345657
272330596281, 0.358810, 0.345533
272980549972, 0.358691, 0.345412
273630503662, 0.358549, 0.345273
274280457353, 0.358409, 0.345143
274930411043, 0.358285, 0.345011
275580364733, 0.358182, 0.344902
276230318424, 0.358066, 0.344783
276880272114, 0.357931, 0.344654
277530225805, 0.357805, 0.344534
278180179495, 0.357667, 0.344397
278830133185, 0.357562, 0.344278
279480086876, 0.357433, 0.344157
280130040566, 0.357321, 0.344043
280779994257, 0.357217, 0.343935
281429947947, 0.357118, 0.343829
282079901637, 0.357008, 0.343715
282729855328, 0.356888, 0.343595
283379809018, 0.356768, 0.343471
284029762709, 0.356648, 0.343348
284679716399, 0.356534, 0.343231
285329670089, 0.356427, 0.343119
285979623780, 0.356298, 0.342994
286629577470, 0.356194, 0.342882
287279531161, 0.356065, 0.342771
287929484851, 0.355965, 0.342670
288579438542, 0.355860, 0.342566
289229392232, 0.355750, 0.342453
289879345922, 0.355665, 0.342364
290529299613, 0.355556, 0.342251
291179253303, 0.355458, 0.342147
291829206994, 0.355339, 0.342026
292479160684, 0.355226, 0.341913
293129114374, 0.355111, 0.341793
293779068065, 0.354997, 0.341681
294429021755, 0.354892, 0.341576
295078975446, 0.354775, 0.341469
295728929136, 0.354673, 0.341362
296378882826, 0.354561, 0.341252
297028836517, 0.354454, 0.341146
297678790207, 0.354337, 0.341035
298328743898, 0.354213, 0.340918
298978697588, 0.354115, 0.340827
299628651279, 0.354008, 0.340724
300278604969, 0.353888, 0.340612
300928558659, 0.353794, 0.340514
301578512350, 0.353683, 0.340406
302228466040, 0.353601, 0.340323
302878419731, 0.353501, 0.340218
303528373421, 0.353405, 0.340121
304178327111, 0.353308, 0.340036
304828280802, 0.353201, 0.339938
305478234492, 0.353094, 0.339838
306128188183, 0.353003, 0.339744
306778141873, 0.352905, 0.339640
307428095563, 0.352805, 0.339535
308078049254, 0.352688, 0.339426
308728002944, 0.352589, 0.339327
309377956635, 0.352491, 0.339225
310027910325, 0.352409, 0.339139
310677864015, 0.352312, 0.339037
311327817706, 0.352213, 0.338936
311977771396, 0.352110, 0.338843
312627725087, 0.352021, 0.338754
313277678777, 0.351923, 0.338658
313927632468, 0.351836, 0.338576
314577586158, 0.351756, 0.338496
315227539848, 0.351673, 0.338407
315877493539, 0.351584, 0.338320
316527447229, 0.351483, 0.338213
317177400920, 0.351384, 0.338107
317827354610, 0.351289, 0.338016
318477308300, 0.351210, 0.337936
319127261991, 0.351111, 0.337841
319777215681, 0.351022, 0.337753
320427169372, 0.350933, 0.337666
321077123062, 0.350842, 0.337573
321727076752, 0.350757, 0.337486
322377030443, 0.350672, 0.337400
323026984133, 0.350585, 0.337319
323676937824, 0.350499, 0.337235
324326891514, 0.350407, 0.337145
324976845205, 0.350323, 0.337058
325626798895, 0.350245, 0.336975
326276752585, 0.350166, 0.336900
326926706276, 0.350087, 0.336826
327576659966, 0.350012, 0.336748
328226613657, 0.349917, 0.336663
328876567347, 0.349831, 0.336575
329526521037, 0.349756, 0.336502
330176474728, 0.349673, 0.336425
330826428418, 0.349589, 0.336341
331476382109, 0.349500, 0.336253
332126335799, 0.349422, 0.336170
332776289489, 0.349341, 0.336091
333426243180, 0.349256, 0.336003
334076196870, 0.349164, 0.335910
334726150561, 0.349086, 0.335835
335376104251, 0.349005, 0.335750
336026057941, 0.348934, 0.335674
336676011632, 0.348851, 0.335597
337325965322, 0.348778, 0.335523
337975919013, 0.348701, 0.335448
338625872703, 0.348620, 0.335368
339275826394, 0.348539, 0.335286
339925780084, 0.348461, 0.335214
340575733774, 0.348382, 0.335138
341225687465, 0.348294, 0.335053
341875641155, 0.348228, 0.334988
342525594846, 0.348151, 0.334912
343175548536, 0.348071, 0.334836
343825502226, 0.347997, 0.334760
344475455917, 0.347914, 0.334673
345125409607, 0.347832, 0.334596
345775363298, 0.347763, 0.334530
346425316988, 0.347686, 0.334452
347075270678, 0.347602, 0.334375
347725224369, 0.347528, 0.334302
348375178059, 0.347457, 0.334230
349025131750, 0.347367, 0.334153
349675085440, 0.347294, 0.334078
350325039130, 0.347219, 0.333998
350974992821, 0.347159, 0.333937
351624946511, 0.347098, 0.333873
352274900202, 0.347025, 0.333796
352924853892, 0.346952, 0.333725
353574807583, 0.346882, 0.333661
354224761273, 0.346823, 0.333596
354874714963, 0.346759, 0.333531
355524668654, 0.346692, 0.333469
356174622344, 0.346609, 0.333389
356824576035, 0.346538, 0.333311
357474529725, 0.346465, 0.333246
358124483415, 0.346400, 0.333183
358774437106, 0.346328, 0.333117
359424390796, 0.346261, 0.333050
360074344487, 0.346194, 0.332984
360724298177, 0.346121, 0.332904
361374251867, 0.346054, 0.332840
362024205558, 0.346000, 0.332782
362674159248, 0.345928, 0.332710
363324112939, 0.345854, 0.332643
363974066629, 0.345801, 0.332585
364624020320, 0.345718, 0.332503
365273974010, 0.345654, 0.332436
365923927700, 0.345594, 0.332372
366573881391, 0.345530, 0.332305
367223835081, 0.345469, 0.332239
367873788772, 0.345411, 0.332179
368523742462, 0.345348, 0.332110
369173696152, 0.345289, 0.332052
369823649843, 0.345225, 0.331986
370473603533, 0.345169, 0.331933
371123557224, 0.345106, 0.331881
371773510914, 0.345053, 0.331822
372423464604, 0.344981, 0.331754
373073418295, 0.344908, 0.331685
373723371985, 0.344845, 0.331618
374373325676, 0.344793, 0.331560
375023279366, 0.344724, 0.331499
375673233056, 0.344657, 0.331429
376323186747, 0.344603, 0.331375
376973140437, 0.344520, 0.331301
377623094128, 0.344466, 0.331239
378273047818, 0.344417, 0.331189
378923001509, 0.344353, 0.331129
379572955199, 0.344266, 0.331059
380222908889, 0.344213, 0.331001
380872862580, 0.344160, 0.330948
381522816270, 0.344101, 0.330892
382172769961, 0.344030, 0.330821
382822723651, 0.343968, 0.330768
383472677341, 0.343906, 0.330703
384122631032, 0.343839, 0.330646
384772584722, 0.343780, 0.330591
385422538413, 0.343718, 0.330522
386072492103, 0.343665, 0.330464
386722445793, 0.343602, 0.330403
387372399484, 0.343551, 0.330350
388022353174, 0.343502, 0.330300
388672306865, 0.343447, 0.330244
389322260555, 0.343386, 0.330181
389972214246, 0.343329, 0.330129
390622167936, 0.343270, 0.330068
391272121626, 0.343212, 0.330009
391922075317, 0.343164, 0.329957
392572029007, 0.343105, 0.329893
393221982698, 0.343051, 0.329843
393871936388, 0.343009, 0.329800
394521890078, 0.342948, 0.329743
395171843769, 0.342896, 0.329692
395821797459, 0.342845, 0.329637
396471751150, 0.342789, 0.329581
397121704840, 0.342740, 0.329531
397771658530, 0.342689, 0.329477
398421612221, 0.342647, 0.329437
399071565911, 0.342601, 0.329389
399721519602, 0.342552, 0.329333
400371473292, 0.342499, 0.329281
401021426982, 0.342457, 0.329238
401671380673, 0.342404, 0.329185
402321334363, 0.342342, 0.329126
402971288054, 0.342294, 0.329075
403621241744, 0.342252, 0.329030
404271195435, 0.342196, 0.328975
404921149125, 0.342159, 0.328940
405571102815, 0.342112, 0.328900
406221056506, 0.342061, 0.328848
406871010196, 0.342014, 0.328802
407520963887, 0.341962, 0.328748
408170917577, 0.341911, 0.328696
408820871267, 0.341853, 0.328639
409470824958, 0.341803, 0.328591
410120778648, 0.341756, 0.328541
410770732339, 0.341717, 0.328503
411420686029, 0.341667, 0.328456
412070639719, 0.341626, 0.328412
412720593410, 0.341584, 0.328371
413370547100, 0.341534, 0.328321
414020500791, 0.341488, 0.328274
414670454481, 0.341437, 0.328222
415320408171, 0.341391, 0.328178
415970361862, 0.341350, 0.328139
416620315552, 0.341304, 0.328095
417270269243, 0.341257, 0.328046
417920222933, 0.341205, 0.327993
418570176624, 0.341156, 0.327948
419220130314, 0.341103, 0.327898
419870084004, 0.341056, 0.327846
420520037695, 0.341011, 0.327801
421169991385, 0.340973, 0.327760
421819945076, 0.340919, 0.327704
422469898766, 0.340880, 0.327664
423119852456, 0.340838, 0.327624
423769806147, 0.340782, 0.327578
424419759837, 0.340746, 0.327537
425069713528, 0.340703, 0.327491
425719667218, 0.340656, 0.327448
426369620908, 0.340615, 0.327412
427019574599, 0.340574, 0.327376
427669528289, 0.340527, 0.327330
428319481980, 0.340488, 0.327287
428969435670, 0.340446, 0.327246
429619389361, 0.340411, 0.327210
430269343051, 0.340362, 0.327161
430919296741, 0.340322, 0.327123
431569250432, 0.340284, 0.327082
432219204122, 0.340242, 0.327043
432869157813, 0.340192, 0.326994
433519111503, 0.340144, 0.326946
434169065193, 0.340105, 0.326909
434819018884, 0.340067, 0.326871
435468972574, 0.340011, 0.326829
436118926265, 0.339967, 0.326788
436768879955, 0.339922, 0.326748
437418833645, 0.339887, 0.326710
438068787336, 0.339847, 0.326674
438718741026, 0.339798, 0.326633
439368694717, 0.339752, 0.326588
440018648407, 0.339716, 0.326548
440668602097, 0.339674, 0.326510
441318555788, 0.339627, 0.326464
441968509478, 0.339583, 0.326424
442618463169, 0.339545, 0.326382
443268416859, 0.339507, 0.326340
443918370550, 0.339469, 0.326303
444568324240, 0.339428, 0.326259
445218277930, 0.339397, 0.326228
445868231621, 0.339360, 0.326188
446518185311, 0.339325, 0.326151
447168139002, 0.339274, 0.326114
447818092692, 0.339231, 0.326079
448468046382, 0.339196, 0.326046
449118000073, 0.339169, 0.326015
449767953763, 0.339140, 0.325987
450417907454, 0.339104, 0.325952
451067861144, 0.339065, 0.325917
451717814834, 0.339030, 0.325881
452367768525, 0.338993, 0.325843
453017722215, 0.338947, 0.325804
453667675906, 0.338916, 0.325770
454317629596, 0.338884, 0.325740
454967583287, 0.338858, 0.325709
455617536977, 0.338824, 0.325676
456267490667, 0.338792, 0.325643
456917444358, 0.338753, 0.325603
457567398048, 0.338721, 0.325570
458217351739, 0.338691, 0.325543
458867305429, 0.338657, 0.325509
459517259119, 0.338623, 0.325478
460167212810, 0.338589, 0.325441
460817166500, 0.338559, 0.325411
461467120191, 0.338526, 0.325383
462117073881, 0.338493, 0.325348
462767027571, 0.338468, 0.325318
463416981262, 0.338433, 0.325286
464066934952, 0.338399, 0.325252
464716888643, 0.338361, 0.325213
465366842333, 0.338338, 0.325187
466016796023, 0.338311, 0.325158
466666749714, 0.338285, 0.325133
467316703404, 0.338252, 0.325098
467966657095, 0.338216, 0.325065
468616610785, 0.338182, 0.325038
469266564476, 0.338149, 0.325003
469916518166, 0.338117, 0.324969
470566471856, 0.338084, 0.324942
471216425547, 0.338057, 0.324913
471866379237, 0.338036, 0.324889
472516332928, 0.338009, 0.324863
473166286618, 0.337985, 0.324838
473816240308, 0.337959, 0.324809
474466193999, 0.337930, 0.324779
475116147689, 0.337892, 0.324750
475766101380, 0.337862, 0.324719
476416055070, 0.337841, 0.324698
477066008760, 0.337815, 0.324671
477715962451, 0.337787, 0.324641
478365916141, 0.337758, 0.324611
479015869832, 0.337723, 0.324580
479665823522, 0.337696, 0.324554
480315777212, 0.337656, 0.324517
480965730903, 0.337622, 0.324491
481615684593, 0.337570, 0.324463
482265638284, 0.337532, 0.324431
482915591974, 0.337501, 0.324400
483565545665, 0.337476, 0.324373
484215499355, 0.337453, 0.324352
484865453045, 0.337434, 0.324327
485515406736, 0.337403, 0.324295
486165360426, 0.337378, 0.324275
486815314117, 0.337349, 0.324243
487465267807, 0.337321, 0.324218
488115221497, 0.337295, 0.324191
488765175188, 0.337268, 0.324166
489415128878, 0.337243, 0.324139
490065082569, 0.337221, 0.324119
490715036259, 0.337195, 0.324092
491364989949, 0.337166, 0.324063
492014943640, 0.337135, 0.324034
492664897330, 0.337103, 0.324002
493314851021, 0.337081, 0.323980
493964804711, 0.337057, 0.323956
494614758402, 0.337028, 0.323929
495264712092, 0.337003, 0.323905
495914665782, 0.336978, 0.323882
496564619473, 0.336957, 0.323860
497214573163, 0.336929, 0.323835
497864526854, 0.336892, 0.323800
498514480544, 0.336861, 0.323775
499164434234, 0.336843, 0.323752
499814387925, 0.336821, 0.323731
500464341615, 0.336798, 0.323708
501114295306, 0.336774, 0.323688
501764248996, 0.336755, 0.323668
502414202686, 0.336716, 0.323634
503064156377, 0.336690, 0.323608
503714110067, 0.336676, 0.323591
504364063758, 0.336641, 0.323565
505014017448, 0.336620, 0.323548
505663971138, 0.336598, 0.323527
506313924829, 0.336573, 0.323502
506963878519, 0.336556, 0.323488
507613832210, 0.336528, 0.323461
508263785900, 0.336513, 0.323447
508913739591, 0.336489, 0.323424
509563693281, 0.336466, 0.323404
510213646971, 0.336442, 0.323384
510863600662, 0.336427, 0.323367
511513554352, 0.336402, 0.323342
512163508043, 0.336386, 0.323328
512813461733, 0.336351, 0.323304
513463415423, 0.336328, 0.323282
514113369114, 0.336300, 0.323258
514763322804, 0.336287, 0.323242
515413276495, 0.336274, 0.323229
516063230185, 0.336256, 0.323213
516713183875, 0.336241, 0.323198
517363137566, 0.336217, 0.323174
518013091256, 0.336199, 0.323155
518663044947, 0.336182, 0.323136
519312998637, 0.336167, 0.323115
519962952328, 0.336145, 0.323094
520612906018, 0.336125, 0.323071
521262859708, 0.336108, 0.323055
521912813399, 0.336087, 0.323036
522562767089, 0.336069, 0.323021
523212720780, 0.336052, 0.323005
523862674470, 0.336036, 0.322988
524512628160, 0.336022, 0.322975
525162581851, 0.336006, 0.322959
525812535541, 0.335992, 0.322942
526462489232, 0.335963, 0.322915
527112442922, 0.335947, 0.322901
527762396612, 0.335931, 0.322884
528412350303, 0.335913, 0.322867
529062303993, 0.335901, 0.322852
529712257684, 0.335878, 0.322830
530362211374, 0.335862, 0.322815
531012165064, 0.335838, 0.322795
531662118755, 0.335819, 0.322778
532312072445, 0.335805, 0.322762
532962026136, 0.335781, 0.322743
533611979826, 0.335763, 0.322723
534261933517, 0.335752, 0.322710
534911887207, 0.335736, 0.322696
535561840897, 0.335720, 0.322681
536211794588, 0.335710, 0.322669
536861748278, 0.335694, 0.322652
537511701969, 0.335670, 0.322629
538161655659, 0.335647, 0.322610
538811609349, 0.335633, 0.322595
539461563040, 0.335615, 0.322578
540111516730, 0.335595, 0.322559
540761470421, 0.335567, 0.322538
541411424111, 0.335556, 0.322527
542061377801, 0.335537, 0.322506
542711331492, 0.335523, 0.322490
543361285182, 0.335505, 0.322470
544011238873, 0.335495, 0.322461
544661192563, 0.335479, 0.322449
545311146253, 0.335463, 0.322433
545961099944, 0.335454, 0.322422
546611053634, 0.335442, 0.322408
547261007325, 0.335421, 0.322384
547910961015, 0.335400, 0.322370
548560914706, 0.335385, 0.322357
549210868396, 0.335373, 0.322345
549860822086, 0.335354, 0.322326
550510775777, 0.335339, 0.322312
551160729467, 0.335327, 0.322300
551810683158, 0.335314, 0.322287
552460636848, 0.335300, 0.322273
553110590538, 0.335286, 0.322259
553760544229, 0.335266, 0.322243
554410497919, 0.335249, 0.322228
555060451610, 0.335237, 0.322214
555710405300, 0.335224, 0.322202
556360358990, 0.335214, 0.322191
557010312681, 0.335202, 0.322179
557660266371, 0.335191, 0.322166
558310220062, 0.335177, 0.322153
558960173752, 0.335165, 0.322141
559610127443, 0.335157, 0.322134
560260081133, 0.335145, 0.322122
560910034823, 0.335127, 0.322106
561559988514, 0.335112, 0.322096
562209942204, 0.335102, 0.322087
562859895895, 0.335080, 0.322070
563509849585, 0.335069, 0.322059
564159803275, 0.335052, 0.322044
564809756966, 0.335041, 0.322033
565459710656, 0.335032, 0.322023
566109664347, 0.335022, 0.322014
566759618037, 0.335013, 0.322004
567409571727, 0.335005, 0.321995
568059525418, 0.334993, 0.321985
568709479108, 0.334980, 0.321970
569359432799, 0.334969, 0.321958
570009386489, 0.334960, 0.321948
570659340179, 0.334955, 0.321943
571309293870, 0.334944, 0.321929
571959247560, 0.334934, 0.321918
572609201251, 0.334918, 0.321906
573259154941, 0.334906, 0.321894
573909108632, 0.334890, 0.321882
574559062322, 0.334880, 0.321872
575209016012, 0.334874, 0.321866
575858969703, 0.334868, 0.321859
576508923393, 0.334863, 0.321855
577158877084, 0.334854, 0.321845
577808830774, 0.334849, 0.321838
578458784464, 0.334846, 0.321836
579108738155, 0.334837, 0.321828
579758691845, 0.334828, 0.321819
580408645536, 0.334819, 0.321809
581058599226, 0.334812, 0.321801
581708552916, 0.334800, 0.321790
582358506607, 0.334793, 0.321784
583008460297, 0.334781, 0.321775
583658413988, 0.334772, 0.321767
584308367678, 0.334763, 0.321760
584958321369, 0.334756, 0.321754
585608275059, 0.334744, 0.321741
586258228749, 0.334735, 0.321732
586908182440, 0.334725, 0.321722
587558136130, 0.334709, 0.321706
588208089821, 0.334701, 0.321698
588858043511, 0.334693, 0.321691
589507997201, 0.334690, 0.321687
590157950892, 0.334680, 0.321676
590807904582, 0.334672, 0.321667
591457858273, 0.334666, 0.321662
592107811963, 0.334655, 0.321652
592757765653, 0.334649, 0.321645
593407719344, 0.334641, 0.321635
594057673034, 0.334637, 0.321631
594707626725, 0.334632, 0.321625
595357580415, 0.334628, 0.321621
596007534105, 0.334619, 0.321611
596657487796, 0.334613, 0.321605
597307441486, 0.334608, 0.321601
597957395177, 0.334601, 0.321594
598607348867, 0.334596, 0.321588
599257302558, 0.334588, 0.321580
599907256248, 0.334577, 0.321570
600557209938, 0.334573, 0.321566
601207163629, 0.334566, 0.321559
601857117319, 0.334562, 0.321555
602507071010, 0.334558, 0.321550
603157024700, 0.334552, 0.321543
603806978390, 0.334545, 0.321536
604456932081, 0.334542, 0.321534
605106885771, 0.334539, 0.321530
605756839462, 0.334531, 0.321522
606406793152, 0.334527, 0.321517
607056746842, 0.334520, 0.321510
607706700533, 0.334511, 0.321506
608356654223, 0.334505, 0.321500
609006607914, 0.334500, 0.321494
609656561604, 0.334494, 0.321490
610306515294, 0.334492, 0.321487
610956468985, 0.334489, 0.321483
611606422675, 0.334485, 0.321480
612256376366, 0.334480, 0.321475
612906330056, 0.334474, 0.321469
613556283747, 0.334472, 0.321467
614206237437, 0.334468, 0.321463
614856191127, 0.334465, 0.321460
615506144818, 0.334465, 0.321459
616156098508, 0.334457, 0.321452
616806052199, 0.334454, 0.321450
617456005889, 0.334444, 0.321443
618105959579, 0.334437, 0.321437
618755913270, 0.334432, 0.321431
619405866960, 0.334424, 0.321426
620055820651, 0.334422, 0.321424
620705774341, 0.334418, 0.321420
621355728031, 0.334415, 0.321418
622005681722, 0.334411, 0.321415
622655635412, 0.334408, 0.321412
623305589103, 0.334403, 0.321408
623955542793, 0.334400, 0.321404
624605496484, 0.334396, 0.321401
625255450174, 0.334391, 0.321396
625905403864, 0.334387, 0.321392
626555357555, 0.334382, 0.321386
627205311245, 0.334381, 0.321386
627855264936, 0.334380, 0.321384
628505218626, 0.334378, 0.321381
629155172316, 0.334375, 0.321378
629805126007, 0.334374, 0.321376
630455079697, 0.334372, 0.321375
631105033388, 0.334366, 0.321371
631754987078, 0.334364, 0.321369
632404940768, 0.334359, 0.321365
633054894459, 0.334354, 0.321360
633704848149, 0.334352, 0.321359
634354801840, 0.334350, 0.321356
635004755530, 0.334347, 0.321352
635654709220, 0.334345, 0.321350
636304662911, 0.334343, 0.321348
636954616601, 0.334341, 0.321347
637604570292, 0.334339, 0.321345
638254523982, 0.334337, 0.321343
638904477673, 0.334333, 0.321339
639554431363, 0.334332, 0.321338
640204385053, 0.334332, 0.321338
640854338744, 0.334331, 0.321337
641504292434, 0.334330, 0.321336
642154246125, 0.334329, 0.321335
642804199815, 0.334329, 0.321335
643454153505, 0.334329, 0.321335
644104107196, 0.334328, 0.321333
644754060886, 0.334327, 0.321332
645404014577, 0.334324, 0.321331
646053968267, 0.334324, 0.321331
646703921957, 0.334323, 0.321330
647353875648, 0.334323, 0.321330
648003829338, 0.334323, 0.321330
648653783029, 0.334322, 0.321328
649303736719, 0.334322, 0.321328
649953690410, 0.334322, 0.321328
Time used: 4120 ms
