logging to /opt/shards_res_1000/2016020300-2016020400_unique/tenant_6_profile_res-FIX_RATE-SHARDS-0.01.csvtracefile: /data1/tenant_trace/2016020300-2016020400_unique/tenant_6_trace
open file /data1/tenant_trace/2016020300-2016020400_unique/tenant_6_trace
read 1000000 lines
read 2000000 lines
read 3000000 lines
read 4000000 lines
read 5000000 lines
read 6000000 lines
read 7000000 lines
read 8000000 lines
read 9000000 lines
read 10000000 lines
read 11000000 lines
read 12000000 lines
read 13000000 lines
read 14000000 lines
read 15000000 lines
read 16000000 lines
read 17000000 lines
read 18000000 lines
read 19000000 lines
read 20000000 lines
read 21000000 lines
read 22000000 lines
read 23000000 lines
read 24000000 lines
read 25000000 lines
read 26000000 lines
read 27000000 lines
read 28000000 lines
read 29000000 lines
read 30000000 lines
read 31000000 lines
read 32000000 lines
read 33000000 lines
read 34000000 lines
read 35000000 lines
read 36000000 lines
read 37000000 lines
read 38000000 lines
read 39000000 lines
read 40000000 lines
read 41000000 lines
read 42000000 lines
read 43000000 lines
read 44000000 lines
read 45000000 lines
read 46000000 lines
read 47000000 lines
read 48000000 lines
read 49000000 lines
read 50000000 lines
read 51000000 lines
read 52000000 lines
read 53000000 lines
read 54000000 lines
read 55000000 lines
read 56000000 lines
read 57000000 lines
read 58000000 lines
read 59000000 lines
read 60000000 lines
read 61000000 lines
read 62000000 lines
read 63000000 lines
read 64000000 lines
read 65000000 lines
read 66000000 lines
read 67000000 lines
read 68000000 lines
read 69000000 lines
read 70000000 lines
read 71000000 lines
read 72000000 lines
read 73000000 lines
read 74000000 lines
read 75000000 lines
read 76000000 lines
read 77000000 lines
read 78000000 lines
read 79000000 lines
read 80000000 lines
read 81000000 lines
read 82000000 lines
read 83000000 lines
read 84000000 lines
read 85000000 lines
read 86000000 lines
read 87000000 lines
read 88000000 lines
read 89000000 lines
read 90000000 lines
read 91000000 lines
read 92000000 lines
[FILE]: /data1/tenant_trace/2016020300-2016020400_unique/tenant_6_trace
total_access_num: 92233935
total_access_size: 10210635723071
unique_access_num: 34389173
unique_access_size: 2956107263185
min_item_size: 1
[method]: SHARDS
[metric]: MAE
[seed]: 42
[sample_method]: FIX_RATE
[sample_metric]: 0.01
MAEQ_factor: 1.029161
cache_size, BMRC_ratio, OMRC_ratio
2956107263, 0.848980, 0.909090
5912214526, 0.814659, 0.883046
8868321789, 0.789048, 0.862720
11824429052, 0.767469, 0.845455
14780536315, 0.749214, 0.830432
17736643579, 0.733656, 0.817283
20692750842, 0.719600, 0.805707
23648858105, 0.706429, 0.794828
26604965368, 0.694817, 0.784771
29561072631, 0.684560, 0.775380
32517179895, 0.674286, 0.766553
35473287158, 0.665275, 0.758339
38429394421, 0.657519, 0.750651
41385501684, 0.650132, 0.743390
44341608947, 0.642778, 0.736366
47297716210, 0.635973, 0.729661
50253823474, 0.628855, 0.723147
53209930737, 0.622409, 0.717206
56166038000, 0.616083, 0.711331
59122145263, 0.610333, 0.705807
62078252526, 0.604759, 0.700240
65034359790, 0.599586, 0.695134
67990467053, 0.594610, 0.690143
70946574316, 0.589484, 0.685302
73902681579, 0.584879, 0.680532
76858788842, 0.580433, 0.676067
79814896105, 0.576232, 0.671801
82771003369, 0.571598, 0.667465
85727110632, 0.567235, 0.663347
88683217895, 0.563393, 0.659384
91639325158, 0.559786, 0.655489
94595432421, 0.555994, 0.651668
97551539685, 0.552498, 0.647967
100507646948, 0.548987, 0.644411
103463754211, 0.545819, 0.641070
106419861474, 0.542482, 0.637693
109375968737, 0.538974, 0.634421
112332076001, 0.535639, 0.631152
115288183264, 0.532290, 0.627976
118244290527, 0.529243, 0.624942
121200397790, 0.526003, 0.622032
124156505053, 0.523246, 0.619022
127112612316, 0.520550, 0.616154
130068719580, 0.517944, 0.613296
133024826843, 0.515209, 0.610466
135980934106, 0.512584, 0.607791
138937041369, 0.510034, 0.605161
141893148632, 0.507720, 0.602661
144849255896, 0.505362, 0.600209
147805363159, 0.502868, 0.597726
150761470422, 0.500388, 0.595296
153717577685, 0.498035, 0.592901
156673684948, 0.495775, 0.590582
159629792211, 0.493518, 0.588279
162585899475, 0.491022, 0.586021
165542006738, 0.488761, 0.583859
168498114001, 0.486666, 0.581697
171454221264, 0.484745, 0.579616
174410328527, 0.482554, 0.577518
177366435791, 0.480397, 0.575476
180322543054, 0.478614, 0.573508
183278650317, 0.476743, 0.571548
186234757580, 0.474888, 0.569710
189190864843, 0.472922, 0.567792
192146972107, 0.471091, 0.565906
195103079370, 0.469429, 0.564111
198059186633, 0.467746, 0.562283
201015293896, 0.466017, 0.560540
203971401159, 0.464454, 0.558805
206927508422, 0.462791, 0.557111
209883615686, 0.461350, 0.555448
212839722949, 0.459780, 0.553800
215795830212, 0.457920, 0.552220
218751937475, 0.456242, 0.550616
221708044738, 0.454631, 0.549015
224664152002, 0.453304, 0.547458
227620259265, 0.451915, 0.545902
230576366528, 0.450362, 0.544371
233532473791, 0.449031, 0.542851
236488581054, 0.447543, 0.541294
239444688317, 0.446224, 0.539795
242400795581, 0.444821, 0.538379
245356902844, 0.443432, 0.536995
248313010107, 0.442018, 0.535540
251269117370, 0.440808, 0.534177
254225224633, 0.439636, 0.532893
257181331897, 0.438285, 0.531510
260137439160, 0.437003, 0.530109
263093546423, 0.435830, 0.528787
266049653686, 0.434667, 0.527494
269005760949, 0.433418, 0.526197
271961868213, 0.432094, 0.524939
274917975476, 0.431021, 0.523720
277874082739, 0.429834, 0.522511
280830190002, 0.428777, 0.521335
283786297265, 0.427482, 0.520114
286742404528, 0.426401, 0.518983
289698511792, 0.425455, 0.517878
292654619055, 0.424495, 0.516792
295610726318, 0.423261, 0.515636
298566833581, 0.422076, 0.514489
301522940844, 0.420964, 0.513369
304479048108, 0.419963, 0.512352
307435155371, 0.419034, 0.511258
310391262634, 0.418052, 0.510223
313347369897, 0.417090, 0.509224
316303477160, 0.416162, 0.508251
319259584423, 0.415271, 0.507240
322215691687, 0.414151, 0.506176
325171798950, 0.413226, 0.505129
328127906213, 0.412204, 0.504138
331084013476, 0.411143, 0.503098
334040120739, 0.410309, 0.502168
336996228003, 0.409471, 0.501283
339952335266, 0.408524, 0.500404
342908442529, 0.407611, 0.499460
345864549792, 0.406820, 0.498550
348820657055, 0.405890, 0.497649
351776764319, 0.404969, 0.496744
354732871582, 0.404206, 0.495914
357688978845, 0.403307, 0.494988
360645086108, 0.402445, 0.494097
363601193371, 0.401701, 0.493200
366557300634, 0.400901, 0.492317
369513407898, 0.400185, 0.491507
372469515161, 0.399481, 0.490682
375425622424, 0.398764, 0.489868
378381729687, 0.397907, 0.489030
381337836950, 0.397170, 0.488166
384293944214, 0.396336, 0.487384
387250051477, 0.395637, 0.486560
390206158740, 0.394937, 0.485831
393162266003, 0.394241, 0.485052
396118373266, 0.393498, 0.484249
399074480529, 0.392777, 0.483484
402030587793, 0.392119, 0.482763
404986695056, 0.391392, 0.482029
407942802319, 0.390716, 0.481287
410898909582, 0.389963, 0.480523
413855016845, 0.389236, 0.479757
416811124109, 0.388568, 0.479058
419767231372, 0.387838, 0.478335
422723338635, 0.387023, 0.477584
425679445898, 0.386464, 0.476915
428635553161, 0.385887, 0.476246
431591660425, 0.385210, 0.475579
434547767688, 0.384634, 0.474914
437503874951, 0.383877, 0.474225
440459982214, 0.383215, 0.473569
443416089477, 0.382650, 0.472968
446372196740, 0.382036, 0.472271
449328304004, 0.381541, 0.471657
452284411267, 0.380996, 0.471027
455240518530, 0.380470, 0.470385
458196625793, 0.379770, 0.469747
461152733056, 0.379269, 0.469137
464108840320, 0.378604, 0.468443
467064947583, 0.377931, 0.467819
470021054846, 0.377332, 0.467236
472977162109, 0.376753, 0.466632
475933269372, 0.376269, 0.466069
478889376635, 0.375630, 0.465430
481845483899, 0.375159, 0.464830
484801591162, 0.374479, 0.464299
487757698425, 0.373777, 0.463735
490713805688, 0.373244, 0.463140
493669912951, 0.372753, 0.462619
496626020215, 0.372327, 0.462038
499582127478, 0.371799, 0.461490
502538234741, 0.371332, 0.460912
505494342004, 0.370821, 0.460375
508450449267, 0.370397, 0.459881
511406556531, 0.369883, 0.459343
514362663794, 0.369442, 0.458798
517318771057, 0.368839, 0.458260
520274878320, 0.368308, 0.457729
523230985583, 0.367799, 0.457150
526187092846, 0.367208, 0.456640
529143200110, 0.366695, 0.456159
532099307373, 0.366109, 0.455617
535055414636, 0.365655, 0.455129
538011521899, 0.364999, 0.454594
540967629162, 0.364509, 0.454137
543923736426, 0.364090, 0.453630
546879843689, 0.363718, 0.453174
549835950952, 0.363330, 0.452698
552792058215, 0.362714, 0.452184
555748165478, 0.362421, 0.451768
558704272741, 0.362043, 0.451303
561660380005, 0.361606, 0.450840
564616487268, 0.361196, 0.450351
567572594531, 0.360813, 0.449886
570528701794, 0.360318, 0.449415
573484809057, 0.359914, 0.448939
576440916321, 0.359496, 0.448467
579397023584, 0.359102, 0.448004
582353130847, 0.358626, 0.447553
585309238110, 0.358165, 0.447096
588265345373, 0.357795, 0.446667
591221452637, 0.357335, 0.446193
594177559900, 0.356893, 0.445754
597133667163, 0.356430, 0.445289
600089774426, 0.355962, 0.444831
603045881689, 0.355495, 0.444455
606001988952, 0.355151, 0.444064
608958096216, 0.354618, 0.443609
611914203479, 0.354304, 0.443205
614870310742, 0.353880, 0.442794
617826418005, 0.353556, 0.442386
620782525268, 0.353164, 0.441955
623738632532, 0.352780, 0.441552
626694739795, 0.352431, 0.441141
629650847058, 0.352116, 0.440761
632606954321, 0.351766, 0.440365
635563061584, 0.351312, 0.439989
638519168847, 0.350943, 0.439603
641475276111, 0.350551, 0.439243
644431383374, 0.350209, 0.438884
647387490637, 0.349791, 0.438470
650343597900, 0.349497, 0.438117
653299705163, 0.349168, 0.437756
656255812427, 0.348789, 0.437327
659211919690, 0.348360, 0.436948
662168026953, 0.348087, 0.436604
665124134216, 0.347808, 0.436258
668080241479, 0.347454, 0.435866
671036348742, 0.347151, 0.435478
673992456006, 0.346909, 0.435123
676948563269, 0.346583, 0.434776
679904670532, 0.346195, 0.434439
682860777795, 0.345829, 0.434089
685816885058, 0.345498, 0.433718
688772992322, 0.345147, 0.433355
691729099585, 0.344792, 0.433035
694685206848, 0.344541, 0.432719
697641314111, 0.344256, 0.432370
700597421374, 0.343912, 0.431995
703553528638, 0.343550, 0.431644
706509635901, 0.343286, 0.431314
709465743164, 0.342928, 0.430964
712421850427, 0.342629, 0.430593
715377957690, 0.342225, 0.430243
718334064953, 0.341960, 0.429910
721290172217, 0.341637, 0.429578
724246279480, 0.341399, 0.429260
727202386743, 0.341168, 0.428953
730158494006, 0.340870, 0.428663
733114601269, 0.340533, 0.428335
736070708533, 0.340246, 0.428058
739026815796, 0.339876, 0.427772
741982923059, 0.339554, 0.427474
744939030322, 0.339305, 0.427189
747895137585, 0.338970, 0.426861
750851244848, 0.338718, 0.426592
753807352112, 0.338463, 0.426296
756763459375, 0.338128, 0.425980
759719566638, 0.337826, 0.425683
762675673901, 0.337610, 0.425411
765631781164, 0.337368, 0.425130
768587888428, 0.337091, 0.424846
771543995691, 0.336824, 0.424571
774500102954, 0.336605, 0.424274
777456210217, 0.336277, 0.423954
780412317480, 0.336025, 0.423677
783368424744, 0.335769, 0.423391
786324532007, 0.335474, 0.423105
789280639270, 0.335205, 0.422824
792236746533, 0.334985, 0.422541
795192853796, 0.334724, 0.422270
798148961059, 0.334520, 0.422006
801105068323, 0.334268, 0.421746
804061175586, 0.334086, 0.421494
807017282849, 0.333848, 0.421228
809973390112, 0.333573, 0.420965
812929497375, 0.333375, 0.420716
815885604639, 0.333172, 0.420428
818841711902, 0.332943, 0.420155
821797819165, 0.332751, 0.419920
824753926428, 0.332594, 0.419681
827710033691, 0.332409, 0.419431
830666140954, 0.332200, 0.419159
833622248218, 0.331935, 0.418921
836578355481, 0.331727, 0.418676
839534462744, 0.331431, 0.418411
842490570007, 0.331220, 0.418153
845446677270, 0.331062, 0.417911
848402784534, 0.330873, 0.417696
851358891797, 0.330607, 0.417463
854314999060, 0.330445, 0.417252
857271106323, 0.330191, 0.417017
860227213586, 0.330006, 0.416807
863183320850, 0.329824, 0.416587
866139428113, 0.329639, 0.416352
869095535376, 0.329436, 0.416098
872051642639, 0.329261, 0.415872
875007749902, 0.329085, 0.415626
877963857165, 0.328917, 0.415411
880919964429, 0.328646, 0.415176
883876071692, 0.328471, 0.414970
886832178955, 0.328268, 0.414744
889788286218, 0.328110, 0.414525
892744393481, 0.327890, 0.414290
895700500745, 0.327683, 0.414069
898656608008, 0.327453, 0.413864
901612715271, 0.327268, 0.413647
904568822534, 0.327012, 0.413426
907524929797, 0.326774, 0.413204
910481037060, 0.326553, 0.413003
913437144324, 0.326377, 0.412770
916393251587, 0.326229, 0.412560
919349358850, 0.326013, 0.412318
922305466113, 0.325864, 0.412087
925261573376, 0.325682, 0.411853
928217680640, 0.325433, 0.411664
931173787903, 0.325228, 0.411458
934129895166, 0.324964, 0.411263
937086002429, 0.324766, 0.411054
940042109692, 0.324604, 0.410862
942998216956, 0.324405, 0.410661
945954324219, 0.324231, 0.410455
948910431482, 0.324072, 0.410255
951866538745, 0.323838, 0.410067
954822646008, 0.323680, 0.409869
957778753271, 0.323503, 0.409681
960734860535, 0.323329, 0.409501
963690967798, 0.323169, 0.409309
966647075061, 0.322994, 0.409110
969603182324, 0.322871, 0.408918
972559289587, 0.322705, 0.408729
975515396851, 0.322557, 0.408522
978471504114, 0.322385, 0.408328
981427611377, 0.322189, 0.408143
984383718640, 0.322062, 0.407973
987339825903, 0.321896, 0.407783
990295933166, 0.321665, 0.407602
993252040430, 0.321542, 0.407402
996208147693, 0.321370, 0.407227
999164254956, 0.321215, 0.407067
1002120362219, 0.321049, 0.406915
1005076469482, 0.320890, 0.406753
1008032576746, 0.320781, 0.406578
1010988684009, 0.320630, 0.406391
1013944791272, 0.320476, 0.406216
1016900898535, 0.320349, 0.406038
1019857005798, 0.320177, 0.405843
1022813113062, 0.319977, 0.405664
1025769220325, 0.319819, 0.405498
1028725327588, 0.319670, 0.405341
1031681434851, 0.319491, 0.405166
1034637542114, 0.319376, 0.405013
1037593649377, 0.319231, 0.404852
1040549756641, 0.319019, 0.404691
1043505863904, 0.318897, 0.404540
1046461971167, 0.318732, 0.404347
1049418078430, 0.318623, 0.404195
1052374185693, 0.318481, 0.404036
1055330292957, 0.318239, 0.403859
1058286400220, 0.318122, 0.403724
1061242507483, 0.318013, 0.403564
1064198614746, 0.317860, 0.403399
1067154722009, 0.317757, 0.403245
1070110829272, 0.317586, 0.403096
1073066936536, 0.317443, 0.402934
1076023043799, 0.317327, 0.402800
1078979151062, 0.317123, 0.402631
1081935258325, 0.316985, 0.402465
1084891365588, 0.316804, 0.402307
1087847472852, 0.316713, 0.402171
1090803580115, 0.316611, 0.402032
1093759687378, 0.316495, 0.401903
1096715794641, 0.316359, 0.401770
1099671901904, 0.316233, 0.401629
1102628009168, 0.316103, 0.401499
1105584116431, 0.315988, 0.401359
1108540223694, 0.315850, 0.401208
1111496330957, 0.315731, 0.401064
1114452438220, 0.315640, 0.400924
1117408545483, 0.315501, 0.400785
1120364652747, 0.315416, 0.400648
1123320760010, 0.315316, 0.400512
1126276867273, 0.315238, 0.400389
1129232974536, 0.315111, 0.400239
1132189081799, 0.315018, 0.400118
1135145189063, 0.314917, 0.399980
1138101296326, 0.314768, 0.399838
1141057403589, 0.314673, 0.399702
1144013510852, 0.314580, 0.399560
1146969618115, 0.314478, 0.399428
1149925725378, 0.314370, 0.399312
1152881832642, 0.314215, 0.399170
1155837939905, 0.314016, 0.399021
1158794047168, 0.313891, 0.398886
1161750154431, 0.313773, 0.398750
1164706261694, 0.313633, 0.398608
1167662368958, 0.313508, 0.398490
1170618476221, 0.313386, 0.398380
1173574583484, 0.313261, 0.398254
1176530690747, 0.313116, 0.398122
1179486798010, 0.313006, 0.397987
1182442905274, 0.312885, 0.397863
1185399012537, 0.312760, 0.397733
1188355119800, 0.312676, 0.397605
1191311227063, 0.312602, 0.397485
1194267334326, 0.312506, 0.397373
1197223441589, 0.312396, 0.397249
1200179548853, 0.312272, 0.397146
1203135656116, 0.312145, 0.397038
1206091763379, 0.311997, 0.396909
1209047870642, 0.311898, 0.396787
1212003977905, 0.311784, 0.396668
1214960085169, 0.311620, 0.396533
1217916192432, 0.311524, 0.396411
1220872299695, 0.311469, 0.396317
1223828406958, 0.311404, 0.396199
1226784514221, 0.311321, 0.396086
1229740621484, 0.311233, 0.395975
1232696728748, 0.311072, 0.395880
1235652836011, 0.310975, 0.395758
1238608943274, 0.310870, 0.395630
1241565050537, 0.310793, 0.395516
1244521157800, 0.310728, 0.395413
1247477265064, 0.310665, 0.395308
1250433372327, 0.310560, 0.395200
1253389479590, 0.310495, 0.395096
1256345586853, 0.310362, 0.395001
1259301694116, 0.310266, 0.394879
1262257801379, 0.310176, 0.394765
1265213908643, 0.310107, 0.394661
1268170015906, 0.310036, 0.394556
1271126123169, 0.309982, 0.394462
1274082230432, 0.309787, 0.394351
1277038337695, 0.309651, 0.394239
1279994444959, 0.309565, 0.394132
1282950552222, 0.309458, 0.394023
1285906659485, 0.309394, 0.393917
1288862766748, 0.309322, 0.393810
1291818874011, 0.309237, 0.393706
1294774981275, 0.309115, 0.393597
1297731088538, 0.309022, 0.393492
1300687195801, 0.308866, 0.393384
1303643303064, 0.308801, 0.393289
1306599410327, 0.308697, 0.393193
1309555517590, 0.308609, 0.393097
1312511624854, 0.308469, 0.392989
1315467732117, 0.308329, 0.392901
1318423839380, 0.308238, 0.392813
1321379946643, 0.308162, 0.392703
1324336053906, 0.308095, 0.392617
1327292161170, 0.308044, 0.392530
1330248268433, 0.307948, 0.392438
1333204375696, 0.307865, 0.392362
1336160482959, 0.307818, 0.392277
1339116590222, 0.307670, 0.392169
1342072697485, 0.307598, 0.392078
1345028804749, 0.307504, 0.391968
1347984912012, 0.307403, 0.391858
1350941019275, 0.307327, 0.391759
1353897126538, 0.307277, 0.391673
1356853233801, 0.307204, 0.391586
1359809341065, 0.307083, 0.391478
1362765448328, 0.307006, 0.391401
1365721555591, 0.306821, 0.391301
1368677662854, 0.306768, 0.391226
1371633770117, 0.306718, 0.391144
1374589877381, 0.306633, 0.391062
1377545984644, 0.306542, 0.390950
1380502091907, 0.306454, 0.390860
1383458199170, 0.306362, 0.390778
1386414306433, 0.306252, 0.390673
1389370413696, 0.306113, 0.390595
1392326520960, 0.306050, 0.390507
1395282628223, 0.305984, 0.390396
1398238735486, 0.305914, 0.390302
1401194842749, 0.305854, 0.390212
1404150950012, 0.305798, 0.390133
1407107057276, 0.305740, 0.390046
1410063164539, 0.305695, 0.389978
1413019271802, 0.305608, 0.389885
1415975379065, 0.305540, 0.389800
1418931486328, 0.305459, 0.389708
1421887593591, 0.305394, 0.389613
1424843700855, 0.305347, 0.389531
1427799808118, 0.305288, 0.389442
1430755915381, 0.305216, 0.389361
1433712022644, 0.305162, 0.389282
1436668129907, 0.305081, 0.389188
1439624237171, 0.305020, 0.389107
1442580344434, 0.304830, 0.389011
1445536451697, 0.304782, 0.388939
1448492558960, 0.304723, 0.388860
1451448666223, 0.304682, 0.388790
1454404773487, 0.304603, 0.388700
1457360880750, 0.304531, 0.388634
1460316988013, 0.304427, 0.388549
1463273095276, 0.304362, 0.388466
1466229202539, 0.304255, 0.388381
1469185309802, 0.304190, 0.388311
1472141417066, 0.304142, 0.388243
1475097524329, 0.304053, 0.388161
1478053631592, 0.303990, 0.388070
1481009738855, 0.303941, 0.387991
1483965846118, 0.303831, 0.387919
1486921953382, 0.303726, 0.387854
1489878060645, 0.303662, 0.387784
1492834167908, 0.303605, 0.387707
1495790275171, 0.303514, 0.387628
1498746382434, 0.303456, 0.387559
1501702489697, 0.303398, 0.387490
1504658596961, 0.303339, 0.387426
1507614704224, 0.303237, 0.387348
1510570811487, 0.303163, 0.387271
1513526918750, 0.303120, 0.387217
1516483026013, 0.303045, 0.387144
1519439133277, 0.302982, 0.387089
1522395240540, 0.302924, 0.387019
1525351347803, 0.302835, 0.386941
1528307455066, 0.302788, 0.386876
1531263562329, 0.302742, 0.386818
1534219669593, 0.302687, 0.386745
1537175776856, 0.302618, 0.386679
1540131884119, 0.302563, 0.386613
1543087991382, 0.302456, 0.386534
1546044098645, 0.302366, 0.386470
1549000205908, 0.302283, 0.386390
1551956313172, 0.302235, 0.386309
1554912420435, 0.302171, 0.386237
1557868527698, 0.302109, 0.386177
1560824634961, 0.302016, 0.386106
1563780742224, 0.301953, 0.386026
1566736849488, 0.301906, 0.385968
1569692956751, 0.301813, 0.385908
1572649064014, 0.301768, 0.385847
1575605171277, 0.301708, 0.385790
1578561278540, 0.301644, 0.385718
1581517385803, 0.301613, 0.385663
1584473493067, 0.301513, 0.385583
1587429600330, 0.301456, 0.385518
1590385707593, 0.301404, 0.385456
1593341814856, 0.301356, 0.385390
1596297922119, 0.301286, 0.385328
1599254029383, 0.301206, 0.385269
1602210136646, 0.301150, 0.385195
1605166243909, 0.301094, 0.385135
1608122351172, 0.301055, 0.385063
1611078458435, 0.301002, 0.384990
1614034565699, 0.300948, 0.384917
1616990672962, 0.300913, 0.384862
1619946780225, 0.300873, 0.384800
1622902887488, 0.300801, 0.384739
1625858994751, 0.300752, 0.384679
1628815102014, 0.300708, 0.384618
1631771209278, 0.300649, 0.384541
1634727316541, 0.300511, 0.384476
1637683423804, 0.300455, 0.384403
1640639531067, 0.300415, 0.384341
1643595638330, 0.300364, 0.384285
1646551745594, 0.300301, 0.384221
1649507852857, 0.300253, 0.384158
1652463960120, 0.300203, 0.384089
1655420067383, 0.300172, 0.384035
1658376174646, 0.300142, 0.383981
1661332281909, 0.300081, 0.383916
1664288389173, 0.300025, 0.383853
1667244496436, 0.299988, 0.383798
1670200603699, 0.299911, 0.383734
1673156710962, 0.299862, 0.383683
1676112818225, 0.299810, 0.383626
1679068925489, 0.299764, 0.383566
1682025032752, 0.299723, 0.383510
1684981140015, 0.299631, 0.383450
1687937247278, 0.299579, 0.383399
1690893354541, 0.299466, 0.383340
1693849461805, 0.299403, 0.383286
1696805569068, 0.299320, 0.383233
1699761676331, 0.299287, 0.383179
1702717783594, 0.299252, 0.383128
1705673890857, 0.299171, 0.383076
1708629998120, 0.299123, 0.383011
1711586105384, 0.299074, 0.382959
1714542212647, 0.299032, 0.382904
1717498319910, 0.298992, 0.382853
1720454427173, 0.298948, 0.382788
1723410534436, 0.298842, 0.382740
1726366641700, 0.298812, 0.382697
1729322748963, 0.298743, 0.382659
1732278856226, 0.298706, 0.382597
1735234963489, 0.298677, 0.382540
1738191070752, 0.298636, 0.382482
1741147178015, 0.298593, 0.382434
1744103285279, 0.298556, 0.382380
1747059392542, 0.298517, 0.382321
1750015499805, 0.298495, 0.382281
1752971607068, 0.298454, 0.382210
1755927714331, 0.298430, 0.382169
1758883821595, 0.298401, 0.382119
1761839928858, 0.298365, 0.382065
1764796036121, 0.298330, 0.382011
1767752143384, 0.298287, 0.381965
1770708250647, 0.298235, 0.381926
1773664357911, 0.298193, 0.381873
1776620465174, 0.298164, 0.381830
1779576572437, 0.298128, 0.381782
1782532679700, 0.298090, 0.381732
1785488786963, 0.298050, 0.381689
1788444894226, 0.297986, 0.381644
1791401001490, 0.297954, 0.381586
1794357108753, 0.297916, 0.381535
1797313216016, 0.297852, 0.381493
1800269323279, 0.297786, 0.381441
1803225430542, 0.297754, 0.381392
1806181537806, 0.297724, 0.381348
1809137645069, 0.297688, 0.381307
1812093752332, 0.297656, 0.381270
1815049859595, 0.297600, 0.381234
1818005966858, 0.297568, 0.381186
1820962074121, 0.297541, 0.381138
1823918181385, 0.297514, 0.381106
1826874288648, 0.297486, 0.381062
1829830395911, 0.297435, 0.381015
1832786503174, 0.297377, 0.380965
1835742610437, 0.297354, 0.380930
1838698717701, 0.297327, 0.380889
1841654824964, 0.297300, 0.380851
1844610932227, 0.297251, 0.380804
1847567039490, 0.297222, 0.380761
1850523146753, 0.297198, 0.380722
1853479254016, 0.297166, 0.380685
1856435361280, 0.297121, 0.380637
1859391468543, 0.297088, 0.380593
1862347575806, 0.297040, 0.380549
1865303683069, 0.297019, 0.380514
1868259790332, 0.296988, 0.380480
1871215897596, 0.296947, 0.380432
1874172004859, 0.296920, 0.380386
1877128112122, 0.296887, 0.380338
1880084219385, 0.296872, 0.380309
1883040326648, 0.296842, 0.380270
1885996433912, 0.296820, 0.380235
1888952541175, 0.296795, 0.380203
1891908648438, 0.296772, 0.380164
1894864755701, 0.296724, 0.380135
1897820862964, 0.296702, 0.380096
1900776970227, 0.296671, 0.380053
1903733077491, 0.296641, 0.380006
1906689184754, 0.296585, 0.379942
1909645292017, 0.296572, 0.379912
1912601399280, 0.296549, 0.379871
1915557506543, 0.296529, 0.379836
1918513613807, 0.296503, 0.379795
1921469721070, 0.296478, 0.379760
1924425828333, 0.296447, 0.379730
1927381935596, 0.296395, 0.379691
1930338042859, 0.296332, 0.379652
1933294150122, 0.296238, 0.379609
1936250257386, 0.296210, 0.379561
1939206364649, 0.296174, 0.379518
1942162471912, 0.296102, 0.379472
1945118579175, 0.296080, 0.379434
1948074686438, 0.296042, 0.379403
1951030793702, 0.296004, 0.379374
1953986900965, 0.295966, 0.379340
1956943008228, 0.295920, 0.379311
1959899115491, 0.295892, 0.379279
1962855222754, 0.295845, 0.379231
1965811330018, 0.295824, 0.379199
1968767437281, 0.295795, 0.379158
1971723544544, 0.295776, 0.379125
1974679651807, 0.295740, 0.379083
1977635759070, 0.295707, 0.379045
1980591866333, 0.295677, 0.379008
1983547973597, 0.295626, 0.378973
1986504080860, 0.295601, 0.378930
1989460188123, 0.295576, 0.378896
1992416295386, 0.295507, 0.378853
1995372402649, 0.295478, 0.378820
1998328509913, 0.295452, 0.378779
2001284617176, 0.295426, 0.378737
2004240724439, 0.295343, 0.378692
2007196831702, 0.295316, 0.378671
2010152938965, 0.295282, 0.378636
2013109046228, 0.295268, 0.378604
2016065153492, 0.295248, 0.378576
2019021260755, 0.295225, 0.378542
2021977368018, 0.295212, 0.378520
2024933475281, 0.295190, 0.378484
2027889582544, 0.295174, 0.378456
2030845689808, 0.295157, 0.378423
2033801797071, 0.295138, 0.378390
2036757904334, 0.295120, 0.378361
2039714011597, 0.295097, 0.378319
2042670118860, 0.295063, 0.378286
2045626226124, 0.295037, 0.378257
2048582333387, 0.295014, 0.378228
2051538440650, 0.294998, 0.378202
2054494547913, 0.294960, 0.378172
2057450655176, 0.294941, 0.378135
2060406762439, 0.294921, 0.378101
2063362869703, 0.294882, 0.378074
2066318976966, 0.294864, 0.378045
2069275084229, 0.294841, 0.378011
2072231191492, 0.294820, 0.377985
2075187298755, 0.294736, 0.377941
2078143406019, 0.294716, 0.377910
2081099513282, 0.294705, 0.377882
2084055620545, 0.294654, 0.377847
2087011727808, 0.294632, 0.377819
2089967835071, 0.294617, 0.377791
2092923942334, 0.294559, 0.377759
2095880049598, 0.294541, 0.377728
2098836156861, 0.294514, 0.377696
2101792264124, 0.294498, 0.377664
2104748371387, 0.294395, 0.377634
2107704478650, 0.294379, 0.377607
2110660585914, 0.294357, 0.377577
2113616693177, 0.294341, 0.377547
2116572800440, 0.294322, 0.377520
2119528907703, 0.294252, 0.377483
2122485014966, 0.294217, 0.377460
2125441122230, 0.294201, 0.377436
2128397229493, 0.294166, 0.377413
2131353336756, 0.294152, 0.377392
2134309444019, 0.294139, 0.377367
2137265551282, 0.294093, 0.377331
2140221658545, 0.294072, 0.377303
2143177765809, 0.294048, 0.377273
2146133873072, 0.294032, 0.377252
2149089980335, 0.294015, 0.377226
2152046087598, 0.294003, 0.377205
2155002194861, 0.293985, 0.377172
2157958302125, 0.293971, 0.377148
2160914409388, 0.293957, 0.377123
2163870516651, 0.293945, 0.377104
2166826623914, 0.293931, 0.377082
2169782731177, 0.293915, 0.377060
2172738838440, 0.293887, 0.377031
2175694945704, 0.293872, 0.377005
2178651052967, 0.293821, 0.376973
2181607160230, 0.293803, 0.376949
2184563267493, 0.293781, 0.376920
2187519374756, 0.293764, 0.376905
2190475482020, 0.293748, 0.376881
2193431589283, 0.293732, 0.376858
2196387696546, 0.293716, 0.376834
2199343803809, 0.293703, 0.376816
2202299911072, 0.293694, 0.376799
2205256018336, 0.293678, 0.376775
2208212125599, 0.293661, 0.376752
2211168232862, 0.293636, 0.376727
2214124340125, 0.293621, 0.376701
2217080447388, 0.293599, 0.376672
2220036554651, 0.293575, 0.376644
2222992661915, 0.293564, 0.376626
2225948769178, 0.293545, 0.376602
2228904876441, 0.293532, 0.376580
2231860983704, 0.293523, 0.376560
2234817090967, 0.293475, 0.376534
2237773198231, 0.293461, 0.376514
2240729305494, 0.293442, 0.376493
2243685412757, 0.293428, 0.376473
2246641520020, 0.293409, 0.376446
2249597627283, 0.293402, 0.376435
2252553734546, 0.293381, 0.376413
2255509841810, 0.293346, 0.376387
2258465949073, 0.293339, 0.376377
2261422056336, 0.293285, 0.376351
2264378163599, 0.293273, 0.376333
2267334270862, 0.293245, 0.376306
2270290378126, 0.293235, 0.376287
2273246485389, 0.293227, 0.376273
2276202592652, 0.293210, 0.376246
2279158699915, 0.293189, 0.376229
2282114807178, 0.293170, 0.376208
2285070914442, 0.293107, 0.376182
2288027021705, 0.293097, 0.376172
2290983128968, 0.293038, 0.376151
2293939236231, 0.293030, 0.376137
2296895343494, 0.293018, 0.376119
2299851450757, 0.293000, 0.376098
2302807558021, 0.292981, 0.376067
2305763665284, 0.292972, 0.376053
2308719772547, 0.292926, 0.376029
2311675879810, 0.292920, 0.376018
2314631987073, 0.292903, 0.375995
2317588094337, 0.292866, 0.375970
2320544201600, 0.292851, 0.375947
2323500308863, 0.292844, 0.375934
2326456416126, 0.292792, 0.375908
2329412523389, 0.292782, 0.375892
2332368630652, 0.292770, 0.375872
2335324737916, 0.292758, 0.375857
2338280845179, 0.292747, 0.375842
2341236952442, 0.292731, 0.375815
2344193059705, 0.292721, 0.375804
2347149166968, 0.292703, 0.375783
2350105274232, 0.292661, 0.375764
2353061381495, 0.292658, 0.375754
2356017488758, 0.292643, 0.375733
2358973596021, 0.292635, 0.375719
2361929703284, 0.292623, 0.375704
2364885810548, 0.292574, 0.375685
2367841917811, 0.292560, 0.375666
2370798025074, 0.292551, 0.375648
2373754132337, 0.292542, 0.375629
2376710239600, 0.292523, 0.375608
2379666346863, 0.292512, 0.375595
2382622454127, 0.292503, 0.375579
2385578561390, 0.292475, 0.375557
2388534668653, 0.292464, 0.375541
2391490775916, 0.292456, 0.375532
2394446883179, 0.292434, 0.375512
2397402990443, 0.292431, 0.375505
2400359097706, 0.292410, 0.375489
2403315204969, 0.292408, 0.375483
2406271312232, 0.292326, 0.375464
2409227419495, 0.292320, 0.375451
2412183526758, 0.292302, 0.375428
2415139634022, 0.292251, 0.375419
2418095741285, 0.292244, 0.375405
2421051848548, 0.292234, 0.375397
2424007955811, 0.292225, 0.375382
2426964063074, 0.292219, 0.375368
2429920170338, 0.292209, 0.375351
2432876277601, 0.292200, 0.375338
2435832384864, 0.292195, 0.375326
2438788492127, 0.292183, 0.375306
2441744599390, 0.292175, 0.375292
2444700706653, 0.292168, 0.375277
2447656813917, 0.292142, 0.375263
2450612921180, 0.292128, 0.375247
2453569028443, 0.292117, 0.375236
2456525135706, 0.292109, 0.375224
2459481242969, 0.292098, 0.375208
2462437350233, 0.292088, 0.375195
2465393457496, 0.292081, 0.375185
2468349564759, 0.292070, 0.375177
2471305672022, 0.292061, 0.375161
2474261779285, 0.292053, 0.375149
2477217886549, 0.292041, 0.375132
2480173993812, 0.292035, 0.375122
2483130101075, 0.292025, 0.375108
2486086208338, 0.292018, 0.375100
2489042315601, 0.292010, 0.375084
2491998422864, 0.292000, 0.375068
2494954530128, 0.291991, 0.375057
2497910637391, 0.291981, 0.375041
2500866744654, 0.291969, 0.375029
2503822851917, 0.291965, 0.375024
2506778959180, 0.291957, 0.375012
2509735066444, 0.291952, 0.375003
2512691173707, 0.291944, 0.374988
2515647280970, 0.291934, 0.374974
2518603388233, 0.291929, 0.374964
2521559495496, 0.291926, 0.374959
2524515602759, 0.291918, 0.374945
2527471710023, 0.291912, 0.374935
2530427817286, 0.291908, 0.374928
2533383924549, 0.291893, 0.374904
2536340031812, 0.291871, 0.374894
2539296139075, 0.291861, 0.374882
2542252246339, 0.291853, 0.374870
2545208353602, 0.291841, 0.374858
2548164460865, 0.291837, 0.374851
2551120568128, 0.291805, 0.374844
2554076675391, 0.291800, 0.374835
2557032782655, 0.291791, 0.374821
2559988889918, 0.291783, 0.374807
2562944997181, 0.291769, 0.374794
2565901104444, 0.291763, 0.374786
2568857211707, 0.291756, 0.374777
2571813318970, 0.291750, 0.374767
2574769426234, 0.291732, 0.374750
2577725533497, 0.291726, 0.374743
2580681640760, 0.291721, 0.374735
2583637748023, 0.291720, 0.374732
2586593855286, 0.291715, 0.374721
2589549962550, 0.291709, 0.374710
2592506069813, 0.291703, 0.374703
2595462177076, 0.291698, 0.374692
2598418284339, 0.291694, 0.374683
2601374391602, 0.291689, 0.374675
2604330498865, 0.291680, 0.374663
2607286606129, 0.291666, 0.374651
2610242713392, 0.291624, 0.374634
2613198820655, 0.291615, 0.374627
2616154927918, 0.291608, 0.374618
2619111035181, 0.291607, 0.374614
2622067142445, 0.291600, 0.374604
2625023249708, 0.291595, 0.374597
2627979356971, 0.291590, 0.374588
2630935464234, 0.291584, 0.374579
2633891571497, 0.291578, 0.374568
2636847678761, 0.291573, 0.374564
2639803786024, 0.291568, 0.374558
2642759893287, 0.291563, 0.374550
2645716000550, 0.291560, 0.374545
2648672107813, 0.291558, 0.374538
2651628215076, 0.291555, 0.374531
2654584322340, 0.291549, 0.374522
2657540429603, 0.291543, 0.374514
2660496536866, 0.291539, 0.374508
2663452644129, 0.291517, 0.374500
2666408751392, 0.291511, 0.374488
2669364858656, 0.291508, 0.374481
2672320965919, 0.291497, 0.374468
2675277073182, 0.291493, 0.374459
2678233180445, 0.291488, 0.374453
2681189287708, 0.291483, 0.374444
2684145394971, 0.291478, 0.374434
2687101502235, 0.291472, 0.374426
2690057609498, 0.291466, 0.374413
2693013716761, 0.291465, 0.374411
2695969824024, 0.291459, 0.374401
2698925931287, 0.291452, 0.374394
2701882038551, 0.291448, 0.374386
2704838145814, 0.291418, 0.374372
2707794253077, 0.291416, 0.374369
2710750360340, 0.291415, 0.374367
2713706467603, 0.291413, 0.374361
2716662574867, 0.291400, 0.374350
2719618682130, 0.291396, 0.374346
2722574789393, 0.291393, 0.374341
2725530896656, 0.291389, 0.374335
2728487003919, 0.291382, 0.374327
2731443111182, 0.291380, 0.374324
2734399218446, 0.291375, 0.374320
2737355325709, 0.291371, 0.374312
2740311432972, 0.291366, 0.374306
2743267540235, 0.291361, 0.374301
2746223647498, 0.291360, 0.374297
2749179754762, 0.291357, 0.374291
2752135862025, 0.291356, 0.374290
2755091969288, 0.291352, 0.374284
2758048076551, 0.291352, 0.374282
2761004183814, 0.291348, 0.374273
2763960291077, 0.291343, 0.374268
2766916398341, 0.291340, 0.374265
2769872505604, 0.291338, 0.374263
2772828612867, 0.291332, 0.374260
2775784720130, 0.291332, 0.374257
2778740827393, 0.291329, 0.374252
2781696934657, 0.291326, 0.374249
2784653041920, 0.291321, 0.374242
2787609149183, 0.291317, 0.374238
2790565256446, 0.291313, 0.374233
2793521363709, 0.291312, 0.374229
2796477470973, 0.291311, 0.374227
2799433578236, 0.291309, 0.374224
2802389685499, 0.291301, 0.374215
2805345792762, 0.291299, 0.374212
2808301900025, 0.291297, 0.374207
2811258007288, 0.291296, 0.374204
2814214114552, 0.291295, 0.374203
2817170221815, 0.291287, 0.374198
2820126329078, 0.291284, 0.374192
2823082436341, 0.291283, 0.374191
2826038543604, 0.291283, 0.374190
2828994650868, 0.291281, 0.374187
2831950758131, 0.291278, 0.374180
2834906865394, 0.291269, 0.374175
2837862972657, 0.291265, 0.374166
2840819079920, 0.291262, 0.374163
2843775187183, 0.291260, 0.374160
2846731294447, 0.291259, 0.374156
2849687401710, 0.291258, 0.374154
2852643508973, 0.291256, 0.374152
2855599616236, 0.291254, 0.374149
2858555723499, 0.291252, 0.374144
2861511830763, 0.291248, 0.374141
2864467938026, 0.291248, 0.374141
2867424045289, 0.291247, 0.374138
2870380152552, 0.291246, 0.374135
2873336259815, 0.291244, 0.374129
2876292367079, 0.291243, 0.374127
2879248474342, 0.291243, 0.374127
2882204581605, 0.291242, 0.374125
2885160688868, 0.291241, 0.374122
2888116796131, 0.291240, 0.374118
2891072903394, 0.291238, 0.374116
2894029010658, 0.291238, 0.374115
2896985117921, 0.291237, 0.374111
2899941225184, 0.291233, 0.374106
2902897332447, 0.291233, 0.374106
2905853439710, 0.291231, 0.374105
2908809546974, 0.291229, 0.374103
2911765654237, 0.291228, 0.374100
2914721761500, 0.291228, 0.374100
2917677868763, 0.291228, 0.374100
2920633976026, 0.291228, 0.374100
2923590083289, 0.291223, 0.374099
2926546190553, 0.291222, 0.374096
2929502297816, 0.291220, 0.374093
2932458405079, 0.291220, 0.374093
2935414512342, 0.291220, 0.374093
2938370619605, 0.291219, 0.374091
2941326726869, 0.291219, 0.374091
2944282834132, 0.291219, 0.374091
2947238941395, 0.291219, 0.374090
2950195048658, 0.291218, 0.374089
2953151155921, 0.291214, 0.374087
2956107263185, 0.291214, 0.374087
Time used: 2105 ms
