logging to /opt/shards_res_1000/2016020300-2016020400_unique/tenant_4_profile_res-FIX_RATE-SHARDS-0.01.csvtracefile: /data1/tenant_trace/2016020300-2016020400_unique/tenant_4_trace
open file /data1/tenant_trace/2016020300-2016020400_unique/tenant_4_trace
read 1000000 lines
read 2000000 lines
read 3000000 lines
read 4000000 lines
read 5000000 lines
read 6000000 lines
read 7000000 lines
read 8000000 lines
read 9000000 lines
read 10000000 lines
read 11000000 lines
read 12000000 lines
read 13000000 lines
read 14000000 lines
read 15000000 lines
read 16000000 lines
read 17000000 lines
read 18000000 lines
read 19000000 lines
read 20000000 lines
read 21000000 lines
read 22000000 lines
read 23000000 lines
read 24000000 lines
read 25000000 lines
read 26000000 lines
read 27000000 lines
read 28000000 lines
read 29000000 lines
read 30000000 lines
read 31000000 lines
read 32000000 lines
read 33000000 lines
read 34000000 lines
read 35000000 lines
read 36000000 lines
read 37000000 lines
read 38000000 lines
read 39000000 lines
read 40000000 lines
read 41000000 lines
read 42000000 lines
read 43000000 lines
read 44000000 lines
read 45000000 lines
read 46000000 lines
read 47000000 lines
read 48000000 lines
read 49000000 lines
read 50000000 lines
read 51000000 lines
read 52000000 lines
read 53000000 lines
read 54000000 lines
read 55000000 lines
read 56000000 lines
read 57000000 lines
read 58000000 lines
read 59000000 lines
read 60000000 lines
read 61000000 lines
read 62000000 lines
read 63000000 lines
read 64000000 lines
read 65000000 lines
read 66000000 lines
read 67000000 lines
read 68000000 lines
read 69000000 lines
read 70000000 lines
read 71000000 lines
read 72000000 lines
read 73000000 lines
read 74000000 lines
read 75000000 lines
read 76000000 lines
read 77000000 lines
read 78000000 lines
read 79000000 lines
read 80000000 lines
read 81000000 lines
read 82000000 lines
read 83000000 lines
read 84000000 lines
read 85000000 lines
read 86000000 lines
read 87000000 lines
read 88000000 lines
read 89000000 lines
read 90000000 lines
read 91000000 lines
read 92000000 lines
read 93000000 lines
read 94000000 lines
read 95000000 lines
read 96000000 lines
read 97000000 lines
read 98000000 lines
read 99000000 lines
read 100000000 lines
read 101000000 lines
read 102000000 lines
read 103000000 lines
read 104000000 lines
read 105000000 lines
read 106000000 lines
read 107000000 lines
read 108000000 lines
read 109000000 lines
read 110000000 lines
read 111000000 lines
read 112000000 lines
read 113000000 lines
read 114000000 lines
read 115000000 lines
read 116000000 lines
read 117000000 lines
read 118000000 lines
read 119000000 lines
read 120000000 lines
read 121000000 lines
read 122000000 lines
read 123000000 lines
read 124000000 lines
read 125000000 lines
read 126000000 lines
read 127000000 lines
read 128000000 lines
read 129000000 lines
read 130000000 lines
read 131000000 lines
read 132000000 lines
read 133000000 lines
read 134000000 lines
read 135000000 lines
read 136000000 lines
read 137000000 lines
read 138000000 lines
read 139000000 lines
read 140000000 lines
read 141000000 lines
read 142000000 lines
read 143000000 lines
read 144000000 lines
read 145000000 lines
read 146000000 lines
read 147000000 lines
read 148000000 lines
read 149000000 lines
read 150000000 lines
read 151000000 lines
read 152000000 lines
read 153000000 lines
read 154000000 lines
read 155000000 lines
read 156000000 lines
read 157000000 lines
read 158000000 lines
read 159000000 lines
read 160000000 lines
read 161000000 lines
read 162000000 lines
read 163000000 lines
read 164000000 lines
read 165000000 lines
read 166000000 lines
read 167000000 lines
read 168000000 lines
read 169000000 lines
read 170000000 lines
read 171000000 lines
read 172000000 lines
read 173000000 lines
read 174000000 lines
read 175000000 lines
read 176000000 lines
read 177000000 lines
read 178000000 lines
read 179000000 lines
read 180000000 lines
read 181000000 lines
read 182000000 lines
read 183000000 lines
read 184000000 lines
read 185000000 lines
read 186000000 lines
read 187000000 lines
read 188000000 lines
read 189000000 lines
read 190000000 lines
read 191000000 lines
read 192000000 lines
read 193000000 lines
read 194000000 lines
read 195000000 lines
read 196000000 lines
read 197000000 lines
read 198000000 lines
read 199000000 lines
read 200000000 lines
read 201000000 lines
read 202000000 lines
read 203000000 lines
read 204000000 lines
read 205000000 lines
read 206000000 lines
read 207000000 lines
read 208000000 lines
read 209000000 lines
read 210000000 lines
read 211000000 lines
read 212000000 lines
read 213000000 lines
read 214000000 lines
read 215000000 lines
read 216000000 lines
read 217000000 lines
read 218000000 lines
read 219000000 lines
read 220000000 lines
read 221000000 lines
read 222000000 lines
read 223000000 lines
read 224000000 lines
read 225000000 lines
read 226000000 lines
read 227000000 lines
read 228000000 lines
read 229000000 lines
read 230000000 lines
read 231000000 lines
read 232000000 lines
read 233000000 lines
read 234000000 lines
read 235000000 lines
read 236000000 lines
read 237000000 lines
read 238000000 lines
read 239000000 lines
read 240000000 lines
read 241000000 lines
read 242000000 lines
read 243000000 lines
read 244000000 lines
read 245000000 lines
read 246000000 lines
read 247000000 lines
read 248000000 lines
read 249000000 lines
read 250000000 lines
read 251000000 lines
read 252000000 lines
read 253000000 lines
read 254000000 lines
read 255000000 lines
read 256000000 lines
read 257000000 lines
read 258000000 lines
read 259000000 lines
read 260000000 lines
read 261000000 lines
read 262000000 lines
read 263000000 lines
read 264000000 lines
read 265000000 lines
read 266000000 lines
read 267000000 lines
read 268000000 lines
read 269000000 lines
read 270000000 lines
read 271000000 lines
read 272000000 lines
read 273000000 lines
read 274000000 lines
read 275000000 lines
read 276000000 lines
read 277000000 lines
read 278000000 lines
read 279000000 lines
read 280000000 lines
read 281000000 lines
read 282000000 lines
read 283000000 lines
read 284000000 lines
read 285000000 lines
read 286000000 lines
read 287000000 lines
read 288000000 lines
read 289000000 lines
read 290000000 lines
read 291000000 lines
read 292000000 lines
read 293000000 lines
read 294000000 lines
read 295000000 lines
read 296000000 lines
read 297000000 lines
read 298000000 lines
read 299000000 lines
read 300000000 lines
read 301000000 lines
read 302000000 lines
read 303000000 lines
read 304000000 lines
read 305000000 lines
read 306000000 lines
read 307000000 lines
read 308000000 lines
read 309000000 lines
read 310000000 lines
read 311000000 lines
read 312000000 lines
read 313000000 lines
read 314000000 lines
read 315000000 lines
read 316000000 lines
read 317000000 lines
read 318000000 lines
read 319000000 lines
read 320000000 lines
read 321000000 lines
read 322000000 lines
read 323000000 lines
read 324000000 lines
read 325000000 lines
read 326000000 lines
read 327000000 lines
read 328000000 lines
read 329000000 lines
read 330000000 lines
read 331000000 lines
read 332000000 lines
read 333000000 lines
read 334000000 lines
read 335000000 lines
read 336000000 lines
read 337000000 lines
read 338000000 lines
read 339000000 lines
read 340000000 lines
read 341000000 lines
read 342000000 lines
read 343000000 lines
read 344000000 lines
read 345000000 lines
read 346000000 lines
read 347000000 lines
read 348000000 lines
read 349000000 lines
read 350000000 lines
read 351000000 lines
read 352000000 lines
read 353000000 lines
read 354000000 lines
read 355000000 lines
read 356000000 lines
read 357000000 lines
read 358000000 lines
read 359000000 lines
read 360000000 lines
read 361000000 lines
read 362000000 lines
read 363000000 lines
read 364000000 lines
read 365000000 lines
read 366000000 lines
read 367000000 lines
read 368000000 lines
read 369000000 lines
read 370000000 lines
read 371000000 lines
read 372000000 lines
[FILE]: /data1/tenant_trace/2016020300-2016020400_unique/tenant_4_trace
total_access_num: 372858875
total_access_size: 4688356363912
unique_access_num: 105466047
unique_access_size: 1351740585186
min_item_size: 1
[method]: SHARDS
[metric]: MAE
[seed]: 42
[sample_method]: FIX_RATE
[sample_metric]: 0.01
MAEQ_factor: 1.028355
cache_size, BMRC_ratio, OMRC_ratio
1351740585, 0.830926, 0.847850
2703481170, 0.787769, 0.802048
4055221755, 0.758115, 0.770782
5406962340, 0.735113, 0.746718
6758702925, 0.716027, 0.726724
8110443511, 0.699645, 0.709540
9462184096, 0.685092, 0.694365
10813924681, 0.672255, 0.680914
12165665266, 0.660649, 0.668809
13517405851, 0.649989, 0.657715
14869146437, 0.640061, 0.647422
16220887022, 0.630978, 0.637948
17572627607, 0.622484, 0.629088
18924368192, 0.614489, 0.620799
20276108777, 0.607123, 0.613126
21627849362, 0.600145, 0.605864
22979589948, 0.593606, 0.599041
24331330533, 0.587385, 0.592584
25683071118, 0.581402, 0.586346
27034811703, 0.575773, 0.580459
28386552288, 0.570384, 0.574831
29738292874, 0.565148, 0.569393
31090033459, 0.560212, 0.564237
32441774044, 0.555501, 0.559341
33793514629, 0.550935, 0.554616
35145255214, 0.546635, 0.550106
36496995800, 0.542443, 0.545749
37848736385, 0.538404, 0.541519
39200476970, 0.534542, 0.537456
40552217555, 0.530788, 0.533545
41903958140, 0.527176, 0.529775
43255698725, 0.523664, 0.526149
44607439311, 0.520276, 0.522627
45959179896, 0.516889, 0.519133
47310920481, 0.513678, 0.515811
48662661066, 0.510614, 0.512624
50014401651, 0.507591, 0.509485
51366142237, 0.504681, 0.506430
52717882822, 0.501788, 0.503433
54069623407, 0.499096, 0.500596
55421363992, 0.496422, 0.497797
56773104577, 0.493845, 0.495087
58124845162, 0.491306, 0.492436
59476585748, 0.488845, 0.489863
60828326333, 0.486430, 0.487345
62180066918, 0.484052, 0.484869
63531807503, 0.481754, 0.482476
64883548088, 0.479501, 0.480139
66235288674, 0.477285, 0.477863
67587029259, 0.475120, 0.475619
68938769844, 0.473041, 0.473453
70290510429, 0.470968, 0.471299
71642251014, 0.468987, 0.469215
72993991600, 0.467010, 0.467175
74345732185, 0.465070, 0.465143
75697472770, 0.463168, 0.463152
77049213355, 0.461385, 0.461296
78400953940, 0.459647, 0.459475
79752694525, 0.457887, 0.457645
81104435111, 0.456132, 0.455845
82456175696, 0.454446, 0.454076
83807916281, 0.452784, 0.452368
85159656866, 0.451171, 0.450692
86511397451, 0.449589, 0.449039
87863138037, 0.448025, 0.447416
89214878622, 0.446536, 0.445859
90566619207, 0.445036, 0.444303
91918359792, 0.443555, 0.442755
93270100377, 0.442095, 0.441254
94621840963, 0.440679, 0.439785
95973581548, 0.439278, 0.438333
97325322133, 0.437910, 0.436909
98677062718, 0.436586, 0.435538
100028803303, 0.435240, 0.434160
101380543888, 0.433938, 0.432801
102732284474, 0.432688, 0.431489
104084025059, 0.431387, 0.430148
105435765644, 0.430115, 0.428860
106787506229, 0.428899, 0.427613
108139246814, 0.427701, 0.426368
109490987400, 0.426521, 0.425141
110842727985, 0.425379, 0.423941
112194468570, 0.424214, 0.422720
113546209155, 0.423090, 0.421535
114897949740, 0.421952, 0.420359
116249690325, 0.420838, 0.419201
117601430911, 0.419746, 0.418081
118953171496, 0.418655, 0.416976
120304912081, 0.417619, 0.415891
121656652666, 0.416559, 0.414797
123008393251, 0.415559, 0.413746
124360133837, 0.414568, 0.412721
125711874422, 0.413578, 0.411689
127063615007, 0.412613, 0.410679
128415355592, 0.411621, 0.409665
129767096177, 0.410653, 0.408675
131118836763, 0.409720, 0.407707
132470577348, 0.408828, 0.406758
133822317933, 0.407940, 0.405831
135174058518, 0.407043, 0.404898
136525799103, 0.406175, 0.403995
137877539688, 0.405313, 0.403109
139229280274, 0.404450, 0.402202
140581020859, 0.403593, 0.401319
141932761444, 0.402768, 0.400450
143284502029, 0.401914, 0.399572
144636242614, 0.401077, 0.398707
145987983200, 0.400260, 0.397859
147339723785, 0.399434, 0.397012
148691464370, 0.398635, 0.396191
150043204955, 0.397866, 0.395400
151394945540, 0.397095, 0.394586
152746686126, 0.396336, 0.393799
154098426711, 0.395569, 0.393014
155450167296, 0.394830, 0.392237
156801907881, 0.394072, 0.391449
158153648466, 0.393312, 0.390678
159505389051, 0.392597, 0.389923
160857129637, 0.391891, 0.389187
162208870222, 0.391192, 0.388459
163560610807, 0.390503, 0.387730
164912351392, 0.389801, 0.386992
166264091977, 0.389125, 0.386282
167615832563, 0.388467, 0.385605
168967573148, 0.387822, 0.384933
170319313733, 0.387176, 0.384260
171671054318, 0.386517, 0.383579
173022794903, 0.385867, 0.382904
174374535488, 0.385224, 0.382237
175726276074, 0.384582, 0.381579
177078016659, 0.383948, 0.380931
178429757244, 0.383338, 0.380289
179781497829, 0.382707, 0.379634
181133238414, 0.382069, 0.378973
182484979000, 0.381468, 0.378353
183836719585, 0.380847, 0.377709
185188460170, 0.380267, 0.377095
186540200755, 0.379662, 0.376471
187891941340, 0.379073, 0.375852
189243681926, 0.378482, 0.375244
190595422511, 0.377899, 0.374647
191947163096, 0.377318, 0.374045
193298903681, 0.376769, 0.373474
194650644266, 0.376211, 0.372899
196002384851, 0.375679, 0.372336
197354125437, 0.375151, 0.371786
198705866022, 0.374604, 0.371225
200057606607, 0.374057, 0.370669
201409347192, 0.373506, 0.370109
202761087777, 0.372973, 0.369559
204112828363, 0.372434, 0.369005
205464568948, 0.371941, 0.368476
206816309533, 0.371417, 0.367939
208168050118, 0.370893, 0.367405
209519790703, 0.370404, 0.366902
210871531289, 0.369925, 0.366403
212223271874, 0.369406, 0.365875
213575012459, 0.368908, 0.365359
214926753044, 0.368429, 0.364865
216278493629, 0.367943, 0.364378
217630234214, 0.367461, 0.363872
218981974800, 0.366995, 0.363385
220333715385, 0.366536, 0.362922
221685455970, 0.366091, 0.362455
223037196555, 0.365635, 0.361987
224388937140, 0.365182, 0.361511
225740677726, 0.364745, 0.361049
227092418311, 0.364313, 0.360586
228444158896, 0.363861, 0.360125
229795899481, 0.363419, 0.359669
231147640066, 0.362980, 0.359220
232499380651, 0.362545, 0.358773
233851121237, 0.362130, 0.358344
235202861822, 0.361717, 0.357899
236554602407, 0.361301, 0.357469
237906342992, 0.360878, 0.357035
239258083577, 0.360457, 0.356604
240609824163, 0.360047, 0.356180
241961564748, 0.359624, 0.355740
243313305333, 0.359216, 0.355313
244665045918, 0.358814, 0.354884
246016786503, 0.358393, 0.354455
247368527089, 0.357993, 0.354036
248720267674, 0.357614, 0.353634
250072008259, 0.357237, 0.353237
251423748844, 0.356870, 0.352852
252775489429, 0.356470, 0.352444
254127230014, 0.356089, 0.352047
255478970600, 0.355710, 0.351656
256830711185, 0.355317, 0.351251
258182451770, 0.354934, 0.350856
259534192355, 0.354561, 0.350477
260885932940, 0.354191, 0.350095
262237673526, 0.353828, 0.349716
263589414111, 0.353474, 0.349356
264941154696, 0.353112, 0.348978
266292895281, 0.352764, 0.348629
267644635866, 0.352406, 0.348259
268996376452, 0.352057, 0.347905
270348117037, 0.351723, 0.347556
271699857622, 0.351364, 0.347190
273051598207, 0.351016, 0.346841
274403338792, 0.350679, 0.346496
275755079377, 0.350351, 0.346147
277106819963, 0.350019, 0.345807
278458560548, 0.349682, 0.345452
279810301133, 0.349346, 0.345100
281162041718, 0.349018, 0.344771
282513782303, 0.348696, 0.344438
283865522889, 0.348362, 0.344103
285217263474, 0.348039, 0.343759
286569004059, 0.347723, 0.343429
287920744644, 0.347395, 0.343087
289272485229, 0.347064, 0.342753
290624225814, 0.346718, 0.342405
291975966400, 0.346401, 0.342086
293327706985, 0.346072, 0.341755
294679447570, 0.345747, 0.341423
296031188155, 0.345441, 0.341110
297382928740, 0.345136, 0.340802
298734669326, 0.344830, 0.340487
300086409911, 0.344520, 0.340176
301438150496, 0.344222, 0.339874
302789891081, 0.343922, 0.339572
304141631666, 0.343646, 0.339291
305493372252, 0.343342, 0.338971
306845112837, 0.343049, 0.338677
308196853422, 0.342764, 0.338378
309548594007, 0.342472, 0.338089
310900334592, 0.342177, 0.337794
312252075177, 0.341873, 0.337487
313603815763, 0.341596, 0.337198
314955556348, 0.341327, 0.336924
316307296933, 0.341064, 0.336646
317659037518, 0.340793, 0.336361
319010778103, 0.340517, 0.336071
320362518689, 0.340238, 0.335786
321714259274, 0.339980, 0.335510
323065999859, 0.339710, 0.335247
324417740444, 0.339428, 0.334966
325769481029, 0.339164, 0.334691
327121221615, 0.338910, 0.334430
328472962200, 0.338657, 0.334168
329824702785, 0.338386, 0.333889
331176443370, 0.338136, 0.333625
332528183955, 0.337873, 0.333350
333879924540, 0.337605, 0.333081
335231665126, 0.337356, 0.332819
336583405711, 0.337099, 0.332555
337935146296, 0.336861, 0.332312
339286886881, 0.336614, 0.332054
340638627466, 0.336347, 0.331786
341990368052, 0.336100, 0.331529
343342108637, 0.335862, 0.331294
344693849222, 0.335633, 0.331060
346045589807, 0.335368, 0.330792
347397330392, 0.335136, 0.330555
348749070977, 0.334900, 0.330302
350100811563, 0.334663, 0.330058
351452552148, 0.334419, 0.329805
352804292733, 0.334184, 0.329559
354156033318, 0.333944, 0.329323
355507773903, 0.333711, 0.329088
356859514489, 0.333486, 0.328862
358211255074, 0.333257, 0.328633
359562995659, 0.333043, 0.328403
360914736244, 0.332829, 0.328184
362266476829, 0.332605, 0.327949
363618217415, 0.332350, 0.327699
364969958000, 0.332152, 0.327488
366321698585, 0.331937, 0.327272
367673439170, 0.331695, 0.327032
369025179755, 0.331482, 0.326807
370376920340, 0.331269, 0.326595
371728660926, 0.331051, 0.326368
373080401511, 0.330840, 0.326151
374432142096, 0.330628, 0.325935
375783882681, 0.330418, 0.325712
377135623266, 0.330206, 0.325497
378487363852, 0.330012, 0.325296
379839104437, 0.329797, 0.325080
381190845022, 0.329595, 0.324872
382542585607, 0.329382, 0.324660
383894326192, 0.329162, 0.324438
385246066778, 0.328958, 0.324230
386597807363, 0.328739, 0.324003
387949547948, 0.328534, 0.323788
389301288533, 0.328340, 0.323586
390653029118, 0.328133, 0.323380
392004769703, 0.327914, 0.323160
393356510289, 0.327726, 0.322969
394708250874, 0.327529, 0.322762
396059991459, 0.327347, 0.322568
397411732044, 0.327133, 0.322347
398763472629, 0.326944, 0.322158
400115213215, 0.326738, 0.321949
401466953800, 0.326539, 0.321755
402818694385, 0.326351, 0.321566
404170434970, 0.326156, 0.321372
405522175555, 0.325980, 0.321191
406873916140, 0.325800, 0.321003
408225656726, 0.325611, 0.320810
409577397311, 0.325443, 0.320633
410929137896, 0.325263, 0.320449
412280878481, 0.325087, 0.320264
413632619066, 0.324914, 0.320077
414984359652, 0.324731, 0.319883
416336100237, 0.324538, 0.319685
417687840822, 0.324355, 0.319498
419039581407, 0.324169, 0.319311
420391321992, 0.323978, 0.319118
421743062578, 0.323808, 0.318942
423094803163, 0.323638, 0.318770
424446543748, 0.323465, 0.318585
425798284333, 0.323296, 0.318411
427150024918, 0.323126, 0.318226
428501765503, 0.322955, 0.318056
429853506089, 0.322776, 0.317876
431205246674, 0.322619, 0.317714
432556987259, 0.322456, 0.317552
433908727844, 0.322303, 0.317394
435260468429, 0.322128, 0.317215
436612209015, 0.321964, 0.317055
437963949600, 0.321787, 0.316872
439315690185, 0.321615, 0.316701
440667430770, 0.321444, 0.316532
442019171355, 0.321284, 0.316366
443370911941, 0.321121, 0.316197
444722652526, 0.320953, 0.316035
446074393111, 0.320786, 0.315860
447426133696, 0.320612, 0.315680
448777874281, 0.320455, 0.315522
450129614866, 0.320307, 0.315366
451481355452, 0.320160, 0.315216
452833096037, 0.320005, 0.315059
454184836622, 0.319851, 0.314901
455536577207, 0.319702, 0.314749
456888317792, 0.319549, 0.314597
458240058378, 0.319395, 0.314437
459591798963, 0.319243, 0.314286
460943539548, 0.319085, 0.314121
462295280133, 0.318925, 0.313949
463647020718, 0.318762, 0.313783
464998761303, 0.318609, 0.313631
466350501889, 0.318449, 0.313464
467702242474, 0.318304, 0.313314
469053983059, 0.318161, 0.313166
470405723644, 0.318019, 0.313018
471757464229, 0.317877, 0.312866
473109204815, 0.317731, 0.312717
474460945400, 0.317591, 0.312568
475812685985, 0.317450, 0.312425
477164426570, 0.317304, 0.312279
478516167155, 0.317180, 0.312146
479867907741, 0.317043, 0.312011
481219648326, 0.316903, 0.311866
482571388911, 0.316766, 0.311726
483923129496, 0.316628, 0.311580
485274870081, 0.316483, 0.311431
486626610666, 0.316350, 0.311299
487978351252, 0.316212, 0.311152
489330091837, 0.316078, 0.311010
490681832422, 0.315937, 0.310865
492033573007, 0.315807, 0.310729
493385313592, 0.315675, 0.310593
494737054178, 0.315546, 0.310454
496088794763, 0.315406, 0.310313
497440535348, 0.315281, 0.310181
498792275933, 0.315149, 0.310050
500144016518, 0.315013, 0.309903
501495757104, 0.314871, 0.309763
502847497689, 0.314735, 0.309625
504199238274, 0.314616, 0.309501
505550978859, 0.314494, 0.309378
506902719444, 0.314352, 0.309237
508254460029, 0.314225, 0.309108
509606200615, 0.314093, 0.308972
510957941200, 0.313974, 0.308845
512309681785, 0.313862, 0.308729
513661422370, 0.313740, 0.308603
515013162955, 0.313605, 0.308465
516364903541, 0.313487, 0.308340
517716644126, 0.313366, 0.308219
519068384711, 0.313243, 0.308093
520420125296, 0.313127, 0.307978
521771865881, 0.312999, 0.307851
523123606466, 0.312886, 0.307736
524475347052, 0.312769, 0.307614
525827087637, 0.312650, 0.307490
527178828222, 0.312536, 0.307372
528530568807, 0.312427, 0.307255
529882309392, 0.312295, 0.307132
531234049978, 0.312174, 0.307008
532585790563, 0.312055, 0.306888
533937531148, 0.311927, 0.306758
535289271733, 0.311815, 0.306644
536641012318, 0.311711, 0.306537
537992752904, 0.311598, 0.306426
539344493489, 0.311482, 0.306312
540696234074, 0.311362, 0.306192
542047974659, 0.311240, 0.306067
543399715244, 0.311118, 0.305951
544751455829, 0.311007, 0.305836
546103196415, 0.310897, 0.305729
547454937000, 0.310780, 0.305604
548806677585, 0.310668, 0.305491
550158418170, 0.310551, 0.305370
551510158755, 0.310451, 0.305271
552861899341, 0.310330, 0.305154
554213639926, 0.310216, 0.305040
555565380511, 0.310096, 0.304922
556917121096, 0.309984, 0.304808
558268861681, 0.309872, 0.304695
559620602267, 0.309766, 0.304590
560972342852, 0.309658, 0.304480
562324083437, 0.309552, 0.304367
563675824022, 0.309442, 0.304254
565027564607, 0.309341, 0.304142
566379305192, 0.309228, 0.304033
567731045778, 0.309125, 0.303925
569082786363, 0.309005, 0.303816
570434526948, 0.308902, 0.303710
571786267533, 0.308797, 0.303598
573138008118, 0.308694, 0.303496
574489748704, 0.308598, 0.303397
575841489289, 0.308493, 0.303289
577193229874, 0.308391, 0.303183
578544970459, 0.308292, 0.303077
579896711044, 0.308191, 0.302974
581248451629, 0.308094, 0.302874
582600192215, 0.307977, 0.302763
583951932800, 0.307885, 0.302670
585303673385, 0.307793, 0.302576
586655413970, 0.307682, 0.302471
588007154555, 0.307577, 0.302374
589358895141, 0.307478, 0.302274
590710635726, 0.307382, 0.302172
592062376311, 0.307293, 0.302080
593414116896, 0.307200, 0.301982
594765857481, 0.307109, 0.301886
596117598067, 0.307019, 0.301794
597469338652, 0.306934, 0.301705
598821079237, 0.306846, 0.301615
600172819822, 0.306760, 0.301529
601524560407, 0.306673, 0.301441
602876300992, 0.306576, 0.301345
604228041578, 0.306485, 0.301253
605579782163, 0.306410, 0.301172
606931522748, 0.306317, 0.301076
608283263333, 0.306220, 0.300976
609635003918, 0.306134, 0.300889
610986744504, 0.306050, 0.300802
612338485089, 0.305962, 0.300713
613690225674, 0.305872, 0.300624
615041966259, 0.305771, 0.300531
616393706844, 0.305674, 0.300438
617745447430, 0.305583, 0.300349
619097188015, 0.305490, 0.300258
620448928600, 0.305411, 0.300173
621800669185, 0.305312, 0.300081
623152409770, 0.305231, 0.300001
624504150355, 0.305150, 0.299921
625855890941, 0.305064, 0.299838
627207631526, 0.304976, 0.299749
628559372111, 0.304881, 0.299662
629911112696, 0.304802, 0.299580
631262853281, 0.304725, 0.299499
632614593867, 0.304634, 0.299407
633966334452, 0.304548, 0.299326
635318075037, 0.304468, 0.299244
636669815622, 0.304386, 0.299158
638021556207, 0.304304, 0.299071
639373296792, 0.304229, 0.298992
640725037378, 0.304152, 0.298914
642076777963, 0.304068, 0.298826
643428518548, 0.303993, 0.298749
644780259133, 0.303916, 0.298672
646131999718, 0.303838, 0.298592
647483740304, 0.303756, 0.298515
648835480889, 0.303684, 0.298443
650187221474, 0.303603, 0.298363
651538962059, 0.303521, 0.298276
652890702644, 0.303446, 0.298199
654242443230, 0.303367, 0.298117
655594183815, 0.303295, 0.298044
656945924400, 0.303212, 0.297964
658297664985, 0.303134, 0.297888
659649405570, 0.303056, 0.297809
661001146155, 0.302966, 0.297725
662352886741, 0.302886, 0.297648
663704627326, 0.302811, 0.297569
665056367911, 0.302741, 0.297499
666408108496, 0.302663, 0.297416
667759849081, 0.302592, 0.297344
669111589667, 0.302522, 0.297277
670463330252, 0.302447, 0.297196
671815070837, 0.302378, 0.297124
673166811422, 0.302298, 0.297046
674518552007, 0.302227, 0.296968
675870292593, 0.302149, 0.296891
677222033178, 0.302082, 0.296823
678573773763, 0.302022, 0.296757
679925514348, 0.301951, 0.296683
681277254933, 0.301878, 0.296614
682628995518, 0.301810, 0.296543
683980736104, 0.301738, 0.296475
685332476689, 0.301671, 0.296406
686684217274, 0.301591, 0.296330
688035957859, 0.301517, 0.296259
689387698444, 0.301454, 0.296192
690739439030, 0.301382, 0.296121
692091179615, 0.301318, 0.296056
693442920200, 0.301254, 0.295992
694794660785, 0.301193, 0.295926
696146401370, 0.301132, 0.295861
697498141955, 0.301066, 0.295791
698849882541, 0.301006, 0.295726
700201623126, 0.300938, 0.295655
701553363711, 0.300877, 0.295595
702905104296, 0.300803, 0.295523
704256844881, 0.300729, 0.295450
705608585467, 0.300661, 0.295385
706960326052, 0.300601, 0.295323
708312066637, 0.300544, 0.295261
709663807222, 0.300487, 0.295203
711015547807, 0.300426, 0.295138
712367288393, 0.300357, 0.295068
713719028978, 0.300291, 0.295004
715070769563, 0.300217, 0.294938
716422510148, 0.300151, 0.294874
717774250733, 0.300083, 0.294808
719125991318, 0.300022, 0.294744
720477731904, 0.299961, 0.294681
721829472489, 0.299905, 0.294622
723181213074, 0.299838, 0.294556
724532953659, 0.299773, 0.294490
725884694244, 0.299710, 0.294428
727236434830, 0.299647, 0.294364
728588175415, 0.299587, 0.294305
729939916000, 0.299522, 0.294237
731291656585, 0.299461, 0.294179
732643397170, 0.299397, 0.294113
733995137755, 0.299335, 0.294049
735346878341, 0.299273, 0.293986
736698618926, 0.299211, 0.293927
738050359511, 0.299153, 0.293871
739402100096, 0.299085, 0.293810
740753840681, 0.299018, 0.293745
742105581267, 0.298954, 0.293687
743457321852, 0.298901, 0.293637
744809062437, 0.298842, 0.293576
746160803022, 0.298783, 0.293519
747512543607, 0.298731, 0.293462
748864284193, 0.298678, 0.293410
750216024778, 0.298622, 0.293349
751567765363, 0.298566, 0.293297
752919505948, 0.298505, 0.293240
754271246533, 0.298453, 0.293185
755622987118, 0.298396, 0.293128
756974727704, 0.298326, 0.293063
758326468289, 0.298273, 0.293006
759678208874, 0.298219, 0.292948
761029949459, 0.298170, 0.292899
762381690044, 0.298116, 0.292847
763733430630, 0.298064, 0.292794
765085171215, 0.298000, 0.292733
766436911800, 0.297943, 0.292675
767788652385, 0.297887, 0.292619
769140392970, 0.297831, 0.292561
770492133556, 0.297777, 0.292506
771843874141, 0.297728, 0.292454
773195614726, 0.297676, 0.292402
774547355311, 0.297622, 0.292354
775899095896, 0.297572, 0.292302
777250836481, 0.297517, 0.292247
778602577067, 0.297466, 0.292194
779954317652, 0.297411, 0.292138
781306058237, 0.297361, 0.292085
782657798822, 0.297315, 0.292042
784009539407, 0.297270, 0.291993
785361279993, 0.297219, 0.291940
786713020578, 0.297165, 0.291886
788064761163, 0.297112, 0.291830
789416501748, 0.297064, 0.291780
790768242333, 0.297020, 0.291736
792119982918, 0.296964, 0.291683
793471723504, 0.296915, 0.291632
794823464089, 0.296859, 0.291577
796175204674, 0.296810, 0.291526
797526945259, 0.296766, 0.291482
798878685844, 0.296721, 0.291433
800230426430, 0.296675, 0.291388
801582167015, 0.296633, 0.291346
802933907600, 0.296577, 0.291288
804285648185, 0.296529, 0.291239
805637388770, 0.296485, 0.291193
806989129356, 0.296425, 0.291137
808340869941, 0.296376, 0.291088
809692610526, 0.296327, 0.291036
811044351111, 0.296272, 0.290981
812396091696, 0.296219, 0.290931
813747832281, 0.296169, 0.290884
815099572867, 0.296122, 0.290835
816451313452, 0.296074, 0.290786
817803054037, 0.296028, 0.290741
819154794622, 0.295985, 0.290697
820506535207, 0.295934, 0.290652
821858275793, 0.295889, 0.290608
823210016378, 0.295844, 0.290560
824561756963, 0.295795, 0.290513
825913497548, 0.295750, 0.290467
827265238133, 0.295707, 0.290423
828616978719, 0.295658, 0.290372
829968719304, 0.295608, 0.290319
831320459889, 0.295565, 0.290276
832672200474, 0.295520, 0.290229
834023941059, 0.295476, 0.290183
835375681644, 0.295428, 0.290133
836727422230, 0.295385, 0.290090
838079162815, 0.295346, 0.290052
839430903400, 0.295302, 0.290007
840782643985, 0.295260, 0.289966
842134384570, 0.295208, 0.289924
843486125156, 0.295166, 0.289883
844837865741, 0.295122, 0.289842
846189606326, 0.295074, 0.289795
847541346911, 0.295024, 0.289749
848893087496, 0.294983, 0.289705
850244828081, 0.294939, 0.289661
851596568667, 0.294897, 0.289619
852948309252, 0.294855, 0.289579
854300049837, 0.294804, 0.289530
855651790422, 0.294761, 0.289488
857003531007, 0.294723, 0.289448
858355271593, 0.294676, 0.289404
859707012178, 0.294637, 0.289362
861058752763, 0.294586, 0.289315
862410493348, 0.294551, 0.289278
863762233933, 0.294510, 0.289235
865113974519, 0.294470, 0.289194
866465715104, 0.294426, 0.289150
867817455689, 0.294389, 0.289111
869169196274, 0.294351, 0.289075
870520936859, 0.294309, 0.289035
871872677444, 0.294277, 0.289002
873224418030, 0.294237, 0.288964
874576158615, 0.294199, 0.288924
875927899200, 0.294156, 0.288883
877279639785, 0.294123, 0.288850
878631380370, 0.294091, 0.288818
879983120956, 0.294053, 0.288778
881334861541, 0.294018, 0.288744
882686602126, 0.293981, 0.288707
884038342711, 0.293942, 0.288667
885390083296, 0.293913, 0.288638
886741823882, 0.293880, 0.288600
888093564467, 0.293839, 0.288557
889445305052, 0.293803, 0.288519
890797045637, 0.293769, 0.288483
892148786222, 0.293725, 0.288440
893500526807, 0.293694, 0.288409
894852267393, 0.293652, 0.288367
896204007978, 0.293615, 0.288332
897555748563, 0.293584, 0.288300
898907489148, 0.293547, 0.288264
900259229733, 0.293513, 0.288231
901610970319, 0.293477, 0.288196
902962710904, 0.293441, 0.288162
904314451489, 0.293412, 0.288135
905666192074, 0.293378, 0.288101
907017932659, 0.293349, 0.288071
908369673244, 0.293312, 0.288035
909721413830, 0.293277, 0.287999
911073154415, 0.293242, 0.287965
912424895000, 0.293214, 0.287937
913776635585, 0.293183, 0.287906
915128376170, 0.293150, 0.287873
916480116756, 0.293115, 0.287838
917831857341, 0.293080, 0.287804
919183597926, 0.293041, 0.287773
920535338511, 0.293008, 0.287739
921887079096, 0.292974, 0.287704
923238819682, 0.292940, 0.287674
924590560267, 0.292910, 0.287646
925942300852, 0.292871, 0.287612
927294041437, 0.292841, 0.287583
928645782022, 0.292810, 0.287551
929997522607, 0.292776, 0.287520
931349263193, 0.292748, 0.287493
932701003778, 0.292716, 0.287460
934052744363, 0.292688, 0.287432
935404484948, 0.292660, 0.287402
936756225533, 0.292626, 0.287368
938107966119, 0.292591, 0.287332
939459706704, 0.292562, 0.287302
940811447289, 0.292533, 0.287271
942163187874, 0.292501, 0.287238
943514928459, 0.292472, 0.287207
944866669045, 0.292439, 0.287174
946218409630, 0.292405, 0.287137
947570150215, 0.292377, 0.287108
948921890800, 0.292350, 0.287081
950273631385, 0.292323, 0.287052
951625371970, 0.292297, 0.287025
952977112556, 0.292268, 0.286999
954328853141, 0.292246, 0.286975
955680593726, 0.292216, 0.286948
957032334311, 0.292186, 0.286917
958384074896, 0.292157, 0.286891
959735815482, 0.292129, 0.286862
961087556067, 0.292100, 0.286829
962439296652, 0.292072, 0.286801
963791037237, 0.292040, 0.286771
965142777822, 0.292018, 0.286747
966494518407, 0.291988, 0.286719
967846258993, 0.291955, 0.286690
969197999578, 0.291925, 0.286662
970549740163, 0.291898, 0.286637
971901480748, 0.291877, 0.286614
973253221333, 0.291849, 0.286588
974604961919, 0.291828, 0.286567
975956702504, 0.291798, 0.286540
977308443089, 0.291779, 0.286520
978660183674, 0.291753, 0.286493
980011924259, 0.291727, 0.286465
981363664845, 0.291705, 0.286445
982715405430, 0.291681, 0.286422
984067146015, 0.291650, 0.286391
985418886600, 0.291623, 0.286365
986770627185, 0.291601, 0.286343
988122367770, 0.291576, 0.286319
989474108356, 0.291542, 0.286292
990825848941, 0.291515, 0.286267
992177589526, 0.291489, 0.286239
993529330111, 0.291467, 0.286218
994881070696, 0.291440, 0.286194
996232811282, 0.291420, 0.286172
997584551867, 0.291391, 0.286142
998936292452, 0.291365, 0.286117
1000288033037, 0.291339, 0.286094
1001639773622, 0.291319, 0.286074
1002991514208, 0.291296, 0.286053
1004343254793, 0.291275, 0.286031
1005694995378, 0.291249, 0.286005
1007046735963, 0.291228, 0.285983
1008398476548, 0.291204, 0.285959
1009750217133, 0.291180, 0.285938
1011101957719, 0.291159, 0.285918
1012453698304, 0.291137, 0.285895
1013805438889, 0.291118, 0.285875
1015157179474, 0.291094, 0.285852
1016508920059, 0.291070, 0.285827
1017860660645, 0.291048, 0.285805
1019212401230, 0.291023, 0.285782
1020564141815, 0.290999, 0.285758
1021915882400, 0.290979, 0.285737
1023267622985, 0.290955, 0.285712
1024619363570, 0.290935, 0.285694
1025971104156, 0.290917, 0.285675
1027322844741, 0.290896, 0.285656
1028674585326, 0.290875, 0.285635
1030026325911, 0.290854, 0.285615
1031378066496, 0.290832, 0.285592
1032729807082, 0.290805, 0.285566
1034081547667, 0.290787, 0.285548
1035433288252, 0.290771, 0.285531
1036785028837, 0.290752, 0.285510
1038136769422, 0.290732, 0.285490
1039488510008, 0.290712, 0.285470
1040840250593, 0.290694, 0.285451
1042191991178, 0.290679, 0.285435
1043543731763, 0.290660, 0.285416
1044895472348, 0.290641, 0.285399
1046247212933, 0.290621, 0.285378
1047598953519, 0.290604, 0.285360
1048950694104, 0.290586, 0.285343
1050302434689, 0.290565, 0.285327
1051654175274, 0.290549, 0.285310
1053005915859, 0.290528, 0.285290
1054357656445, 0.290507, 0.285269
1055709397030, 0.290486, 0.285251
1057061137615, 0.290463, 0.285228
1058412878200, 0.290443, 0.285209
1059764618785, 0.290427, 0.285193
1061116359371, 0.290412, 0.285177
1062468099956, 0.290391, 0.285158
1063819840541, 0.290372, 0.285140
1065171581126, 0.290355, 0.285123
1066523321711, 0.290337, 0.285103
1067875062296, 0.290317, 0.285084
1069226802882, 0.290303, 0.285070
1070578543467, 0.290288, 0.285056
1071930284052, 0.290270, 0.285036
1073282024637, 0.290254, 0.285019
1074633765222, 0.290237, 0.285000
1075985505808, 0.290219, 0.284984
1077337246393, 0.290200, 0.284966
1078688986978, 0.290174, 0.284946
1080040727563, 0.290156, 0.284928
1081392468148, 0.290134, 0.284907
1082744208733, 0.290118, 0.284891
1084095949319, 0.290101, 0.284875
1085447689904, 0.290084, 0.284856
1086799430489, 0.290069, 0.284840
1088151171074, 0.290052, 0.284823
1089502911659, 0.290036, 0.284805
1090854652245, 0.290019, 0.284790
1092206392830, 0.289996, 0.284774
1093558133415, 0.289978, 0.284756
1094909874000, 0.289965, 0.284742
1096261614585, 0.289952, 0.284729
1097613355171, 0.289931, 0.284711
1098965095756, 0.289910, 0.284692
1100316836341, 0.289889, 0.284674
1101668576926, 0.289872, 0.284657
1103020317511, 0.289857, 0.284642
1104372058096, 0.289845, 0.284629
1105723798682, 0.289830, 0.284614
1107075539267, 0.289813, 0.284599
1108427279852, 0.289804, 0.284588
1109779020437, 0.289787, 0.284571
1111130761022, 0.289775, 0.284557
1112482501608, 0.289760, 0.284545
1113834242193, 0.289743, 0.284528
1115185982778, 0.289726, 0.284514
1116537723363, 0.289713, 0.284500
1117889463948, 0.289698, 0.284487
1119241204534, 0.289684, 0.284473
1120592945119, 0.289671, 0.284459
1121944685704, 0.289655, 0.284442
1123296426289, 0.289638, 0.284426
1124648166874, 0.289625, 0.284412
1125999907459, 0.289613, 0.284399
1127351648045, 0.289601, 0.284385
1128703388630, 0.289584, 0.284371
1130055129215, 0.289572, 0.284359
1131406869800, 0.289558, 0.284346
1132758610385, 0.289544, 0.284332
1134110350971, 0.289528, 0.284316
1135462091556, 0.289515, 0.284302
1136813832141, 0.289501, 0.284288
1138165572726, 0.289494, 0.284279
1139517313311, 0.289480, 0.284266
1140869053896, 0.289469, 0.284255
1142220794482, 0.289458, 0.284242
1143572535067, 0.289444, 0.284227
1144924275652, 0.289428, 0.284213
1146276016237, 0.289417, 0.284203
1147627756822, 0.289402, 0.284188
1148979497408, 0.289384, 0.284171
1150331237993, 0.289376, 0.284164
1151682978578, 0.289362, 0.284149
1153034719163, 0.289350, 0.284138
1154386459748, 0.289338, 0.284126
1155738200334, 0.289325, 0.284112
1157089940919, 0.289309, 0.284099
1158441681504, 0.289298, 0.284088
1159793422089, 0.289286, 0.284074
1161145162674, 0.289279, 0.284065
1162496903259, 0.289269, 0.284055
1163848643845, 0.289256, 0.284044
1165200384430, 0.289243, 0.284033
1166552125015, 0.289231, 0.284022
1167903865600, 0.289219, 0.284009
1169255606185, 0.289203, 0.283992
1170607346771, 0.289190, 0.283979
1171959087356, 0.289183, 0.283971
1173310827941, 0.289169, 0.283957
1174662568526, 0.289158, 0.283946
1176014309111, 0.289148, 0.283936
1177366049697, 0.289136, 0.283925
1178717790282, 0.289124, 0.283913
1180069530867, 0.289116, 0.283906
1181421271452, 0.289107, 0.283896
1182773012037, 0.289097, 0.283885
1184124752622, 0.289088, 0.283877
1185476493208, 0.289080, 0.283870
1186828233793, 0.289069, 0.283859
1188179974378, 0.289060, 0.283851
1189531714963, 0.289048, 0.283841
1190883455548, 0.289039, 0.283833
1192235196134, 0.289029, 0.283823
1193586936719, 0.289017, 0.283813
1194938677304, 0.289005, 0.283803
1196290417889, 0.288996, 0.283793
1197642158474, 0.288987, 0.283784
1198993899059, 0.288976, 0.283774
1200345639645, 0.288968, 0.283765
1201697380230, 0.288960, 0.283756
1203049120815, 0.288951, 0.283748
1204400861400, 0.288941, 0.283739
1205752601985, 0.288933, 0.283730
1207104342571, 0.288922, 0.283721
1208456083156, 0.288917, 0.283715
1209807823741, 0.288903, 0.283705
1211159564326, 0.288896, 0.283698
1212511304911, 0.288884, 0.283688
1213863045497, 0.288877, 0.283682
1215214786082, 0.288868, 0.283674
1216566526667, 0.288860, 0.283664
1217918267252, 0.288851, 0.283658
1219270007837, 0.288842, 0.283649
1220621748422, 0.288833, 0.283641
1221973489008, 0.288826, 0.283633
1223325229593, 0.288821, 0.283628
1224676970178, 0.288811, 0.283622
1226028710763, 0.288801, 0.283615
1227380451348, 0.288793, 0.283607
1228732191934, 0.288790, 0.283603
1230083932519, 0.288783, 0.283596
1231435673104, 0.288772, 0.283588
1232787413689, 0.288762, 0.283578
1234139154274, 0.288756, 0.283572
1235490894860, 0.288750, 0.283566
1236842635445, 0.288745, 0.283560
1238194376030, 0.288738, 0.283553
1239546116615, 0.288732, 0.283547
1240897857200, 0.288724, 0.283539
1242249597785, 0.288716, 0.283531
1243601338371, 0.288711, 0.283526
1244953078956, 0.288703, 0.283517
1246304819541, 0.288697, 0.283510
1247656560126, 0.288693, 0.283506
1249008300711, 0.288685, 0.283499
1250360041297, 0.288681, 0.283493
1251711781882, 0.288674, 0.283486
1253063522467, 0.288667, 0.283477
1254415263052, 0.288662, 0.283473
1255767003637, 0.288653, 0.283465
1257118744222, 0.288650, 0.283461
1258470484808, 0.288644, 0.283457
1259822225393, 0.288638, 0.283451
1261173965978, 0.288634, 0.283446
1262525706563, 0.288627, 0.283439
1263877447148, 0.288623, 0.283435
1265229187734, 0.288621, 0.283432
1266580928319, 0.288616, 0.283427
1267932668904, 0.288611, 0.283422
1269284409489, 0.288604, 0.283417
1270636150074, 0.288597, 0.283412
1271987890660, 0.288591, 0.283405
1273339631245, 0.288587, 0.283400
1274691371830, 0.288580, 0.283395
1276043112415, 0.288575, 0.283390
1277394853000, 0.288574, 0.283388
1278746593585, 0.288571, 0.283385
1280098334171, 0.288566, 0.283380
1281450074756, 0.288562, 0.283375
1282801815341, 0.288558, 0.283372
1284153555926, 0.288554, 0.283368
1285505296511, 0.288546, 0.283362
1286857037097, 0.288543, 0.283360
1288208777682, 0.288540, 0.283357
1289560518267, 0.288538, 0.283354
1290912258852, 0.288536, 0.283352
1292263999437, 0.288533, 0.283349
1293615740023, 0.288531, 0.283347
1294967480608, 0.288529, 0.283344
1296319221193, 0.288526, 0.283342
1297670961778, 0.288522, 0.283338
1299022702363, 0.288521, 0.283335
1300374442948, 0.288518, 0.283332
1301726183534, 0.288516, 0.283331
1303077924119, 0.288515, 0.283330
1304429664704, 0.288508, 0.283326
1305781405289, 0.288506, 0.283324
1307133145874, 0.288505, 0.283323
1308484886460, 0.288501, 0.283319
1309836627045, 0.288499, 0.283317
1311188367630, 0.288498, 0.283316
1312540108215, 0.288497, 0.283315
1313891848800, 0.288495, 0.283313
1315243589385, 0.288492, 0.283311
1316595329971, 0.288491, 0.283310
1317947070556, 0.288489, 0.283308
1319298811141, 0.288488, 0.283306
1320650551726, 0.288488, 0.283306
1322002292311, 0.288485, 0.283302
1323354032897, 0.288483, 0.283301
1324705773482, 0.288482, 0.283299
1326057514067, 0.288480, 0.283298
1327409254652, 0.288478, 0.283296
1328760995237, 0.288475, 0.283293
1330112735823, 0.288474, 0.283292
1331464476408, 0.288473, 0.283291
1332816216993, 0.288471, 0.283289
1334167957578, 0.288471, 0.283289
1335519698163, 0.288470, 0.283288
1336871438748, 0.288469, 0.283288
1338223179334, 0.288469, 0.283287
1339574919919, 0.288468, 0.283286
1340926660504, 0.288467, 0.283285
1342278401089, 0.288466, 0.283284
1343630141674, 0.288466, 0.283284
1344981882260, 0.288465, 0.283283
1346333622845, 0.288465, 0.283283
1347685363430, 0.288465, 0.283283
1349037104015, 0.288464, 0.283282
1350388844600, 0.288464, 0.283282
1351740585186, 0.288464, 0.283282
Time used: 13448 ms
