logging to /opt/shards_res_1000/2016020300-2016020400_unique/tenant_5_profile_res-FIX_RATE-SHARDS-0.01.csvtracefile: /data1/tenant_trace/2016020300-2016020400_unique/tenant_5_trace
open file /data1/tenant_trace/2016020300-2016020400_unique/tenant_5_trace
read 1000000 lines
read 2000000 lines
read 3000000 lines
read 4000000 lines
read 5000000 lines
read 6000000 lines
read 7000000 lines
read 8000000 lines
read 9000000 lines
read 10000000 lines
read 11000000 lines
read 12000000 lines
read 13000000 lines
read 14000000 lines
read 15000000 lines
read 16000000 lines
read 17000000 lines
read 18000000 lines
read 19000000 lines
read 20000000 lines
read 21000000 lines
read 22000000 lines
read 23000000 lines
read 24000000 lines
read 25000000 lines
read 26000000 lines
read 27000000 lines
read 28000000 lines
read 29000000 lines
read 30000000 lines
read 31000000 lines
read 32000000 lines
read 33000000 lines
read 34000000 lines
read 35000000 lines
read 36000000 lines
read 37000000 lines
read 38000000 lines
read 39000000 lines
read 40000000 lines
read 41000000 lines
read 42000000 lines
read 43000000 lines
read 44000000 lines
read 45000000 lines
read 46000000 lines
read 47000000 lines
read 48000000 lines
read 49000000 lines
read 50000000 lines
read 51000000 lines
read 52000000 lines
read 53000000 lines
read 54000000 lines
read 55000000 lines
read 56000000 lines
read 57000000 lines
read 58000000 lines
read 59000000 lines
read 60000000 lines
read 61000000 lines
read 62000000 lines
read 63000000 lines
read 64000000 lines
read 65000000 lines
read 66000000 lines
read 67000000 lines
read 68000000 lines
read 69000000 lines
read 70000000 lines
read 71000000 lines
read 72000000 lines
read 73000000 lines
read 74000000 lines
read 75000000 lines
read 76000000 lines
read 77000000 lines
read 78000000 lines
read 79000000 lines
read 80000000 lines
read 81000000 lines
read 82000000 lines
read 83000000 lines
read 84000000 lines
read 85000000 lines
read 86000000 lines
read 87000000 lines
read 88000000 lines
read 89000000 lines
read 90000000 lines
read 91000000 lines
read 92000000 lines
read 93000000 lines
read 94000000 lines
read 95000000 lines
read 96000000 lines
read 97000000 lines
read 98000000 lines
read 99000000 lines
read 100000000 lines
read 101000000 lines
read 102000000 lines
read 103000000 lines
read 104000000 lines
read 105000000 lines
read 106000000 lines
read 107000000 lines
read 108000000 lines
read 109000000 lines
read 110000000 lines
read 111000000 lines
read 112000000 lines
read 113000000 lines
read 114000000 lines
read 115000000 lines
read 116000000 lines
read 117000000 lines
read 118000000 lines
read 119000000 lines
read 120000000 lines
read 121000000 lines
read 122000000 lines
read 123000000 lines
read 124000000 lines
read 125000000 lines
read 126000000 lines
read 127000000 lines
read 128000000 lines
read 129000000 lines
read 130000000 lines
read 131000000 lines
read 132000000 lines
read 133000000 lines
read 134000000 lines
read 135000000 lines
read 136000000 lines
read 137000000 lines
read 138000000 lines
read 139000000 lines
read 140000000 lines
read 141000000 lines
read 142000000 lines
read 143000000 lines
read 144000000 lines
read 145000000 lines
read 146000000 lines
read 147000000 lines
read 148000000 lines
read 149000000 lines
read 150000000 lines
read 151000000 lines
read 152000000 lines
read 153000000 lines
read 154000000 lines
read 155000000 lines
read 156000000 lines
read 157000000 lines
read 158000000 lines
read 159000000 lines
[FILE]: /data1/tenant_trace/2016020300-2016020400_unique/tenant_5_trace
total_access_num: 159071104
total_access_size: 6152720047561
unique_access_num: 44682554
unique_access_size: 1770669190248
min_item_size: 1
[method]: SHARDS
[metric]: MAE
[seed]: 42
[sample_method]: FIX_RATE
[sample_metric]: 0.01
MAEQ_factor: 1.028633
cache_size, BMRC_ratio, OMRC_ratio
1770669190, 0.870290, 0.879956
3541338380, 0.836372, 0.844168
5312007570, 0.810909, 0.817446
7082676760, 0.789559, 0.795183
8853345951, 0.771499, 0.776099
10624015141, 0.755563, 0.759279
12394684331, 0.740866, 0.743999
14165353521, 0.727645, 0.730230
15936022712, 0.715403, 0.717388
17706691902, 0.704154, 0.705527
19477361092, 0.693784, 0.694703
21248030282, 0.684045, 0.684532
23018699473, 0.674694, 0.674860
24789368663, 0.665864, 0.665755
26560037853, 0.657465, 0.657103
28330707043, 0.649588, 0.648976
30101376234, 0.642094, 0.641317
31872045424, 0.634972, 0.634021
33642714614, 0.628230, 0.627046
35413383804, 0.621666, 0.620337
37184052995, 0.615442, 0.613910
38954722185, 0.609407, 0.607709
40725391375, 0.603506, 0.601698
42496060565, 0.597915, 0.595972
44266729756, 0.592537, 0.590448
46037398946, 0.587297, 0.585077
47808068136, 0.582253, 0.579954
49578737326, 0.577491, 0.574991
51349406517, 0.572810, 0.570280
53120075707, 0.568254, 0.565677
54890744897, 0.563943, 0.561218
56661414087, 0.559670, 0.556898
58432083278, 0.555594, 0.552666
60202752468, 0.551563, 0.548564
61973421658, 0.547615, 0.544551
63744090848, 0.543754, 0.540579
65514760039, 0.540178, 0.536863
67285429229, 0.536695, 0.533304
69056098419, 0.533219, 0.529732
70826767609, 0.529859, 0.526331
72597436800, 0.526566, 0.522978
74368105990, 0.523484, 0.519758
76138775180, 0.520353, 0.516602
77909444370, 0.517377, 0.513504
79680113561, 0.514414, 0.510512
81450782751, 0.511572, 0.507600
83221451941, 0.508771, 0.504752
84992121131, 0.506068, 0.502016
86762790322, 0.503340, 0.499287
88533459512, 0.500738, 0.496636
90304128702, 0.498193, 0.494068
92074797892, 0.495619, 0.491440
93845467083, 0.493187, 0.488998
95616136273, 0.490778, 0.486584
97386805463, 0.488483, 0.484278
99157474653, 0.486242, 0.481940
100928143844, 0.483995, 0.479668
102698813034, 0.481725, 0.477405
104469482224, 0.479612, 0.475222
106240151414, 0.477493, 0.473037
108010820605, 0.475485, 0.470942
109781489795, 0.473449, 0.468842
111552158985, 0.471507, 0.466834
113322828175, 0.469540, 0.464829
115093497366, 0.467571, 0.462860
116864166556, 0.465679, 0.460947
118634835746, 0.463859, 0.459051
120405504936, 0.462034, 0.457153
122176174127, 0.460220, 0.455327
123946843317, 0.458578, 0.453599
125717512507, 0.456859, 0.451849
127488181697, 0.455157, 0.450157
129258850888, 0.453516, 0.448530
131029520078, 0.451935, 0.446879
132800189268, 0.450308, 0.445240
134570858458, 0.448713, 0.443638
136341527649, 0.447125, 0.442044
138112196839, 0.445574, 0.440499
139882866029, 0.444074, 0.438987
141653535219, 0.442602, 0.437500
143424204410, 0.441189, 0.436044
145194873600, 0.439710, 0.434547
146965542790, 0.438318, 0.433121
148736211980, 0.436866, 0.431672
150506881171, 0.435482, 0.430272
152277550361, 0.434126, 0.428905
154048219551, 0.432795, 0.427573
155818888741, 0.431493, 0.426236
157589557932, 0.430168, 0.424907
159360227122, 0.428880, 0.423607
161130896312, 0.427631, 0.422377
162901565502, 0.426440, 0.421176
164672234693, 0.425201, 0.419898
166442903883, 0.423988, 0.418678
168213573073, 0.422789, 0.417455
169984242263, 0.421589, 0.416280
171754911454, 0.420467, 0.415139
173525580644, 0.419382, 0.414004
175296249834, 0.418307, 0.412932
177066919024, 0.417187, 0.411835
178837588215, 0.416075, 0.410737
180608257405, 0.415045, 0.409702
182378926595, 0.414029, 0.408676
184149595785, 0.412982, 0.407645
185920264976, 0.411969, 0.406626
187690934166, 0.410995, 0.405645
189461603356, 0.410044, 0.404643
191232272546, 0.408968, 0.403601
193002941737, 0.408008, 0.402634
194773610927, 0.407021, 0.401676
196544280117, 0.406075, 0.400714
198314949307, 0.405142, 0.399773
200085618498, 0.404157, 0.398800
201856287688, 0.403206, 0.397860
203626956878, 0.402278, 0.396923
205397626068, 0.401400, 0.396014
207168295259, 0.400505, 0.395084
208938964449, 0.399577, 0.394139
210709633639, 0.398653, 0.393226
212480302829, 0.397790, 0.392326
214250972020, 0.396967, 0.391482
216021641210, 0.396141, 0.390622
217792310400, 0.395336, 0.389797
219562979590, 0.394508, 0.388961
221333648781, 0.393736, 0.388164
223104317971, 0.392903, 0.387324
224874987161, 0.392097, 0.386551
226645656351, 0.391316, 0.385762
228416325541, 0.390492, 0.384939
230186994732, 0.389742, 0.384164
231957663922, 0.388984, 0.383415
233728333112, 0.388206, 0.382614
235499002302, 0.387477, 0.381866
237269671493, 0.386792, 0.381162
239040340683, 0.386038, 0.380407
240811009873, 0.385355, 0.379726
242581679063, 0.384678, 0.379042
244352348254, 0.383998, 0.378358
246123017444, 0.383287, 0.377640
247893686634, 0.382606, 0.376962
249664355824, 0.381933, 0.376275
251435025015, 0.381297, 0.375620
253205694205, 0.380642, 0.374964
254976363395, 0.380005, 0.374326
256747032585, 0.379355, 0.373679
258517701776, 0.378678, 0.373033
260288370966, 0.378049, 0.372408
262059040156, 0.377431, 0.371785
263829709346, 0.376815, 0.371180
265600378537, 0.376201, 0.370558
267371047727, 0.375568, 0.369909
269141716917, 0.374962, 0.369294
270912386107, 0.374324, 0.368626
272683055298, 0.373747, 0.368038
274453724488, 0.373171, 0.367440
276224393678, 0.372601, 0.366860
277995062868, 0.372040, 0.366289
279765732059, 0.371494, 0.365725
281536401249, 0.370947, 0.365188
283307070439, 0.370383, 0.364624
285077739629, 0.369817, 0.364057
286848408820, 0.369280, 0.363515
288619078010, 0.368688, 0.362948
290389747200, 0.368163, 0.362426
292160416390, 0.367611, 0.361871
293931085581, 0.367055, 0.361308
295701754771, 0.366527, 0.360767
297472423961, 0.366027, 0.360255
299243093151, 0.365508, 0.359758
301013762342, 0.364976, 0.359205
302784431532, 0.364514, 0.358726
304555100722, 0.364048, 0.358245
306325769912, 0.363559, 0.357738
308096439103, 0.363055, 0.357240
309867108293, 0.362546, 0.356728
311637777483, 0.362062, 0.356241
313408446673, 0.361560, 0.355743
315179115864, 0.361102, 0.355298
316949785054, 0.360607, 0.354819
318720454244, 0.360180, 0.354365
320491123434, 0.359679, 0.353883
322261792625, 0.359214, 0.353410
324032461815, 0.358760, 0.352964
325803131005, 0.358298, 0.352510
327573800195, 0.357861, 0.352053
329344469386, 0.357441, 0.351625
331115138576, 0.357006, 0.351188
332885807766, 0.356562, 0.350732
334656476956, 0.356148, 0.350303
336427146147, 0.355726, 0.349864
338197815337, 0.355294, 0.349429
339968484527, 0.354885, 0.348994
341739153717, 0.354463, 0.348550
343509822908, 0.354045, 0.348124
345280492098, 0.353658, 0.347709
347051161288, 0.353239, 0.347279
348821830478, 0.352859, 0.346881
350592499669, 0.352418, 0.346439
352363168859, 0.351982, 0.346010
354133838049, 0.351578, 0.345601
355904507239, 0.351161, 0.345187
357675176430, 0.350805, 0.344801
359445845620, 0.350439, 0.344425
361216514810, 0.350063, 0.344048
362987184000, 0.349677, 0.343656
364757853191, 0.349348, 0.343309
366528522381, 0.348991, 0.342937
368299191571, 0.348587, 0.342542
370069860761, 0.348225, 0.342183
371840529952, 0.347881, 0.341845
373611199142, 0.347521, 0.341490
375381868332, 0.347171, 0.341107
377152537522, 0.346868, 0.340784
378923206713, 0.346524, 0.340440
380693875903, 0.346184, 0.340067
382464545093, 0.345843, 0.339725
384235214283, 0.345503, 0.339375
386005883474, 0.345157, 0.339016
387776552664, 0.344792, 0.338649
389547221854, 0.344454, 0.338298
391317891044, 0.344093, 0.337937
393088560235, 0.343774, 0.337596
394859229425, 0.343459, 0.337269
396629898615, 0.343145, 0.336952
398400567805, 0.342848, 0.336644
400171236996, 0.342532, 0.336321
401941906186, 0.342200, 0.336000
403712575376, 0.341911, 0.335693
405483244566, 0.341599, 0.335378
407253913757, 0.341265, 0.335035
409024582947, 0.340912, 0.334684
410795252137, 0.340600, 0.334365
412565921327, 0.340336, 0.334080
414336590518, 0.340014, 0.333765
416107259708, 0.339723, 0.333472
417877928898, 0.339397, 0.333144
419648598088, 0.339083, 0.332832
421419267279, 0.338783, 0.332533
423189936469, 0.338468, 0.332225
424960605659, 0.338168, 0.331921
426731274849, 0.337843, 0.331610
428501944040, 0.337560, 0.331309
430272613230, 0.337304, 0.331030
432043282420, 0.336994, 0.330718
433813951610, 0.336714, 0.330440
435584620801, 0.336433, 0.330147
437355289991, 0.336156, 0.329870
439125959181, 0.335864, 0.329573
440896628371, 0.335575, 0.329297
442667297562, 0.335307, 0.329022
444437966752, 0.335030, 0.328732
446208635942, 0.334764, 0.328464
447979305132, 0.334495, 0.328190
449749974322, 0.334220, 0.327922
451520643513, 0.333973, 0.327670
453291312703, 0.333693, 0.327391
455061981893, 0.333454, 0.327137
456832651083, 0.333183, 0.326858
458603320274, 0.332904, 0.326575
460373989464, 0.332672, 0.326328
462144658654, 0.332400, 0.326048
463915327844, 0.332177, 0.325810
465685997035, 0.331940, 0.325580
467456666225, 0.331700, 0.325344
469227335415, 0.331437, 0.325075
470998004605, 0.331190, 0.324821
472768673796, 0.330940, 0.324566
474539342986, 0.330691, 0.324304
476310012176, 0.330444, 0.324059
478080681366, 0.330213, 0.323826
479851350557, 0.329991, 0.323602
481622019747, 0.329763, 0.323362
483392688937, 0.329529, 0.323120
485163358127, 0.329297, 0.322881
486934027318, 0.329064, 0.322637
488704696508, 0.328837, 0.322405
490475365698, 0.328623, 0.322182
492246034888, 0.328414, 0.321960
494016704079, 0.328208, 0.321745
495787373269, 0.327976, 0.321520
497558042459, 0.327748, 0.321292
499328711649, 0.327512, 0.321051
501099380840, 0.327293, 0.320823
502870050030, 0.327081, 0.320598
504640719220, 0.326871, 0.320384
506411388410, 0.326664, 0.320168
508182057601, 0.326443, 0.319937
509952726791, 0.326232, 0.319718
511723395981, 0.326035, 0.319504
513494065171, 0.325810, 0.319281
515264734362, 0.325591, 0.319068
517035403552, 0.325375, 0.318861
518806072742, 0.325142, 0.318631
520576741932, 0.324931, 0.318412
522347411123, 0.324708, 0.318207
524118080313, 0.324510, 0.318006
525888749503, 0.324307, 0.317789
527659418693, 0.324095, 0.317581
529430087884, 0.323890, 0.317376
531200757074, 0.323708, 0.317186
532971426264, 0.323506, 0.316980
534742095454, 0.323303, 0.316775
536512764645, 0.323100, 0.316580
538283433835, 0.322903, 0.316376
540054103025, 0.322716, 0.316181
541824772215, 0.322531, 0.315999
543595441406, 0.322348, 0.315813
545366110596, 0.322184, 0.315641
547136779786, 0.322012, 0.315451
548907448976, 0.321823, 0.315254
550678118167, 0.321660, 0.315078
552448787357, 0.321477, 0.314885
554219456547, 0.321311, 0.314712
555990125737, 0.321161, 0.314538
557760794928, 0.321013, 0.314378
559531464118, 0.320824, 0.314193
561302133308, 0.320684, 0.314037
563072802498, 0.320493, 0.313847
564843471689, 0.320295, 0.313653
566614140879, 0.320143, 0.313500
568384810069, 0.319974, 0.313322
570155479259, 0.319778, 0.313120
571926148450, 0.319579, 0.312949
573696817640, 0.319400, 0.312775
575467486830, 0.319232, 0.312604
577238156020, 0.319063, 0.312422
579008825211, 0.318911, 0.312260
580779494401, 0.318732, 0.312092
582550163591, 0.318547, 0.311916
584320832781, 0.318392, 0.311763
586091501972, 0.318224, 0.311602
587862171162, 0.318063, 0.311449
589632840352, 0.317905, 0.311287
591403509542, 0.317746, 0.311121
593174178733, 0.317569, 0.310942
594944847923, 0.317409, 0.310792
596715517113, 0.317252, 0.310634
598486186303, 0.317107, 0.310488
600256855494, 0.316958, 0.310334
602027524684, 0.316807, 0.310190
603798193874, 0.316637, 0.310015
605568863064, 0.316484, 0.309861
607339532255, 0.316324, 0.309699
609110201445, 0.316168, 0.309540
610880870635, 0.316021, 0.309386
612651539825, 0.315882, 0.309247
614422209016, 0.315726, 0.309100
616192878206, 0.315593, 0.308954
617963547396, 0.315467, 0.308808
619734216586, 0.315336, 0.308669
621504885777, 0.315191, 0.308517
623275554967, 0.315043, 0.308372
625046224157, 0.314906, 0.308236
626816893347, 0.314757, 0.308086
628587562538, 0.314638, 0.307954
630358231728, 0.314497, 0.307810
632128900918, 0.314354, 0.307669
633899570108, 0.314206, 0.307516
635670239299, 0.314067, 0.307368
637440908489, 0.313924, 0.307223
639211577679, 0.313805, 0.307096
640982246869, 0.313685, 0.306963
642752916060, 0.313550, 0.306823
644523585250, 0.313403, 0.306671
646294254440, 0.313280, 0.306545
648064923630, 0.313147, 0.306419
649835592821, 0.312996, 0.306271
651606262011, 0.312870, 0.306140
653376931201, 0.312742, 0.306010
655147600391, 0.312591, 0.305867
656918269582, 0.312469, 0.305731
658688938772, 0.312332, 0.305593
660459607962, 0.312203, 0.305462
662230277152, 0.312077, 0.305335
664000946343, 0.311952, 0.305203
665771615533, 0.311820, 0.305068
667542284723, 0.311689, 0.304937
669312953913, 0.311581, 0.304817
671083623103, 0.311444, 0.304681
672854292294, 0.311321, 0.304551
674624961484, 0.311198, 0.304424
676395630674, 0.311068, 0.304294
678166299864, 0.310962, 0.304178
679936969055, 0.310830, 0.304046
681707638245, 0.310688, 0.303909
683478307435, 0.310574, 0.303786
685248976625, 0.310462, 0.303669
687019645816, 0.310347, 0.303559
688790315006, 0.310223, 0.303435
690560984196, 0.310103, 0.303311
692331653386, 0.309984, 0.303188
694102322577, 0.309861, 0.303068
695872991767, 0.309737, 0.302937
697643660957, 0.309611, 0.302806
699414330147, 0.309497, 0.302689
701184999338, 0.309369, 0.302568
702955668528, 0.309275, 0.302460
704726337718, 0.309157, 0.302337
706497006908, 0.309028, 0.302208
708267676099, 0.308922, 0.302094
710038345289, 0.308803, 0.301972
711809014479, 0.308693, 0.301856
713579683669, 0.308591, 0.301749
715350352860, 0.308479, 0.301627
717121022050, 0.308358, 0.301510
718891691240, 0.308250, 0.301407
720662360430, 0.308153, 0.301299
722433029621, 0.308050, 0.301202
724203698811, 0.307933, 0.301082
725974368001, 0.307851, 0.300987
727745037191, 0.307730, 0.300872
729515706382, 0.307646, 0.300788
731286375572, 0.307545, 0.300688
733057044762, 0.307470, 0.300608
734827713952, 0.307371, 0.300499
736598383143, 0.307294, 0.300417
738369052333, 0.307210, 0.300329
740139721523, 0.307092, 0.300214
741910390713, 0.306974, 0.300109
743681059904, 0.306876, 0.300020
745451729094, 0.306785, 0.299922
747222398284, 0.306672, 0.299814
748993067474, 0.306570, 0.299712
750763736665, 0.306464, 0.299602
752534405855, 0.306358, 0.299491
754305075045, 0.306261, 0.299390
756075744235, 0.306171, 0.299295
757846413426, 0.306079, 0.299200
759617082616, 0.305980, 0.299103
761387751806, 0.305895, 0.299010
763158420996, 0.305799, 0.298910
764929090187, 0.305708, 0.298818
766699759377, 0.305629, 0.298729
768470428567, 0.305536, 0.298628
770241097757, 0.305441, 0.298541
772011766948, 0.305346, 0.298445
773782436138, 0.305239, 0.298337
775553105328, 0.305150, 0.298244
777323774518, 0.305062, 0.298154
779094443709, 0.304967, 0.298054
780865112899, 0.304878, 0.297959
782635782089, 0.304771, 0.297854
784406451279, 0.304692, 0.297774
786177120470, 0.304580, 0.297664
787947789660, 0.304482, 0.297561
789718458850, 0.304399, 0.297477
791489128040, 0.304314, 0.297387
793259797231, 0.304224, 0.297300
795030466421, 0.304140, 0.297209
796801135611, 0.304058, 0.297131
798571804801, 0.303968, 0.297043
800342473992, 0.303887, 0.296955
802113143182, 0.303804, 0.296870
803883812372, 0.303717, 0.296789
805654481562, 0.303646, 0.296716
807425150753, 0.303565, 0.296633
809195819943, 0.303484, 0.296551
810966489133, 0.303392, 0.296459
812737158323, 0.303319, 0.296385
814507827514, 0.303244, 0.296310
816278496704, 0.303165, 0.296230
818049165894, 0.303085, 0.296144
819819835084, 0.302997, 0.296056
821590504275, 0.302922, 0.295980
823361173465, 0.302854, 0.295905
825131842655, 0.302768, 0.295819
826902511845, 0.302677, 0.295728
828673181036, 0.302601, 0.295658
830443850226, 0.302521, 0.295581
832214519416, 0.302454, 0.295506
833985188606, 0.302391, 0.295437
835755857797, 0.302322, 0.295369
837526526987, 0.302250, 0.295292
839297196177, 0.302176, 0.295215
841067865367, 0.302091, 0.295126
842838534558, 0.302030, 0.295061
844609203748, 0.301940, 0.294976
846379872938, 0.301847, 0.294881
848150542128, 0.301771, 0.294803
849921211319, 0.301703, 0.294734
851691880509, 0.301629, 0.294658
853462549699, 0.301541, 0.294575
855233218889, 0.301479, 0.294507
857003888080, 0.301413, 0.294439
858774557270, 0.301344, 0.294369
860545226460, 0.301272, 0.294283
862315895650, 0.301211, 0.294222
864086564841, 0.301128, 0.294143
865857234031, 0.301055, 0.294068
867627903221, 0.300984, 0.293996
869398572411, 0.300921, 0.293929
871169241602, 0.300842, 0.293852
872939910792, 0.300773, 0.293788
874710579982, 0.300716, 0.293722
876481249172, 0.300658, 0.293657
878251918363, 0.300607, 0.293600
880022587553, 0.300547, 0.293536
881793256743, 0.300477, 0.293471
883563925933, 0.300408, 0.293400
885334595124, 0.300337, 0.293331
887105264314, 0.300273, 0.293267
888875933504, 0.300223, 0.293208
890646602694, 0.300149, 0.293135
892417271884, 0.300081, 0.293070
894187941075, 0.300018, 0.292999
895958610265, 0.299952, 0.292932
897729279455, 0.299886, 0.292865
899499948645, 0.299836, 0.292809
901270617836, 0.299763, 0.292743
903041287026, 0.299703, 0.292677
904811956216, 0.299651, 0.292618
906582625406, 0.299581, 0.292550
908353294597, 0.299514, 0.292482
910123963787, 0.299446, 0.292412
911894632977, 0.299400, 0.292361
913665302167, 0.299336, 0.292299
915435971358, 0.299272, 0.292230
917206640548, 0.299208, 0.292163
918977309738, 0.299149, 0.292109
920747978928, 0.299088, 0.292053
922518648119, 0.299022, 0.291984
924289317309, 0.298966, 0.291926
926059986499, 0.298906, 0.291864
927830655689, 0.298858, 0.291809
929601324880, 0.298799, 0.291741
931371994070, 0.298723, 0.291664
933142663260, 0.298649, 0.291593
934913332450, 0.298599, 0.291536
936684001641, 0.298535, 0.291468
938454670831, 0.298482, 0.291411
940225340021, 0.298419, 0.291357
941996009211, 0.298367, 0.291306
943766678402, 0.298316, 0.291254
945537347592, 0.298258, 0.291198
947308016782, 0.298195, 0.291138
949078685972, 0.298137, 0.291076
950849355163, 0.298083, 0.291020
952620024353, 0.298028, 0.290960
954390693543, 0.297965, 0.290901
956161362733, 0.297908, 0.290840
957932031924, 0.297851, 0.290779
959702701114, 0.297782, 0.290718
961473370304, 0.297718, 0.290652
963244039494, 0.297662, 0.290596
965014708685, 0.297583, 0.290523
966785377875, 0.297528, 0.290476
968556047065, 0.297469, 0.290414
970326716255, 0.297419, 0.290363
972097385446, 0.297373, 0.290317
973868054636, 0.297316, 0.290265
975638723826, 0.297256, 0.290203
977409393016, 0.297218, 0.290161
979180062207, 0.297165, 0.290106
980950731397, 0.297108, 0.290051
982721400587, 0.297059, 0.289994
984492069777, 0.297021, 0.289956
986262738968, 0.296977, 0.289909
988033408158, 0.296920, 0.289846
989804077348, 0.296872, 0.289800
991574746538, 0.296821, 0.289753
993345415729, 0.296765, 0.289697
995116084919, 0.296704, 0.289634
996886754109, 0.296662, 0.289588
998657423299, 0.296622, 0.289545
1000428092490, 0.296578, 0.289496
1002198761680, 0.296534, 0.289454
1003969430870, 0.296470, 0.289392
1005740100060, 0.296418, 0.289340
1007510769251, 0.296384, 0.289295
1009281438441, 0.296332, 0.289241
1011052107631, 0.296293, 0.289197
1012822776821, 0.296249, 0.289155
1014593446012, 0.296208, 0.289115
1016364115202, 0.296166, 0.289070
1018134784392, 0.296110, 0.289019
1019905453582, 0.296065, 0.288971
1021676122773, 0.296014, 0.288926
1023446791963, 0.295980, 0.288888
1025217461153, 0.295943, 0.288848
1026988130343, 0.295896, 0.288808
1028758799534, 0.295855, 0.288760
1030529468724, 0.295808, 0.288717
1032300137914, 0.295757, 0.288671
1034070807104, 0.295718, 0.288632
1035841476295, 0.295682, 0.288589
1037612145485, 0.295646, 0.288551
1039382814675, 0.295596, 0.288499
1041153483865, 0.295560, 0.288459
1042924153056, 0.295516, 0.288410
1044694822246, 0.295472, 0.288362
1046465491436, 0.295431, 0.288323
1048236160626, 0.295389, 0.288281
1050006829817, 0.295346, 0.288238
1051777499007, 0.295318, 0.288208
1053548168197, 0.295275, 0.288164
1055318837387, 0.295229, 0.288122
1057089506578, 0.295191, 0.288079
1058860175768, 0.295150, 0.288035
1060630844958, 0.295110, 0.287992
1062401514148, 0.295064, 0.287945
1064172183339, 0.295026, 0.287906
1065942852529, 0.294985, 0.287862
1067713521719, 0.294924, 0.287807
1069484190909, 0.294867, 0.287756
1071254860100, 0.294828, 0.287714
1073025529290, 0.294788, 0.287672
1074796198480, 0.294753, 0.287637
1076566867670, 0.294720, 0.287600
1078337536861, 0.294677, 0.287556
1080108206051, 0.294631, 0.287512
1081878875241, 0.294589, 0.287474
1083649544431, 0.294544, 0.287427
1085420213622, 0.294494, 0.287382
1087190882812, 0.294458, 0.287341
1088961552002, 0.294417, 0.287299
1090732221192, 0.294382, 0.287265
1092502890383, 0.294347, 0.287226
1094273559573, 0.294310, 0.287191
1096044228763, 0.294272, 0.287145
1097814897953, 0.294240, 0.287114
1099585567144, 0.294212, 0.287084
1101356236334, 0.294167, 0.287036
1103126905524, 0.294135, 0.286997
1104897574714, 0.294082, 0.286956
1106668243905, 0.294051, 0.286920
1108438913095, 0.294025, 0.286893
1110209582285, 0.293989, 0.286858
1111980251475, 0.293954, 0.286821
1113750920665, 0.293919, 0.286787
1115521589856, 0.293891, 0.286751
1117292259046, 0.293866, 0.286721
1119062928236, 0.293830, 0.286689
1120833597426, 0.293786, 0.286647
1122604266617, 0.293758, 0.286618
1124374935807, 0.293729, 0.286587
1126145604997, 0.293696, 0.286553
1127916274187, 0.293658, 0.286510
1129686943378, 0.293629, 0.286486
1131457612568, 0.293595, 0.286454
1133228281758, 0.293560, 0.286422
1134998950948, 0.293519, 0.286382
1136769620139, 0.293489, 0.286349
1138540289329, 0.293463, 0.286322
1140310958519, 0.293418, 0.286274
1142081627709, 0.293390, 0.286245
1143852296900, 0.293350, 0.286205
1145622966090, 0.293316, 0.286166
1147393635280, 0.293285, 0.286132
1149164304470, 0.293254, 0.286096
1150934973661, 0.293225, 0.286064
1152705642851, 0.293198, 0.286039
1154476312041, 0.293158, 0.286001
1156246981231, 0.293122, 0.285965
1158017650422, 0.293097, 0.285937
1159788319612, 0.293075, 0.285911
1161558988802, 0.293051, 0.285882
1163329657992, 0.293027, 0.285855
1165100327183, 0.292993, 0.285821
1166870996373, 0.292963, 0.285794
1168641665563, 0.292929, 0.285763
1170412334753, 0.292903, 0.285734
1172183003944, 0.292873, 0.285703
1173953673134, 0.292839, 0.285670
1175724342324, 0.292809, 0.285639
1177495011514, 0.292778, 0.285607
1179265680705, 0.292747, 0.285574
1181036349895, 0.292712, 0.285541
1182807019085, 0.292683, 0.285508
1184577688275, 0.292650, 0.285481
1186348357466, 0.292617, 0.285447
1188119026656, 0.292580, 0.285418
1189889695846, 0.292552, 0.285384
1191660365036, 0.292521, 0.285353
1193431034227, 0.292489, 0.285316
1195201703417, 0.292468, 0.285294
1196972372607, 0.292445, 0.285266
1198743041797, 0.292413, 0.285237
1200513710988, 0.292382, 0.285206
1202284380178, 0.292351, 0.285176
1204055049368, 0.292322, 0.285148
1205825718558, 0.292292, 0.285115
1207596387749, 0.292265, 0.285088
1209367056939, 0.292238, 0.285059
1211137726129, 0.292216, 0.285034
1212908395319, 0.292182, 0.285005
1214679064510, 0.292155, 0.284976
1216449733700, 0.292126, 0.284950
1218220402890, 0.292097, 0.284923
1219991072080, 0.292068, 0.284893
1221761741271, 0.292045, 0.284864
1223532410461, 0.292017, 0.284836
1225303079651, 0.291990, 0.284808
1227073748841, 0.291969, 0.284782
1228844418032, 0.291942, 0.284755
1230615087222, 0.291919, 0.284729
1232385756412, 0.291895, 0.284702
1234156425602, 0.291874, 0.284677
1235927094793, 0.291839, 0.284651
1237697763983, 0.291813, 0.284624
1239468433173, 0.291791, 0.284598
1241239102363, 0.291767, 0.284570
1243009771554, 0.291745, 0.284544
1244780440744, 0.291727, 0.284523
1246551109934, 0.291707, 0.284500
1248321779124, 0.291687, 0.284474
1250092448315, 0.291671, 0.284455
1251863117505, 0.291651, 0.284433
1253633786695, 0.291626, 0.284404
1255404455885, 0.291608, 0.284387
1257175125076, 0.291591, 0.284368
1258945794266, 0.291560, 0.284345
1260716463456, 0.291541, 0.284325
1262487132646, 0.291517, 0.284301
1264257801837, 0.291493, 0.284277
1266028471027, 0.291470, 0.284257
1267799140217, 0.291441, 0.284229
1269569809407, 0.291419, 0.284200
1271340478598, 0.291391, 0.284177
1273111147788, 0.291365, 0.284151
1274881816978, 0.291344, 0.284128
1276652486168, 0.291328, 0.284109
1278423155359, 0.291305, 0.284091
1280193824549, 0.291284, 0.284069
1281964493739, 0.291269, 0.284052
1283735162929, 0.291231, 0.284020
1285505832120, 0.291213, 0.284001
1287276501310, 0.291188, 0.283978
1289047170500, 0.291164, 0.283955
1290817839690, 0.291142, 0.283932
1292588508881, 0.291120, 0.283908
1294359178071, 0.291100, 0.283888
1296129847261, 0.291072, 0.283859
1297900516451, 0.291050, 0.283835
1299671185642, 0.291029, 0.283816
1301441854832, 0.291005, 0.283791
1303212524022, 0.290980, 0.283769
1304983193212, 0.290960, 0.283747
1306753862403, 0.290937, 0.283724
1308524531593, 0.290920, 0.283706
1310295200783, 0.290901, 0.283686
1312065869973, 0.290875, 0.283662
1313836539164, 0.290850, 0.283640
1315607208354, 0.290830, 0.283620
1317377877544, 0.290806, 0.283594
1319148546734, 0.290786, 0.283574
1320919215925, 0.290763, 0.283551
1322689885115, 0.290743, 0.283532
1324460554305, 0.290726, 0.283513
1326231223495, 0.290710, 0.283495
1328001892686, 0.290693, 0.283474
1329772561876, 0.290673, 0.283455
1331543231066, 0.290650, 0.283436
1333313900256, 0.290633, 0.283418
1335084569446, 0.290619, 0.283403
1336855238637, 0.290600, 0.283385
1338625907827, 0.290575, 0.283364
1340396577017, 0.290555, 0.283342
1342167246207, 0.290531, 0.283321
1343937915398, 0.290511, 0.283304
1345708584588, 0.290480, 0.283280
1347479253778, 0.290451, 0.283260
1349249922968, 0.290440, 0.283247
1351020592159, 0.290422, 0.283226
1352791261349, 0.290408, 0.283210
1354561930539, 0.290399, 0.283200
1356332599729, 0.290385, 0.283187
1358103268920, 0.290364, 0.283169
1359873938110, 0.290340, 0.283148
1361644607300, 0.290313, 0.283126
1363415276490, 0.290302, 0.283111
1365185945681, 0.290291, 0.283100
1366956614871, 0.290275, 0.283083
1368727284061, 0.290257, 0.283065
1370497953251, 0.290234, 0.283039
1372268622442, 0.290226, 0.283029
1374039291632, 0.290208, 0.283007
1375809960822, 0.290185, 0.282984
1377580630012, 0.290165, 0.282964
1379351299203, 0.290150, 0.282948
1381121968393, 0.290135, 0.282934
1382892637583, 0.290121, 0.282919
1384663306773, 0.290086, 0.282896
1386433975964, 0.290075, 0.282883
1388204645154, 0.290057, 0.282866
1389975314344, 0.290042, 0.282850
1391745983534, 0.290025, 0.282831
1393516652725, 0.290011, 0.282815
1395287321915, 0.290001, 0.282806
1397057991105, 0.289990, 0.282794
1398828660295, 0.289977, 0.282779
1400599329486, 0.289966, 0.282769
1402369998676, 0.289940, 0.282757
1404140667866, 0.289926, 0.282741
1405911337056, 0.289916, 0.282727
1407682006247, 0.289897, 0.282708
1409452675437, 0.289885, 0.282692
1411223344627, 0.289871, 0.282681
1412994013817, 0.289846, 0.282666
1414764683008, 0.289830, 0.282648
1416535352198, 0.289819, 0.282635
1418306021388, 0.289807, 0.282621
1420076690578, 0.289793, 0.282602
1421847359769, 0.289775, 0.282586
1423618028959, 0.289761, 0.282572
1425388698149, 0.289751, 0.282563
1427159367339, 0.289742, 0.282553
1428930036530, 0.289725, 0.282538
1430700705720, 0.289716, 0.282530
1432471374910, 0.289703, 0.282516
1434242044100, 0.289693, 0.282505
1436012713291, 0.289683, 0.282493
1437783382481, 0.289668, 0.282477
1439554051671, 0.289658, 0.282469
1441324720861, 0.289641, 0.282453
1443095390052, 0.289632, 0.282441
1444866059242, 0.289627, 0.282435
1446636728432, 0.289614, 0.282422
1448407397622, 0.289608, 0.282411
1450178066813, 0.289596, 0.282396
1451948736003, 0.289581, 0.282381
1453719405193, 0.289571, 0.282369
1455490074383, 0.289557, 0.282357
1457260743574, 0.289545, 0.282344
1459031412764, 0.289531, 0.282332
1460802081954, 0.289521, 0.282321
1462572751144, 0.289514, 0.282311
1464343420335, 0.289500, 0.282300
1466114089525, 0.289489, 0.282288
1467884758715, 0.289480, 0.282276
1469655427905, 0.289468, 0.282264
1471426097096, 0.289456, 0.282252
1473196766286, 0.289445, 0.282242
1474967435476, 0.289431, 0.282229
1476738104666, 0.289418, 0.282212
1478508773857, 0.289405, 0.282201
1480279443047, 0.289396, 0.282193
1482050112237, 0.289387, 0.282185
1483820781427, 0.289376, 0.282171
1485591450618, 0.289359, 0.282157
1487362119808, 0.289346, 0.282144
1489132788998, 0.289336, 0.282132
1490903458188, 0.289324, 0.282119
1492674127379, 0.289316, 0.282111
1494444796569, 0.289311, 0.282105
1496215465759, 0.289299, 0.282091
1497986134949, 0.289289, 0.282080
1499756804140, 0.289283, 0.282071
1501527473330, 0.289270, 0.282060
1503298142520, 0.289261, 0.282051
1505068811710, 0.289252, 0.282044
1506839480901, 0.289244, 0.282034
1508610150091, 0.289238, 0.282027
1510380819281, 0.289229, 0.282017
1512151488471, 0.289219, 0.282007
1513922157662, 0.289211, 0.281998
1515692826852, 0.289203, 0.281990
1517463496042, 0.289191, 0.281976
1519234165232, 0.289185, 0.281966
1521004834423, 0.289173, 0.281954
1522775503613, 0.289164, 0.281947
1524546172803, 0.289157, 0.281939
1526316841993, 0.289144, 0.281927
1528087511184, 0.289135, 0.281916
1529858180374, 0.289128, 0.281909
1531628849564, 0.289119, 0.281898
1533399518754, 0.289110, 0.281888
1535170187945, 0.289105, 0.281880
1536940857135, 0.289098, 0.281873
1538711526325, 0.289095, 0.281868
1540482195515, 0.289087, 0.281861
1542252864706, 0.289081, 0.281854
1544023533896, 0.289069, 0.281843
1545794203086, 0.289066, 0.281839
1547564872276, 0.289056, 0.281830
1549335541467, 0.289047, 0.281820
1551106210657, 0.289038, 0.281810
1552876879847, 0.289033, 0.281805
1554647549037, 0.289020, 0.281793
1556418218227, 0.289014, 0.281784
1558188887418, 0.289003, 0.281773
1559959556608, 0.288993, 0.281761
1561730225798, 0.288987, 0.281753
1563500894988, 0.288983, 0.281749
1565271564179, 0.288979, 0.281744
1567042233369, 0.288972, 0.281736
1568812902559, 0.288963, 0.281727
1570583571749, 0.288957, 0.281720
1572354240940, 0.288950, 0.281714
1574124910130, 0.288941, 0.281707
1575895579320, 0.288937, 0.281702
1577666248510, 0.288931, 0.281695
1579436917701, 0.288921, 0.281684
1581207586891, 0.288915, 0.281677
1582978256081, 0.288909, 0.281670
1584748925271, 0.288895, 0.281661
1586519594462, 0.288888, 0.281655
1588290263652, 0.288883, 0.281648
1590060932842, 0.288878, 0.281641
1591831602032, 0.288868, 0.281633
1593602271223, 0.288865, 0.281627
1595372940413, 0.288858, 0.281621
1597143609603, 0.288853, 0.281614
1598914278793, 0.288841, 0.281604
1600684947984, 0.288838, 0.281600
1602455617174, 0.288833, 0.281595
1604226286364, 0.288823, 0.281586
1605996955554, 0.288818, 0.281580
1607767624745, 0.288810, 0.281573
1609538293935, 0.288804, 0.281567
1611308963125, 0.288801, 0.281562
1613079632315, 0.288797, 0.281558
1614850301506, 0.288794, 0.281553
1616620970696, 0.288788, 0.281547
1618391639886, 0.288781, 0.281541
1620162309076, 0.288772, 0.281532
1621932978267, 0.288769, 0.281528
1623703647457, 0.288764, 0.281524
1625474316647, 0.288755, 0.281516
1627244985837, 0.288750, 0.281512
1629015655028, 0.288738, 0.281504
1630786324218, 0.288731, 0.281495
1632556993408, 0.288725, 0.281489
1634327662598, 0.288723, 0.281485
1636098331789, 0.288719, 0.281480
1637869000979, 0.288717, 0.281478
1639639670169, 0.288712, 0.281472
1641410339359, 0.288708, 0.281468
1643181008550, 0.288700, 0.281462
1644951677740, 0.288698, 0.281458
1646722346930, 0.288694, 0.281453
1648493016120, 0.288689, 0.281448
1650263685311, 0.288676, 0.281441
1652034354501, 0.288668, 0.281433
1653805023691, 0.288661, 0.281428
1655575692881, 0.288659, 0.281426
1657346362072, 0.288653, 0.281419
1659117031262, 0.288652, 0.281416
1660887700452, 0.288648, 0.281412
1662658369642, 0.288643, 0.281406
1664429038833, 0.288639, 0.281402
1666199708023, 0.288636, 0.281399
1667970377213, 0.288631, 0.281396
1669741046403, 0.288627, 0.281393
1671511715594, 0.288625, 0.281392
1673282384784, 0.288622, 0.281390
1675053053974, 0.288616, 0.281385
1676823723164, 0.288611, 0.281380
1678594392355, 0.288609, 0.281378
1680365061545, 0.288605, 0.281374
1682135730735, 0.288602, 0.281370
1683906399925, 0.288600, 0.281368
1685677069116, 0.288598, 0.281366
1687447738306, 0.288597, 0.281365
1689218407496, 0.288595, 0.281363
1690989076686, 0.288588, 0.281355
1692759745877, 0.288584, 0.281352
1694530415067, 0.288580, 0.281348
1696301084257, 0.288576, 0.281343
1698071753447, 0.288571, 0.281340
1699842422638, 0.288566, 0.281336
1701613091828, 0.288564, 0.281333
1703383761018, 0.288561, 0.281331
1705154430208, 0.288557, 0.281328
1706925099399, 0.288555, 0.281326
1708695768589, 0.288554, 0.281323
1710466437779, 0.288554, 0.281323
1712237106969, 0.288552, 0.281321
1714007776160, 0.288549, 0.281318
1715778445350, 0.288548, 0.281317
1717549114540, 0.288546, 0.281316
1719319783730, 0.288541, 0.281311
1721090452921, 0.288541, 0.281311
1722861122111, 0.288538, 0.281309
1724631791301, 0.288536, 0.281307
1726402460491, 0.288535, 0.281306
1728173129682, 0.288532, 0.281303
1729943798872, 0.288530, 0.281300
1731714468062, 0.288529, 0.281298
1733485137252, 0.288526, 0.281296
1735255806443, 0.288525, 0.281294
1737026475633, 0.288524, 0.281292
1738797144823, 0.288523, 0.281291
1740567814013, 0.288521, 0.281289
1742338483204, 0.288519, 0.281287
1744109152394, 0.288517, 0.281286
1745879821584, 0.288517, 0.281285
1747650490774, 0.288517, 0.281285
1749421159965, 0.288516, 0.281284
1751191829155, 0.288516, 0.281284
1752962498345, 0.288516, 0.281284
1754733167535, 0.288516, 0.281283
1756503836726, 0.288514, 0.281281
1758274505916, 0.288514, 0.281281
1760045175106, 0.288513, 0.281280
1761815844296, 0.288512, 0.281279
1763586513487, 0.288512, 0.281278
1765357182677, 0.288512, 0.281278
1767127851867, 0.288512, 0.281278
1768898521057, 0.288512, 0.281277
1770669190248, 0.288512, 0.281277
Time used: 3829 ms
