logging to /opt/shards_res_1000/2016020300-2016020400_unique/tenant_2_profile_res-FIX_RATE-SHARDS-0.01.csvtracefile: /data1/tenant_trace/2016020300-2016020400_unique/tenant_2_trace
open file /data1/tenant_trace/2016020300-2016020400_unique/tenant_2_trace
read 1000000 lines
read 2000000 lines
read 3000000 lines
read 4000000 lines
read 5000000 lines
read 6000000 lines
read 7000000 lines
read 8000000 lines
read 9000000 lines
read 10000000 lines
read 11000000 lines
read 12000000 lines
read 13000000 lines
read 14000000 lines
read 15000000 lines
read 16000000 lines
read 17000000 lines
read 18000000 lines
read 19000000 lines
read 20000000 lines
read 21000000 lines
read 22000000 lines
read 23000000 lines
read 24000000 lines
read 25000000 lines
read 26000000 lines
read 27000000 lines
read 28000000 lines
read 29000000 lines
read 30000000 lines
read 31000000 lines
read 32000000 lines
read 33000000 lines
read 34000000 lines
read 35000000 lines
read 36000000 lines
[FILE]: /data1/tenant_trace/2016020300-2016020400_unique/tenant_2_trace
total_access_num: 36810112
total_access_size: 130409084260
unique_access_num: 22300181
unique_access_size: 79067773801
min_item_size: 1
[method]: SHARDS
[metric]: MAE
[seed]: 42
[sample_method]: FIX_RATE
[sample_metric]: 0.01
MAEQ_factor: 1.025437
cache_size, BMRC_ratio, OMRC_ratio
79067773, 0.966987, 0.967927
158135547, 0.956333, 0.957101
237203321, 0.948146, 0.948892
316271095, 0.941213, 0.941888
395338869, 0.934965, 0.935637
474406642, 0.929548, 0.930155
553474416, 0.924264, 0.924768
632542190, 0.919438, 0.919851
711609964, 0.914946, 0.915328
790677738, 0.910854, 0.911206
869745511, 0.906872, 0.907251
948813285, 0.903340, 0.903706
1027881059, 0.899872, 0.900234
1106948833, 0.896579, 0.896911
1186016607, 0.893301, 0.893657
1265084380, 0.890087, 0.890465
1344152154, 0.887021, 0.887409
1423219928, 0.884145, 0.884518
1502287702, 0.881555, 0.881878
1581355476, 0.878905, 0.879191
1660423249, 0.876322, 0.876518
1739491023, 0.873846, 0.873997
1818558797, 0.871339, 0.871456
1897626571, 0.868887, 0.868954
1976694345, 0.866673, 0.866691
2055762118, 0.864288, 0.864390
2134829892, 0.862048, 0.862163
2213897666, 0.859921, 0.859984
2292965440, 0.857902, 0.857911
2372033214, 0.855815, 0.855800
2451100987, 0.853793, 0.853793
2530168761, 0.851781, 0.851766
2609236535, 0.849962, 0.849957
2688304309, 0.847992, 0.847974
2767372083, 0.846257, 0.846197
2846439856, 0.844504, 0.844426
2925507630, 0.842827, 0.842676
3004575404, 0.841178, 0.841006
3083643178, 0.839379, 0.839218
3162710952, 0.837722, 0.837558
3241778725, 0.836077, 0.835896
3320846499, 0.834458, 0.834252
3399914273, 0.832878, 0.832655
3478982047, 0.831438, 0.831185
3558049821, 0.829849, 0.829612
3637117594, 0.828316, 0.828025
3716185368, 0.826856, 0.826599
3795253142, 0.825538, 0.825214
3874320916, 0.824059, 0.823692
3953388690, 0.822514, 0.822138
4032456463, 0.821174, 0.820791
4111524237, 0.819792, 0.819446
4190592011, 0.818465, 0.818159
4269659785, 0.817194, 0.816825
4348727559, 0.815779, 0.815428
4427795332, 0.814459, 0.814065
4506863106, 0.813209, 0.812785
4585930880, 0.811916, 0.811448
4664998654, 0.810711, 0.810191
4744066428, 0.809569, 0.809052
4823134201, 0.808353, 0.807797
4902201975, 0.807074, 0.806515
4981269749, 0.805964, 0.805382
5060337523, 0.804897, 0.804268
5139405297, 0.803758, 0.803133
5218473070, 0.802548, 0.801921
5297540844, 0.801372, 0.800778
5376608618, 0.800208, 0.799620
5455676392, 0.799213, 0.798659
5534744166, 0.798129, 0.797577
5613811939, 0.797056, 0.796504
5692879713, 0.796054, 0.795469
5771947487, 0.795018, 0.794442
5851015261, 0.793926, 0.793342
5930083035, 0.792939, 0.792359
6009150808, 0.791941, 0.791324
6088218582, 0.790879, 0.790272
6167286356, 0.790030, 0.789387
6246354130, 0.789044, 0.788381
6325421904, 0.788069, 0.787390
6404489677, 0.787122, 0.786431
6483557451, 0.786253, 0.785545
6562625225, 0.785309, 0.784584
6641692999, 0.784388, 0.783638
6720760773, 0.783451, 0.782728
6799828546, 0.782524, 0.781785
6878896320, 0.781589, 0.780851
6957964094, 0.780644, 0.779968
7037031868, 0.779717, 0.779047
7116099642, 0.778825, 0.778142
7195167415, 0.777854, 0.777162
7274235189, 0.777053, 0.776344
7353302963, 0.776236, 0.775532
7432370737, 0.775323, 0.774635
7511438511, 0.774553, 0.773831
7590506284, 0.773717, 0.772984
7669574058, 0.772884, 0.772130
7748641832, 0.772156, 0.771397
7827709606, 0.771304, 0.770579
7906777380, 0.770469, 0.769745
7985845153, 0.769585, 0.768851
8064912927, 0.768821, 0.768069
8143980701, 0.768219, 0.767466
8223048475, 0.767431, 0.766648
8302116249, 0.766638, 0.765806
8381184022, 0.765812, 0.764999
8460251796, 0.765058, 0.764241
8539319570, 0.764261, 0.763410
8618387344, 0.763555, 0.762668
8697455118, 0.762874, 0.761984
8776522891, 0.762110, 0.761201
8855590665, 0.761337, 0.760468
8934658439, 0.760571, 0.759707
9013726213, 0.759844, 0.758957
9092793987, 0.759115, 0.758257
9171861760, 0.758436, 0.757572
9250929534, 0.757655, 0.756814
9329997308, 0.756922, 0.756062
9409065082, 0.756291, 0.755429
9488132856, 0.755682, 0.754812
9567200629, 0.755054, 0.754184
9646268403, 0.754314, 0.753407
9725336177, 0.753671, 0.752739
9804403951, 0.753011, 0.752082
9883471725, 0.752327, 0.751424
9962539498, 0.751743, 0.750832
10041607272, 0.751065, 0.750142
10120675046, 0.750521, 0.749569
10199742820, 0.749832, 0.748898
10278810594, 0.749184, 0.748246
10357878367, 0.748525, 0.747572
10436946141, 0.747960, 0.747007
10516013915, 0.747348, 0.746388
10595081689, 0.746716, 0.745727
10674149463, 0.746116, 0.745138
10753217236, 0.745521, 0.744540
10832285010, 0.744889, 0.743921
10911352784, 0.744276, 0.743304
10990420558, 0.743607, 0.742641
11069488332, 0.742994, 0.742016
11148556105, 0.742390, 0.741427
11227623879, 0.741807, 0.740843
11306691653, 0.741121, 0.740164
11385759427, 0.740555, 0.739577
11464827201, 0.739960, 0.738974
11543894974, 0.739365, 0.738376
11622962748, 0.738716, 0.737749
11702030522, 0.738161, 0.737192
11781098296, 0.737559, 0.736580
11860166070, 0.736954, 0.735988
11939233843, 0.736453, 0.735491
12018301617, 0.735995, 0.735024
12097369391, 0.735421, 0.734429
12176437165, 0.734844, 0.733858
12255504939, 0.734261, 0.733250
12334572712, 0.733695, 0.732701
12413640486, 0.733164, 0.732158
12492708260, 0.732629, 0.731595
12571776034, 0.732111, 0.731066
12650843808, 0.731662, 0.730585
12729911581, 0.731080, 0.730022
12808979355, 0.730548, 0.729490
12888047129, 0.729927, 0.728881
12967114903, 0.729471, 0.728447
13046182677, 0.728880, 0.727882
13125250450, 0.728379, 0.727374
13204318224, 0.727802, 0.726803
13283385998, 0.727282, 0.726284
13362453772, 0.726715, 0.725733
13441521546, 0.726227, 0.725225
13520589319, 0.725677, 0.724720
13599657093, 0.725268, 0.724309
13678724867, 0.724819, 0.723845
13757792641, 0.724237, 0.723296
13836860415, 0.723711, 0.722780
13915928188, 0.723279, 0.722304
13994995962, 0.722747, 0.721794
14074063736, 0.722212, 0.721240
14153131510, 0.721714, 0.720786
14232199284, 0.721168, 0.720210
14311267057, 0.720709, 0.719748
14390334831, 0.720215, 0.719292
14469402605, 0.719798, 0.718882
14548470379, 0.719348, 0.718425
14627538153, 0.718887, 0.717980
14706605926, 0.718352, 0.717469
14785673700, 0.717878, 0.717012
14864741474, 0.717427, 0.716594
14943809248, 0.716984, 0.716143
15022877022, 0.716473, 0.715630
15101944795, 0.716034, 0.715198
15181012569, 0.715607, 0.714749
15260080343, 0.715109, 0.714247
15339148117, 0.714704, 0.713820
15418215891, 0.714234, 0.713337
15497283664, 0.713732, 0.712829
15576351438, 0.713289, 0.712364
15655419212, 0.712870, 0.711946
15734486986, 0.712490, 0.711566
15813554760, 0.712117, 0.711174
15892622534, 0.711602, 0.710653
15971690307, 0.711226, 0.710262
16050758081, 0.710760, 0.709797
16129825855, 0.710355, 0.709390
16208893629, 0.709948, 0.708968
16287961403, 0.709452, 0.708488
16367029176, 0.709024, 0.708064
16446096950, 0.708609, 0.707648
16525164724, 0.708275, 0.707300
16604232498, 0.707813, 0.706830
16683300272, 0.707387, 0.706396
16762368045, 0.706949, 0.705986
16841435819, 0.706512, 0.705573
16920503593, 0.706109, 0.705146
16999571367, 0.705719, 0.704760
17078639141, 0.705342, 0.704383
17157706914, 0.704954, 0.703981
17236774688, 0.704558, 0.703570
17315842462, 0.704205, 0.703209
17394910236, 0.703780, 0.702777
17473978010, 0.703368, 0.702337
17553045783, 0.702923, 0.701921
17632113557, 0.702547, 0.701557
17711181331, 0.702138, 0.701158
17790249105, 0.701727, 0.700748
17869316879, 0.701373, 0.700368
17948384652, 0.701028, 0.700017
18027452426, 0.700638, 0.699618
18106520200, 0.700244, 0.699227
18185587974, 0.699907, 0.698890
18264655748, 0.699457, 0.698433
18343723521, 0.699049, 0.698015
18422791295, 0.698636, 0.697621
18501859069, 0.698235, 0.697208
18580926843, 0.697847, 0.696833
18659994617, 0.697427, 0.696415
18739062390, 0.697080, 0.696067
18818130164, 0.696730, 0.695706
18897197938, 0.696407, 0.695380
18976265712, 0.696040, 0.695018
19055333486, 0.695661, 0.694633
19134401259, 0.695356, 0.694315
19213469033, 0.694986, 0.693937
19292536807, 0.694674, 0.693611
19371604581, 0.694309, 0.693258
19450672355, 0.693920, 0.692902
19529740128, 0.693573, 0.692549
19608807902, 0.693180, 0.692169
19687875676, 0.692882, 0.691870
19766943450, 0.692583, 0.691552
19846011224, 0.692272, 0.691240
19925078997, 0.691899, 0.690867
20004146771, 0.691500, 0.690474
20083214545, 0.691126, 0.690118
20162282319, 0.690816, 0.689808
20241350093, 0.690483, 0.689477
20320417866, 0.690124, 0.689121
20399485640, 0.689842, 0.688822
20478553414, 0.689511, 0.688480
20557621188, 0.689194, 0.688154
20636688962, 0.688862, 0.687811
20715756735, 0.688501, 0.687461
20794824509, 0.688118, 0.687083
20873892283, 0.687795, 0.686768
20952960057, 0.687410, 0.686377
21032027831, 0.687092, 0.686070
21111095604, 0.686764, 0.685755
21190163378, 0.686464, 0.685434
21269231152, 0.686106, 0.685073
21348298926, 0.685782, 0.684733
21427366700, 0.685489, 0.684448
21506434473, 0.685141, 0.684119
21585502247, 0.684844, 0.683799
21664570021, 0.684528, 0.683484
21743637795, 0.684242, 0.683185
21822705569, 0.683877, 0.682815
21901773342, 0.683623, 0.682565
21980841116, 0.683344, 0.682267
22059908890, 0.683061, 0.681973
22138976664, 0.682771, 0.681677
22218044438, 0.682433, 0.681329
22297112211, 0.682098, 0.681006
22376179985, 0.681804, 0.680710
22455247759, 0.681490, 0.680406
22534315533, 0.681173, 0.680093
22613383307, 0.680889, 0.679822
22692451080, 0.680580, 0.679515
22771518854, 0.680311, 0.679262
22850586628, 0.680049, 0.679007
22929654402, 0.679727, 0.678678
23008722176, 0.679466, 0.678401
23087789949, 0.679187, 0.678118
23166857723, 0.678909, 0.677841
23245925497, 0.678638, 0.677572
23324993271, 0.678390, 0.677333
23404061045, 0.678106, 0.677029
23483128818, 0.677782, 0.676700
23562196592, 0.677564, 0.676472
23641264366, 0.677220, 0.676141
23720332140, 0.676863, 0.675806
23799399914, 0.676506, 0.675426
23878467687, 0.676257, 0.675173
23957535461, 0.675972, 0.674872
24036603235, 0.675723, 0.674641
24115671009, 0.675455, 0.674369
24194738783, 0.675164, 0.674081
24273806556, 0.674902, 0.673815
24352874330, 0.674545, 0.673484
24431942104, 0.674261, 0.673212
24511009878, 0.673986, 0.672935
24590077652, 0.673700, 0.672631
24669145425, 0.673423, 0.672337
24748213199, 0.673162, 0.672071
24827280973, 0.672920, 0.671821
24906348747, 0.672640, 0.671528
24985416521, 0.672398, 0.671299
25064484294, 0.672131, 0.671022
25143552068, 0.671844, 0.670737
25222619842, 0.671598, 0.670479
25301687616, 0.671300, 0.670180
25380755390, 0.671016, 0.669887
25459823163, 0.670736, 0.669631
25538890937, 0.670517, 0.669403
25617958711, 0.670310, 0.669186
25697026485, 0.670090, 0.668950
25776094259, 0.669832, 0.668700
25855162032, 0.669628, 0.668485
25934229806, 0.669399, 0.668254
26013297580, 0.669149, 0.668004
26092365354, 0.668905, 0.667760
26171433128, 0.668663, 0.667518
26250500901, 0.668392, 0.667235
26329568675, 0.668105, 0.666958
26408636449, 0.667847, 0.666697
26487704223, 0.667635, 0.666475
26566771997, 0.667380, 0.666203
26645839770, 0.667162, 0.665959
26724907544, 0.666956, 0.665757
26803975318, 0.666728, 0.665532
26883043092, 0.666537, 0.665331
26962110866, 0.666315, 0.665106
27041178639, 0.666086, 0.664864
27120246413, 0.665879, 0.664649
27199314187, 0.665664, 0.664424
27278381961, 0.665421, 0.664171
27357449735, 0.665167, 0.663918
27436517508, 0.664936, 0.663682
27515585282, 0.664681, 0.663421
27594653056, 0.664498, 0.663242
27673720830, 0.664255, 0.662984
27752788604, 0.664047, 0.662766
27831856377, 0.663846, 0.662571
27910924151, 0.663627, 0.662335
27989991925, 0.663420, 0.662125
28069059699, 0.663204, 0.661916
28148127473, 0.663000, 0.661704
28227195246, 0.662807, 0.661511
28306263020, 0.662574, 0.661253
28385330794, 0.662294, 0.660984
28464398568, 0.662086, 0.660786
28543466342, 0.661921, 0.660607
28622534115, 0.661711, 0.660406
28701601889, 0.661507, 0.660213
28780669663, 0.661213, 0.659933
28859737437, 0.661005, 0.659735
28938805211, 0.660770, 0.659487
29017872984, 0.660579, 0.659303
29096940758, 0.660338, 0.659080
29176008532, 0.660144, 0.658898
29255076306, 0.659889, 0.658648
29334144080, 0.659694, 0.658439
29413211853, 0.659482, 0.658227
29492279627, 0.659209, 0.657982
29571347401, 0.658987, 0.657768
29650415175, 0.658820, 0.657597
29729482949, 0.658568, 0.657374
29808550722, 0.658346, 0.657157
29887618496, 0.658069, 0.656888
29966686270, 0.657873, 0.656678
30045754044, 0.657670, 0.656475
30124821818, 0.657481, 0.656285
30203889591, 0.657288, 0.656075
30282957365, 0.657106, 0.655872
30362025139, 0.656926, 0.655700
30441092913, 0.656750, 0.655532
30520160687, 0.656547, 0.655326
30599228460, 0.656318, 0.655103
30678296234, 0.656075, 0.654872
30757364008, 0.655880, 0.654660
30836431782, 0.655689, 0.654454
30915499556, 0.655451, 0.654209
30994567329, 0.655224, 0.653975
31073635103, 0.655049, 0.653799
31152702877, 0.654854, 0.653592
31231770651, 0.654687, 0.653435
31310838425, 0.654437, 0.653198
31389906198, 0.654185, 0.652957
31468973972, 0.653998, 0.652766
31548041746, 0.653819, 0.652579
31627109520, 0.653632, 0.652392
31706177294, 0.653435, 0.652191
31785245068, 0.653291, 0.652038
31864312841, 0.653129, 0.651870
31943380615, 0.652958, 0.651683
32022448389, 0.652750, 0.651476
32101516163, 0.652547, 0.651280
32180583937, 0.652405, 0.651150
32259651710, 0.652275, 0.651006
32338719484, 0.652090, 0.650813
32417787258, 0.651913, 0.650639
32496855032, 0.651745, 0.650465
32575922806, 0.651609, 0.650322
32654990579, 0.651426, 0.650137
32734058353, 0.651253, 0.649971
32813126127, 0.651075, 0.649792
32892193901, 0.650852, 0.649591
32971261675, 0.650700, 0.649433
33050329448, 0.650552, 0.649270
33129397222, 0.650401, 0.649123
33208464996, 0.650182, 0.648912
33287532770, 0.650003, 0.648724
33366600544, 0.649820, 0.648531
33445668317, 0.649658, 0.648360
33524736091, 0.649525, 0.648222
33603803865, 0.649323, 0.648053
33682871639, 0.649135, 0.647858
33761939413, 0.648952, 0.647678
33841007186, 0.648730, 0.647477
33920074960, 0.648578, 0.647322
33999142734, 0.648388, 0.647135
34078210508, 0.648233, 0.646966
34157278282, 0.648022, 0.646749
34236346055, 0.647871, 0.646602
34315413829, 0.647779, 0.646496
34394481603, 0.647633, 0.646352
34473549377, 0.647466, 0.646184
34552617151, 0.647335, 0.646051
34631684924, 0.647119, 0.645861
34710752698, 0.646965, 0.645711
34789820472, 0.646808, 0.645557
34868888246, 0.646667, 0.645404
34947956020, 0.646509, 0.645252
35027023793, 0.646344, 0.645087
35106091567, 0.646171, 0.644926
35185159341, 0.646038, 0.644788
35264227115, 0.645900, 0.644644
35343294889, 0.645756, 0.644497
35422362662, 0.645616, 0.644358
35501430436, 0.645436, 0.644166
35580498210, 0.645286, 0.644008
35659565984, 0.645111, 0.643840
35738633758, 0.644957, 0.643687
35817701531, 0.644782, 0.643516
35896769305, 0.644624, 0.643353
35975837079, 0.644471, 0.643188
36054904853, 0.644350, 0.643054
36133972627, 0.644196, 0.642891
36213040400, 0.643994, 0.642709
36292108174, 0.643844, 0.642560
36371175948, 0.643719, 0.642430
36450243722, 0.643579, 0.642283
36529311496, 0.643422, 0.642123
36608379269, 0.643264, 0.641962
36687447043, 0.643103, 0.641799
36766514817, 0.642934, 0.641634
36845582591, 0.642788, 0.641484
36924650365, 0.642639, 0.641324
37003718138, 0.642516, 0.641185
37082785912, 0.642386, 0.641047
37161853686, 0.642235, 0.640908
37240921460, 0.642066, 0.640743
37319989234, 0.641890, 0.640566
37399057007, 0.641737, 0.640422
37478124781, 0.641590, 0.640270
37557192555, 0.641460, 0.640126
37636260329, 0.641295, 0.639971
37715328103, 0.641155, 0.639843
37794395876, 0.640973, 0.639667
37873463650, 0.640823, 0.639520
37952531424, 0.640650, 0.639352
38031599198, 0.640516, 0.639213
38110666972, 0.640372, 0.639077
38189734745, 0.640247, 0.638961
38268802519, 0.640140, 0.638849
38347870293, 0.639993, 0.638700
38426938067, 0.639839, 0.638558
38506005841, 0.639731, 0.638466
38585073614, 0.639605, 0.638338
38664141388, 0.639475, 0.638197
38743209162, 0.639337, 0.638056
38822276936, 0.639169, 0.637898
38901344710, 0.639015, 0.637735
38980412483, 0.638836, 0.637572
39059480257, 0.638690, 0.637420
39138548031, 0.638522, 0.637276
39217615805, 0.638410, 0.637162
39296683579, 0.638297, 0.637034
39375751352, 0.638190, 0.636918
39454819126, 0.638050, 0.636793
39533886900, 0.637887, 0.636638
39612954674, 0.637721, 0.636494
39692022448, 0.637623, 0.636396
39771090221, 0.637508, 0.636268
39850157995, 0.637389, 0.636138
39929225769, 0.637216, 0.635972
40008293543, 0.637111, 0.635864
40087361317, 0.637009, 0.635760
40166429090, 0.636885, 0.635630
40245496864, 0.636737, 0.635475
40324564638, 0.636609, 0.635345
40403632412, 0.636490, 0.635214
40482700186, 0.636348, 0.635062
40561767959, 0.636253, 0.634962
40640835733, 0.636118, 0.634845
40719903507, 0.635992, 0.634714
40798971281, 0.635887, 0.634606
40878039055, 0.635747, 0.634459
40957106828, 0.635614, 0.634329
41036174602, 0.635514, 0.634220
41115242376, 0.635406, 0.634106
41194310150, 0.635286, 0.633981
41273377924, 0.635200, 0.633897
41352445697, 0.635028, 0.633717
41431513471, 0.634940, 0.633630
41510581245, 0.634814, 0.633489
41589649019, 0.634657, 0.633348
41668716793, 0.634540, 0.633223
41747784566, 0.634418, 0.633095
41826852340, 0.634299, 0.632981
41905920114, 0.634168, 0.632862
41984987888, 0.634071, 0.632764
42064055662, 0.633948, 0.632642
42143123435, 0.633831, 0.632522
42222191209, 0.633725, 0.632405
42301258983, 0.633630, 0.632302
42380326757, 0.633540, 0.632212
42459394531, 0.633399, 0.632087
42538462304, 0.633295, 0.631979
42617530078, 0.633161, 0.631835
42696597852, 0.633066, 0.631737
42775665626, 0.632946, 0.631615
42854733400, 0.632843, 0.631511
42933801173, 0.632744, 0.631411
43012868947, 0.632623, 0.631300
43091936721, 0.632534, 0.631202
43171004495, 0.632429, 0.631101
43250072269, 0.632311, 0.630987
43329140042, 0.632195, 0.630881
43408207816, 0.632080, 0.630762
43487275590, 0.632003, 0.630683
43566343364, 0.631899, 0.630577
43645411138, 0.631801, 0.630485
43724478911, 0.631695, 0.630373
43803546685, 0.631621, 0.630289
43882614459, 0.631520, 0.630188
43961682233, 0.631413, 0.630080
44040750007, 0.631296, 0.629966
44119817780, 0.631202, 0.629868
44198885554, 0.631120, 0.629778
44277953328, 0.631030, 0.629686
44357021102, 0.630884, 0.629566
44436088876, 0.630780, 0.629463
44515156649, 0.630645, 0.629322
44594224423, 0.630539, 0.629210
44673292197, 0.630428, 0.629094
44752359971, 0.630342, 0.629009
44831427745, 0.630204, 0.628874
44910495518, 0.630102, 0.628768
44989563292, 0.629978, 0.628651
45068631066, 0.629899, 0.628564
45147698840, 0.629779, 0.628458
45226766614, 0.629679, 0.628349
45305834387, 0.629561, 0.628230
45384902161, 0.629457, 0.628124
45463969935, 0.629370, 0.628029
45543037709, 0.629255, 0.627909
45622105483, 0.629151, 0.627801
45701173256, 0.629047, 0.627708
45780241030, 0.628960, 0.627619
45859308804, 0.628845, 0.627496
45938376578, 0.628752, 0.627398
46017444352, 0.628662, 0.627306
46096512125, 0.628587, 0.627225
46175579899, 0.628476, 0.627132
46254647673, 0.628355, 0.627015
46333715447, 0.628222, 0.626896
46412783221, 0.628129, 0.626801
46491850994, 0.628037, 0.626706
46570918768, 0.627957, 0.626621
46649986542, 0.627845, 0.626502
46729054316, 0.627751, 0.626412
46808122090, 0.627625, 0.626282
46887189863, 0.627548, 0.626203
46966257637, 0.627432, 0.626084
47045325411, 0.627337, 0.625991
47124393185, 0.627236, 0.625899
47203460959, 0.627162, 0.625815
47282528732, 0.627045, 0.625725
47361596506, 0.626966, 0.625644
47440664280, 0.626875, 0.625540
47519732054, 0.626785, 0.625461
47598799828, 0.626680, 0.625372
47677867602, 0.626606, 0.625282
47756935375, 0.626509, 0.625190
47836003149, 0.626405, 0.625081
47915070923, 0.626351, 0.625021
47994138697, 0.626250, 0.624921
48073206471, 0.626162, 0.624826
48152274244, 0.626086, 0.624744
48231342018, 0.625997, 0.624657
48310409792, 0.625927, 0.624584
48389477566, 0.625838, 0.624492
48468545340, 0.625753, 0.624405
48547613113, 0.625655, 0.624304
48626680887, 0.625566, 0.624215
48705748661, 0.625461, 0.624100
48784816435, 0.625393, 0.624027
48863884209, 0.625287, 0.623921
48942951982, 0.625177, 0.623818
49022019756, 0.625086, 0.623728
49101087530, 0.625002, 0.623644
49180155304, 0.624891, 0.623533
49259223078, 0.624821, 0.623467
49338290851, 0.624751, 0.623394
49417358625, 0.624646, 0.623285
49496426399, 0.624548, 0.623212
49575494173, 0.624482, 0.623139
49654561947, 0.624395, 0.623049
49733629720, 0.624319, 0.622965
49812697494, 0.624223, 0.622864
49891765268, 0.624157, 0.622788
49970833042, 0.624087, 0.622715
50049900816, 0.624024, 0.622650
50128968589, 0.623953, 0.622579
50208036363, 0.623868, 0.622492
50287104137, 0.623798, 0.622424
50366171911, 0.623733, 0.622345
50445239685, 0.623679, 0.622286
50524307458, 0.623605, 0.622204
50603375232, 0.623503, 0.622098
50682443006, 0.623436, 0.622022
50761510780, 0.623369, 0.621952
50840578554, 0.623296, 0.621884
50919646327, 0.623196, 0.621794
50998714101, 0.623114, 0.621729
51077781875, 0.623028, 0.621645
51156849649, 0.622961, 0.621571
51235917423, 0.622888, 0.621503
51314985196, 0.622799, 0.621408
51394052970, 0.622707, 0.621332
51473120744, 0.622614, 0.621240
51552188518, 0.622540, 0.621158
51631256292, 0.622465, 0.621071
51710324065, 0.622362, 0.620968
51789391839, 0.622273, 0.620879
51868459613, 0.622219, 0.620819
51947527387, 0.622143, 0.620737
52026595161, 0.622074, 0.620672
52105662934, 0.621996, 0.620593
52184730708, 0.621926, 0.620523
52263798482, 0.621872, 0.620463
52342866256, 0.621804, 0.620384
52421934030, 0.621752, 0.620338
52501001803, 0.621684, 0.620265
52580069577, 0.621616, 0.620199
52659137351, 0.621545, 0.620129
52738205125, 0.621490, 0.620069
52817272899, 0.621422, 0.619998
52896340672, 0.621346, 0.619933
52975408446, 0.621256, 0.619843
53054476220, 0.621178, 0.619762
53133543994, 0.621107, 0.619694
53212611768, 0.621039, 0.619629
53291679541, 0.620958, 0.619558
53370747315, 0.620873, 0.619482
53449815089, 0.620821, 0.619425
53528882863, 0.620729, 0.619333
53607950637, 0.620652, 0.619281
53687018410, 0.620573, 0.619216
53766086184, 0.620514, 0.619153
53845153958, 0.620427, 0.619077
53924221732, 0.620371, 0.619020
54003289506, 0.620332, 0.618977
54082357279, 0.620270, 0.618912
54161425053, 0.620212, 0.618852
54240492827, 0.620145, 0.618781
54319560601, 0.620081, 0.618711
54398628375, 0.620016, 0.618645
54477696148, 0.619965, 0.618591
54556763922, 0.619905, 0.618529
54635831696, 0.619831, 0.618450
54714899470, 0.619763, 0.618376
54793967244, 0.619709, 0.618325
54873035017, 0.619646, 0.618262
54952102791, 0.619599, 0.618211
55031170565, 0.619494, 0.618124
55110238339, 0.619450, 0.618078
55189306113, 0.619354, 0.618007
55268373886, 0.619306, 0.617958
55347441660, 0.619260, 0.617912
55426509434, 0.619191, 0.617849
55505577208, 0.619133, 0.617790
55584644982, 0.619068, 0.617724
55663712755, 0.618987, 0.617640
55742780529, 0.618931, 0.617581
55821848303, 0.618872, 0.617513
55900916077, 0.618804, 0.617442
55979983851, 0.618740, 0.617377
56059051624, 0.618655, 0.617309
56138119398, 0.618602, 0.617252
56217187172, 0.618556, 0.617206
56296254946, 0.618498, 0.617149
56375322720, 0.618440, 0.617089
56454390493, 0.618357, 0.617013
56533458267, 0.618311, 0.616967
56612526041, 0.618288, 0.616942
56691593815, 0.618212, 0.616869
56770661589, 0.618164, 0.616814
56849729362, 0.618093, 0.616755
56928797136, 0.618042, 0.616698
57007864910, 0.617989, 0.616643
57086932684, 0.617949, 0.616597
57166000458, 0.617890, 0.616537
57245068231, 0.617851, 0.616497
57324136005, 0.617761, 0.616412
57403203779, 0.617702, 0.616355
57482271553, 0.617631, 0.616285
57561339327, 0.617575, 0.616230
57640407100, 0.617539, 0.616187
57719474874, 0.617451, 0.616111
57798542648, 0.617398, 0.616059
57877610422, 0.617291, 0.615970
57956678196, 0.617232, 0.615907
58035745969, 0.617189, 0.615861
58114813743, 0.617142, 0.615809
58193881517, 0.617096, 0.615760
58272949291, 0.617020, 0.615687
58352017065, 0.616967, 0.615635
58431084838, 0.616912, 0.615578
58510152612, 0.616875, 0.615538
58589220386, 0.616838, 0.615497
58668288160, 0.616768, 0.615440
58747355934, 0.616730, 0.615399
58826423707, 0.616678, 0.615342
58905491481, 0.616612, 0.615274
58984559255, 0.616573, 0.615233
59063627029, 0.616530, 0.615193
59142694803, 0.616472, 0.615133
59221762576, 0.616428, 0.615089
59300830350, 0.616380, 0.615035
59379898124, 0.616333, 0.614981
59458965898, 0.616285, 0.614940
59538033672, 0.616239, 0.614894
59617101445, 0.616208, 0.614853
59696169219, 0.616147, 0.614793
59775236993, 0.616093, 0.614744
59854304767, 0.616043, 0.614693
59933372541, 0.615999, 0.614649
60012440314, 0.615923, 0.614584
60091508088, 0.615870, 0.614532
60170575862, 0.615836, 0.614497
60249643636, 0.615802, 0.614462
60328711410, 0.615766, 0.614432
60407779183, 0.615741, 0.614407
60486846957, 0.615700, 0.614369
60565914731, 0.615641, 0.614310
60644982505, 0.615580, 0.614247
60724050279, 0.615541, 0.614206
60803118052, 0.615493, 0.614158
60882185826, 0.615444, 0.614103
60961253600, 0.615394, 0.614062
61040321374, 0.615348, 0.614014
61119389148, 0.615311, 0.613984
61198456921, 0.615232, 0.613935
61277524695, 0.615188, 0.613889
61356592469, 0.615149, 0.613848
61435660243, 0.615052, 0.613750
61514728017, 0.615001, 0.613707
61593795790, 0.614960, 0.613663
61672863564, 0.614897, 0.613598
61751931338, 0.614839, 0.613546
61830999112, 0.614801, 0.613506
61910066886, 0.614750, 0.613451
61989134659, 0.614709, 0.613413
62068202433, 0.614657, 0.613364
62147270207, 0.614631, 0.613337
62226337981, 0.614586, 0.613291
62305405755, 0.614546, 0.613250
62384473528, 0.614501, 0.613209
62463541302, 0.614475, 0.613180
62542609076, 0.614436, 0.613142
62621676850, 0.614393, 0.613098
62700744624, 0.614329, 0.613052
62779812397, 0.614288, 0.613011
62858880171, 0.614252, 0.612973
62937947945, 0.614213, 0.612927
63017015719, 0.614150, 0.612867
63096083493, 0.614117, 0.612835
63175151266, 0.614038, 0.612769
63254219040, 0.613989, 0.612718
63333286814, 0.613966, 0.612693
63412354588, 0.613914, 0.612644
63491422362, 0.613871, 0.612601
63570490136, 0.613818, 0.612557
63649557909, 0.613782, 0.612519
63728625683, 0.613713, 0.612476
63807693457, 0.613668, 0.612432
63886761231, 0.613628, 0.612394
63965829005, 0.613584, 0.612348
64044896778, 0.613550, 0.612316
64123964552, 0.613509, 0.612272
64203032326, 0.613466, 0.612226
64282100100, 0.613423, 0.612188
64361167874, 0.613358, 0.612134
64440235647, 0.613323, 0.612098
64519303421, 0.613264, 0.612039
64598371195, 0.613229, 0.612014
64677438969, 0.613208, 0.611992
64756506743, 0.613179, 0.611962
64835574516, 0.613147, 0.611930
64914642290, 0.613101, 0.611895
64993710064, 0.613078, 0.611870
65072777838, 0.613055, 0.611848
65151845612, 0.613022, 0.611813
65230913385, 0.612993, 0.611780
65309981159, 0.612953, 0.611756
65389048933, 0.612914, 0.611710
65468116707, 0.612892, 0.611691
65547184481, 0.612860, 0.611658
65626252254, 0.612832, 0.611628
65705320028, 0.612799, 0.611593
65784387802, 0.612751, 0.611558
65863455576, 0.612723, 0.611525
65942523350, 0.612683, 0.611484
66021591123, 0.612650, 0.611449
66100658897, 0.612620, 0.611419
66179726671, 0.612582, 0.611381
66258794445, 0.612554, 0.611346
66337862219, 0.612540, 0.611332
66416929992, 0.612497, 0.611289
66495997766, 0.612457, 0.611264
66575065540, 0.612415, 0.611218
66654133314, 0.612398, 0.611202
66733201088, 0.612368, 0.611167
66812268861, 0.612344, 0.611142
66891336635, 0.612321, 0.611112
66970404409, 0.612288, 0.611090
67049472183, 0.612271, 0.611074
67128539957, 0.612224, 0.611023
67207607730, 0.612180, 0.610979
67286675504, 0.612161, 0.610955
67365743278, 0.612113, 0.610906
67444811052, 0.612085, 0.610876
67523878826, 0.612063, 0.610851
67602946599, 0.612038, 0.610827
67682014373, 0.611994, 0.610794
67761082147, 0.611963, 0.610764
67840149921, 0.611944, 0.610743
67919217695, 0.611919, 0.610716
67998285468, 0.611897, 0.610694
68077353242, 0.611883, 0.610678
68156421016, 0.611837, 0.610631
68235488790, 0.611808, 0.610601
68314556564, 0.611779, 0.610572
68393624337, 0.611748, 0.610536
68472692111, 0.611722, 0.610509
68551759885, 0.611700, 0.610487
68630827659, 0.611657, 0.610444
68709895433, 0.611633, 0.610425
68788963206, 0.611597, 0.610384
68868030980, 0.611587, 0.610371
68947098754, 0.611576, 0.610360
69026166528, 0.611542, 0.610322
69105234302, 0.611508, 0.610284
69184302075, 0.611484, 0.610256
69263369849, 0.611461, 0.610232
69342437623, 0.611424, 0.610194
69421505397, 0.611386, 0.610156
69500573171, 0.611369, 0.610134
69579640944, 0.611339, 0.610099
69658708718, 0.611317, 0.610074
69737776492, 0.611302, 0.610053
69816844266, 0.611262, 0.610017
69895912040, 0.611230, 0.610001
69974979813, 0.611190, 0.609960
70054047587, 0.611173, 0.609939
70133115361, 0.611159, 0.609925
70212183135, 0.611148, 0.609914
70291250909, 0.611132, 0.609895
70370318682, 0.611120, 0.609882
70449386456, 0.611091, 0.609863
70528454230, 0.611077, 0.609846
70607522004, 0.611065, 0.609833
70686589778, 0.611041, 0.609811
70765657551, 0.611014, 0.609784
70844725325, 0.610990, 0.609754
70923793099, 0.610972, 0.609732
71002860873, 0.610968, 0.609727
71081928647, 0.610949, 0.609705
71160996420, 0.610929, 0.609683
71240064194, 0.610919, 0.609672
71319131968, 0.610891, 0.609645
71398199742, 0.610869, 0.609623
71477267516, 0.610856, 0.609610
71556335289, 0.610823, 0.609575
71635403063, 0.610810, 0.609556
71714470837, 0.610800, 0.609547
71793538611, 0.610794, 0.609542
71872606385, 0.610790, 0.609537
71951674158, 0.610770, 0.609517
72030741932, 0.610739, 0.609488
72109809706, 0.610729, 0.609477
72188877480, 0.610722, 0.609469
72267945254, 0.610705, 0.609452
72347013027, 0.610679, 0.609431
72426080801, 0.610669, 0.609422
72505148575, 0.610643, 0.609393
72584216349, 0.610635, 0.609384
72663284123, 0.610630, 0.609379
72742351896, 0.610616, 0.609360
72821419670, 0.610599, 0.609341
72900487444, 0.610564, 0.609306
72979555218, 0.610544, 0.609284
73058622992, 0.610521, 0.609259
73137690765, 0.610503, 0.609243
73216758539, 0.610487, 0.609224
73295826313, 0.610476, 0.609211
73374894087, 0.610466, 0.609202
73453961861, 0.610458, 0.609194
73533029634, 0.610443, 0.609181
73612097408, 0.610431, 0.609167
73691165182, 0.610424, 0.609156
73770232956, 0.610408, 0.609137
73849300730, 0.610391, 0.609121
73928368503, 0.610378, 0.609110
74007436277, 0.610368, 0.609099
74086504051, 0.610359, 0.609091
74165571825, 0.610345, 0.609077
74244639599, 0.610335, 0.609067
74323707372, 0.610326, 0.609058
74402775146, 0.610315, 0.609050
74481842920, 0.610304, 0.609039
74560910694, 0.610292, 0.609029
74639978468, 0.610280, 0.609018
74719046241, 0.610269, 0.609007
74798114015, 0.610246, 0.608985
74877181789, 0.610228, 0.608966
74956249563, 0.610224, 0.608963
75035317337, 0.610219, 0.608958
75114385110, 0.610206, 0.608942
75193452884, 0.610199, 0.608933
75272520658, 0.610189, 0.608923
75351588432, 0.610186, 0.608917
75430656206, 0.610177, 0.608909
75509723979, 0.610172, 0.608901
75588791753, 0.610136, 0.608882
75667859527, 0.610131, 0.608876
75746927301, 0.610124, 0.608868
75825995075, 0.610111, 0.608855
75905062848, 0.610110, 0.608852
75984130622, 0.610100, 0.608844
76063198396, 0.610097, 0.608841
76142266170, 0.610087, 0.608830
76221333944, 0.610074, 0.608819
76300401717, 0.610067, 0.608811
76379469491, 0.610054, 0.608800
76458537265, 0.610042, 0.608787
76537605039, 0.610039, 0.608784
76616672813, 0.610024, 0.608770
76695740586, 0.610021, 0.608768
76774808360, 0.610019, 0.608765
76853876134, 0.610012, 0.608754
76932943908, 0.610001, 0.608743
77012011682, 0.609998, 0.608741
77091079455, 0.609998, 0.608741
77170147229, 0.609985, 0.608730
77249215003, 0.609976, 0.608722
77328282777, 0.609969, 0.608711
77407350551, 0.609965, 0.608708
77486418324, 0.609963, 0.608705
77565486098, 0.609954, 0.608697
77644553872, 0.609952, 0.608694
77723621646, 0.609952, 0.608694
77802689420, 0.609944, 0.608686
77881757193, 0.609936, 0.608678
77960824967, 0.609933, 0.608675
78039892741, 0.609933, 0.608675
78118960515, 0.609931, 0.608673
78198028289, 0.609931, 0.608673
78277096062, 0.609925, 0.608667
78356163836, 0.609925, 0.608667
78435231610, 0.609924, 0.608664
78514299384, 0.609918, 0.608659
78593367158, 0.609915, 0.608656
78672434931, 0.609914, 0.608654
78751502705, 0.609906, 0.608648
78830570479, 0.609900, 0.608643
78909638253, 0.609897, 0.608640
78988706027, 0.609897, 0.608640
79067773801, 0.609894, 0.608637
Time used: 849 ms
