logging to /opt/shards_res_1000/2016020800-2016020900_unique/tenant_1_profile_res-FIX_RATE-SHARDS-0.01.csvtracefile: /data1/tenant_trace/2016020800-2016020900_unique/tenant_1_trace
open file /data1/tenant_trace/2016020800-2016020900_unique/tenant_1_trace
[FILE]: /data1/tenant_trace/2016020800-2016020900_unique/tenant_1_trace
total_access_num: 404
total_access_size: 1232567
unique_access_num: 399
unique_access_size: 1221272
min_item_size: 1
[method]: SHARDS
[metric]: MAE
[seed]: 42
[sample_method]: FIX_RATE
[sample_metric]: 0.01
MAEQ_factor: 1.014128
cache_size, BMRC_ratio, OMRC_ratio
1221, 0.508235, 0.500000
2442, 0.508235, 0.500000
3663, 0.508235, 0.500000
4885, 0.508235, 0.500000
6106, 0.508235, 0.500000
7327, 0.508235, 0.500000
8548, 0.508235, 0.500000
9770, 0.508235, 0.500000
10991, 0.508235, 0.500000
12212, 0.508235, 0.500000
13433, 0.508235, 0.500000
14655, 0.508235, 0.500000
15876, 0.508235, 0.500000
17097, 0.508235, 0.500000
18319, 0.508235, 0.500000
19540, 0.508235, 0.500000
20761, 0.508235, 0.500000
21982, 0.508235, 0.500000
23204, 0.508235, 0.500000
24425, 0.508235, 0.500000
25646, 0.508235, 0.500000
26867, 0.508235, 0.500000
28089, 0.508235, 0.500000
29310, 0.508235, 0.500000
30531, 0.508235, 0.500000
31753, 0.508235, 0.500000
32974, 0.508235, 0.500000
34195, 0.508235, 0.500000
35416, 0.508235, 0.500000
36638, 0.508235, 0.500000
37859, 0.508235, 0.500000
39080, 0.508235, 0.500000
40301, 0.508235, 0.500000
41523, 0.508235, 0.500000
42744, 0.508235, 0.500000
43965, 0.508235, 0.500000
45187, 0.508235, 0.500000
46408, 0.508235, 0.500000
47629, 0.508235, 0.500000
48850, 0.508235, 0.500000
50072, 0.508235, 0.500000
51293, 0.508235, 0.500000
52514, 0.508235, 0.500000
53735, 0.508235, 0.500000
54957, 0.508235, 0.500000
56178, 0.508235, 0.500000
57399, 0.508235, 0.500000
58621, 0.508235, 0.500000
59842, 0.508235, 0.500000
61063, 0.508235, 0.500000
62284, 0.508235, 0.500000
63506, 0.508235, 0.500000
64727, 0.508235, 0.500000
65948, 0.508235, 0.500000
67169, 0.508235, 0.500000
68391, 0.508235, 0.500000
69612, 0.508235, 0.500000
70833, 0.508235, 0.500000
72055, 0.508235, 0.500000
73276, 0.508235, 0.500000
74497, 0.508235, 0.500000
75718, 0.508235, 0.500000
76940, 0.508235, 0.500000
78161, 0.508235, 0.500000
79382, 0.508235, 0.500000
80603, 0.508235, 0.500000
81825, 0.508235, 0.500000
83046, 0.508235, 0.500000
84267, 0.508235, 0.500000
85489, 0.508235, 0.500000
86710, 0.508235, 0.500000
87931, 0.508235, 0.500000
89152, 0.508235, 0.500000
90374, 0.508235, 0.500000
91595, 0.508235, 0.500000
92816, 0.508235, 0.500000
94037, 0.508235, 0.500000
95259, 0.508235, 0.500000
96480, 0.508235, 0.500000
97701, 0.508235, 0.500000
98923, 0.508235, 0.500000
100144, 0.508235, 0.500000
101365, 0.508235, 0.500000
102586, 0.508235, 0.500000
103808, 0.508235, 0.500000
105029, 0.508235, 0.500000
106250, 0.508235, 0.500000
107471, 0.508235, 0.500000
108693, 0.508235, 0.500000
109914, 0.508235, 0.500000
111135, 0.508235, 0.500000
112357, 0.508235, 0.500000
113578, 0.508235, 0.500000
114799, 0.508235, 0.500000
116020, 0.508235, 0.500000
117242, 0.508235, 0.500000
118463, 0.508235, 0.500000
119684, 0.508235, 0.500000
120905, 0.508235, 0.500000
122127, 0.508235, 0.500000
123348, 0.508235, 0.500000
124569, 0.508235, 0.500000
125791, 0.508235, 0.500000
127012, 0.508235, 0.500000
128233, 0.508235, 0.500000
129454, 0.508235, 0.500000
130676, 0.508235, 0.500000
131897, 0.508235, 0.500000
133118, 0.508235, 0.500000
134339, 0.508235, 0.500000
135561, 0.508235, 0.500000
136782, 0.508235, 0.500000
138003, 0.508235, 0.500000
139225, 0.508235, 0.500000
140446, 0.508235, 0.500000
141667, 0.508235, 0.500000
142888, 0.508235, 0.500000
144110, 0.508235, 0.500000
145331, 0.508235, 0.500000
146552, 0.508235, 0.500000
147773, 0.508235, 0.500000
148995, 0.508235, 0.500000
150216, 0.508235, 0.500000
151437, 0.508235, 0.500000
152659, 0.508235, 0.500000
153880, 0.508235, 0.500000
155101, 0.508235, 0.500000
156322, 0.508235, 0.500000
157544, 0.508235, 0.500000
158765, 0.508235, 0.500000
159986, 0.508235, 0.500000
161207, 0.508235, 0.500000
162429, 0.508235, 0.500000
163650, 0.508235, 0.500000
164871, 0.508235, 0.500000
166092, 0.508235, 0.500000
167314, 0.508235, 0.500000
168535, 0.508235, 0.500000
169756, 0.508235, 0.500000
170978, 0.508235, 0.500000
172199, 0.508235, 0.500000
173420, 0.508235, 0.500000
174641, 0.508235, 0.500000
175863, 0.508235, 0.500000
177084, 0.508235, 0.500000
178305, 0.508235, 0.500000
179526, 0.508235, 0.500000
180748, 0.508235, 0.500000
181969, 0.508235, 0.500000
183190, 0.508235, 0.500000
184412, 0.508235, 0.500000
185633, 0.508235, 0.500000
186854, 0.508235, 0.500000
188075, 0.508235, 0.500000
189297, 0.508235, 0.500000
190518, 0.508235, 0.500000
191739, 0.508235, 0.500000
192960, 0.508235, 0.500000
194182, 0.508235, 0.500000
195403, 0.508235, 0.500000
196624, 0.508235, 0.500000
197846, 0.508235, 0.500000
199067, 0.508235, 0.500000
200288, 0.508235, 0.500000
201509, 0.508235, 0.500000
202731, 0.508235, 0.500000
203952, 0.508235, 0.500000
205173, 0.508235, 0.500000
206394, 0.508235, 0.500000
207616, 0.508235, 0.500000
208837, 0.508235, 0.500000
210058, 0.508235, 0.500000
211280, 0.508235, 0.500000
212501, 0.508235, 0.500000
213722, 0.508235, 0.500000
214943, 0.508235, 0.500000
216165, 0.508235, 0.500000
217386, 0.508235, 0.500000
218607, 0.508235, 0.500000
219828, 0.508235, 0.500000
221050, 0.508235, 0.500000
222271, 0.508235, 0.500000
223492, 0.508235, 0.500000
224714, 0.508235, 0.500000
225935, 0.508235, 0.500000
227156, 0.508235, 0.500000
228377, 0.508235, 0.500000
229599, 0.508235, 0.500000
230820, 0.508235, 0.500000
232041, 0.508235, 0.500000
233262, 0.508235, 0.500000
234484, 0.508235, 0.500000
235705, 0.508235, 0.500000
236926, 0.508235, 0.500000
238148, 0.508235, 0.500000
239369, 0.508235, 0.500000
240590, 0.508235, 0.500000
241811, 0.508235, 0.500000
243033, 0.508235, 0.500000
244254, 0.508235, 0.500000
245475, 0.508235, 0.500000
246696, 0.508235, 0.500000
247918, 0.508235, 0.500000
249139, 0.508235, 0.500000
250360, 0.508235, 0.500000
251582, 0.508235, 0.500000
252803, 0.508235, 0.500000
254024, 0.508235, 0.500000
255245, 0.508235, 0.500000
256467, 0.508235, 0.500000
257688, 0.508235, 0.500000
258909, 0.508235, 0.500000
260130, 0.508235, 0.500000
261352, 0.508235, 0.500000
262573, 0.508235, 0.500000
263794, 0.508235, 0.500000
265016, 0.508235, 0.500000
266237, 0.508235, 0.500000
267458, 0.508235, 0.500000
268679, 0.508235, 0.500000
269901, 0.508235, 0.500000
271122, 0.508235, 0.500000
272343, 0.508235, 0.500000
273564, 0.508235, 0.500000
274786, 0.508235, 0.500000
276007, 0.508235, 0.500000
277228, 0.508235, 0.500000
278450, 0.508235, 0.500000
279671, 0.508235, 0.500000
280892, 0.508235, 0.500000
282113, 0.508235, 0.500000
283335, 0.508235, 0.500000
284556, 0.508235, 0.500000
285777, 0.508235, 0.500000
286998, 0.508235, 0.500000
288220, 0.508235, 0.500000
289441, 0.508235, 0.500000
290662, 0.508235, 0.500000
291884, 0.508235, 0.500000
293105, 0.508235, 0.500000
294326, 0.508235, 0.500000
295547, 0.508235, 0.500000
296769, 0.508235, 0.500000
297990, 0.508235, 0.500000
299211, 0.508235, 0.500000
300432, 0.508235, 0.500000
301654, 0.508235, 0.500000
302875, 0.508235, 0.500000
304096, 0.508235, 0.500000
305318, 0.508235, 0.500000
306539, 0.508235, 0.500000
307760, 0.508235, 0.500000
308981, 0.508235, 0.500000
310203, 0.508235, 0.500000
311424, 0.508235, 0.500000
312645, 0.508235, 0.500000
313866, 0.508235, 0.500000
315088, 0.508235, 0.500000
316309, 0.508235, 0.500000
317530, 0.508235, 0.500000
318751, 0.508235, 0.500000
319973, 0.508235, 0.500000
321194, 0.508235, 0.500000
322415, 0.508235, 0.500000
323637, 0.508235, 0.500000
324858, 0.508235, 0.500000
326079, 0.508235, 0.500000
327300, 0.508235, 0.500000
328522, 0.508235, 0.500000
329743, 0.508235, 0.500000
330964, 0.508235, 0.500000
332185, 0.508235, 0.500000
333407, 0.508235, 0.500000
334628, 0.508235, 0.500000
335849, 0.508235, 0.500000
337071, 0.508235, 0.500000
338292, 0.508235, 0.500000
339513, 0.508235, 0.500000
340734, 0.508235, 0.500000
341956, 0.508235, 0.500000
343177, 0.508235, 0.500000
344398, 0.508235, 0.500000
345619, 0.508235, 0.500000
346841, 0.508235, 0.500000
348062, 0.508235, 0.500000
349283, 0.508235, 0.500000
350505, 0.508235, 0.500000
351726, 0.508235, 0.500000
352947, 0.508235, 0.500000
354168, 0.508235, 0.500000
355390, 0.508235, 0.500000
356611, 0.508235, 0.500000
357832, 0.508235, 0.500000
359053, 0.508235, 0.500000
360275, 0.508235, 0.500000
361496, 0.508235, 0.500000
362717, 0.508235, 0.500000
363939, 0.508235, 0.500000
365160, 0.508235, 0.500000
366381, 0.508235, 0.500000
367602, 0.508235, 0.500000
368824, 0.508235, 0.500000
370045, 0.508235, 0.500000
371266, 0.508235, 0.500000
372487, 0.508235, 0.500000
373709, 0.508235, 0.500000
374930, 0.508235, 0.500000
376151, 0.508235, 0.500000
377373, 0.508235, 0.500000
378594, 0.508235, 0.500000
379815, 0.508235, 0.500000
381036, 0.508235, 0.500000
382258, 0.508235, 0.500000
383479, 0.508235, 0.500000
384700, 0.508235, 0.500000
385921, 0.508235, 0.500000
387143, 0.508235, 0.500000
388364, 0.508235, 0.500000
389585, 0.508235, 0.500000
390807, 0.508235, 0.500000
392028, 0.508235, 0.500000
393249, 0.508235, 0.500000
394470, 0.508235, 0.500000
395692, 0.508235, 0.500000
396913, 0.508235, 0.500000
398134, 0.508235, 0.500000
399355, 0.508235, 0.500000
400577, 0.508235, 0.500000
401798, 0.508235, 0.500000
403019, 0.508235, 0.500000
404241, 0.508235, 0.500000
405462, 0.508235, 0.500000
406683, 0.508235, 0.500000
407904, 0.508235, 0.500000
409126, 0.508235, 0.500000
410347, 0.508235, 0.500000
411568, 0.508235, 0.500000
412789, 0.508235, 0.500000
414011, 0.508235, 0.500000
415232, 0.508235, 0.500000
416453, 0.508235, 0.500000
417675, 0.508235, 0.500000
418896, 0.508235, 0.500000
420117, 0.508235, 0.500000
421338, 0.508235, 0.500000
422560, 0.508235, 0.500000
423781, 0.508235, 0.500000
425002, 0.508235, 0.500000
426223, 0.508235, 0.500000
427445, 0.508235, 0.500000
428666, 0.508235, 0.500000
429887, 0.508235, 0.500000
431109, 0.508235, 0.500000
432330, 0.508235, 0.500000
433551, 0.508235, 0.500000
434772, 0.508235, 0.500000
435994, 0.508235, 0.500000
437215, 0.508235, 0.500000
438436, 0.508235, 0.500000
439657, 0.508235, 0.500000
440879, 0.508235, 0.500000
442100, 0.508235, 0.500000
443321, 0.508235, 0.500000
444543, 0.508235, 0.500000
445764, 0.508235, 0.500000
446985, 0.508235, 0.500000
448206, 0.508235, 0.500000
449428, 0.508235, 0.500000
450649, 0.508235, 0.500000
451870, 0.508235, 0.500000
453091, 0.508235, 0.500000
454313, 0.508235, 0.500000
455534, 0.508235, 0.500000
456755, 0.508235, 0.500000
457977, 0.508235, 0.500000
459198, 0.508235, 0.500000
460419, 0.508235, 0.500000
461640, 0.508235, 0.500000
462862, 0.508235, 0.500000
464083, 0.508235, 0.500000
465304, 0.508235, 0.500000
466525, 0.508235, 0.500000
467747, 0.508235, 0.500000
468968, 0.508235, 0.500000
470189, 0.508235, 0.500000
471410, 0.508235, 0.500000
472632, 0.508235, 0.500000
473853, 0.508235, 0.500000
475074, 0.508235, 0.500000
476296, 0.508235, 0.500000
477517, 0.508235, 0.500000
478738, 0.508235, 0.500000
479959, 0.508235, 0.500000
481181, 0.508235, 0.500000
482402, 0.508235, 0.500000
483623, 0.508235, 0.500000
484844, 0.508235, 0.500000
486066, 0.508235, 0.500000
487287, 0.508235, 0.500000
488508, 0.508235, 0.500000
489730, 0.508235, 0.500000
490951, 0.508235, 0.500000
492172, 0.508235, 0.500000
493393, 0.508235, 0.500000
494615, 0.508235, 0.500000
495836, 0.508235, 0.500000
497057, 0.508235, 0.500000
498278, 0.508235, 0.500000
499500, 0.508235, 0.500000
500721, 0.508235, 0.500000
501942, 0.508235, 0.500000
503164, 0.508235, 0.500000
504385, 0.508235, 0.500000
505606, 0.508235, 0.500000
506827, 0.508235, 0.500000
508049, 0.508235, 0.500000
509270, 0.508235, 0.500000
510491, 0.508235, 0.500000
511712, 0.508235, 0.500000
512934, 0.508235, 0.500000
514155, 0.508235, 0.500000
515376, 0.508235, 0.500000
516598, 0.508235, 0.500000
517819, 0.508235, 0.500000
519040, 0.508235, 0.500000
520261, 0.508235, 0.500000
521483, 0.508235, 0.500000
522704, 0.508235, 0.500000
523925, 0.508235, 0.500000
525146, 0.508235, 0.500000
526368, 0.508235, 0.500000
527589, 0.508235, 0.500000
528810, 0.508235, 0.500000
530032, 0.508235, 0.500000
531253, 0.508235, 0.500000
532474, 0.508235, 0.500000
533695, 0.508235, 0.500000
534917, 0.508235, 0.500000
536138, 0.508235, 0.500000
537359, 0.508235, 0.500000
538580, 0.508235, 0.500000
539802, 0.508235, 0.500000
541023, 0.508235, 0.500000
542244, 0.508235, 0.500000
543466, 0.508235, 0.500000
544687, 0.508235, 0.500000
545908, 0.508235, 0.500000
547129, 0.508235, 0.500000
548351, 0.508235, 0.500000
549572, 0.508235, 0.500000
550793, 0.508235, 0.500000
552014, 0.508235, 0.500000
553236, 0.508235, 0.500000
554457, 0.508235, 0.500000
555678, 0.508235, 0.500000
556900, 0.508235, 0.500000
558121, 0.508235, 0.500000
559342, 0.508235, 0.500000
560563, 0.508235, 0.500000
561785, 0.508235, 0.500000
563006, 0.508235, 0.500000
564227, 0.508235, 0.500000
565448, 0.508235, 0.500000
566670, 0.508235, 0.500000
567891, 0.508235, 0.500000
569112, 0.508235, 0.500000
570334, 0.508235, 0.500000
571555, 0.508235, 0.500000
572776, 0.508235, 0.500000
573997, 0.508235, 0.500000
575219, 0.508235, 0.500000
576440, 0.508235, 0.500000
577661, 0.508235, 0.500000
578882, 0.508235, 0.500000
580104, 0.508235, 0.500000
581325, 0.508235, 0.500000
582546, 0.508235, 0.500000
583768, 0.508235, 0.500000
584989, 0.508235, 0.500000
586210, 0.508235, 0.500000
587431, 0.508235, 0.500000
588653, 0.508235, 0.500000
589874, 0.508235, 0.500000
591095, 0.508235, 0.500000
592316, 0.508235, 0.500000
593538, 0.508235, 0.500000
594759, 0.508235, 0.500000
595980, 0.508235, 0.500000
597202, 0.508235, 0.500000
598423, 0.508235, 0.500000
599644, 0.508235, 0.500000
600865, 0.508235, 0.500000
602087, 0.508235, 0.500000
603308, 0.508235, 0.500000
604529, 0.508235, 0.500000
605750, 0.508235, 0.500000
606972, 0.508235, 0.500000
608193, 0.508235, 0.500000
609414, 0.508235, 0.500000
610636, 0.508235, 0.500000
611857, 0.508235, 0.500000
613078, 0.508235, 0.500000
614299, 0.508235, 0.500000
615521, 0.508235, 0.500000
616742, 0.508235, 0.500000
617963, 0.508235, 0.500000
619184, 0.508235, 0.500000
620406, 0.508235, 0.500000
621627, 0.508235, 0.500000
622848, 0.508235, 0.500000
624069, 0.508235, 0.500000
625291, 0.508235, 0.500000
626512, 0.508235, 0.500000
627733, 0.508235, 0.500000
628955, 0.508235, 0.500000
630176, 0.508235, 0.500000
631397, 0.508235, 0.500000
632618, 0.508235, 0.500000
633840, 0.508235, 0.500000
635061, 0.508235, 0.500000
636282, 0.508235, 0.500000
637503, 0.508235, 0.500000
638725, 0.508235, 0.500000
639946, 0.508235, 0.500000
641167, 0.508235, 0.500000
642389, 0.508235, 0.500000
643610, 0.508235, 0.500000
644831, 0.508235, 0.500000
646052, 0.508235, 0.500000
647274, 0.508235, 0.500000
648495, 0.508235, 0.500000
649716, 0.508235, 0.500000
650937, 0.508235, 0.500000
652159, 0.508235, 0.500000
653380, 0.508235, 0.500000
654601, 0.508235, 0.500000
655823, 0.508235, 0.500000
657044, 0.508235, 0.500000
658265, 0.508235, 0.500000
659486, 0.508235, 0.500000
660708, 0.508235, 0.500000
661929, 0.508235, 0.500000
663150, 0.508235, 0.500000
664371, 0.508235, 0.500000
665593, 0.508235, 0.500000
666814, 0.508235, 0.500000
668035, 0.508235, 0.500000
669257, 0.508235, 0.500000
670478, 0.508235, 0.500000
671699, 0.508235, 0.500000
672920, 0.508235, 0.500000
674142, 0.508235, 0.500000
675363, 0.508235, 0.500000
676584, 0.508235, 0.500000
677805, 0.508235, 0.500000
679027, 0.508235, 0.500000
680248, 0.508235, 0.500000
681469, 0.508235, 0.500000
682691, 0.508235, 0.500000
683912, 0.508235, 0.500000
685133, 0.508235, 0.500000
686354, 0.508235, 0.500000
687576, 0.508235, 0.500000
688797, 0.508235, 0.500000
690018, 0.508235, 0.500000
691239, 0.508235, 0.500000
692461, 0.508235, 0.500000
693682, 0.508235, 0.500000
694903, 0.508235, 0.500000
696125, 0.508235, 0.500000
697346, 0.508235, 0.500000
698567, 0.508235, 0.500000
699788, 0.508235, 0.500000
701010, 0.508235, 0.500000
702231, 0.508235, 0.500000
703452, 0.508235, 0.500000
704673, 0.508235, 0.500000
705895, 0.508235, 0.500000
707116, 0.508235, 0.500000
708337, 0.508235, 0.500000
709559, 0.508235, 0.500000
710780, 0.508235, 0.500000
712001, 0.508235, 0.500000
713222, 0.508235, 0.500000
714444, 0.508235, 0.500000
715665, 0.508235, 0.500000
716886, 0.508235, 0.500000
718107, 0.508235, 0.500000
719329, 0.508235, 0.500000
720550, 0.508235, 0.500000
721771, 0.508235, 0.500000
722993, 0.508235, 0.500000
724214, 0.508235, 0.500000
725435, 0.508235, 0.500000
726656, 0.508235, 0.500000
727878, 0.508235, 0.500000
729099, 0.508235, 0.500000
730320, 0.508235, 0.500000
731541, 0.508235, 0.500000
732763, 0.508235, 0.500000
733984, 0.508235, 0.500000
735205, 0.508235, 0.500000
736427, 0.508235, 0.500000
737648, 0.508235, 0.500000
738869, 0.508235, 0.500000
740090, 0.508235, 0.500000
741312, 0.508235, 0.500000
742533, 0.508235, 0.500000
743754, 0.508235, 0.500000
744975, 0.508235, 0.500000
746197, 0.508235, 0.500000
747418, 0.508235, 0.500000
748639, 0.508235, 0.500000
749861, 0.508235, 0.500000
751082, 0.508235, 0.500000
752303, 0.508235, 0.500000
753524, 0.508235, 0.500000
754746, 0.508235, 0.500000
755967, 0.508235, 0.500000
757188, 0.508235, 0.500000
758409, 0.508235, 0.500000
759631, 0.508235, 0.500000
760852, 0.508235, 0.500000
762073, 0.508235, 0.500000
763295, 0.508235, 0.500000
764516, 0.508235, 0.500000
765737, 0.508235, 0.500000
766958, 0.508235, 0.500000
768180, 0.508235, 0.500000
769401, 0.508235, 0.500000
770622, 0.508235, 0.500000
771843, 0.508235, 0.500000
773065, 0.508235, 0.500000
774286, 0.508235, 0.500000
775507, 0.508235, 0.500000
776728, 0.508235, 0.500000
777950, 0.508235, 0.500000
779171, 0.508235, 0.500000
780392, 0.508235, 0.500000
781614, 0.508235, 0.500000
782835, 0.508235, 0.500000
784056, 0.508235, 0.500000
785277, 0.508235, 0.500000
786499, 0.508235, 0.500000
787720, 0.508235, 0.500000
788941, 0.508235, 0.500000
790162, 0.508235, 0.500000
791384, 0.508235, 0.500000
792605, 0.508235, 0.500000
793826, 0.508235, 0.500000
795048, 0.508235, 0.500000
796269, 0.508235, 0.500000
797490, 0.508235, 0.500000
798711, 0.508235, 0.500000
799933, 0.508235, 0.500000
801154, 0.508235, 0.500000
802375, 0.508235, 0.500000
803596, 0.508235, 0.500000
804818, 0.508235, 0.500000
806039, 0.508235, 0.500000
807260, 0.508235, 0.500000
808482, 0.508235, 0.500000
809703, 0.508235, 0.500000
810924, 0.508235, 0.500000
812145, 0.508235, 0.500000
813367, 0.508235, 0.500000
814588, 0.508235, 0.500000
815809, 0.508235, 0.500000
817030, 0.508235, 0.500000
818252, 0.508235, 0.500000
819473, 0.508235, 0.500000
820694, 0.508235, 0.500000
821916, 0.508235, 0.500000
823137, 0.508235, 0.500000
824358, 0.508235, 0.500000
825579, 0.508235, 0.500000
826801, 0.508235, 0.500000
828022, 0.508235, 0.500000
829243, 0.508235, 0.500000
830464, 0.508235, 0.500000
831686, 0.508235, 0.500000
832907, 0.508235, 0.500000
834128, 0.508235, 0.500000
835350, 0.508235, 0.500000
836571, 0.508235, 0.500000
837792, 0.508235, 0.500000
839013, 0.508235, 0.500000
840235, 0.508235, 0.500000
841456, 0.508235, 0.500000
842677, 0.508235, 0.500000
843898, 0.508235, 0.500000
845120, 0.508235, 0.500000
846341, 0.508235, 0.500000
847562, 0.508235, 0.500000
848784, 0.508235, 0.500000
850005, 0.508235, 0.500000
851226, 0.508235, 0.500000
852447, 0.508235, 0.500000
853669, 0.508235, 0.500000
854890, 0.508235, 0.500000
856111, 0.508235, 0.500000
857332, 0.508235, 0.500000
858554, 0.508235, 0.500000
859775, 0.508235, 0.500000
860996, 0.508235, 0.500000
862218, 0.508235, 0.500000
863439, 0.508235, 0.500000
864660, 0.508235, 0.500000
865881, 0.508235, 0.500000
867103, 0.508235, 0.500000
868324, 0.508235, 0.500000
869545, 0.508235, 0.500000
870766, 0.508235, 0.500000
871988, 0.508235, 0.500000
873209, 0.508235, 0.500000
874430, 0.508235, 0.500000
875652, 0.508235, 0.500000
876873, 0.508235, 0.500000
878094, 0.508235, 0.500000
879315, 0.508235, 0.500000
880537, 0.508235, 0.500000
881758, 0.508235, 0.500000
882979, 0.508235, 0.500000
884200, 0.508235, 0.500000
885422, 0.508235, 0.500000
886643, 0.508235, 0.500000
887864, 0.508235, 0.500000
889086, 0.508235, 0.500000
890307, 0.508235, 0.500000
891528, 0.508235, 0.500000
892749, 0.508235, 0.500000
893971, 0.508235, 0.500000
895192, 0.508235, 0.500000
896413, 0.508235, 0.500000
897634, 0.508235, 0.500000
898856, 0.508235, 0.500000
900077, 0.508235, 0.500000
901298, 0.508235, 0.500000
902520, 0.508235, 0.500000
903741, 0.508235, 0.500000
904962, 0.508235, 0.500000
906183, 0.508235, 0.500000
907405, 0.508235, 0.500000
908626, 0.508235, 0.500000
909847, 0.508235, 0.500000
911068, 0.508235, 0.500000
912290, 0.508235, 0.500000
913511, 0.508235, 0.500000
914732, 0.508235, 0.500000
915954, 0.508235, 0.500000
917175, 0.508235, 0.500000
918396, 0.508235, 0.500000
919617, 0.508235, 0.500000
920839, 0.508235, 0.500000
922060, 0.508235, 0.500000
923281, 0.508235, 0.500000
924502, 0.508235, 0.500000
925724, 0.508235, 0.500000
926945, 0.508235, 0.500000
928166, 0.508235, 0.500000
929387, 0.508235, 0.500000
930609, 0.508235, 0.500000
931830, 0.508235, 0.500000
933051, 0.508235, 0.500000
934273, 0.508235, 0.500000
935494, 0.508235, 0.500000
936715, 0.508235, 0.500000
937936, 0.508235, 0.500000
939158, 0.508235, 0.500000
940379, 0.508235, 0.500000
941600, 0.508235, 0.500000
942821, 0.508235, 0.500000
944043, 0.508235, 0.500000
945264, 0.508235, 0.500000
946485, 0.508235, 0.500000
947707, 0.508235, 0.500000
948928, 0.508235, 0.500000
950149, 0.508235, 0.500000
951370, 0.508235, 0.500000
952592, 0.508235, 0.500000
953813, 0.508235, 0.500000
955034, 0.508235, 0.500000
956255, 0.508235, 0.500000
957477, 0.508235, 0.500000
958698, 0.508235, 0.500000
959919, 0.508235, 0.500000
961141, 0.508235, 0.500000
962362, 0.508235, 0.500000
963583, 0.508235, 0.500000
964804, 0.508235, 0.500000
966026, 0.508235, 0.500000
967247, 0.508235, 0.500000
968468, 0.508235, 0.500000
969689, 0.508235, 0.500000
970911, 0.508235, 0.500000
972132, 0.508235, 0.500000
973353, 0.508235, 0.500000
974575, 0.508235, 0.500000
975796, 0.508235, 0.500000
977017, 0.508235, 0.500000
978238, 0.508235, 0.500000
979460, 0.508235, 0.500000
980681, 0.508235, 0.500000
981902, 0.508235, 0.500000
983123, 0.508235, 0.500000
984345, 0.508235, 0.500000
985566, 0.508235, 0.500000
986787, 0.508235, 0.500000
988009, 0.508235, 0.500000
989230, 0.508235, 0.500000
990451, 0.508235, 0.500000
991672, 0.508235, 0.500000
992894, 0.508235, 0.500000
994115, 0.508235, 0.500000
995336, 0.508235, 0.500000
996557, 0.508235, 0.500000
997779, 0.508235, 0.500000
999000, 0.508235, 0.500000
1000221, 0.508235, 0.500000
1001443, 0.508235, 0.500000
1002664, 0.508235, 0.500000
1003885, 0.508235, 0.500000
1005106, 0.508235, 0.500000
1006328, 0.508235, 0.500000
1007549, 0.508235, 0.500000
1008770, 0.508235, 0.500000
1009991, 0.508235, 0.500000
1011213, 0.508235, 0.500000
1012434, 0.508235, 0.500000
1013655, 0.508235, 0.500000
1014877, 0.508235, 0.500000
1016098, 0.508235, 0.500000
1017319, 0.508235, 0.500000
1018540, 0.508235, 0.500000
1019762, 0.508235, 0.500000
1020983, 0.508235, 0.500000
1022204, 0.508235, 0.500000
1023425, 0.508235, 0.500000
1024647, 0.508235, 0.500000
1025868, 0.508235, 0.500000
1027089, 0.508235, 0.500000
1028311, 0.508235, 0.500000
1029532, 0.508235, 0.500000
1030753, 0.508235, 0.500000
1031974, 0.508235, 0.500000
1033196, 0.508235, 0.500000
1034417, 0.508235, 0.500000
1035638, 0.508235, 0.500000
1036859, 0.508235, 0.500000
1038081, 0.508235, 0.500000
1039302, 0.508235, 0.500000
1040523, 0.508235, 0.500000
1041745, 0.508235, 0.500000
1042966, 0.508235, 0.500000
1044187, 0.508235, 0.500000
1045408, 0.508235, 0.500000
1046630, 0.508235, 0.500000
1047851, 0.508235, 0.500000
1049072, 0.508235, 0.500000
1050293, 0.508235, 0.500000
1051515, 0.508235, 0.500000
1052736, 0.508235, 0.500000
1053957, 0.508235, 0.500000
1055179, 0.508235, 0.500000
1056400, 0.508235, 0.500000
1057621, 0.508235, 0.500000
1058842, 0.508235, 0.500000
1060064, 0.508235, 0.500000
1061285, 0.508235, 0.500000
1062506, 0.508235, 0.500000
1063727, 0.508235, 0.500000
1064949, 0.508235, 0.500000
1066170, 0.508235, 0.500000
1067391, 0.508235, 0.500000
1068613, 0.508235, 0.500000
1069834, 0.508235, 0.500000
1071055, 0.508235, 0.500000
1072276, 0.508235, 0.500000
1073498, 0.508235, 0.500000
1074719, 0.508235, 0.500000
1075940, 0.508235, 0.500000
1077161, 0.508235, 0.500000
1078383, 0.508235, 0.500000
1079604, 0.508235, 0.500000
1080825, 0.508235, 0.500000
1082046, 0.508235, 0.500000
1083268, 0.508235, 0.500000
1084489, 0.508235, 0.500000
1085710, 0.508235, 0.500000
1086932, 0.508235, 0.500000
1088153, 0.508235, 0.500000
1089374, 0.508235, 0.500000
1090595, 0.508235, 0.500000
1091817, 0.508235, 0.500000
1093038, 0.508235, 0.500000
1094259, 0.508235, 0.500000
1095480, 0.508235, 0.500000
1096702, 0.508235, 0.500000
1097923, 0.508235, 0.500000
1099144, 0.508235, 0.500000
1100366, 0.508235, 0.500000
1101587, 0.508235, 0.500000
1102808, 0.508235, 0.500000
1104029, 0.508235, 0.500000
1105251, 0.508235, 0.500000
1106472, 0.508235, 0.500000
1107693, 0.508235, 0.500000
1108914, 0.508235, 0.500000
1110136, 0.508235, 0.500000
1111357, 0.508235, 0.500000
1112578, 0.508235, 0.500000
1113800, 0.508235, 0.500000
1115021, 0.508235, 0.500000
1116242, 0.508235, 0.500000
1117463, 0.508235, 0.500000
1118685, 0.508235, 0.500000
1119906, 0.508235, 0.500000
1121127, 0.508235, 0.500000
1122348, 0.508235, 0.500000
1123570, 0.508235, 0.500000
1124791, 0.508235, 0.500000
1126012, 0.508235, 0.500000
1127234, 0.508235, 0.500000
1128455, 0.508235, 0.500000
1129676, 0.508235, 0.500000
1130897, 0.508235, 0.500000
1132119, 0.508235, 0.500000
1133340, 0.508235, 0.500000
1134561, 0.508235, 0.500000
1135782, 0.508235, 0.500000
1137004, 0.508235, 0.500000
1138225, 0.508235, 0.500000
1139446, 0.508235, 0.500000
1140668, 0.508235, 0.500000
1141889, 0.508235, 0.500000
1143110, 0.508235, 0.500000
1144331, 0.508235, 0.500000
1145553, 0.508235, 0.500000
1146774, 0.508235, 0.500000
1147995, 0.508235, 0.500000
1149216, 0.508235, 0.500000
1150438, 0.508235, 0.500000
1151659, 0.508235, 0.500000
1152880, 0.508235, 0.500000
1154102, 0.508235, 0.500000
1155323, 0.508235, 0.500000
1156544, 0.508235, 0.500000
1157765, 0.508235, 0.500000
1158987, 0.508235, 0.500000
1160208, 0.508235, 0.500000
1161429, 0.508235, 0.500000
1162650, 0.508235, 0.500000
1163872, 0.508235, 0.500000
1165093, 0.508235, 0.500000
1166314, 0.508235, 0.500000
1167536, 0.508235, 0.500000
1168757, 0.508235, 0.500000
1169978, 0.508235, 0.500000
1171199, 0.508235, 0.500000
1172421, 0.508235, 0.500000
1173642, 0.508235, 0.500000
1174863, 0.508235, 0.500000
1176084, 0.508235, 0.500000
1177306, 0.508235, 0.500000
1178527, 0.508235, 0.500000
1179748, 0.508235, 0.500000
1180970, 0.508235, 0.500000
1182191, 0.508235, 0.500000
1183412, 0.508235, 0.500000
1184633, 0.508235, 0.500000
1185855, 0.508235, 0.500000
1187076, 0.508235, 0.500000
1188297, 0.508235, 0.500000
1189518, 0.508235, 0.500000
1190740, 0.508235, 0.500000
1191961, 0.508235, 0.500000
1193182, 0.508235, 0.500000
1194404, 0.508235, 0.500000
1195625, 0.508235, 0.500000
1196846, 0.508235, 0.500000
1198067, 0.508235, 0.500000
1199289, 0.508235, 0.500000
1200510, 0.508235, 0.500000
1201731, 0.508235, 0.500000
1202952, 0.508235, 0.500000
1204174, 0.508235, 0.500000
1205395, 0.508235, 0.500000
1206616, 0.508235, 0.500000
1207838, 0.508235, 0.500000
1209059, 0.508235, 0.500000
1210280, 0.508235, 0.500000
1211501, 0.508235, 0.500000
1212723, 0.508235, 0.500000
1213944, 0.508235, 0.500000
1215165, 0.508235, 0.500000
1216386, 0.508235, 0.500000
1217608, 0.508235, 0.500000
1218829, 0.508235, 0.500000
1220050, 0.508235, 0.500000
1221272, 0.508235, 0.500000
Time used: 0 ms
