logging to /opt/shards_res_1000/2016020800-2016020900_unique/tenant_6_profile_res-FIX_RATE-SHARDS-0.01.csvtracefile: /data1/tenant_trace/2016020800-2016020900_unique/tenant_6_trace
open file /data1/tenant_trace/2016020800-2016020900_unique/tenant_6_trace
read 1000000 lines
read 2000000 lines
read 3000000 lines
read 4000000 lines
read 5000000 lines
read 6000000 lines
read 7000000 lines
read 8000000 lines
read 9000000 lines
read 10000000 lines
read 11000000 lines
read 12000000 lines
read 13000000 lines
read 14000000 lines
read 15000000 lines
read 16000000 lines
read 17000000 lines
read 18000000 lines
read 19000000 lines
read 20000000 lines
read 21000000 lines
read 22000000 lines
read 23000000 lines
read 24000000 lines
read 25000000 lines
read 26000000 lines
read 27000000 lines
read 28000000 lines
read 29000000 lines
read 30000000 lines
read 31000000 lines
read 32000000 lines
read 33000000 lines
read 34000000 lines
read 35000000 lines
read 36000000 lines
read 37000000 lines
read 38000000 lines
read 39000000 lines
read 40000000 lines
read 41000000 lines
read 42000000 lines
read 43000000 lines
read 44000000 lines
read 45000000 lines
read 46000000 lines
read 47000000 lines
read 48000000 lines
read 49000000 lines
read 50000000 lines
read 51000000 lines
read 52000000 lines
read 53000000 lines
read 54000000 lines
read 55000000 lines
read 56000000 lines
read 57000000 lines
read 58000000 lines
read 59000000 lines
read 60000000 lines
read 61000000 lines
read 62000000 lines
read 63000000 lines
read 64000000 lines
read 65000000 lines
read 66000000 lines
read 67000000 lines
read 68000000 lines
read 69000000 lines
read 70000000 lines
read 71000000 lines
read 72000000 lines
read 73000000 lines
read 74000000 lines
read 75000000 lines
read 76000000 lines
read 77000000 lines
read 78000000 lines
read 79000000 lines
read 80000000 lines
read 81000000 lines
read 82000000 lines
read 83000000 lines
read 84000000 lines
read 85000000 lines
read 86000000 lines
read 87000000 lines
read 88000000 lines
read 89000000 lines
read 90000000 lines
read 91000000 lines
read 92000000 lines
read 93000000 lines
read 94000000 lines
read 95000000 lines
read 96000000 lines
read 97000000 lines
read 98000000 lines
read 99000000 lines
read 100000000 lines
read 101000000 lines
read 102000000 lines
read 103000000 lines
read 104000000 lines
read 105000000 lines
read 106000000 lines
read 107000000 lines
read 108000000 lines
read 109000000 lines
read 110000000 lines
read 111000000 lines
read 112000000 lines
read 113000000 lines
read 114000000 lines
read 115000000 lines
read 116000000 lines
read 117000000 lines
read 118000000 lines
read 119000000 lines
read 120000000 lines
read 121000000 lines
[FILE]: /data1/tenant_trace/2016020800-2016020900_unique/tenant_6_trace
total_access_num: 121486450
total_access_size: 12853901329600
unique_access_num: 44451624
unique_access_size: 4077709386562
min_item_size: 1
[method]: SHARDS
[metric]: MAE
[seed]: 42
[sample_method]: FIX_RATE
[sample_metric]: 0.01
MAEQ_factor: 1.029492
cache_size, BMRC_ratio, OMRC_ratio
4077709386, 0.888733, 0.922801
8155418773, 0.857258, 0.898574
12233128159, 0.833811, 0.879526
16310837546, 0.815268, 0.863334
20388546932, 0.798593, 0.848937
24466256319, 0.784217, 0.836017
28543965705, 0.771410, 0.824297
32621675092, 0.759767, 0.813378
36699384479, 0.749103, 0.803312
40777093865, 0.739598, 0.793951
44854803252, 0.730400, 0.785197
48932512638, 0.721918, 0.776846
53010222025, 0.713943, 0.768983
57087931411, 0.706448, 0.761372
61165640798, 0.699418, 0.754113
65243350184, 0.692462, 0.747201
69321059571, 0.685840, 0.740583
73398768958, 0.679399, 0.734270
77476478344, 0.673354, 0.728128
81554187731, 0.667466, 0.722212
85631897117, 0.661695, 0.716586
89709606504, 0.656299, 0.711085
93787315890, 0.650821, 0.705776
97865025277, 0.645550, 0.700718
101942734664, 0.640965, 0.695840
106020444050, 0.636064, 0.691024
110098153437, 0.631612, 0.686423
114175862823, 0.627311, 0.681897
118253572210, 0.622966, 0.677520
122331281596, 0.618610, 0.673307
126408990983, 0.614556, 0.669188
130486700369, 0.610573, 0.665158
134564409756, 0.606874, 0.661328
138642119143, 0.603197, 0.657524
142719828529, 0.599515, 0.653709
146797537916, 0.595687, 0.649997
150875247302, 0.592335, 0.646496
154952956689, 0.588920, 0.643074
159030666075, 0.585570, 0.639702
163108375462, 0.582266, 0.636334
167186084849, 0.578973, 0.633072
171263794235, 0.575943, 0.629950
175341503622, 0.572879, 0.626799
179419213008, 0.569964, 0.623774
183496922395, 0.566919, 0.620806
187574631781, 0.563918, 0.617878
191652341168, 0.561222, 0.615043
195730050554, 0.558469, 0.612242
199807759941, 0.555662, 0.609472
203885469328, 0.553078, 0.606813
207963178714, 0.550269, 0.604127
212040888101, 0.547823, 0.601560
216118597487, 0.545524, 0.599141
220196306874, 0.543138, 0.596673
224274016260, 0.540704, 0.594215
228351725647, 0.538303, 0.591831
232429435034, 0.536144, 0.589505
236507144420, 0.533875, 0.587220
240584853807, 0.531659, 0.584962
244662563193, 0.529310, 0.582692
248740272580, 0.527007, 0.580481
252817981966, 0.524912, 0.578350
256895691353, 0.522847, 0.576237
260973400739, 0.520777, 0.574115
265051110126, 0.518978, 0.572187
269128819513, 0.516914, 0.570181
273206528899, 0.515071, 0.568218
277284238286, 0.513159, 0.566264
281361947672, 0.511327, 0.564354
285439657059, 0.509422, 0.562450
289517366445, 0.507671, 0.560604
293595075832, 0.505856, 0.558770
297672785219, 0.504088, 0.556937
301750494605, 0.502303, 0.555154
305828203992, 0.500596, 0.553372
309905913378, 0.498758, 0.551636
313983622765, 0.496964, 0.549872
318061332151, 0.495304, 0.548236
322139041538, 0.493619, 0.546520
326216750924, 0.491928, 0.544863
330294460311, 0.490117, 0.543215
334372169698, 0.488621, 0.541645
338449879084, 0.487195, 0.540070
342527588471, 0.485630, 0.538529
346605297857, 0.484142, 0.536994
350683007244, 0.482574, 0.535482
354760716630, 0.481035, 0.534015
358838426017, 0.479649, 0.532544
362916135404, 0.478221, 0.531050
366993844790, 0.476903, 0.529648
371071554177, 0.475428, 0.528209
375149263563, 0.474079, 0.526829
379226972950, 0.472731, 0.525481
383304682336, 0.471144, 0.524131
387382391723, 0.469785, 0.522821
391460101109, 0.468516, 0.521514
395537810496, 0.467247, 0.520208
399615519883, 0.465895, 0.518910
403693229269, 0.464537, 0.517606
407770938656, 0.463300, 0.516315
411848648042, 0.462035, 0.515088
415926357429, 0.460842, 0.513910
420004066815, 0.459582, 0.512630
424081776202, 0.458355, 0.511386
428159485589, 0.457209, 0.510213
432237194975, 0.456139, 0.509073
436314904362, 0.455055, 0.507878
440392613748, 0.453921, 0.506723
444470323135, 0.452733, 0.505499
448548032521, 0.451591, 0.504373
452625741908, 0.450476, 0.503245
456703451294, 0.449438, 0.502134
460781160681, 0.448315, 0.501061
464858870068, 0.447312, 0.500007
468936579454, 0.446192, 0.498945
473014288841, 0.445209, 0.497938
477091998227, 0.444210, 0.496924
481169707614, 0.443237, 0.495900
485247417000, 0.442326, 0.494901
489325126387, 0.441344, 0.493944
493402835774, 0.440329, 0.492923
497480545160, 0.439333, 0.491921
501558254547, 0.438326, 0.490925
505635963933, 0.437341, 0.489945
509713673320, 0.436373, 0.489000
513791382706, 0.435551, 0.488073
517869092093, 0.434617, 0.487113
521946801479, 0.433687, 0.486216
526024510866, 0.432795, 0.485308
530102220253, 0.431888, 0.484393
534179929639, 0.431013, 0.483533
538257639026, 0.430185, 0.482640
542335348412, 0.429400, 0.481767
546413057799, 0.428587, 0.480898
550490767185, 0.427694, 0.479994
554568476572, 0.426801, 0.479149
558646185958, 0.425920, 0.478306
562723895345, 0.425043, 0.477490
566801604732, 0.424263, 0.476685
570879314118, 0.423444, 0.475859
574957023505, 0.422646, 0.475041
579034732891, 0.421934, 0.474275
583112442278, 0.421117, 0.473469
587190151664, 0.420368, 0.472707
591267861051, 0.419638, 0.471948
595345570438, 0.418944, 0.471167
599423279824, 0.418119, 0.470361
603500989211, 0.417393, 0.469608
607578698597, 0.416666, 0.468832
611656407984, 0.415917, 0.468054
615734117370, 0.415062, 0.467277
619811826757, 0.414306, 0.466564
623889536143, 0.413629, 0.465877
627967245530, 0.413036, 0.465263
632044954917, 0.412327, 0.464568
636122664303, 0.411632, 0.463880
640200373690, 0.410951, 0.463191
644278083076, 0.410218, 0.462483
648355792463, 0.409550, 0.461795
652433501849, 0.408881, 0.461130
656511211236, 0.408298, 0.460483
660588920623, 0.407530, 0.459806
664666630009, 0.406854, 0.459156
668744339396, 0.406289, 0.458536
672822048782, 0.405581, 0.457919
676899758169, 0.404899, 0.457268
680977467555, 0.404238, 0.456597
685055176942, 0.403612, 0.455937
689132886328, 0.403052, 0.455347
693210595715, 0.402417, 0.454701
697288305102, 0.401817, 0.454084
701366014488, 0.401305, 0.453530
705443723875, 0.400696, 0.452921
709521433261, 0.400077, 0.452296
713599142648, 0.399474, 0.451696
717676852034, 0.398932, 0.451124
721754561421, 0.398364, 0.450562
725832270808, 0.397875, 0.450020
729909980194, 0.397278, 0.449435
733987689581, 0.396678, 0.448876
738065398967, 0.396104, 0.448286
742143108354, 0.395553, 0.447726
746220817740, 0.394989, 0.447182
750298527127, 0.394410, 0.446624
754376236513, 0.393807, 0.446084
758453945900, 0.393314, 0.445538
762531655287, 0.392813, 0.445011
766609364673, 0.392294, 0.444479
770687074060, 0.391760, 0.443939
774764783446, 0.391208, 0.443420
778842492833, 0.390672, 0.442869
782920202219, 0.390186, 0.442385
786997911606, 0.389745, 0.441900
791075620993, 0.389273, 0.441369
795153330379, 0.388814, 0.440880
799231039766, 0.388311, 0.440376
803308749152, 0.387863, 0.439875
807386458539, 0.387346, 0.439357
811464167925, 0.386840, 0.438847
815541877312, 0.386335, 0.438370
819619586698, 0.385902, 0.437907
823697296085, 0.385434, 0.437436
827775005472, 0.384986, 0.436979
831852714858, 0.384546, 0.436540
835930424245, 0.384113, 0.436083
840008133631, 0.383634, 0.435632
844085843018, 0.383169, 0.435202
848163552404, 0.382701, 0.434764
852241261791, 0.382246, 0.434310
856318971178, 0.381805, 0.433840
860396680564, 0.381424, 0.433424
864474389951, 0.381023, 0.433003
868552099337, 0.380574, 0.432576
872629808724, 0.380120, 0.432155
876707518110, 0.379742, 0.431772
880785227497, 0.379301, 0.431365
884862936883, 0.378859, 0.430942
888940646270, 0.378486, 0.430539
893018355657, 0.378048, 0.430119
897096065043, 0.377618, 0.429721
901173774430, 0.377228, 0.429295
905251483816, 0.376845, 0.428909
909329193203, 0.376487, 0.428544
913406902589, 0.376170, 0.428172
917484611976, 0.375804, 0.427772
921562321363, 0.375457, 0.427389
925640030749, 0.375021, 0.427005
929717740136, 0.374613, 0.426619
933795449522, 0.374254, 0.426244
937873158909, 0.373868, 0.425889
941950868295, 0.373460, 0.425487
946028577682, 0.373066, 0.425099
950106287068, 0.372663, 0.424741
954183996455, 0.372333, 0.424396
958261705842, 0.372001, 0.424044
962339415228, 0.371659, 0.423699
966417124615, 0.371354, 0.423358
970494834001, 0.371005, 0.422998
974572543388, 0.370622, 0.422627
978650252774, 0.370316, 0.422301
982727962161, 0.369976, 0.421946
986805671548, 0.369621, 0.421602
990883380934, 0.369296, 0.421287
994961090321, 0.368935, 0.420955
999038799707, 0.368644, 0.420637
1003116509094, 0.368287, 0.420278
1007194218480, 0.367930, 0.419926
1011271927867, 0.367594, 0.419590
1015349637253, 0.367334, 0.419281
1019427346640, 0.367020, 0.418984
1023505056027, 0.366673, 0.418646
1027582765413, 0.366367, 0.418319
1031660474800, 0.365998, 0.418004
1035738184186, 0.365694, 0.417692
1039815893573, 0.365431, 0.417402
1043893602959, 0.365158, 0.417092
1047971312346, 0.364856, 0.416773
1052049021732, 0.364550, 0.416480
1056126731119, 0.364234, 0.416177
1060204440506, 0.363937, 0.415861
1064282149892, 0.363631, 0.415564
1068359859279, 0.363283, 0.415244
1072437568665, 0.362917, 0.414942
1076515278052, 0.362608, 0.414633
1080592987438, 0.362332, 0.414346
1084670696825, 0.362036, 0.414038
1088748406212, 0.361659, 0.413734
1092826115598, 0.361308, 0.413420
1096903824985, 0.361020, 0.413124
1100981534371, 0.360776, 0.412855
1105059243758, 0.360518, 0.412579
1109136953144, 0.360251, 0.412315
1113214662531, 0.360013, 0.412053
1117292371917, 0.359763, 0.411765
1121370081304, 0.359515, 0.411487
1125447790691, 0.359283, 0.411234
1129525500077, 0.359033, 0.410985
1133603209464, 0.358699, 0.410696
1137680918850, 0.358487, 0.410471
1141758628237, 0.358201, 0.410225
1145836337623, 0.357961, 0.409977
1149914047010, 0.357648, 0.409683
1153991756397, 0.357419, 0.409428
1158069465783, 0.357165, 0.409169
1162147175170, 0.356969, 0.408946
1166224884556, 0.356757, 0.408691
1170302593943, 0.356521, 0.408444
1174380303329, 0.356216, 0.408179
1178458012716, 0.355990, 0.407932
1182535722102, 0.355744, 0.407669
1186613431489, 0.355513, 0.407431
1190691140876, 0.355269, 0.407190
1194768850262, 0.355078, 0.406973
1198846559649, 0.354771, 0.406712
1202924269035, 0.354523, 0.406478
1207001978422, 0.354280, 0.406214
1211079687808, 0.354072, 0.405979
1215157397195, 0.353860, 0.405754
1219235106582, 0.353651, 0.405525
1223312815968, 0.353424, 0.405303
1227390525355, 0.353250, 0.405101
1231468234741, 0.352964, 0.404860
1235545944128, 0.352781, 0.404639
1239623653514, 0.352579, 0.404413
1243701362901, 0.352384, 0.404198
1247779072287, 0.352197, 0.403988
1251856781674, 0.351978, 0.403773
1255934491061, 0.351741, 0.403540
1260012200447, 0.351567, 0.403323
1264089909834, 0.351355, 0.403128
1268167619220, 0.351142, 0.402904
1272245328607, 0.350943, 0.402673
1276323037993, 0.350775, 0.402485
1280400747380, 0.350608, 0.402292
1284478456767, 0.350414, 0.402061
1288556166153, 0.350251, 0.401875
1292633875540, 0.350086, 0.401693
1296711584926, 0.349900, 0.401491
1300789294313, 0.349727, 0.401287
1304867003699, 0.349522, 0.401103
1308944713086, 0.349333, 0.400901
1313022422472, 0.349167, 0.400712
1317100131859, 0.348920, 0.400524
1321177841246, 0.348737, 0.400339
1325255550632, 0.348537, 0.400144
1329333260019, 0.348367, 0.399950
1333410969405, 0.348179, 0.399760
1337488678792, 0.348010, 0.399576
1341566388178, 0.347834, 0.399385
1345644097565, 0.347656, 0.399208
1349721806952, 0.347374, 0.399026
1353799516338, 0.347215, 0.398883
1357877225725, 0.347043, 0.398696
1361954935111, 0.346860, 0.398518
1366032644498, 0.346666, 0.398321
1370110353884, 0.346442, 0.398123
1374188063271, 0.346266, 0.397956
1378265772657, 0.346052, 0.397770
1382343482044, 0.345885, 0.397594
1386421191431, 0.345741, 0.397435
1390498900817, 0.345594, 0.397270
1394576610204, 0.345425, 0.397107
1398654319590, 0.345262, 0.396945
1402732028977, 0.345067, 0.396779
1406809738363, 0.344879, 0.396573
1410887447750, 0.344726, 0.396398
1414965157137, 0.344553, 0.396230
1419042866523, 0.344385, 0.396086
1423120575910, 0.344233, 0.395916
1427198285296, 0.344099, 0.395759
1431275994683, 0.343949, 0.395589
1435353704069, 0.343745, 0.395406
1439431413456, 0.343597, 0.395238
1443509122842, 0.343450, 0.395089
1447586832229, 0.343295, 0.394953
1451664541616, 0.343138, 0.394804
1455742251002, 0.342981, 0.394656
1459819960389, 0.342821, 0.394488
1463897669775, 0.342678, 0.394335
1467975379162, 0.342533, 0.394186
1472053088548, 0.342376, 0.394012
1476130797935, 0.342153, 0.393839
1480208507322, 0.342017, 0.393689
1484286216708, 0.341881, 0.393537
1488363926095, 0.341708, 0.393400
1492441635481, 0.341538, 0.393256
1496519344868, 0.341345, 0.393101
1500597054254, 0.341195, 0.392959
1504674763641, 0.341040, 0.392800
1508752473027, 0.340921, 0.392644
1512830182414, 0.340778, 0.392483
1516907891801, 0.340656, 0.392334
1520985601187, 0.340535, 0.392195
1525063310574, 0.340400, 0.392057
1529141019960, 0.340252, 0.391902
1533218729347, 0.340119, 0.391763
1537296438733, 0.339937, 0.391644
1541374148120, 0.339822, 0.391507
1545451857506, 0.339656, 0.391380
1549529566893, 0.339505, 0.391222
1553607276280, 0.339307, 0.391078
1557684985666, 0.339190, 0.390942
1561762695053, 0.339053, 0.390812
1565840404439, 0.338957, 0.390695
1569918113826, 0.338815, 0.390546
1573995823212, 0.338676, 0.390411
1578073532599, 0.338571, 0.390295
1582151241986, 0.338465, 0.390167
1586228951372, 0.338364, 0.390043
1590306660759, 0.338260, 0.389929
1594384370145, 0.338119, 0.389775
1598462079532, 0.337990, 0.389648
1602539788918, 0.337845, 0.389518
1606617498305, 0.337745, 0.389408
1610695207691, 0.337626, 0.389289
1614772917078, 0.337540, 0.389195
1618850626465, 0.337426, 0.389061
1622928335851, 0.337316, 0.388935
1627006045238, 0.337224, 0.388831
1631083754624, 0.337092, 0.388697
1635161464011, 0.336977, 0.388588
1639239173397, 0.336863, 0.388470
1643316882784, 0.336731, 0.388355
1647394592171, 0.336598, 0.388229
1651472301557, 0.336497, 0.388111
1655550010944, 0.336372, 0.387987
1659627720330, 0.336233, 0.387854
1663705429717, 0.336121, 0.387732
1667783139103, 0.335968, 0.387606
1671860848490, 0.335887, 0.387508
1675938557876, 0.335763, 0.387382
1680016267263, 0.335658, 0.387275
1684093976650, 0.335550, 0.387160
1688171686036, 0.335451, 0.387033
1692249395423, 0.335307, 0.386903
1696327104809, 0.335194, 0.386794
1700404814196, 0.335042, 0.386667
1704482523582, 0.334935, 0.386554
1708560232969, 0.334829, 0.386448
1712637942356, 0.334670, 0.386334
1716715651742, 0.334538, 0.386228
1720793361129, 0.334412, 0.386118
1724871070515, 0.334312, 0.385995
1728948779902, 0.334199, 0.385890
1733026489288, 0.334075, 0.385770
1737104198675, 0.333945, 0.385655
1741181908061, 0.333846, 0.385553
1745259617448, 0.333767, 0.385462
1749337326835, 0.333644, 0.385339
1753415036221, 0.333565, 0.385246
1757492745608, 0.333454, 0.385148
1761570454994, 0.333339, 0.385044
1765648164381, 0.333243, 0.384928
1769725873767, 0.333108, 0.384818
1773803583154, 0.333015, 0.384729
1777881292541, 0.332904, 0.384622
1781959001927, 0.332835, 0.384533
1786036711314, 0.332741, 0.384451
1790114420700, 0.332630, 0.384338
1794192130087, 0.332532, 0.384227
1798269839473, 0.332450, 0.384142
1802347548860, 0.332371, 0.384052
1806425258246, 0.332288, 0.383943
1810502967633, 0.332200, 0.383831
1814580677020, 0.332104, 0.383722
1818658386406, 0.331980, 0.383613
1822736095793, 0.331888, 0.383507
1826813805179, 0.331796, 0.383418
1830891514566, 0.331730, 0.383337
1834969223952, 0.331588, 0.383237
1839046933339, 0.331489, 0.383145
1843124642726, 0.331419, 0.383053
1847202352112, 0.331275, 0.382943
1851280061499, 0.331177, 0.382840
1855357770885, 0.331102, 0.382748
1859435480272, 0.331001, 0.382658
1863513189658, 0.330925, 0.382566
1867590899045, 0.330863, 0.382486
1871668608431, 0.330799, 0.382404
1875746317818, 0.330691, 0.382297
1879824027205, 0.330619, 0.382229
1883901736591, 0.330553, 0.382142
1887979445978, 0.330475, 0.382051
1892057155364, 0.330405, 0.381965
1896134864751, 0.330319, 0.381867
1900212574137, 0.330229, 0.381778
1904290283524, 0.330135, 0.381686
1908367992911, 0.330062, 0.381606
1912445702297, 0.329967, 0.381510
1916523411684, 0.329895, 0.381413
1920601121070, 0.329832, 0.381341
1924678830457, 0.329740, 0.381244
1928756539843, 0.329669, 0.381160
1932834249230, 0.329608, 0.381090
1936911958616, 0.329538, 0.381005
1940989668003, 0.329472, 0.380929
1945067377390, 0.329389, 0.380843
1949145086776, 0.329327, 0.380762
1953222796163, 0.329263, 0.380681
1957300505549, 0.329182, 0.380593
1961378214936, 0.329056, 0.380504
1965455924322, 0.329011, 0.380443
1969533633709, 0.328891, 0.380362
1973611343096, 0.328838, 0.380303
1977689052482, 0.328758, 0.380222
1981766761869, 0.328663, 0.380150
1985844471255, 0.328611, 0.380085
1989922180642, 0.328548, 0.380010
1993999890028, 0.328485, 0.379936
1998077599415, 0.328425, 0.379857
2002155308801, 0.328331, 0.379778
2006233018188, 0.328283, 0.379710
2010310727575, 0.328225, 0.379638
2014388436961, 0.328158, 0.379561
2018466146348, 0.328097, 0.379489
2022543855734, 0.328035, 0.379414
2026621565121, 0.327978, 0.379335
2030699274507, 0.327886, 0.379267
2034776983894, 0.327829, 0.379208
2038854693281, 0.327739, 0.379135
2042932402667, 0.327699, 0.379082
2047010112054, 0.327634, 0.378996
2051087821440, 0.327576, 0.378928
2055165530827, 0.327514, 0.378858
2059243240213, 0.327436, 0.378783
2063320949600, 0.327401, 0.378727
2067398658986, 0.327312, 0.378661
2071476368373, 0.327245, 0.378575
2075554077760, 0.327193, 0.378523
2079631787146, 0.327146, 0.378462
2083709496533, 0.327064, 0.378399
2087787205919, 0.327019, 0.378336
2091864915306, 0.326983, 0.378283
2095942624692, 0.326919, 0.378223
2100020334079, 0.326840, 0.378152
2104098043465, 0.326755, 0.378076
2108175752852, 0.326698, 0.378004
2112253462239, 0.326650, 0.377937
2116331171625, 0.326594, 0.377874
2120408881012, 0.326539, 0.377816
2124486590398, 0.326467, 0.377748
2128564299785, 0.326423, 0.377684
2132642009171, 0.326348, 0.377610
2136719718558, 0.326275, 0.377530
2140797427945, 0.326237, 0.377474
2144875137331, 0.326194, 0.377411
2148952846718, 0.326126, 0.377352
2153030556104, 0.326076, 0.377282
2157108265491, 0.326036, 0.377221
2161185974877, 0.325989, 0.377159
2165263684264, 0.325920, 0.377083
2169341393650, 0.325824, 0.377030
2173419103037, 0.325772, 0.376976
2177496812424, 0.325719, 0.376923
2181574521810, 0.325666, 0.376863
2185652231197, 0.325613, 0.376818
2189729940583, 0.325565, 0.376765
2193807649970, 0.325513, 0.376710
2197885359356, 0.325445, 0.376645
2201963068743, 0.325400, 0.376581
2206040778130, 0.325297, 0.376518
2210118487516, 0.325241, 0.376456
2214196196903, 0.325199, 0.376404
2218273906289, 0.325150, 0.376346
2222351615676, 0.325089, 0.376280
2226429325062, 0.325041, 0.376217
2230507034449, 0.324965, 0.376155
2234584743835, 0.324928, 0.376109
2238662453222, 0.324895, 0.376059
2242740162609, 0.324852, 0.376003
2246817871995, 0.324807, 0.375952
2250895581382, 0.324727, 0.375893
2254973290768, 0.324690, 0.375844
2259051000155, 0.324631, 0.375779
2263128709541, 0.324583, 0.375718
2267206418928, 0.324533, 0.375667
2271284128315, 0.324476, 0.375612
2275361837701, 0.324434, 0.375556
2279439547088, 0.324378, 0.375495
2283517256474, 0.324331, 0.375440
2287594965861, 0.324293, 0.375391
2291672675247, 0.324241, 0.375333
2295750384634, 0.324189, 0.375286
2299828094020, 0.324155, 0.375237
2303905803407, 0.324107, 0.375181
2307983512794, 0.324070, 0.375131
2312061222180, 0.324023, 0.375080
2316138931567, 0.323961, 0.375026
2320216640953, 0.323924, 0.374976
2324294350340, 0.323894, 0.374933
2328372059726, 0.323849, 0.374886
2332449769113, 0.323810, 0.374833
2336527478500, 0.323747, 0.374785
2340605187886, 0.323708, 0.374736
2344682897273, 0.323665, 0.374677
2348760606659, 0.323594, 0.374620
2352838316046, 0.323538, 0.374570
2356916025432, 0.323501, 0.374523
2360993734819, 0.323463, 0.374465
2365071444205, 0.323424, 0.374421
2369149153592, 0.323394, 0.374386
2373226862979, 0.323364, 0.374343
2377304572365, 0.323308, 0.374285
2381382281752, 0.323277, 0.374233
2385459991138, 0.323229, 0.374191
2389537700525, 0.323188, 0.374141
2393615409911, 0.323161, 0.374100
2397693119298, 0.323098, 0.374059
2401770828685, 0.323047, 0.374006
2405848538071, 0.323009, 0.373959
2409926247458, 0.322972, 0.373914
2414003956844, 0.322929, 0.373860
2418081666231, 0.322892, 0.373816
2422159375617, 0.322855, 0.373769
2426237085004, 0.322831, 0.373728
2430314794390, 0.322797, 0.373690
2434392503777, 0.322750, 0.373644
2438470213164, 0.322720, 0.373599
2442547922550, 0.322675, 0.373560
2446625631937, 0.322649, 0.373525
2450703341323, 0.322590, 0.373485
2454781050710, 0.322562, 0.373447
2458858760096, 0.322482, 0.373404
2462936469483, 0.322448, 0.373366
2467014178870, 0.322397, 0.373318
2471091888256, 0.322367, 0.373280
2475169597643, 0.322344, 0.373244
2479247307029, 0.322312, 0.373205
2483325016416, 0.322284, 0.373165
2487402725802, 0.322229, 0.373120
2491480435189, 0.322186, 0.373084
2495558144575, 0.322143, 0.373031
2499635853962, 0.322111, 0.372989
2503713563349, 0.322066, 0.372952
2507791272735, 0.322040, 0.372912
2511868982122, 0.321997, 0.372870
2515946691508, 0.321959, 0.372825
2520024400895, 0.321931, 0.372786
2524102110281, 0.321895, 0.372748
2528179819668, 0.321867, 0.372707
2532257529055, 0.321828, 0.372663
2536335238441, 0.321796, 0.372621
2540412947828, 0.321771, 0.372581
2544490657214, 0.321740, 0.372540
2548568366601, 0.321699, 0.372500
2552646075987, 0.321663, 0.372467
2556723785374, 0.321625, 0.372426
2560801494760, 0.321597, 0.372389
2564879204147, 0.321537, 0.372338
2568956913534, 0.321459, 0.372301
2573034622920, 0.321400, 0.372252
2577112332307, 0.321369, 0.372211
2581190041693, 0.321326, 0.372167
2585267751080, 0.321297, 0.372129
2589345460466, 0.321214, 0.372098
2593423169853, 0.321197, 0.372069
2597500879239, 0.321139, 0.372028
2601578588626, 0.321102, 0.371984
2605656298013, 0.321054, 0.371952
2609734007399, 0.321020, 0.371909
2613811716786, 0.320986, 0.371859
2617889426172, 0.320909, 0.371828
2621967135559, 0.320882, 0.371789
2626044844945, 0.320859, 0.371758
2630122554332, 0.320827, 0.371713
2634200263719, 0.320794, 0.371673
2638277973105, 0.320764, 0.371637
2642355682492, 0.320743, 0.371609
2646433391878, 0.320706, 0.371559
2650511101265, 0.320684, 0.371526
2654588810651, 0.320653, 0.371487
2658666520038, 0.320609, 0.371455
2662744229424, 0.320583, 0.371419
2666821938811, 0.320563, 0.371391
2670899648198, 0.320532, 0.371352
2674977357584, 0.320507, 0.371325
2679055066971, 0.320478, 0.371285
2683132776357, 0.320422, 0.371250
2687210485744, 0.320401, 0.371212
2691288195130, 0.320363, 0.371178
2695365904517, 0.320338, 0.371146
2699443613904, 0.320319, 0.371119
2703521323290, 0.320287, 0.371075
2707599032677, 0.320262, 0.371043
2711676742063, 0.320224, 0.371004
2715754451450, 0.320206, 0.370973
2719832160836, 0.320181, 0.370947
2723909870223, 0.320161, 0.370915
2727987579609, 0.320142, 0.370884
2732065288996, 0.320119, 0.370852
2736142998383, 0.320064, 0.370823
2740220707769, 0.320045, 0.370797
2744298417156, 0.320021, 0.370763
2748376126542, 0.319984, 0.370733
2752453835929, 0.319960, 0.370699
2756531545315, 0.319927, 0.370665
2760609254702, 0.319890, 0.370636
2764686964089, 0.319871, 0.370612
2768764673475, 0.319850, 0.370585
2772842382862, 0.319833, 0.370561
2776920092248, 0.319808, 0.370534
2780997801635, 0.319793, 0.370507
2785075511021, 0.319765, 0.370488
2789153220408, 0.319748, 0.370466
2793230929794, 0.319713, 0.370432
2797308639181, 0.319692, 0.370401
2801386348568, 0.319672, 0.370371
2805464057954, 0.319654, 0.370341
2809541767341, 0.319634, 0.370314
2813619476727, 0.319598, 0.370279
2817697186114, 0.319565, 0.370244
2821774895500, 0.319544, 0.370209
2825852604887, 0.319525, 0.370182
2829930314274, 0.319510, 0.370157
2834008023660, 0.319470, 0.370126
2838085733047, 0.319450, 0.370096
2842163442433, 0.319424, 0.370065
2846241151820, 0.319406, 0.370043
2850318861206, 0.319390, 0.370019
2854396570593, 0.319375, 0.369999
2858474279979, 0.319348, 0.369969
2862551989366, 0.319327, 0.369939
2866629698753, 0.319305, 0.369902
2870707408139, 0.319287, 0.369877
2874785117526, 0.319245, 0.369839
2878862826912, 0.319223, 0.369808
2882940536299, 0.319204, 0.369779
2887018245685, 0.319190, 0.369758
2891095955072, 0.319166, 0.369729
2895173664459, 0.319147, 0.369701
2899251373845, 0.319135, 0.369683
2903329083232, 0.319128, 0.369669
2907406792618, 0.319111, 0.369646
2911484502005, 0.319097, 0.369623
2915562211391, 0.319081, 0.369599
2919639920778, 0.319056, 0.369576
2923717630164, 0.319040, 0.369552
2927795339551, 0.319018, 0.369523
2931873048938, 0.319000, 0.369497
2935950758324, 0.318987, 0.369474
2940028467711, 0.318958, 0.369445
2944106177097, 0.318943, 0.369424
2948183886484, 0.318927, 0.369404
2952261595870, 0.318902, 0.369383
2956339305257, 0.318889, 0.369362
2960417014644, 0.318870, 0.369334
2964494724030, 0.318850, 0.369306
2968572433417, 0.318837, 0.369287
2972650142803, 0.318824, 0.369266
2976727852190, 0.318815, 0.369249
2980805561576, 0.318794, 0.369227
2984883270963, 0.318779, 0.369204
2988960980349, 0.318757, 0.369180
2993038689736, 0.318746, 0.369162
2997116399123, 0.318735, 0.369141
3001194108509, 0.318695, 0.369110
3005271817896, 0.318684, 0.369087
3009349527282, 0.318650, 0.369059
3013427236669, 0.318627, 0.369032
3017504946055, 0.318607, 0.369006
3021582655442, 0.318587, 0.368979
3025660364829, 0.318565, 0.368958
3029738074215, 0.318552, 0.368936
3033815783602, 0.318540, 0.368913
3037893492988, 0.318528, 0.368895
3041971202375, 0.318520, 0.368886
3046048911761, 0.318504, 0.368860
3050126621148, 0.318486, 0.368838
3054204330534, 0.318468, 0.368822
3058282039921, 0.318450, 0.368799
3062359749308, 0.318414, 0.368782
3066437458694, 0.318401, 0.368762
3070515168081, 0.318391, 0.368747
3074592877467, 0.318379, 0.368719
3078670586854, 0.318369, 0.368702
3082748296240, 0.318360, 0.368686
3086826005627, 0.318347, 0.368668
3090903715013, 0.318329, 0.368645
3094981424400, 0.318316, 0.368625
3099059133787, 0.318301, 0.368603
3103136843173, 0.318281, 0.368581
3107214552560, 0.318242, 0.368563
3111292261946, 0.318225, 0.368539
3115369971333, 0.318212, 0.368520
3119447680719, 0.318201, 0.368503
3123525390106, 0.318187, 0.368480
3127603099493, 0.318176, 0.368463
3131680808879, 0.318160, 0.368439
3135758518266, 0.318144, 0.368420
3139836227652, 0.318124, 0.368398
3143913937039, 0.318107, 0.368378
3147991646425, 0.318097, 0.368361
3152069355812, 0.318088, 0.368346
3156147065198, 0.318058, 0.368328
3160224774585, 0.318040, 0.368308
3164302483972, 0.318032, 0.368296
3168380193358, 0.318021, 0.368280
3172457902745, 0.318007, 0.368267
3176535612131, 0.317998, 0.368252
3180613321518, 0.317981, 0.368231
3184691030904, 0.317972, 0.368215
3188768740291, 0.317954, 0.368194
3192846449678, 0.317941, 0.368175
3196924159064, 0.317927, 0.368157
3201001868451, 0.317920, 0.368143
3205079577837, 0.317912, 0.368133
3209157287224, 0.317903, 0.368119
3213234996610, 0.317896, 0.368107
3217312705997, 0.317882, 0.368088
3221390415383, 0.317871, 0.368072
3225468124770, 0.317853, 0.368054
3229545834157, 0.317824, 0.368032
3233623543543, 0.317813, 0.368020
3237701252930, 0.317792, 0.368000
3241778962316, 0.317753, 0.367986
3245856671703, 0.317740, 0.367975
3249934381089, 0.317724, 0.367961
3254012090476, 0.317715, 0.367947
3258089799863, 0.317703, 0.367935
3262167509249, 0.317687, 0.367916
3266245218636, 0.317671, 0.367896
3270322928022, 0.317656, 0.367876
3274400637409, 0.317648, 0.367863
3278478346795, 0.317633, 0.367844
3282556056182, 0.317625, 0.367834
3286633765568, 0.317572, 0.367820
3290711474955, 0.317549, 0.367801
3294789184342, 0.317539, 0.367788
3298866893728, 0.317528, 0.367771
3302944603115, 0.317521, 0.367756
3307022312501, 0.317512, 0.367743
3311100021888, 0.317503, 0.367731
3315177731274, 0.317496, 0.367714
3319255440661, 0.317480, 0.367700
3323333150048, 0.317468, 0.367686
3327410859434, 0.317459, 0.367671
3331488568821, 0.317443, 0.367653
3335566278207, 0.317437, 0.367643
3339643987594, 0.317429, 0.367630
3343721696980, 0.317410, 0.367613
3347799406367, 0.317401, 0.367599
3351877115753, 0.317386, 0.367585
3355954825140, 0.317376, 0.367573
3360032534527, 0.317371, 0.367566
3364110243913, 0.317360, 0.367546
3368187953300, 0.317315, 0.367533
3372265662686, 0.317294, 0.367524
3376343372073, 0.317286, 0.367514
3380421081459, 0.317281, 0.367503
3384498790846, 0.317273, 0.367488
3388576500233, 0.317257, 0.367477
3392654209619, 0.317225, 0.367457
3396731919006, 0.317216, 0.367444
3400809628392, 0.317198, 0.367423
3404887337779, 0.317189, 0.367411
3408965047165, 0.317184, 0.367398
3413042756552, 0.317176, 0.367388
3417120465938, 0.317168, 0.367378
3421198175325, 0.317160, 0.367370
3425275884712, 0.317152, 0.367360
3429353594098, 0.317138, 0.367345
3433431303485, 0.317131, 0.367334
3437509012871, 0.317124, 0.367323
3441586722258, 0.317116, 0.367310
3445664431644, 0.317110, 0.367300
3449742141031, 0.317100, 0.367290
3453819850418, 0.317096, 0.367283
3457897559804, 0.317084, 0.367264
3461975269191, 0.317076, 0.367253
3466052978577, 0.317063, 0.367231
3470130687964, 0.317059, 0.367225
3474208397350, 0.317051, 0.367214
3478286106737, 0.317047, 0.367208
3482363816123, 0.317039, 0.367194
3486441525510, 0.317032, 0.367183
3490519234897, 0.317020, 0.367174
3494596944283, 0.317012, 0.367162
3498674653670, 0.317007, 0.367155
3502752363056, 0.317002, 0.367145
3506830072443, 0.316993, 0.367137
3510907781829, 0.316989, 0.367132
3514985491216, 0.316981, 0.367119
3519063200603, 0.316975, 0.367106
3523140909989, 0.316968, 0.367095
3527218619376, 0.316959, 0.367083
3531296328762, 0.316953, 0.367072
3535374038149, 0.316947, 0.367065
3539451747535, 0.316944, 0.367058
3543529456922, 0.316934, 0.367046
3547607166308, 0.316927, 0.367037
3551684875695, 0.316920, 0.367030
3555762585082, 0.316916, 0.367023
3559840294468, 0.316908, 0.367013
3563918003855, 0.316907, 0.367009
3567995713241, 0.316903, 0.367002
3572073422628, 0.316895, 0.366992
3576151132014, 0.316891, 0.366986
3580228841401, 0.316883, 0.366975
3584306550787, 0.316865, 0.366961
3588384260174, 0.316855, 0.366949
3592461969561, 0.316846, 0.366939
3596539678947, 0.316839, 0.366930
3600617388334, 0.316829, 0.366915
3604695097720, 0.316816, 0.366903
3608772807107, 0.316805, 0.366893
3612850516493, 0.316798, 0.366883
3616928225880, 0.316794, 0.366879
3621005935267, 0.316786, 0.366867
3625083644653, 0.316764, 0.366854
3629161354040, 0.316735, 0.366848
3633239063426, 0.316725, 0.366835
3637316772813, 0.316721, 0.366828
3641394482199, 0.316703, 0.366822
3645472191586, 0.316697, 0.366814
3649549900972, 0.316652, 0.366808
3653627610359, 0.316649, 0.366803
3657705319746, 0.316644, 0.366795
3661783029132, 0.316639, 0.366787
3665860738519, 0.316630, 0.366776
3669938447905, 0.316622, 0.366765
3674016157292, 0.316614, 0.366756
3678093866678, 0.316598, 0.366752
3682171576065, 0.316595, 0.366749
3686249285452, 0.316591, 0.366744
3690326994838, 0.316586, 0.366737
3694404704225, 0.316579, 0.366727
3698482413611, 0.316578, 0.366725
3702560122998, 0.316574, 0.366719
3706637832384, 0.316566, 0.366709
3710715541771, 0.316564, 0.366704
3714793251157, 0.316559, 0.366697
3718870960544, 0.316557, 0.366694
3722948669931, 0.316551, 0.366687
3727026379317, 0.316549, 0.366684
3731104088704, 0.316545, 0.366680
3735181798090, 0.316544, 0.366677
3739259507477, 0.316541, 0.366671
3743337216863, 0.316537, 0.366664
3747414926250, 0.316534, 0.366660
3751492635637, 0.316484, 0.366652
3755570345023, 0.316481, 0.366646
3759648054410, 0.316479, 0.366642
3763725763796, 0.316476, 0.366637
3767803473183, 0.316475, 0.366635
3771881182569, 0.316469, 0.366626
3775958891956, 0.316436, 0.366618
3780036601342, 0.316434, 0.366614
3784114310729, 0.316429, 0.366606
3788192020116, 0.316427, 0.366602
3792269729502, 0.316424, 0.366597
3796347438889, 0.316420, 0.366592
3800425148275, 0.316413, 0.366583
3804502857662, 0.316409, 0.366577
3808580567048, 0.316404, 0.366569
3812658276435, 0.316400, 0.366564
3816735985822, 0.316398, 0.366561
3820813695208, 0.316393, 0.366557
3824891404595, 0.316389, 0.366550
3828969113981, 0.316388, 0.366547
3833046823368, 0.316386, 0.366543
3837124532754, 0.316382, 0.366537
3841202242141, 0.316380, 0.366535
3845279951527, 0.316379, 0.366533
3849357660914, 0.316378, 0.366531
3853435370301, 0.316375, 0.366526
3857513079687, 0.316374, 0.366523
3861590789074, 0.316372, 0.366521
3865668498460, 0.316371, 0.366520
3869746207847, 0.316371, 0.366518
3873823917233, 0.316366, 0.366513
3877901626620, 0.316366, 0.366513
3881979336007, 0.316365, 0.366510
3886057045393, 0.316352, 0.366506
3890134754780, 0.316350, 0.366504
3894212464166, 0.316349, 0.366502
3898290173553, 0.316347, 0.366500
3902367882939, 0.316346, 0.366499
3906445592326, 0.316344, 0.366498
3910523301712, 0.316344, 0.366497
3914601011099, 0.316343, 0.366495
3918678720486, 0.316339, 0.366489
3922756429872, 0.316339, 0.366488
3926834139259, 0.316337, 0.366486
3930911848645, 0.316335, 0.366484
3934989558032, 0.316333, 0.366481
3939067267418, 0.316325, 0.366476
3943144976805, 0.316323, 0.366475
3947222686192, 0.316323, 0.366475
3951300395578, 0.316323, 0.366475
3955378104965, 0.316321, 0.366471
3959455814351, 0.316318, 0.366468
3963533523738, 0.316318, 0.366468
3967611233124, 0.316317, 0.366467
3971688942511, 0.316297, 0.366462
3975766651897, 0.316297, 0.366462
3979844361284, 0.316297, 0.366459
3983922070671, 0.316296, 0.366458
3987999780057, 0.316295, 0.366457
3992077489444, 0.316294, 0.366456
3996155198830, 0.316293, 0.366454
4000232908217, 0.316293, 0.366454
4004310617603, 0.316293, 0.366453
4008388326990, 0.316292, 0.366452
4012466036377, 0.316292, 0.366451
4016543745763, 0.316292, 0.366451
4020621455150, 0.316289, 0.366449
4024699164536, 0.316289, 0.366448
4028776873923, 0.316288, 0.366448
4032854583309, 0.316288, 0.366448
4036932292696, 0.316288, 0.366448
4041010002082, 0.316287, 0.366447
4045087711469, 0.316287, 0.366447
4049165420856, 0.316287, 0.366447
4053243130242, 0.316287, 0.366447
4057320839629, 0.316287, 0.366447
4061398549015, 0.316287, 0.366447
4065476258402, 0.316287, 0.366447
4069553967788, 0.316287, 0.366447
4073631677175, 0.316287, 0.366447
4077709386562, 0.316287, 0.366447
Time used: 3160 ms
