logging to /opt/shards_res_1000/2016020800-2016020900_unique/tenant_5_profile_res-FIX_RATE-SHARDS-0.01.csvtracefile: /data1/tenant_trace/2016020800-2016020900_unique/tenant_5_trace
open file /data1/tenant_trace/2016020800-2016020900_unique/tenant_5_trace
read 1000000 lines
read 2000000 lines
read 3000000 lines
read 4000000 lines
read 5000000 lines
read 6000000 lines
read 7000000 lines
read 8000000 lines
read 9000000 lines
read 10000000 lines
read 11000000 lines
read 12000000 lines
read 13000000 lines
read 14000000 lines
read 15000000 lines
read 16000000 lines
read 17000000 lines
read 18000000 lines
read 19000000 lines
read 20000000 lines
read 21000000 lines
read 22000000 lines
read 23000000 lines
read 24000000 lines
read 25000000 lines
read 26000000 lines
read 27000000 lines
read 28000000 lines
read 29000000 lines
read 30000000 lines
read 31000000 lines
read 32000000 lines
read 33000000 lines
read 34000000 lines
read 35000000 lines
read 36000000 lines
read 37000000 lines
read 38000000 lines
read 39000000 lines
read 40000000 lines
read 41000000 lines
read 42000000 lines
read 43000000 lines
read 44000000 lines
read 45000000 lines
read 46000000 lines
read 47000000 lines
read 48000000 lines
read 49000000 lines
read 50000000 lines
read 51000000 lines
read 52000000 lines
read 53000000 lines
read 54000000 lines
read 55000000 lines
read 56000000 lines
read 57000000 lines
read 58000000 lines
read 59000000 lines
read 60000000 lines
read 61000000 lines
read 62000000 lines
read 63000000 lines
read 64000000 lines
read 65000000 lines
read 66000000 lines
read 67000000 lines
read 68000000 lines
read 69000000 lines
read 70000000 lines
read 71000000 lines
read 72000000 lines
read 73000000 lines
read 74000000 lines
read 75000000 lines
read 76000000 lines
read 77000000 lines
read 78000000 lines
read 79000000 lines
read 80000000 lines
read 81000000 lines
read 82000000 lines
read 83000000 lines
read 84000000 lines
read 85000000 lines
read 86000000 lines
read 87000000 lines
read 88000000 lines
read 89000000 lines
read 90000000 lines
read 91000000 lines
read 92000000 lines
read 93000000 lines
read 94000000 lines
read 95000000 lines
read 96000000 lines
read 97000000 lines
read 98000000 lines
read 99000000 lines
read 100000000 lines
read 101000000 lines
read 102000000 lines
read 103000000 lines
read 104000000 lines
read 105000000 lines
read 106000000 lines
read 107000000 lines
read 108000000 lines
read 109000000 lines
read 110000000 lines
read 111000000 lines
read 112000000 lines
read 113000000 lines
read 114000000 lines
read 115000000 lines
read 116000000 lines
read 117000000 lines
read 118000000 lines
read 119000000 lines
read 120000000 lines
read 121000000 lines
read 122000000 lines
read 123000000 lines
read 124000000 lines
read 125000000 lines
read 126000000 lines
read 127000000 lines
read 128000000 lines
read 129000000 lines
read 130000000 lines
read 131000000 lines
read 132000000 lines
read 133000000 lines
read 134000000 lines
read 135000000 lines
read 136000000 lines
read 137000000 lines
read 138000000 lines
read 139000000 lines
read 140000000 lines
read 141000000 lines
read 142000000 lines
read 143000000 lines
read 144000000 lines
read 145000000 lines
read 146000000 lines
read 147000000 lines
read 148000000 lines
read 149000000 lines
read 150000000 lines
read 151000000 lines
read 152000000 lines
read 153000000 lines
read 154000000 lines
read 155000000 lines
read 156000000 lines
read 157000000 lines
read 158000000 lines
read 159000000 lines
read 160000000 lines
read 161000000 lines
read 162000000 lines
read 163000000 lines
read 164000000 lines
read 165000000 lines
read 166000000 lines
read 167000000 lines
read 168000000 lines
read 169000000 lines
read 170000000 lines
read 171000000 lines
read 172000000 lines
read 173000000 lines
read 174000000 lines
read 175000000 lines
read 176000000 lines
read 177000000 lines
read 178000000 lines
[FILE]: /data1/tenant_trace/2016020800-2016020900_unique/tenant_5_trace
total_access_num: 178576938
total_access_size: 7393874024307
unique_access_num: 49639581
unique_access_size: 2124049935854
min_item_size: 1
[method]: SHARDS
[metric]: MAE
[seed]: 42
[sample_method]: FIX_RATE
[sample_metric]: 0.01
MAEQ_factor: 1.028820
cache_size, BMRC_ratio, OMRC_ratio
2124049935, 0.895601, 0.890141
4248099871, 0.862499, 0.854650
6372149807, 0.836880, 0.827351
8496199743, 0.815433, 0.804620
10620249679, 0.796728, 0.784882
12744299615, 0.780082, 0.767291
14868349550, 0.765137, 0.751598
16992399486, 0.751661, 0.737384
19116449422, 0.739008, 0.724153
21240499358, 0.727262, 0.711883
23364549294, 0.716300, 0.700537
25488599230, 0.706076, 0.689916
27612649166, 0.696364, 0.679974
29736699101, 0.687111, 0.670563
31860749037, 0.678449, 0.661661
33984798973, 0.670253, 0.653285
36108848909, 0.662311, 0.645214
38232898845, 0.654679, 0.637556
40356948781, 0.647506, 0.630243
42480998717, 0.640731, 0.623339
44605048652, 0.634090, 0.616654
46729098588, 0.627815, 0.610331
48853148524, 0.621663, 0.604151
50977198460, 0.615792, 0.598313
53101248396, 0.610091, 0.592690
55225298332, 0.604569, 0.587289
57349348268, 0.599317, 0.581941
59473398203, 0.594215, 0.576827
61597448139, 0.589265, 0.571903
63721498075, 0.584343, 0.567054
65845548011, 0.579684, 0.562408
67969597947, 0.575159, 0.557951
70093647883, 0.570800, 0.553617
72217697819, 0.566618, 0.549425
74341747754, 0.562441, 0.545296
76465797690, 0.558457, 0.541302
78589847626, 0.554533, 0.537388
80713897562, 0.550792, 0.533693
82837947498, 0.547052, 0.530043
84961997434, 0.543524, 0.526560
87086047370, 0.539983, 0.523013
89210097305, 0.536588, 0.519662
91334147241, 0.533352, 0.516473
93458197177, 0.530099, 0.513261
95582247113, 0.526802, 0.510059
97706297049, 0.523667, 0.507003
99830346985, 0.520621, 0.504032
101954396920, 0.517651, 0.501083
104078446856, 0.514744, 0.498267
106202496792, 0.511971, 0.495584
108326546728, 0.509247, 0.492906
110450596664, 0.506499, 0.490253
112574646600, 0.503826, 0.487630
114698696536, 0.501286, 0.485158
116822746471, 0.498750, 0.482693
118946796407, 0.496234, 0.480286
121070846343, 0.493828, 0.477935
123194896279, 0.491484, 0.475649
125318946215, 0.489131, 0.473357
127442996151, 0.486841, 0.471137
129567046087, 0.484489, 0.468897
131691096022, 0.482312, 0.466731
133815145958, 0.480109, 0.464658
135939195894, 0.478048, 0.462630
138063245830, 0.475943, 0.460607
140187295766, 0.473908, 0.458647
142311345702, 0.471944, 0.456728
144435395638, 0.470042, 0.454899
146559445573, 0.468209, 0.453087
148683495509, 0.466272, 0.451262
150807545445, 0.464339, 0.449423
152931595381, 0.462452, 0.447625
155055645317, 0.460537, 0.445818
157179695253, 0.458724, 0.444080
159303745189, 0.456928, 0.442402
161427795124, 0.455286, 0.440790
163551845060, 0.453569, 0.439105
165675894996, 0.451859, 0.437441
167799944932, 0.450277, 0.435905
169923994868, 0.448685, 0.434401
172048044804, 0.447078, 0.432866
174172094740, 0.445529, 0.431353
176296144675, 0.444008, 0.429841
178420194611, 0.442524, 0.428420
180544244547, 0.441035, 0.426966
182668294483, 0.439584, 0.425563
184792344419, 0.438104, 0.424124
186916394355, 0.436687, 0.422714
189040444291, 0.435343, 0.421398
191164494226, 0.433937, 0.420074
193288544162, 0.432599, 0.418775
195412594098, 0.431237, 0.417483
197536644034, 0.429910, 0.416203
199660693970, 0.428618, 0.414931
201784743906, 0.427284, 0.413667
203908793841, 0.425941, 0.412409
206032843777, 0.424752, 0.411250
208156893713, 0.423494, 0.410048
210280943649, 0.422287, 0.408867
212404993585, 0.421126, 0.407725
214529043521, 0.419963, 0.406593
216653093457, 0.418788, 0.405491
218777143392, 0.417641, 0.404396
220901193328, 0.416506, 0.403308
223025243264, 0.415398, 0.402234
225149293200, 0.414256, 0.401135
227273343136, 0.413167, 0.400072
229397393072, 0.412107, 0.399062
231521443008, 0.411053, 0.398051
233645492943, 0.409961, 0.397051
235769542879, 0.408981, 0.396090
237893592815, 0.407954, 0.395094
240017642751, 0.406893, 0.394061
242141692687, 0.405878, 0.393087
244265742623, 0.404889, 0.392158
246389792559, 0.403948, 0.391240
248513842494, 0.403032, 0.390357
250637892430, 0.402104, 0.389462
252761942366, 0.401179, 0.388575
254885992302, 0.400198, 0.387651
257010042238, 0.399274, 0.386774
259134092174, 0.398407, 0.385918
261258142110, 0.397503, 0.385059
263382192045, 0.396613, 0.384226
265506241981, 0.395741, 0.383402
267630291917, 0.394930, 0.382604
269754341853, 0.394063, 0.381783
271878391789, 0.393225, 0.380979
274002441725, 0.392347, 0.380164
276126491661, 0.391491, 0.379360
278250541596, 0.390648, 0.378580
280374591532, 0.389874, 0.377819
282498641468, 0.389068, 0.377064
284622691404, 0.388286, 0.376301
286746741340, 0.387468, 0.375511
288870791276, 0.386698, 0.374773
290994841211, 0.385969, 0.374056
293118891147, 0.385224, 0.373361
295242941083, 0.384445, 0.372620
297366991019, 0.383745, 0.371952
299491040955, 0.383025, 0.371252
301615090891, 0.382274, 0.370548
303739140827, 0.381512, 0.369841
305863190762, 0.380820, 0.369171
307987240698, 0.380090, 0.368501
310111290634, 0.379412, 0.367842
312235340570, 0.378688, 0.367168
314359390506, 0.377984, 0.366496
316483440442, 0.377327, 0.365856
318607490378, 0.376635, 0.365209
320731540313, 0.375982, 0.364561
322855590249, 0.375330, 0.363942
324979640185, 0.374642, 0.363305
327103690121, 0.374020, 0.362711
329227740057, 0.373346, 0.362074
331351789993, 0.372659, 0.361438
333475839929, 0.372039, 0.360847
335599889864, 0.371383, 0.360232
337723939800, 0.370771, 0.359667
339847989736, 0.370183, 0.359102
341972039672, 0.369589, 0.358539
344096089608, 0.368990, 0.357968
346220139544, 0.368370, 0.357381
348344189480, 0.367782, 0.356808
350468239415, 0.367209, 0.356238
352592289351, 0.366651, 0.355713
354716339287, 0.366082, 0.355183
356840389223, 0.365522, 0.354658
358964439159, 0.364948, 0.354121
361088489095, 0.364374, 0.353600
363212539031, 0.363778, 0.353037
365336588966, 0.363223, 0.352520
367460638902, 0.362695, 0.352004
369584688838, 0.362202, 0.351532
371708738774, 0.361668, 0.351033
373832788710, 0.361133, 0.350521
375956838646, 0.360642, 0.350042
378080888582, 0.360122, 0.349554
380204938517, 0.359635, 0.349074
382328988453, 0.359116, 0.348579
384453038389, 0.358623, 0.348096
386577088325, 0.358107, 0.347603
388701138261, 0.357577, 0.347123
390825188197, 0.357029, 0.346630
392949238132, 0.356568, 0.346177
395073288068, 0.356075, 0.345707
397197338004, 0.355578, 0.345231
399321387940, 0.355090, 0.344782
401445437876, 0.354611, 0.344345
403569487812, 0.354156, 0.343902
405693537748, 0.353689, 0.343453
407817587683, 0.353215, 0.343001
409941637619, 0.352792, 0.342580
412065687555, 0.352356, 0.342164
414189737491, 0.351930, 0.341746
416313787427, 0.351528, 0.341337
418437837363, 0.351073, 0.340909
420561887299, 0.350652, 0.340499
422685937234, 0.350235, 0.340096
424809987170, 0.349789, 0.339672
426934037106, 0.349336, 0.339248
429058087042, 0.348925, 0.338843
431182136978, 0.348529, 0.338468
433306186914, 0.348127, 0.338081
435430236850, 0.347719, 0.337691
437554286785, 0.347307, 0.337297
439678336721, 0.346905, 0.336915
441802386657, 0.346500, 0.336519
443926436593, 0.346101, 0.336152
446050486529, 0.345736, 0.335792
448174536465, 0.345336, 0.335407
450298586401, 0.344972, 0.335058
452422636336, 0.344586, 0.334696
454546686272, 0.344224, 0.334359
456670736208, 0.343821, 0.333968
458794786144, 0.343498, 0.333646
460918836080, 0.343148, 0.333309
463042886016, 0.342788, 0.332967
465166935952, 0.342411, 0.332620
467290985887, 0.342036, 0.332271
469415035823, 0.341678, 0.331938
471539085759, 0.341316, 0.331599
473663135695, 0.340974, 0.331272
475787185631, 0.340631, 0.330934
477911235567, 0.340295, 0.330620
480035285503, 0.339964, 0.330306
482159335438, 0.339632, 0.329989
484283385374, 0.339290, 0.329653
486407435310, 0.338965, 0.329347
488531485246, 0.338654, 0.329044
490655535182, 0.338320, 0.328708
492779585118, 0.337996, 0.328380
494903635053, 0.337676, 0.328069
497027684989, 0.337385, 0.327769
499151734925, 0.337096, 0.327495
501275784861, 0.336793, 0.327203
503399834797, 0.336470, 0.326895
505523884733, 0.336138, 0.326583
507647934669, 0.335863, 0.326309
509771984604, 0.335584, 0.326030
511896034540, 0.335280, 0.325735
514020084476, 0.334989, 0.325453
516144134412, 0.334664, 0.325179
518268184348, 0.334370, 0.324882
520392234284, 0.334075, 0.324603
522516284220, 0.333793, 0.324326
524640334155, 0.333520, 0.324048
526764384091, 0.333220, 0.323760
528888434027, 0.332969, 0.323496
531012483963, 0.332684, 0.323216
533136533899, 0.332392, 0.322926
535260583835, 0.332121, 0.322663
537384633771, 0.331852, 0.322385
539508683706, 0.331581, 0.322118
541632733642, 0.331266, 0.321845
543756783578, 0.331010, 0.321595
545880833514, 0.330741, 0.321338
548004883450, 0.330473, 0.321082
550128933386, 0.330231, 0.320834
552252983322, 0.329952, 0.320563
554377033257, 0.329688, 0.320307
556501083193, 0.329443, 0.320054
558625133129, 0.329186, 0.319817
560749183065, 0.328948, 0.319572
562873233001, 0.328683, 0.319309
564997282937, 0.328435, 0.319076
567121332873, 0.328167, 0.318811
569245382808, 0.327920, 0.318571
571369432744, 0.327680, 0.318345
573493482680, 0.327449, 0.318117
575617532616, 0.327200, 0.317882
577741582552, 0.326981, 0.317656
579865632488, 0.326721, 0.317408
581989682423, 0.326502, 0.317184
584113732359, 0.326272, 0.316950
586237782295, 0.326061, 0.316735
588361832231, 0.325836, 0.316514
590485882167, 0.325624, 0.316310
592609932103, 0.325394, 0.316085
594733982039, 0.325170, 0.315863
596858031974, 0.324969, 0.315661
598982081910, 0.324746, 0.315436
601106131846, 0.324560, 0.315243
603230181782, 0.324338, 0.315025
605354231718, 0.324132, 0.314823
607478281654, 0.323930, 0.314626
609602331590, 0.323718, 0.314429
611726381525, 0.323513, 0.314226
613850431461, 0.323289, 0.314016
615974481397, 0.323092, 0.313824
618098531333, 0.322868, 0.313616
620222581269, 0.322687, 0.313424
622346631205, 0.322495, 0.313227
624470681141, 0.322317, 0.313051
626594731076, 0.322126, 0.312868
628718781012, 0.321929, 0.312680
630842830948, 0.321728, 0.312492
632966880884, 0.321529, 0.312299
635090930820, 0.321320, 0.312108
637214980756, 0.321106, 0.311900
639339030692, 0.320896, 0.311704
641463080627, 0.320691, 0.311515
643587130563, 0.320494, 0.311323
645711180499, 0.320334, 0.311160
647835230435, 0.320152, 0.310981
649959280371, 0.319969, 0.310788
652083330307, 0.319794, 0.310608
654207380243, 0.319627, 0.310441
656331430178, 0.319460, 0.310267
658455480114, 0.319292, 0.310094
660579530050, 0.319116, 0.309923
662703579986, 0.318913, 0.309734
664827629922, 0.318759, 0.309579
666951679858, 0.318577, 0.309401
669075729794, 0.318386, 0.309230
671199779729, 0.318202, 0.309056
673323829665, 0.317999, 0.308859
675447879601, 0.317821, 0.308698
677571929537, 0.317657, 0.308539
679695979473, 0.317498, 0.308377
681820029409, 0.317304, 0.308197
683944079344, 0.317150, 0.308038
686068129280, 0.316978, 0.307874
688192179216, 0.316794, 0.307706
690316229152, 0.316645, 0.307553
692440279088, 0.316467, 0.307384
694564329024, 0.316292, 0.307207
696688378960, 0.316132, 0.307052
698812428895, 0.315995, 0.306914
700936478831, 0.315827, 0.306744
703060528767, 0.315641, 0.306568
705184578703, 0.315470, 0.306403
707308628639, 0.315317, 0.306245
709432678575, 0.315168, 0.306088
711556728511, 0.315028, 0.305944
713680778446, 0.314889, 0.305802
715804828382, 0.314747, 0.305654
717928878318, 0.314603, 0.305501
720052928254, 0.314460, 0.305358
722176978190, 0.314288, 0.305202
724301028126, 0.314163, 0.305072
726425078062, 0.313992, 0.304916
728549127997, 0.313856, 0.304771
730673177933, 0.313711, 0.304617
732797227869, 0.313565, 0.304476
734921277805, 0.313409, 0.304333
737045327741, 0.313263, 0.304197
739169377677, 0.313125, 0.304054
741293427613, 0.312986, 0.303920
743417477548, 0.312854, 0.303788
745541527484, 0.312717, 0.303646
747665577420, 0.312587, 0.303517
749789627356, 0.312462, 0.303390
751913677292, 0.312342, 0.303263
754037727228, 0.312218, 0.303139
756161777164, 0.312078, 0.303005
758285827099, 0.311946, 0.302875
760409877035, 0.311829, 0.302768
762533926971, 0.311714, 0.302651
764657976907, 0.311603, 0.302536
766782026843, 0.311463, 0.302395
768906076779, 0.311343, 0.302276
771030126715, 0.311221, 0.302150
773154176650, 0.311099, 0.302023
775278226586, 0.310969, 0.301895
777402276522, 0.310826, 0.301762
779526326458, 0.310716, 0.301651
781650376394, 0.310585, 0.301522
783774426330, 0.310446, 0.301389
785898476265, 0.310322, 0.301266
788022526201, 0.310200, 0.301144
790146576137, 0.310084, 0.301027
792270626073, 0.309946, 0.300890
794394676009, 0.309824, 0.300779
796518725945, 0.309704, 0.300650
798642775881, 0.309578, 0.300514
800766825816, 0.309463, 0.300407
802890875752, 0.309318, 0.300267
805014925688, 0.309205, 0.300152
807138975624, 0.309096, 0.300047
809263025560, 0.308970, 0.299923
811387075496, 0.308841, 0.299802
813511125432, 0.308737, 0.299698
815635175367, 0.308643, 0.299604
817759225303, 0.308532, 0.299491
819883275239, 0.308408, 0.299374
822007325175, 0.308298, 0.299264
824131375111, 0.308197, 0.299161
826255425047, 0.308070, 0.299033
828379474983, 0.307965, 0.298925
830503524918, 0.307843, 0.298811
832627574854, 0.307754, 0.298719
834751624790, 0.307633, 0.298608
836875674726, 0.307524, 0.298501
838999724662, 0.307400, 0.298392
841123774598, 0.307276, 0.298276
843247824534, 0.307182, 0.298178
845371874469, 0.307092, 0.298081
847495924405, 0.306978, 0.297976
849619974341, 0.306883, 0.297887
851744024277, 0.306772, 0.297774
853868074213, 0.306679, 0.297683
855992124149, 0.306584, 0.297586
858116174085, 0.306480, 0.297482
860240224020, 0.306380, 0.297379
862364273956, 0.306285, 0.297294
864488323892, 0.306181, 0.297190
866612373828, 0.306069, 0.297086
868736423764, 0.305955, 0.296984
870860473700, 0.305866, 0.296891
872984523635, 0.305766, 0.296788
875108573571, 0.305661, 0.296692
877232623507, 0.305561, 0.296589
879356673443, 0.305477, 0.296495
881480723379, 0.305388, 0.296399
883604773315, 0.305296, 0.296309
885728823251, 0.305213, 0.296221
887852873186, 0.305115, 0.296121
889976923122, 0.305024, 0.296026
892100973058, 0.304910, 0.295921
894225022994, 0.304821, 0.295824
896349072930, 0.304730, 0.295730
898473122866, 0.304646, 0.295647
900597172802, 0.304562, 0.295561
902721222737, 0.304480, 0.295479
904845272673, 0.304388, 0.295380
906969322609, 0.304306, 0.295295
909093372545, 0.304208, 0.295193
911217422481, 0.304131, 0.295103
913341472417, 0.304046, 0.295014
915465522353, 0.303957, 0.294923
917589572288, 0.303874, 0.294837
919713622224, 0.303782, 0.294744
921837672160, 0.303712, 0.294668
923961722096, 0.303623, 0.294583
926085772032, 0.303532, 0.294492
928209821968, 0.303445, 0.294398
930333871904, 0.303363, 0.294315
932457921839, 0.303290, 0.294240
934581971775, 0.303193, 0.294141
936706021711, 0.303102, 0.294059
938830071647, 0.303019, 0.293981
940954121583, 0.302946, 0.293898
943078171519, 0.302865, 0.293821
945202221455, 0.302780, 0.293737
947326271390, 0.302703, 0.293654
949450321326, 0.302630, 0.293576
951574371262, 0.302539, 0.293489
953698421198, 0.302461, 0.293416
955822471134, 0.302387, 0.293340
957946521070, 0.302305, 0.293258
960070571006, 0.302204, 0.293168
962194620941, 0.302141, 0.293097
964318670877, 0.302050, 0.293015
966442720813, 0.301957, 0.292928
968566770749, 0.301880, 0.292845
970690820685, 0.301815, 0.292776
972814870621, 0.301735, 0.292694
974938920556, 0.301656, 0.292615
977062970492, 0.301582, 0.292537
979187020428, 0.301510, 0.292458
981311070364, 0.301439, 0.292388
983435120300, 0.301358, 0.292305
985559170236, 0.301287, 0.292230
987683220172, 0.301212, 0.292159
989807270107, 0.301147, 0.292081
991931320043, 0.301091, 0.292018
994055369979, 0.301027, 0.291953
996179419915, 0.300960, 0.291876
998303469851, 0.300894, 0.291813
1000427519787, 0.300835, 0.291751
1002551569723, 0.300766, 0.291677
1004675619658, 0.300684, 0.291594
1006799669594, 0.300607, 0.291518
1008923719530, 0.300531, 0.291446
1011047769466, 0.300463, 0.291376
1013171819402, 0.300386, 0.291303
1015295869338, 0.300316, 0.291230
1017419919274, 0.300244, 0.291157
1019543969209, 0.300163, 0.291083
1021668019145, 0.300097, 0.291016
1023792069081, 0.300032, 0.290951
1025916119017, 0.299952, 0.290875
1028040168953, 0.299899, 0.290814
1030164218889, 0.299834, 0.290749
1032288268825, 0.299774, 0.290687
1034412318760, 0.299719, 0.290626
1036536368696, 0.299666, 0.290567
1038660418632, 0.299599, 0.290506
1040784468568, 0.299518, 0.290435
1042908518504, 0.299444, 0.290365
1045032568440, 0.299377, 0.290294
1047156618376, 0.299308, 0.290219
1049280668311, 0.299253, 0.290156
1051404718247, 0.299206, 0.290103
1053528768183, 0.299132, 0.290029
1055652818119, 0.299073, 0.289965
1057776868055, 0.299007, 0.289891
1059900917991, 0.298945, 0.289824
1062024967927, 0.298889, 0.289765
1064149017862, 0.298831, 0.289708
1066273067798, 0.298768, 0.289640
1068397117734, 0.298703, 0.289570
1070521167670, 0.298650, 0.289512
1072645217606, 0.298591, 0.289450
1074769267542, 0.298541, 0.289389
1076893317477, 0.298483, 0.289328
1079017367413, 0.298419, 0.289263
1081141417349, 0.298364, 0.289208
1083265467285, 0.298300, 0.289146
1085389517221, 0.298246, 0.289083
1087513567157, 0.298191, 0.289024
1089637617093, 0.298137, 0.288969
1091761667028, 0.298076, 0.288907
1093885716964, 0.298015, 0.288847
1096009766900, 0.297954, 0.288783
1098133816836, 0.297895, 0.288725
1100257866772, 0.297834, 0.288662
1102381916708, 0.297771, 0.288597
1104505966644, 0.297713, 0.288537
1106630016579, 0.297666, 0.288489
1108754066515, 0.297614, 0.288432
1110878116451, 0.297558, 0.288374
1113002166387, 0.297503, 0.288320
1115126216323, 0.297456, 0.288267
1117250266259, 0.297391, 0.288202
1119374316195, 0.297328, 0.288143
1121498366130, 0.297276, 0.288086
1123622416066, 0.297217, 0.288026
1125746466002, 0.297160, 0.287969
1127870515938, 0.297105, 0.287913
1129994565874, 0.297047, 0.287855
1132118615810, 0.296987, 0.287802
1134242665746, 0.296934, 0.287737
1136366715681, 0.296872, 0.287682
1138490765617, 0.296825, 0.287632
1140614815553, 0.296777, 0.287583
1142738865489, 0.296732, 0.287537
1144862915425, 0.296689, 0.287483
1146986965361, 0.296638, 0.287430
1149111015297, 0.296580, 0.287367
1151235065232, 0.296529, 0.287318
1153359115168, 0.296478, 0.287268
1155483165104, 0.296436, 0.287223
1157607215040, 0.296388, 0.287167
1159731264976, 0.296341, 0.287112
1161855314912, 0.296298, 0.287062
1163979364847, 0.296258, 0.287020
1166103414783, 0.296203, 0.286959
1168227464719, 0.296159, 0.286911
1170351514655, 0.296119, 0.286869
1172475564591, 0.296065, 0.286813
1174599614527, 0.296017, 0.286760
1176723664463, 0.295970, 0.286710
1178847714398, 0.295933, 0.286668
1180971764334, 0.295879, 0.286604
1183095814270, 0.295831, 0.286559
1185219864206, 0.295783, 0.286509
1187343914142, 0.295739, 0.286466
1189467964078, 0.295692, 0.286414
1191592014014, 0.295653, 0.286372
1193716063949, 0.295602, 0.286320
1195840113885, 0.295565, 0.286281
1197964163821, 0.295524, 0.286243
1200088213757, 0.295470, 0.286191
1202212263693, 0.295425, 0.286145
1204336313629, 0.295376, 0.286091
1206460363565, 0.295335, 0.286047
1208584413500, 0.295294, 0.286006
1210708463436, 0.295246, 0.285958
1212832513372, 0.295201, 0.285914
1214956563308, 0.295154, 0.285869
1217080613244, 0.295115, 0.285831
1219204663180, 0.295067, 0.285782
1221328713116, 0.295028, 0.285736
1223452763051, 0.294987, 0.285691
1225576812987, 0.294940, 0.285644
1227700862923, 0.294902, 0.285600
1229824912859, 0.294873, 0.285567
1231948962795, 0.294830, 0.285527
1234073012731, 0.294781, 0.285483
1236197062667, 0.294738, 0.285438
1238321112602, 0.294699, 0.285400
1240445162538, 0.294657, 0.285362
1242569212474, 0.294627, 0.285332
1244693262410, 0.294592, 0.285291
1246817312346, 0.294545, 0.285245
1248941362282, 0.294507, 0.285207
1251065412218, 0.294456, 0.285160
1253189462153, 0.294424, 0.285124
1255313512089, 0.294394, 0.285088
1257437562025, 0.294353, 0.285044
1259561611961, 0.294317, 0.285003
1261685661897, 0.294275, 0.284962
1263809711833, 0.294245, 0.284929
1265933761768, 0.294208, 0.284891
1268057811704, 0.294169, 0.284850
1270181861640, 0.294135, 0.284812
1272305911576, 0.294080, 0.284768
1274429961512, 0.294036, 0.284728
1276554011448, 0.293998, 0.284694
1278678061384, 0.293962, 0.284655
1280802111319, 0.293922, 0.284611
1282926161255, 0.293890, 0.284575
1285050211191, 0.293856, 0.284545
1287174261127, 0.293817, 0.284505
1289298311063, 0.293772, 0.284465
1291422360999, 0.293735, 0.284429
1293546410935, 0.293700, 0.284391
1295670460870, 0.293658, 0.284354
1297794510806, 0.293629, 0.284320
1299918560742, 0.293598, 0.284285
1302042610678, 0.293563, 0.284248
1304166660614, 0.293535, 0.284215
1306290710550, 0.293495, 0.284181
1308414760486, 0.293464, 0.284148
1310538810421, 0.293415, 0.284111
1312662860357, 0.293376, 0.284070
1314786910293, 0.293340, 0.284035
1316910960229, 0.293304, 0.284003
1319035010165, 0.293272, 0.283971
1321159060101, 0.293245, 0.283942
1323283110037, 0.293213, 0.283909
1325407159972, 0.293187, 0.283878
1327531209908, 0.293146, 0.283836
1329655259844, 0.293116, 0.283800
1331779309780, 0.293084, 0.283765
1333903359716, 0.293057, 0.283734
1336027409652, 0.293016, 0.283694
1338151459588, 0.292987, 0.283666
1340275509523, 0.292962, 0.283634
1342399559459, 0.292925, 0.283594
1344523609395, 0.292897, 0.283562
1346647659331, 0.292863, 0.283528
1348771709267, 0.292837, 0.283502
1350895759203, 0.292810, 0.283468
1353019809138, 0.292773, 0.283431
1355143859074, 0.292740, 0.283394
1357267909010, 0.292706, 0.283363
1359391958946, 0.292673, 0.283327
1361516008882, 0.292649, 0.283297
1363640058818, 0.292620, 0.283269
1365764108754, 0.292584, 0.283234
1367888158689, 0.292546, 0.283200
1370012208625, 0.292517, 0.283172
1372136258561, 0.292484, 0.283138
1374260308497, 0.292454, 0.283102
1376384358433, 0.292424, 0.283074
1378508408369, 0.292389, 0.283041
1380632458305, 0.292363, 0.283013
1382756508240, 0.292333, 0.282979
1384880558176, 0.292302, 0.282942
1387004608112, 0.292277, 0.282915
1389128658048, 0.292246, 0.282889
1391252707984, 0.292221, 0.282860
1393376757920, 0.292205, 0.282841
1395500807856, 0.292185, 0.282817
1397624857791, 0.292149, 0.282782
1399748907727, 0.292121, 0.282750
1401872957663, 0.292089, 0.282717
1403997007599, 0.292066, 0.282687
1406121057535, 0.292030, 0.282652
1408245107471, 0.292000, 0.282621
1410369157407, 0.291972, 0.282593
1412493207342, 0.291950, 0.282570
1414617257278, 0.291933, 0.282547
1416741307214, 0.291905, 0.282518
1418865357150, 0.291883, 0.282496
1420989407086, 0.291853, 0.282470
1423113457022, 0.291819, 0.282438
1425237506958, 0.291794, 0.282413
1427361556893, 0.291764, 0.282381
1429485606829, 0.291734, 0.282350
1431609656765, 0.291710, 0.282325
1433733706701, 0.291680, 0.282294
1435857756637, 0.291656, 0.282268
1437981806573, 0.291633, 0.282243
1440105856509, 0.291609, 0.282215
1442229906444, 0.291586, 0.282189
1444353956380, 0.291553, 0.282156
1446478006316, 0.291519, 0.282126
1448602056252, 0.291489, 0.282099
1450726106188, 0.291464, 0.282071
1452850156124, 0.291447, 0.282050
1454974206059, 0.291417, 0.282020
1457098255995, 0.291391, 0.281990
1459222305931, 0.291364, 0.281960
1461346355867, 0.291342, 0.281933
1463470405803, 0.291314, 0.281905
1465594455739, 0.291292, 0.281881
1467718505675, 0.291263, 0.281852
1469842555610, 0.291232, 0.281822
1471966605546, 0.291207, 0.281797
1474090655482, 0.291180, 0.281772
1476214705418, 0.291154, 0.281745
1478338755354, 0.291129, 0.281721
1480462805290, 0.291102, 0.281697
1482586855226, 0.291069, 0.281662
1484710905161, 0.291046, 0.281637
1486834955097, 0.291016, 0.281605
1488959005033, 0.290990, 0.281583
1491083054969, 0.290958, 0.281554
1493207104905, 0.290938, 0.281532
1495331154841, 0.290919, 0.281511
1497455204777, 0.290895, 0.281490
1499579254712, 0.290866, 0.281462
1501703304648, 0.290832, 0.281428
1503827354584, 0.290810, 0.281406
1505951404520, 0.290782, 0.281381
1508075454456, 0.290757, 0.281352
1510199504392, 0.290738, 0.281329
1512323554328, 0.290702, 0.281292
1514447604263, 0.290679, 0.281269
1516571654199, 0.290662, 0.281252
1518695704135, 0.290639, 0.281228
1520819754071, 0.290610, 0.281200
1522943804007, 0.290588, 0.281176
1525067853943, 0.290572, 0.281160
1527191903879, 0.290560, 0.281146
1529315953814, 0.290537, 0.281121
1531440003750, 0.290518, 0.281101
1533564053686, 0.290495, 0.281079
1535688103622, 0.290468, 0.281054
1537812153558, 0.290444, 0.281030
1539936203494, 0.290421, 0.281007
1542060253430, 0.290391, 0.280982
1544184303365, 0.290377, 0.280966
1546308353301, 0.290359, 0.280946
1548432403237, 0.290336, 0.280924
1550556453173, 0.290321, 0.280908
1552680503109, 0.290307, 0.280893
1554804553045, 0.290278, 0.280867
1556928602980, 0.290261, 0.280849
1559052652916, 0.290236, 0.280826
1561176702852, 0.290211, 0.280796
1563300752788, 0.290191, 0.280777
1565424802724, 0.290168, 0.280752
1567548852660, 0.290139, 0.280722
1569672902596, 0.290122, 0.280704
1571796952531, 0.290110, 0.280689
1573921002467, 0.290090, 0.280665
1576045052403, 0.290068, 0.280641
1578169102339, 0.290051, 0.280623
1580293152275, 0.290036, 0.280607
1582417202211, 0.290017, 0.280585
1584541252147, 0.289997, 0.280566
1586665302082, 0.289984, 0.280551
1588789352018, 0.289968, 0.280533
1590913401954, 0.289945, 0.280512
1593037451890, 0.289929, 0.280494
1595161501826, 0.289907, 0.280471
1597285551762, 0.289883, 0.280446
1599409601698, 0.289863, 0.280427
1601533651633, 0.289845, 0.280407
1603657701569, 0.289826, 0.280388
1605781751505, 0.289813, 0.280371
1607905801441, 0.289795, 0.280352
1610029851377, 0.289779, 0.280336
1612153901313, 0.289763, 0.280319
1614277951249, 0.289745, 0.280299
1616402001184, 0.289730, 0.280284
1618526051120, 0.289716, 0.280267
1620650101056, 0.289705, 0.280258
1622774150992, 0.289681, 0.280238
1624898200928, 0.289662, 0.280218
1627022250864, 0.289637, 0.280193
1629146300800, 0.289619, 0.280172
1631270350735, 0.289600, 0.280154
1633394400671, 0.289579, 0.280133
1635518450607, 0.289555, 0.280108
1637642500543, 0.289539, 0.280089
1639766550479, 0.289521, 0.280071
1641890600415, 0.289509, 0.280056
1644014650350, 0.289501, 0.280044
1646138700286, 0.289484, 0.280027
1648262750222, 0.289470, 0.280013
1650386800158, 0.289456, 0.279998
1652510850094, 0.289440, 0.279979
1654634900030, 0.289424, 0.279962
1656758949966, 0.289399, 0.279939
1658882999901, 0.289381, 0.279920
1661007049837, 0.289363, 0.279904
1663131099773, 0.289339, 0.279881
1665255149709, 0.289325, 0.279867
1667379199645, 0.289309, 0.279849
1669503249581, 0.289301, 0.279839
1671627299517, 0.289285, 0.279822
1673751349452, 0.289275, 0.279811
1675875399388, 0.289256, 0.279791
1677999449324, 0.289246, 0.279782
1680123499260, 0.289227, 0.279760
1682247549196, 0.289214, 0.279747
1684371599132, 0.289203, 0.279733
1686495649068, 0.289190, 0.279719
1688619699003, 0.289175, 0.279704
1690743748939, 0.289159, 0.279687
1692867798875, 0.289149, 0.279674
1694991848811, 0.289133, 0.279658
1697115898747, 0.289118, 0.279641
1699239948683, 0.289104, 0.279626
1701363998619, 0.289092, 0.279613
1703488048554, 0.289078, 0.279597
1705612098490, 0.289071, 0.279589
1707736148426, 0.289061, 0.279578
1709860198362, 0.289052, 0.279568
1711984248298, 0.289037, 0.279552
1714108298234, 0.289027, 0.279542
1716232348170, 0.289010, 0.279527
1718356398105, 0.288994, 0.279512
1720480448041, 0.288980, 0.279497
1722604497977, 0.288969, 0.279484
1724728547913, 0.288960, 0.279473
1726852597849, 0.288948, 0.279457
1728976647785, 0.288939, 0.279447
1731100697721, 0.288927, 0.279436
1733224747656, 0.288920, 0.279427
1735348797592, 0.288905, 0.279412
1737472847528, 0.288891, 0.279396
1739596897464, 0.288882, 0.279386
1741720947400, 0.288868, 0.279371
1743844997336, 0.288858, 0.279360
1745969047271, 0.288846, 0.279349
1748093097207, 0.288835, 0.279336
1750217147143, 0.288824, 0.279324
1752341197079, 0.288809, 0.279312
1754465247015, 0.288797, 0.279298
1756589296951, 0.288786, 0.279284
1758713346887, 0.288776, 0.279274
1760837396822, 0.288761, 0.279260
1762961446758, 0.288751, 0.279248
1765085496694, 0.288735, 0.279242
1767209546630, 0.288725, 0.279229
1769333596566, 0.288712, 0.279218
1771457646502, 0.288701, 0.279207
1773581696438, 0.288696, 0.279200
1775705746373, 0.288687, 0.279191
1777829796309, 0.288680, 0.279184
1779953846245, 0.288674, 0.279177
1782077896181, 0.288664, 0.279167
1784201946117, 0.288654, 0.279159
1786325996053, 0.288646, 0.279148
1788450045989, 0.288633, 0.279135
1790574095924, 0.288625, 0.279127
1792698145860, 0.288615, 0.279116
1794822195796, 0.288606, 0.279106
1796946245732, 0.288593, 0.279094
1799070295668, 0.288585, 0.279086
1801194345604, 0.288574, 0.279075
1803318395540, 0.288567, 0.279066
1805442445475, 0.288560, 0.279057
1807566495411, 0.288553, 0.279051
1809690545347, 0.288543, 0.279041
1811814595283, 0.288534, 0.279032
1813938645219, 0.288525, 0.279023
1816062695155, 0.288515, 0.279016
1818186745091, 0.288509, 0.279010
1820310795026, 0.288499, 0.278999
1822434844962, 0.288490, 0.278988
1824558894898, 0.288484, 0.278981
1826682944834, 0.288475, 0.278969
1828806994770, 0.288464, 0.278957
1830931044706, 0.288450, 0.278950
1833055094642, 0.288444, 0.278944
1835179144577, 0.288432, 0.278934
1837303194513, 0.288416, 0.278920
1839427244449, 0.288399, 0.278907
1841551294385, 0.288392, 0.278898
1843675344321, 0.288384, 0.278892
1845799394257, 0.288368, 0.278879
1847923444192, 0.288363, 0.278872
1850047494128, 0.288349, 0.278861
1852171544064, 0.288339, 0.278852
1854295594000, 0.288334, 0.278846
1856419643936, 0.288328, 0.278838
1858543693872, 0.288320, 0.278832
1860667743808, 0.288313, 0.278826
1862791793743, 0.288302, 0.278813
1864915843679, 0.288295, 0.278803
1867039893615, 0.288290, 0.278797
1869163943551, 0.288285, 0.278790
1871287993487, 0.288281, 0.278784
1873412043423, 0.288274, 0.278775
1875536093359, 0.288266, 0.278769
1877660143294, 0.288259, 0.278761
1879784193230, 0.288252, 0.278754
1881908243166, 0.288249, 0.278748
1884032293102, 0.288243, 0.278743
1886156343038, 0.288237, 0.278736
1888280392974, 0.288228, 0.278728
1890404442910, 0.288223, 0.278721
1892528492845, 0.288219, 0.278716
1894652542781, 0.288212, 0.278709
1896776592717, 0.288207, 0.278702
1898900642653, 0.288195, 0.278692
1901024692589, 0.288190, 0.278686
1903148742525, 0.288183, 0.278677
1905272792461, 0.288179, 0.278673
1907396842396, 0.288175, 0.278668
1909520892332, 0.288169, 0.278661
1911644942268, 0.288162, 0.278656
1913768992204, 0.288158, 0.278651
1915893042140, 0.288153, 0.278646
1918017092076, 0.288147, 0.278640
1920141142012, 0.288143, 0.278636
1922265191947, 0.288139, 0.278632
1924389241883, 0.288135, 0.278628
1926513291819, 0.288131, 0.278623
1928637341755, 0.288124, 0.278618
1930761391691, 0.288117, 0.278611
1932885441627, 0.288111, 0.278604
1935009491562, 0.288101, 0.278597
1937133541498, 0.288097, 0.278594
1939257591434, 0.288093, 0.278589
1941381641370, 0.288090, 0.278585
1943505691306, 0.288086, 0.278580
1945629741242, 0.288084, 0.278576
1947753791178, 0.288078, 0.278569
1949877841113, 0.288071, 0.278562
1952001891049, 0.288067, 0.278556
1954125940985, 0.288064, 0.278552
1956249990921, 0.288060, 0.278548
1958374040857, 0.288058, 0.278545
1960498090793, 0.288054, 0.278539
1962622140729, 0.288047, 0.278534
1964746190664, 0.288044, 0.278530
1966870240600, 0.288039, 0.278528
1968994290536, 0.288037, 0.278523
1971118340472, 0.288034, 0.278519
1973242390408, 0.288030, 0.278514
1975366440344, 0.288028, 0.278511
1977490490280, 0.288025, 0.278507
1979614540215, 0.288024, 0.278506
1981738590151, 0.288019, 0.278502
1983862640087, 0.288016, 0.278499
1985986690023, 0.288014, 0.278495
1988110739959, 0.288008, 0.278490
1990234789895, 0.288004, 0.278487
1992358839831, 0.287998, 0.278481
1994482889766, 0.287994, 0.278478
1996606939702, 0.287994, 0.278476
1998730989638, 0.287993, 0.278474
2000855039574, 0.287992, 0.278473
2002979089510, 0.287985, 0.278468
2005103139446, 0.287982, 0.278465
2007227189382, 0.287979, 0.278462
2009351239317, 0.287976, 0.278460
2011475289253, 0.287974, 0.278457
2013599339189, 0.287971, 0.278454
2015723389125, 0.287966, 0.278451
2017847439061, 0.287964, 0.278450
2019971488997, 0.287962, 0.278447
2022095538933, 0.287958, 0.278442
2024219588868, 0.287955, 0.278439
2026343638804, 0.287952, 0.278436
2028467688740, 0.287951, 0.278434
2030591738676, 0.287950, 0.278432
2032715788612, 0.287949, 0.278431
2034839838548, 0.287948, 0.278429
2036963888483, 0.287946, 0.278426
2039087938419, 0.287940, 0.278421
2041211988355, 0.287939, 0.278420
2043336038291, 0.287937, 0.278418
2045460088227, 0.287935, 0.278416
2047584138163, 0.287933, 0.278414
2049708188099, 0.287932, 0.278413
2051832238034, 0.287931, 0.278413
2053956287970, 0.287931, 0.278413
2056080337906, 0.287930, 0.278411
2058204387842, 0.287928, 0.278409
2060328437778, 0.287924, 0.278409
2062452487714, 0.287917, 0.278408
2064576537650, 0.287914, 0.278405
2066700587585, 0.287913, 0.278404
2068824637521, 0.287912, 0.278403
2070948687457, 0.287910, 0.278401
2073072737393, 0.287909, 0.278399
2075196787329, 0.287905, 0.278395
2077320837265, 0.287904, 0.278394
2079444887201, 0.287903, 0.278393
2081568937136, 0.287903, 0.278393
2083692987072, 0.287902, 0.278393
2085817037008, 0.287900, 0.278391
2087941086944, 0.287900, 0.278390
2090065136880, 0.287895, 0.278389
2092189186816, 0.287895, 0.278389
2094313236752, 0.287895, 0.278388
2096437286687, 0.287895, 0.278388
2098561336623, 0.287894, 0.278387
2100685386559, 0.287893, 0.278385
2102809436495, 0.287893, 0.278385
2104933486431, 0.287893, 0.278385
2107057536367, 0.287892, 0.278384
2109181586303, 0.287892, 0.278383
2111305636238, 0.287892, 0.278383
2113429686174, 0.287892, 0.278383
2115553736110, 0.287891, 0.278383
2117677786046, 0.287890, 0.278382
2119801835982, 0.287889, 0.278381
2121925885918, 0.287889, 0.278381
2124049935854, 0.287889, 0.278381
Time used: 4681 ms
