logging to /opt/shards_res_1000/2016020800-2016020900_unique/tenant_2_profile_res-FIX_RATE-SHARDS-0.01.csvtracefile: /data1/tenant_trace/2016020800-2016020900_unique/tenant_2_trace
open file /data1/tenant_trace/2016020800-2016020900_unique/tenant_2_trace
read 1000000 lines
read 2000000 lines
read 3000000 lines
read 4000000 lines
read 5000000 lines
read 6000000 lines
read 7000000 lines
read 8000000 lines
read 9000000 lines
read 10000000 lines
read 11000000 lines
read 12000000 lines
read 13000000 lines
read 14000000 lines
read 15000000 lines
read 16000000 lines
read 17000000 lines
read 18000000 lines
read 19000000 lines
read 20000000 lines
read 21000000 lines
read 22000000 lines
read 23000000 lines
read 24000000 lines
read 25000000 lines
read 26000000 lines
read 27000000 lines
read 28000000 lines
read 29000000 lines
read 30000000 lines
read 31000000 lines
read 32000000 lines
read 33000000 lines
read 34000000 lines
read 35000000 lines
read 36000000 lines
read 37000000 lines
read 38000000 lines
read 39000000 lines
read 40000000 lines
read 41000000 lines
read 42000000 lines
read 43000000 lines
read 44000000 lines
read 45000000 lines
read 46000000 lines
[FILE]: /data1/tenant_trace/2016020800-2016020900_unique/tenant_2_trace
total_access_num: 46389077
total_access_size: 162654038863
unique_access_num: 28509103
unique_access_size: 100320285024
min_item_size: 1
[method]: SHARDS
[metric]: MAE
[seed]: 42
[sample_method]: FIX_RATE
[sample_metric]: 0.01
MAEQ_factor: 1.025681
cache_size, BMRC_ratio, OMRC_ratio
100320285, 0.966964, 0.966660
200640570, 0.957713, 0.957455
300960855, 0.951053, 0.950904
401281140, 0.945245, 0.945200
501601425, 0.940149, 0.940126
601921710, 0.935424, 0.935513
702241995, 0.931006, 0.931152
802562280, 0.927102, 0.927269
902882565, 0.923405, 0.923620
1003202850, 0.919838, 0.920072
1103523135, 0.916618, 0.916834
1203843420, 0.913479, 0.913686
1304163705, 0.910610, 0.910826
1404483990, 0.907698, 0.907914
1504804275, 0.905049, 0.905223
1605124560, 0.902228, 0.902388
1705444845, 0.899718, 0.899886
1805765130, 0.897179, 0.897377
1906085415, 0.894828, 0.894999
2006405700, 0.892389, 0.892576
2106725985, 0.890096, 0.890304
2207046270, 0.887924, 0.888073
2307366555, 0.885862, 0.885984
2407686840, 0.883746, 0.883934
2508007125, 0.881591, 0.881884
2608327410, 0.879578, 0.879905
2708647695, 0.877571, 0.877917
2808967980, 0.875678, 0.876048
2909288265, 0.873835, 0.874194
3009608550, 0.871969, 0.872356
3109928835, 0.870191, 0.870588
3210249120, 0.868457, 0.868833
3310569405, 0.866813, 0.867150
3410889690, 0.865212, 0.865509
3511209975, 0.863649, 0.863888
3611530260, 0.862057, 0.862308
3711850545, 0.860497, 0.860732
3812170830, 0.858916, 0.859163
3912491115, 0.857271, 0.857518
4012811400, 0.855652, 0.855882
4113131685, 0.854089, 0.854345
4213451971, 0.852503, 0.852747
4313772256, 0.850926, 0.851187
4414092541, 0.849417, 0.849714
4514412826, 0.847895, 0.848167
4614733111, 0.846432, 0.846699
4715053396, 0.844955, 0.845192
4815373681, 0.843621, 0.843875
4915693966, 0.842333, 0.842540
5016014251, 0.840933, 0.841146
5116334536, 0.839559, 0.839757
5216654821, 0.838155, 0.838354
5316975106, 0.836806, 0.836996
5417295391, 0.835446, 0.835672
5517615676, 0.834171, 0.834355
5617935961, 0.832939, 0.833094
5718256246, 0.831680, 0.831807
5818576531, 0.830594, 0.830688
5918896816, 0.829415, 0.829531
6019217101, 0.828164, 0.828283
6119537386, 0.826916, 0.827037
6219857671, 0.825628, 0.825752
6320177956, 0.824400, 0.824562
6420498241, 0.823278, 0.823454
6520818526, 0.822203, 0.822354
6621138811, 0.821040, 0.821208
6721459096, 0.819860, 0.819992
6821779381, 0.818865, 0.818985
6922099666, 0.817816, 0.817903
7022419951, 0.816689, 0.816786
7122740236, 0.815533, 0.815674
7223060521, 0.814474, 0.814620
7323380806, 0.813421, 0.813564
7423701091, 0.812309, 0.812456
7524021376, 0.811220, 0.811330
7624341661, 0.810225, 0.810332
7724661946, 0.809237, 0.809343
7824982231, 0.808217, 0.808325
7925302516, 0.807165, 0.807269
8025622801, 0.806097, 0.806202
8125943086, 0.805120, 0.805230
8226263371, 0.804122, 0.804219
8326583656, 0.803089, 0.803177
8426903942, 0.802157, 0.802225
8527224227, 0.801218, 0.801283
8627544512, 0.800356, 0.800386
8727864797, 0.799407, 0.799450
8828185082, 0.798455, 0.798523
8928505367, 0.797533, 0.797605
9028825652, 0.796637, 0.796700
9129145937, 0.795759, 0.795796
9229466222, 0.794771, 0.794818
9329786507, 0.793825, 0.793886
9430106792, 0.792980, 0.793044
9530427077, 0.792178, 0.792265
9630747362, 0.791370, 0.791429
9731067647, 0.790476, 0.790532
9831387932, 0.789650, 0.789692
9931708217, 0.788837, 0.788844
10032028502, 0.788035, 0.788036
10132348787, 0.787118, 0.787146
10232669072, 0.786376, 0.786380
10332989357, 0.785537, 0.785533
10433309642, 0.784773, 0.784794
10533629927, 0.783934, 0.783988
10633950212, 0.783159, 0.783184
10734270497, 0.782342, 0.782356
10834590782, 0.781523, 0.781571
10934911067, 0.780678, 0.780741
11035231352, 0.779825, 0.779909
11135551637, 0.779029, 0.779101
11235871922, 0.778187, 0.778273
11336192207, 0.777388, 0.777488
11436512492, 0.776593, 0.776688
11536832777, 0.775837, 0.775919
11637153062, 0.775090, 0.775160
11737473347, 0.774331, 0.774412
11837793632, 0.773512, 0.773582
11938113917, 0.772830, 0.772890
12038434202, 0.772071, 0.772133
12138754487, 0.771314, 0.771388
12239074772, 0.770590, 0.770650
12339395057, 0.769810, 0.769866
12439715342, 0.769037, 0.769105
12540035628, 0.768322, 0.768363
12640355913, 0.767587, 0.767624
12740676198, 0.766891, 0.766917
12840996483, 0.766214, 0.766225
12941316768, 0.765465, 0.765477
13041637053, 0.764734, 0.764748
13141957338, 0.764052, 0.764065
13242277623, 0.763379, 0.763377
13342597908, 0.762708, 0.762683
13442918193, 0.762025, 0.761985
13543238478, 0.761424, 0.761392
13643558763, 0.760752, 0.760728
13743879048, 0.760076, 0.760036
13844199333, 0.759335, 0.759335
13944519618, 0.758641, 0.758635
14044839903, 0.758000, 0.757975
14145160188, 0.757291, 0.757279
14245480473, 0.756647, 0.756641
14345800758, 0.756006, 0.756000
14446121043, 0.755391, 0.755349
14546441328, 0.754764, 0.754703
14646761613, 0.754151, 0.754056
14747081898, 0.753528, 0.753439
14847402183, 0.752855, 0.752763
14947722468, 0.752230, 0.752114
15048042753, 0.751604, 0.751463
15148363038, 0.750975, 0.750833
15248683323, 0.750409, 0.750264
15349003608, 0.749757, 0.749611
15449323893, 0.749151, 0.749001
15549644178, 0.748554, 0.748380
15649964463, 0.747907, 0.747757
15750284748, 0.747330, 0.747171
15850605033, 0.746732, 0.746571
15950925318, 0.746212, 0.746035
16051245603, 0.745605, 0.745431
16151565888, 0.745027, 0.744838
16251886173, 0.744449, 0.744265
16352206458, 0.743871, 0.743689
16452526743, 0.743317, 0.743135
16552847028, 0.742688, 0.742501
16653167313, 0.742069, 0.741889
16753487599, 0.741483, 0.741320
16853807884, 0.740903, 0.740742
16954128169, 0.740340, 0.740188
17054448454, 0.739683, 0.739544
17154768739, 0.739135, 0.738986
17255089024, 0.738544, 0.738367
17355409309, 0.737972, 0.737796
17455729594, 0.737335, 0.737160
17556049879, 0.736779, 0.736610
17656370164, 0.736251, 0.736090
17756690449, 0.735698, 0.735528
17857010734, 0.735140, 0.734957
17957331019, 0.734654, 0.734433
18057651304, 0.734160, 0.733920
18157971589, 0.733622, 0.733392
18258291874, 0.733167, 0.732928
18358612159, 0.732615, 0.732368
18458932444, 0.732119, 0.731870
18559252729, 0.731620, 0.731348
18659573014, 0.731083, 0.730803
18759893299, 0.730620, 0.730326
18860213584, 0.730094, 0.729798
18960533869, 0.729624, 0.729302
19060854154, 0.729076, 0.728783
19161174439, 0.728506, 0.728198
19261494724, 0.727993, 0.727690
19361815009, 0.727505, 0.727196
19462135294, 0.726965, 0.726685
19562455579, 0.726534, 0.726241
19662775864, 0.726051, 0.725745
19763096149, 0.725601, 0.725295
19863416434, 0.725111, 0.724799
19963736719, 0.724610, 0.724301
20064057004, 0.724115, 0.723814
20164377289, 0.723645, 0.723342
20264697574, 0.723164, 0.722844
20365017859, 0.722687, 0.722380
20465338144, 0.722236, 0.721934
20565658429, 0.721814, 0.721492
20665978714, 0.721314, 0.720986
20766298999, 0.720890, 0.720546
20866619284, 0.720409, 0.720063
20966939570, 0.719984, 0.719653
21067259855, 0.719550, 0.719196
21167580140, 0.719103, 0.718761
21267900425, 0.718678, 0.718330
21368220710, 0.718278, 0.717922
21468540995, 0.717828, 0.717485
21568861280, 0.717370, 0.717010
21669181565, 0.716966, 0.716594
21769501850, 0.716489, 0.716103
21869822135, 0.716047, 0.715637
21970142420, 0.715551, 0.715154
22070462705, 0.715100, 0.714689
22170782990, 0.714699, 0.714288
22271103275, 0.714262, 0.713846
22371423560, 0.713867, 0.713436
22471743845, 0.713436, 0.712997
22572064130, 0.712983, 0.712561
22672384415, 0.712597, 0.712160
22772704700, 0.712118, 0.711703
22873024985, 0.711634, 0.711227
22973345270, 0.711237, 0.710847
23073665555, 0.710817, 0.710431
23173985840, 0.710389, 0.709974
23274306125, 0.709920, 0.709494
23374626410, 0.709539, 0.709108
23474946695, 0.709175, 0.708759
23575266980, 0.708793, 0.708373
23675587265, 0.708405, 0.707970
23775907550, 0.708059, 0.707614
23876227835, 0.707674, 0.707228
23976548120, 0.707253, 0.706775
24076868405, 0.706896, 0.706413
24177188690, 0.706537, 0.706032
24277508975, 0.706126, 0.705607
24377829260, 0.705761, 0.705234
24478149545, 0.705407, 0.704859
24578469830, 0.705045, 0.704490
24678790115, 0.704661, 0.704096
24779110400, 0.704258, 0.703699
24879430685, 0.703870, 0.703290
24979750970, 0.703482, 0.702895
25080071256, 0.703121, 0.702522
25180391541, 0.702715, 0.702104
25280711826, 0.702316, 0.701714
25381032111, 0.701943, 0.701343
25481352396, 0.701577, 0.700968
25581672681, 0.701231, 0.700617
25681992966, 0.700837, 0.700218
25782313251, 0.700480, 0.699845
25882633536, 0.700143, 0.699500
25982953821, 0.699782, 0.699136
26083274106, 0.699398, 0.698771
26183594391, 0.699027, 0.698394
26283914676, 0.698690, 0.698062
26384234961, 0.698309, 0.697693
26484555246, 0.697921, 0.697297
26584875531, 0.697561, 0.696935
26685195816, 0.697190, 0.696570
26785516101, 0.696825, 0.696200
26885836386, 0.696440, 0.695827
26986156671, 0.696077, 0.695486
27086476956, 0.695701, 0.695107
27186797241, 0.695366, 0.694764
27287117526, 0.695071, 0.694456
27387437811, 0.694719, 0.694111
27487758096, 0.694367, 0.693759
27588078381, 0.694002, 0.693395
27688398666, 0.693645, 0.693026
27788718951, 0.693311, 0.692677
27889039236, 0.692947, 0.692326
27989359521, 0.692632, 0.691996
28089679806, 0.692275, 0.691638
28190000091, 0.691987, 0.691338
28290320376, 0.691623, 0.690961
28390640661, 0.691270, 0.690623
28490960946, 0.690981, 0.690340
28591281231, 0.690612, 0.689965
28691601516, 0.690269, 0.689623
28791921801, 0.689913, 0.689273
28892242086, 0.689606, 0.688956
28992562371, 0.689337, 0.688668
29092882656, 0.689067, 0.688394
29193202941, 0.688769, 0.688098
29293523227, 0.688352, 0.687687
29393843512, 0.688036, 0.687359
29494163797, 0.687711, 0.687021
29594484082, 0.687421, 0.686732
29694804367, 0.687113, 0.686432
29795124652, 0.686776, 0.686096
29895444937, 0.686514, 0.685835
29995765222, 0.686175, 0.685505
30096085507, 0.685894, 0.685208
30196405792, 0.685605, 0.684899
30296726077, 0.685331, 0.684621
30397046362, 0.685027, 0.684304
30497366647, 0.684708, 0.683998
30597686932, 0.684459, 0.683753
30698007217, 0.684114, 0.683410
30798327502, 0.683761, 0.683058
30898647787, 0.683488, 0.682778
30998968072, 0.683229, 0.682502
31099288357, 0.682922, 0.682196
31199608642, 0.682630, 0.681905
31299928927, 0.682309, 0.681597
31400249212, 0.681987, 0.681271
31500569497, 0.681727, 0.681024
31600889782, 0.681460, 0.680758
31701210067, 0.681172, 0.680459
31801530352, 0.680901, 0.680204
31901850637, 0.680601, 0.679900
32002170922, 0.680317, 0.679607
32102491207, 0.679918, 0.679234
32202811492, 0.679687, 0.678995
32303131777, 0.679400, 0.678723
32403452062, 0.679134, 0.678447
32503772347, 0.678901, 0.678232
32604092632, 0.678584, 0.677921
32704412917, 0.678308, 0.677635
32804733202, 0.678016, 0.677333
32905053487, 0.677746, 0.677059
33005373772, 0.677464, 0.676788
33105694057, 0.677229, 0.676553
33206014342, 0.676983, 0.676309
33306334627, 0.676734, 0.676081
33406654912, 0.676477, 0.675835
33506975198, 0.676194, 0.675557
33607295483, 0.675938, 0.675307
33707615768, 0.675660, 0.675041
33807936053, 0.675384, 0.674766
33908256338, 0.675079, 0.674451
34008576623, 0.674824, 0.674201
34108896908, 0.674556, 0.673931
34209217193, 0.674308, 0.673673
34309537478, 0.674051, 0.673425
34409857763, 0.673817, 0.673188
34510178048, 0.673521, 0.672886
34610498333, 0.673241, 0.672631
34710818618, 0.672988, 0.672371
34811138903, 0.672741, 0.672114
34911459188, 0.672494, 0.671864
35011779473, 0.672286, 0.671644
35112099758, 0.672077, 0.671437
35212420043, 0.671840, 0.671215
35312740328, 0.671573, 0.670948
35413060613, 0.671270, 0.670648
35513380898, 0.671032, 0.670392
35613701183, 0.670792, 0.670137
35714021468, 0.670561, 0.669896
35814341753, 0.670371, 0.669691
35914662038, 0.670140, 0.669469
36014982323, 0.669879, 0.669204
36115302608, 0.669634, 0.668975
36215622893, 0.669358, 0.668704
36315943178, 0.669134, 0.668480
36416263463, 0.668894, 0.668245
36516583748, 0.668687, 0.668031
36616904033, 0.668487, 0.667833
36717224318, 0.668296, 0.667641
36817544603, 0.668092, 0.667432
36917864888, 0.667846, 0.667173
37018185173, 0.667595, 0.666906
37118505458, 0.667325, 0.666652
37218825743, 0.667072, 0.666406
37319146028, 0.666832, 0.666164
37419466313, 0.666571, 0.665893
37519786598, 0.666378, 0.665694
37620106884, 0.666186, 0.665496
37720427169, 0.665986, 0.665272
37820747454, 0.665739, 0.665035
37921067739, 0.665513, 0.664815
38021388024, 0.665329, 0.664621
38121708309, 0.665110, 0.664423
38222028594, 0.664876, 0.664179
38322348879, 0.664643, 0.663933
38422669164, 0.664404, 0.663694
38522989449, 0.664205, 0.663500
38623309734, 0.663971, 0.663259
38723630019, 0.663743, 0.663026
38823950304, 0.663529, 0.662812
38924270589, 0.663336, 0.662597
39024590874, 0.663125, 0.662370
39124911159, 0.662936, 0.662181
39225231444, 0.662647, 0.661911
39325551729, 0.662446, 0.661709
39425872014, 0.662234, 0.661499
39526192299, 0.662022, 0.661269
39626512584, 0.661827, 0.661066
39726832869, 0.661639, 0.660877
39827153154, 0.661458, 0.660704
39927473439, 0.661283, 0.660532
40027793724, 0.661097, 0.660351
40128114009, 0.660906, 0.660185
40228434294, 0.660754, 0.660036
40328754579, 0.660542, 0.659822
40429074864, 0.660335, 0.659622
40529395149, 0.660179, 0.659456
40629715434, 0.660008, 0.659273
40730035719, 0.659807, 0.659077
40830356004, 0.659602, 0.658878
40930676289, 0.659437, 0.658706
41030996574, 0.659252, 0.658510
41131316859, 0.659074, 0.658344
41231637144, 0.658862, 0.658119
41331957429, 0.658664, 0.657921
41432277714, 0.658472, 0.657716
41532597999, 0.658311, 0.657555
41632918284, 0.658103, 0.657341
41733238569, 0.657916, 0.657147
41833558855, 0.657746, 0.656968
41933879140, 0.657534, 0.656763
42034199425, 0.657295, 0.656524
42134519710, 0.657131, 0.656347
42234839995, 0.656901, 0.656128
42335160280, 0.656702, 0.655929
42435480565, 0.656527, 0.655750
42535800850, 0.656348, 0.655563
42636121135, 0.656172, 0.655395
42736441420, 0.655942, 0.655177
42836761705, 0.655765, 0.654998
42937081990, 0.655570, 0.654793
43037402275, 0.655379, 0.654591
43137722560, 0.655246, 0.654442
43238042845, 0.655081, 0.654265
43338363130, 0.654911, 0.654084
43438683415, 0.654732, 0.653899
43539003700, 0.654570, 0.653726
43639323985, 0.654395, 0.653554
43739644270, 0.654251, 0.653401
43839964555, 0.654062, 0.653213
43940284840, 0.653883, 0.653019
44040605125, 0.653706, 0.652834
44140925410, 0.653510, 0.652644
44241245695, 0.653332, 0.652459
44341565980, 0.653164, 0.652282
44441886265, 0.653017, 0.652120
44542206550, 0.652860, 0.651971
44642526835, 0.652696, 0.651792
44742847120, 0.652542, 0.651631
44843167405, 0.652334, 0.651448
44943487690, 0.652174, 0.651279
45043807975, 0.652017, 0.651118
45144128260, 0.651860, 0.650954
45244448545, 0.651687, 0.650781
45344768830, 0.651515, 0.650605
45445089115, 0.651368, 0.650456
45545409400, 0.651173, 0.650253
45645729685, 0.650992, 0.650079
45746049970, 0.650781, 0.649874
45846370255, 0.650583, 0.649680
45946690540, 0.650448, 0.649542
46047010826, 0.650265, 0.649348
46147331111, 0.650124, 0.649201
46247651396, 0.649968, 0.649033
46347971681, 0.649755, 0.648843
46448291966, 0.649634, 0.648716
46548612251, 0.649473, 0.648552
46648932536, 0.649298, 0.648384
46749252821, 0.649170, 0.648255
46849573106, 0.649013, 0.648102
46949893391, 0.648899, 0.647990
47050213676, 0.648766, 0.647852
47150533961, 0.648599, 0.647684
47250854246, 0.648450, 0.647526
47351174531, 0.648285, 0.647363
47451494816, 0.648067, 0.647169
47551815101, 0.647895, 0.646990
47652135386, 0.647763, 0.646849
47752455671, 0.647629, 0.646703
47852775956, 0.647464, 0.646543
47953096241, 0.647296, 0.646371
48053416526, 0.647146, 0.646211
48153736811, 0.647001, 0.646056
48254057096, 0.646881, 0.645940
48354377381, 0.646744, 0.645806
48454697666, 0.646591, 0.645668
48555017951, 0.646450, 0.645511
48655338236, 0.646302, 0.645351
48755658521, 0.646159, 0.645207
48855978806, 0.646009, 0.645077
48956299091, 0.645857, 0.644927
49056619376, 0.645713, 0.644776
49156939661, 0.645576, 0.644649
49257259946, 0.645462, 0.644528
49357580231, 0.645329, 0.644388
49457900516, 0.645197, 0.644258
49558220801, 0.645054, 0.644105
49658541086, 0.644941, 0.643985
49758861371, 0.644811, 0.643840
49859181656, 0.644671, 0.643694
49959501941, 0.644554, 0.643569
50059822226, 0.644436, 0.643441
50160142512, 0.644320, 0.643321
50260462797, 0.644177, 0.643174
50360783082, 0.644030, 0.643023
50461103367, 0.643938, 0.642922
50561423652, 0.643812, 0.642790
50661743937, 0.643685, 0.642657
50762064222, 0.643584, 0.642542
50862384507, 0.643467, 0.642432
50962704792, 0.643348, 0.642320
51063025077, 0.643236, 0.642200
51163345362, 0.643102, 0.642066
51263665647, 0.642963, 0.641935
51363985932, 0.642825, 0.641790
51464306217, 0.642688, 0.641646
51564626502, 0.642540, 0.641493
51664946787, 0.642429, 0.641389
51765267072, 0.642291, 0.641258
51865587357, 0.642161, 0.641130
51965907642, 0.642057, 0.641014
52066227927, 0.641925, 0.640876
52166548212, 0.641815, 0.640766
52266868497, 0.641714, 0.640654
52367188782, 0.641604, 0.640551
52467509067, 0.641466, 0.640410
52567829352, 0.641323, 0.640253
52668149637, 0.641190, 0.640115
52768469922, 0.641065, 0.639990
52868790207, 0.640929, 0.639856
52969110492, 0.640798, 0.639721
53069430777, 0.640677, 0.639596
53169751062, 0.640573, 0.639496
53270071347, 0.640440, 0.639365
53370391632, 0.640306, 0.639233
53470711917, 0.640204, 0.639139
53571032202, 0.640060, 0.639005
53671352487, 0.639901, 0.638871
53771672772, 0.639804, 0.638763
53871993057, 0.639696, 0.638660
53972313342, 0.639590, 0.638544
54072633627, 0.639454, 0.638404
54172953912, 0.639327, 0.638276
54273274197, 0.639221, 0.638166
54373594483, 0.639099, 0.638052
54473914768, 0.638986, 0.637931
54574235053, 0.638861, 0.637811
54674555338, 0.638731, 0.637681
54774875623, 0.638622, 0.637569
54875195908, 0.638510, 0.637446
54975516193, 0.638398, 0.637334
55075836478, 0.638293, 0.637231
55176156763, 0.638182, 0.637104
55276477048, 0.638087, 0.636996
55376797333, 0.637943, 0.636845
55477117618, 0.637847, 0.636746
55577437903, 0.637720, 0.636614
55677758188, 0.637608, 0.636498
55778078473, 0.637516, 0.636394
55878398758, 0.637403, 0.636276
55978719043, 0.637293, 0.636157
56079039328, 0.637193, 0.636062
56179359613, 0.637096, 0.635961
56279679898, 0.637001, 0.635873
56380000183, 0.636900, 0.635767
56480320468, 0.636818, 0.635687
56580640753, 0.636694, 0.635569
56680961038, 0.636605, 0.635478
56781281323, 0.636509, 0.635373
56881601608, 0.636392, 0.635263
56981921893, 0.636260, 0.635151
57082242178, 0.636193, 0.635084
57182562463, 0.636108, 0.634998
57282882748, 0.636032, 0.634920
57383203033, 0.635935, 0.634812
57483523318, 0.635819, 0.634700
57583843603, 0.635753, 0.634633
57684163888, 0.635664, 0.634541
57784484173, 0.635574, 0.634452
57884804458, 0.635467, 0.634334
57985124743, 0.635374, 0.634232
58085445028, 0.635247, 0.634109
58185765313, 0.635142, 0.634004
58286085598, 0.635049, 0.633911
58386405883, 0.634973, 0.633831
58486726168, 0.634868, 0.633717
58587046454, 0.634768, 0.633618
58687366739, 0.634681, 0.633534
58787687024, 0.634598, 0.633448
58888007309, 0.634516, 0.633368
58988327594, 0.634414, 0.633262
59088647879, 0.634312, 0.633170
59188968164, 0.634226, 0.633083
59289288449, 0.634130, 0.632986
59389608734, 0.634035, 0.632891
59489929019, 0.633943, 0.632792
59590249304, 0.633855, 0.632704
59690569589, 0.633763, 0.632607
59790889874, 0.633706, 0.632542
59891210159, 0.633622, 0.632450
59991530444, 0.633542, 0.632365
60091850729, 0.633458, 0.632281
60192171014, 0.633363, 0.632184
60292491299, 0.633298, 0.632115
60392811584, 0.633205, 0.632018
60493131869, 0.633113, 0.631915
60593452154, 0.633022, 0.631822
60693772439, 0.632912, 0.631714
60794092724, 0.632826, 0.631639
60894413009, 0.632768, 0.631574
60994733294, 0.632683, 0.631499
61095053579, 0.632604, 0.631415
61195373864, 0.632525, 0.631333
61295694149, 0.632427, 0.631234
61396014434, 0.632316, 0.631124
61496334719, 0.632230, 0.631035
61596655004, 0.632155, 0.630951
61696975289, 0.632086, 0.630882
61797295574, 0.632007, 0.630800
61897615859, 0.631935, 0.630721
61997936144, 0.631848, 0.630634
62098256429, 0.631778, 0.630568
62198576714, 0.631677, 0.630481
62298896999, 0.631595, 0.630399
62399217284, 0.631524, 0.630328
62499537569, 0.631448, 0.630249
62599857854, 0.631378, 0.630182
62700178140, 0.631303, 0.630104
62800498425, 0.631226, 0.630018
62900818710, 0.631158, 0.629945
63001138995, 0.631085, 0.629876
63101459280, 0.630994, 0.629781
63201779565, 0.630938, 0.629716
63302099850, 0.630863, 0.629645
63402420135, 0.630760, 0.629537
63502740420, 0.630658, 0.629438
63603060705, 0.630559, 0.629337
63703380990, 0.630496, 0.629274
63803701275, 0.630422, 0.629201
63904021560, 0.630336, 0.629106
64004341845, 0.630261, 0.629022
64104662130, 0.630196, 0.628957
64204982415, 0.630099, 0.628856
64305302700, 0.630021, 0.628776
64405622985, 0.629947, 0.628696
64505943270, 0.629884, 0.628638
64606263555, 0.629826, 0.628584
64706583840, 0.629747, 0.628507
64806904125, 0.629671, 0.628433
64907224410, 0.629570, 0.628341
65007544695, 0.629521, 0.628289
65107864980, 0.629434, 0.628205
65208185265, 0.629382, 0.628145
65308505550, 0.629279, 0.628056
65408825835, 0.629191, 0.627959
65509146120, 0.629131, 0.627892
65609466405, 0.629048, 0.627823
65709786690, 0.628985, 0.627761
65810106975, 0.628933, 0.627711
65910427260, 0.628865, 0.627644
66010747545, 0.628787, 0.627565
66111067830, 0.628717, 0.627496
66211388115, 0.628656, 0.627435
66311708400, 0.628606, 0.627384
66412028685, 0.628548, 0.627328
66512348970, 0.628480, 0.627259
66612669255, 0.628416, 0.627205
66712989540, 0.628343, 0.627134
66813309825, 0.628267, 0.627069
66913630111, 0.628177, 0.626987
67013950396, 0.628113, 0.626920
67114270681, 0.628040, 0.626849
67214590966, 0.627973, 0.626784
67314911251, 0.627873, 0.626683
67415231536, 0.627821, 0.626629
67515551821, 0.627760, 0.626562
67615872106, 0.627706, 0.626511
67716192391, 0.627630, 0.626433
67816512676, 0.627566, 0.626370
67916832961, 0.627520, 0.626317
68017153246, 0.627451, 0.626245
68117473531, 0.627376, 0.626181
68217793816, 0.627316, 0.626123
68318114101, 0.627265, 0.626071
68418434386, 0.627198, 0.626000
68518754671, 0.627136, 0.625948
68619074956, 0.627097, 0.625909
68719395241, 0.627024, 0.625834
68819715526, 0.626965, 0.625782
68920035811, 0.626901, 0.625715
69020356096, 0.626835, 0.625653
69120676381, 0.626765, 0.625577
69220996666, 0.626701, 0.625506
69321316951, 0.626638, 0.625444
69421637236, 0.626561, 0.625368
69521957521, 0.626511, 0.625314
69622277806, 0.626440, 0.625239
69722598091, 0.626366, 0.625163
69822918376, 0.626331, 0.625124
69923238661, 0.626270, 0.625060
70023558946, 0.626223, 0.625012
70123879231, 0.626157, 0.624952
70224199516, 0.626107, 0.624900
70324519801, 0.626061, 0.624849
70424840086, 0.625967, 0.624775
70525160371, 0.625909, 0.624717
70625480656, 0.625857, 0.624663
70725800941, 0.625809, 0.624616
70826121226, 0.625758, 0.624560
70926441511, 0.625686, 0.624491
71026761796, 0.625640, 0.624439
71127082082, 0.625582, 0.624381
71227402367, 0.625519, 0.624316
71327722652, 0.625474, 0.624271
71428042937, 0.625421, 0.624219
71528363222, 0.625362, 0.624163
71628683507, 0.625310, 0.624107
71729003792, 0.625240, 0.624040
71829324077, 0.625186, 0.623984
71929644362, 0.625110, 0.623907
72029964647, 0.625061, 0.623853
72130284932, 0.624999, 0.623790
72230605217, 0.624960, 0.623747
72330925502, 0.624873, 0.623672
72431245787, 0.624819, 0.623626
72531566072, 0.624765, 0.623568
72631886357, 0.624712, 0.623516
72732206642, 0.624671, 0.623480
72832526927, 0.624589, 0.623398
72932847212, 0.624525, 0.623333
73033167497, 0.624452, 0.623258
73133487782, 0.624379, 0.623182
73233808067, 0.624334, 0.623135
73334128352, 0.624297, 0.623090
73434448637, 0.624259, 0.623049
73534768922, 0.624217, 0.623005
73635089207, 0.624173, 0.622960
73735409492, 0.624103, 0.622893
73835729777, 0.624058, 0.622859
73936050062, 0.624001, 0.622803
74036370347, 0.623952, 0.622747
74136690632, 0.623912, 0.622704
74237010917, 0.623878, 0.622667
74337331202, 0.623812, 0.622607
74437651487, 0.623771, 0.622561
74537971772, 0.623711, 0.622505
74638292057, 0.623665, 0.622458
74738612342, 0.623599, 0.622391
74838932627, 0.623554, 0.622354
74939252912, 0.623513, 0.622311
75039573197, 0.623458, 0.622253
75139893482, 0.623408, 0.622197
75240213768, 0.623373, 0.622156
75340534053, 0.623338, 0.622117
75440854338, 0.623302, 0.622081
75541174623, 0.623257, 0.622031
75641494908, 0.623202, 0.621982
75741815193, 0.623157, 0.621938
75842135478, 0.623117, 0.621897
75942455763, 0.623089, 0.621865
76042776048, 0.623035, 0.621813
76143096333, 0.623004, 0.621777
76243416618, 0.622961, 0.621736
76343736903, 0.622906, 0.621682
76444057188, 0.622857, 0.621632
76544377473, 0.622830, 0.621604
76644697758, 0.622798, 0.621572
76745018043, 0.622770, 0.621540
76845338328, 0.622727, 0.621492
76945658613, 0.622681, 0.621440
77045978898, 0.622638, 0.621393
77146299183, 0.622609, 0.621363
77246619468, 0.622570, 0.621320
77346939753, 0.622518, 0.621270
77447260038, 0.622465, 0.621210
77547580323, 0.622435, 0.621180
77647900608, 0.622378, 0.621121
77748220893, 0.622327, 0.621067
77848541178, 0.622275, 0.621011
77948861463, 0.622246, 0.620979
78049181748, 0.622190, 0.620921
78149502033, 0.622139, 0.620865
78249822318, 0.622098, 0.620824
78350142603, 0.622079, 0.620802
78450462888, 0.622029, 0.620753
78550783173, 0.621995, 0.620716
78651103458, 0.621951, 0.620671
78751423743, 0.621908, 0.620621
78851744028, 0.621868, 0.620578
78952064313, 0.621844, 0.620554
79052384598, 0.621815, 0.620524
79152704883, 0.621785, 0.620494
79253025168, 0.621743, 0.620457
79353345453, 0.621702, 0.620419
79453665739, 0.621675, 0.620384
79553986024, 0.621634, 0.620341
79654306309, 0.621586, 0.620294
79754626594, 0.621558, 0.620266
79854946879, 0.621519, 0.620222
79955267164, 0.621482, 0.620188
80055587449, 0.621446, 0.620153
80155907734, 0.621408, 0.620119
80256228019, 0.621369, 0.620080
80356548304, 0.621333, 0.620037
80456868589, 0.621299, 0.620005
80557188874, 0.621267, 0.619966
80657509159, 0.621248, 0.619947
80757829444, 0.621213, 0.619908
80858149729, 0.621165, 0.619860
80958470014, 0.621134, 0.619826
81058790299, 0.621107, 0.619793
81159110584, 0.621075, 0.619759
81259430869, 0.621041, 0.619727
81359751154, 0.620994, 0.619677
81460071439, 0.620979, 0.619660
81560391724, 0.620955, 0.619634
81660712009, 0.620934, 0.619615
81761032294, 0.620896, 0.619576
81861352579, 0.620860, 0.619539
81961672864, 0.620836, 0.619511
82061993149, 0.620812, 0.619487
82162313434, 0.620773, 0.619449
82262633719, 0.620737, 0.619414
82362954004, 0.620700, 0.619377
82463274289, 0.620671, 0.619343
82563594574, 0.620652, 0.619321
82663914859, 0.620628, 0.619298
82764235144, 0.620593, 0.619263
82864555429, 0.620560, 0.619231
82964875714, 0.620534, 0.619205
83065195999, 0.620508, 0.619177
83165516284, 0.620495, 0.619160
83265836569, 0.620467, 0.619134
83366156854, 0.620452, 0.619119
83466477139, 0.620427, 0.619089
83566797424, 0.620383, 0.619048
83667117710, 0.620367, 0.619033
83767437995, 0.620333, 0.619000
83867758280, 0.620297, 0.618964
83968078565, 0.620273, 0.618944
84068398850, 0.620242, 0.618914
84168719135, 0.620209, 0.618892
84269039420, 0.620167, 0.618847
84369359705, 0.620118, 0.618808
84469679990, 0.620077, 0.618770
84570000275, 0.620055, 0.618748
84670320560, 0.620026, 0.618722
84770640845, 0.620014, 0.618711
84870961130, 0.619992, 0.618690
84971281415, 0.619967, 0.618675
85071601700, 0.619951, 0.618657
85171921985, 0.619902, 0.618606
85272242270, 0.619877, 0.618580
85372562555, 0.619852, 0.618552
85472882840, 0.619824, 0.618526
85573203125, 0.619800, 0.618502
85673523410, 0.619772, 0.618474
85773843695, 0.619739, 0.618440
85874163980, 0.619726, 0.618425
85974484265, 0.619705, 0.618403
86074804550, 0.619700, 0.618397
86175124835, 0.619687, 0.618382
86275445120, 0.619677, 0.618371
86375765405, 0.619662, 0.618356
86476085690, 0.619644, 0.618336
86576405975, 0.619615, 0.618306
86676726260, 0.619599, 0.618291
86777046545, 0.619577, 0.618269
86877366830, 0.619549, 0.618235
86977687115, 0.619527, 0.618211
87078007400, 0.619510, 0.618194
87178327685, 0.619484, 0.618168
87278647970, 0.619459, 0.618144
87378968255, 0.619439, 0.618125
87479288540, 0.619417, 0.618106
87579608825, 0.619404, 0.618093
87679929110, 0.619402, 0.618090
87780249396, 0.619390, 0.618078
87880569681, 0.619368, 0.618052
87980889966, 0.619332, 0.618028
88081210251, 0.619310, 0.618002
88181530536, 0.619284, 0.617974
88281850821, 0.619258, 0.617950
88382171106, 0.619236, 0.617929
88482491391, 0.619226, 0.617920
88582811676, 0.619211, 0.617905
88683131961, 0.619193, 0.617886
88783452246, 0.619179, 0.617871
88883772531, 0.619145, 0.617836
88984092816, 0.619125, 0.617817
89084413101, 0.619100, 0.617802
89184733386, 0.619079, 0.617780
89285053671, 0.619061, 0.617763
89385373956, 0.619052, 0.617752
89485694241, 0.619025, 0.617730
89586014526, 0.619011, 0.617713
89686334811, 0.619000, 0.617698
89786655096, 0.618991, 0.617687
89886975381, 0.618988, 0.617683
89987295666, 0.618960, 0.617662
90087615951, 0.618952, 0.617649
90187936236, 0.618939, 0.617638
90288256521, 0.618927, 0.617625
90388576806, 0.618917, 0.617616
90488897091, 0.618909, 0.617605
90589217376, 0.618872, 0.617569
90689537661, 0.618857, 0.617556
90789857946, 0.618843, 0.617541
90890178231, 0.618836, 0.617534
90990498516, 0.618827, 0.617526
91090818801, 0.618813, 0.617513
91191139086, 0.618795, 0.617496
91291459371, 0.618785, 0.617487
91391779656, 0.618767, 0.617470
91492099941, 0.618759, 0.617461
91592420226, 0.618748, 0.617448
91692740511, 0.618731, 0.617431
91793060796, 0.618722, 0.617422
91893381081, 0.618712, 0.617411
91993701367, 0.618693, 0.617394
92094021652, 0.618686, 0.617388
92194341937, 0.618675, 0.617377
92294662222, 0.618669, 0.617370
92394982507, 0.618663, 0.617364
92495302792, 0.618658, 0.617358
92595623077, 0.618652, 0.617351
92695943362, 0.618639, 0.617336
92796263647, 0.618629, 0.617325
92896583932, 0.618615, 0.617312
92996904217, 0.618601, 0.617297
93097224502, 0.618581, 0.617280
93197544787, 0.618571, 0.617269
93297865072, 0.618558, 0.617256
93398185357, 0.618552, 0.617250
93498505642, 0.618537, 0.617235
93598825927, 0.618528, 0.617224
93699146212, 0.618513, 0.617209
93799466497, 0.618496, 0.617194
93899786782, 0.618478, 0.617174
94000107067, 0.618476, 0.617170
94100427352, 0.618465, 0.617159
94200747637, 0.618455, 0.617148
94301067922, 0.618445, 0.617136
94401388207, 0.618443, 0.617133
94501708492, 0.618435, 0.617127
94602028777, 0.618428, 0.617118
94702349062, 0.618417, 0.617108
94802669347, 0.618408, 0.617099
94902989632, 0.618400, 0.617090
95003309917, 0.618384, 0.617075
95103630202, 0.618371, 0.617062
95203950487, 0.618361, 0.617051
95304270772, 0.618356, 0.617047
95404591057, 0.618346, 0.617039
95504911342, 0.618340, 0.617032
95605231627, 0.618327, 0.617019
95705551912, 0.618321, 0.617015
95805872197, 0.618318, 0.617013
95906192482, 0.618316, 0.617010
96006512767, 0.618313, 0.617006
96106833052, 0.618305, 0.617000
96207153338, 0.618297, 0.616993
96307473623, 0.618292, 0.616987
96407793908, 0.618288, 0.616982
96508114193, 0.618284, 0.616978
96608434478, 0.618275, 0.616970
96708754763, 0.618269, 0.616963
96809075048, 0.618255, 0.616946
96909395333, 0.618249, 0.616939
97009715618, 0.618242, 0.616931
97110035903, 0.618239, 0.616926
97210356188, 0.618234, 0.616922
97310676473, 0.618226, 0.616913
97410996758, 0.618220, 0.616907
97511317043, 0.618215, 0.616903
97611637328, 0.618215, 0.616901
97711957613, 0.618211, 0.616896
97812277898, 0.618208, 0.616894
97912598183, 0.618205, 0.616892
98012918468, 0.618201, 0.616888
98113238753, 0.618200, 0.616885
98213559038, 0.618194, 0.616879
98313879323, 0.618184, 0.616870
98414199608, 0.618184, 0.616870
98514519893, 0.618177, 0.616864
98614840178, 0.618177, 0.616864
98715160463, 0.618175, 0.616862
98815480748, 0.618172, 0.616860
98915801033, 0.618169, 0.616855
99016121318, 0.618169, 0.616855
99116441603, 0.618161, 0.616849
99216761888, 0.618161, 0.616849
99317082173, 0.618157, 0.616845
99417402458, 0.618155, 0.616842
99517722743, 0.618153, 0.616840
99618043028, 0.618151, 0.616838
99718363313, 0.618151, 0.616838
99818683598, 0.618148, 0.616834
99919003883, 0.618148, 0.616834
100019324168, 0.618146, 0.616832
100119644453, 0.618146, 0.616832
100219964738, 0.618146, 0.616832
100320285024, 0.618146, 0.616832
Time used: 1113 ms
