logging to /data1/flows_res/2016020500-2016020600_unique/tenant_6_profile_res-FIX_RATE-FLOWS-0.01.csvtracefile: /data1/tenant_trace/2016020500-2016020600_unique/tenant_6_trace
open file /data1/tenant_trace/2016020500-2016020600_unique/tenant_6_trace
read 1000000 lines
read 2000000 lines
read 3000000 lines
read 4000000 lines
read 5000000 lines
read 6000000 lines
read 7000000 lines
read 8000000 lines
read 9000000 lines
read 10000000 lines
read 11000000 lines
read 12000000 lines
read 13000000 lines
read 14000000 lines
read 15000000 lines
read 16000000 lines
read 17000000 lines
read 18000000 lines
read 19000000 lines
read 20000000 lines
read 21000000 lines
read 22000000 lines
read 23000000 lines
read 24000000 lines
read 25000000 lines
read 26000000 lines
read 27000000 lines
read 28000000 lines
read 29000000 lines
read 30000000 lines
read 31000000 lines
read 32000000 lines
read 33000000 lines
read 34000000 lines
read 35000000 lines
read 36000000 lines
read 37000000 lines
read 38000000 lines
read 39000000 lines
read 40000000 lines
read 41000000 lines
read 42000000 lines
read 43000000 lines
read 44000000 lines
read 45000000 lines
read 46000000 lines
read 47000000 lines
read 48000000 lines
read 49000000 lines
read 50000000 lines
read 51000000 lines
read 52000000 lines
read 53000000 lines
read 54000000 lines
read 55000000 lines
read 56000000 lines
read 57000000 lines
read 58000000 lines
read 59000000 lines
read 60000000 lines
read 61000000 lines
read 62000000 lines
read 63000000 lines
read 64000000 lines
read 65000000 lines
read 66000000 lines
read 67000000 lines
read 68000000 lines
read 69000000 lines
read 70000000 lines
read 71000000 lines
read 72000000 lines
read 73000000 lines
read 74000000 lines
read 75000000 lines
read 76000000 lines
read 77000000 lines
read 78000000 lines
read 79000000 lines
read 80000000 lines
read 81000000 lines
read 82000000 lines
read 83000000 lines
read 84000000 lines
read 85000000 lines
read 86000000 lines
read 87000000 lines
read 88000000 lines
read 89000000 lines
read 90000000 lines
read 91000000 lines
[FILE]: /data1/tenant_trace/2016020500-2016020600_unique/tenant_6_trace
total_access_num: 91337082
total_access_size: 10449583415304
unique_access_num: 34035269
unique_access_size: 3058142414202
min_item_size: 1
[method]: FLOWS
[metric]: MAE
[seed]: 42
[sample_method]: FIX_RATE
[sample_metric]: 0.01
MAEQ_factor: 1.336952
cache_size, BMRC_ratio, OMRC_ratio
30581424142, 0.694634, 0.770233
61162848284, 0.618182, 0.701268
91744272426, 0.569456, 0.655197
122325696568, 0.534318, 0.621042
152907120710, 0.507117, 0.594072
183488544852, 0.484842, 0.571879
214069968994, 0.466377, 0.553368
244651393136, 0.451109, 0.537641
275232817278, 0.437598, 0.523951
305814241420, 0.425855, 0.512263
336395665562, 0.415435, 0.501566
366977089704, 0.406326, 0.492385
397558513846, 0.398035, 0.483845
428139937988, 0.390677, 0.476166
458721362130, 0.384267, 0.469310
489302786272, 0.378068, 0.462734
519884210414, 0.372561, 0.456932
550465634556, 0.367483, 0.451683
581047058698, 0.362893, 0.446883
611628482840, 0.358597, 0.442488
642209906982, 0.354614, 0.438300
672791331124, 0.350994, 0.434470
703372755266, 0.347486, 0.430822
733954179408, 0.344364, 0.427537
764535603550, 0.341515, 0.424489
795117027692, 0.338817, 0.421640
825698451834, 0.336326, 0.418969
856279875976, 0.334063, 0.416407
886861300118, 0.331793, 0.414033
917442724260, 0.329575, 0.411760
948024148402, 0.327578, 0.409676
978605572544, 0.325695, 0.407591
1009186996686, 0.323936, 0.405761
1039768420828, 0.322361, 0.404145
1070349844970, 0.320875, 0.402487
1100931269112, 0.319384, 0.400911
1131512693254, 0.318004, 0.399533
1162094117396, 0.316703, 0.398149
1192675541538, 0.315566, 0.396868
1223256965680, 0.314383, 0.395653
1253838389822, 0.313320, 0.394556
1284419813964, 0.312360, 0.393564
1315001238106, 0.311322, 0.392482
1345582662248, 0.310434, 0.391510
1376164086390, 0.309502, 0.390560
1406745510532, 0.308689, 0.389712
1437326934674, 0.307927, 0.388896
1467908358816, 0.307224, 0.388180
1498489782958, 0.306470, 0.387385
1529071207101, 0.305777, 0.386610
1559652631243, 0.305153, 0.385981
1590234055385, 0.304534, 0.385309
1620815479527, 0.303891, 0.384694
1651396903669, 0.303395, 0.384151
1681978327811, 0.302905, 0.383586
1712559751953, 0.302352, 0.383019
1743141176095, 0.301858, 0.382467
1773722600237, 0.301385, 0.381948
1804304024379, 0.300978, 0.381490
1834885448521, 0.300594, 0.381063
1865466872663, 0.300209, 0.380638
1896048296805, 0.299799, 0.380235
1926629720947, 0.299416, 0.379861
1957211145089, 0.299075, 0.379482
1987792569231, 0.298763, 0.379156
2018373993373, 0.298479, 0.378843
2048955417515, 0.298169, 0.378477
2079536841657, 0.297910, 0.378153
2110118265799, 0.297658, 0.377860
2140699689941, 0.297414, 0.377595
2171281114083, 0.297179, 0.377312
2201862538225, 0.296936, 0.377076
2232443962367, 0.296716, 0.376841
2263025386509, 0.296539, 0.376622
2293606810651, 0.296341, 0.376421
2324188234793, 0.296192, 0.376241
2354769658935, 0.296011, 0.376044
2385351083077, 0.295827, 0.375854
2415932507219, 0.295679, 0.375685
2446513931361, 0.295523, 0.375510
2477095355503, 0.295404, 0.375344
2507676779645, 0.295285, 0.375201
2538258203787, 0.295142, 0.375042
2568839627929, 0.295032, 0.374939
2599421052071, 0.294921, 0.374803
2630002476213, 0.294823, 0.374700
2660583900355, 0.294738, 0.374606
2691165324497, 0.294663, 0.374509
2721746748639, 0.294606, 0.374450
2752328172781, 0.294537, 0.374363
2782909596923, 0.294487, 0.374306
2813491021065, 0.294427, 0.374240
2844072445207, 0.294382, 0.374196
2874653869349, 0.294345, 0.374163
2905235293491, 0.294315, 0.374124
2935816717633, 0.294272, 0.374082
2966398141775, 0.294250, 0.374043
2996979565917, 0.294229, 0.374023
3027560990059, 0.294221, 0.374012
3058142414202, 0.294216, 0.374006
Time used: 77768 ms
