logging to /data1/flows_res/2016020600-2016020700_unique/tenant_5_profile_res-FIX_RATE-FLOWS-0.01.csvtracefile: /data1/tenant_trace/2016020600-2016020700_unique/tenant_5_trace
open file /data1/tenant_trace/2016020600-2016020700_unique/tenant_5_trace
read 1000000 lines
read 2000000 lines
read 3000000 lines
read 4000000 lines
read 5000000 lines
read 6000000 lines
read 7000000 lines
read 8000000 lines
read 9000000 lines
read 10000000 lines
read 11000000 lines
read 12000000 lines
read 13000000 lines
read 14000000 lines
read 15000000 lines
read 16000000 lines
read 17000000 lines
read 18000000 lines
read 19000000 lines
read 20000000 lines
read 21000000 lines
read 22000000 lines
read 23000000 lines
read 24000000 lines
read 25000000 lines
read 26000000 lines
read 27000000 lines
read 28000000 lines
read 29000000 lines
read 30000000 lines
read 31000000 lines
read 32000000 lines
read 33000000 lines
read 34000000 lines
read 35000000 lines
read 36000000 lines
read 37000000 lines
read 38000000 lines
read 39000000 lines
read 40000000 lines
read 41000000 lines
read 42000000 lines
read 43000000 lines
read 44000000 lines
read 45000000 lines
read 46000000 lines
read 47000000 lines
read 48000000 lines
read 49000000 lines
read 50000000 lines
read 51000000 lines
read 52000000 lines
read 53000000 lines
read 54000000 lines
read 55000000 lines
read 56000000 lines
read 57000000 lines
read 58000000 lines
read 59000000 lines
read 60000000 lines
read 61000000 lines
read 62000000 lines
read 63000000 lines
read 64000000 lines
read 65000000 lines
read 66000000 lines
read 67000000 lines
read 68000000 lines
read 69000000 lines
read 70000000 lines
read 71000000 lines
read 72000000 lines
read 73000000 lines
read 74000000 lines
read 75000000 lines
read 76000000 lines
read 77000000 lines
read 78000000 lines
read 79000000 lines
read 80000000 lines
read 81000000 lines
read 82000000 lines
read 83000000 lines
read 84000000 lines
read 85000000 lines
read 86000000 lines
read 87000000 lines
read 88000000 lines
read 89000000 lines
read 90000000 lines
read 91000000 lines
read 92000000 lines
read 93000000 lines
read 94000000 lines
read 95000000 lines
read 96000000 lines
read 97000000 lines
read 98000000 lines
read 99000000 lines
read 100000000 lines
read 101000000 lines
read 102000000 lines
read 103000000 lines
read 104000000 lines
read 105000000 lines
read 106000000 lines
read 107000000 lines
read 108000000 lines
read 109000000 lines
read 110000000 lines
read 111000000 lines
read 112000000 lines
read 113000000 lines
read 114000000 lines
read 115000000 lines
read 116000000 lines
read 117000000 lines
read 118000000 lines
read 119000000 lines
read 120000000 lines
read 121000000 lines
read 122000000 lines
read 123000000 lines
read 124000000 lines
read 125000000 lines
read 126000000 lines
read 127000000 lines
read 128000000 lines
read 129000000 lines
read 130000000 lines
read 131000000 lines
read 132000000 lines
read 133000000 lines
read 134000000 lines
read 135000000 lines
read 136000000 lines
read 137000000 lines
read 138000000 lines
read 139000000 lines
read 140000000 lines
read 141000000 lines
read 142000000 lines
read 143000000 lines
read 144000000 lines
read 145000000 lines
read 146000000 lines
read 147000000 lines
read 148000000 lines
read 149000000 lines
read 150000000 lines
read 151000000 lines
read 152000000 lines
read 153000000 lines
read 154000000 lines
read 155000000 lines
read 156000000 lines
read 157000000 lines
read 158000000 lines
read 159000000 lines
[FILE]: /data1/tenant_trace/2016020600-2016020700_unique/tenant_5_trace
total_access_num: 159185252
total_access_size: 6644611205209
unique_access_num: 43664035
unique_access_size: 1836706314617
min_item_size: 1
[method]: FLOWS
[metric]: MAE
[seed]: 42
[sample_method]: FIX_RATE
[sample_metric]: 0.01
MAEQ_factor: 1.330084
cache_size, BMRC_ratio, OMRC_ratio
18367063146, 0.714241, 0.708259
36734126292, 0.628875, 0.621407
55101189438, 0.572961, 0.565327
73468252584, 0.532596, 0.525334
91835315730, 0.501922, 0.494944
110202378877, 0.476918, 0.470222
128569442023, 0.456652, 0.450327
146936505169, 0.439214, 0.433382
165303568315, 0.424669, 0.419120
183670631461, 0.411961, 0.406711
202037694607, 0.401051, 0.396061
220404757754, 0.391291, 0.386684
238771820900, 0.382676, 0.378404
257138884046, 0.374926, 0.370963
275505947192, 0.368002, 0.364329
293873010338, 0.361651, 0.358163
312240073484, 0.355882, 0.352482
330607136631, 0.350772, 0.347515
348974199777, 0.345924, 0.342882
367341262923, 0.341526, 0.338619
385708326069, 0.337685, 0.334855
404075389215, 0.333960, 0.331233
422442452361, 0.330600, 0.327978
440809515508, 0.327520, 0.324927
459176578654, 0.324535, 0.321975
477543641800, 0.321817, 0.319301
495910704946, 0.319232, 0.316771
514277768092, 0.316745, 0.314378
532644831238, 0.314532, 0.312237
551011894385, 0.312439, 0.310178
569378957531, 0.310473, 0.308159
587746020677, 0.308629, 0.306342
606113083823, 0.306948, 0.304609
624480146969, 0.305349, 0.303014
642847210115, 0.303777, 0.301466
661214273262, 0.302340, 0.300073
679581336408, 0.300934, 0.298693
697948399554, 0.299678, 0.297417
716315462700, 0.298499, 0.296236
734682525846, 0.297330, 0.295103
753049588992, 0.296228, 0.294006
771416652139, 0.295193, 0.292973
789783715285, 0.294182, 0.291971
808150778431, 0.293247, 0.291065
826517841577, 0.292393, 0.290183
844884904723, 0.291565, 0.289355
863251967869, 0.290814, 0.288595
881619031016, 0.290074, 0.287824
899986094162, 0.289374, 0.287146
918353157308, 0.288636, 0.286420
936720220454, 0.288002, 0.285810
955087283600, 0.287465, 0.285253
973454346747, 0.286879, 0.284657
991821409893, 0.286363, 0.284104
1010188473039, 0.285880, 0.283612
1028555536185, 0.285321, 0.283065
1046922599331, 0.284828, 0.282566
1065289662477, 0.284381, 0.282090
1083656725624, 0.283953, 0.281657
1102023788770, 0.283546, 0.281248
1120390851916, 0.283151, 0.280860
1138757915062, 0.282790, 0.280518
1157124978208, 0.282447, 0.280183
1175492041354, 0.282127, 0.279845
1193859104501, 0.281759, 0.279517
1212226167647, 0.281429, 0.279213
1230593230793, 0.281118, 0.278909
1248960293939, 0.280829, 0.278618
1267327357085, 0.280556, 0.278334
1285694420231, 0.280284, 0.278096
1304061483378, 0.280038, 0.277857
1322428546524, 0.279802, 0.277627
1340795609670, 0.279562, 0.277380
1359162672816, 0.279350, 0.277168
1377529735962, 0.279134, 0.276952
1395896799108, 0.278933, 0.276759
1414263862255, 0.278782, 0.276605
1432630925401, 0.278616, 0.276450
1450997988547, 0.278459, 0.276298
1469365051693, 0.278320, 0.276151
1487732114839, 0.278187, 0.276027
1506099177985, 0.278058, 0.275915
1524466241132, 0.277950, 0.275812
1542833304278, 0.277853, 0.275703
1561200367424, 0.277746, 0.275596
1579567430570, 0.277653, 0.275507
1597934493716, 0.277566, 0.275421
1616301556862, 0.277489, 0.275346
1634668620009, 0.277415, 0.275284
1653035683155, 0.277345, 0.275213
1671402746301, 0.277285, 0.275149
1689769809447, 0.277221, 0.275080
1708136872593, 0.277182, 0.275048
1726503935739, 0.277137, 0.275003
1744870998886, 0.277102, 0.274964
1763238062032, 0.277085, 0.274945
1781605125178, 0.277059, 0.274920
1799972188324, 0.277037, 0.274905
1818339251470, 0.277030, 0.274899
1836706314617, 0.277023, 0.274890
Time used: 141019 ms
