logging to /opt/shards_res_1000/2016020600-2016020700_unique/tenant_5_profile_res-FIX_RATE-SHARDS-0.01.csvtracefile: /data1/tenant_trace/2016020600-2016020700_unique/tenant_5_trace
open file /data1/tenant_trace/2016020600-2016020700_unique/tenant_5_trace
read 1000000 lines
read 2000000 lines
read 3000000 lines
read 4000000 lines
read 5000000 lines
read 6000000 lines
read 7000000 lines
read 8000000 lines
read 9000000 lines
read 10000000 lines
read 11000000 lines
read 12000000 lines
read 13000000 lines
read 14000000 lines
read 15000000 lines
read 16000000 lines
read 17000000 lines
read 18000000 lines
read 19000000 lines
read 20000000 lines
read 21000000 lines
read 22000000 lines
read 23000000 lines
read 24000000 lines
read 25000000 lines
read 26000000 lines
read 27000000 lines
read 28000000 lines
read 29000000 lines
read 30000000 lines
read 31000000 lines
read 32000000 lines
read 33000000 lines
read 34000000 lines
read 35000000 lines
read 36000000 lines
read 37000000 lines
read 38000000 lines
read 39000000 lines
read 40000000 lines
read 41000000 lines
read 42000000 lines
read 43000000 lines
read 44000000 lines
read 45000000 lines
read 46000000 lines
read 47000000 lines
read 48000000 lines
read 49000000 lines
read 50000000 lines
read 51000000 lines
read 52000000 lines
read 53000000 lines
read 54000000 lines
read 55000000 lines
read 56000000 lines
read 57000000 lines
read 58000000 lines
read 59000000 lines
read 60000000 lines
read 61000000 lines
read 62000000 lines
read 63000000 lines
read 64000000 lines
read 65000000 lines
read 66000000 lines
read 67000000 lines
read 68000000 lines
read 69000000 lines
read 70000000 lines
read 71000000 lines
read 72000000 lines
read 73000000 lines
read 74000000 lines
read 75000000 lines
read 76000000 lines
read 77000000 lines
read 78000000 lines
read 79000000 lines
read 80000000 lines
read 81000000 lines
read 82000000 lines
read 83000000 lines
read 84000000 lines
read 85000000 lines
read 86000000 lines
read 87000000 lines
read 88000000 lines
read 89000000 lines
read 90000000 lines
read 91000000 lines
read 92000000 lines
read 93000000 lines
read 94000000 lines
read 95000000 lines
read 96000000 lines
read 97000000 lines
read 98000000 lines
read 99000000 lines
read 100000000 lines
read 101000000 lines
read 102000000 lines
read 103000000 lines
read 104000000 lines
read 105000000 lines
read 106000000 lines
read 107000000 lines
read 108000000 lines
read 109000000 lines
read 110000000 lines
read 111000000 lines
read 112000000 lines
read 113000000 lines
read 114000000 lines
read 115000000 lines
read 116000000 lines
read 117000000 lines
read 118000000 lines
read 119000000 lines
read 120000000 lines
read 121000000 lines
read 122000000 lines
read 123000000 lines
read 124000000 lines
read 125000000 lines
read 126000000 lines
read 127000000 lines
read 128000000 lines
read 129000000 lines
read 130000000 lines
read 131000000 lines
read 132000000 lines
read 133000000 lines
read 134000000 lines
read 135000000 lines
read 136000000 lines
read 137000000 lines
read 138000000 lines
read 139000000 lines
read 140000000 lines
read 141000000 lines
read 142000000 lines
read 143000000 lines
read 144000000 lines
read 145000000 lines
read 146000000 lines
read 147000000 lines
read 148000000 lines
read 149000000 lines
read 150000000 lines
read 151000000 lines
read 152000000 lines
read 153000000 lines
read 154000000 lines
read 155000000 lines
read 156000000 lines
read 157000000 lines
read 158000000 lines
read 159000000 lines
[FILE]: /data1/tenant_trace/2016020600-2016020700_unique/tenant_5_trace
total_access_num: 159185252
total_access_size: 6644611205209
unique_access_num: 43664035
unique_access_size: 1836706314617
min_item_size: 1
[method]: SHARDS
[metric]: MAE
[seed]: 42
[sample_method]: FIX_RATE
[sample_metric]: 0.01
MAEQ_factor: 1.028671
cache_size, BMRC_ratio, OMRC_ratio
1836706314, 0.888500, 0.885709
3673412629, 0.850513, 0.848776
5510118943, 0.823929, 0.821267
7346825258, 0.802479, 0.798767
9183531573, 0.784171, 0.779416
11020237887, 0.767738, 0.762132
12856944202, 0.753105, 0.746780
14693650516, 0.739710, 0.732858
16530356831, 0.727408, 0.720143
18367063146, 0.715767, 0.708197
20203769460, 0.705158, 0.697364
22040475775, 0.695035, 0.687098
23877182090, 0.685358, 0.677258
25713888404, 0.676353, 0.668048
27550594719, 0.667591, 0.659179
29387301033, 0.659367, 0.650805
31224007348, 0.651631, 0.642976
33060713663, 0.644246, 0.635540
34897419977, 0.637198, 0.628435
36734126292, 0.630325, 0.621547
38570832606, 0.623746, 0.614930
40407538921, 0.617381, 0.608572
42244245236, 0.611308, 0.602467
44080951550, 0.605504, 0.596665
45917657865, 0.599800, 0.591035
47754364180, 0.594343, 0.585517
49591070494, 0.589252, 0.580391
51427776809, 0.584177, 0.575292
53264483123, 0.579230, 0.570419
55101189438, 0.574405, 0.565665
56937895753, 0.569742, 0.561039
58774602067, 0.565197, 0.556546
60611308382, 0.560937, 0.552297
62448014696, 0.556789, 0.548175
64284721011, 0.552699, 0.544157
66121427326, 0.548705, 0.540202
67958133640, 0.544736, 0.536278
69794839955, 0.540977, 0.532625
71631546270, 0.537283, 0.528940
73468252584, 0.533684, 0.525375
75304958899, 0.530212, 0.521984
77141665213, 0.526784, 0.518615
78978371528, 0.523535, 0.515353
80815077843, 0.520347, 0.512191
82651784157, 0.517207, 0.509133
84488490472, 0.514175, 0.506160
86325196786, 0.511125, 0.503199
88161903101, 0.508266, 0.500359
89998609416, 0.505495, 0.497613
91835315730, 0.502750, 0.494902
93672022045, 0.499960, 0.492221
95508728360, 0.497312, 0.489590
97345434674, 0.494672, 0.487006
99182140989, 0.492098, 0.484441
101018847303, 0.489568, 0.481941
102855553618, 0.487209, 0.479536
104692259933, 0.484729, 0.477135
106528966247, 0.482404, 0.474838
108365672562, 0.480141, 0.472589
110202378877, 0.477886, 0.470358
112039085191, 0.475714, 0.468197
113875791506, 0.473570, 0.466075
115712497820, 0.471429, 0.463958
117549204135, 0.469306, 0.461879
119385910450, 0.467288, 0.459891
121222616764, 0.465296, 0.457924
123059323079, 0.463248, 0.455986
124896029393, 0.461342, 0.454113
126732735708, 0.459454, 0.452251
128569442023, 0.457583, 0.450466
130406148337, 0.455675, 0.448639
132242854652, 0.453783, 0.446817
134079560967, 0.452046, 0.445110
135916267281, 0.450246, 0.443346
137752973596, 0.448495, 0.441625
139589679910, 0.446799, 0.439917
141426386225, 0.445110, 0.438251
143263092540, 0.443424, 0.436661
145099798854, 0.441833, 0.435103
146936505169, 0.440225, 0.433523
148773211483, 0.438713, 0.432030
150609917798, 0.437141, 0.430520
152446624113, 0.435591, 0.429025
154283330427, 0.434120, 0.427568
156120036742, 0.432633, 0.426141
157956743057, 0.431232, 0.424743
159793449371, 0.429841, 0.423371
161630155686, 0.428419, 0.421988
163466862000, 0.427030, 0.420636
165303568315, 0.425648, 0.419267
167140274630, 0.424267, 0.417920
168976980944, 0.422981, 0.416649
170813687259, 0.421669, 0.415366
172650393573, 0.420355, 0.414136
174487099888, 0.419099, 0.412912
176323806203, 0.417795, 0.411694
178160512517, 0.416541, 0.410494
179997218832, 0.415353, 0.409331
181833925147, 0.414141, 0.408148
183670631461, 0.412949, 0.407009
185507337776, 0.411786, 0.405859
187344044090, 0.410661, 0.404760
189180750405, 0.409494, 0.403638
191017456720, 0.408415, 0.402562
192854163034, 0.407294, 0.401489
194690869349, 0.406179, 0.400440
196527575664, 0.405139, 0.399423
198364281978, 0.404041, 0.398374
200200988293, 0.403009, 0.397396
202037694607, 0.402007, 0.396416
203874400922, 0.400925, 0.395394
205711107237, 0.399914, 0.394432
207547813551, 0.398924, 0.393468
209384519866, 0.397933, 0.392506
211221226180, 0.396996, 0.391580
213057932495, 0.396023, 0.390651
214894638810, 0.395016, 0.389713
216731345124, 0.394042, 0.388790
218568051439, 0.393154, 0.387931
220404757754, 0.392185, 0.387001
222241464068, 0.391284, 0.386136
224078170383, 0.390324, 0.385253
225914876697, 0.389440, 0.384405
227751583012, 0.388566, 0.383573
229588289327, 0.387720, 0.382754
231424995641, 0.386853, 0.381917
233261701956, 0.385989, 0.381098
235098408270, 0.385161, 0.380292
236935114585, 0.384306, 0.379488
238771820900, 0.383505, 0.378704
240608527214, 0.382638, 0.377893
242445233529, 0.381816, 0.377093
244281939844, 0.381090, 0.376368
246118646158, 0.380247, 0.375596
247955352473, 0.379539, 0.374909
249792058787, 0.378766, 0.374144
251628765102, 0.377976, 0.373382
253465471417, 0.377155, 0.372628
255302177731, 0.376466, 0.371924
257138884046, 0.375722, 0.371226
258975590360, 0.375020, 0.370534
260812296675, 0.374321, 0.369854
262649002990, 0.373604, 0.369164
264485709304, 0.372878, 0.368465
266322415619, 0.372159, 0.367761
268159121934, 0.371468, 0.367114
269995828248, 0.370781, 0.366448
271832534563, 0.370131, 0.365809
273669240877, 0.369471, 0.365181
275505947192, 0.368817, 0.364548
277342653507, 0.368141, 0.363906
279179359821, 0.367480, 0.363264
281016066136, 0.366856, 0.362643
282852772451, 0.366266, 0.362049
284689478765, 0.365596, 0.361408
286526185080, 0.364945, 0.360769
288362891394, 0.364335, 0.360179
290199597709, 0.363713, 0.359560
292036304024, 0.363106, 0.358994
293873010338, 0.362528, 0.358404
295709716653, 0.361917, 0.357837
297546422967, 0.361280, 0.357239
299383129282, 0.360704, 0.356663
301219835597, 0.360084, 0.356069
303056541911, 0.359482, 0.355497
304893248226, 0.358896, 0.354919
306729954541, 0.358322, 0.354366
308566660855, 0.357776, 0.353817
310403367170, 0.357248, 0.353296
312240073484, 0.356675, 0.352744
314076779799, 0.356128, 0.352211
315913486114, 0.355605, 0.351678
317750192428, 0.355076, 0.351154
319586898743, 0.354589, 0.350674
321423605057, 0.354045, 0.350150
323260311372, 0.353512, 0.349644
325097017687, 0.352973, 0.349147
326933724001, 0.352462, 0.348666
328770430316, 0.351988, 0.348190
330607136631, 0.351479, 0.347681
332443842945, 0.350968, 0.347183
334280549260, 0.350474, 0.346704
336117255574, 0.350015, 0.346255
337953961889, 0.349502, 0.345797
339790668204, 0.349005, 0.345332
341627374518, 0.348530, 0.344858
343464080833, 0.348072, 0.344411
345300787147, 0.347566, 0.343935
347137493462, 0.347113, 0.343503
348974199777, 0.346681, 0.343087
350810906091, 0.346211, 0.342630
352647612406, 0.345781, 0.342207
354484318721, 0.345314, 0.341760
356321025035, 0.344874, 0.341330
358157731350, 0.344437, 0.340895
359994437664, 0.343990, 0.340471
361831143979, 0.343567, 0.340049
363667850294, 0.343160, 0.339658
365504556608, 0.342739, 0.339234
367341262923, 0.342297, 0.338807
369177969238, 0.341874, 0.338401
371014675552, 0.341488, 0.338006
372851381867, 0.341097, 0.337631
374688088181, 0.340690, 0.337214
376524794496, 0.340289, 0.336822
378361500811, 0.339905, 0.336446
380198207125, 0.339523, 0.336068
382034913440, 0.339184, 0.335720
383871619754, 0.338799, 0.335337
385708326069, 0.338429, 0.334964
387545032384, 0.338057, 0.334603
389381738698, 0.337654, 0.334214
391218445013, 0.337257, 0.333833
393055151328, 0.336900, 0.333486
394891857642, 0.336533, 0.333126
396728563957, 0.336180, 0.332774
398565270271, 0.335842, 0.332442
400401976586, 0.335476, 0.332069
402238682901, 0.335098, 0.331707
404075389215, 0.334758, 0.331374
405912095530, 0.334391, 0.331005
407748801844, 0.334052, 0.330668
409585508159, 0.333714, 0.330344
411422214474, 0.333398, 0.330020
413258920788, 0.333075, 0.329693
415095627103, 0.332740, 0.329360
416932333418, 0.332382, 0.329023
418769039732, 0.332064, 0.328700
420605746047, 0.331743, 0.328383
422442452361, 0.331395, 0.328043
424279158676, 0.331051, 0.327713
426115864991, 0.330746, 0.327429
427952571305, 0.330430, 0.327126
429789277620, 0.330108, 0.326808
431625983934, 0.329784, 0.326498
433462690249, 0.329450, 0.326175
435299396564, 0.329127, 0.325864
437136102878, 0.328805, 0.325561
438972809193, 0.328517, 0.325283
440809515508, 0.328195, 0.324975
442646221822, 0.327904, 0.324699
444482928137, 0.327622, 0.324422
446319634451, 0.327313, 0.324116
448156340766, 0.326943, 0.323797
449993047081, 0.326648, 0.323493
451829753395, 0.326365, 0.323216
453666459710, 0.326053, 0.322923
455503166025, 0.325758, 0.322621
457339872339, 0.325427, 0.322326
459176578654, 0.325136, 0.322015
461013284968, 0.324862, 0.321740
462849991283, 0.324565, 0.321465
464686697598, 0.324252, 0.321169
466523403912, 0.323950, 0.320885
468360110227, 0.323674, 0.320608
470196816541, 0.323432, 0.320370
472033522856, 0.323149, 0.320129
473870229171, 0.322901, 0.319869
475706935485, 0.322627, 0.319595
477543641800, 0.322373, 0.319355
479380348115, 0.322107, 0.319106
481217054429, 0.321814, 0.318812
483053760744, 0.321562, 0.318565
484890467058, 0.321312, 0.318319
486727173373, 0.321055, 0.318057
488563879688, 0.320795, 0.317803
490400586002, 0.320557, 0.317565
492237292317, 0.320301, 0.317308
494073998631, 0.320055, 0.317074
495910704946, 0.319804, 0.316820
497747411261, 0.319562, 0.316575
499584117575, 0.319334, 0.316344
501420823890, 0.319074, 0.316098
503257530205, 0.318810, 0.315845
505094236519, 0.318564, 0.315606
506930942834, 0.318327, 0.315372
508767649148, 0.318078, 0.315129
510604355463, 0.317835, 0.314892
512441061778, 0.317596, 0.314673
514277768092, 0.317357, 0.314448
516114474407, 0.317125, 0.314220
517951180721, 0.316923, 0.314017
519787887036, 0.316705, 0.313802
521624593351, 0.316489, 0.313576
523461299665, 0.316255, 0.313361
525298005980, 0.316069, 0.313160
527134712295, 0.315847, 0.312944
528971418609, 0.315634, 0.312732
530808124924, 0.315409, 0.312513
532644831238, 0.315203, 0.312310
534481537553, 0.314988, 0.312089
536318243868, 0.314774, 0.311879
538154950182, 0.314545, 0.311660
539991656497, 0.314319, 0.311439
541828362812, 0.314102, 0.311231
543665069126, 0.313896, 0.311030
545501775441, 0.313685, 0.310831
547338481755, 0.313486, 0.310635
549175188070, 0.313288, 0.310437
551011894385, 0.313078, 0.310224
552848600699, 0.312896, 0.310032
554685307014, 0.312707, 0.309845
556522013328, 0.312519, 0.309656
558358719643, 0.312312, 0.309451
560195425958, 0.312110, 0.309254
562032132272, 0.311901, 0.309046
563868838587, 0.311719, 0.308855
565705544902, 0.311524, 0.308657
567542251216, 0.311325, 0.308458
569378957531, 0.311139, 0.308259
571215663845, 0.310940, 0.308069
573052370160, 0.310727, 0.307862
574889076475, 0.310527, 0.307673
576725782789, 0.310347, 0.307498
578562489104, 0.310159, 0.307315
580399195418, 0.309989, 0.307145
582235901733, 0.309810, 0.306968
584072608048, 0.309648, 0.306815
585909314362, 0.309469, 0.306639
587746020677, 0.309280, 0.306445
589582726992, 0.309110, 0.306270
591419433306, 0.308935, 0.306082
593256139621, 0.308758, 0.305902
595092845935, 0.308588, 0.305739
596929552250, 0.308379, 0.305541
598766258565, 0.308213, 0.305378
600602964879, 0.308030, 0.305199
602439671194, 0.307864, 0.305029
604276377508, 0.307700, 0.304860
606113083823, 0.307573, 0.304731
607949790138, 0.307395, 0.304551
609786496452, 0.307225, 0.304378
611623202767, 0.307058, 0.304201
613459909082, 0.306902, 0.304041
615296615396, 0.306739, 0.303876
617133321711, 0.306548, 0.303697
618970028025, 0.306415, 0.303553
620806734340, 0.306257, 0.303404
622643440655, 0.306091, 0.303250
624480146969, 0.305915, 0.303080
626316853284, 0.305754, 0.302917
628153559599, 0.305585, 0.302756
629990265913, 0.305430, 0.302598
631826972228, 0.305280, 0.302446
633663678542, 0.305139, 0.302310
635500384857, 0.304988, 0.302156
637337091172, 0.304839, 0.302006
639173797486, 0.304697, 0.301858
641010503801, 0.304545, 0.301709
642847210115, 0.304396, 0.301554
644683916430, 0.304265, 0.301426
646520622745, 0.304135, 0.301291
648357329059, 0.303994, 0.301149
650194035374, 0.303836, 0.301005
652030741689, 0.303676, 0.300844
653867448003, 0.303534, 0.300707
655704154318, 0.303394, 0.300568
657540860632, 0.303251, 0.300428
659377566947, 0.303125, 0.300295
661214273262, 0.303000, 0.300162
663050979576, 0.302854, 0.300013
664887685891, 0.302738, 0.299893
666724392205, 0.302617, 0.299775
668561098520, 0.302470, 0.299635
670397804835, 0.302325, 0.299490
672234511149, 0.302168, 0.299342
674071217464, 0.302021, 0.299194
675907923779, 0.301881, 0.299046
677744630093, 0.301741, 0.298911
679581336408, 0.301619, 0.298790
681418042722, 0.301465, 0.298652
683254749037, 0.301347, 0.298525
685091455352, 0.301215, 0.298405
686928161666, 0.301088, 0.298278
688764867981, 0.300957, 0.298152
690601574295, 0.300835, 0.298026
692438280610, 0.300684, 0.297886
694274986925, 0.300554, 0.297755
696111693239, 0.300432, 0.297633
697948399554, 0.300314, 0.297524
699785105869, 0.300197, 0.297406
701621812183, 0.300070, 0.297287
703458518498, 0.299961, 0.297169
705295224812, 0.299847, 0.297051
707131931127, 0.299736, 0.296931
708968637442, 0.299628, 0.296814
710805343756, 0.299524, 0.296702
712642050071, 0.299428, 0.296607
714478756386, 0.299311, 0.296491
716315462700, 0.299183, 0.296372
718152169015, 0.299060, 0.296249
719988875329, 0.298948, 0.296134
721825581644, 0.298828, 0.296012
723662287959, 0.298722, 0.295901
725498994273, 0.298576, 0.295776
727335700588, 0.298454, 0.295656
729172406902, 0.298325, 0.295533
731009113217, 0.298212, 0.295426
732845819532, 0.298110, 0.295316
734682525846, 0.297989, 0.295195
736519232161, 0.297876, 0.295066
738355938476, 0.297765, 0.294947
740192644790, 0.297644, 0.294833
742029351105, 0.297534, 0.294730
743866057419, 0.297426, 0.294618
745702763734, 0.297319, 0.294510
747539470049, 0.297208, 0.294395
749376176363, 0.297094, 0.294284
751212882678, 0.296975, 0.294163
753049588992, 0.296861, 0.294051
754886295307, 0.296754, 0.293946
756723001622, 0.296642, 0.293834
758559707936, 0.296533, 0.293725
760396414251, 0.296415, 0.293611
762233120566, 0.296315, 0.293509
764069826880, 0.296222, 0.293417
765906533195, 0.296119, 0.293316
767743239509, 0.296020, 0.293222
769579945824, 0.295918, 0.293124
771416652139, 0.295812, 0.293013
773253358453, 0.295712, 0.292917
775090064768, 0.295592, 0.292803
776926771082, 0.295498, 0.292704
778763477397, 0.295396, 0.292603
780600183712, 0.295308, 0.292508
782436890026, 0.295206, 0.292410
784273596341, 0.295085, 0.292298
786110302656, 0.294974, 0.292195
787947008970, 0.294885, 0.292110
789783715285, 0.294790, 0.292015
791620421599, 0.294713, 0.291934
793457127914, 0.294606, 0.291829
795293834229, 0.294518, 0.291736
797130540543, 0.294408, 0.291629
798967246858, 0.294305, 0.291529
800803953173, 0.294202, 0.291437
802640659487, 0.294109, 0.291343
804477365802, 0.294015, 0.291254
806314072116, 0.293929, 0.291167
808150778431, 0.293842, 0.291080
809987484746, 0.293764, 0.290995
811824191060, 0.293684, 0.290911
813660897375, 0.293592, 0.290815
815497603689, 0.293512, 0.290736
817334310004, 0.293416, 0.290646
819171016319, 0.293333, 0.290563
821007722633, 0.293258, 0.290484
822844428948, 0.293173, 0.290393
824681135263, 0.293081, 0.290298
826517841577, 0.293000, 0.290215
828354547892, 0.292931, 0.290139
830191254206, 0.292854, 0.290057
832027960521, 0.292770, 0.289975
833864666836, 0.292688, 0.289888
835701373150, 0.292602, 0.289801
837538079465, 0.292505, 0.289710
839374785779, 0.292424, 0.289623
841211492094, 0.292358, 0.289549
843048198409, 0.292282, 0.289470
844884904723, 0.292189, 0.289384
846721611038, 0.292110, 0.289299
848558317353, 0.292045, 0.289234
850395023667, 0.291971, 0.289153
852231729982, 0.291885, 0.289067
854068436296, 0.291830, 0.289001
855905142611, 0.291748, 0.288916
857741848926, 0.291670, 0.288835
859578555240, 0.291602, 0.288766
861415261555, 0.291527, 0.288695
863251967869, 0.291470, 0.288629
865088674184, 0.291397, 0.288548
866925380499, 0.291310, 0.288460
868762086813, 0.291238, 0.288384
870598793128, 0.291169, 0.288312
872435499443, 0.291078, 0.288229
874272205757, 0.291006, 0.288160
876108912072, 0.290940, 0.288085
877945618386, 0.290871, 0.288009
879782324701, 0.290797, 0.287931
881619031016, 0.290726, 0.287862
883455737330, 0.290629, 0.287777
885292443645, 0.290553, 0.287703
887129149960, 0.290477, 0.287628
888965856274, 0.290407, 0.287563
890802562589, 0.290339, 0.287495
892639268903, 0.290277, 0.287428
894475975218, 0.290197, 0.287350
896312681533, 0.290136, 0.287286
898149387847, 0.290065, 0.287218
899986094162, 0.289977, 0.287133
901822800476, 0.289922, 0.287071
903659506791, 0.289845, 0.286999
905496213106, 0.289765, 0.286926
907332919420, 0.289688, 0.286846
909169625735, 0.289627, 0.286784
911006332050, 0.289556, 0.286710
912843038364, 0.289484, 0.286636
914679744679, 0.289405, 0.286562
916516450993, 0.289325, 0.286480
918353157308, 0.289269, 0.286417
920189863623, 0.289211, 0.286358
922026569937, 0.289144, 0.286294
923863276252, 0.289078, 0.286228
925699982566, 0.289006, 0.286160
927536688881, 0.288949, 0.286103
929373395196, 0.288887, 0.286040
931210101510, 0.288816, 0.285971
933046807825, 0.288753, 0.285908
934883514140, 0.288698, 0.285859
936720220454, 0.288628, 0.285794
938556926769, 0.288567, 0.285734
940393633083, 0.288507, 0.285675
942230339398, 0.288456, 0.285628
944067045713, 0.288393, 0.285571
945903752027, 0.288330, 0.285516
947740458342, 0.288278, 0.285460
949577164656, 0.288229, 0.285403
951413870971, 0.288184, 0.285352
953250577286, 0.288121, 0.285291
955087283600, 0.288068, 0.285233
956923989915, 0.288015, 0.285180
958760696230, 0.287957, 0.285116
960597402544, 0.287902, 0.285057
962434108859, 0.287842, 0.285001
964270815173, 0.287793, 0.284949
966107521488, 0.287743, 0.284901
967944227803, 0.287689, 0.284846
969780934117, 0.287624, 0.284782
971617640432, 0.287569, 0.284724
973454346747, 0.287504, 0.284667
975291053061, 0.287457, 0.284614
977127759376, 0.287384, 0.284543
978964465690, 0.287326, 0.284485
980801172005, 0.287273, 0.284432
982637878320, 0.287204, 0.284368
984474584634, 0.287163, 0.284319
986311290949, 0.287097, 0.284254
988147997263, 0.287039, 0.284196
989984703578, 0.286983, 0.284137
991821409893, 0.286934, 0.284090
993658116207, 0.286884, 0.284039
995494822522, 0.286840, 0.283995
997331528837, 0.286795, 0.283943
999168235151, 0.286752, 0.283897
1001004941466, 0.286696, 0.283844
1002841647780, 0.286656, 0.283804
1004678354095, 0.286609, 0.283750
1006515060410, 0.286560, 0.283703
1008351766724, 0.286506, 0.283645
1010188473039, 0.286454, 0.283594
1012025179353, 0.286408, 0.283549
1013861885668, 0.286359, 0.283500
1015698591983, 0.286310, 0.283447
1017535298297, 0.286266, 0.283392
1019372004612, 0.286211, 0.283330
1021208710927, 0.286160, 0.283285
1023045417241, 0.286113, 0.283236
1024882123556, 0.286070, 0.283188
1026718829870, 0.286005, 0.283124
1028555536185, 0.285943, 0.283070
1030392242500, 0.285875, 0.283009
1032228948814, 0.285824, 0.282952
1034065655129, 0.285770, 0.282902
1035902361443, 0.285713, 0.282853
1037739067758, 0.285658, 0.282801
1039575774073, 0.285603, 0.282757
1041412480387, 0.285554, 0.282707
1043249186702, 0.285512, 0.282664
1045085893017, 0.285462, 0.282616
1046922599331, 0.285406, 0.282561
1048759305646, 0.285353, 0.282510
1050596011960, 0.285309, 0.282463
1052432718275, 0.285259, 0.282418
1054269424590, 0.285219, 0.282370
1056106130904, 0.285178, 0.282330
1057942837219, 0.285124, 0.282277
1059779543534, 0.285090, 0.282241
1061616249848, 0.285059, 0.282201
1063452956163, 0.285013, 0.282152
1065289662477, 0.284962, 0.282100
1067126368792, 0.284921, 0.282060
1068963075107, 0.284881, 0.282016
1070799781421, 0.284839, 0.281975
1072636487736, 0.284782, 0.281923
1074473194050, 0.284730, 0.281880
1076309900365, 0.284692, 0.281842
1078146606680, 0.284638, 0.281787
1079983312994, 0.284601, 0.281749
1081820019309, 0.284560, 0.281703
1083656725624, 0.284514, 0.281655
1085493431938, 0.284470, 0.281612
1087330138253, 0.284437, 0.281576
1089166844567, 0.284393, 0.281532
1091003550882, 0.284346, 0.281483
1092840257197, 0.284297, 0.281436
1094676963511, 0.284259, 0.281399
1096513669826, 0.284211, 0.281357
1098350376140, 0.284173, 0.281318
1100187082455, 0.284136, 0.281281
1102023788770, 0.284092, 0.281242
1103860495084, 0.284049, 0.281202
1105697201399, 0.284006, 0.281162
1107533907714, 0.283962, 0.281116
1109370614028, 0.283924, 0.281076
1111207320343, 0.283889, 0.281041
1113044026657, 0.283843, 0.280994
1114880732972, 0.283804, 0.280958
1116717439287, 0.283763, 0.280921
1118554145601, 0.283710, 0.280873
1120390851916, 0.283673, 0.280840
1122227558230, 0.283639, 0.280808
1124064264545, 0.283602, 0.280773
1125900970860, 0.283570, 0.280743
1127737677174, 0.283539, 0.280709
1129574383489, 0.283495, 0.280671
1131411089804, 0.283460, 0.280632
1133247796118, 0.283425, 0.280600
1135084502433, 0.283392, 0.280569
1136921208747, 0.283363, 0.280542
1138757915062, 0.283328, 0.280508
1140594621377, 0.283290, 0.280473
1142431327691, 0.283243, 0.280431
1144268034006, 0.283219, 0.280405
1146104740321, 0.283185, 0.280372
1147941446635, 0.283146, 0.280338
1149778152950, 0.283116, 0.280310
1151614859264, 0.283087, 0.280278
1153451565579, 0.283044, 0.280244
1155288271894, 0.283008, 0.280204
1157124978208, 0.282981, 0.280174
1158961684523, 0.282942, 0.280130
1160798390837, 0.282908, 0.280095
1162635097152, 0.282876, 0.280062
1164471803467, 0.282850, 0.280035
1166308509781, 0.282814, 0.279998
1168145216096, 0.282772, 0.279959
1169981922411, 0.282738, 0.279922
1171818628725, 0.282696, 0.279878
1173655335040, 0.282666, 0.279846
1175492041354, 0.282633, 0.279812
1177328747669, 0.282602, 0.279777
1179165453984, 0.282580, 0.279754
1181002160298, 0.282541, 0.279719
1182838866613, 0.282502, 0.279683
1184675572927, 0.282470, 0.279653
1186512279242, 0.282432, 0.279618
1188348985557, 0.282401, 0.279589
1190185691871, 0.282369, 0.279554
1192022398186, 0.282332, 0.279516
1193859104501, 0.282295, 0.279481
1195695810815, 0.282266, 0.279449
1197532517130, 0.282234, 0.279418
1199369223444, 0.282196, 0.279378
1201205929759, 0.282159, 0.279348
1203042636074, 0.282128, 0.279315
1204879342388, 0.282105, 0.279286
1206716048703, 0.282075, 0.279257
1208552755017, 0.282047, 0.279227
1210389461332, 0.282021, 0.279202
1212226167647, 0.281978, 0.279167
1214062873961, 0.281952, 0.279140
1215899580276, 0.281915, 0.279103
1217736286591, 0.281884, 0.279072
1219572992905, 0.281854, 0.279039
1221409699220, 0.281827, 0.279012
1223246405534, 0.281801, 0.278987
1225083111849, 0.281777, 0.278957
1226919818164, 0.281751, 0.278929
1228756524478, 0.281716, 0.278895
1230593230793, 0.281684, 0.278863
1232429937108, 0.281658, 0.278843
1234266643422, 0.281634, 0.278819
1236103349737, 0.281606, 0.278791
1237940056051, 0.281572, 0.278753
1239776762366, 0.281546, 0.278729
1241613468681, 0.281524, 0.278705
1243450174995, 0.281505, 0.278678
1245286881310, 0.281477, 0.278648
1247123587624, 0.281443, 0.278618
1248960293939, 0.281411, 0.278587
1250797000254, 0.281372, 0.278550
1252633706568, 0.281342, 0.278522
1254470412883, 0.281315, 0.278494
1256307119198, 0.281284, 0.278461
1258143825512, 0.281254, 0.278429
1259980531827, 0.281222, 0.278398
1261817238141, 0.281201, 0.278376
1263653944456, 0.281174, 0.278347
1265490650771, 0.281154, 0.278325
1267327357085, 0.281132, 0.278301
1269164063400, 0.281109, 0.278276
1271000769714, 0.281079, 0.278248
1272837476029, 0.281058, 0.278225
1274674182344, 0.281037, 0.278206
1276510888658, 0.281008, 0.278177
1278347594973, 0.280983, 0.278151
1280184301288, 0.280956, 0.278128
1282021007602, 0.280931, 0.278103
1283857713917, 0.280903, 0.278075
1285694420231, 0.280885, 0.278056
1287531126546, 0.280859, 0.278029
1289367832861, 0.280836, 0.278004
1291204539175, 0.280814, 0.277983
1293041245490, 0.280786, 0.277951
1294877951804, 0.280766, 0.277926
1296714658119, 0.280737, 0.277898
1298551364434, 0.280711, 0.277869
1300388070748, 0.280689, 0.277845
1302224777063, 0.280657, 0.277820
1304061483378, 0.280629, 0.277798
1305898189692, 0.280608, 0.277778
1307734896007, 0.280583, 0.277754
1309571602321, 0.280555, 0.277732
1311408308636, 0.280537, 0.277716
1313245014951, 0.280516, 0.277696
1315081721265, 0.280492, 0.277670
1316918427580, 0.280466, 0.277642
1318755133895, 0.280443, 0.277621
1320591840209, 0.280427, 0.277602
1322428546524, 0.280406, 0.277581
1324265252838, 0.280387, 0.277561
1326101959153, 0.280357, 0.277531
1327938665468, 0.280328, 0.277510
1329775371782, 0.280305, 0.277486
1331612078097, 0.280284, 0.277469
1333448784411, 0.280260, 0.277440
1335285490726, 0.280245, 0.277425
1337122197041, 0.280227, 0.277405
1338958903355, 0.280197, 0.277375
1340795609670, 0.280171, 0.277355
1342632315985, 0.280148, 0.277333
1344469022299, 0.280129, 0.277315
1346305728614, 0.280105, 0.277288
1348142434928, 0.280079, 0.277264
1349979141243, 0.280050, 0.277231
1351815847558, 0.280029, 0.277210
1353652553872, 0.280016, 0.277196
1355489260187, 0.279994, 0.277176
1357325966501, 0.279966, 0.277150
1359162672816, 0.279939, 0.277126
1360999379131, 0.279929, 0.277114
1362836085445, 0.279900, 0.277095
1364672791760, 0.279880, 0.277076
1366509498075, 0.279863, 0.277057
1368346204389, 0.279836, 0.277032
1370182910704, 0.279817, 0.277015
1372019617018, 0.279788, 0.276990
1373856323333, 0.279769, 0.276969
1375693029648, 0.279749, 0.276951
1377529735962, 0.279732, 0.276932
1379366442277, 0.279712, 0.276911
1381203148591, 0.279693, 0.276891
1383039854906, 0.279682, 0.276878
1384876561221, 0.279662, 0.276861
1386713267535, 0.279644, 0.276844
1388549973850, 0.279614, 0.276818
1390386680165, 0.279594, 0.276800
1392223386479, 0.279576, 0.276778
1394060092794, 0.279557, 0.276759
1395896799108, 0.279530, 0.276731
1397733505423, 0.279513, 0.276715
1399570211738, 0.279495, 0.276702
1401406918052, 0.279476, 0.276683
1403243624367, 0.279465, 0.276668
1405080330682, 0.279453, 0.276658
1406917036996, 0.279436, 0.276639
1408753743311, 0.279419, 0.276619
1410590449625, 0.279400, 0.276600
1412427155940, 0.279373, 0.276585
1414263862255, 0.279357, 0.276567
1416100568569, 0.279341, 0.276550
1417937274884, 0.279324, 0.276533
1419773981198, 0.279302, 0.276514
1421610687513, 0.279288, 0.276499
1423447393828, 0.279277, 0.276485
1425284100142, 0.279260, 0.276469
1427120806457, 0.279240, 0.276453
1428957512772, 0.279218, 0.276430
1430794219086, 0.279202, 0.276413
1432630925401, 0.279179, 0.276394
1434467631715, 0.279159, 0.276377
1436304338030, 0.279152, 0.276369
1438141044345, 0.279133, 0.276351
1439977750659, 0.279120, 0.276339
1441814456974, 0.279105, 0.276323
1443651163288, 0.279087, 0.276303
1445487869603, 0.279075, 0.276290
1447324575918, 0.279061, 0.276274
1449161282232, 0.279049, 0.276264
1450997988547, 0.279039, 0.276252
1452834694862, 0.279020, 0.276234
1454671401176, 0.279002, 0.276218
1456508107491, 0.278989, 0.276205
1458344813805, 0.278970, 0.276189
1460181520120, 0.278949, 0.276168
1462018226435, 0.278926, 0.276148
1463854932749, 0.278910, 0.276134
1465691639064, 0.278896, 0.276117
1467528345378, 0.278881, 0.276100
1469365051693, 0.278871, 0.276088
1471201758008, 0.278859, 0.276073
1473038464322, 0.278848, 0.276062
1474875170637, 0.278839, 0.276051
1476711876952, 0.278820, 0.276033
1478548583266, 0.278807, 0.276022
1480385289581, 0.278792, 0.276007
1482221995895, 0.278770, 0.275987
1484058702210, 0.278754, 0.275973
1485895408525, 0.278739, 0.275958
1487732114839, 0.278729, 0.275948
1489568821154, 0.278717, 0.275935
1491405527469, 0.278712, 0.275926
1493242233783, 0.278692, 0.275909
1495078940098, 0.278681, 0.275894
1496915646412, 0.278673, 0.275886
1498752352727, 0.278668, 0.275881
1500589059042, 0.278652, 0.275867
1502425765356, 0.278641, 0.275854
1504262471671, 0.278631, 0.275845
1506099177985, 0.278615, 0.275831
1507935884300, 0.278601, 0.275819
1509772590615, 0.278585, 0.275805
1511609296929, 0.278568, 0.275792
1513446003244, 0.278556, 0.275781
1515282709559, 0.278544, 0.275767
1517119415873, 0.278537, 0.275759
1518956122188, 0.278526, 0.275747
1520792828502, 0.278513, 0.275735
1522629534817, 0.278496, 0.275722
1524466241132, 0.278483, 0.275710
1526302947446, 0.278473, 0.275700
1528139653761, 0.278467, 0.275693
1529976360075, 0.278454, 0.275680
1531813066390, 0.278439, 0.275665
1533649772705, 0.278425, 0.275649
1535486479019, 0.278416, 0.275639
1537323185334, 0.278409, 0.275634
1539159891649, 0.278398, 0.275623
1540996597963, 0.278389, 0.275612
1542833304278, 0.278381, 0.275602
1544670010592, 0.278372, 0.275588
1546506716907, 0.278361, 0.275580
1548343423222, 0.278350, 0.275568
1550180129536, 0.278342, 0.275557
1552016835851, 0.278329, 0.275546
1553853542165, 0.278319, 0.275534
1555690248480, 0.278312, 0.275528
1557526954795, 0.278303, 0.275521
1559363661109, 0.278298, 0.275515
1561200367424, 0.278289, 0.275504
1563037073739, 0.278277, 0.275493
1564873780053, 0.278268, 0.275483
1566710486368, 0.278256, 0.275473
1568547192682, 0.278250, 0.275463
1570383898997, 0.278240, 0.275453
1572220605312, 0.278230, 0.275444
1574057311626, 0.278224, 0.275437
1575894017941, 0.278209, 0.275425
1577730724256, 0.278201, 0.275416
1579567430570, 0.278188, 0.275402
1581404136885, 0.278179, 0.275392
1583240843199, 0.278171, 0.275383
1585077549514, 0.278159, 0.275372
1586914255829, 0.278153, 0.275364
1588750962143, 0.278144, 0.275354
1590587668458, 0.278134, 0.275343
1592424374772, 0.278123, 0.275333
1594261081087, 0.278119, 0.275327
1596097787402, 0.278106, 0.275314
1597934493716, 0.278099, 0.275305
1599771200031, 0.278091, 0.275295
1601607906346, 0.278085, 0.275288
1603444612660, 0.278076, 0.275279
1605281318975, 0.278074, 0.275276
1607118025289, 0.278069, 0.275270
1608954731604, 0.278059, 0.275261
1610791437919, 0.278050, 0.275252
1612628144233, 0.278042, 0.275244
1614464850548, 0.278034, 0.275235
1616301556862, 0.278027, 0.275228
1618138263177, 0.278019, 0.275221
1619974969492, 0.278007, 0.275209
1621811675806, 0.277997, 0.275202
1623648382121, 0.277990, 0.275194
1625485088436, 0.277979, 0.275185
1627321794750, 0.277970, 0.275176
1629158501065, 0.277963, 0.275169
1630995207379, 0.277959, 0.275164
1632831913694, 0.277951, 0.275156
1634668620009, 0.277947, 0.275151
1636505326323, 0.277938, 0.275143
1638342032638, 0.277932, 0.275138
1640178738952, 0.277924, 0.275131
1642015445267, 0.277917, 0.275125
1643852151582, 0.277901, 0.275115
1645688857896, 0.277893, 0.275108
1647525564211, 0.277888, 0.275102
1649362270526, 0.277872, 0.275088
1651198976840, 0.277867, 0.275080
1653035683155, 0.277863, 0.275076
1654872389469, 0.277856, 0.275070
1656709095784, 0.277848, 0.275062
1658545802099, 0.277846, 0.275059
1660382508413, 0.277836, 0.275048
1662219214728, 0.277826, 0.275039
1664055921043, 0.277820, 0.275032
1665892627357, 0.277814, 0.275026
1667729333672, 0.277813, 0.275026
1669566039986, 0.277807, 0.275021
1671402746301, 0.277801, 0.275016
1673239452616, 0.277797, 0.275011
1675076158930, 0.277789, 0.275002
1676912865245, 0.277782, 0.274997
1678749571559, 0.277777, 0.274993
1680586277874, 0.277772, 0.274986
1682422984189, 0.277767, 0.274981
1684259690503, 0.277761, 0.274973
1686096396818, 0.277749, 0.274964
1687933103133, 0.277744, 0.274958
1689769809447, 0.277737, 0.274950
1691606515762, 0.277732, 0.274946
1693443222076, 0.277726, 0.274940
1695279928391, 0.277723, 0.274936
1697116634706, 0.277721, 0.274933
1698953341020, 0.277719, 0.274931
1700790047335, 0.277712, 0.274923
1702626753649, 0.277710, 0.274920
1704463459964, 0.277708, 0.274918
1706300166279, 0.277702, 0.274911
1708136872593, 0.277697, 0.274906
1709973578908, 0.277693, 0.274902
1711810285223, 0.277688, 0.274898
1713646991537, 0.277686, 0.274896
1715483697852, 0.277681, 0.274892
1717320404166, 0.277676, 0.274887
1719157110481, 0.277666, 0.274877
1720993816796, 0.277665, 0.274876
1722830523110, 0.277662, 0.274872
1724667229425, 0.277660, 0.274869
1726503935739, 0.277655, 0.274864
1728340642054, 0.277651, 0.274858
1730177348369, 0.277644, 0.274852
1732014054683, 0.277633, 0.274844
1733850760998, 0.277633, 0.274843
1735687467313, 0.277625, 0.274836
1737524173627, 0.277622, 0.274833
1739360879942, 0.277614, 0.274827
1741197586256, 0.277613, 0.274825
1743034292571, 0.277611, 0.274823
1744870998886, 0.277610, 0.274821
1746707705200, 0.277607, 0.274819
1748544411515, 0.277603, 0.274814
1750381117830, 0.277602, 0.274812
1752217824144, 0.277601, 0.274810
1754054530459, 0.277600, 0.274808
1755891236773, 0.277598, 0.274806
1757727943088, 0.277596, 0.274804
1759564649403, 0.277594, 0.274801
1761401355717, 0.277592, 0.274798
1763238062032, 0.277590, 0.274795
1765074768346, 0.277587, 0.274792
1766911474661, 0.277585, 0.274791
1768748180976, 0.277584, 0.274789
1770584887290, 0.277582, 0.274786
1772421593605, 0.277581, 0.274786
1774258299920, 0.277579, 0.274784
1776095006234, 0.277576, 0.274781
1777931712549, 0.277573, 0.274779
1779768418863, 0.277569, 0.274775
1781605125178, 0.277563, 0.274771
1783441831493, 0.277563, 0.274771
1785278537807, 0.277559, 0.274767
1787115244122, 0.277557, 0.274765
1788951950436, 0.277555, 0.274763
1790788656751, 0.277555, 0.274762
1792625363066, 0.277552, 0.274759
1794462069380, 0.277547, 0.274755
1796298775695, 0.277545, 0.274755
1798135482010, 0.277543, 0.274754
1799972188324, 0.277541, 0.274752
1801808894639, 0.277539, 0.274749
1803645600953, 0.277539, 0.274749
1805482307268, 0.277529, 0.274748
1807319013583, 0.277528, 0.274747
1809155719897, 0.277526, 0.274745
1810992426212, 0.277526, 0.274744
1812829132526, 0.277525, 0.274744
1814665838841, 0.277524, 0.274742
1816502545156, 0.277524, 0.274742
1818339251470, 0.277523, 0.274741
1820175957785, 0.277522, 0.274740
1822012664100, 0.277522, 0.274740
1823849370414, 0.277521, 0.274739
1825686076729, 0.277521, 0.274738
1827522783043, 0.277521, 0.274738
1829359489358, 0.277517, 0.274735
1831196195673, 0.277516, 0.274735
1833032901987, 0.277515, 0.274733
1834869608302, 0.277515, 0.274733
1836706314617, 0.277514, 0.274732
Time used: 4092 ms
