logging to /opt/shards_res_1000/2016020600-2016020700_unique/tenant_6_profile_res-FIX_RATE-SHARDS-0.01.csvtracefile: /data1/tenant_trace/2016020600-2016020700_unique/tenant_6_trace
open file /data1/tenant_trace/2016020600-2016020700_unique/tenant_6_trace
read 1000000 lines
read 2000000 lines
read 3000000 lines
read 4000000 lines
read 5000000 lines
read 6000000 lines
read 7000000 lines
read 8000000 lines
read 9000000 lines
read 10000000 lines
read 11000000 lines
read 12000000 lines
read 13000000 lines
read 14000000 lines
read 15000000 lines
read 16000000 lines
read 17000000 lines
read 18000000 lines
read 19000000 lines
read 20000000 lines
read 21000000 lines
read 22000000 lines
read 23000000 lines
read 24000000 lines
read 25000000 lines
read 26000000 lines
read 27000000 lines
read 28000000 lines
read 29000000 lines
read 30000000 lines
read 31000000 lines
read 32000000 lines
read 33000000 lines
read 34000000 lines
read 35000000 lines
read 36000000 lines
read 37000000 lines
read 38000000 lines
read 39000000 lines
read 40000000 lines
read 41000000 lines
read 42000000 lines
read 43000000 lines
read 44000000 lines
read 45000000 lines
read 46000000 lines
read 47000000 lines
read 48000000 lines
read 49000000 lines
read 50000000 lines
read 51000000 lines
read 52000000 lines
read 53000000 lines
read 54000000 lines
read 55000000 lines
read 56000000 lines
read 57000000 lines
read 58000000 lines
read 59000000 lines
read 60000000 lines
read 61000000 lines
read 62000000 lines
read 63000000 lines
read 64000000 lines
read 65000000 lines
read 66000000 lines
read 67000000 lines
read 68000000 lines
read 69000000 lines
read 70000000 lines
read 71000000 lines
read 72000000 lines
read 73000000 lines
read 74000000 lines
read 75000000 lines
read 76000000 lines
read 77000000 lines
read 78000000 lines
read 79000000 lines
read 80000000 lines
read 81000000 lines
read 82000000 lines
read 83000000 lines
read 84000000 lines
read 85000000 lines
read 86000000 lines
read 87000000 lines
read 88000000 lines
read 89000000 lines
read 90000000 lines
read 91000000 lines
read 92000000 lines
read 93000000 lines
read 94000000 lines
[FILE]: /data1/tenant_trace/2016020600-2016020700_unique/tenant_6_trace
total_access_num: 94884261
total_access_size: 10747467490989
unique_access_num: 33868358
unique_access_size: 3096631572977
min_item_size: 1
[method]: SHARDS
[metric]: MAE
[seed]: 42
[sample_method]: FIX_RATE
[sample_metric]: 0.01
MAEQ_factor: 1.029209
cache_size, BMRC_ratio, OMRC_ratio
3096631572, 0.844316, 0.878240
6193263145, 0.810620, 0.852887
9289894718, 0.785750, 0.833394
12386526291, 0.765611, 0.817535
15483157864, 0.749473, 0.803697
18579789437, 0.734607, 0.791438
21676421010, 0.721009, 0.780048
24773052583, 0.709209, 0.769692
27869684156, 0.698346, 0.760205
30966315729, 0.688184, 0.751477
34062947302, 0.678565, 0.743066
37159578875, 0.669812, 0.735298
40256210448, 0.662091, 0.727993
43352842021, 0.653794, 0.720904
46449473594, 0.646739, 0.714386
49546105167, 0.640063, 0.708083
52642736740, 0.633885, 0.702056
55739368313, 0.627766, 0.696347
58835999886, 0.621663, 0.690721
61932631459, 0.615945, 0.685312
65029263032, 0.610347, 0.680072
68125894605, 0.604918, 0.675035
71222526178, 0.599917, 0.670189
74319157751, 0.594883, 0.665487
77415789324, 0.590221, 0.661039
80512420897, 0.585406, 0.656645
83609052470, 0.580847, 0.652356
86705684043, 0.576680, 0.648183
89802315616, 0.572995, 0.644259
92898947189, 0.569099, 0.640272
95995578762, 0.565252, 0.636520
99092210335, 0.561391, 0.632686
102188841908, 0.557636, 0.629165
105285473481, 0.554153, 0.625676
108382105054, 0.550748, 0.622274
111478736627, 0.547361, 0.618958
114575368200, 0.544113, 0.615789
117671999773, 0.540937, 0.612617
120768631346, 0.537356, 0.609483
123865262919, 0.534112, 0.606533
126961894492, 0.530820, 0.603578
130058526065, 0.527829, 0.600686
133155157638, 0.524735, 0.597828
136251789210, 0.521809, 0.594999
139348420783, 0.518688, 0.592188
142445052356, 0.515907, 0.589534
145541683929, 0.513193, 0.586921
148638315502, 0.510540, 0.584384
151734947075, 0.508195, 0.581949
154831578648, 0.505699, 0.579472
157928210221, 0.503137, 0.577050
161024841794, 0.500735, 0.574596
164121473367, 0.498345, 0.572365
167218104940, 0.496236, 0.570137
170314736513, 0.494115, 0.567880
173411368086, 0.492026, 0.565683
176507999659, 0.489771, 0.563613
179604631232, 0.487861, 0.561569
182701262805, 0.485541, 0.559547
185797894378, 0.483724, 0.557543
188894525951, 0.481716, 0.555492
191991157524, 0.479686, 0.553450
195087789097, 0.477871, 0.551565
198184420670, 0.476005, 0.549739
201281052243, 0.474160, 0.547799
204377683816, 0.472395, 0.545959
207474315389, 0.470485, 0.544129
210570946962, 0.468704, 0.542353
213667578535, 0.467152, 0.540724
216764210108, 0.465459, 0.539064
219860841681, 0.463955, 0.537364
222957473254, 0.462248, 0.535665
226054104827, 0.460728, 0.534063
229150736400, 0.459087, 0.532471
232247367973, 0.457500, 0.530880
235343999546, 0.455861, 0.529240
238440631119, 0.454260, 0.527659
241537262692, 0.452747, 0.526194
244633894265, 0.451320, 0.524707
247730525838, 0.449789, 0.523177
250827157411, 0.448429, 0.521751
253923788984, 0.447017, 0.520346
257020420557, 0.445710, 0.518941
260117052130, 0.444368, 0.517556
263213683703, 0.442868, 0.516198
266310315276, 0.441554, 0.514797
269406946848, 0.440342, 0.513405
272503578421, 0.439138, 0.512084
275600209994, 0.438058, 0.510799
278696841567, 0.436777, 0.509522
281793473140, 0.435517, 0.508297
284890104713, 0.434234, 0.507012
287986736286, 0.433068, 0.505857
291083367859, 0.431759, 0.504560
294179999432, 0.430522, 0.503365
297276631005, 0.429301, 0.502145
300373262578, 0.428154, 0.500944
303469894151, 0.426861, 0.499799
306566525724, 0.425948, 0.498692
309663157297, 0.424753, 0.497542
312759788870, 0.423717, 0.496451
315856420443, 0.422516, 0.495334
318953052016, 0.421417, 0.494235
322049683589, 0.420255, 0.493097
325146315162, 0.419177, 0.492036
328242946735, 0.417974, 0.490971
331339578308, 0.416776, 0.489912
334436209881, 0.415658, 0.488863
337532841454, 0.414565, 0.487893
340629473027, 0.413545, 0.486905
343726104600, 0.412516, 0.485991
346822736173, 0.411656, 0.485027
349919367746, 0.410616, 0.484036
353015999319, 0.409736, 0.483036
356112630892, 0.408868, 0.482107
359209262465, 0.407964, 0.481123
362305894038, 0.406992, 0.480202
365402525611, 0.406162, 0.479308
368499157184, 0.405390, 0.478424
371595788757, 0.404391, 0.477490
374692420330, 0.403554, 0.476620
377789051903, 0.402690, 0.475728
380885683476, 0.401822, 0.474912
383982315049, 0.400940, 0.474015
387078946622, 0.400014, 0.473106
390175578195, 0.399151, 0.472249
393272209768, 0.398341, 0.471400
396368841341, 0.397621, 0.470580
399465472914, 0.396761, 0.469759
402562104487, 0.395933, 0.468974
405658736059, 0.395028, 0.468174
408755367632, 0.394164, 0.467403
411851999205, 0.393295, 0.466634
414948630778, 0.392521, 0.465834
418045262351, 0.391896, 0.465102
421141893924, 0.391089, 0.464324
424238525497, 0.390248, 0.463552
427335157070, 0.389518, 0.462761
430431788643, 0.388871, 0.461996
433528420216, 0.388155, 0.461246
436625051789, 0.387540, 0.460503
439721683362, 0.386865, 0.459752
442818314935, 0.386175, 0.459032
445914946508, 0.385539, 0.458325
449011578081, 0.384910, 0.457668
452108209654, 0.384306, 0.456964
455204841227, 0.383592, 0.456273
458301472800, 0.383047, 0.455604
461398104373, 0.382451, 0.454937
464494735946, 0.381636, 0.454243
467591367519, 0.381011, 0.453568
470687999092, 0.380442, 0.452924
473784630665, 0.379830, 0.452253
476881262238, 0.379309, 0.451655
479977893811, 0.378572, 0.451026
483074525384, 0.377994, 0.450378
486171156957, 0.377410, 0.449729
489267788530, 0.376845, 0.449127
492364420103, 0.376117, 0.448528
495461051676, 0.375455, 0.447917
498557683249, 0.374897, 0.447276
501654314822, 0.374185, 0.446672
504750946395, 0.373657, 0.446056
507847577968, 0.373077, 0.445440
510944209541, 0.372495, 0.444843
514040841114, 0.371927, 0.444270
517137472687, 0.371370, 0.443693
520234104260, 0.370754, 0.443132
523330735833, 0.370161, 0.442588
526427367406, 0.369574, 0.442019
529523998979, 0.369090, 0.441494
532620630552, 0.368575, 0.440956
535717262125, 0.368016, 0.440411
538813893697, 0.367522, 0.439872
541910525270, 0.367013, 0.439333
545007156843, 0.366347, 0.438815
548103788416, 0.365884, 0.438306
551200419989, 0.365439, 0.437802
554297051562, 0.364983, 0.437309
557393683135, 0.364488, 0.436778
560490314708, 0.364023, 0.436274
563586946281, 0.363458, 0.435756
566683577854, 0.362981, 0.435283
569780209427, 0.362422, 0.434770
572876841000, 0.361951, 0.434265
575973472573, 0.361489, 0.433735
579070104146, 0.361031, 0.433237
582166735719, 0.360605, 0.432769
585263367292, 0.360189, 0.432303
588359998865, 0.359767, 0.431832
591456630438, 0.359268, 0.431378
594553262011, 0.358842, 0.430940
597649893584, 0.358386, 0.430495
600746525157, 0.357867, 0.430025
603843156730, 0.357437, 0.429577
606939788303, 0.357023, 0.429136
610036419876, 0.356550, 0.428661
613133051449, 0.356074, 0.428230
616229683022, 0.355716, 0.427814
619326314595, 0.355115, 0.427375
622422946168, 0.354706, 0.426931
625519577741, 0.354353, 0.426507
628616209314, 0.353896, 0.426069
631712840887, 0.353455, 0.425620
634809472460, 0.353050, 0.425210
637906104033, 0.352655, 0.424786
641002735606, 0.352278, 0.424385
644099367179, 0.351817, 0.423962
647195998752, 0.351326, 0.423536
650292630325, 0.350822, 0.423092
653389261898, 0.350511, 0.422727
656485893471, 0.350127, 0.422306
659582525044, 0.349805, 0.421925
662679156617, 0.349390, 0.421528
665775788190, 0.348948, 0.421160
668872419763, 0.348607, 0.420784
671969051336, 0.348180, 0.420390
675065682908, 0.347701, 0.419980
678162314481, 0.347390, 0.419610
681258946054, 0.347090, 0.419232
684355577627, 0.346796, 0.418884
687452209200, 0.346507, 0.418554
690548840773, 0.346106, 0.418159
693645472346, 0.345754, 0.417776
696742103919, 0.345291, 0.417420
699838735492, 0.344927, 0.417096
702935367065, 0.344475, 0.416705
706031998638, 0.344050, 0.416321
709128630211, 0.343761, 0.415935
712225261784, 0.343454, 0.415607
715321893357, 0.343097, 0.415277
718418524930, 0.342813, 0.414944
721515156503, 0.342464, 0.414606
724611788076, 0.342211, 0.414284
727708419649, 0.341931, 0.413979
730805051222, 0.341642, 0.413633
733901682795, 0.341191, 0.413289
736998314368, 0.340915, 0.412953
740094945941, 0.340562, 0.412649
743191577514, 0.340204, 0.412322
746288209087, 0.339918, 0.411971
749384840660, 0.339668, 0.411663
752481472233, 0.339351, 0.411342
755578103806, 0.339071, 0.411049
758674735379, 0.338706, 0.410702
761771366952, 0.338432, 0.410382
764867998525, 0.338152, 0.410080
767964630098, 0.337899, 0.409778
771061261671, 0.337653, 0.409462
774157893244, 0.337368, 0.409164
777254524817, 0.337022, 0.408866
780351156390, 0.336677, 0.408584
783447787963, 0.336447, 0.408287
786544419536, 0.336093, 0.407982
789641051109, 0.335871, 0.407694
792737682682, 0.335672, 0.407405
795834314255, 0.335383, 0.407132
798930945828, 0.335008, 0.406809
802027577401, 0.334751, 0.406539
805124208974, 0.334533, 0.406289
808220840546, 0.334147, 0.406001
811317472119, 0.333907, 0.405737
814414103692, 0.333642, 0.405498
817510735265, 0.333370, 0.405190
820607366838, 0.333124, 0.404923
823703998411, 0.332839, 0.404656
826800629984, 0.332656, 0.404407
829897261557, 0.332375, 0.404120
832993893130, 0.332110, 0.403858
836090524703, 0.331870, 0.403588
839187156276, 0.331477, 0.403301
842283787849, 0.331180, 0.403010
845380419422, 0.330943, 0.402757
848477050995, 0.330763, 0.402520
851573682568, 0.330521, 0.402281
854670314141, 0.330281, 0.402017
857766945714, 0.330008, 0.401767
860863577287, 0.329776, 0.401540
863960208860, 0.329616, 0.401314
867056840433, 0.329411, 0.401080
870153472006, 0.329182, 0.400839
873250103579, 0.328971, 0.400604
876346735152, 0.328720, 0.400339
879443366725, 0.328527, 0.400082
882539998298, 0.328287, 0.399823
885636629871, 0.328075, 0.399588
888733261444, 0.327866, 0.399318
891829893017, 0.327692, 0.399074
894926524590, 0.327448, 0.398818
898023156163, 0.327175, 0.398557
901119787736, 0.327004, 0.398355
904216419309, 0.326761, 0.398130
907313050882, 0.326564, 0.397890
910409682455, 0.326340, 0.397670
913506314028, 0.326133, 0.397448
916602945601, 0.325939, 0.397232
919699577174, 0.325729, 0.397016
922796208747, 0.325496, 0.396783
925892840320, 0.325305, 0.396543
928989471893, 0.325157, 0.396345
932086103466, 0.324973, 0.396146
935182735039, 0.324797, 0.395961
938279366612, 0.324552, 0.395733
941375998185, 0.324341, 0.395512
944472629757, 0.324166, 0.395311
947569261330, 0.323967, 0.395086
950665892903, 0.323745, 0.394886
953762524476, 0.323552, 0.394670
956859156049, 0.323382, 0.394489
959955787622, 0.323207, 0.394252
963052419195, 0.322990, 0.394049
966149050768, 0.322789, 0.393811
969245682341, 0.322607, 0.393613
972342313914, 0.322388, 0.393430
975438945487, 0.322266, 0.393263
978535577060, 0.322107, 0.393056
981632208633, 0.321949, 0.392893
984728840206, 0.321766, 0.392716
987825471779, 0.321573, 0.392524
990922103352, 0.321376, 0.392345
994018734925, 0.321164, 0.392145
997115366498, 0.320910, 0.391953
1000211998071, 0.320743, 0.391762
1003308629644, 0.320486, 0.391541
1006405261217, 0.320321, 0.391349
1009501892790, 0.320166, 0.391163
1012598524363, 0.319998, 0.390979
1015695155936, 0.319852, 0.390813
1018791787509, 0.319710, 0.390627
1021888419082, 0.319567, 0.390457
1024985050655, 0.319402, 0.390285
1028081682228, 0.319232, 0.390133
1031178313801, 0.319080, 0.389935
1034274945374, 0.318932, 0.389779
1037371576947, 0.318771, 0.389617
1040468208520, 0.318603, 0.389425
1043564840093, 0.318427, 0.389240
1046661471666, 0.318306, 0.389081
1049758103239, 0.318177, 0.388920
1052854734812, 0.318050, 0.388777
1055951366385, 0.317859, 0.388612
1059047997958, 0.317710, 0.388428
1062144629531, 0.317546, 0.388256
1065241261104, 0.317378, 0.388109
1068337892677, 0.317259, 0.387956
1071434524250, 0.317095, 0.387780
1074531155823, 0.316931, 0.387616
1077627787395, 0.316684, 0.387432
1080724418968, 0.316548, 0.387292
1083821050541, 0.316405, 0.387167
1086917682114, 0.316300, 0.387013
1090014313687, 0.316181, 0.386854
1093110945260, 0.316030, 0.386684
1096207576833, 0.315908, 0.386527
1099304208406, 0.315730, 0.386369
1102400839979, 0.315601, 0.386235
1105497471552, 0.315425, 0.386082
1108594103125, 0.315285, 0.385934
1111690734698, 0.315163, 0.385774
1114787366271, 0.315003, 0.385626
1117883997844, 0.314850, 0.385485
1120980629417, 0.314711, 0.385339
1124077260990, 0.314585, 0.385198
1127173892563, 0.314441, 0.385068
1130270524136, 0.314305, 0.384913
1133367155709, 0.314117, 0.384769
1136463787282, 0.313972, 0.384635
1139560418855, 0.313823, 0.384500
1142657050428, 0.313703, 0.384355
1145753682001, 0.313582, 0.384211
1148850313574, 0.313473, 0.384091
1151946945147, 0.313336, 0.383951
1155043576720, 0.313209, 0.383797
1158140208293, 0.313099, 0.383672
1161236839866, 0.312952, 0.383541
1164333471439, 0.312836, 0.383401
1167430103012, 0.312693, 0.383282
1170526734585, 0.312588, 0.383144
1173623366158, 0.312489, 0.383013
1176719997731, 0.312382, 0.382885
1179816629304, 0.312273, 0.382753
1182913260877, 0.312167, 0.382613
1186009892450, 0.312055, 0.382474
1189106524023, 0.311944, 0.382329
1192203155596, 0.311812, 0.382205
1195299787169, 0.311700, 0.382085
1198396418742, 0.311595, 0.381952
1201493050315, 0.311501, 0.381834
1204589681888, 0.311410, 0.381711
1207686313461, 0.311318, 0.381577
1210782945034, 0.311190, 0.381467
1213879576606, 0.311081, 0.381350
1216976208179, 0.310961, 0.381213
1220072839752, 0.310847, 0.381086
1223169471325, 0.310684, 0.380957
1226266102898, 0.310570, 0.380836
1229362734471, 0.310451, 0.380714
1232459366044, 0.310394, 0.380630
1235555997617, 0.310271, 0.380504
1238652629190, 0.310182, 0.380375
1241749260763, 0.310058, 0.380248
1244845892336, 0.309924, 0.380136
1247942523909, 0.309810, 0.380006
1251039155482, 0.309716, 0.379882
1254135787055, 0.309618, 0.379760
1257232418628, 0.309499, 0.379645
1260329050201, 0.309399, 0.379523
1263425681774, 0.309314, 0.379407
1266522313347, 0.309223, 0.379291
1269618944920, 0.309094, 0.379173
1272715576493, 0.308946, 0.379064
1275812208066, 0.308733, 0.378936
1278908839639, 0.308666, 0.378830
1282005471212, 0.308544, 0.378718
1285102102785, 0.308465, 0.378631
1288198734358, 0.308357, 0.378552
1291295365931, 0.308266, 0.378449
1294391997504, 0.308141, 0.378333
1297488629077, 0.308022, 0.378241
1300585260650, 0.307953, 0.378151
1303681892223, 0.307876, 0.378044
1306778523796, 0.307774, 0.377925
1309875155369, 0.307660, 0.377831
1312971786942, 0.307590, 0.377726
1316068418515, 0.307517, 0.377621
1319165050088, 0.307407, 0.377509
1322261681661, 0.307331, 0.377421
1325358313234, 0.307180, 0.377291
1328454944807, 0.307090, 0.377183
1331551576380, 0.307019, 0.377073
1334648207953, 0.306941, 0.376983
1337744839526, 0.306858, 0.376883
1340841471099, 0.306714, 0.376781
1343938102672, 0.306636, 0.376675
1347034734244, 0.306545, 0.376568
1350131365817, 0.306483, 0.376478
1353227997390, 0.306385, 0.376369
1356324628963, 0.306316, 0.376280
1359421260536, 0.306229, 0.376177
1362517892109, 0.306158, 0.376094
1365614523682, 0.306059, 0.375977
1368711155255, 0.305972, 0.375868
1371807786828, 0.305907, 0.375786
1374904418401, 0.305841, 0.375683
1378001049974, 0.305748, 0.375587
1381097681547, 0.305673, 0.375493
1384194313120, 0.305613, 0.375409
1387290944693, 0.305537, 0.375317
1390387576266, 0.305473, 0.375241
1393484207839, 0.305386, 0.375145
1396580839412, 0.305307, 0.375062
1399677470985, 0.305219, 0.374971
1402774102558, 0.305147, 0.374881
1405870734131, 0.305037, 0.374789
1408967365704, 0.304946, 0.374698
1412063997277, 0.304808, 0.374590
1415160628850, 0.304694, 0.374508
1418257260423, 0.304617, 0.374416
1421353891996, 0.304546, 0.374327
1424450523569, 0.304459, 0.374253
1427547155142, 0.304400, 0.374162
1430643786715, 0.304330, 0.374092
1433740418288, 0.304211, 0.374006
1436837049861, 0.304133, 0.373933
1439933681434, 0.304040, 0.373842
1443030313007, 0.303932, 0.373762
1446126944580, 0.303857, 0.373685
1449223576153, 0.303789, 0.373598
1452320207726, 0.303726, 0.373517
1455416839299, 0.303663, 0.373438
1458513470872, 0.303622, 0.373374
1461610102445, 0.303561, 0.373282
1464706734018, 0.303502, 0.373197
1467803365591, 0.303327, 0.373125
1470899997164, 0.303271, 0.373053
1473996628737, 0.303212, 0.372970
1477093260310, 0.303146, 0.372904
1480189891883, 0.303070, 0.372818
1483286523455, 0.303007, 0.372733
1486383155028, 0.302866, 0.372644
1489479786601, 0.302796, 0.372562
1492576418174, 0.302742, 0.372471
1495673049747, 0.302680, 0.372392
1498769681320, 0.302581, 0.372328
1501866312893, 0.302535, 0.372253
1504962944466, 0.302491, 0.372183
1508059576039, 0.302404, 0.372103
1511156207612, 0.302348, 0.372035
1514252839185, 0.302294, 0.371967
1517349470758, 0.302210, 0.371889
1520446102331, 0.302134, 0.371813
1523542733904, 0.302078, 0.371745
1526639365477, 0.301970, 0.371655
1529735997050, 0.301915, 0.371581
1532832628623, 0.301861, 0.371509
1535929260196, 0.301770, 0.371426
1539025891769, 0.301679, 0.371346
1542122523342, 0.301623, 0.371282
1545219154915, 0.301517, 0.371209
1548315786488, 0.301422, 0.371144
1551412418061, 0.301381, 0.371072
1554509049634, 0.301297, 0.371002
1557605681207, 0.301232, 0.370923
1560702312780, 0.301173, 0.370852
1563798944353, 0.301110, 0.370786
1566895575926, 0.301071, 0.370719
1569992207499, 0.300935, 0.370658
1573088839072, 0.300893, 0.370595
1576185470645, 0.300842, 0.370524
1579282102218, 0.300768, 0.370454
1582378733791, 0.300706, 0.370367
1585475365364, 0.300645, 0.370304
1588571996937, 0.300541, 0.370227
1591668628510, 0.300510, 0.370175
1594765260083, 0.300413, 0.370105
1597861891656, 0.300324, 0.370037
1600958523229, 0.300244, 0.369969
1604055154802, 0.300174, 0.369891
1607151786375, 0.300139, 0.369833
1610248417948, 0.300100, 0.369770
1613345049521, 0.300036, 0.369703
1616441681093, 0.299984, 0.369647
1619538312666, 0.299925, 0.369587
1622634944239, 0.299867, 0.369523
1625731575812, 0.299801, 0.369467
1628828207385, 0.299747, 0.369400
1631924838958, 0.299661, 0.369340
1635021470531, 0.299595, 0.369273
1638118102104, 0.299506, 0.369216
1641214733677, 0.299463, 0.369154
1644311365250, 0.299394, 0.369087
1647407996823, 0.299334, 0.369009
1650504628396, 0.299287, 0.368948
1653601259969, 0.299189, 0.368878
1656697891542, 0.299129, 0.368819
1659794523115, 0.299079, 0.368763
1662891154688, 0.299029, 0.368692
1665987786261, 0.298973, 0.368638
1669084417834, 0.298905, 0.368580
1672181049407, 0.298836, 0.368508
1675277680980, 0.298753, 0.368445
1678374312553, 0.298715, 0.368383
1681470944126, 0.298674, 0.368323
1684567575699, 0.298577, 0.368247
1687664207272, 0.298533, 0.368189
1690760838845, 0.298484, 0.368139
1693857470418, 0.298433, 0.368088
1696954101991, 0.298401, 0.368040
1700050733564, 0.298361, 0.367984
1703147365137, 0.298323, 0.367932
1706243996710, 0.298280, 0.367876
1709340628283, 0.298216, 0.367820
1712437259856, 0.298180, 0.367768
1715533891429, 0.298138, 0.367710
1718630523002, 0.298093, 0.367660
1721727154575, 0.298047, 0.367597
1724823786148, 0.298002, 0.367545
1727920417721, 0.297966, 0.367497
1731017049294, 0.297905, 0.367442
1734113680867, 0.297859, 0.367391
1737210312440, 0.297817, 0.367335
1740306944013, 0.297754, 0.367278
1743403575586, 0.297719, 0.367231
1746500207159, 0.297641, 0.367185
1749596838732, 0.297606, 0.367125
1752693470304, 0.297539, 0.367066
1755790101877, 0.297505, 0.367018
1758886733450, 0.297459, 0.366953
1761983365023, 0.297385, 0.366903
1765079996596, 0.297312, 0.366852
1768176628169, 0.297266, 0.366803
1771273259742, 0.297240, 0.366764
1774369891315, 0.297216, 0.366731
1777466522888, 0.297173, 0.366669
1780563154461, 0.297129, 0.366616
1783659786034, 0.297038, 0.366557
1786756417607, 0.296984, 0.366517
1789853049180, 0.296916, 0.366487
1792949680753, 0.296837, 0.366430
1796046312326, 0.296801, 0.366379
1799142943899, 0.296767, 0.366327
1802239575472, 0.296737, 0.366282
1805336207045, 0.296693, 0.366239
1808432838618, 0.296636, 0.366200
1811529470191, 0.296554, 0.366161
1814626101764, 0.296513, 0.366109
1817722733337, 0.296449, 0.366057
1820819364910, 0.296393, 0.366009
1823915996483, 0.296358, 0.365966
1827012628056, 0.296332, 0.365927
1830109259629, 0.296287, 0.365892
1833205891202, 0.296180, 0.365845
1836302522775, 0.296141, 0.365807
1839399154348, 0.296098, 0.365766
1842495785921, 0.296072, 0.365723
1845592417494, 0.296037, 0.365676
1848689049067, 0.295998, 0.365637
1851785680640, 0.295965, 0.365592
1854882312213, 0.295938, 0.365559
1857978943786, 0.295912, 0.365517
1861075575359, 0.295893, 0.365488
1864172206932, 0.295860, 0.365441
1867268838505, 0.295781, 0.365394
1870365470078, 0.295757, 0.365356
1873462101651, 0.295726, 0.365314
1876558733224, 0.295695, 0.365269
1879655364797, 0.295669, 0.365228
1882751996370, 0.295626, 0.365175
1885848627942, 0.295599, 0.365139
1888945259515, 0.295546, 0.365088
1892041891088, 0.295522, 0.365053
1895138522661, 0.295490, 0.365012
1898235154234, 0.295453, 0.364969
1901331785807, 0.295411, 0.364921
1904428417380, 0.295379, 0.364884
1907525048953, 0.295341, 0.364839
1910621680526, 0.295315, 0.364802
1913718312099, 0.295285, 0.364767
1916814943672, 0.295261, 0.364729
1919911575245, 0.295229, 0.364696
1923008206818, 0.295189, 0.364654
1926104838391, 0.295164, 0.364613
1929201469964, 0.295103, 0.364568
1932298101537, 0.295071, 0.364524
1935394733110, 0.295048, 0.364491
1938491364683, 0.295023, 0.364457
1941587996256, 0.294991, 0.364417
1944684627829, 0.294968, 0.364384
1947781259402, 0.294943, 0.364348
1950877890975, 0.294905, 0.364312
1953974522548, 0.294846, 0.364281
1957071154121, 0.294820, 0.364235
1960167785694, 0.294797, 0.364204
1963264417267, 0.294758, 0.364165
1966361048840, 0.294734, 0.364127
1969457680413, 0.294700, 0.364081
1972554311986, 0.294675, 0.364045
1975650943559, 0.294650, 0.364014
1978747575132, 0.294617, 0.363976
1981844206705, 0.294575, 0.363936
1984940838278, 0.294542, 0.363899
1988037469851, 0.294485, 0.363861
1991134101424, 0.294442, 0.363818
1994230732997, 0.294395, 0.363779
1997327364570, 0.294365, 0.363748
2000423996143, 0.294342, 0.363713
2003520627716, 0.294302, 0.363676
2006617259289, 0.294241, 0.363624
2009713890862, 0.294209, 0.363588
2012810522435, 0.294182, 0.363552
2015907154008, 0.294154, 0.363508
2019003785581, 0.294039, 0.363465
2022100417153, 0.293995, 0.363440
2025197048726, 0.293965, 0.363407
2028293680299, 0.293946, 0.363384
2031390311872, 0.293923, 0.363354
2034486943445, 0.293892, 0.363304
2037583575018, 0.293870, 0.363263
2040680206591, 0.293826, 0.363224
2043776838164, 0.293803, 0.363189
2046873469737, 0.293769, 0.363149
2049970101310, 0.293753, 0.363117
2053066732883, 0.293735, 0.363092
2056163364456, 0.293711, 0.363058
2059259996029, 0.293665, 0.363021
2062356627602, 0.293643, 0.362989
2065453259175, 0.293623, 0.362952
2068549890748, 0.293584, 0.362910
2071646522321, 0.293540, 0.362871
2074743153894, 0.293512, 0.362831
2077839785467, 0.293477, 0.362793
2080936417040, 0.293453, 0.362753
2084033048613, 0.293430, 0.362721
2087129680186, 0.293416, 0.362697
2090226311759, 0.293401, 0.362673
2093322943332, 0.293378, 0.362637
2096419574905, 0.293355, 0.362601
2099516206478, 0.293335, 0.362574
2102612838051, 0.293313, 0.362549
2105709469624, 0.293285, 0.362516
2108806101197, 0.293268, 0.362485
2111902732770, 0.293251, 0.362459
2114999364343, 0.293232, 0.362434
2118095995916, 0.293210, 0.362403
2121192627489, 0.293187, 0.362378
2124289259062, 0.293157, 0.362341
2127385890635, 0.293139, 0.362312
2130482522208, 0.293115, 0.362274
2133579153781, 0.293096, 0.362248
2136675785354, 0.293077, 0.362224
2139772416927, 0.293050, 0.362197
2142869048500, 0.293018, 0.362169
2145965680073, 0.292993, 0.362132
2149062311646, 0.292970, 0.362108
2152158943219, 0.292921, 0.362078
2155255574791, 0.292893, 0.362048
2158352206364, 0.292876, 0.362020
2161448837937, 0.292815, 0.361990
2164545469510, 0.292795, 0.361957
2167642101083, 0.292781, 0.361934
2170738732656, 0.292764, 0.361906
2173835364229, 0.292755, 0.361891
2176931995802, 0.292740, 0.361867
2180028627375, 0.292715, 0.361840
2183125258948, 0.292692, 0.361812
2186221890521, 0.292645, 0.361783
2189318522094, 0.292626, 0.361756
2192415153667, 0.292605, 0.361725
2195511785240, 0.292587, 0.361698
2198608416813, 0.292570, 0.361673
2201705048386, 0.292548, 0.361641
2204801679959, 0.292529, 0.361611
2207898311532, 0.292512, 0.361591
2210994943105, 0.292491, 0.361565
2214091574678, 0.292473, 0.361534
2217188206251, 0.292453, 0.361511
2220284837824, 0.292438, 0.361489
2223381469397, 0.292427, 0.361473
2226478100970, 0.292411, 0.361449
2229574732543, 0.292393, 0.361430
2232671364116, 0.292375, 0.361403
2235767995689, 0.292347, 0.361366
2238864627262, 0.292321, 0.361332
2241961258835, 0.292266, 0.361306
2245057890408, 0.292248, 0.361279
2248154521981, 0.292233, 0.361256
2251251153554, 0.292206, 0.361229
2254347785127, 0.292191, 0.361208
2257444416700, 0.292157, 0.361179
2260541048273, 0.292143, 0.361168
2263637679846, 0.292128, 0.361144
2266734311419, 0.292115, 0.361119
2269830942992, 0.292104, 0.361102
2272927574565, 0.292085, 0.361073
2276024206138, 0.292075, 0.361057
2279120837711, 0.292056, 0.361030
2282217469284, 0.292043, 0.361010
2285314100857, 0.292024, 0.360984
2288410732430, 0.292010, 0.360962
2291507364002, 0.291998, 0.360943
2294603995575, 0.291984, 0.360925
2297700627148, 0.291958, 0.360897
2300797258721, 0.291946, 0.360875
2303893890294, 0.291938, 0.360862
2306990521867, 0.291923, 0.360838
2310087153440, 0.291909, 0.360819
2313183785013, 0.291885, 0.360788
2316280416586, 0.291865, 0.360763
2319377048159, 0.291832, 0.360724
2322473679732, 0.291814, 0.360692
2325570311305, 0.291798, 0.360675
2328666942878, 0.291785, 0.360653
2331763574451, 0.291769, 0.360632
2334860206024, 0.291746, 0.360603
2337956837597, 0.291734, 0.360585
2341053469170, 0.291712, 0.360562
2344150100743, 0.291699, 0.360537
2347246732316, 0.291685, 0.360516
2350343363889, 0.291668, 0.360494
2353439995462, 0.291652, 0.360471
2356536627035, 0.291639, 0.360454
2359633258608, 0.291627, 0.360429
2362729890181, 0.291615, 0.360411
2365826521754, 0.291603, 0.360396
2368923153327, 0.291594, 0.360379
2372019784900, 0.291580, 0.360362
2375116416473, 0.291564, 0.360340
2378213048046, 0.291548, 0.360312
2381309679619, 0.291543, 0.360301
2384406311192, 0.291532, 0.360288
2387502942765, 0.291528, 0.360278
2390599574338, 0.291452, 0.360254
2393696205911, 0.291432, 0.360226
2396792837484, 0.291413, 0.360209
2399889469057, 0.291402, 0.360190
2402986100630, 0.291350, 0.360177
2406082732203, 0.291340, 0.360161
2409179363776, 0.291322, 0.360132
2412275995349, 0.291264, 0.360111
2415372626922, 0.291250, 0.360092
2418469258495, 0.291216, 0.360068
2421565890068, 0.291202, 0.360052
2424662521640, 0.291195, 0.360040
2427759153213, 0.291182, 0.360019
2430855784786, 0.291163, 0.359996
2433952416359, 0.291151, 0.359982
2437049047932, 0.291140, 0.359965
2440145679505, 0.291131, 0.359949
2443242311078, 0.291077, 0.359933
2446338942651, 0.291059, 0.359919
2449435574224, 0.291047, 0.359900
2452532205797, 0.291034, 0.359880
2455628837370, 0.291016, 0.359860
2458725468943, 0.291003, 0.359846
2461822100516, 0.290992, 0.359832
2464918732089, 0.290983, 0.359819
2468015363662, 0.290948, 0.359800
2471111995235, 0.290939, 0.359786
2474208626808, 0.290925, 0.359766
2477305258381, 0.290914, 0.359750
2480401889954, 0.290902, 0.359735
2483498521527, 0.290896, 0.359726
2486595153100, 0.290874, 0.359714
2489691784673, 0.290866, 0.359703
2492788416246, 0.290816, 0.359689
2495885047819, 0.290808, 0.359675
2498981679392, 0.290790, 0.359656
2502078310965, 0.290776, 0.359640
2505174942538, 0.290730, 0.359625
2508271574111, 0.290709, 0.359607
2511368205684, 0.290704, 0.359595
2514464837257, 0.290696, 0.359581
2517561468830, 0.290689, 0.359572
2520658100403, 0.290669, 0.359552
2523754731976, 0.290655, 0.359535
2526851363549, 0.290636, 0.359520
2529947995122, 0.290625, 0.359505
2533044626695, 0.290608, 0.359483
2536141258268, 0.290594, 0.359461
2539237889841, 0.290582, 0.359442
2542334521414, 0.290572, 0.359430
2545431152987, 0.290556, 0.359420
2548527784560, 0.290534, 0.359398
2551624416133, 0.290523, 0.359382
2554721047706, 0.290494, 0.359369
2557817679279, 0.290487, 0.359357
2560914310851, 0.290479, 0.359344
2564010942424, 0.290471, 0.359334
2567107573997, 0.290461, 0.359318
2570204205570, 0.290454, 0.359305
2573300837143, 0.290415, 0.359288
2576397468716, 0.290398, 0.359274
2579494100289, 0.290385, 0.359262
2582590731862, 0.290375, 0.359251
2585687363435, 0.290367, 0.359237
2588783995008, 0.290362, 0.359228
2591880626581, 0.290352, 0.359216
2594977258154, 0.290330, 0.359205
2598073889727, 0.290324, 0.359195
2601170521300, 0.290314, 0.359180
2604267152873, 0.290301, 0.359161
2607363784446, 0.290291, 0.359146
2610460416019, 0.290276, 0.359131
2613557047592, 0.290268, 0.359119
2616653679165, 0.290259, 0.359107
2619750310738, 0.290251, 0.359096
2622846942311, 0.290241, 0.359079
2625943573884, 0.290232, 0.359063
2629040205457, 0.290218, 0.359043
2632136837030, 0.290210, 0.359032
2635233468603, 0.290204, 0.359023
2638330100176, 0.290197, 0.359011
2641426731749, 0.290178, 0.358991
2644523363322, 0.290156, 0.358979
2647619994895, 0.290147, 0.358966
2650716626468, 0.290135, 0.358951
2653813258041, 0.290128, 0.358939
2656909889614, 0.290115, 0.358925
2660006521187, 0.290102, 0.358914
2663103152760, 0.290092, 0.358897
2666199784333, 0.290082, 0.358887
2669296415906, 0.290079, 0.358883
2672393047479, 0.290071, 0.358872
2675489679052, 0.290066, 0.358864
2678586310625, 0.290063, 0.358861
2681682942198, 0.290055, 0.358848
2684779573771, 0.290049, 0.358842
2687876205344, 0.290045, 0.358836
2690972836917, 0.290023, 0.358831
2694069468489, 0.290001, 0.358818
2697166100062, 0.289984, 0.358807
2700262731635, 0.289978, 0.358799
2703359363208, 0.289971, 0.358792
2706455994781, 0.289967, 0.358785
2709552626354, 0.289962, 0.358776
2712649257927, 0.289951, 0.358766
2715745889500, 0.289944, 0.358756
2718842521073, 0.289938, 0.358748
2721939152646, 0.289925, 0.358730
2725035784219, 0.289895, 0.358714
2728132415792, 0.289881, 0.358705
2731229047365, 0.289874, 0.358692
2734325678938, 0.289861, 0.358676
2737422310511, 0.289852, 0.358662
2740518942084, 0.289841, 0.358648
2743615573657, 0.289838, 0.358643
2746712205230, 0.289833, 0.358636
2749808836803, 0.289815, 0.358628
2752905468376, 0.289805, 0.358613
2756002099949, 0.289802, 0.358607
2759098731522, 0.289787, 0.358598
2762195363095, 0.289782, 0.358587
2765291994668, 0.289771, 0.358574
2768388626241, 0.289763, 0.358563
2771485257814, 0.289755, 0.358554
2774581889387, 0.289748, 0.358543
2777678520960, 0.289746, 0.358539
2780775152533, 0.289743, 0.358533
2783871784106, 0.289715, 0.358525
2786968415679, 0.289708, 0.358517
2790065047252, 0.289698, 0.358505
2793161678825, 0.289695, 0.358498
2796258310398, 0.289688, 0.358490
2799354941971, 0.289681, 0.358479
2802451573544, 0.289679, 0.358476
2805548205117, 0.289671, 0.358466
2808644836690, 0.289668, 0.358461
2811741468263, 0.289666, 0.358456
2814838099836, 0.289661, 0.358450
2817934731409, 0.289656, 0.358443
2821031362982, 0.289642, 0.358436
2824127994555, 0.289638, 0.358426
2827224626128, 0.289631, 0.358416
2830321257700, 0.289626, 0.358411
2833417889273, 0.289624, 0.358407
2836514520846, 0.289619, 0.358401
2839611152419, 0.289614, 0.358394
2842707783992, 0.289613, 0.358393
2845804415565, 0.289610, 0.358388
2848901047138, 0.289605, 0.358382
2851997678711, 0.289600, 0.358374
2855094310284, 0.289595, 0.358366
2858190941857, 0.289587, 0.358356
2861287573430, 0.289581, 0.358352
2864384205003, 0.289577, 0.358343
2867480836576, 0.289576, 0.358341
2870577468149, 0.289572, 0.358334
2873674099722, 0.289570, 0.358328
2876770731295, 0.289568, 0.358326
2879867362868, 0.289565, 0.358321
2882963994441, 0.289562, 0.358316
2886060626014, 0.289557, 0.358311
2889157257587, 0.289551, 0.358303
2892253889160, 0.289548, 0.358300
2895350520733, 0.289545, 0.358298
2898447152306, 0.289543, 0.358296
2901543783879, 0.289539, 0.358288
2904640415452, 0.289536, 0.358284
2907737047025, 0.289531, 0.358277
2910833678598, 0.289530, 0.358276
2913930310171, 0.289528, 0.358271
2917026941744, 0.289527, 0.358269
2920123573317, 0.289523, 0.358263
2923220204890, 0.289512, 0.358256
2926316836463, 0.289508, 0.358250
2929413468036, 0.289505, 0.358246
2932510099609, 0.289498, 0.358242
2935606731182, 0.289494, 0.358237
2938703362755, 0.289493, 0.358236
2941799994328, 0.289490, 0.358231
2944896625901, 0.289488, 0.358229
2947993257474, 0.289487, 0.358228
2951089889047, 0.289483, 0.358224
2954186520620, 0.289479, 0.358220
2957283152193, 0.289476, 0.358218
2960379783766, 0.289475, 0.358216
2963476415338, 0.289471, 0.358208
2966573046911, 0.289469, 0.358206
2969669678484, 0.289469, 0.358205
2972766310057, 0.289463, 0.358201
2975862941630, 0.289457, 0.358193
2978959573203, 0.289453, 0.358188
2982056204776, 0.289452, 0.358186
2985152836349, 0.289451, 0.358185
2988249467922, 0.289448, 0.358183
2991346099495, 0.289444, 0.358178
2994442731068, 0.289442, 0.358173
2997539362641, 0.289441, 0.358172
3000635994214, 0.289440, 0.358169
3003732625787, 0.289439, 0.358168
3006829257360, 0.289438, 0.358166
3009925888933, 0.289438, 0.358165
3013022520506, 0.289437, 0.358163
3016119152079, 0.289434, 0.358160
3019215783652, 0.289430, 0.358157
3022312415225, 0.289430, 0.358156
3025409046798, 0.289424, 0.358150
3028505678371, 0.289423, 0.358148
3031602309944, 0.289416, 0.358145
3034698941517, 0.289414, 0.358143
3037795573090, 0.289413, 0.358141
3040892204663, 0.289413, 0.358140
3043988836236, 0.289412, 0.358138
3047085467809, 0.289411, 0.358135
3050182099382, 0.289411, 0.358135
3053278730955, 0.289409, 0.358134
3056375362528, 0.289409, 0.358134
3059471994101, 0.289409, 0.358134
3062568625674, 0.289407, 0.358132
3065665257247, 0.289407, 0.358132
3068761888820, 0.289406, 0.358129
3071858520393, 0.289406, 0.358129
3074955151966, 0.289405, 0.358128
3078051783539, 0.289404, 0.358126
3081148415112, 0.289403, 0.358125
3084245046685, 0.289403, 0.358124
3087341678258, 0.289403, 0.358124
3090438309831, 0.289403, 0.358124
3093534941404, 0.289403, 0.358124
3096631572977, 0.289401, 0.358121
Time used: 2233 ms
