logging to /data1/flows_res/2016020400-2016020500_unique/tenant_4_profile_res-FIX_RATE-FLOWS-0.01.csvtracefile: /data1/tenant_trace/2016020400-2016020500_unique/tenant_4_trace
open file /data1/tenant_trace/2016020400-2016020500_unique/tenant_4_trace
read 1000000 lines
read 2000000 lines
read 3000000 lines
read 4000000 lines
read 5000000 lines
read 6000000 lines
read 7000000 lines
read 8000000 lines
read 9000000 lines
read 10000000 lines
read 11000000 lines
read 12000000 lines
read 13000000 lines
read 14000000 lines
read 15000000 lines
read 16000000 lines
read 17000000 lines
read 18000000 lines
read 19000000 lines
read 20000000 lines
read 21000000 lines
read 22000000 lines
read 23000000 lines
read 24000000 lines
read 25000000 lines
read 26000000 lines
read 27000000 lines
read 28000000 lines
read 29000000 lines
read 30000000 lines
read 31000000 lines
read 32000000 lines
read 33000000 lines
read 34000000 lines
read 35000000 lines
read 36000000 lines
read 37000000 lines
read 38000000 lines
read 39000000 lines
read 40000000 lines
read 41000000 lines
read 42000000 lines
read 43000000 lines
read 44000000 lines
read 45000000 lines
read 46000000 lines
read 47000000 lines
read 48000000 lines
read 49000000 lines
read 50000000 lines
read 51000000 lines
read 52000000 lines
read 53000000 lines
read 54000000 lines
read 55000000 lines
read 56000000 lines
read 57000000 lines
read 58000000 lines
read 59000000 lines
read 60000000 lines
read 61000000 lines
read 62000000 lines
read 63000000 lines
read 64000000 lines
read 65000000 lines
read 66000000 lines
read 67000000 lines
read 68000000 lines
read 69000000 lines
read 70000000 lines
read 71000000 lines
read 72000000 lines
read 73000000 lines
read 74000000 lines
read 75000000 lines
read 76000000 lines
read 77000000 lines
read 78000000 lines
read 79000000 lines
read 80000000 lines
read 81000000 lines
read 82000000 lines
read 83000000 lines
read 84000000 lines
read 85000000 lines
read 86000000 lines
read 87000000 lines
read 88000000 lines
read 89000000 lines
read 90000000 lines
read 91000000 lines
read 92000000 lines
read 93000000 lines
read 94000000 lines
read 95000000 lines
read 96000000 lines
read 97000000 lines
read 98000000 lines
read 99000000 lines
read 100000000 lines
read 101000000 lines
read 102000000 lines
read 103000000 lines
read 104000000 lines
read 105000000 lines
read 106000000 lines
read 107000000 lines
read 108000000 lines
read 109000000 lines
read 110000000 lines
read 111000000 lines
read 112000000 lines
read 113000000 lines
read 114000000 lines
read 115000000 lines
read 116000000 lines
read 117000000 lines
read 118000000 lines
read 119000000 lines
read 120000000 lines
read 121000000 lines
read 122000000 lines
read 123000000 lines
read 124000000 lines
read 125000000 lines
read 126000000 lines
read 127000000 lines
read 128000000 lines
read 129000000 lines
read 130000000 lines
read 131000000 lines
read 132000000 lines
read 133000000 lines
read 134000000 lines
read 135000000 lines
read 136000000 lines
read 137000000 lines
read 138000000 lines
read 139000000 lines
read 140000000 lines
read 141000000 lines
read 142000000 lines
read 143000000 lines
read 144000000 lines
read 145000000 lines
read 146000000 lines
read 147000000 lines
read 148000000 lines
read 149000000 lines
read 150000000 lines
read 151000000 lines
read 152000000 lines
read 153000000 lines
read 154000000 lines
read 155000000 lines
read 156000000 lines
read 157000000 lines
read 158000000 lines
read 159000000 lines
read 160000000 lines
read 161000000 lines
read 162000000 lines
read 163000000 lines
read 164000000 lines
read 165000000 lines
read 166000000 lines
read 167000000 lines
read 168000000 lines
read 169000000 lines
read 170000000 lines
read 171000000 lines
read 172000000 lines
read 173000000 lines
read 174000000 lines
read 175000000 lines
read 176000000 lines
read 177000000 lines
read 178000000 lines
read 179000000 lines
read 180000000 lines
read 181000000 lines
read 182000000 lines
read 183000000 lines
read 184000000 lines
read 185000000 lines
read 186000000 lines
read 187000000 lines
read 188000000 lines
read 189000000 lines
read 190000000 lines
read 191000000 lines
read 192000000 lines
read 193000000 lines
read 194000000 lines
read 195000000 lines
read 196000000 lines
read 197000000 lines
read 198000000 lines
read 199000000 lines
read 200000000 lines
read 201000000 lines
read 202000000 lines
read 203000000 lines
read 204000000 lines
read 205000000 lines
read 206000000 lines
read 207000000 lines
read 208000000 lines
read 209000000 lines
read 210000000 lines
read 211000000 lines
read 212000000 lines
read 213000000 lines
read 214000000 lines
read 215000000 lines
read 216000000 lines
read 217000000 lines
read 218000000 lines
read 219000000 lines
read 220000000 lines
read 221000000 lines
read 222000000 lines
read 223000000 lines
read 224000000 lines
read 225000000 lines
read 226000000 lines
read 227000000 lines
read 228000000 lines
read 229000000 lines
read 230000000 lines
read 231000000 lines
read 232000000 lines
read 233000000 lines
read 234000000 lines
read 235000000 lines
read 236000000 lines
read 237000000 lines
read 238000000 lines
read 239000000 lines
read 240000000 lines
read 241000000 lines
read 242000000 lines
read 243000000 lines
read 244000000 lines
read 245000000 lines
read 246000000 lines
read 247000000 lines
read 248000000 lines
read 249000000 lines
read 250000000 lines
read 251000000 lines
read 252000000 lines
read 253000000 lines
read 254000000 lines
read 255000000 lines
read 256000000 lines
read 257000000 lines
read 258000000 lines
read 259000000 lines
read 260000000 lines
read 261000000 lines
read 262000000 lines
read 263000000 lines
read 264000000 lines
read 265000000 lines
read 266000000 lines
read 267000000 lines
read 268000000 lines
read 269000000 lines
read 270000000 lines
read 271000000 lines
read 272000000 lines
read 273000000 lines
read 274000000 lines
read 275000000 lines
read 276000000 lines
read 277000000 lines
read 278000000 lines
read 279000000 lines
read 280000000 lines
read 281000000 lines
read 282000000 lines
read 283000000 lines
read 284000000 lines
read 285000000 lines
read 286000000 lines
read 287000000 lines
read 288000000 lines
read 289000000 lines
read 290000000 lines
read 291000000 lines
read 292000000 lines
read 293000000 lines
read 294000000 lines
read 295000000 lines
read 296000000 lines
read 297000000 lines
read 298000000 lines
read 299000000 lines
read 300000000 lines
read 301000000 lines
read 302000000 lines
read 303000000 lines
read 304000000 lines
read 305000000 lines
read 306000000 lines
read 307000000 lines
read 308000000 lines
read 309000000 lines
read 310000000 lines
read 311000000 lines
read 312000000 lines
read 313000000 lines
read 314000000 lines
read 315000000 lines
read 316000000 lines
read 317000000 lines
read 318000000 lines
read 319000000 lines
read 320000000 lines
read 321000000 lines
read 322000000 lines
read 323000000 lines
read 324000000 lines
read 325000000 lines
read 326000000 lines
read 327000000 lines
read 328000000 lines
read 329000000 lines
read 330000000 lines
read 331000000 lines
read 332000000 lines
read 333000000 lines
read 334000000 lines
read 335000000 lines
read 336000000 lines
read 337000000 lines
read 338000000 lines
read 339000000 lines
read 340000000 lines
read 341000000 lines
read 342000000 lines
read 343000000 lines
read 344000000 lines
read 345000000 lines
read 346000000 lines
read 347000000 lines
read 348000000 lines
read 349000000 lines
read 350000000 lines
read 351000000 lines
read 352000000 lines
read 353000000 lines
read 354000000 lines
read 355000000 lines
read 356000000 lines
read 357000000 lines
read 358000000 lines
read 359000000 lines
read 360000000 lines
read 361000000 lines
read 362000000 lines
read 363000000 lines
[FILE]: /data1/tenant_trace/2016020400-2016020500_unique/tenant_4_trace
total_access_num: 363738225
total_access_size: 4584138800534
unique_access_num: 105412567
unique_access_size: 1364281916316
min_item_size: 1
[method]: FLOWS
[metric]: MAE
[seed]: 42
[sample_method]: FIX_RATE
[sample_metric]: 0.01
MAEQ_factor: 1.326095
cache_size, BMRC_ratio, OMRC_ratio
13642819163, 0.676276, 0.674619
27285638326, 0.598220, 0.594650
40928457489, 0.551037, 0.546345
54571276652, 0.517890, 0.512695
68214095815, 0.492878, 0.487231
81856914978, 0.473103, 0.467105
95499734142, 0.456883, 0.450514
109142553305, 0.443370, 0.436819
122785372468, 0.431771, 0.425093
136428191631, 0.421705, 0.414881
150071010794, 0.412924, 0.405903
163713829957, 0.405208, 0.398034
177356649121, 0.398072, 0.390804
190999468284, 0.391705, 0.384284
204642287447, 0.386027, 0.378495
218285106610, 0.380783, 0.373193
231927925773, 0.376186, 0.368467
245570744936, 0.371873, 0.363997
259213564100, 0.367852, 0.359898
272856383263, 0.364147, 0.356156
286499202426, 0.360606, 0.352562
300142021589, 0.357257, 0.349202
313784840752, 0.354243, 0.346128
327427659915, 0.351349, 0.343202
341070479079, 0.348648, 0.340508
354713298242, 0.346145, 0.337976
368356117405, 0.343787, 0.335599
381998936568, 0.341543, 0.333339
395641755731, 0.339432, 0.331210
409284574894, 0.337465, 0.329236
422927394057, 0.335562, 0.327302
436570213221, 0.333715, 0.325462
450213032384, 0.332032, 0.323748
463855851547, 0.330381, 0.322081
477498670710, 0.328839, 0.320545
491141489873, 0.327424, 0.319144
504784309036, 0.326024, 0.317756
518427128200, 0.324716, 0.316427
532069947363, 0.323418, 0.315113
545712766526, 0.322188, 0.313877
559355585689, 0.321004, 0.312713
572998404852, 0.319907, 0.311605
586641224015, 0.318840, 0.310532
600284043179, 0.317873, 0.309557
613926862342, 0.316896, 0.308591
627569681505, 0.315984, 0.307676
641212500668, 0.315130, 0.306814
654855319831, 0.314289, 0.305971
668498138994, 0.313476, 0.305152
682140958158, 0.312715, 0.304383
695783777321, 0.311939, 0.303595
709426596484, 0.311243, 0.302896
723069415647, 0.310548, 0.302225
736712234810, 0.309876, 0.301570
750355053973, 0.309269, 0.300957
763997873136, 0.308650, 0.300350
777640692300, 0.308074, 0.299774
791283511463, 0.307548, 0.299239
804926330626, 0.307002, 0.298698
818569149789, 0.306487, 0.298189
832211968952, 0.306013, 0.297719
845854788115, 0.305549, 0.297252
859497607279, 0.305124, 0.296817
873140426442, 0.304698, 0.296405
886783245605, 0.304300, 0.296010
900426064768, 0.303911, 0.295629
914068883931, 0.303559, 0.295273
927711703094, 0.303208, 0.294933
941354522258, 0.302854, 0.294582
954997341421, 0.302525, 0.294252
968640160584, 0.302214, 0.293952
982282979747, 0.301934, 0.293667
995925798910, 0.301644, 0.293367
1009568618073, 0.301371, 0.293103
1023211437237, 0.301102, 0.292838
1036854256400, 0.300873, 0.292608
1050497075563, 0.300648, 0.292388
1064139894726, 0.300421, 0.292168
1077782713889, 0.300207, 0.291956
1091425533052, 0.300014, 0.291768
1105068352215, 0.299816, 0.291580
1118711171379, 0.299636, 0.291406
1132353990542, 0.299477, 0.291255
1145996809705, 0.299340, 0.291115
1159639628868, 0.299205, 0.290989
1173282448031, 0.299063, 0.290850
1186925267194, 0.298940, 0.290738
1200568086358, 0.298846, 0.290639
1214210905521, 0.298737, 0.290532
1227853724684, 0.298636, 0.290436
1241496543847, 0.298563, 0.290359
1255139363010, 0.298490, 0.290288
1268782182173, 0.298417, 0.290222
1282425001337, 0.298356, 0.290162
1296067820500, 0.298312, 0.290117
1309710639663, 0.298278, 0.290085
1323353458826, 0.298254, 0.290059
1336996277989, 0.298229, 0.290034
1350639097152, 0.298218, 0.290023
1364281916316, 0.298214, 0.290019
Time used: 315221 ms
