logging to /opt/flows_res_1000/2016020500-2016020600_unique/tenant_6_profile_res-FIX_RATE-FLOWS-0.01.csvtracefile: /data1/tenant_trace/2016020500-2016020600_unique/tenant_6_trace
open file /data1/tenant_trace/2016020500-2016020600_unique/tenant_6_trace
read 1000000 lines
read 2000000 lines
read 3000000 lines
read 4000000 lines
read 5000000 lines
read 6000000 lines
read 7000000 lines
read 8000000 lines
read 9000000 lines
read 10000000 lines
read 11000000 lines
read 12000000 lines
read 13000000 lines
read 14000000 lines
read 15000000 lines
read 16000000 lines
read 17000000 lines
read 18000000 lines
read 19000000 lines
read 20000000 lines
read 21000000 lines
read 22000000 lines
read 23000000 lines
read 24000000 lines
read 25000000 lines
read 26000000 lines
read 27000000 lines
read 28000000 lines
read 29000000 lines
read 30000000 lines
read 31000000 lines
read 32000000 lines
read 33000000 lines
read 34000000 lines
read 35000000 lines
read 36000000 lines
read 37000000 lines
read 38000000 lines
read 39000000 lines
read 40000000 lines
read 41000000 lines
read 42000000 lines
read 43000000 lines
read 44000000 lines
read 45000000 lines
read 46000000 lines
read 47000000 lines
read 48000000 lines
read 49000000 lines
read 50000000 lines
read 51000000 lines
read 52000000 lines
read 53000000 lines
read 54000000 lines
read 55000000 lines
read 56000000 lines
read 57000000 lines
read 58000000 lines
read 59000000 lines
read 60000000 lines
read 61000000 lines
read 62000000 lines
read 63000000 lines
read 64000000 lines
read 65000000 lines
read 66000000 lines
read 67000000 lines
read 68000000 lines
read 69000000 lines
read 70000000 lines
read 71000000 lines
read 72000000 lines
read 73000000 lines
read 74000000 lines
read 75000000 lines
read 76000000 lines
read 77000000 lines
read 78000000 lines
read 79000000 lines
read 80000000 lines
read 81000000 lines
read 82000000 lines
read 83000000 lines
read 84000000 lines
read 85000000 lines
read 86000000 lines
read 87000000 lines
read 88000000 lines
read 89000000 lines
read 90000000 lines
read 91000000 lines
[FILE]: /data1/tenant_trace/2016020500-2016020600_unique/tenant_6_trace
total_access_num: 91337082
total_access_size: 10449583415304
unique_access_num: 34035269
unique_access_size: 3058142414202
min_item_size: 1
[method]: FLOWS
[metric]: MAE
[seed]: 42
[sample_method]: FIX_RATE
[sample_metric]: 0.01
MAEQ_factor: 1.029196
cache_size, BMRC_ratio, OMRC_ratio
3058142414, 0.872158, 0.901673
6116284828, 0.831927, 0.875787
9174427242, 0.803486, 0.856244
12232569656, 0.780493, 0.839352
15290712071, 0.761427, 0.824981
18348854485, 0.744690, 0.811977
21406996899, 0.729987, 0.800052
24465139313, 0.717197, 0.789508
27523281727, 0.705383, 0.779504
30581424142, 0.694634, 0.770233
33639566556, 0.684739, 0.761642
36697708970, 0.675403, 0.753390
39755851384, 0.666768, 0.745620
42813993798, 0.658616, 0.738197
45872136213, 0.650907, 0.731166
48930278627, 0.643770, 0.724687
51988421041, 0.636900, 0.718545
55046563455, 0.630210, 0.712447
58104705869, 0.624019, 0.706745
61162848284, 0.618182, 0.701268
64220990698, 0.612547, 0.695976
67279133112, 0.607045, 0.690837
70337275526, 0.601852, 0.685824
73395417940, 0.596636, 0.680933
76453560355, 0.591740, 0.676273
79511702769, 0.586866, 0.671701
82569845183, 0.582319, 0.667484
85627987597, 0.577798, 0.663332
88686130011, 0.573626, 0.659244
91744272426, 0.569456, 0.655197
94802414840, 0.565480, 0.651326
97860557254, 0.561750, 0.647739
100918699668, 0.557973, 0.644207
103976842082, 0.554326, 0.640686
107034984497, 0.550702, 0.637018
110093126911, 0.547316, 0.633633
113151269325, 0.543973, 0.630421
116209411739, 0.540755, 0.627257
119267554153, 0.537558, 0.624123
122325696568, 0.534318, 0.621042
125383838982, 0.531247, 0.618080
128441981396, 0.528241, 0.615119
131500123810, 0.525255, 0.612240
134558266224, 0.522516, 0.609505
137616408639, 0.519869, 0.606912
140674551053, 0.517147, 0.604186
143732693467, 0.514588, 0.601629
146790835881, 0.512117, 0.599082
149848978295, 0.509565, 0.596524
152907120710, 0.507117, 0.594072
155965263124, 0.504665, 0.591808
159023405538, 0.502266, 0.589362
162081547952, 0.499920, 0.587052
165139690366, 0.497657, 0.584849
168197832781, 0.495327, 0.582629
171255975195, 0.493186, 0.580408
174314117609, 0.491033, 0.578258
177372260023, 0.488971, 0.576156
180430402437, 0.486931, 0.574047
183488544852, 0.484842, 0.571879
186546687266, 0.482788, 0.569775
189604829680, 0.480716, 0.567864
192662972094, 0.478878, 0.566011
195721114508, 0.476972, 0.564053
198779256923, 0.475242, 0.562282
201837399337, 0.473332, 0.560344
204895541751, 0.471511, 0.558463
207953684165, 0.469811, 0.556814
211011826579, 0.468064, 0.555071
214069968994, 0.466377, 0.553368
217128111408, 0.464793, 0.551789
220186253822, 0.463130, 0.550151
223244396236, 0.461521, 0.548463
226302538650, 0.459954, 0.546816
229360681065, 0.458382, 0.545183
232418823479, 0.456834, 0.543630
235476965893, 0.455349, 0.542051
238535108307, 0.453992, 0.540633
241593250721, 0.452540, 0.539126
244651393136, 0.451109, 0.537641
247709535550, 0.449567, 0.536144
250767677964, 0.448253, 0.534738
253825820378, 0.446786, 0.533225
256883962792, 0.445469, 0.531872
259942105207, 0.444098, 0.530527
263000247621, 0.442786, 0.529167
266058390035, 0.441446, 0.527845
269116532449, 0.440150, 0.526535
272174674863, 0.438896, 0.525222
275232817278, 0.437598, 0.523951
278290959692, 0.436371, 0.522730
281349102106, 0.435070, 0.521490
284407244520, 0.433890, 0.520336
287465386934, 0.432636, 0.519143
290523529349, 0.431530, 0.518033
293581671763, 0.430376, 0.516807
296639814177, 0.429183, 0.515650
299697956591, 0.428108, 0.514534
302756099005, 0.426968, 0.513334
305814241420, 0.425855, 0.512263
308872383834, 0.424794, 0.511205
311930526248, 0.423694, 0.510060
314988668662, 0.422629, 0.508932
318046811077, 0.421608, 0.507829
321104953491, 0.420571, 0.506751
324163095905, 0.419472, 0.505676
327221238319, 0.418433, 0.504636
330279380733, 0.417435, 0.503568
333337523148, 0.416417, 0.502541
336395665562, 0.415435, 0.501566
339453807976, 0.414490, 0.500629
342511950390, 0.413525, 0.499698
345570092804, 0.412550, 0.498711
348628235219, 0.411621, 0.497811
351686377633, 0.410717, 0.496907
354744520047, 0.409862, 0.496033
357802662461, 0.408964, 0.495135
360860804875, 0.408082, 0.494183
363918947290, 0.407207, 0.493313
366977089704, 0.406326, 0.492385
370035232118, 0.405477, 0.491465
373093374532, 0.404601, 0.490596
376151516946, 0.403757, 0.489698
379209659361, 0.402923, 0.488912
382267801775, 0.402071, 0.488073
385325944189, 0.401212, 0.487206
388384086603, 0.400341, 0.486302
391442229017, 0.399538, 0.485444
394500371432, 0.398792, 0.484636
397558513846, 0.398035, 0.483845
400616656260, 0.397224, 0.483041
403674798674, 0.396467, 0.482266
406732941088, 0.395729, 0.481463
409791083503, 0.394985, 0.480639
412849225917, 0.394218, 0.479838
415907368331, 0.393516, 0.479085
418965510745, 0.392802, 0.478353
422023653159, 0.392126, 0.477681
425081795574, 0.391359, 0.476941
428139937988, 0.390677, 0.476166
431198080402, 0.390020, 0.475456
434256222816, 0.389347, 0.474743
437314365230, 0.388683, 0.474020
440372507645, 0.387984, 0.473245
443430650059, 0.387344, 0.472599
446488792473, 0.386754, 0.471957
449546934887, 0.386116, 0.471261
452605077301, 0.385492, 0.470626
455663219716, 0.384824, 0.469925
458721362130, 0.384267, 0.469310
461779504544, 0.383646, 0.468655
464837646958, 0.382974, 0.467970
467895789372, 0.382320, 0.467274
470953931787, 0.381689, 0.466621
474012074201, 0.381053, 0.465918
477070216615, 0.380458, 0.465277
480128359029, 0.379858, 0.464642
483186501443, 0.379239, 0.463939
486244643858, 0.378645, 0.463330
489302786272, 0.378068, 0.462734
492360928686, 0.377485, 0.462119
495419071100, 0.376926, 0.461495
498477213514, 0.376325, 0.460915
501535355929, 0.375784, 0.460348
504593498343, 0.375258, 0.459763
507651640757, 0.374692, 0.459119
510709783171, 0.374172, 0.458567
513767925585, 0.373612, 0.458009
516826068000, 0.373104, 0.457490
519884210414, 0.372561, 0.456932
522942352828, 0.372059, 0.456380
526000495242, 0.371534, 0.455826
529058637656, 0.370998, 0.455281
532116780071, 0.370503, 0.454770
535174922485, 0.369963, 0.454208
538233064899, 0.369479, 0.453719
541291207313, 0.368975, 0.453192
544349349727, 0.368482, 0.452668
547407492142, 0.367978, 0.452160
550465634556, 0.367483, 0.451683
553523776970, 0.367010, 0.451151
556581919384, 0.366523, 0.450627
559640061798, 0.366035, 0.450113
562698204213, 0.365562, 0.449640
565756346627, 0.365144, 0.449235
568814489041, 0.364723, 0.448757
571872631455, 0.364236, 0.448271
574930773869, 0.363766, 0.447847
577988916284, 0.363328, 0.447369
581047058698, 0.362893, 0.446883
584105201112, 0.362471, 0.446397
587163343526, 0.362036, 0.445924
590221485940, 0.361594, 0.445508
593279628355, 0.361151, 0.445063
596337770769, 0.360724, 0.444593
599395913183, 0.360286, 0.444174
602454055597, 0.359832, 0.443758
605512198011, 0.359438, 0.443342
608570340426, 0.359015, 0.442911
611628482840, 0.358597, 0.442488
614686625254, 0.358177, 0.442068
617744767668, 0.357785, 0.441641
620802910083, 0.357367, 0.441214
623861052497, 0.356955, 0.440783
626919194911, 0.356574, 0.440343
629977337325, 0.356162, 0.439911
633035479739, 0.355773, 0.439482
636093622154, 0.355390, 0.439070
639151764568, 0.355001, 0.438676
642209906982, 0.354614, 0.438300
645268049396, 0.354248, 0.437921
648326191810, 0.353876, 0.437509
651384334225, 0.353457, 0.437084
654442476639, 0.353094, 0.436714
657500619053, 0.352738, 0.436342
660558761467, 0.352416, 0.435989
663616903881, 0.352079, 0.435652
666675046296, 0.351696, 0.435256
669733188710, 0.351355, 0.434860
672791331124, 0.350994, 0.434470
675849473538, 0.350624, 0.434062
678907615952, 0.350280, 0.433703
681965758367, 0.349928, 0.433320
685023900781, 0.349512, 0.432930
688082043195, 0.349142, 0.432532
691140185609, 0.348844, 0.432214
694198328023, 0.348478, 0.431853
697256470438, 0.348165, 0.431525
700314612852, 0.347833, 0.431198
703372755266, 0.347486, 0.430822
706430897680, 0.347128, 0.430506
709489040094, 0.346779, 0.430132
712547182509, 0.346476, 0.429836
715605324923, 0.346187, 0.429497
718663467337, 0.345890, 0.429169
721721609751, 0.345554, 0.428779
724779752165, 0.345209, 0.428422
727837894580, 0.344913, 0.428109
730896036994, 0.344634, 0.427844
733954179408, 0.344364, 0.427537
737012321822, 0.344045, 0.427224
740070464236, 0.343725, 0.426913
743128606651, 0.343429, 0.426587
746186749065, 0.343130, 0.426280
749244891479, 0.342846, 0.425974
752303033893, 0.342593, 0.425665
755361176307, 0.342344, 0.425385
758419318722, 0.342050, 0.425065
761477461136, 0.341745, 0.424728
764535603550, 0.341515, 0.424489
767593745964, 0.341214, 0.424211
770651888378, 0.340944, 0.423911
773710030793, 0.340670, 0.423648
776768173207, 0.340356, 0.423333
779826315621, 0.340112, 0.423092
782884458035, 0.339871, 0.422842
785942600449, 0.339630, 0.422564
789000742864, 0.339322, 0.422214
792058885278, 0.339057, 0.421916
795117027692, 0.338817, 0.421640
798175170106, 0.338572, 0.421393
801233312520, 0.338330, 0.421139
804291454935, 0.338050, 0.420846
807349597349, 0.337793, 0.420548
810407739763, 0.337580, 0.420324
813465882177, 0.337362, 0.420090
816524024591, 0.337102, 0.419819
819582167006, 0.336830, 0.419527
822640309420, 0.336584, 0.419273
825698451834, 0.336326, 0.418969
828756594248, 0.336091, 0.418713
831814736662, 0.335840, 0.418487
834872879077, 0.335582, 0.418229
837931021491, 0.335314, 0.417929
840989163905, 0.335112, 0.417655
844047306319, 0.334927, 0.417425
847105448733, 0.334701, 0.417136
850163591148, 0.334500, 0.416887
853221733562, 0.334285, 0.416648
856279875976, 0.334063, 0.416407
859338018390, 0.333884, 0.416190
862396160804, 0.333663, 0.415962
865454303219, 0.333437, 0.415735
868512445633, 0.333214, 0.415494
871570588047, 0.332982, 0.415255
874628730461, 0.332743, 0.414992
877686872875, 0.332510, 0.414763
880745015290, 0.332297, 0.414530
883803157704, 0.332051, 0.414307
886861300118, 0.331793, 0.414033
889919442532, 0.331558, 0.413797
892977584946, 0.331325, 0.413567
896035727361, 0.331117, 0.413330
899093869775, 0.330894, 0.413090
902152012189, 0.330684, 0.412858
905210154603, 0.330469, 0.412649
908268297017, 0.330273, 0.412435
911326439432, 0.330044, 0.412201
914384581846, 0.329847, 0.412006
917442724260, 0.329575, 0.411760
920500866674, 0.329355, 0.411506
923559009089, 0.329152, 0.411259
926617151503, 0.328963, 0.411073
929675293917, 0.328779, 0.410878
932733436331, 0.328548, 0.410677
935791578745, 0.328345, 0.410442
938849721160, 0.328146, 0.410245
941907863574, 0.327969, 0.410079
944966005988, 0.327774, 0.409882
948024148402, 0.327578, 0.409676
951082290816, 0.327353, 0.409433
954140433231, 0.327157, 0.409201
957198575645, 0.326950, 0.408969
960256718059, 0.326748, 0.408761
963314860473, 0.326577, 0.408535
966373002887, 0.326398, 0.408347
969431145302, 0.326254, 0.408207
972489287716, 0.326063, 0.408001
975547430130, 0.325867, 0.407788
978605572544, 0.325695, 0.407591
981663714958, 0.325523, 0.407438
984721857373, 0.325339, 0.407258
987779999787, 0.325167, 0.407035
990838142201, 0.324968, 0.406847
993896284615, 0.324806, 0.406672
996954427029, 0.324608, 0.406477
1000012569444, 0.324448, 0.406330
1003070711858, 0.324271, 0.406140
1006128854272, 0.324106, 0.405947
1009186996686, 0.323936, 0.405761
1012245139100, 0.323800, 0.405588
1015303281515, 0.323640, 0.405459
1018361423929, 0.323484, 0.405307
1021419566343, 0.323337, 0.405110
1024477708757, 0.323150, 0.404931
1027535851171, 0.322971, 0.404764
1030593993586, 0.322796, 0.404594
1033652136000, 0.322651, 0.404436
1036710278414, 0.322510, 0.404302
1039768420828, 0.322361, 0.404145
1042826563242, 0.322168, 0.403935
1045884705657, 0.322023, 0.403772
1048942848071, 0.321881, 0.403617
1052000990485, 0.321733, 0.403437
1055059132899, 0.321576, 0.403251
1058117275313, 0.321449, 0.403085
1061175417728, 0.321312, 0.402934
1064233560142, 0.321181, 0.402796
1067291702556, 0.321021, 0.402634
1070349844970, 0.320875, 0.402487
1073407987384, 0.320729, 0.402367
1076466129799, 0.320589, 0.402224
1079524272213, 0.320448, 0.402058
1082582414627, 0.320262, 0.401870
1085640557041, 0.320118, 0.401714
1088698699455, 0.319965, 0.401543
1091756841870, 0.319814, 0.401390
1094814984284, 0.319666, 0.401226
1097873126698, 0.319542, 0.401086
1100931269112, 0.319384, 0.400911
1103989411526, 0.319229, 0.400746
1107047553941, 0.319093, 0.400600
1110105696355, 0.318966, 0.400459
1113163838769, 0.318808, 0.400297
1116221981183, 0.318672, 0.400168
1119280123597, 0.318519, 0.400028
1122338266012, 0.318403, 0.399914
1125396408426, 0.318276, 0.399787
1128454550840, 0.318139, 0.399676
1131512693254, 0.318004, 0.399533
1134570835668, 0.317879, 0.399408
1137628978083, 0.317743, 0.399266
1140687120497, 0.317597, 0.399115
1143745262911, 0.317475, 0.398968
1146803405325, 0.317351, 0.398843
1149861547739, 0.317213, 0.398708
1152919690154, 0.317105, 0.398579
1155977832568, 0.316997, 0.398456
1159035974982, 0.316869, 0.398292
1162094117396, 0.316703, 0.398149
1165152259810, 0.316582, 0.398020
1168210402225, 0.316458, 0.397891
1171268544639, 0.316338, 0.397749
1174326687053, 0.316219, 0.397619
1177384829467, 0.316096, 0.397484
1180442971881, 0.315991, 0.397348
1183501114296, 0.315881, 0.397225
1186559256710, 0.315781, 0.397096
1189617399124, 0.315667, 0.396965
1192675541538, 0.315566, 0.396868
1195733683952, 0.315434, 0.396744
1198791826367, 0.315323, 0.396621
1201849968781, 0.315200, 0.396516
1204908111195, 0.315065, 0.396400
1207966253609, 0.314957, 0.396288
1211024396023, 0.314842, 0.396187
1214082538438, 0.314730, 0.396063
1217140680852, 0.314617, 0.395920
1220198823266, 0.314517, 0.395795
1223256965680, 0.314383, 0.395653
1226315108095, 0.314278, 0.395530
1229373250509, 0.314168, 0.395419
1232431392923, 0.314073, 0.395322
1235489535337, 0.313965, 0.395226
1238547677751, 0.313855, 0.395119
1241605820166, 0.313721, 0.394981
1244663962580, 0.313605, 0.394893
1247722104994, 0.313495, 0.394777
1250780247408, 0.313387, 0.394646
1253838389822, 0.313320, 0.394556
1256896532237, 0.313208, 0.394460
1259954674651, 0.313120, 0.394361
1263012817065, 0.313016, 0.394267
1266070959479, 0.312893, 0.394158
1269129101893, 0.312795, 0.394057
1272187244308, 0.312708, 0.393967
1275245386722, 0.312617, 0.393882
1278303529136, 0.312522, 0.393770
1281361671550, 0.312455, 0.393682
1284419813964, 0.312360, 0.393564
1287477956379, 0.312247, 0.393437
1290536098793, 0.312154, 0.393341
1293594241207, 0.312049, 0.393212
1296652383621, 0.311932, 0.393078
1299710526035, 0.311839, 0.392990
1302768668450, 0.311731, 0.392879
1305826810864, 0.311643, 0.392793
1308884953278, 0.311547, 0.392695
1311943095692, 0.311439, 0.392603
1315001238106, 0.311322, 0.392482
1318059380521, 0.311213, 0.392360
1321117522935, 0.311117, 0.392253
1324175665349, 0.311036, 0.392161
1327233807763, 0.310967, 0.392071
1330291950177, 0.310876, 0.391968
1333350092592, 0.310787, 0.391867
1336408235006, 0.310692, 0.391769
1339466377420, 0.310596, 0.391672
1342524519834, 0.310532, 0.391609
1345582662248, 0.310434, 0.391510
1348640804663, 0.310347, 0.391416
1351698947077, 0.310252, 0.391311
1354757089491, 0.310147, 0.391199
1357815231905, 0.310066, 0.391099
1360873374319, 0.309973, 0.391009
1363931516734, 0.309879, 0.390917
1366989659148, 0.309767, 0.390820
1370047801562, 0.309664, 0.390737
1373105943976, 0.309595, 0.390663
1376164086390, 0.309502, 0.390560
1379222228805, 0.309433, 0.390490
1382280371219, 0.309351, 0.390400
1385338513633, 0.309263, 0.390317
1388396656047, 0.309162, 0.390216
1391454798461, 0.309081, 0.390129
1394512940876, 0.309017, 0.390054
1397571083290, 0.308935, 0.389973
1400629225704, 0.308876, 0.389896
1403687368118, 0.308801, 0.389826
1406745510532, 0.308689, 0.389712
1409803652947, 0.308620, 0.389645
1412861795361, 0.308536, 0.389544
1415919937775, 0.308467, 0.389458
1418978080189, 0.308379, 0.389393
1422036222603, 0.308295, 0.389292
1425094365018, 0.308228, 0.389220
1428152507432, 0.308144, 0.389137
1431210649846, 0.308071, 0.389060
1434268792260, 0.308015, 0.388994
1437326934674, 0.307927, 0.388896
1440385077089, 0.307851, 0.388821
1443443219503, 0.307781, 0.388736
1446501361917, 0.307721, 0.388672
1449559504331, 0.307633, 0.388600
1452617646745, 0.307557, 0.388530
1455675789160, 0.307490, 0.388460
1458733931574, 0.307425, 0.388381
1461792073988, 0.307368, 0.388305
1464850216402, 0.307296, 0.388252
1467908358816, 0.307224, 0.388180
1470966501231, 0.307139, 0.388092
1474024643645, 0.307069, 0.388011
1477082786059, 0.306997, 0.387939
1480140928473, 0.306923, 0.387858
1483199070887, 0.306850, 0.387783
1486257213302, 0.306785, 0.387707
1489315355716, 0.306725, 0.387643
1492373498130, 0.306642, 0.387571
1495431640544, 0.306560, 0.387468
1498489782958, 0.306470, 0.387385
1501547925373, 0.306417, 0.387315
1504606067787, 0.306329, 0.387223
1507664210201, 0.306257, 0.387137
1510722352615, 0.306178, 0.387048
1513780495029, 0.306125, 0.386993
1516838637444, 0.306070, 0.386914
1519896779858, 0.306001, 0.386835
1522954922272, 0.305920, 0.386770
1526013064686, 0.305846, 0.386678
1529071207101, 0.305777, 0.386610
1532129349515, 0.305703, 0.386537
1535187491929, 0.305643, 0.386478
1538245634343, 0.305586, 0.386428
1541303776757, 0.305528, 0.386371
1544361919172, 0.305466, 0.386318
1547420061586, 0.305402, 0.386262
1550478204000, 0.305335, 0.386181
1553536346414, 0.305275, 0.386110
1556594488828, 0.305206, 0.386040
1559652631243, 0.305153, 0.385981
1562710773657, 0.305096, 0.385922
1565768916071, 0.305027, 0.385843
1568827058485, 0.304969, 0.385778
1571885200899, 0.304909, 0.385714
1574943343314, 0.304850, 0.385644
1578001485728, 0.304778, 0.385572
1581059628142, 0.304711, 0.385513
1584117770556, 0.304654, 0.385445
1587175912970, 0.304601, 0.385375
1590234055385, 0.304534, 0.385309
1593292197799, 0.304457, 0.385241
1596350340213, 0.304372, 0.385158
1599408482627, 0.304307, 0.385105
1602466625041, 0.304259, 0.385062
1605524767456, 0.304183, 0.384983
1608582909870, 0.304137, 0.384935
1611641052284, 0.304076, 0.384884
1614699194698, 0.304006, 0.384816
1617757337112, 0.303946, 0.384753
1620815479527, 0.303891, 0.384694
1623873621941, 0.303834, 0.384641
1626931764355, 0.303789, 0.384597
1629989906769, 0.303736, 0.384536
1633048049183, 0.303674, 0.384488
1636106191598, 0.303640, 0.384433
1639164334012, 0.303598, 0.384381
1642222476426, 0.303545, 0.384321
1645280618840, 0.303500, 0.384271
1648338761254, 0.303447, 0.384212
1651396903669, 0.303395, 0.384151
1654455046083, 0.303358, 0.384085
1657513188497, 0.303299, 0.384021
1660571330911, 0.303256, 0.383978
1663629473325, 0.303210, 0.383914
1666687615740, 0.303180, 0.383879
1669745758154, 0.303113, 0.383807
1672803900568, 0.303043, 0.383743
1675862042982, 0.302995, 0.383693
1678920185396, 0.302948, 0.383634
1681978327811, 0.302905, 0.383586
1685036470225, 0.302840, 0.383524
1688094612639, 0.302785, 0.383476
1691152755053, 0.302730, 0.383415
1694210897467, 0.302677, 0.383367
1697269039882, 0.302613, 0.383310
1700327182296, 0.302558, 0.383253
1703385324710, 0.302505, 0.383196
1706443467124, 0.302462, 0.383135
1709501609538, 0.302401, 0.383076
1712559751953, 0.302352, 0.383019
1715617894367, 0.302303, 0.382975
1718676036781, 0.302264, 0.382929
1721734179195, 0.302229, 0.382894
1724792321609, 0.302169, 0.382822
1727850464024, 0.302111, 0.382754
1730908606438, 0.302073, 0.382697
1733966748852, 0.302013, 0.382629
1737024891266, 0.301956, 0.382565
1740083033680, 0.301906, 0.382519
1743141176095, 0.301858, 0.382467
1746199318509, 0.301808, 0.382414
1749257460923, 0.301767, 0.382384
1752315603337, 0.301717, 0.382318
1755373745751, 0.301679, 0.382281
1758431888166, 0.301600, 0.382195
1761490030580, 0.301555, 0.382143
1764548172994, 0.301512, 0.382088
1767606315408, 0.301480, 0.382044
1770664457822, 0.301419, 0.381987
1773722600237, 0.301385, 0.381948
1776780742651, 0.301320, 0.381900
1779838885065, 0.301275, 0.381838
1782897027479, 0.301241, 0.381805
1785955169893, 0.301186, 0.381751
1789013312308, 0.301148, 0.381711
1792071454722, 0.301101, 0.381665
1795129597136, 0.301067, 0.381624
1798187739550, 0.301034, 0.381582
1801245881964, 0.301012, 0.381534
1804304024379, 0.300978, 0.381490
1807362166793, 0.300935, 0.381442
1810420309207, 0.300897, 0.381389
1813478451621, 0.300855, 0.381352
1816536594035, 0.300833, 0.381326
1819594736450, 0.300780, 0.381278
1822652878864, 0.300754, 0.381256
1825711021278, 0.300714, 0.381199
1828769163692, 0.300670, 0.381155
1831827306106, 0.300634, 0.381114
1834885448521, 0.300594, 0.381063
1837943590935, 0.300551, 0.381013
1841001733349, 0.300506, 0.380969
1844059875763, 0.300468, 0.380923
1847118018178, 0.300432, 0.380892
1850176160592, 0.300391, 0.380857
1853234303006, 0.300358, 0.380816
1856292445420, 0.300303, 0.380763
1859350587834, 0.300276, 0.380726
1862408730249, 0.300241, 0.380682
1865466872663, 0.300209, 0.380638
1868525015077, 0.300166, 0.380597
1871583157491, 0.300111, 0.380538
1874641299905, 0.300056, 0.380494
1877699442320, 0.300011, 0.380433
1880757584734, 0.299978, 0.380411
1883815727148, 0.299956, 0.380371
1886873869562, 0.299925, 0.380336
1889932011976, 0.299884, 0.380297
1892990154391, 0.299842, 0.380279
1896048296805, 0.299799, 0.380235
1899106439219, 0.299757, 0.380190
1902164581633, 0.299717, 0.380148
1905222724047, 0.299683, 0.380119
1908280866462, 0.299638, 0.380082
1911339008876, 0.299593, 0.380045
1914397151290, 0.299552, 0.379997
1917455293704, 0.299521, 0.379968
1920513436118, 0.299492, 0.379933
1923571578533, 0.299449, 0.379890
1926629720947, 0.299416, 0.379861
1929687863361, 0.299390, 0.379833
1932746005775, 0.299344, 0.379769
1935804148189, 0.299302, 0.379714
1938862290604, 0.299265, 0.379681
1941920433018, 0.299229, 0.379640
1944978575432, 0.299201, 0.379605
1948036717846, 0.299160, 0.379576
1951094860260, 0.299129, 0.379541
1954153002675, 0.299108, 0.379511
1957211145089, 0.299075, 0.379482
1960269287503, 0.299043, 0.379438
1963327429917, 0.299005, 0.379401
1966385572331, 0.298976, 0.379377
1969443714746, 0.298950, 0.379355
1972501857160, 0.298916, 0.379327
1975559999574, 0.298885, 0.379305
1978618141988, 0.298854, 0.379268
1981676284402, 0.298828, 0.379233
1984734426817, 0.298795, 0.379200
1987792569231, 0.298763, 0.379156
1990850711645, 0.298714, 0.379092
1993908854059, 0.298685, 0.379066
1996966996473, 0.298661, 0.379033
2000025138888, 0.298628, 0.378983
2003083281302, 0.298608, 0.378963
2006141423716, 0.298573, 0.378924
2009199566130, 0.298542, 0.378900
2012257708544, 0.298522, 0.378887
2015315850959, 0.298506, 0.378874
2018373993373, 0.298479, 0.378843
2021432135787, 0.298437, 0.378797
2024490278201, 0.298400, 0.378760
2027548420615, 0.298367, 0.378727
2030606563030, 0.298341, 0.378681
2033664705444, 0.298308, 0.378637
2036722847858, 0.298286, 0.378606
2039780990272, 0.298266, 0.378587
2042839132686, 0.298224, 0.378547
2045897275101, 0.298197, 0.378506
2048955417515, 0.298169, 0.378477
2052013559929, 0.298142, 0.378453
2055071702343, 0.298114, 0.378414
2058129844757, 0.298081, 0.378374
2061187987172, 0.298054, 0.378341
2064246129586, 0.298028, 0.378309
2067304272000, 0.298004, 0.378280
2070362414414, 0.297978, 0.378245
2073420556828, 0.297959, 0.378217
2076478699243, 0.297930, 0.378182
2079536841657, 0.297910, 0.378153
2082594984071, 0.297889, 0.378125
2085653126485, 0.297860, 0.378098
2088711268899, 0.297825, 0.378061
2091769411314, 0.297799, 0.378030
2094827553728, 0.297781, 0.378004
2097885696142, 0.297758, 0.377980
2100943838556, 0.297738, 0.377947
2104001980970, 0.297712, 0.377921
2107060123385, 0.297684, 0.377893
2110118265799, 0.297658, 0.377860
2113176408213, 0.297624, 0.377827
2116234550627, 0.297595, 0.377787
2119292693041, 0.297569, 0.377768
2122350835456, 0.297547, 0.377755
2125408977870, 0.297529, 0.377737
2128467120284, 0.297514, 0.377713
2131525262698, 0.297495, 0.377698
2134583405112, 0.297462, 0.377669
2137641547527, 0.297435, 0.377623
2140699689941, 0.297414, 0.377595
2143757832355, 0.297385, 0.377564
2146815974769, 0.297356, 0.377533
2149874117184, 0.297316, 0.377483
2152932259598, 0.297304, 0.377468
2155990402012, 0.297284, 0.377446
2159048544426, 0.297263, 0.377415
2162106686840, 0.297239, 0.377391
2165164829255, 0.297229, 0.377371
2168222971669, 0.297206, 0.377345
2171281114083, 0.297179, 0.377312
2174339256497, 0.297165, 0.377293
2177397398911, 0.297134, 0.377262
2180455541326, 0.297117, 0.377233
2183513683740, 0.297091, 0.377214
2186571826154, 0.297067, 0.377196
2189629968568, 0.297032, 0.377161
2192688110982, 0.297020, 0.377146
2195746253397, 0.296991, 0.377115
2198804395811, 0.296957, 0.377095
2201862538225, 0.296936, 0.377076
2204920680639, 0.296912, 0.377045
2207978823053, 0.296891, 0.377025
2211036965468, 0.296862, 0.376999
2214095107882, 0.296845, 0.376971
2217153250296, 0.296824, 0.376942
2220211392710, 0.296800, 0.376922
2223269535124, 0.296771, 0.376896
2226327677539, 0.296754, 0.376887
2229385819953, 0.296737, 0.376868
2232443962367, 0.296716, 0.376841
2235502104781, 0.296701, 0.376828
2238560247195, 0.296685, 0.376804
2241618389610, 0.296670, 0.376785
2244676532024, 0.296652, 0.376756
2247734674438, 0.296635, 0.376734
2250792816852, 0.296616, 0.376712
2253850959266, 0.296604, 0.376695
2256909101681, 0.296580, 0.376666
2259967244095, 0.296560, 0.376640
2263025386509, 0.296539, 0.376622
2266083528923, 0.296515, 0.376601
2269141671337, 0.296506, 0.376585
2272199813752, 0.296496, 0.376561
2275257956166, 0.296487, 0.376548
2278316098580, 0.296463, 0.376524
2281374240994, 0.296436, 0.376495
2284432383408, 0.296412, 0.376476
2287490525823, 0.296389, 0.376458
2290548668237, 0.296360, 0.376443
2293606810651, 0.296341, 0.376421
2296664953065, 0.296329, 0.376406
2299723095479, 0.296315, 0.376395
2302781237894, 0.296296, 0.376371
2305839380308, 0.296281, 0.376349
2308897522722, 0.296269, 0.376325
2311955665136, 0.296260, 0.376314
2315013807550, 0.296241, 0.376294
2318071949965, 0.296231, 0.376279
2321130092379, 0.296216, 0.376259
2324188234793, 0.296192, 0.376241
2327246377207, 0.296169, 0.376209
2330304519621, 0.296142, 0.376182
2333362662036, 0.296114, 0.376160
2336420804450, 0.296100, 0.376139
2339478946864, 0.296080, 0.376112
2342537089278, 0.296069, 0.376099
2345595231692, 0.296057, 0.376086
2348653374107, 0.296044, 0.376075
2351711516521, 0.296025, 0.376062
2354769658935, 0.296011, 0.376044
2357827801349, 0.295990, 0.376023
2360885943763, 0.295975, 0.376003
2363944086178, 0.295956, 0.375994
2367002228592, 0.295944, 0.375972
2370060371006, 0.295932, 0.375957
2373118513420, 0.295904, 0.375935
2376176655834, 0.295870, 0.375902
2379234798249, 0.295860, 0.375891
2382292940663, 0.295846, 0.375871
2385351083077, 0.295827, 0.375854
2388409225491, 0.295805, 0.375823
2391467367905, 0.295784, 0.375804
2394525510320, 0.295777, 0.375788
2397583652734, 0.295770, 0.375773
2400641795148, 0.295758, 0.375762
2403699937562, 0.295748, 0.375751
2406758079976, 0.295729, 0.375727
2409816222391, 0.295712, 0.375718
2412874364805, 0.295695, 0.375703
2415932507219, 0.295679, 0.375685
2418990649633, 0.295667, 0.375661
2422048792047, 0.295650, 0.375644
2425106934462, 0.295636, 0.375633
2428165076876, 0.295615, 0.375613
2431223219290, 0.295605, 0.375602
2434281361704, 0.295588, 0.375587
2437339504118, 0.295572, 0.375567
2440397646533, 0.295543, 0.375539
2443455788947, 0.295531, 0.375525
2446513931361, 0.295523, 0.375510
2449572073775, 0.295509, 0.375488
2452630216190, 0.295500, 0.375477
2455688358604, 0.295483, 0.375453
2458746501018, 0.295468, 0.375433
2461804643432, 0.295464, 0.375418
2464862785846, 0.295449, 0.375396
2467920928261, 0.295437, 0.375379
2470979070675, 0.295425, 0.375368
2474037213089, 0.295414, 0.375355
2477095355503, 0.295404, 0.375344
2480153497917, 0.295387, 0.375333
2483211640332, 0.295378, 0.375322
2486269782746, 0.295364, 0.375309
2489327925160, 0.295356, 0.375296
2492386067574, 0.295345, 0.375282
2495444209988, 0.295339, 0.375276
2498502352403, 0.295326, 0.375265
2501560494817, 0.295316, 0.375245
2504618637231, 0.295301, 0.375219
2507676779645, 0.295285, 0.375201
2510734922059, 0.295266, 0.375179
2513793064474, 0.295246, 0.375162
2516851206888, 0.295230, 0.375147
2519909349302, 0.295216, 0.375129
2522967491716, 0.295199, 0.375109
2526025634130, 0.295189, 0.375101
2529083776545, 0.295170, 0.375077
2532141918959, 0.295163, 0.375066
2535200061373, 0.295148, 0.375050
2538258203787, 0.295142, 0.375042
2541316346201, 0.295137, 0.375035
2544374488616, 0.295115, 0.375022
2547432631030, 0.295103, 0.375007
2550490773444, 0.295096, 0.374998
2553548915858, 0.295077, 0.374980
2556607058272, 0.295074, 0.374976
2559665200687, 0.295053, 0.374952
2562723343101, 0.295046, 0.374945
2565781485515, 0.295036, 0.374941
2568839627929, 0.295032, 0.374939
2571897770343, 0.295017, 0.374915
2574955912758, 0.294998, 0.374895
2578014055172, 0.294991, 0.374886
2581072197586, 0.294977, 0.374877
2584130340000, 0.294971, 0.374866
2587188482414, 0.294958, 0.374849
2590246624829, 0.294946, 0.374836
2593304767243, 0.294938, 0.374825
2596362909657, 0.294922, 0.374809
2599421052071, 0.294921, 0.374803
2602479194485, 0.294909, 0.374792
2605537336900, 0.294900, 0.374788
2608595479314, 0.294885, 0.374772
2611653621728, 0.294874, 0.374761
2614711764142, 0.294860, 0.374750
2617769906556, 0.294857, 0.374744
2620828048971, 0.294845, 0.374722
2623886191385, 0.294836, 0.374713
2626944333799, 0.294831, 0.374709
2630002476213, 0.294823, 0.374700
2633060618627, 0.294816, 0.374696
2636118761042, 0.294809, 0.374680
2639176903456, 0.294797, 0.374663
2642235045870, 0.294788, 0.374661
2645293188284, 0.294778, 0.374645
2648351330698, 0.294771, 0.374641
2651409473113, 0.294766, 0.374639
2654467615527, 0.294756, 0.374628
2657525757941, 0.294745, 0.374615
2660583900355, 0.294738, 0.374606
2663642042769, 0.294731, 0.374595
2666700185184, 0.294728, 0.374595
2669758327598, 0.294723, 0.374586
2672816470012, 0.294709, 0.374575
2675874612426, 0.294707, 0.374569
2678932754840, 0.294699, 0.374551
2681990897255, 0.294695, 0.374542
2685049039669, 0.294683, 0.374534
2688107182083, 0.294671, 0.374523
2691165324497, 0.294663, 0.374509
2694223466911, 0.294663, 0.374507
2697281609326, 0.294658, 0.374501
2700339751740, 0.294651, 0.374496
2703397894154, 0.294640, 0.374490
2706456036568, 0.294632, 0.374481
2709514178982, 0.294630, 0.374479
2712572321397, 0.294618, 0.374463
2715630463811, 0.294613, 0.374459
2718688606225, 0.294609, 0.374455
2721746748639, 0.294606, 0.374450
2724804891053, 0.294602, 0.374446
2727863033468, 0.294597, 0.374435
2730921175882, 0.294584, 0.374417
2733979318296, 0.294580, 0.374411
2737037460710, 0.294566, 0.374393
2740095603124, 0.294556, 0.374387
2743153745539, 0.294551, 0.374380
2746211887953, 0.294542, 0.374374
2749270030367, 0.294539, 0.374365
2752328172781, 0.294537, 0.374363
2755386315196, 0.294529, 0.374356
2758444457610, 0.294522, 0.374350
2761502600024, 0.294522, 0.374350
2764560742438, 0.294515, 0.374345
2767618884852, 0.294503, 0.374339
2770677027267, 0.294503, 0.374332
2773735169681, 0.294499, 0.374323
2776793312095, 0.294492, 0.374317
2779851454509, 0.294487, 0.374308
2782909596923, 0.294487, 0.374306
2785967739338, 0.294475, 0.374297
2789025881752, 0.294472, 0.374293
2792084024166, 0.294470, 0.374290
2795142166580, 0.294463, 0.374288
2798200308994, 0.294456, 0.374282
2801258451409, 0.294448, 0.374273
2804316593823, 0.294441, 0.374266
2807374736237, 0.294436, 0.374253
2810432878651, 0.294427, 0.374240
2813491021065, 0.294427, 0.374240
2816549163480, 0.294425, 0.374238
2819607305894, 0.294420, 0.374227
2822665448308, 0.294413, 0.374223
2825723590722, 0.294408, 0.374216
2828781733136, 0.294406, 0.374212
2831839875551, 0.294401, 0.374207
2834898017965, 0.294396, 0.374207
2837956160379, 0.294391, 0.374205
2841014302793, 0.294388, 0.374201
2844072445207, 0.294382, 0.374196
2847130587622, 0.294375, 0.374194
2850188730036, 0.294374, 0.374194
2853246872450, 0.294369, 0.374188
2856305014864, 0.294367, 0.374188
2859363157278, 0.294367, 0.374183
2862421299693, 0.294365, 0.374181
2865479442107, 0.294360, 0.374177
2868537584521, 0.294353, 0.374170
2871595726935, 0.294351, 0.374170
2874653869349, 0.294345, 0.374163
2877712011764, 0.294345, 0.374163
2880770154178, 0.294341, 0.374157
2883828296592, 0.294341, 0.374155
2886886439006, 0.294338, 0.374150
2889944581420, 0.294338, 0.374148
2893002723835, 0.294336, 0.374148
2896060866249, 0.294329, 0.374142
2899119008663, 0.294322, 0.374133
2902177151077, 0.294315, 0.374124
2905235293491, 0.294315, 0.374124
2908293435906, 0.294310, 0.374115
2911351578320, 0.294308, 0.374111
2914409720734, 0.294308, 0.374111
2917467863148, 0.294305, 0.374104
2920526005562, 0.294303, 0.374102
2923584147977, 0.294298, 0.374096
2926642290391, 0.294293, 0.374096
2929700432805, 0.294283, 0.374091
2932758575219, 0.294274, 0.374085
2935816717633, 0.294272, 0.374082
2938874860048, 0.294271, 0.374082
2941933002462, 0.294265, 0.374072
2944991144876, 0.294264, 0.374067
2948049287290, 0.294262, 0.374065
2951107429704, 0.294260, 0.374063
2954165572119, 0.294255, 0.374052
2957223714533, 0.294255, 0.374052
2960281856947, 0.294253, 0.374052
2963339999361, 0.294250, 0.374043
2966398141775, 0.294250, 0.374043
2969456284190, 0.294250, 0.374043
2972514426604, 0.294247, 0.374039
2975572569018, 0.294243, 0.374034
2978630711432, 0.294241, 0.374034
2981688853846, 0.294240, 0.374034
2984746996261, 0.294238, 0.374030
2987805138675, 0.294234, 0.374028
2990863281089, 0.294233, 0.374028
2993921423503, 0.294231, 0.374026
2996979565917, 0.294229, 0.374023
3000037708332, 0.294226, 0.374019
3003095850746, 0.294224, 0.374017
3006153993160, 0.294221, 0.374015
3009212135574, 0.294221, 0.374015
3012270277988, 0.294221, 0.374015
3015328420403, 0.294221, 0.374015
3018386562817, 0.294221, 0.374012
3021444705231, 0.294221, 0.374012
3024502847645, 0.294221, 0.374012
3027560990059, 0.294221, 0.374012
3030619132474, 0.294221, 0.374012
3033677274888, 0.294221, 0.374012
3036735417302, 0.294219, 0.374012
3039793559716, 0.294219, 0.374012
3042851702130, 0.294219, 0.374010
3045909844545, 0.294217, 0.374008
3048967986959, 0.294217, 0.374008
3052026129373, 0.294216, 0.374006
3055084271787, 0.294216, 0.374006
3058142414202, 0.294216, 0.374006
Time used: 64270 ms
