logging to /opt/flows_res_1000/2016020500-2016020600_unique/tenant_1_profile_res-FIX_RATE-FLOWS-0.01.csvtracefile: /data1/tenant_trace/2016020500-2016020600_unique/tenant_1_trace
open file /data1/tenant_trace/2016020500-2016020600_unique/tenant_1_trace
[FILE]: /data1/tenant_trace/2016020500-2016020600_unique/tenant_1_trace
total_access_num: 164
total_access_size: 439619
unique_access_num: 164
unique_access_size: 439619
min_item_size: 1
[method]: FLOWS
[metric]: MAE
[seed]: 42
[sample_method]: FIX_RATE
[sample_metric]: 0.01
MAEQ_factor: 1.013092
cache_size, BMRC_ratio, OMRC_ratio
439, 1.000000, 1.000000
879, 1.000000, 1.000000
1318, 1.000000, 1.000000
1758, 1.000000, 1.000000
2198, 1.000000, 1.000000
2637, 1.000000, 1.000000
3077, 1.000000, 1.000000
3516, 1.000000, 1.000000
3956, 1.000000, 1.000000
4396, 1.000000, 1.000000
4835, 1.000000, 1.000000
5275, 1.000000, 1.000000
5715, 1.000000, 1.000000
6154, 1.000000, 1.000000
6594, 1.000000, 1.000000
7033, 1.000000, 1.000000
7473, 1.000000, 1.000000
7913, 1.000000, 1.000000
8352, 1.000000, 1.000000
8792, 1.000000, 1.000000
9231, 1.000000, 1.000000
9671, 1.000000, 1.000000
10111, 1.000000, 1.000000
10550, 1.000000, 1.000000
10990, 1.000000, 1.000000
11430, 1.000000, 1.000000
11869, 1.000000, 1.000000
12309, 1.000000, 1.000000
12748, 1.000000, 1.000000
13188, 1.000000, 1.000000
13628, 1.000000, 1.000000
14067, 1.000000, 1.000000
14507, 1.000000, 1.000000
14947, 1.000000, 1.000000
15386, 1.000000, 1.000000
15826, 1.000000, 1.000000
16265, 1.000000, 1.000000
16705, 1.000000, 1.000000
17145, 1.000000, 1.000000
17584, 1.000000, 1.000000
18024, 1.000000, 1.000000
18463, 1.000000, 1.000000
18903, 1.000000, 1.000000
19343, 1.000000, 1.000000
19782, 1.000000, 1.000000
20222, 1.000000, 1.000000
20662, 1.000000, 1.000000
21101, 1.000000, 1.000000
21541, 1.000000, 1.000000
21980, 1.000000, 1.000000
22420, 1.000000, 1.000000
22860, 1.000000, 1.000000
23299, 1.000000, 1.000000
23739, 1.000000, 1.000000
24179, 1.000000, 1.000000
24618, 1.000000, 1.000000
25058, 1.000000, 1.000000
25497, 1.000000, 1.000000
25937, 1.000000, 1.000000
26377, 1.000000, 1.000000
26816, 1.000000, 1.000000
27256, 1.000000, 1.000000
27695, 1.000000, 1.000000
28135, 1.000000, 1.000000
28575, 1.000000, 1.000000
29014, 1.000000, 1.000000
29454, 1.000000, 1.000000
29894, 1.000000, 1.000000
30333, 1.000000, 1.000000
30773, 1.000000, 1.000000
31212, 1.000000, 1.000000
31652, 1.000000, 1.000000
32092, 1.000000, 1.000000
32531, 1.000000, 1.000000
32971, 1.000000, 1.000000
33411, 1.000000, 1.000000
33850, 1.000000, 1.000000
34290, 1.000000, 1.000000
34729, 1.000000, 1.000000
35169, 1.000000, 1.000000
35609, 1.000000, 1.000000
36048, 1.000000, 1.000000
36488, 1.000000, 1.000000
36927, 1.000000, 1.000000
37367, 1.000000, 1.000000
37807, 1.000000, 1.000000
38246, 1.000000, 1.000000
38686, 1.000000, 1.000000
39126, 1.000000, 1.000000
39565, 1.000000, 1.000000
40005, 1.000000, 1.000000
40444, 1.000000, 1.000000
40884, 1.000000, 1.000000
41324, 1.000000, 1.000000
41763, 1.000000, 1.000000
42203, 1.000000, 1.000000
42643, 1.000000, 1.000000
43082, 1.000000, 1.000000
43522, 1.000000, 1.000000
43961, 1.000000, 1.000000
44401, 1.000000, 1.000000
44841, 1.000000, 1.000000
45280, 1.000000, 1.000000
45720, 1.000000, 1.000000
46159, 1.000000, 1.000000
46599, 1.000000, 1.000000
47039, 1.000000, 1.000000
47478, 1.000000, 1.000000
47918, 1.000000, 1.000000
48358, 1.000000, 1.000000
48797, 1.000000, 1.000000
49237, 1.000000, 1.000000
49676, 1.000000, 1.000000
50116, 1.000000, 1.000000
50556, 1.000000, 1.000000
50995, 1.000000, 1.000000
51435, 1.000000, 1.000000
51875, 1.000000, 1.000000
52314, 1.000000, 1.000000
52754, 1.000000, 1.000000
53193, 1.000000, 1.000000
53633, 1.000000, 1.000000
54073, 1.000000, 1.000000
54512, 1.000000, 1.000000
54952, 1.000000, 1.000000
55391, 1.000000, 1.000000
55831, 1.000000, 1.000000
56271, 1.000000, 1.000000
56710, 1.000000, 1.000000
57150, 1.000000, 1.000000
57590, 1.000000, 1.000000
58029, 1.000000, 1.000000
58469, 1.000000, 1.000000
58908, 1.000000, 1.000000
59348, 1.000000, 1.000000
59788, 1.000000, 1.000000
60227, 1.000000, 1.000000
60667, 1.000000, 1.000000
61107, 1.000000, 1.000000
61546, 1.000000, 1.000000
61986, 1.000000, 1.000000
62425, 1.000000, 1.000000
62865, 1.000000, 1.000000
63305, 1.000000, 1.000000
63744, 1.000000, 1.000000
64184, 1.000000, 1.000000
64623, 1.000000, 1.000000
65063, 1.000000, 1.000000
65503, 1.000000, 1.000000
65942, 1.000000, 1.000000
66382, 1.000000, 1.000000
66822, 1.000000, 1.000000
67261, 1.000000, 1.000000
67701, 1.000000, 1.000000
68140, 1.000000, 1.000000
68580, 1.000000, 1.000000
69020, 1.000000, 1.000000
69459, 1.000000, 1.000000
69899, 1.000000, 1.000000
70339, 1.000000, 1.000000
70778, 1.000000, 1.000000
71218, 1.000000, 1.000000
71657, 1.000000, 1.000000
72097, 1.000000, 1.000000
72537, 1.000000, 1.000000
72976, 1.000000, 1.000000
73416, 1.000000, 1.000000
73855, 1.000000, 1.000000
74295, 1.000000, 1.000000
74735, 1.000000, 1.000000
75174, 1.000000, 1.000000
75614, 1.000000, 1.000000
76054, 1.000000, 1.000000
76493, 1.000000, 1.000000
76933, 1.000000, 1.000000
77372, 1.000000, 1.000000
77812, 1.000000, 1.000000
78252, 1.000000, 1.000000
78691, 1.000000, 1.000000
79131, 1.000000, 1.000000
79571, 1.000000, 1.000000
80010, 1.000000, 1.000000
80450, 1.000000, 1.000000
80889, 1.000000, 1.000000
81329, 1.000000, 1.000000
81769, 1.000000, 1.000000
82208, 1.000000, 1.000000
82648, 1.000000, 1.000000
83087, 1.000000, 1.000000
83527, 1.000000, 1.000000
83967, 1.000000, 1.000000
84406, 1.000000, 1.000000
84846, 1.000000, 1.000000
85286, 1.000000, 1.000000
85725, 1.000000, 1.000000
86165, 1.000000, 1.000000
86604, 1.000000, 1.000000
87044, 1.000000, 1.000000
87484, 1.000000, 1.000000
87923, 1.000000, 1.000000
88363, 1.000000, 1.000000
88803, 1.000000, 1.000000
89242, 1.000000, 1.000000
89682, 1.000000, 1.000000
90121, 1.000000, 1.000000
90561, 1.000000, 1.000000
91001, 1.000000, 1.000000
91440, 1.000000, 1.000000
91880, 1.000000, 1.000000
92319, 1.000000, 1.000000
92759, 1.000000, 1.000000
93199, 1.000000, 1.000000
93638, 1.000000, 1.000000
94078, 1.000000, 1.000000
94518, 1.000000, 1.000000
94957, 1.000000, 1.000000
95397, 1.000000, 1.000000
95836, 1.000000, 1.000000
96276, 1.000000, 1.000000
96716, 1.000000, 1.000000
97155, 1.000000, 1.000000
97595, 1.000000, 1.000000
98035, 1.000000, 1.000000
98474, 1.000000, 1.000000
98914, 1.000000, 1.000000
99353, 1.000000, 1.000000
99793, 1.000000, 1.000000
100233, 1.000000, 1.000000
100672, 1.000000, 1.000000
101112, 1.000000, 1.000000
101551, 1.000000, 1.000000
101991, 1.000000, 1.000000
102431, 1.000000, 1.000000
102870, 1.000000, 1.000000
103310, 1.000000, 1.000000
103750, 1.000000, 1.000000
104189, 1.000000, 1.000000
104629, 1.000000, 1.000000
105068, 1.000000, 1.000000
105508, 1.000000, 1.000000
105948, 1.000000, 1.000000
106387, 1.000000, 1.000000
106827, 1.000000, 1.000000
107267, 1.000000, 1.000000
107706, 1.000000, 1.000000
108146, 1.000000, 1.000000
108585, 1.000000, 1.000000
109025, 1.000000, 1.000000
109465, 1.000000, 1.000000
109904, 1.000000, 1.000000
110344, 1.000000, 1.000000
110783, 1.000000, 1.000000
111223, 1.000000, 1.000000
111663, 1.000000, 1.000000
112102, 1.000000, 1.000000
112542, 1.000000, 1.000000
112982, 1.000000, 1.000000
113421, 1.000000, 1.000000
113861, 1.000000, 1.000000
114300, 1.000000, 1.000000
114740, 1.000000, 1.000000
115180, 1.000000, 1.000000
115619, 1.000000, 1.000000
116059, 1.000000, 1.000000
116499, 1.000000, 1.000000
116938, 1.000000, 1.000000
117378, 1.000000, 1.000000
117817, 1.000000, 1.000000
118257, 1.000000, 1.000000
118697, 1.000000, 1.000000
119136, 1.000000, 1.000000
119576, 1.000000, 1.000000
120015, 1.000000, 1.000000
120455, 1.000000, 1.000000
120895, 1.000000, 1.000000
121334, 1.000000, 1.000000
121774, 1.000000, 1.000000
122214, 1.000000, 1.000000
122653, 1.000000, 1.000000
123093, 1.000000, 1.000000
123532, 1.000000, 1.000000
123972, 1.000000, 1.000000
124412, 1.000000, 1.000000
124851, 1.000000, 1.000000
125291, 1.000000, 1.000000
125731, 1.000000, 1.000000
126170, 1.000000, 1.000000
126610, 1.000000, 1.000000
127049, 1.000000, 1.000000
127489, 1.000000, 1.000000
127929, 1.000000, 1.000000
128368, 1.000000, 1.000000
128808, 1.000000, 1.000000
129247, 1.000000, 1.000000
129687, 1.000000, 1.000000
130127, 1.000000, 1.000000
130566, 1.000000, 1.000000
131006, 1.000000, 1.000000
131446, 1.000000, 1.000000
131885, 1.000000, 1.000000
132325, 1.000000, 1.000000
132764, 1.000000, 1.000000
133204, 1.000000, 1.000000
133644, 1.000000, 1.000000
134083, 1.000000, 1.000000
134523, 1.000000, 1.000000
134963, 1.000000, 1.000000
135402, 1.000000, 1.000000
135842, 1.000000, 1.000000
136281, 1.000000, 1.000000
136721, 1.000000, 1.000000
137161, 1.000000, 1.000000
137600, 1.000000, 1.000000
138040, 1.000000, 1.000000
138479, 1.000000, 1.000000
138919, 1.000000, 1.000000
139359, 1.000000, 1.000000
139798, 1.000000, 1.000000
140238, 1.000000, 1.000000
140678, 1.000000, 1.000000
141117, 1.000000, 1.000000
141557, 1.000000, 1.000000
141996, 1.000000, 1.000000
142436, 1.000000, 1.000000
142876, 1.000000, 1.000000
143315, 1.000000, 1.000000
143755, 1.000000, 1.000000
144195, 1.000000, 1.000000
144634, 1.000000, 1.000000
145074, 1.000000, 1.000000
145513, 1.000000, 1.000000
145953, 1.000000, 1.000000
146393, 1.000000, 1.000000
146832, 1.000000, 1.000000
147272, 1.000000, 1.000000
147711, 1.000000, 1.000000
148151, 1.000000, 1.000000
148591, 1.000000, 1.000000
149030, 1.000000, 1.000000
149470, 1.000000, 1.000000
149910, 1.000000, 1.000000
150349, 1.000000, 1.000000
150789, 1.000000, 1.000000
151228, 1.000000, 1.000000
151668, 1.000000, 1.000000
152108, 1.000000, 1.000000
152547, 1.000000, 1.000000
152987, 1.000000, 1.000000
153427, 1.000000, 1.000000
153866, 1.000000, 1.000000
154306, 1.000000, 1.000000
154745, 1.000000, 1.000000
155185, 1.000000, 1.000000
155625, 1.000000, 1.000000
156064, 1.000000, 1.000000
156504, 1.000000, 1.000000
156943, 1.000000, 1.000000
157383, 1.000000, 1.000000
157823, 1.000000, 1.000000
158262, 1.000000, 1.000000
158702, 1.000000, 1.000000
159142, 1.000000, 1.000000
159581, 1.000000, 1.000000
160021, 1.000000, 1.000000
160460, 1.000000, 1.000000
160900, 1.000000, 1.000000
161340, 1.000000, 1.000000
161779, 1.000000, 1.000000
162219, 1.000000, 1.000000
162659, 1.000000, 1.000000
163098, 1.000000, 1.000000
163538, 1.000000, 1.000000
163977, 1.000000, 1.000000
164417, 1.000000, 1.000000
164857, 1.000000, 1.000000
165296, 1.000000, 1.000000
165736, 1.000000, 1.000000
166175, 1.000000, 1.000000
166615, 1.000000, 1.000000
167055, 1.000000, 1.000000
167494, 1.000000, 1.000000
167934, 1.000000, 1.000000
168374, 1.000000, 1.000000
168813, 1.000000, 1.000000
169253, 1.000000, 1.000000
169692, 1.000000, 1.000000
170132, 1.000000, 1.000000
170572, 1.000000, 1.000000
171011, 1.000000, 1.000000
171451, 1.000000, 1.000000
171891, 1.000000, 1.000000
172330, 1.000000, 1.000000
172770, 1.000000, 1.000000
173209, 1.000000, 1.000000
173649, 1.000000, 1.000000
174089, 1.000000, 1.000000
174528, 1.000000, 1.000000
174968, 1.000000, 1.000000
175407, 1.000000, 1.000000
175847, 1.000000, 1.000000
176287, 1.000000, 1.000000
176726, 1.000000, 1.000000
177166, 1.000000, 1.000000
177606, 1.000000, 1.000000
178045, 1.000000, 1.000000
178485, 1.000000, 1.000000
178924, 1.000000, 1.000000
179364, 1.000000, 1.000000
179804, 1.000000, 1.000000
180243, 1.000000, 1.000000
180683, 1.000000, 1.000000
181123, 1.000000, 1.000000
181562, 1.000000, 1.000000
182002, 1.000000, 1.000000
182441, 1.000000, 1.000000
182881, 1.000000, 1.000000
183321, 1.000000, 1.000000
183760, 1.000000, 1.000000
184200, 1.000000, 1.000000
184639, 1.000000, 1.000000
185079, 1.000000, 1.000000
185519, 1.000000, 1.000000
185958, 1.000000, 1.000000
186398, 1.000000, 1.000000
186838, 1.000000, 1.000000
187277, 1.000000, 1.000000
187717, 1.000000, 1.000000
188156, 1.000000, 1.000000
188596, 1.000000, 1.000000
189036, 1.000000, 1.000000
189475, 1.000000, 1.000000
189915, 1.000000, 1.000000
190355, 1.000000, 1.000000
190794, 1.000000, 1.000000
191234, 1.000000, 1.000000
191673, 1.000000, 1.000000
192113, 1.000000, 1.000000
192553, 1.000000, 1.000000
192992, 1.000000, 1.000000
193432, 1.000000, 1.000000
193871, 1.000000, 1.000000
194311, 1.000000, 1.000000
194751, 1.000000, 1.000000
195190, 1.000000, 1.000000
195630, 1.000000, 1.000000
196070, 1.000000, 1.000000
196509, 1.000000, 1.000000
196949, 1.000000, 1.000000
197388, 1.000000, 1.000000
197828, 1.000000, 1.000000
198268, 1.000000, 1.000000
198707, 1.000000, 1.000000
199147, 1.000000, 1.000000
199587, 1.000000, 1.000000
200026, 1.000000, 1.000000
200466, 1.000000, 1.000000
200905, 1.000000, 1.000000
201345, 1.000000, 1.000000
201785, 1.000000, 1.000000
202224, 1.000000, 1.000000
202664, 1.000000, 1.000000
203103, 1.000000, 1.000000
203543, 1.000000, 1.000000
203983, 1.000000, 1.000000
204422, 1.000000, 1.000000
204862, 1.000000, 1.000000
205302, 1.000000, 1.000000
205741, 1.000000, 1.000000
206181, 1.000000, 1.000000
206620, 1.000000, 1.000000
207060, 1.000000, 1.000000
207500, 1.000000, 1.000000
207939, 1.000000, 1.000000
208379, 1.000000, 1.000000
208819, 1.000000, 1.000000
209258, 1.000000, 1.000000
209698, 1.000000, 1.000000
210137, 1.000000, 1.000000
210577, 1.000000, 1.000000
211017, 1.000000, 1.000000
211456, 1.000000, 1.000000
211896, 1.000000, 1.000000
212335, 1.000000, 1.000000
212775, 1.000000, 1.000000
213215, 1.000000, 1.000000
213654, 1.000000, 1.000000
214094, 1.000000, 1.000000
214534, 1.000000, 1.000000
214973, 1.000000, 1.000000
215413, 1.000000, 1.000000
215852, 1.000000, 1.000000
216292, 1.000000, 1.000000
216732, 1.000000, 1.000000
217171, 1.000000, 1.000000
217611, 1.000000, 1.000000
218051, 1.000000, 1.000000
218490, 1.000000, 1.000000
218930, 1.000000, 1.000000
219369, 1.000000, 1.000000
219809, 1.000000, 1.000000
220249, 1.000000, 1.000000
220688, 1.000000, 1.000000
221128, 1.000000, 1.000000
221567, 1.000000, 1.000000
222007, 1.000000, 1.000000
222447, 1.000000, 1.000000
222886, 1.000000, 1.000000
223326, 1.000000, 1.000000
223766, 1.000000, 1.000000
224205, 1.000000, 1.000000
224645, 1.000000, 1.000000
225084, 1.000000, 1.000000
225524, 1.000000, 1.000000
225964, 1.000000, 1.000000
226403, 1.000000, 1.000000
226843, 1.000000, 1.000000
227283, 1.000000, 1.000000
227722, 1.000000, 1.000000
228162, 1.000000, 1.000000
228601, 1.000000, 1.000000
229041, 1.000000, 1.000000
229481, 1.000000, 1.000000
229920, 1.000000, 1.000000
230360, 1.000000, 1.000000
230799, 1.000000, 1.000000
231239, 1.000000, 1.000000
231679, 1.000000, 1.000000
232118, 1.000000, 1.000000
232558, 1.000000, 1.000000
232998, 1.000000, 1.000000
233437, 1.000000, 1.000000
233877, 1.000000, 1.000000
234316, 1.000000, 1.000000
234756, 1.000000, 1.000000
235196, 1.000000, 1.000000
235635, 1.000000, 1.000000
236075, 1.000000, 1.000000
236515, 1.000000, 1.000000
236954, 1.000000, 1.000000
237394, 1.000000, 1.000000
237833, 1.000000, 1.000000
238273, 1.000000, 1.000000
238713, 1.000000, 1.000000
239152, 1.000000, 1.000000
239592, 1.000000, 1.000000
240031, 1.000000, 1.000000
240471, 1.000000, 1.000000
240911, 1.000000, 1.000000
241350, 1.000000, 1.000000
241790, 1.000000, 1.000000
242230, 1.000000, 1.000000
242669, 1.000000, 1.000000
243109, 1.000000, 1.000000
243548, 1.000000, 1.000000
243988, 1.000000, 1.000000
244428, 1.000000, 1.000000
244867, 1.000000, 1.000000
245307, 1.000000, 1.000000
245747, 1.000000, 1.000000
246186, 1.000000, 1.000000
246626, 1.000000, 1.000000
247065, 1.000000, 1.000000
247505, 1.000000, 1.000000
247945, 1.000000, 1.000000
248384, 1.000000, 1.000000
248824, 1.000000, 1.000000
249263, 1.000000, 1.000000
249703, 1.000000, 1.000000
250143, 1.000000, 1.000000
250582, 1.000000, 1.000000
251022, 1.000000, 1.000000
251462, 1.000000, 1.000000
251901, 1.000000, 1.000000
252341, 1.000000, 1.000000
252780, 1.000000, 1.000000
253220, 1.000000, 1.000000
253660, 1.000000, 1.000000
254099, 1.000000, 1.000000
254539, 1.000000, 1.000000
254979, 1.000000, 1.000000
255418, 1.000000, 1.000000
255858, 1.000000, 1.000000
256297, 1.000000, 1.000000
256737, 1.000000, 1.000000
257177, 1.000000, 1.000000
257616, 1.000000, 1.000000
258056, 1.000000, 1.000000
258495, 1.000000, 1.000000
258935, 1.000000, 1.000000
259375, 1.000000, 1.000000
259814, 1.000000, 1.000000
260254, 1.000000, 1.000000
260694, 1.000000, 1.000000
261133, 1.000000, 1.000000
261573, 1.000000, 1.000000
262012, 1.000000, 1.000000
262452, 1.000000, 1.000000
262892, 1.000000, 1.000000
263331, 1.000000, 1.000000
263771, 1.000000, 1.000000
264211, 1.000000, 1.000000
264650, 1.000000, 1.000000
265090, 1.000000, 1.000000
265529, 1.000000, 1.000000
265969, 1.000000, 1.000000
266409, 1.000000, 1.000000
266848, 1.000000, 1.000000
267288, 1.000000, 1.000000
267727, 1.000000, 1.000000
268167, 1.000000, 1.000000
268607, 1.000000, 1.000000
269046, 1.000000, 1.000000
269486, 1.000000, 1.000000
269926, 1.000000, 1.000000
270365, 1.000000, 1.000000
270805, 1.000000, 1.000000
271244, 1.000000, 1.000000
271684, 1.000000, 1.000000
272124, 1.000000, 1.000000
272563, 1.000000, 1.000000
273003, 1.000000, 1.000000
273443, 1.000000, 1.000000
273882, 1.000000, 1.000000
274322, 1.000000, 1.000000
274761, 1.000000, 1.000000
275201, 1.000000, 1.000000
275641, 1.000000, 1.000000
276080, 1.000000, 1.000000
276520, 1.000000, 1.000000
276959, 1.000000, 1.000000
277399, 1.000000, 1.000000
277839, 1.000000, 1.000000
278278, 1.000000, 1.000000
278718, 1.000000, 1.000000
279158, 1.000000, 1.000000
279597, 1.000000, 1.000000
280037, 1.000000, 1.000000
280476, 1.000000, 1.000000
280916, 1.000000, 1.000000
281356, 1.000000, 1.000000
281795, 1.000000, 1.000000
282235, 1.000000, 1.000000
282675, 1.000000, 1.000000
283114, 1.000000, 1.000000
283554, 1.000000, 1.000000
283993, 1.000000, 1.000000
284433, 1.000000, 1.000000
284873, 1.000000, 1.000000
285312, 1.000000, 1.000000
285752, 1.000000, 1.000000
286191, 1.000000, 1.000000
286631, 1.000000, 1.000000
287071, 1.000000, 1.000000
287510, 1.000000, 1.000000
287950, 1.000000, 1.000000
288390, 1.000000, 1.000000
288829, 1.000000, 1.000000
289269, 1.000000, 1.000000
289708, 1.000000, 1.000000
290148, 1.000000, 1.000000
290588, 1.000000, 1.000000
291027, 1.000000, 1.000000
291467, 1.000000, 1.000000
291907, 1.000000, 1.000000
292346, 1.000000, 1.000000
292786, 1.000000, 1.000000
293225, 1.000000, 1.000000
293665, 1.000000, 1.000000
294105, 1.000000, 1.000000
294544, 1.000000, 1.000000
294984, 1.000000, 1.000000
295423, 1.000000, 1.000000
295863, 1.000000, 1.000000
296303, 1.000000, 1.000000
296742, 1.000000, 1.000000
297182, 1.000000, 1.000000
297622, 1.000000, 1.000000
298061, 1.000000, 1.000000
298501, 1.000000, 1.000000
298940, 1.000000, 1.000000
299380, 1.000000, 1.000000
299820, 1.000000, 1.000000
300259, 1.000000, 1.000000
300699, 1.000000, 1.000000
301139, 1.000000, 1.000000
301578, 1.000000, 1.000000
302018, 1.000000, 1.000000
302457, 1.000000, 1.000000
302897, 1.000000, 1.000000
303337, 1.000000, 1.000000
303776, 1.000000, 1.000000
304216, 1.000000, 1.000000
304655, 1.000000, 1.000000
305095, 1.000000, 1.000000
305535, 1.000000, 1.000000
305974, 1.000000, 1.000000
306414, 1.000000, 1.000000
306854, 1.000000, 1.000000
307293, 1.000000, 1.000000
307733, 1.000000, 1.000000
308172, 1.000000, 1.000000
308612, 1.000000, 1.000000
309052, 1.000000, 1.000000
309491, 1.000000, 1.000000
309931, 1.000000, 1.000000
310371, 1.000000, 1.000000
310810, 1.000000, 1.000000
311250, 1.000000, 1.000000
311689, 1.000000, 1.000000
312129, 1.000000, 1.000000
312569, 1.000000, 1.000000
313008, 1.000000, 1.000000
313448, 1.000000, 1.000000
313887, 1.000000, 1.000000
314327, 1.000000, 1.000000
314767, 1.000000, 1.000000
315206, 1.000000, 1.000000
315646, 1.000000, 1.000000
316086, 1.000000, 1.000000
316525, 1.000000, 1.000000
316965, 1.000000, 1.000000
317404, 1.000000, 1.000000
317844, 1.000000, 1.000000
318284, 1.000000, 1.000000
318723, 1.000000, 1.000000
319163, 1.000000, 1.000000
319603, 1.000000, 1.000000
320042, 1.000000, 1.000000
320482, 1.000000, 1.000000
320921, 1.000000, 1.000000
321361, 1.000000, 1.000000
321801, 1.000000, 1.000000
322240, 1.000000, 1.000000
322680, 1.000000, 1.000000
323119, 1.000000, 1.000000
323559, 1.000000, 1.000000
323999, 1.000000, 1.000000
324438, 1.000000, 1.000000
324878, 1.000000, 1.000000
325318, 1.000000, 1.000000
325757, 1.000000, 1.000000
326197, 1.000000, 1.000000
326636, 1.000000, 1.000000
327076, 1.000000, 1.000000
327516, 1.000000, 1.000000
327955, 1.000000, 1.000000
328395, 1.000000, 1.000000
328835, 1.000000, 1.000000
329274, 1.000000, 1.000000
329714, 1.000000, 1.000000
330153, 1.000000, 1.000000
330593, 1.000000, 1.000000
331033, 1.000000, 1.000000
331472, 1.000000, 1.000000
331912, 1.000000, 1.000000
332351, 1.000000, 1.000000
332791, 1.000000, 1.000000
333231, 1.000000, 1.000000
333670, 1.000000, 1.000000
334110, 1.000000, 1.000000
334550, 1.000000, 1.000000
334989, 1.000000, 1.000000
335429, 1.000000, 1.000000
335868, 1.000000, 1.000000
336308, 1.000000, 1.000000
336748, 1.000000, 1.000000
337187, 1.000000, 1.000000
337627, 1.000000, 1.000000
338067, 1.000000, 1.000000
338506, 1.000000, 1.000000
338946, 1.000000, 1.000000
339385, 1.000000, 1.000000
339825, 1.000000, 1.000000
340265, 1.000000, 1.000000
340704, 1.000000, 1.000000
341144, 1.000000, 1.000000
341583, 1.000000, 1.000000
342023, 1.000000, 1.000000
342463, 1.000000, 1.000000
342902, 1.000000, 1.000000
343342, 1.000000, 1.000000
343782, 1.000000, 1.000000
344221, 1.000000, 1.000000
344661, 1.000000, 1.000000
345100, 1.000000, 1.000000
345540, 1.000000, 1.000000
345980, 1.000000, 1.000000
346419, 1.000000, 1.000000
346859, 1.000000, 1.000000
347299, 1.000000, 1.000000
347738, 1.000000, 1.000000
348178, 1.000000, 1.000000
348617, 1.000000, 1.000000
349057, 1.000000, 1.000000
349497, 1.000000, 1.000000
349936, 1.000000, 1.000000
350376, 1.000000, 1.000000
350815, 1.000000, 1.000000
351255, 1.000000, 1.000000
351695, 1.000000, 1.000000
352134, 1.000000, 1.000000
352574, 1.000000, 1.000000
353014, 1.000000, 1.000000
353453, 1.000000, 1.000000
353893, 1.000000, 1.000000
354332, 1.000000, 1.000000
354772, 1.000000, 1.000000
355212, 1.000000, 1.000000
355651, 1.000000, 1.000000
356091, 1.000000, 1.000000
356531, 1.000000, 1.000000
356970, 1.000000, 1.000000
357410, 1.000000, 1.000000
357849, 1.000000, 1.000000
358289, 1.000000, 1.000000
358729, 1.000000, 1.000000
359168, 1.000000, 1.000000
359608, 1.000000, 1.000000
360047, 1.000000, 1.000000
360487, 1.000000, 1.000000
360927, 1.000000, 1.000000
361366, 1.000000, 1.000000
361806, 1.000000, 1.000000
362246, 1.000000, 1.000000
362685, 1.000000, 1.000000
363125, 1.000000, 1.000000
363564, 1.000000, 1.000000
364004, 1.000000, 1.000000
364444, 1.000000, 1.000000
364883, 1.000000, 1.000000
365323, 1.000000, 1.000000
365763, 1.000000, 1.000000
366202, 1.000000, 1.000000
366642, 1.000000, 1.000000
367081, 1.000000, 1.000000
367521, 1.000000, 1.000000
367961, 1.000000, 1.000000
368400, 1.000000, 1.000000
368840, 1.000000, 1.000000
369279, 1.000000, 1.000000
369719, 1.000000, 1.000000
370159, 1.000000, 1.000000
370598, 1.000000, 1.000000
371038, 1.000000, 1.000000
371478, 1.000000, 1.000000
371917, 1.000000, 1.000000
372357, 1.000000, 1.000000
372796, 1.000000, 1.000000
373236, 1.000000, 1.000000
373676, 1.000000, 1.000000
374115, 1.000000, 1.000000
374555, 1.000000, 1.000000
374995, 1.000000, 1.000000
375434, 1.000000, 1.000000
375874, 1.000000, 1.000000
376313, 1.000000, 1.000000
376753, 1.000000, 1.000000
377193, 1.000000, 1.000000
377632, 1.000000, 1.000000
378072, 1.000000, 1.000000
378511, 1.000000, 1.000000
378951, 1.000000, 1.000000
379391, 1.000000, 1.000000
379830, 1.000000, 1.000000
380270, 1.000000, 1.000000
380710, 1.000000, 1.000000
381149, 1.000000, 1.000000
381589, 1.000000, 1.000000
382028, 1.000000, 1.000000
382468, 1.000000, 1.000000
382908, 1.000000, 1.000000
383347, 1.000000, 1.000000
383787, 1.000000, 1.000000
384227, 1.000000, 1.000000
384666, 1.000000, 1.000000
385106, 1.000000, 1.000000
385545, 1.000000, 1.000000
385985, 1.000000, 1.000000
386425, 1.000000, 1.000000
386864, 1.000000, 1.000000
387304, 1.000000, 1.000000
387743, 1.000000, 1.000000
388183, 1.000000, 1.000000
388623, 1.000000, 1.000000
389062, 1.000000, 1.000000
389502, 1.000000, 1.000000
389942, 1.000000, 1.000000
390381, 1.000000, 1.000000
390821, 1.000000, 1.000000
391260, 1.000000, 1.000000
391700, 1.000000, 1.000000
392140, 1.000000, 1.000000
392579, 1.000000, 1.000000
393019, 1.000000, 1.000000
393459, 1.000000, 1.000000
393898, 1.000000, 1.000000
394338, 1.000000, 1.000000
394777, 1.000000, 1.000000
395217, 1.000000, 1.000000
395657, 1.000000, 1.000000
396096, 1.000000, 1.000000
396536, 1.000000, 1.000000
396975, 1.000000, 1.000000
397415, 1.000000, 1.000000
397855, 1.000000, 1.000000
398294, 1.000000, 1.000000
398734, 1.000000, 1.000000
399174, 1.000000, 1.000000
399613, 1.000000, 1.000000
400053, 1.000000, 1.000000
400492, 1.000000, 1.000000
400932, 1.000000, 1.000000
401372, 1.000000, 1.000000
401811, 1.000000, 1.000000
402251, 1.000000, 1.000000
402691, 1.000000, 1.000000
403130, 1.000000, 1.000000
403570, 1.000000, 1.000000
404009, 1.000000, 1.000000
404449, 1.000000, 1.000000
404889, 1.000000, 1.000000
405328, 1.000000, 1.000000
405768, 1.000000, 1.000000
406207, 1.000000, 1.000000
406647, 1.000000, 1.000000
407087, 1.000000, 1.000000
407526, 1.000000, 1.000000
407966, 1.000000, 1.000000
408406, 1.000000, 1.000000
408845, 1.000000, 1.000000
409285, 1.000000, 1.000000
409724, 1.000000, 1.000000
410164, 1.000000, 1.000000
410604, 1.000000, 1.000000
411043, 1.000000, 1.000000
411483, 1.000000, 1.000000
411923, 1.000000, 1.000000
412362, 1.000000, 1.000000
412802, 1.000000, 1.000000
413241, 1.000000, 1.000000
413681, 1.000000, 1.000000
414121, 1.000000, 1.000000
414560, 1.000000, 1.000000
415000, 1.000000, 1.000000
415439, 1.000000, 1.000000
415879, 1.000000, 1.000000
416319, 1.000000, 1.000000
416758, 1.000000, 1.000000
417198, 1.000000, 1.000000
417638, 1.000000, 1.000000
418077, 1.000000, 1.000000
418517, 1.000000, 1.000000
418956, 1.000000, 1.000000
419396, 1.000000, 1.000000
419836, 1.000000, 1.000000
420275, 1.000000, 1.000000
420715, 1.000000, 1.000000
421155, 1.000000, 1.000000
421594, 1.000000, 1.000000
422034, 1.000000, 1.000000
422473, 1.000000, 1.000000
422913, 1.000000, 1.000000
423353, 1.000000, 1.000000
423792, 1.000000, 1.000000
424232, 1.000000, 1.000000
424671, 1.000000, 1.000000
425111, 1.000000, 1.000000
425551, 1.000000, 1.000000
425990, 1.000000, 1.000000
426430, 1.000000, 1.000000
426870, 1.000000, 1.000000
427309, 1.000000, 1.000000
427749, 1.000000, 1.000000
428188, 1.000000, 1.000000
428628, 1.000000, 1.000000
429068, 1.000000, 1.000000
429507, 1.000000, 1.000000
429947, 1.000000, 1.000000
430387, 1.000000, 1.000000
430826, 1.000000, 1.000000
431266, 1.000000, 1.000000
431705, 1.000000, 1.000000
432145, 1.000000, 1.000000
432585, 1.000000, 1.000000
433024, 1.000000, 1.000000
433464, 1.000000, 1.000000
433903, 1.000000, 1.000000
434343, 1.000000, 1.000000
434783, 1.000000, 1.000000
435222, 1.000000, 1.000000
435662, 1.000000, 1.000000
436102, 1.000000, 1.000000
436541, 1.000000, 1.000000
436981, 1.000000, 1.000000
437420, 1.000000, 1.000000
437860, 1.000000, 1.000000
438300, 1.000000, 1.000000
438739, 1.000000, 1.000000
439179, 1.000000, 1.000000
439619, 1.000000, 1.000000
Time used: 0 ms
