logging to /opt/flows_res_1000/2016020500-2016020600_unique/tenant_5_profile_res-FIX_RATE-FLOWS-0.01.csvtracefile: /data1/tenant_trace/2016020500-2016020600_unique/tenant_5_trace
open file /data1/tenant_trace/2016020500-2016020600_unique/tenant_5_trace
read 1000000 lines
read 2000000 lines
read 3000000 lines
read 4000000 lines
read 5000000 lines
read 6000000 lines
read 7000000 lines
read 8000000 lines
read 9000000 lines
read 10000000 lines
read 11000000 lines
read 12000000 lines
read 13000000 lines
read 14000000 lines
read 15000000 lines
read 16000000 lines
read 17000000 lines
read 18000000 lines
read 19000000 lines
read 20000000 lines
read 21000000 lines
read 22000000 lines
read 23000000 lines
read 24000000 lines
read 25000000 lines
read 26000000 lines
read 27000000 lines
read 28000000 lines
read 29000000 lines
read 30000000 lines
read 31000000 lines
read 32000000 lines
read 33000000 lines
read 34000000 lines
read 35000000 lines
read 36000000 lines
read 37000000 lines
read 38000000 lines
read 39000000 lines
read 40000000 lines
read 41000000 lines
read 42000000 lines
read 43000000 lines
read 44000000 lines
read 45000000 lines
read 46000000 lines
read 47000000 lines
read 48000000 lines
read 49000000 lines
read 50000000 lines
read 51000000 lines
read 52000000 lines
read 53000000 lines
read 54000000 lines
read 55000000 lines
read 56000000 lines
read 57000000 lines
read 58000000 lines
read 59000000 lines
read 60000000 lines
read 61000000 lines
read 62000000 lines
read 63000000 lines
read 64000000 lines
read 65000000 lines
read 66000000 lines
read 67000000 lines
read 68000000 lines
read 69000000 lines
read 70000000 lines
read 71000000 lines
read 72000000 lines
read 73000000 lines
read 74000000 lines
read 75000000 lines
read 76000000 lines
read 77000000 lines
read 78000000 lines
read 79000000 lines
read 80000000 lines
read 81000000 lines
read 82000000 lines
read 83000000 lines
read 84000000 lines
read 85000000 lines
read 86000000 lines
read 87000000 lines
read 88000000 lines
read 89000000 lines
read 90000000 lines
read 91000000 lines
read 92000000 lines
read 93000000 lines
read 94000000 lines
read 95000000 lines
read 96000000 lines
read 97000000 lines
read 98000000 lines
read 99000000 lines
read 100000000 lines
read 101000000 lines
read 102000000 lines
read 103000000 lines
read 104000000 lines
read 105000000 lines
read 106000000 lines
read 107000000 lines
read 108000000 lines
read 109000000 lines
read 110000000 lines
read 111000000 lines
read 112000000 lines
read 113000000 lines
read 114000000 lines
read 115000000 lines
read 116000000 lines
read 117000000 lines
read 118000000 lines
read 119000000 lines
read 120000000 lines
read 121000000 lines
read 122000000 lines
read 123000000 lines
read 124000000 lines
read 125000000 lines
read 126000000 lines
read 127000000 lines
read 128000000 lines
read 129000000 lines
read 130000000 lines
read 131000000 lines
read 132000000 lines
read 133000000 lines
read 134000000 lines
read 135000000 lines
read 136000000 lines
read 137000000 lines
read 138000000 lines
read 139000000 lines
read 140000000 lines
read 141000000 lines
read 142000000 lines
read 143000000 lines
read 144000000 lines
read 145000000 lines
read 146000000 lines
read 147000000 lines
read 148000000 lines
read 149000000 lines
read 150000000 lines
read 151000000 lines
read 152000000 lines
read 153000000 lines
read 154000000 lines
read 155000000 lines
read 156000000 lines
read 157000000 lines
read 158000000 lines
[FILE]: /data1/tenant_trace/2016020500-2016020600_unique/tenant_5_trace
total_access_num: 158886785
total_access_size: 6604500738323
unique_access_num: 44189694
unique_access_size: 1831881504025
min_item_size: 1
[method]: FLOWS
[metric]: MAE
[seed]: 42
[sample_method]: FIX_RATE
[sample_metric]: 0.01
MAEQ_factor: 1.028668
cache_size, BMRC_ratio, OMRC_ratio
1831881504, 0.861696, 0.877460
3663763008, 0.829061, 0.841638
5495644512, 0.804654, 0.815094
7327526016, 0.784289, 0.793240
9159407520, 0.766542, 0.774445
10991289024, 0.751038, 0.758024
12823170528, 0.736798, 0.742978
14655052032, 0.723699, 0.729366
16486933536, 0.711718, 0.716694
18318815040, 0.700473, 0.704951
20150696544, 0.690119, 0.694085
21982578048, 0.680428, 0.684007
23814459552, 0.671142, 0.674412
25646341056, 0.662375, 0.665437
27478222560, 0.654229, 0.657161
29310104064, 0.646179, 0.648930
31141985568, 0.638628, 0.641167
32973867072, 0.631372, 0.633720
34805748576, 0.624335, 0.626547
36637630080, 0.617851, 0.619887
38469511584, 0.611443, 0.613313
40301393088, 0.605422, 0.607085
42133274592, 0.599511, 0.601088
43965156096, 0.593795, 0.595158
45797037600, 0.588286, 0.589632
47628919104, 0.583069, 0.584378
49460800608, 0.577975, 0.579294
51292682112, 0.573069, 0.574293
53124563616, 0.568358, 0.569536
54956445120, 0.563836, 0.564985
56788326624, 0.559395, 0.560541
58620208128, 0.554946, 0.556084
60452089632, 0.550647, 0.551735
62283971136, 0.546555, 0.547558
64115852640, 0.542562, 0.543535
65947734144, 0.538722, 0.539597
67779615648, 0.535046, 0.535881
69611497152, 0.531418, 0.532241
71443378656, 0.527922, 0.528710
73275260161, 0.524529, 0.525275
75107141665, 0.521219, 0.521991
76939023169, 0.517961, 0.518679
78770904673, 0.514825, 0.515533
80602786177, 0.511626, 0.512340
82434667681, 0.508548, 0.509222
84266549185, 0.505552, 0.506203
86098430689, 0.502668, 0.503342
87930312193, 0.499699, 0.500394
89762193697, 0.496865, 0.497534
91594075201, 0.494271, 0.494951
93425956705, 0.491530, 0.492313
95257838209, 0.488849, 0.489658
97089719713, 0.486326, 0.487132
98921601217, 0.483897, 0.484661
100753482721, 0.481509, 0.482311
102585364225, 0.479079, 0.479942
104417245729, 0.476783, 0.477667
106249127233, 0.474474, 0.475331
108081008737, 0.472230, 0.473050
109912890241, 0.470146, 0.470954
111744771745, 0.467978, 0.468816
113576653249, 0.465894, 0.466760
115408534753, 0.463862, 0.464686
117240416257, 0.461844, 0.462712
119072297761, 0.459874, 0.460778
120904179265, 0.457929, 0.458815
122736060769, 0.455968, 0.456910
124567942273, 0.454083, 0.455013
126399823777, 0.452114, 0.453089
128231705281, 0.450334, 0.451260
130063586785, 0.448503, 0.449470
131895468289, 0.446804, 0.447811
133727349793, 0.445156, 0.446130
135559231297, 0.443396, 0.444412
137391112801, 0.441750, 0.442724
139222994305, 0.440111, 0.441157
141054875809, 0.438556, 0.439606
142886757313, 0.436968, 0.438052
144718638817, 0.435455, 0.436532
146550520322, 0.433916, 0.435023
148382401826, 0.432345, 0.433492
150214283330, 0.430868, 0.432041
152046164834, 0.429424, 0.430644
153878046338, 0.427899, 0.429132
155709927842, 0.426499, 0.427730
157541809346, 0.425107, 0.426375
159373690850, 0.423784, 0.425012
161205572354, 0.422479, 0.423753
163037453858, 0.421083, 0.422369
164869335362, 0.419702, 0.421012
166701216866, 0.418330, 0.419686
168533098370, 0.417005, 0.418396
170364979874, 0.415750, 0.417170
172196861378, 0.414519, 0.415992
174028742882, 0.413291, 0.414781
175860624386, 0.412061, 0.413591
177692505890, 0.410862, 0.412402
179524387394, 0.409669, 0.411274
181356268898, 0.408534, 0.410112
183188150402, 0.407371, 0.408935
185020031906, 0.406269, 0.407850
186851913410, 0.405185, 0.406755
188683794914, 0.404057, 0.405620
190515676418, 0.402982, 0.404518
192347557922, 0.401901, 0.403421
194179439426, 0.400818, 0.402376
196011320930, 0.399743, 0.401318
197843202434, 0.398649, 0.400242
199675083938, 0.397603, 0.399233
201506965442, 0.396600, 0.398235
203338846946, 0.395655, 0.397277
205170728450, 0.394648, 0.396287
207002609954, 0.393683, 0.395274
208834491458, 0.392736, 0.394330
210666372962, 0.391773, 0.393369
212498254466, 0.390871, 0.392438
214330135970, 0.389932, 0.391543
216162017474, 0.389017, 0.390615
217993898978, 0.388084, 0.389713
219825780483, 0.387201, 0.388848
221657661987, 0.386284, 0.387939
223489543491, 0.385458, 0.387140
225321424995, 0.384533, 0.386227
227153306499, 0.383678, 0.385418
228985188003, 0.382808, 0.384608
230817069507, 0.381971, 0.383758
232648951011, 0.381098, 0.382925
234480832515, 0.380297, 0.382156
236312714019, 0.379514, 0.381384
238144595523, 0.378749, 0.380606
239976477027, 0.377908, 0.379765
241808358531, 0.377148, 0.378986
243640240035, 0.376283, 0.378160
245472121539, 0.375560, 0.377425
247304003043, 0.374806, 0.376663
249135884547, 0.374058, 0.375908
250967766051, 0.373370, 0.375248
252799647555, 0.372670, 0.374551
254631529059, 0.371992, 0.373846
256463410563, 0.371259, 0.373102
258295292067, 0.370599, 0.372427
260127173571, 0.369899, 0.371731
261959055075, 0.369244, 0.371104
263790936579, 0.368580, 0.370435
265622818083, 0.367872, 0.369730
267454699587, 0.367256, 0.369142
269286581091, 0.366559, 0.368440
271118462595, 0.365881, 0.367781
272950344099, 0.365192, 0.367122
274782225603, 0.364505, 0.366446
276614107107, 0.363822, 0.365772
278445988611, 0.363141, 0.365122
280277870115, 0.362543, 0.364548
282109751619, 0.361981, 0.363986
283941633123, 0.361364, 0.363374
285773514627, 0.360772, 0.362787
287605396131, 0.360178, 0.362211
289437277635, 0.359589, 0.361626
291269159139, 0.358997, 0.361018
293101040644, 0.358438, 0.360469
294932922148, 0.357935, 0.359948
296764803652, 0.357385, 0.359418
298596685156, 0.356882, 0.358906
300428566660, 0.356312, 0.358370
302260448164, 0.355771, 0.357841
304092329668, 0.355220, 0.357292
305924211172, 0.354701, 0.356789
307756092676, 0.354159, 0.356285
309587974180, 0.353668, 0.355793
311419855684, 0.353142, 0.355259
313251737188, 0.352592, 0.354731
315083618692, 0.352094, 0.354213
316915500196, 0.351604, 0.353692
318747381700, 0.351118, 0.353200
320579263204, 0.350615, 0.352728
322411144708, 0.350083, 0.352206
324243026212, 0.349591, 0.351716
326074907716, 0.349129, 0.351245
327906789220, 0.348652, 0.350768
329738670724, 0.348155, 0.350259
331570552228, 0.347683, 0.349774
333402433732, 0.347187, 0.349295
335234315236, 0.346703, 0.348826
337066196740, 0.346260, 0.348385
338898078244, 0.345778, 0.347918
340729959748, 0.345335, 0.347475
342561841252, 0.344893, 0.347041
344393722756, 0.344435, 0.346603
346225604260, 0.344017, 0.346151
348057485764, 0.343617, 0.345720
349889367268, 0.343162, 0.345265
351721248772, 0.342723, 0.344804
353553130276, 0.342276, 0.344370
355385011780, 0.341843, 0.343964
357216893284, 0.341391, 0.343521
359048774788, 0.340999, 0.343134
360880656292, 0.340615, 0.342747
362712537796, 0.340211, 0.342358
364544419300, 0.339803, 0.341923
366376300805, 0.339412, 0.341517
368208182309, 0.338998, 0.341108
370040063813, 0.338645, 0.340756
371871945317, 0.338274, 0.340362
373703826821, 0.337861, 0.339959
375535708325, 0.337449, 0.339530
377367589829, 0.337079, 0.339161
379199471333, 0.336693, 0.338783
381031352837, 0.336312, 0.338393
382863234341, 0.335944, 0.338039
384695115845, 0.335599, 0.337684
386526997349, 0.335232, 0.337321
388358878853, 0.334862, 0.336933
390190760357, 0.334514, 0.336598
392022641861, 0.334165, 0.336249
393854523365, 0.333795, 0.335884
395686404869, 0.333474, 0.335568
397518286373, 0.333153, 0.335254
399350167877, 0.332832, 0.334964
401182049381, 0.332462, 0.334618
403013930885, 0.332114, 0.334262
404845812389, 0.331744, 0.333893
406677693893, 0.331382, 0.333534
408509575397, 0.331049, 0.333202
410341456901, 0.330689, 0.332831
412173338405, 0.330370, 0.332524
414005219909, 0.330025, 0.332186
415837101413, 0.329700, 0.331875
417668982917, 0.329362, 0.331562
419500864421, 0.329069, 0.331251
421332745925, 0.328784, 0.330983
423164627429, 0.328491, 0.330673
424996508933, 0.328155, 0.330322
426828390437, 0.327830, 0.330001
428660271941, 0.327498, 0.329667
430492153445, 0.327164, 0.329335
432324034949, 0.326863, 0.329054
434155916453, 0.326568, 0.328759
435987797957, 0.326281, 0.328470
437819679461, 0.325982, 0.328168
439651560966, 0.325701, 0.327881
441483442470, 0.325402, 0.327612
443315323974, 0.325080, 0.327301
445147205478, 0.324812, 0.327024
446979086982, 0.324488, 0.326694
448810968486, 0.324184, 0.326391
450642849990, 0.323905, 0.326094
452474731494, 0.323639, 0.325826
454306612998, 0.323373, 0.325540
456138494502, 0.323120, 0.325292
457970376006, 0.322851, 0.325016
459802257510, 0.322543, 0.324726
461634139014, 0.322274, 0.324449
463466020518, 0.322006, 0.324160
465297902022, 0.321756, 0.323894
467129783526, 0.321493, 0.323627
468961665030, 0.321205, 0.323337
470793546534, 0.320967, 0.323097
472625428038, 0.320726, 0.322863
474457309542, 0.320444, 0.322592
476289191046, 0.320192, 0.322315
478121072550, 0.319930, 0.322062
479952954054, 0.319686, 0.321805
481784835558, 0.319418, 0.321532
483616717062, 0.319148, 0.321269
485448598566, 0.318893, 0.321027
487280480070, 0.318661, 0.320816
489112361574, 0.318428, 0.320569
490944243078, 0.318179, 0.320302
492776124582, 0.317892, 0.320023
494608006086, 0.317671, 0.319800
496439887590, 0.317407, 0.319538
498271769094, 0.317181, 0.319320
500103650598, 0.316965, 0.319108
501935532102, 0.316725, 0.318861
503767413606, 0.316458, 0.318611
505599295110, 0.316228, 0.318379
507431176614, 0.316011, 0.318156
509263058118, 0.315790, 0.317941
511094939622, 0.315536, 0.317708
512926821127, 0.315308, 0.317489
514758702631, 0.315116, 0.317285
516590584135, 0.314902, 0.317056
518422465639, 0.314695, 0.316857
520254347143, 0.314479, 0.316644
522086228647, 0.314254, 0.316411
523918110151, 0.314017, 0.316196
525749991655, 0.313826, 0.316000
527581873159, 0.313637, 0.315815
529413754663, 0.313420, 0.315578
531245636167, 0.313200, 0.315354
533077517671, 0.312978, 0.315115
534909399175, 0.312773, 0.314911
536741280679, 0.312576, 0.314703
538573162183, 0.312341, 0.314470
540405043687, 0.312130, 0.314255
542236925191, 0.311930, 0.314049
544068806695, 0.311722, 0.313831
545900688199, 0.311492, 0.313592
547732569703, 0.311293, 0.313395
549564451207, 0.311094, 0.313184
551396332711, 0.310896, 0.312986
553228214215, 0.310714, 0.312803
555060095719, 0.310529, 0.312606
556891977223, 0.310324, 0.312401
558723858727, 0.310128, 0.312210
560555740231, 0.309902, 0.311984
562387621735, 0.309715, 0.311799
564219503239, 0.309521, 0.311598
566051384743, 0.309336, 0.311419
567883266247, 0.309140, 0.311201
569715147751, 0.308960, 0.311020
571547029255, 0.308801, 0.310860
573378910759, 0.308594, 0.310666
575210792263, 0.308400, 0.310471
577042673767, 0.308229, 0.310314
578874555271, 0.308039, 0.310138
580706436775, 0.307879, 0.309987
582538318279, 0.307710, 0.309824
584370199783, 0.307532, 0.309638
586202081288, 0.307363, 0.309462
588033962792, 0.307178, 0.309271
589865844296, 0.306992, 0.309091
591697725800, 0.306817, 0.308916
593529607304, 0.306669, 0.308767
595361488808, 0.306503, 0.308618
597193370312, 0.306350, 0.308454
599025251816, 0.306169, 0.308279
600857133320, 0.305973, 0.308077
602689014824, 0.305826, 0.307935
604520896328, 0.305663, 0.307766
606352777832, 0.305502, 0.307601
608184659336, 0.305325, 0.307435
610016540840, 0.305157, 0.307254
611848422344, 0.305000, 0.307088
613680303848, 0.304863, 0.306963
615512185352, 0.304708, 0.306815
617344066856, 0.304563, 0.306661
619175948360, 0.304424, 0.306505
621007829864, 0.304288, 0.306362
622839711368, 0.304137, 0.306197
624671592872, 0.303982, 0.306046
626503474376, 0.303839, 0.305903
628335355880, 0.303676, 0.305738
630167237384, 0.303529, 0.305581
631999118888, 0.303393, 0.305443
633831000392, 0.303245, 0.305292
635662881896, 0.303110, 0.305153
637494763400, 0.302965, 0.305010
639326644904, 0.302823, 0.304857
641158526408, 0.302699, 0.304724
642990407912, 0.302562, 0.304583
644822289416, 0.302438, 0.304455
646654170920, 0.302300, 0.304312
648486052424, 0.302169, 0.304171
650317933928, 0.302023, 0.304019
652149815432, 0.301868, 0.303858
653981696936, 0.301724, 0.303716
655813578440, 0.301602, 0.303601
657645459944, 0.301459, 0.303451
659477341449, 0.301331, 0.303330
661309222953, 0.301199, 0.303198
663141104457, 0.301070, 0.303064
664972985961, 0.300914, 0.302925
666804867465, 0.300776, 0.302768
668636748969, 0.300627, 0.302631
670468630473, 0.300514, 0.302490
672300511977, 0.300384, 0.302366
674132393481, 0.300244, 0.302230
675964274985, 0.300108, 0.302102
677796156489, 0.299996, 0.301990
679628037993, 0.299875, 0.301873
681459919497, 0.299758, 0.301757
683291801001, 0.299631, 0.301639
685123682505, 0.299518, 0.301532
686955564009, 0.299383, 0.301408
688787445513, 0.299268, 0.301284
690619327017, 0.299164, 0.301162
692451208521, 0.299036, 0.301036
694283090025, 0.298927, 0.300925
696114971529, 0.298808, 0.300805
697946853033, 0.298690, 0.300693
699778734537, 0.298580, 0.300588
701610616041, 0.298488, 0.300474
703442497545, 0.298375, 0.300357
705274379049, 0.298249, 0.300228
707106260553, 0.298130, 0.300102
708938142057, 0.298016, 0.299995
710770023561, 0.297916, 0.299902
712601905065, 0.297822, 0.299806
714433786569, 0.297718, 0.299694
716265668073, 0.297610, 0.299589
718097549577, 0.297496, 0.299480
719929431081, 0.297380, 0.299358
721761312585, 0.297284, 0.299266
723593194089, 0.297190, 0.299164
725425075593, 0.297070, 0.299041
727256957097, 0.296960, 0.298932
729088838601, 0.296859, 0.298822
730920720105, 0.296763, 0.298727
732752601610, 0.296664, 0.298639
734584483114, 0.296537, 0.298514
736416364618, 0.296441, 0.298411
738248246122, 0.296345, 0.298297
740080127626, 0.296243, 0.298200
741912009130, 0.296158, 0.298113
743743890634, 0.296059, 0.298005
745575772138, 0.295952, 0.297886
747407653642, 0.295856, 0.297787
749239535146, 0.295781, 0.297689
751071416650, 0.295649, 0.297558
752903298154, 0.295565, 0.297475
754735179658, 0.295466, 0.297389
756567061162, 0.295371, 0.297277
758398942666, 0.295279, 0.297185
760230824170, 0.295167, 0.297068
762062705674, 0.295040, 0.296936
763894587178, 0.294936, 0.296821
765726468682, 0.294831, 0.296717
767558350186, 0.294725, 0.296600
769390231690, 0.294630, 0.296502
771222113194, 0.294550, 0.296419
773053994698, 0.294430, 0.296313
774885876202, 0.294337, 0.296221
776717757706, 0.294252, 0.296120
778549639210, 0.294153, 0.296021
780381520714, 0.294063, 0.295924
782213402218, 0.293960, 0.295827
784045283722, 0.293877, 0.295750
785877165226, 0.293790, 0.295671
787709046730, 0.293705, 0.295589
789540928234, 0.293613, 0.295501
791372809738, 0.293544, 0.295429
793204691242, 0.293446, 0.295340
795036572746, 0.293346, 0.295232
796868454250, 0.293253, 0.295125
798700335754, 0.293179, 0.295036
800532217258, 0.293090, 0.294937
802364098762, 0.293003, 0.294850
804195980266, 0.292895, 0.294742
806027861771, 0.292819, 0.294665
807859743275, 0.292741, 0.294580
809691624779, 0.292649, 0.294480
811523506283, 0.292560, 0.294387
813355387787, 0.292473, 0.294290
815187269291, 0.292387, 0.294201
817019150795, 0.292285, 0.294100
818851032299, 0.292198, 0.294018
820682913803, 0.292108, 0.293931
822514795307, 0.292018, 0.293847
824346676811, 0.291949, 0.293774
826178558315, 0.291873, 0.293687
828010439819, 0.291790, 0.293603
829842321323, 0.291709, 0.293510
831674202827, 0.291634, 0.293428
833506084331, 0.291539, 0.293323
835337965835, 0.291460, 0.293240
837169847339, 0.291370, 0.293142
839001728843, 0.291287, 0.293050
840833610347, 0.291226, 0.292982
842665491851, 0.291130, 0.292888
844497373355, 0.291047, 0.292790
846329254859, 0.290966, 0.292703
848161136363, 0.290885, 0.292615
849993017867, 0.290813, 0.292535
851824899371, 0.290750, 0.292476
853656780875, 0.290668, 0.292387
855488662379, 0.290602, 0.292316
857320543883, 0.290535, 0.292248
859152425387, 0.290445, 0.292154
860984306891, 0.290373, 0.292085
862816188395, 0.290289, 0.292003
864648069899, 0.290221, 0.291939
866479951403, 0.290137, 0.291848
868311832907, 0.290078, 0.291785
870143714411, 0.290015, 0.291713
871975595915, 0.289950, 0.291647
873807477419, 0.289890, 0.291586
875639358923, 0.289802, 0.291498
877471240427, 0.289730, 0.291423
879303121932, 0.289644, 0.291346
881135003436, 0.289570, 0.291275
882966884940, 0.289497, 0.291194
884798766444, 0.289437, 0.291141
886630647948, 0.289373, 0.291070
888462529452, 0.289316, 0.291010
890294410956, 0.289246, 0.290934
892126292460, 0.289172, 0.290855
893958173964, 0.289100, 0.290787
895790055468, 0.289030, 0.290724
897621936972, 0.288965, 0.290653
899453818476, 0.288923, 0.290604
901285699980, 0.288845, 0.290533
903117581484, 0.288769, 0.290451
904949462988, 0.288702, 0.290377
906781344492, 0.288637, 0.290305
908613225996, 0.288564, 0.290229
910445107500, 0.288498, 0.290164
912276989004, 0.288429, 0.290105
914108870508, 0.288376, 0.290046
915940752012, 0.288319, 0.289973
917772633516, 0.288250, 0.289903
919604515020, 0.288193, 0.289845
921436396524, 0.288127, 0.289784
923268278028, 0.288070, 0.289717
925100159532, 0.288012, 0.289657
926932041036, 0.287959, 0.289600
928763922540, 0.287906, 0.289539
930595804044, 0.287845, 0.289475
932427685548, 0.287777, 0.289401
934259567052, 0.287732, 0.289346
936091448556, 0.287674, 0.289284
937923330060, 0.287606, 0.289213
939755211564, 0.287550, 0.289157
941587093068, 0.287488, 0.289083
943418974572, 0.287429, 0.289018
945250856076, 0.287373, 0.288953
947082737580, 0.287323, 0.288901
948914619084, 0.287251, 0.288830
950746500588, 0.287198, 0.288769
952578382093, 0.287149, 0.288729
954410263597, 0.287093, 0.288666
956242145101, 0.287030, 0.288604
958074026605, 0.286985, 0.288555
959905908109, 0.286931, 0.288487
961737789613, 0.286870, 0.288425
963569671117, 0.286809, 0.288358
965401552621, 0.286740, 0.288300
967233434125, 0.286683, 0.288234
969065315629, 0.286618, 0.288166
970897197133, 0.286563, 0.288110
972729078637, 0.286522, 0.288054
974560960141, 0.286463, 0.287987
976392841645, 0.286416, 0.287926
978224723149, 0.286362, 0.287874
980056604653, 0.286310, 0.287821
981888486157, 0.286252, 0.287766
983720367661, 0.286197, 0.287705
985552249165, 0.286148, 0.287655
987384130669, 0.286093, 0.287601
989216012173, 0.286045, 0.287556
991047893677, 0.285990, 0.287500
992879775181, 0.285958, 0.287466
994711656685, 0.285907, 0.287408
996543538189, 0.285863, 0.287366
998375419693, 0.285813, 0.287319
1000207301197, 0.285774, 0.287280
1002039182701, 0.285723, 0.287232
1003871064205, 0.285667, 0.287183
1005702945709, 0.285622, 0.287134
1007534827213, 0.285559, 0.287077
1009366708717, 0.285525, 0.287033
1011198590221, 0.285474, 0.286983
1013030471725, 0.285430, 0.286938
1014862353229, 0.285387, 0.286882
1016694234733, 0.285338, 0.286837
1018526116237, 0.285295, 0.286798
1020357997741, 0.285249, 0.286745
1022189879245, 0.285204, 0.286700
1024021760749, 0.285159, 0.286662
1025853642254, 0.285110, 0.286612
1027685523758, 0.285053, 0.286561
1029517405262, 0.284995, 0.286502
1031349286766, 0.284953, 0.286462
1033181168270, 0.284894, 0.286411
1035013049774, 0.284850, 0.286362
1036844931278, 0.284797, 0.286315
1038676812782, 0.284749, 0.286268
1040508694286, 0.284708, 0.286233
1042340575790, 0.284654, 0.286179
1044172457294, 0.284602, 0.286127
1046004338798, 0.284565, 0.286092
1047836220302, 0.284516, 0.286050
1049668101806, 0.284476, 0.286006
1051499983310, 0.284420, 0.285963
1053331864814, 0.284384, 0.285927
1055163746318, 0.284345, 0.285888
1056995627822, 0.284306, 0.285830
1058827509326, 0.284267, 0.285787
1060659390830, 0.284217, 0.285734
1062491272334, 0.284167, 0.285686
1064323153838, 0.284130, 0.285649
1066155035342, 0.284094, 0.285605
1067986916846, 0.284050, 0.285557
1069818798350, 0.284019, 0.285523
1071650679854, 0.283970, 0.285472
1073482561358, 0.283935, 0.285441
1075314442862, 0.283901, 0.285407
1077146324366, 0.283857, 0.285373
1078978205870, 0.283817, 0.285324
1080810087374, 0.283783, 0.285282
1082641968878, 0.283748, 0.285250
1084473850382, 0.283694, 0.285187
1086305731886, 0.283648, 0.285136
1088137613390, 0.283604, 0.285083
1089969494894, 0.283567, 0.285048
1091801376398, 0.283537, 0.285019
1093633257902, 0.283491, 0.284974
1095465139406, 0.283459, 0.284941
1097297020910, 0.283412, 0.284896
1099128902415, 0.283367, 0.284839
1100960783919, 0.283321, 0.284786
1102792665423, 0.283292, 0.284754
1104624546927, 0.283262, 0.284711
1106456428431, 0.283219, 0.284676
1108288309935, 0.283181, 0.284638
1110120191439, 0.283130, 0.284593
1111952072943, 0.283085, 0.284543
1113783954447, 0.283057, 0.284503
1115615835951, 0.283026, 0.284476
1117447717455, 0.282999, 0.284452
1119279598959, 0.282964, 0.284418
1121111480463, 0.282932, 0.284381
1122943361967, 0.282901, 0.284340
1124775243471, 0.282873, 0.284307
1126607124975, 0.282817, 0.284256
1128439006479, 0.282788, 0.284231
1130270887983, 0.282755, 0.284195
1132102769487, 0.282727, 0.284157
1133934650991, 0.282697, 0.284129
1135766532495, 0.282669, 0.284094
1137598413999, 0.282637, 0.284064
1139430295503, 0.282604, 0.284029
1141262177007, 0.282568, 0.283996
1143094058511, 0.282539, 0.283959
1144925940015, 0.282504, 0.283922
1146757821519, 0.282473, 0.283889
1148589703023, 0.282448, 0.283855
1150421584527, 0.282413, 0.283829
1152253466031, 0.282383, 0.283797
1154085347535, 0.282357, 0.283759
1155917229039, 0.282334, 0.283737
1157749110543, 0.282301, 0.283711
1159580992047, 0.282270, 0.283679
1161412873551, 0.282235, 0.283642
1163244755055, 0.282202, 0.283604
1165076636559, 0.282167, 0.283567
1166908518063, 0.282136, 0.283535
1168740399567, 0.282101, 0.283491
1170572281071, 0.282073, 0.283466
1172404162576, 0.282045, 0.283435
1174236044080, 0.282021, 0.283409
1176067925584, 0.281985, 0.283375
1177899807088, 0.281959, 0.283348
1179731688592, 0.281930, 0.283326
1181563570096, 0.281896, 0.283287
1183395451600, 0.281853, 0.283241
1185227333104, 0.281813, 0.283200
1187059214608, 0.281769, 0.283153
1188891096112, 0.281737, 0.283114
1190722977616, 0.281711, 0.283085
1192554859120, 0.281691, 0.283064
1194386740624, 0.281660, 0.283033
1196218622128, 0.281625, 0.282995
1198050503632, 0.281595, 0.282970
1199882385136, 0.281562, 0.282942
1201714266640, 0.281524, 0.282907
1203546148144, 0.281494, 0.282874
1205378029648, 0.281467, 0.282844
1207209911152, 0.281444, 0.282818
1209041792656, 0.281414, 0.282785
1210873674160, 0.281383, 0.282752
1212705555664, 0.281360, 0.282723
1214537437168, 0.281327, 0.282687
1216369318672, 0.281305, 0.282662
1218201200176, 0.281270, 0.282624
1220033081680, 0.281252, 0.282601
1221864963184, 0.281231, 0.282580
1223696844688, 0.281203, 0.282548
1225528726192, 0.281179, 0.282521
1227360607696, 0.281152, 0.282493
1229192489200, 0.281124, 0.282463
1231024370704, 0.281095, 0.282433
1232856252208, 0.281060, 0.282399
1234688133712, 0.281041, 0.282383
1236520015216, 0.281017, 0.282353
1238351896720, 0.280996, 0.282333
1240183778224, 0.280966, 0.282305
1242015659728, 0.280937, 0.282278
1243847541232, 0.280912, 0.282258
1245679422737, 0.280889, 0.282235
1247511304241, 0.280863, 0.282205
1249343185745, 0.280836, 0.282181
1251175067249, 0.280815, 0.282158
1253006948753, 0.280793, 0.282141
1254838830257, 0.280765, 0.282112
1256670711761, 0.280741, 0.282085
1258502593265, 0.280720, 0.282059
1260334474769, 0.280691, 0.282027
1262166356273, 0.280670, 0.282002
1263998237777, 0.280651, 0.281986
1265830119281, 0.280626, 0.281957
1267662000785, 0.280598, 0.281932
1269493882289, 0.280558, 0.281891
1271325763793, 0.280544, 0.281870
1273157645297, 0.280521, 0.281843
1274989526801, 0.280496, 0.281820
1276821408305, 0.280466, 0.281791
1278653289809, 0.280442, 0.281767
1280485171313, 0.280415, 0.281733
1282317052817, 0.280396, 0.281715
1284148934321, 0.280383, 0.281697
1285980815825, 0.280356, 0.281674
1287812697329, 0.280338, 0.281652
1289644578833, 0.280309, 0.281623
1291476460337, 0.280280, 0.281588
1293308341841, 0.280264, 0.281572
1295140223345, 0.280243, 0.281546
1296972104849, 0.280215, 0.281519
1298803986353, 0.280192, 0.281499
1300635867857, 0.280164, 0.281472
1302467749361, 0.280138, 0.281444
1304299630865, 0.280113, 0.281423
1306131512369, 0.280090, 0.281402
1307963393873, 0.280071, 0.281374
1309795275377, 0.280058, 0.281355
1311627156881, 0.280037, 0.281339
1313459038385, 0.280017, 0.281320
1315290919889, 0.279999, 0.281300
1317122801393, 0.279974, 0.281271
1318954682898, 0.279959, 0.281251
1320786564402, 0.279944, 0.281235
1322618445906, 0.279920, 0.281210
1324450327410, 0.279900, 0.281190
1326282208914, 0.279876, 0.281173
1328114090418, 0.279849, 0.281145
1329945971922, 0.279830, 0.281123
1331777853426, 0.279810, 0.281102
1333609734930, 0.279797, 0.281086
1335441616434, 0.279778, 0.281067
1337273497938, 0.279762, 0.281050
1339105379442, 0.279736, 0.281027
1340937260946, 0.279714, 0.281004
1342769142450, 0.279702, 0.280994
1344601023954, 0.279688, 0.280974
1346432905458, 0.279674, 0.280961
1348264786962, 0.279649, 0.280931
1350096668466, 0.279630, 0.280911
1351928549970, 0.279609, 0.280893
1353760431474, 0.279592, 0.280878
1355592312978, 0.279576, 0.280859
1357424194482, 0.279561, 0.280835
1359256075986, 0.279555, 0.280824
1361087957490, 0.279533, 0.280801
1362919838994, 0.279517, 0.280781
1364751720498, 0.279500, 0.280762
1366583602002, 0.279468, 0.280737
1368415483506, 0.279452, 0.280726
1370247365010, 0.279432, 0.280708
1372079246514, 0.279410, 0.280689
1373911128018, 0.279390, 0.280668
1375743009522, 0.279375, 0.280645
1377574891026, 0.279361, 0.280634
1379406772530, 0.279339, 0.280610
1381238654034, 0.279314, 0.280588
1383070535538, 0.279305, 0.280580
1384902417042, 0.279295, 0.280570
1386734298546, 0.279275, 0.280558
1388566180050, 0.279260, 0.280542
1390398061554, 0.279243, 0.280524
1392229943059, 0.279218, 0.280499
1394061824563, 0.279207, 0.280484
1395893706067, 0.279196, 0.280471
1397725587571, 0.279179, 0.280453
1399557469075, 0.279163, 0.280436
1401389350579, 0.279135, 0.280414
1403221232083, 0.279124, 0.280402
1405053113587, 0.279109, 0.280383
1406884995091, 0.279088, 0.280358
1408716876595, 0.279068, 0.280337
1410548758099, 0.279050, 0.280324
1412380639603, 0.279036, 0.280309
1414212521107, 0.279021, 0.280295
1416044402611, 0.279005, 0.280278
1417876284115, 0.278996, 0.280265
1419708165619, 0.278979, 0.280247
1421540047123, 0.278951, 0.280226
1423371928627, 0.278938, 0.280211
1425203810131, 0.278918, 0.280193
1427035691635, 0.278903, 0.280178
1428867573139, 0.278889, 0.280167
1430699454643, 0.278879, 0.280157
1432531336147, 0.278863, 0.280140
1434363217651, 0.278854, 0.280130
1436195099155, 0.278830, 0.280113
1438026980659, 0.278814, 0.280094
1439858862163, 0.278808, 0.280086
1441690743667, 0.278799, 0.280075
1443522625171, 0.278779, 0.280060
1445354506675, 0.278761, 0.280045
1447186388179, 0.278749, 0.280035
1449018269683, 0.278736, 0.280023
1450850151187, 0.278729, 0.280017
1452682032691, 0.278720, 0.280006
1454513914195, 0.278710, 0.279994
1456345795699, 0.278695, 0.279982
1458177677203, 0.278684, 0.279973
1460009558707, 0.278662, 0.279950
1461841440211, 0.278648, 0.279939
1463673321715, 0.278640, 0.279930
1465505203220, 0.278627, 0.279914
1467337084724, 0.278618, 0.279906
1469168966228, 0.278601, 0.279889
1471000847732, 0.278588, 0.279873
1472832729236, 0.278576, 0.279862
1474664610740, 0.278564, 0.279848
1476496492244, 0.278552, 0.279833
1478328373748, 0.278544, 0.279826
1480160255252, 0.278530, 0.279813
1481992136756, 0.278522, 0.279806
1483824018260, 0.278512, 0.279797
1485655899764, 0.278498, 0.279783
1487487781268, 0.278486, 0.279775
1489319662772, 0.278474, 0.279763
1491151544276, 0.278458, 0.279745
1492983425780, 0.278448, 0.279731
1494815307284, 0.278440, 0.279719
1496647188788, 0.278433, 0.279711
1498479070292, 0.278407, 0.279683
1500310951796, 0.278390, 0.279668
1502142833300, 0.278379, 0.279658
1503974714804, 0.278365, 0.279646
1505806596308, 0.278348, 0.279624
1507638477812, 0.278336, 0.279612
1509470359316, 0.278323, 0.279602
1511302240820, 0.278307, 0.279585
1513134122324, 0.278293, 0.279571
1514966003828, 0.278284, 0.279564
1516797885332, 0.278273, 0.279549
1518629766836, 0.278263, 0.279536
1520461648340, 0.278249, 0.279525
1522293529844, 0.278237, 0.279512
1524125411348, 0.278228, 0.279501
1525957292852, 0.278223, 0.279488
1527789174356, 0.278210, 0.279477
1529621055860, 0.278203, 0.279468
1531452937364, 0.278193, 0.279461
1533284818868, 0.278183, 0.279451
1535116700372, 0.278163, 0.279425
1536948581876, 0.278154, 0.279417
1538780463381, 0.278144, 0.279409
1540612344885, 0.278135, 0.279398
1542444226389, 0.278130, 0.279394
1544276107893, 0.278122, 0.279386
1546107989397, 0.278114, 0.279378
1547939870901, 0.278106, 0.279374
1549771752405, 0.278089, 0.279356
1551603633909, 0.278081, 0.279347
1553435515413, 0.278076, 0.279339
1555267396917, 0.278062, 0.279323
1557099278421, 0.278051, 0.279311
1558931159925, 0.278041, 0.279303
1560763041429, 0.278033, 0.279289
1562594922933, 0.278022, 0.279278
1564426804437, 0.278013, 0.279269
1566258685941, 0.278004, 0.279259
1568090567445, 0.277999, 0.279254
1569922448949, 0.277987, 0.279244
1571754330453, 0.277973, 0.279228
1573586211957, 0.277961, 0.279215
1575418093461, 0.277953, 0.279209
1577249974965, 0.277939, 0.279196
1579081856469, 0.277923, 0.279181
1580913737973, 0.277909, 0.279167
1582745619477, 0.277903, 0.279161
1584577500981, 0.277895, 0.279151
1586409382485, 0.277888, 0.279138
1588241263989, 0.277874, 0.279125
1590073145493, 0.277869, 0.279118
1591905026997, 0.277858, 0.279107
1593736908501, 0.277846, 0.279099
1595568790005, 0.277837, 0.279091
1597400671509, 0.277831, 0.279083
1599232553013, 0.277824, 0.279077
1601064434517, 0.277817, 0.279067
1602896316021, 0.277811, 0.279063
1604728197525, 0.277800, 0.279050
1606560079029, 0.277794, 0.279043
1608391960533, 0.277787, 0.279036
1610223842037, 0.277777, 0.279025
1612055723542, 0.277771, 0.279019
1613887605046, 0.277763, 0.279013
1615719486550, 0.277753, 0.279005
1617551368054, 0.277743, 0.278994
1619383249558, 0.277737, 0.278986
1621215131062, 0.277730, 0.278975
1623047012566, 0.277730, 0.278971
1624878894070, 0.277718, 0.278957
1626710775574, 0.277711, 0.278950
1628542657078, 0.277704, 0.278942
1630374538582, 0.277689, 0.278928
1632206420086, 0.277686, 0.278924
1634038301590, 0.277682, 0.278922
1635870183094, 0.277674, 0.278918
1637702064598, 0.277672, 0.278916
1639533946102, 0.277663, 0.278907
1641365827606, 0.277660, 0.278899
1643197709110, 0.277652, 0.278890
1645029590614, 0.277648, 0.278884
1646861472118, 0.277645, 0.278880
1648693353622, 0.277643, 0.278878
1650525235126, 0.277638, 0.278873
1652357116630, 0.277629, 0.278861
1654188998134, 0.277625, 0.278859
1656020879638, 0.277623, 0.278855
1657852761142, 0.277618, 0.278849
1659684642646, 0.277609, 0.278840
1661516524150, 0.277607, 0.278836
1663348405654, 0.277600, 0.278829
1665180287158, 0.277593, 0.278820
1667012168662, 0.277584, 0.278811
1668844050166, 0.277575, 0.278806
1670675931670, 0.277566, 0.278797
1672507813174, 0.277561, 0.278793
1674339694678, 0.277555, 0.278787
1676171576182, 0.277546, 0.278781
1678003457686, 0.277541, 0.278777
1679835339190, 0.277537, 0.278773
1681667220694, 0.277536, 0.278771
1683499102198, 0.277531, 0.278765
1685330983703, 0.277531, 0.278762
1687162865207, 0.277526, 0.278758
1688994746711, 0.277522, 0.278756
1690826628215, 0.277516, 0.278746
1692658509719, 0.277507, 0.278737
1694490391223, 0.277501, 0.278732
1696322272727, 0.277496, 0.278726
1698154154231, 0.277495, 0.278720
1699986035735, 0.277491, 0.278714
1701817917239, 0.277487, 0.278710
1703649798743, 0.277487, 0.278709
1705481680247, 0.277482, 0.278702
1707313561751, 0.277480, 0.278700
1709145443255, 0.277475, 0.278695
1710977324759, 0.277468, 0.278689
1712809206263, 0.277467, 0.278688
1714641087767, 0.277466, 0.278686
1716472969271, 0.277457, 0.278674
1718304850775, 0.277456, 0.278671
1720136732279, 0.277450, 0.278669
1721968613783, 0.277450, 0.278669
1723800495287, 0.277447, 0.278668
1725632376791, 0.277440, 0.278661
1727464258295, 0.277438, 0.278659
1729296139799, 0.277436, 0.278656
1731128021303, 0.277431, 0.278651
1732959902807, 0.277423, 0.278646
1734791784311, 0.277419, 0.278644
1736623665815, 0.277416, 0.278636
1738455547319, 0.277412, 0.278632
1740287428823, 0.277411, 0.278631
1742119310327, 0.277406, 0.278627
1743951191831, 0.277404, 0.278626
1745783073335, 0.277402, 0.278621
1747614954839, 0.277402, 0.278620
1749446836343, 0.277401, 0.278616
1751278717847, 0.277399, 0.278612
1753110599351, 0.277397, 0.278608
1754942480855, 0.277397, 0.278608
1756774362359, 0.277396, 0.278607
1758606243864, 0.277393, 0.278605
1760438125368, 0.277393, 0.278603
1762270006872, 0.277392, 0.278602
1764101888376, 0.277388, 0.278597
1765933769880, 0.277384, 0.278596
1767765651384, 0.277381, 0.278593
1769597532888, 0.277377, 0.278590
1771429414392, 0.277373, 0.278586
1773261295896, 0.277372, 0.278583
1775093177400, 0.277371, 0.278582
1776925058904, 0.277371, 0.278582
1778756940408, 0.277369, 0.278581
1780588821912, 0.277367, 0.278578
1782420703416, 0.277362, 0.278574
1784252584920, 0.277360, 0.278573
1786084466424, 0.277357, 0.278572
1787916347928, 0.277355, 0.278571
1789748229432, 0.277354, 0.278569
1791580110936, 0.277352, 0.278567
1793411992440, 0.277350, 0.278567
1795243873944, 0.277348, 0.278564
1797075755448, 0.277347, 0.278564
1798907636952, 0.277347, 0.278564
1800739518456, 0.277347, 0.278564
1802571399960, 0.277345, 0.278564
1804403281464, 0.277344, 0.278563
1806235162968, 0.277343, 0.278561
1808067044472, 0.277343, 0.278559
1809898925976, 0.277343, 0.278559
1811730807480, 0.277342, 0.278559
1813562688984, 0.277342, 0.278559
1815394570488, 0.277342, 0.278559
1817226451992, 0.277342, 0.278559
1819058333496, 0.277342, 0.278559
1820890215000, 0.277342, 0.278559
1822722096504, 0.277342, 0.278559
1824553978008, 0.277342, 0.278559
1826385859512, 0.277342, 0.278559
1828217741016, 0.277342, 0.278559
1830049622520, 0.277342, 0.278559
1831881504025, 0.277342, 0.278559
Time used: 113761 ms
