logging to /opt/flows_res_1000/2016020800-2016020900_unique/tenant_4_profile_res-FIX_RATE-FLOWS-0.01.csvtracefile: /data1/tenant_trace/2016020800-2016020900_unique/tenant_4_trace
open file /data1/tenant_trace/2016020800-2016020900_unique/tenant_4_trace
read 1000000 lines
read 2000000 lines
read 3000000 lines
read 4000000 lines
read 5000000 lines
read 6000000 lines
read 7000000 lines
read 8000000 lines
read 9000000 lines
read 10000000 lines
read 11000000 lines
read 12000000 lines
read 13000000 lines
read 14000000 lines
read 15000000 lines
read 16000000 lines
read 17000000 lines
read 18000000 lines
read 19000000 lines
read 20000000 lines
read 21000000 lines
read 22000000 lines
read 23000000 lines
read 24000000 lines
read 25000000 lines
read 26000000 lines
read 27000000 lines
read 28000000 lines
read 29000000 lines
read 30000000 lines
read 31000000 lines
read 32000000 lines
read 33000000 lines
read 34000000 lines
read 35000000 lines
read 36000000 lines
read 37000000 lines
read 38000000 lines
read 39000000 lines
read 40000000 lines
read 41000000 lines
read 42000000 lines
read 43000000 lines
read 44000000 lines
read 45000000 lines
read 46000000 lines
read 47000000 lines
read 48000000 lines
read 49000000 lines
read 50000000 lines
read 51000000 lines
read 52000000 lines
read 53000000 lines
read 54000000 lines
read 55000000 lines
read 56000000 lines
read 57000000 lines
read 58000000 lines
read 59000000 lines
read 60000000 lines
read 61000000 lines
read 62000000 lines
read 63000000 lines
read 64000000 lines
read 65000000 lines
read 66000000 lines
read 67000000 lines
read 68000000 lines
read 69000000 lines
read 70000000 lines
read 71000000 lines
read 72000000 lines
read 73000000 lines
read 74000000 lines
read 75000000 lines
read 76000000 lines
read 77000000 lines
read 78000000 lines
read 79000000 lines
read 80000000 lines
read 81000000 lines
read 82000000 lines
read 83000000 lines
read 84000000 lines
read 85000000 lines
read 86000000 lines
read 87000000 lines
read 88000000 lines
read 89000000 lines
read 90000000 lines
read 91000000 lines
read 92000000 lines
read 93000000 lines
read 94000000 lines
read 95000000 lines
read 96000000 lines
read 97000000 lines
read 98000000 lines
read 99000000 lines
read 100000000 lines
read 101000000 lines
read 102000000 lines
read 103000000 lines
read 104000000 lines
read 105000000 lines
read 106000000 lines
read 107000000 lines
read 108000000 lines
read 109000000 lines
read 110000000 lines
read 111000000 lines
read 112000000 lines
read 113000000 lines
read 114000000 lines
read 115000000 lines
read 116000000 lines
read 117000000 lines
read 118000000 lines
read 119000000 lines
read 120000000 lines
read 121000000 lines
read 122000000 lines
read 123000000 lines
read 124000000 lines
read 125000000 lines
read 126000000 lines
read 127000000 lines
read 128000000 lines
read 129000000 lines
read 130000000 lines
read 131000000 lines
read 132000000 lines
read 133000000 lines
read 134000000 lines
read 135000000 lines
read 136000000 lines
read 137000000 lines
read 138000000 lines
read 139000000 lines
read 140000000 lines
read 141000000 lines
read 142000000 lines
read 143000000 lines
read 144000000 lines
read 145000000 lines
read 146000000 lines
read 147000000 lines
read 148000000 lines
read 149000000 lines
read 150000000 lines
read 151000000 lines
read 152000000 lines
read 153000000 lines
read 154000000 lines
read 155000000 lines
read 156000000 lines
read 157000000 lines
read 158000000 lines
read 159000000 lines
read 160000000 lines
read 161000000 lines
read 162000000 lines
read 163000000 lines
read 164000000 lines
read 165000000 lines
read 166000000 lines
read 167000000 lines
read 168000000 lines
read 169000000 lines
read 170000000 lines
read 171000000 lines
read 172000000 lines
read 173000000 lines
read 174000000 lines
read 175000000 lines
read 176000000 lines
read 177000000 lines
read 178000000 lines
read 179000000 lines
read 180000000 lines
read 181000000 lines
read 182000000 lines
read 183000000 lines
read 184000000 lines
read 185000000 lines
read 186000000 lines
read 187000000 lines
read 188000000 lines
read 189000000 lines
read 190000000 lines
read 191000000 lines
read 192000000 lines
read 193000000 lines
read 194000000 lines
read 195000000 lines
read 196000000 lines
read 197000000 lines
read 198000000 lines
read 199000000 lines
read 200000000 lines
read 201000000 lines
read 202000000 lines
read 203000000 lines
read 204000000 lines
read 205000000 lines
read 206000000 lines
read 207000000 lines
read 208000000 lines
read 209000000 lines
read 210000000 lines
read 211000000 lines
read 212000000 lines
read 213000000 lines
read 214000000 lines
read 215000000 lines
read 216000000 lines
read 217000000 lines
read 218000000 lines
read 219000000 lines
read 220000000 lines
read 221000000 lines
read 222000000 lines
read 223000000 lines
read 224000000 lines
read 225000000 lines
read 226000000 lines
read 227000000 lines
read 228000000 lines
read 229000000 lines
read 230000000 lines
read 231000000 lines
read 232000000 lines
read 233000000 lines
read 234000000 lines
read 235000000 lines
read 236000000 lines
read 237000000 lines
read 238000000 lines
read 239000000 lines
read 240000000 lines
read 241000000 lines
read 242000000 lines
read 243000000 lines
read 244000000 lines
read 245000000 lines
read 246000000 lines
read 247000000 lines
read 248000000 lines
read 249000000 lines
read 250000000 lines
read 251000000 lines
read 252000000 lines
read 253000000 lines
read 254000000 lines
read 255000000 lines
read 256000000 lines
read 257000000 lines
read 258000000 lines
read 259000000 lines
read 260000000 lines
read 261000000 lines
read 262000000 lines
read 263000000 lines
read 264000000 lines
read 265000000 lines
read 266000000 lines
read 267000000 lines
read 268000000 lines
read 269000000 lines
read 270000000 lines
read 271000000 lines
read 272000000 lines
read 273000000 lines
read 274000000 lines
read 275000000 lines
read 276000000 lines
read 277000000 lines
read 278000000 lines
read 279000000 lines
read 280000000 lines
read 281000000 lines
read 282000000 lines
read 283000000 lines
read 284000000 lines
read 285000000 lines
read 286000000 lines
read 287000000 lines
read 288000000 lines
read 289000000 lines
read 290000000 lines
read 291000000 lines
read 292000000 lines
read 293000000 lines
read 294000000 lines
read 295000000 lines
read 296000000 lines
read 297000000 lines
read 298000000 lines
read 299000000 lines
read 300000000 lines
read 301000000 lines
read 302000000 lines
read 303000000 lines
read 304000000 lines
read 305000000 lines
read 306000000 lines
read 307000000 lines
read 308000000 lines
read 309000000 lines
read 310000000 lines
read 311000000 lines
read 312000000 lines
read 313000000 lines
read 314000000 lines
read 315000000 lines
read 316000000 lines
read 317000000 lines
read 318000000 lines
read 319000000 lines
read 320000000 lines
read 321000000 lines
read 322000000 lines
read 323000000 lines
read 324000000 lines
read 325000000 lines
read 326000000 lines
read 327000000 lines
read 328000000 lines
read 329000000 lines
read 330000000 lines
read 331000000 lines
read 332000000 lines
read 333000000 lines
read 334000000 lines
read 335000000 lines
read 336000000 lines
read 337000000 lines
read 338000000 lines
read 339000000 lines
read 340000000 lines
read 341000000 lines
read 342000000 lines
read 343000000 lines
read 344000000 lines
read 345000000 lines
read 346000000 lines
read 347000000 lines
read 348000000 lines
read 349000000 lines
read 350000000 lines
read 351000000 lines
read 352000000 lines
read 353000000 lines
read 354000000 lines
read 355000000 lines
read 356000000 lines
read 357000000 lines
read 358000000 lines
read 359000000 lines
read 360000000 lines
read 361000000 lines
read 362000000 lines
read 363000000 lines
read 364000000 lines
read 365000000 lines
read 366000000 lines
read 367000000 lines
read 368000000 lines
read 369000000 lines
read 370000000 lines
read 371000000 lines
read 372000000 lines
read 373000000 lines
read 374000000 lines
read 375000000 lines
read 376000000 lines
read 377000000 lines
read 378000000 lines
read 379000000 lines
read 380000000 lines
read 381000000 lines
read 382000000 lines
read 383000000 lines
read 384000000 lines
read 385000000 lines
read 386000000 lines
read 387000000 lines
read 388000000 lines
read 389000000 lines
read 390000000 lines
read 391000000 lines
read 392000000 lines
read 393000000 lines
read 394000000 lines
read 395000000 lines
read 396000000 lines
read 397000000 lines
read 398000000 lines
read 399000000 lines
read 400000000 lines
read 401000000 lines
read 402000000 lines
read 403000000 lines
read 404000000 lines
read 405000000 lines
read 406000000 lines
read 407000000 lines
read 408000000 lines
read 409000000 lines
read 410000000 lines
read 411000000 lines
read 412000000 lines
read 413000000 lines
read 414000000 lines
read 415000000 lines
read 416000000 lines
read 417000000 lines
read 418000000 lines
read 419000000 lines
read 420000000 lines
read 421000000 lines
read 422000000 lines
read 423000000 lines
read 424000000 lines
read 425000000 lines
read 426000000 lines
read 427000000 lines
read 428000000 lines
read 429000000 lines
read 430000000 lines
read 431000000 lines
read 432000000 lines
read 433000000 lines
read 434000000 lines
read 435000000 lines
read 436000000 lines
read 437000000 lines
read 438000000 lines
read 439000000 lines
read 440000000 lines
read 441000000 lines
read 442000000 lines
read 443000000 lines
read 444000000 lines
read 445000000 lines
read 446000000 lines
read 447000000 lines
read 448000000 lines
read 449000000 lines
read 450000000 lines
read 451000000 lines
read 452000000 lines
read 453000000 lines
read 454000000 lines
read 455000000 lines
read 456000000 lines
read 457000000 lines
read 458000000 lines
read 459000000 lines
read 460000000 lines
read 461000000 lines
[FILE]: /data1/tenant_trace/2016020800-2016020900_unique/tenant_4_trace
total_access_num: 461081482
total_access_size: 5645011044353
unique_access_num: 117171641
unique_access_size: 1493774741159
min_item_size: 1
[method]: FLOWS
[metric]: MAE
[seed]: 42
[sample_method]: FIX_RATE
[sample_metric]: 0.01
MAEQ_factor: 1.028458
cache_size, BMRC_ratio, OMRC_ratio
1493774741, 0.858528, 0.869683
2987549482, 0.821901, 0.829749
4481324223, 0.794085, 0.799417
5975098964, 0.771002, 0.774528
7468873705, 0.751035, 0.753325
8962648446, 0.733391, 0.734583
10456423188, 0.717553, 0.717820
11950197929, 0.703222, 0.702736
13443972670, 0.690073, 0.688866
14937747411, 0.677772, 0.676048
16431522152, 0.666391, 0.664183
17925296893, 0.655758, 0.653126
19419071635, 0.645847, 0.642759
20912846376, 0.636525, 0.633138
22406621117, 0.627651, 0.623960
23900395858, 0.619234, 0.615220
25394170599, 0.611268, 0.606933
26887945340, 0.603703, 0.599132
28381720082, 0.596428, 0.591682
29875494823, 0.589560, 0.584602
31369269564, 0.582948, 0.577781
32863044305, 0.576707, 0.571371
34356819046, 0.570724, 0.565225
35850593787, 0.564945, 0.559262
37344368528, 0.559390, 0.553586
38838143270, 0.553933, 0.548025
40331918011, 0.548820, 0.542724
41825692752, 0.543843, 0.537638
43319467493, 0.539012, 0.532691
44813242234, 0.534469, 0.528056
46307016975, 0.529978, 0.523428
47800791717, 0.525679, 0.518993
49294566458, 0.521533, 0.514699
50788341199, 0.517583, 0.510620
52282115940, 0.513639, 0.506558
53775890681, 0.509856, 0.502664
55269665422, 0.506186, 0.498933
56763440164, 0.502633, 0.495289
58257214905, 0.499137, 0.491720
59750989646, 0.495813, 0.488299
61244764387, 0.492541, 0.484906
62738539128, 0.489350, 0.481646
64232313869, 0.486183, 0.478456
65726088610, 0.483180, 0.475391
67219863352, 0.480253, 0.472412
68713638093, 0.477333, 0.469450
70207412834, 0.474521, 0.466588
71701187575, 0.471809, 0.463824
73194962316, 0.469154, 0.461104
74688737057, 0.466575, 0.458470
76182511799, 0.464072, 0.455919
77676286540, 0.461656, 0.453453
79170061281, 0.459230, 0.450973
80663836022, 0.456838, 0.448572
82157610763, 0.454483, 0.446163
83651385504, 0.452259, 0.443904
85145160246, 0.450073, 0.441680
86638934987, 0.447905, 0.439457
88132709728, 0.445813, 0.437289
89626484469, 0.443750, 0.435162
91120259210, 0.441706, 0.433061
92614033951, 0.439698, 0.431030
94107808693, 0.437764, 0.429066
95601583434, 0.435832, 0.427127
97095358175, 0.434017, 0.425275
98589132916, 0.432113, 0.423370
100082907657, 0.430294, 0.421505
101576682398, 0.428496, 0.419693
103070457139, 0.426814, 0.417971
104564231881, 0.425093, 0.416234
106058006622, 0.423392, 0.414491
107551781363, 0.421748, 0.412801
109045556104, 0.420153, 0.411171
110539330845, 0.418556, 0.409557
112033105586, 0.416916, 0.407928
113526880328, 0.415366, 0.406326
115020655069, 0.413924, 0.404861
116514429810, 0.412455, 0.403357
118008204551, 0.411015, 0.401880
119501979292, 0.409592, 0.400440
120995754033, 0.408158, 0.398959
122489528775, 0.406795, 0.397538
123983303516, 0.405430, 0.396167
125477078257, 0.404121, 0.394815
126970852998, 0.402793, 0.393479
128464627739, 0.401528, 0.392157
129958402480, 0.400260, 0.390852
131452177221, 0.399050, 0.389597
132945951963, 0.397819, 0.388339
134439726704, 0.396631, 0.387124
135933501445, 0.395386, 0.385837
137427276186, 0.394237, 0.384670
138921050927, 0.393065, 0.383481
140414825668, 0.391887, 0.382307
141908600410, 0.390786, 0.381178
143402375151, 0.389653, 0.380041
144896149892, 0.388535, 0.378882
146389924633, 0.387448, 0.377774
147883699374, 0.386381, 0.376677
149377474115, 0.385308, 0.375594
150871248857, 0.384291, 0.374550
152365023598, 0.383259, 0.373513
153858798339, 0.382273, 0.372515
155352573080, 0.381297, 0.371516
156846347821, 0.380360, 0.370558
158340122562, 0.379419, 0.369591
159833897304, 0.378481, 0.368637
161327672045, 0.377565, 0.367714
162821446786, 0.376636, 0.366769
164315221527, 0.375731, 0.365839
165808996268, 0.374847, 0.364957
167302771009, 0.373939, 0.364044
168796545750, 0.373067, 0.363157
170290320492, 0.372211, 0.362289
171784095233, 0.371386, 0.361453
173277869974, 0.370542, 0.360607
174771644715, 0.369698, 0.359754
176265419456, 0.368896, 0.358929
177759194197, 0.368105, 0.358109
179252968939, 0.367338, 0.357323
180746743680, 0.366564, 0.356538
182240518421, 0.365797, 0.355780
183734293162, 0.365043, 0.355014
185228067903, 0.364277, 0.354225
186721842644, 0.363513, 0.353437
188215617386, 0.362797, 0.352712
189709392127, 0.362051, 0.351958
191203166868, 0.361318, 0.351213
192696941609, 0.360591, 0.350475
194190716350, 0.359899, 0.349772
195684491091, 0.359208, 0.349073
197178265832, 0.358511, 0.348373
198672040574, 0.357826, 0.347685
200165815315, 0.357127, 0.346978
201659590056, 0.356458, 0.346301
203153364797, 0.355789, 0.345621
204647139538, 0.355127, 0.344946
206140914279, 0.354445, 0.344270
207634689021, 0.353817, 0.343624
209128463762, 0.353185, 0.342970
210622238503, 0.352559, 0.342321
212116013244, 0.351951, 0.341713
213609787985, 0.351325, 0.341084
215103562726, 0.350693, 0.340437
216597337468, 0.350091, 0.339825
218091112209, 0.349495, 0.339223
219584886950, 0.348904, 0.338630
221078661691, 0.348318, 0.338030
222572436432, 0.347739, 0.337435
224066211173, 0.347173, 0.336875
225559985915, 0.346578, 0.336279
227053760656, 0.346022, 0.335717
228547535397, 0.345469, 0.335145
230041310138, 0.344914, 0.334604
231535084879, 0.344350, 0.334027
233028859620, 0.343830, 0.333479
234522634361, 0.343304, 0.332960
236016409103, 0.342798, 0.332448
237510183844, 0.342291, 0.331939
239003958585, 0.341770, 0.331405
240497733326, 0.341279, 0.330912
241991508067, 0.340743, 0.330361
243485282808, 0.340214, 0.329833
244979057550, 0.339750, 0.329368
246472832291, 0.339254, 0.328865
247966607032, 0.338777, 0.328392
249460381773, 0.338300, 0.327911
250954156514, 0.337834, 0.327439
252447931255, 0.337346, 0.326943
253941705997, 0.336863, 0.326456
255435480738, 0.336394, 0.325990
256929255479, 0.335931, 0.325526
258423030220, 0.335488, 0.325091
259916804961, 0.335015, 0.324614
261410579702, 0.334584, 0.324180
262904354443, 0.334134, 0.323737
264398129185, 0.333701, 0.323303
265891903926, 0.333240, 0.322850
267385678667, 0.332801, 0.322405
268879453408, 0.332387, 0.321970
270373228149, 0.331962, 0.321539
271867002890, 0.331540, 0.321105
273360777632, 0.331104, 0.320654
274854552373, 0.330690, 0.320230
276348327114, 0.330262, 0.319813
277842101855, 0.329860, 0.319412
279335876596, 0.329453, 0.319003
280829651337, 0.329063, 0.318608
282323426079, 0.328672, 0.318209
283817200820, 0.328278, 0.317806
285310975561, 0.327895, 0.317413
286804750302, 0.327517, 0.317030
288298525043, 0.327147, 0.316646
289792299784, 0.326748, 0.316250
291286074526, 0.326371, 0.315868
292779849267, 0.325995, 0.315484
294273624008, 0.325633, 0.315118
295767398749, 0.325248, 0.314724
297261173490, 0.324886, 0.314348
298754948231, 0.324521, 0.313981
300248722972, 0.324148, 0.313595
301742497714, 0.323785, 0.313244
303236272455, 0.323437, 0.312884
304730047196, 0.323098, 0.312531
306223821937, 0.322734, 0.312165
307717596678, 0.322396, 0.311816
309211371419, 0.322056, 0.311480
310705146161, 0.321716, 0.311145
312198920902, 0.321392, 0.310828
313692695643, 0.321046, 0.310494
315186470384, 0.320702, 0.310154
316680245125, 0.320396, 0.309845
318174019866, 0.320085, 0.309537
319667794608, 0.319761, 0.309193
321161569349, 0.319446, 0.308873
322655344090, 0.319122, 0.308547
324149118831, 0.318799, 0.308218
325642893572, 0.318487, 0.307901
327136668313, 0.318178, 0.307585
328630443054, 0.317876, 0.307290
330124217796, 0.317559, 0.306969
331617992537, 0.317240, 0.306652
333111767278, 0.316948, 0.306353
334605542019, 0.316640, 0.306053
336099316760, 0.316331, 0.305738
337593091501, 0.316038, 0.305441
339086866243, 0.315727, 0.305127
340580640984, 0.315423, 0.304816
342074415725, 0.315105, 0.304490
343568190466, 0.314819, 0.304201
345061965207, 0.314524, 0.303917
346555739948, 0.314246, 0.303629
348049514690, 0.313988, 0.303356
349543289431, 0.313726, 0.303087
351037064172, 0.313451, 0.302805
352530838913, 0.313164, 0.302530
354024613654, 0.312869, 0.302231
355518388395, 0.312577, 0.301939
357012163137, 0.312296, 0.301666
358505937878, 0.312027, 0.301401
359999712619, 0.311748, 0.301129
361493487360, 0.311486, 0.300863
362987262101, 0.311227, 0.300600
364481036842, 0.310983, 0.300354
365974811583, 0.310731, 0.300096
367468586325, 0.310506, 0.299868
368962361066, 0.310279, 0.299627
370456135807, 0.310017, 0.299354
371949910548, 0.309763, 0.299106
373443685289, 0.309528, 0.298876
374937460030, 0.309285, 0.298642
376431234772, 0.309046, 0.298393
377925009513, 0.308801, 0.298146
379418784254, 0.308544, 0.297892
380912558995, 0.308328, 0.297673
382406333736, 0.308101, 0.297432
383900108477, 0.307870, 0.297190
385393883219, 0.307646, 0.296963
386887657960, 0.307405, 0.296719
388381432701, 0.307187, 0.296497
389875207442, 0.306961, 0.296265
391368982183, 0.306728, 0.296032
392862756924, 0.306493, 0.295795
394356531665, 0.306241, 0.295537
395850306407, 0.306019, 0.295313
397344081148, 0.305803, 0.295085
398837855889, 0.305592, 0.294862
400331630630, 0.305374, 0.294648
401825405371, 0.305160, 0.294430
403319180112, 0.304930, 0.294203
404812954854, 0.304700, 0.293963
406306729595, 0.304500, 0.293746
407800504336, 0.304295, 0.293532
409294279077, 0.304081, 0.293316
410788053818, 0.303856, 0.293088
412281828559, 0.303647, 0.292878
413775603301, 0.303437, 0.292667
415269378042, 0.303244, 0.292472
416763152783, 0.303043, 0.292268
418256927524, 0.302841, 0.292056
419750702265, 0.302632, 0.291840
421244477006, 0.302444, 0.291639
422738251747, 0.302244, 0.291453
424232026489, 0.302057, 0.291268
425725801230, 0.301862, 0.291067
427219575971, 0.301646, 0.290854
428713350712, 0.301466, 0.290661
430207125453, 0.301284, 0.290477
431700900194, 0.301090, 0.290276
433194674936, 0.300907, 0.290094
434688449677, 0.300725, 0.289912
436182224418, 0.300535, 0.289722
437675999159, 0.300344, 0.289530
439169773900, 0.300158, 0.289342
440663548641, 0.299971, 0.289153
442157323383, 0.299787, 0.288971
443651098124, 0.299615, 0.288797
445144872865, 0.299427, 0.288605
446638647606, 0.299253, 0.288430
448132422347, 0.299063, 0.288241
449626197088, 0.298883, 0.288057
451119971830, 0.298709, 0.287875
452613746571, 0.298538, 0.287695
454107521312, 0.298373, 0.287531
455601296053, 0.298190, 0.287337
457095070794, 0.298013, 0.287160
458588845535, 0.297845, 0.286990
460082620276, 0.297663, 0.286808
461576395018, 0.297488, 0.286640
463070169759, 0.297317, 0.286460
464563944500, 0.297147, 0.286283
466057719241, 0.296979, 0.286118
467551493982, 0.296801, 0.285936
469045268723, 0.296644, 0.285778
470539043465, 0.296482, 0.285607
472032818206, 0.296338, 0.285456
473526592947, 0.296180, 0.285290
475020367688, 0.296017, 0.285121
476514142429, 0.295857, 0.284954
478007917170, 0.295690, 0.284791
479501691912, 0.295523, 0.284622
480995466653, 0.295370, 0.284461
482489241394, 0.295215, 0.284308
483983016135, 0.295056, 0.284154
485476790876, 0.294900, 0.284000
486970565617, 0.294741, 0.283834
488464340358, 0.294602, 0.283693
489958115100, 0.294443, 0.283537
491451889841, 0.294289, 0.283390
492945664582, 0.294133, 0.283238
494439439323, 0.293997, 0.283097
495933214064, 0.293848, 0.282951
497426988805, 0.293715, 0.282819
498920763547, 0.293578, 0.282672
500414538288, 0.293439, 0.282530
501908313029, 0.293297, 0.282382
503402087770, 0.293145, 0.282229
504895862511, 0.293007, 0.282086
506389637252, 0.292860, 0.281933
507883411994, 0.292713, 0.281784
509377186735, 0.292556, 0.281638
510870961476, 0.292415, 0.281492
512364736217, 0.292278, 0.281349
513858510958, 0.292138, 0.281211
515352285699, 0.292010, 0.281078
516846060441, 0.291872, 0.280933
518339835182, 0.291739, 0.280800
519833609923, 0.291597, 0.280655
521327384664, 0.291453, 0.280514
522821159405, 0.291319, 0.280381
524314934146, 0.291196, 0.280262
525808708887, 0.291065, 0.280135
527302483629, 0.290928, 0.280002
528796258370, 0.290786, 0.279861
530290033111, 0.290649, 0.279724
531783807852, 0.290524, 0.279594
533277582593, 0.290393, 0.279462
534771357334, 0.290261, 0.279325
536265132076, 0.290129, 0.279189
537758906817, 0.289998, 0.279059
539252681558, 0.289860, 0.278923
540746456299, 0.289734, 0.278801
542240231040, 0.289613, 0.278674
543734005781, 0.289478, 0.278536
545227780523, 0.289362, 0.278413
546721555264, 0.289232, 0.278285
548215330005, 0.289116, 0.278163
549709104746, 0.288992, 0.278039
551202879487, 0.288862, 0.277908
552696654228, 0.288749, 0.277797
554190428969, 0.288616, 0.277673
555684203711, 0.288488, 0.277549
557177978452, 0.288363, 0.277421
558671753193, 0.288243, 0.277298
560165527934, 0.288132, 0.277188
561659302675, 0.288007, 0.277076
563153077416, 0.287878, 0.276948
564646852158, 0.287764, 0.276837
566140626899, 0.287645, 0.276720
567634401640, 0.287516, 0.276595
569128176381, 0.287408, 0.276488
570621951122, 0.287290, 0.276375
572115725863, 0.287176, 0.276270
573609500605, 0.287074, 0.276164
575103275346, 0.286958, 0.276047
576597050087, 0.286844, 0.275923
578090824828, 0.286721, 0.275803
579584599569, 0.286613, 0.275692
581078374310, 0.286506, 0.275580
582572149052, 0.286401, 0.275477
584065923793, 0.286297, 0.275368
585559698534, 0.286190, 0.275260
587053473275, 0.286079, 0.275144
588547248016, 0.285978, 0.275036
590041022757, 0.285860, 0.274922
591534797498, 0.285752, 0.274809
593028572240, 0.285647, 0.274703
594522346981, 0.285538, 0.274589
596016121722, 0.285437, 0.274491
597509896463, 0.285346, 0.274391
599003671204, 0.285250, 0.274285
600497445945, 0.285142, 0.274177
601991220687, 0.285050, 0.274084
603484995428, 0.284947, 0.273982
604978770169, 0.284844, 0.273884
606472544910, 0.284745, 0.273784
607966319651, 0.284647, 0.273680
609460094392, 0.284546, 0.273578
610953869134, 0.284456, 0.273487
612447643875, 0.284362, 0.273389
613941418616, 0.284267, 0.273291
615435193357, 0.284164, 0.273190
616928968098, 0.284076, 0.273101
618422742839, 0.283969, 0.272998
619916517580, 0.283866, 0.272899
621410292322, 0.283758, 0.272790
622904067063, 0.283662, 0.272691
624397841804, 0.283575, 0.272601
625891616545, 0.283477, 0.272499
627385391286, 0.283385, 0.272410
628879166027, 0.283292, 0.272319
630372940769, 0.283203, 0.272229
631866715510, 0.283113, 0.272142
633360490251, 0.283021, 0.272050
634854264992, 0.282937, 0.271965
636348039733, 0.282837, 0.271863
637841814474, 0.282745, 0.271768
639335589216, 0.282652, 0.271674
640829363957, 0.282554, 0.271574
642323138698, 0.282467, 0.271485
643816913439, 0.282377, 0.271395
645310688180, 0.282283, 0.271306
646804462921, 0.282184, 0.271207
648298237663, 0.282090, 0.271121
649792012404, 0.281987, 0.271025
651285787145, 0.281900, 0.270933
652779561886, 0.281810, 0.270840
654273336627, 0.281730, 0.270755
655767111368, 0.281643, 0.270666
657260886109, 0.281569, 0.270589
658754660851, 0.281480, 0.270505
660248435592, 0.281394, 0.270416
661742210333, 0.281315, 0.270331
663235985074, 0.281237, 0.270255
664729759815, 0.281156, 0.270173
666223534556, 0.281074, 0.270093
667717309298, 0.281004, 0.270019
669211084039, 0.280923, 0.269946
670704858780, 0.280850, 0.269875
672198633521, 0.280767, 0.269790
673692408262, 0.280677, 0.269699
675186183003, 0.280595, 0.269616
676679957745, 0.280521, 0.269542
678173732486, 0.280447, 0.269464
679667507227, 0.280373, 0.269388
681161281968, 0.280298, 0.269311
682655056709, 0.280219, 0.269236
684148831450, 0.280145, 0.269158
685642606191, 0.280074, 0.269085
687136380933, 0.279986, 0.269001
688630155674, 0.279896, 0.268916
690123930415, 0.279814, 0.268837
691617705156, 0.279736, 0.268765
693111479897, 0.279658, 0.268687
694605254638, 0.279584, 0.268612
696099029380, 0.279508, 0.268536
697592804121, 0.279423, 0.268459
699086578862, 0.279346, 0.268383
700580353603, 0.279267, 0.268306
702074128344, 0.279197, 0.268235
703567903085, 0.279135, 0.268173
705061677827, 0.279066, 0.268101
706555452568, 0.278984, 0.268026
708049227309, 0.278907, 0.267946
709543002050, 0.278841, 0.267883
711036776791, 0.278776, 0.267813
712530551532, 0.278696, 0.267736
714024326274, 0.278623, 0.267661
715518101015, 0.278555, 0.267587
717011875756, 0.278483, 0.267515
718505650497, 0.278409, 0.267434
719999425238, 0.278323, 0.267353
721493199979, 0.278249, 0.267283
722986974720, 0.278180, 0.267218
724480749462, 0.278109, 0.267142
725974524203, 0.278049, 0.267086
727468298944, 0.277985, 0.267021
728962073685, 0.277915, 0.266955
730455848426, 0.277857, 0.266888
731949623167, 0.277791, 0.266824
733443397909, 0.277727, 0.266754
734937172650, 0.277666, 0.266692
736430947391, 0.277594, 0.266624
737924722132, 0.277536, 0.266567
739418496873, 0.277466, 0.266506
740912271614, 0.277397, 0.266436
742406046356, 0.277339, 0.266370
743899821097, 0.277262, 0.266296
745393595838, 0.277203, 0.266235
746887370579, 0.277142, 0.266180
748381145320, 0.277084, 0.266119
749874920061, 0.277018, 0.266056
751368694802, 0.276957, 0.265996
752862469544, 0.276898, 0.265933
754356244285, 0.276830, 0.265866
755850019026, 0.276770, 0.265800
757343793767, 0.276704, 0.265733
758837568508, 0.276634, 0.265666
760331343249, 0.276573, 0.265600
761825117991, 0.276514, 0.265540
763318892732, 0.276443, 0.265469
764812667473, 0.276391, 0.265416
766306442214, 0.276323, 0.265350
767800216955, 0.276260, 0.265291
769293991696, 0.276198, 0.265233
770787766438, 0.276130, 0.265171
772281541179, 0.276064, 0.265108
773775315920, 0.276008, 0.265047
775269090661, 0.275946, 0.264988
776762865402, 0.275879, 0.264930
778256640143, 0.275825, 0.264873
779750414884, 0.275769, 0.264813
781244189626, 0.275712, 0.264758
782737964367, 0.275650, 0.264699
784231739108, 0.275598, 0.264643
785725513849, 0.275551, 0.264594
787219288590, 0.275486, 0.264526
788713063331, 0.275422, 0.264462
790206838073, 0.275362, 0.264407
791700612814, 0.275301, 0.264352
793194387555, 0.275239, 0.264296
794688162296, 0.275193, 0.264248
796181937037, 0.275133, 0.264187
797675711778, 0.275073, 0.264128
799169486520, 0.275005, 0.264065
800663261261, 0.274957, 0.264018
802157036002, 0.274910, 0.263966
803650810743, 0.274855, 0.263911
805144585484, 0.274809, 0.263866
806638360225, 0.274751, 0.263806
808132134967, 0.274696, 0.263750
809625909708, 0.274638, 0.263690
811119684449, 0.274574, 0.263626
812613459190, 0.274514, 0.263562
814107233931, 0.274462, 0.263509
815601008672, 0.274402, 0.263447
817094783413, 0.274350, 0.263394
818588558155, 0.274302, 0.263343
820082332896, 0.274251, 0.263295
821576107637, 0.274191, 0.263240
823069882378, 0.274140, 0.263190
824563657119, 0.274086, 0.263135
826057431860, 0.274027, 0.263078
827551206602, 0.273972, 0.263021
829044981343, 0.273919, 0.262970
830538756084, 0.273869, 0.262926
832032530825, 0.273817, 0.262879
833526305566, 0.273775, 0.262832
835020080307, 0.273724, 0.262779
836513855049, 0.273682, 0.262734
838007629790, 0.273637, 0.262689
839501404531, 0.273585, 0.262643
840995179272, 0.273537, 0.262591
842488954013, 0.273492, 0.262546
843982728754, 0.273439, 0.262495
845476503495, 0.273389, 0.262450
846970278237, 0.273336, 0.262396
848464052978, 0.273290, 0.262351
849957827719, 0.273238, 0.262303
851451602460, 0.273191, 0.262256
852945377201, 0.273147, 0.262213
854439151942, 0.273102, 0.262168
855932926684, 0.273054, 0.262123
857426701425, 0.273011, 0.262083
858920476166, 0.272963, 0.262035
860414250907, 0.272912, 0.261976
861908025648, 0.272862, 0.261926
863401800389, 0.272813, 0.261876
864895575131, 0.272765, 0.261830
866389349872, 0.272716, 0.261783
867883124613, 0.272669, 0.261735
869376899354, 0.272618, 0.261690
870870674095, 0.272582, 0.261651
872364448836, 0.272534, 0.261607
873858223578, 0.272490, 0.261558
875351998319, 0.272445, 0.261516
876845773060, 0.272394, 0.261470
878339547801, 0.272346, 0.261421
879833322542, 0.272301, 0.261377
881327097283, 0.272257, 0.261334
882820872024, 0.272211, 0.261288
884314646766, 0.272170, 0.261250
885808421507, 0.272127, 0.261205
887302196248, 0.272086, 0.261166
888795970989, 0.272043, 0.261123
890289745730, 0.272014, 0.261093
891783520471, 0.271966, 0.261047
893277295213, 0.271918, 0.261002
894771069954, 0.271876, 0.260960
896264844695, 0.271838, 0.260925
897758619436, 0.271792, 0.260882
899252394177, 0.271747, 0.260835
900746168918, 0.271710, 0.260799
902239943660, 0.271664, 0.260756
903733718401, 0.271630, 0.260723
905227493142, 0.271592, 0.260685
906721267883, 0.271556, 0.260649
908215042624, 0.271518, 0.260614
909708817365, 0.271478, 0.260575
911202592106, 0.271438, 0.260532
912696366848, 0.271391, 0.260488
914190141589, 0.271347, 0.260445
915683916330, 0.271314, 0.260413
917177691071, 0.271276, 0.260377
918671465812, 0.271238, 0.260336
920165240553, 0.271202, 0.260303
921659015295, 0.271168, 0.260269
923152790036, 0.271129, 0.260226
924646564777, 0.271094, 0.260193
926140339518, 0.271054, 0.260153
927634114259, 0.271011, 0.260115
929127889000, 0.270974, 0.260077
930621663742, 0.270939, 0.260042
932115438483, 0.270896, 0.260000
933609213224, 0.270860, 0.259960
935102987965, 0.270822, 0.259924
936596762706, 0.270787, 0.259889
938090537447, 0.270744, 0.259849
939584312189, 0.270711, 0.259816
941078086930, 0.270669, 0.259775
942571861671, 0.270634, 0.259740
944065636412, 0.270600, 0.259700
945559411153, 0.270562, 0.259661
947053185894, 0.270528, 0.259630
948546960635, 0.270495, 0.259603
950040735377, 0.270455, 0.259565
951534510118, 0.270421, 0.259529
953028284859, 0.270384, 0.259492
954522059600, 0.270344, 0.259457
956015834341, 0.270299, 0.259415
957509609082, 0.270268, 0.259388
959003383824, 0.270230, 0.259351
960497158565, 0.270199, 0.259320
961990933306, 0.270160, 0.259286
963484708047, 0.270121, 0.259247
964978482788, 0.270088, 0.259220
966472257529, 0.270050, 0.259184
967966032271, 0.270014, 0.259153
969459807012, 0.269975, 0.259111
970953581753, 0.269947, 0.259081
972447356494, 0.269910, 0.259047
973941131235, 0.269875, 0.259013
975434905976, 0.269842, 0.258983
976928680717, 0.269803, 0.258946
978422455459, 0.269768, 0.258916
979916230200, 0.269734, 0.258883
981410004941, 0.269692, 0.258844
982903779682, 0.269660, 0.258812
984397554423, 0.269623, 0.258777
985891329164, 0.269589, 0.258746
987385103906, 0.269559, 0.258717
988878878647, 0.269524, 0.258684
990372653388, 0.269489, 0.258653
991866428129, 0.269457, 0.258623
993360202870, 0.269424, 0.258591
994853977611, 0.269391, 0.258560
996347752353, 0.269362, 0.258530
997841527094, 0.269328, 0.258498
999335301835, 0.269301, 0.258468
1000829076576, 0.269268, 0.258439
1002322851317, 0.269237, 0.258409
1003816626058, 0.269210, 0.258379
1005310400800, 0.269176, 0.258346
1006804175541, 0.269148, 0.258317
1008297950282, 0.269123, 0.258290
1009791725023, 0.269099, 0.258265
1011285499764, 0.269063, 0.258231
1012779274505, 0.269041, 0.258204
1014273049246, 0.269010, 0.258172
1015766823988, 0.268985, 0.258150
1017260598729, 0.268952, 0.258117
1018754373470, 0.268922, 0.258089
1020248148211, 0.268885, 0.258056
1021741922952, 0.268852, 0.258025
1023235697693, 0.268824, 0.257997
1024729472435, 0.268801, 0.257974
1026223247176, 0.268773, 0.257948
1027717021917, 0.268747, 0.257922
1029210796658, 0.268719, 0.257894
1030704571399, 0.268695, 0.257872
1032198346140, 0.268662, 0.257836
1033692120882, 0.268637, 0.257810
1035185895623, 0.268608, 0.257781
1036679670364, 0.268586, 0.257758
1038173445105, 0.268562, 0.257733
1039667219846, 0.268534, 0.257706
1041160994587, 0.268506, 0.257679
1042654769328, 0.268479, 0.257651
1044148544070, 0.268457, 0.257628
1045642318811, 0.268436, 0.257607
1047136093552, 0.268413, 0.257587
1048629868293, 0.268383, 0.257559
1050123643034, 0.268348, 0.257525
1051617417775, 0.268323, 0.257502
1053111192517, 0.268297, 0.257476
1054604967258, 0.268272, 0.257453
1056098741999, 0.268251, 0.257433
1057592516740, 0.268231, 0.257414
1059086291481, 0.268208, 0.257391
1060580066222, 0.268183, 0.257371
1062073840964, 0.268161, 0.257351
1063567615705, 0.268138, 0.257325
1065061390446, 0.268117, 0.257305
1066555165187, 0.268094, 0.257284
1068048939928, 0.268065, 0.257254
1069542714669, 0.268039, 0.257224
1071036489411, 0.268012, 0.257200
1072530264152, 0.267983, 0.257174
1074024038893, 0.267964, 0.257154
1075517813634, 0.267936, 0.257126
1077011588375, 0.267909, 0.257100
1078505363116, 0.267883, 0.257070
1079999137857, 0.267860, 0.257046
1081492912599, 0.267834, 0.257018
1082986687340, 0.267806, 0.256991
1084480462081, 0.267778, 0.256963
1085974236822, 0.267759, 0.256944
1087468011563, 0.267731, 0.256922
1088961786304, 0.267705, 0.256898
1090455561046, 0.267684, 0.256877
1091949335787, 0.267656, 0.256851
1093443110528, 0.267642, 0.256837
1094936885269, 0.267622, 0.256818
1096430660010, 0.267600, 0.256798
1097924434751, 0.267584, 0.256782
1099418209493, 0.267558, 0.256755
1100911984234, 0.267538, 0.256736
1102405758975, 0.267515, 0.256715
1103899533716, 0.267487, 0.256687
1105393308457, 0.267470, 0.256670
1106887083198, 0.267447, 0.256646
1108380857939, 0.267419, 0.256619
1109874632681, 0.267403, 0.256602
1111368407422, 0.267383, 0.256582
1112862182163, 0.267360, 0.256558
1114355956904, 0.267341, 0.256540
1115849731645, 0.267317, 0.256519
1117343506386, 0.267297, 0.256500
1118837281128, 0.267271, 0.256473
1120331055869, 0.267250, 0.256454
1121824830610, 0.267230, 0.256433
1123318605351, 0.267208, 0.256411
1124812380092, 0.267185, 0.256388
1126306154833, 0.267162, 0.256369
1127799929575, 0.267145, 0.256352
1129293704316, 0.267120, 0.256331
1130787479057, 0.267098, 0.256310
1132281253798, 0.267078, 0.256289
1133775028539, 0.267061, 0.256274
1135268803280, 0.267040, 0.256253
1136762578021, 0.267023, 0.256240
1138256352763, 0.266996, 0.256214
1139750127504, 0.266976, 0.256195
1141243902245, 0.266959, 0.256180
1142737676986, 0.266939, 0.256163
1144231451727, 0.266926, 0.256147
1145725226468, 0.266906, 0.256128
1147219001210, 0.266881, 0.256106
1148712775951, 0.266861, 0.256084
1150206550692, 0.266841, 0.256066
1151700325433, 0.266825, 0.256048
1153194100174, 0.266804, 0.256028
1154687874915, 0.266787, 0.256012
1156181649657, 0.266774, 0.255998
1157675424398, 0.266755, 0.255978
1159169199139, 0.266737, 0.255961
1160662973880, 0.266719, 0.255942
1162156748621, 0.266705, 0.255927
1163650523362, 0.266690, 0.255910
1165144298104, 0.266673, 0.255893
1166638072845, 0.266657, 0.255878
1168131847586, 0.266638, 0.255860
1169625622327, 0.266619, 0.255841
1171119397068, 0.266598, 0.255821
1172613171809, 0.266580, 0.255803
1174106946550, 0.266563, 0.255785
1175600721292, 0.266544, 0.255768
1177094496033, 0.266527, 0.255752
1178588270774, 0.266513, 0.255737
1180082045515, 0.266497, 0.255720
1181575820256, 0.266484, 0.255706
1183069594997, 0.266468, 0.255689
1184563369739, 0.266450, 0.255672
1186057144480, 0.266433, 0.255655
1187550919221, 0.266415, 0.255640
1189044693962, 0.266401, 0.255625
1190538468703, 0.266386, 0.255612
1192032243444, 0.266373, 0.255598
1193526018186, 0.266357, 0.255583
1195019792927, 0.266340, 0.255568
1196513567668, 0.266320, 0.255548
1198007342409, 0.266305, 0.255532
1199501117150, 0.266288, 0.255515
1200994891891, 0.266269, 0.255498
1202488666632, 0.266248, 0.255481
1203982441374, 0.266233, 0.255469
1205476216115, 0.266221, 0.255457
1206969990856, 0.266208, 0.255446
1208463765597, 0.266192, 0.255431
1209957540338, 0.266176, 0.255414
1211451315079, 0.266165, 0.255401
1212945089821, 0.266149, 0.255386
1214438864562, 0.266135, 0.255372
1215932639303, 0.266116, 0.255356
1217426414044, 0.266098, 0.255339
1218920188785, 0.266084, 0.255324
1220413963526, 0.266072, 0.255312
1221907738268, 0.266061, 0.255299
1223401513009, 0.266047, 0.255285
1224895287750, 0.266030, 0.255270
1226389062491, 0.266019, 0.255259
1227882837232, 0.266010, 0.255248
1229376611973, 0.265997, 0.255236
1230870386715, 0.265986, 0.255224
1232364161456, 0.265970, 0.255207
1233857936197, 0.265958, 0.255196
1235351710938, 0.265949, 0.255185
1236845485679, 0.265937, 0.255173
1238339260420, 0.265927, 0.255164
1239833035161, 0.265912, 0.255149
1241326809903, 0.265893, 0.255133
1242820584644, 0.265883, 0.255125
1244314359385, 0.265871, 0.255115
1245808134126, 0.265856, 0.255100
1247301908867, 0.265843, 0.255087
1248795683608, 0.265832, 0.255075
1250289458350, 0.265817, 0.255060
1251783233091, 0.265806, 0.255049
1253277007832, 0.265795, 0.255039
1254770782573, 0.265782, 0.255027
1256264557314, 0.265768, 0.255013
1257758332055, 0.265755, 0.254998
1259252106797, 0.265744, 0.254987
1260745881538, 0.265732, 0.254975
1262239656279, 0.265720, 0.254963
1263733431020, 0.265710, 0.254953
1265227205761, 0.265702, 0.254945
1266720980502, 0.265690, 0.254933
1268214755243, 0.265680, 0.254923
1269708529985, 0.265671, 0.254914
1271202304726, 0.265660, 0.254903
1272696079467, 0.265649, 0.254894
1274189854208, 0.265634, 0.254878
1275683628949, 0.265621, 0.254866
1277177403690, 0.265611, 0.254857
1278671178432, 0.265598, 0.254845
1280164953173, 0.265591, 0.254839
1281658727914, 0.265579, 0.254827
1283152502655, 0.265568, 0.254819
1284646277396, 0.265558, 0.254808
1286140052137, 0.265549, 0.254798
1287633826879, 0.265540, 0.254789
1289127601620, 0.265534, 0.254782
1290621376361, 0.265521, 0.254771
1292115151102, 0.265508, 0.254759
1293608925843, 0.265498, 0.254751
1295102700584, 0.265486, 0.254741
1296596475326, 0.265478, 0.254732
1298090250067, 0.265468, 0.254722
1299584024808, 0.265461, 0.254716
1301077799549, 0.265450, 0.254703
1302571574290, 0.265441, 0.254692
1304065349031, 0.265431, 0.254680
1305559123772, 0.265420, 0.254672
1307052898514, 0.265413, 0.254665
1308546673255, 0.265403, 0.254655
1310040447996, 0.265394, 0.254646
1311534222737, 0.265385, 0.254638
1313027997478, 0.265377, 0.254631
1314521772219, 0.265368, 0.254624
1316015546961, 0.265361, 0.254617
1317509321702, 0.265349, 0.254606
1319003096443, 0.265343, 0.254600
1320496871184, 0.265336, 0.254594
1321990645925, 0.265330, 0.254586
1323484420666, 0.265320, 0.254575
1324978195408, 0.265314, 0.254570
1326471970149, 0.265303, 0.254560
1327965744890, 0.265292, 0.254548
1329459519631, 0.265284, 0.254542
1330953294372, 0.265278, 0.254534
1332447069113, 0.265269, 0.254527
1333940843854, 0.265259, 0.254517
1335434618596, 0.265255, 0.254512
1336928393337, 0.265245, 0.254503
1338422168078, 0.265237, 0.254495
1339915942819, 0.265228, 0.254487
1341409717560, 0.265218, 0.254478
1342903492301, 0.265212, 0.254473
1344397267043, 0.265204, 0.254465
1345891041784, 0.265198, 0.254460
1347384816525, 0.265190, 0.254450
1348878591266, 0.265181, 0.254442
1350372366007, 0.265173, 0.254435
1351866140748, 0.265162, 0.254426
1353359915490, 0.265155, 0.254418
1354853690231, 0.265150, 0.254413
1356347464972, 0.265144, 0.254408
1357841239713, 0.265136, 0.254402
1359335014454, 0.265131, 0.254397
1360828789195, 0.265119, 0.254388
1362322563937, 0.265111, 0.254380
1363816338678, 0.265107, 0.254375
1365310113419, 0.265102, 0.254370
1366803888160, 0.265096, 0.254365
1368297662901, 0.265091, 0.254358
1369791437642, 0.265085, 0.254353
1371285212383, 0.265081, 0.254349
1372778987125, 0.265073, 0.254343
1374272761866, 0.265068, 0.254338
1375766536607, 0.265063, 0.254332
1377260311348, 0.265058, 0.254328
1378754086089, 0.265053, 0.254324
1380247860830, 0.265045, 0.254316
1381741635572, 0.265040, 0.254311
1383235410313, 0.265037, 0.254308
1384729185054, 0.265031, 0.254304
1386222959795, 0.265028, 0.254300
1387716734536, 0.265020, 0.254294
1389210509277, 0.265015, 0.254289
1390704284019, 0.265008, 0.254285
1392198058760, 0.265004, 0.254280
1393691833501, 0.265000, 0.254277
1395185608242, 0.264994, 0.254271
1396679382983, 0.264991, 0.254267
1398173157724, 0.264986, 0.254263
1399666932465, 0.264983, 0.254260
1401160707207, 0.264979, 0.254256
1402654481948, 0.264975, 0.254253
1404148256689, 0.264970, 0.254249
1405642031430, 0.264966, 0.254243
1407135806171, 0.264962, 0.254239
1408629580912, 0.264954, 0.254233
1410123355654, 0.264951, 0.254230
1411617130395, 0.264944, 0.254224
1413110905136, 0.264941, 0.254221
1414604679877, 0.264936, 0.254216
1416098454618, 0.264933, 0.254213
1417592229359, 0.264930, 0.254211
1419086004101, 0.264926, 0.254207
1420579778842, 0.264921, 0.254203
1422073553583, 0.264918, 0.254201
1423567328324, 0.264914, 0.254196
1425061103065, 0.264911, 0.254194
1426554877806, 0.264909, 0.254192
1428048652548, 0.264907, 0.254190
1429542427289, 0.264905, 0.254188
1431036202030, 0.264903, 0.254185
1432529976771, 0.264900, 0.254183
1434023751512, 0.264896, 0.254179
1435517526253, 0.264892, 0.254177
1437011300994, 0.264891, 0.254175
1438505075736, 0.264887, 0.254172
1439998850477, 0.264886, 0.254171
1441492625218, 0.264882, 0.254167
1442986399959, 0.264880, 0.254165
1444480174700, 0.264876, 0.254162
1445973949441, 0.264872, 0.254159
1447467724183, 0.264870, 0.254156
1448961498924, 0.264870, 0.254156
1450455273665, 0.264868, 0.254156
1451949048406, 0.264867, 0.254155
1453442823147, 0.264863, 0.254153
1454936597888, 0.264861, 0.254150
1456430372630, 0.264860, 0.254149
1457924147371, 0.264855, 0.254144
1459417922112, 0.264854, 0.254142
1460911696853, 0.264854, 0.254142
1462405471594, 0.264852, 0.254140
1463899246335, 0.264850, 0.254139
1465393021076, 0.264848, 0.254137
1466886795818, 0.264847, 0.254136
1468380570559, 0.264846, 0.254135
1469874345300, 0.264845, 0.254134
1471368120041, 0.264844, 0.254132
1472861894782, 0.264843, 0.254132
1474355669523, 0.264842, 0.254130
1475849444265, 0.264841, 0.254130
1477343219006, 0.264840, 0.254128
1478836993747, 0.264840, 0.254128
1480330768488, 0.264838, 0.254127
1481824543229, 0.264838, 0.254127
1483318317970, 0.264838, 0.254126
1484812092712, 0.264838, 0.254126
1486305867453, 0.264838, 0.254126
1487799642194, 0.264837, 0.254126
1489293416935, 0.264836, 0.254125
1490787191676, 0.264836, 0.254125
1492280966417, 0.264836, 0.254125
1493774741159, 0.264836, 0.254125
Time used: 335920 ms
