logging to /opt/flows_res_1000/2016020800-2016020900_unique/tenant_5_profile_res-FIX_RATE-FLOWS-0.01.csvtracefile: /data1/tenant_trace/2016020800-2016020900_unique/tenant_5_trace
open file /data1/tenant_trace/2016020800-2016020900_unique/tenant_5_trace
read 1000000 lines
read 2000000 lines
read 3000000 lines
read 4000000 lines
read 5000000 lines
read 6000000 lines
read 7000000 lines
read 8000000 lines
read 9000000 lines
read 10000000 lines
read 11000000 lines
read 12000000 lines
read 13000000 lines
read 14000000 lines
read 15000000 lines
read 16000000 lines
read 17000000 lines
read 18000000 lines
read 19000000 lines
read 20000000 lines
read 21000000 lines
read 22000000 lines
read 23000000 lines
read 24000000 lines
read 25000000 lines
read 26000000 lines
read 27000000 lines
read 28000000 lines
read 29000000 lines
read 30000000 lines
read 31000000 lines
read 32000000 lines
read 33000000 lines
read 34000000 lines
read 35000000 lines
read 36000000 lines
read 37000000 lines
read 38000000 lines
read 39000000 lines
read 40000000 lines
read 41000000 lines
read 42000000 lines
read 43000000 lines
read 44000000 lines
read 45000000 lines
read 46000000 lines
read 47000000 lines
read 48000000 lines
read 49000000 lines
read 50000000 lines
read 51000000 lines
read 52000000 lines
read 53000000 lines
read 54000000 lines
read 55000000 lines
read 56000000 lines
read 57000000 lines
read 58000000 lines
read 59000000 lines
read 60000000 lines
read 61000000 lines
read 62000000 lines
read 63000000 lines
read 64000000 lines
read 65000000 lines
read 66000000 lines
read 67000000 lines
read 68000000 lines
read 69000000 lines
read 70000000 lines
read 71000000 lines
read 72000000 lines
read 73000000 lines
read 74000000 lines
read 75000000 lines
read 76000000 lines
read 77000000 lines
read 78000000 lines
read 79000000 lines
read 80000000 lines
read 81000000 lines
read 82000000 lines
read 83000000 lines
read 84000000 lines
read 85000000 lines
read 86000000 lines
read 87000000 lines
read 88000000 lines
read 89000000 lines
read 90000000 lines
read 91000000 lines
read 92000000 lines
read 93000000 lines
read 94000000 lines
read 95000000 lines
read 96000000 lines
read 97000000 lines
read 98000000 lines
read 99000000 lines
read 100000000 lines
read 101000000 lines
read 102000000 lines
read 103000000 lines
read 104000000 lines
read 105000000 lines
read 106000000 lines
read 107000000 lines
read 108000000 lines
read 109000000 lines
read 110000000 lines
read 111000000 lines
read 112000000 lines
read 113000000 lines
read 114000000 lines
read 115000000 lines
read 116000000 lines
read 117000000 lines
read 118000000 lines
read 119000000 lines
read 120000000 lines
read 121000000 lines
read 122000000 lines
read 123000000 lines
read 124000000 lines
read 125000000 lines
read 126000000 lines
read 127000000 lines
read 128000000 lines
read 129000000 lines
read 130000000 lines
read 131000000 lines
read 132000000 lines
read 133000000 lines
read 134000000 lines
read 135000000 lines
read 136000000 lines
read 137000000 lines
read 138000000 lines
read 139000000 lines
read 140000000 lines
read 141000000 lines
read 142000000 lines
read 143000000 lines
read 144000000 lines
read 145000000 lines
read 146000000 lines
read 147000000 lines
read 148000000 lines
read 149000000 lines
read 150000000 lines
read 151000000 lines
read 152000000 lines
read 153000000 lines
read 154000000 lines
read 155000000 lines
read 156000000 lines
read 157000000 lines
read 158000000 lines
read 159000000 lines
read 160000000 lines
read 161000000 lines
read 162000000 lines
read 163000000 lines
read 164000000 lines
read 165000000 lines
read 166000000 lines
read 167000000 lines
read 168000000 lines
read 169000000 lines
read 170000000 lines
read 171000000 lines
read 172000000 lines
read 173000000 lines
read 174000000 lines
read 175000000 lines
read 176000000 lines
read 177000000 lines
read 178000000 lines
[FILE]: /data1/tenant_trace/2016020800-2016020900_unique/tenant_5_trace
total_access_num: 178576938
total_access_size: 7393874024307
unique_access_num: 49639581
unique_access_size: 2124049935854
min_item_size: 1
[method]: FLOWS
[metric]: MAE
[seed]: 42
[sample_method]: FIX_RATE
[sample_metric]: 0.01
MAEQ_factor: 1.028820
cache_size, BMRC_ratio, OMRC_ratio
2124049935, 0.896479, 0.896974
4248099871, 0.862924, 0.859948
6372149807, 0.837204, 0.831895
8496199743, 0.815651, 0.808726
10620249679, 0.796901, 0.788567
12744299615, 0.780216, 0.770799
14868349550, 0.765046, 0.754756
16992399486, 0.751305, 0.740146
19116449422, 0.738532, 0.726685
21240499358, 0.726749, 0.714222
23364549294, 0.715745, 0.702700
25488599230, 0.705426, 0.692014
27612649166, 0.695558, 0.681834
29736699101, 0.686232, 0.672269
31860749037, 0.677513, 0.663259
33984798973, 0.669301, 0.654795
36108848909, 0.661256, 0.646643
38232898845, 0.653581, 0.638788
40356948781, 0.646308, 0.631421
42480998717, 0.639500, 0.624410
44605048652, 0.632782, 0.617604
46729098588, 0.626442, 0.611083
48853148524, 0.620265, 0.604930
50977198460, 0.614457, 0.598965
53101248396, 0.608812, 0.593341
55225298332, 0.603447, 0.587895
57349348268, 0.598182, 0.582475
59473398203, 0.593019, 0.577303
61597448139, 0.587976, 0.572344
63721498075, 0.583042, 0.567446
65845548011, 0.578399, 0.562775
67969597947, 0.573889, 0.558323
70093647883, 0.569576, 0.554019
72217697819, 0.565292, 0.549688
74341747754, 0.561076, 0.545587
76465797690, 0.557030, 0.541570
78589847626, 0.553085, 0.537618
80713897562, 0.549317, 0.533892
82837947498, 0.545601, 0.530212
84961997434, 0.542083, 0.526737
87086047370, 0.538491, 0.523200
89210097305, 0.535093, 0.519899
91334147241, 0.531914, 0.516731
93458197177, 0.528535, 0.513394
95582247113, 0.525308, 0.510216
97706297049, 0.522165, 0.507073
99830346985, 0.519101, 0.504035
101954396920, 0.516158, 0.501153
104078446856, 0.513274, 0.498276
106202496792, 0.510520, 0.495623
108326546728, 0.507789, 0.492936
110450596664, 0.505008, 0.490225
112574646600, 0.502298, 0.487519
114698696536, 0.499669, 0.485007
116822746471, 0.497104, 0.482502
118946796407, 0.494578, 0.480092
121070846343, 0.492139, 0.477720
123194896279, 0.489811, 0.475421
125318946215, 0.487481, 0.473137
127442996151, 0.485247, 0.470947
129567046087, 0.482970, 0.468753
131691096022, 0.480754, 0.466620
133815145958, 0.478575, 0.464519
135939195894, 0.476471, 0.462434
138063245830, 0.474403, 0.460388
140187295766, 0.472273, 0.458332
142311345702, 0.470375, 0.456449
144435395638, 0.468452, 0.454588
146559445573, 0.466640, 0.452794
148683495509, 0.464753, 0.451007
150807545445, 0.462877, 0.449230
152931595381, 0.460977, 0.447403
155055645317, 0.459120, 0.445605
157179695253, 0.457311, 0.443899
159303745189, 0.455577, 0.442219
161427795124, 0.453929, 0.440590
163551845060, 0.452209, 0.438919
165675894996, 0.450568, 0.437280
167799944932, 0.448983, 0.435727
169923994868, 0.447434, 0.434229
172048044804, 0.445912, 0.432780
174172094740, 0.444351, 0.431285
176296144675, 0.442842, 0.429818
178420194611, 0.441368, 0.428404
180544244547, 0.439836, 0.426898
182668294483, 0.438373, 0.425472
184792344419, 0.436856, 0.424020
186916394355, 0.435463, 0.422650
189040444291, 0.434085, 0.421296
191164494226, 0.432712, 0.420000
193288544162, 0.431408, 0.418736
195412594098, 0.430073, 0.417450
197536644034, 0.428795, 0.416144
199660693970, 0.427433, 0.414851
201784743906, 0.426173, 0.413604
203908793841, 0.424854, 0.412346
206032843777, 0.423654, 0.411191
208156893713, 0.422423, 0.409942
210280943649, 0.421163, 0.408746
212404993585, 0.419974, 0.407571
214529043521, 0.418815, 0.406448
216653093457, 0.417634, 0.405342
218777143392, 0.416503, 0.404257
220901193328, 0.415382, 0.403191
223025243264, 0.414309, 0.402156
225149293200, 0.413187, 0.401092
227273343136, 0.412094, 0.400014
229397393072, 0.411051, 0.398991
231521443008, 0.409987, 0.397954
233645492943, 0.408938, 0.396963
235769542879, 0.407976, 0.395993
237893592815, 0.406942, 0.394982
240017642751, 0.405845, 0.393911
242141692687, 0.404850, 0.392960
244265742623, 0.403899, 0.392027
246389792559, 0.402894, 0.391061
248513842494, 0.402036, 0.390202
250637892430, 0.401112, 0.389281
252761942366, 0.400142, 0.388352
254885992302, 0.399171, 0.387474
257010042238, 0.398263, 0.386613
259134092174, 0.397392, 0.385771
261258142110, 0.396545, 0.384966
263382192045, 0.395696, 0.384158
265506241981, 0.394810, 0.383334
267630291917, 0.393956, 0.382525
269754341853, 0.393089, 0.381716
271878391789, 0.392292, 0.380971
274002441725, 0.391435, 0.380171
276126491661, 0.390597, 0.379367
278250541596, 0.389790, 0.378574
280374591532, 0.389018, 0.377847
282498641468, 0.388194, 0.377072
284622691404, 0.387405, 0.376303
286746741340, 0.386593, 0.375562
288870791276, 0.385827, 0.374827
290994841211, 0.385030, 0.374063
293118891147, 0.384305, 0.373391
295242941083, 0.383536, 0.372656
297366991019, 0.382802, 0.371948
299491040955, 0.382077, 0.371248
301615090891, 0.381290, 0.370520
303739140827, 0.380546, 0.369843
305863190762, 0.379870, 0.369167
307987240698, 0.379213, 0.368540
310111290634, 0.378525, 0.367840
312235340570, 0.377814, 0.367126
314359390506, 0.377118, 0.366455
316483440442, 0.376463, 0.365824
318607490378, 0.375803, 0.365197
320731540313, 0.375171, 0.364542
322855590249, 0.374533, 0.363947
324979640185, 0.373874, 0.363294
327103690121, 0.373221, 0.362686
329227740057, 0.372530, 0.362043
331351789993, 0.371875, 0.361434
333475839929, 0.371257, 0.360825
335599889864, 0.370610, 0.360213
337723939800, 0.370043, 0.359648
339847989736, 0.369418, 0.359089
341972039672, 0.368840, 0.358532
344096089608, 0.368251, 0.357958
346220139544, 0.367624, 0.357351
348344189480, 0.367003, 0.356752
350468239415, 0.366414, 0.356188
352592289351, 0.365859, 0.355660
354716339287, 0.365280, 0.355112
356840389223, 0.364720, 0.354581
358964439159, 0.364206, 0.354094
361088489095, 0.363615, 0.353543
363212539031, 0.363033, 0.352974
365336588966, 0.362495, 0.352464
367460638902, 0.361966, 0.351954
369584688838, 0.361451, 0.351466
371708738774, 0.360959, 0.350990
373832788710, 0.360420, 0.350447
375956838646, 0.359930, 0.349979
378080888582, 0.359450, 0.349495
380204938517, 0.358981, 0.349051
382328988453, 0.358451, 0.348542
384453038389, 0.357952, 0.348063
386577088325, 0.357443, 0.347568
388701138261, 0.356926, 0.347082
390825188197, 0.356408, 0.346592
392949238132, 0.355952, 0.346157
395073288068, 0.355409, 0.345650
397197338004, 0.354930, 0.345173
399321387940, 0.354473, 0.344742
401445437876, 0.353974, 0.344281
403569487812, 0.353507, 0.343845
405693537748, 0.353077, 0.343409
407817587683, 0.352582, 0.342943
409941637619, 0.352186, 0.342562
412065687555, 0.351743, 0.342162
414189737491, 0.351340, 0.341763
416313787427, 0.350893, 0.341311
418437837363, 0.350463, 0.340891
420561887299, 0.350039, 0.340473
422685937234, 0.349635, 0.340053
424809987170, 0.349164, 0.339595
426934037106, 0.348736, 0.339185
429058087042, 0.348298, 0.338788
431182136978, 0.347904, 0.338400
433306186914, 0.347481, 0.338016
435430236850, 0.347060, 0.337618
437554286785, 0.346677, 0.337251
439678336721, 0.346208, 0.336828
441802386657, 0.345828, 0.336442
443926436593, 0.345453, 0.336076
446050486529, 0.345082, 0.335701
448174536465, 0.344701, 0.335339
450298586401, 0.344332, 0.335001
452422636336, 0.343950, 0.334627
454546686272, 0.343584, 0.334286
456670736208, 0.343223, 0.333913
458794786144, 0.342876, 0.333565
460918836080, 0.342519, 0.333230
463042886016, 0.342153, 0.332871
465166935952, 0.341783, 0.332532
467290985887, 0.341420, 0.332192
469415035823, 0.341077, 0.331849
471539085759, 0.340714, 0.331509
473663135695, 0.340398, 0.331181
475787185631, 0.340052, 0.330838
477911235567, 0.339733, 0.330516
480035285503, 0.339431, 0.330211
482159335438, 0.339060, 0.329858
484283385374, 0.338726, 0.329514
486407435310, 0.338421, 0.329214
488531485246, 0.338090, 0.328895
490655535182, 0.337758, 0.328570
492779585118, 0.337451, 0.328254
494903635053, 0.337129, 0.327934
497027684989, 0.336829, 0.327646
499151734925, 0.336547, 0.327360
501275784861, 0.336211, 0.327059
503399834797, 0.335891, 0.326733
505523884733, 0.335589, 0.326441
507647934669, 0.335296, 0.326152
509771984604, 0.335005, 0.325874
511896034540, 0.334731, 0.325572
514020084476, 0.334435, 0.325301
516144134412, 0.334124, 0.325023
518268184348, 0.333811, 0.324736
520392234284, 0.333497, 0.324442
522516284220, 0.333216, 0.324147
524640334155, 0.332936, 0.323860
526764384091, 0.332678, 0.323607
528888434027, 0.332391, 0.323319
531012483963, 0.332116, 0.323052
533136533899, 0.331833, 0.322780
535260583835, 0.331556, 0.322494
537384633771, 0.331286, 0.322238
539508683706, 0.331002, 0.321963
541632733642, 0.330723, 0.321712
543756783578, 0.330427, 0.321452
545880833514, 0.330167, 0.321192
548004883450, 0.329900, 0.320929
550128933386, 0.329612, 0.320655
552252983322, 0.329369, 0.320406
554377033257, 0.329111, 0.320154
556501083193, 0.328847, 0.319889
558625133129, 0.328590, 0.319647
560749183065, 0.328334, 0.319391
562873233001, 0.328062, 0.319123
564997282937, 0.327806, 0.318877
567121332873, 0.327563, 0.318648
569245382808, 0.327325, 0.318407
571369432744, 0.327070, 0.318164
573493482680, 0.326836, 0.317936
575617532616, 0.326599, 0.317714
577741582552, 0.326370, 0.317481
579865632488, 0.326124, 0.317229
581989682423, 0.325909, 0.316999
584113732359, 0.325702, 0.316772
586237782295, 0.325457, 0.316524
588361832231, 0.325264, 0.316320
590485882167, 0.325055, 0.316105
592609932103, 0.324806, 0.315860
594733982039, 0.324604, 0.315653
596858031974, 0.324393, 0.315454
598982081910, 0.324198, 0.315269
601106131846, 0.323980, 0.315045
603230181782, 0.323778, 0.314814
605354231718, 0.323550, 0.314589
607478281654, 0.323376, 0.314406
609602331590, 0.323151, 0.314203
611726381525, 0.322937, 0.313979
613850431461, 0.322734, 0.313782
615974481397, 0.322536, 0.313595
618098531333, 0.322342, 0.313401
620222581269, 0.322164, 0.313198
622346631205, 0.321967, 0.313007
624470681141, 0.321781, 0.312815
626594731076, 0.321622, 0.312659
628718781012, 0.321426, 0.312464
630842830948, 0.321219, 0.312274
632966880884, 0.321002, 0.312065
635090930820, 0.320781, 0.311872
637214980756, 0.320549, 0.311657
639339030692, 0.320352, 0.311462
641463080627, 0.320166, 0.311281
643587130563, 0.319983, 0.311092
645711180499, 0.319812, 0.310924
647835230435, 0.319622, 0.310732
649959280371, 0.319441, 0.310541
652083330307, 0.319289, 0.310364
654207380243, 0.319132, 0.310223
656331430178, 0.318959, 0.310052
658455480114, 0.318777, 0.309885
660579530050, 0.318598, 0.309689
662703579986, 0.318422, 0.309514
664827629922, 0.318248, 0.309332
666951679858, 0.318062, 0.309146
669075729794, 0.317892, 0.308979
671199779729, 0.317712, 0.308799
673323829665, 0.317511, 0.308605
675447879601, 0.317356, 0.308453
677571929537, 0.317200, 0.308296
679695979473, 0.317024, 0.308138
681820029409, 0.316838, 0.307956
683944079344, 0.316682, 0.307795
686068129280, 0.316502, 0.307629
688192179216, 0.316329, 0.307457
690316229152, 0.316149, 0.307282
692440279088, 0.315978, 0.307100
694564329024, 0.315807, 0.306930
696688378960, 0.315643, 0.306762
698812428895, 0.315477, 0.306603
700936478831, 0.315309, 0.306449
703060528767, 0.315113, 0.306257
705184578703, 0.314941, 0.306076
707308628639, 0.314797, 0.305929
709432678575, 0.314661, 0.305792
711556728511, 0.314518, 0.305641
713680778446, 0.314364, 0.305485
715804828382, 0.314219, 0.305344
717928878318, 0.314088, 0.305217
720052928254, 0.313926, 0.305066
722176978190, 0.313785, 0.304911
724301028126, 0.313651, 0.304782
726425078062, 0.313517, 0.304655
728549127997, 0.313349, 0.304498
730673177933, 0.313191, 0.304337
732797227869, 0.313046, 0.304199
734921277805, 0.312909, 0.304065
737045327741, 0.312770, 0.303942
739169377677, 0.312613, 0.303791
741293427613, 0.312490, 0.303661
743417477548, 0.312352, 0.303527
745541527484, 0.312224, 0.303412
747665577420, 0.312100, 0.303280
749789627356, 0.311978, 0.303159
751913677292, 0.311852, 0.303035
754037727228, 0.311696, 0.302878
756161777164, 0.311577, 0.302758
758285827099, 0.311443, 0.302625
760409877035, 0.311325, 0.302521
762533926971, 0.311186, 0.302383
764657976907, 0.311069, 0.302250
766782026843, 0.310934, 0.302120
768906076779, 0.310793, 0.301986
771030126715, 0.310684, 0.301869
773154176650, 0.310568, 0.301740
775278226586, 0.310455, 0.301626
777402276522, 0.310303, 0.301497
779526326458, 0.310195, 0.301402
781650376394, 0.310070, 0.301280
783774426330, 0.309933, 0.301145
785898476265, 0.309820, 0.301021
788022526201, 0.309699, 0.300893
790146576137, 0.309576, 0.300781
792270626073, 0.309463, 0.300670
794394676009, 0.309345, 0.300552
796518725945, 0.309239, 0.300439
798642775881, 0.309100, 0.300297
800766825816, 0.308975, 0.300172
802890875752, 0.308843, 0.300053
805014925688, 0.308735, 0.299941
807138975624, 0.308625, 0.299844
809263025560, 0.308495, 0.299711
811387075496, 0.308371, 0.299597
813511125432, 0.308284, 0.299502
815635175367, 0.308186, 0.299404
817759225303, 0.308076, 0.299289
819883275239, 0.307949, 0.299156
822007325175, 0.307819, 0.299036
824131375111, 0.307705, 0.298924
826255425047, 0.307595, 0.298818
828379474983, 0.307488, 0.298717
830503524918, 0.307389, 0.298615
832627574854, 0.307272, 0.298502
834751624790, 0.307157, 0.298395
836875674726, 0.307046, 0.298286
838999724662, 0.306939, 0.298194
841123774598, 0.306821, 0.298086
843247824534, 0.306727, 0.297977
845371874469, 0.306615, 0.297866
847495924405, 0.306505, 0.297767
849619974341, 0.306416, 0.297680
851744024277, 0.306299, 0.297574
853868074213, 0.306199, 0.297490
855992124149, 0.306091, 0.297383
858116174085, 0.305988, 0.297277
860240224020, 0.305888, 0.297181
862364273956, 0.305792, 0.297079
864488323892, 0.305675, 0.296971
866612373828, 0.305568, 0.296877
868736423764, 0.305466, 0.296768
870860473700, 0.305375, 0.296674
872984523635, 0.305275, 0.296584
875108573571, 0.305183, 0.296497
877232623507, 0.305073, 0.296384
879356673443, 0.304996, 0.296305
881480723379, 0.304915, 0.296224
883604773315, 0.304809, 0.296129
885728823251, 0.304724, 0.296037
887852873186, 0.304625, 0.295926
889976923122, 0.304525, 0.295829
892100973058, 0.304417, 0.295730
894225022994, 0.304337, 0.295650
896349072930, 0.304238, 0.295560
898473122866, 0.304147, 0.295464
900597172802, 0.304070, 0.295391
902721222737, 0.303986, 0.295308
904845272673, 0.303901, 0.295216
906969322609, 0.303815, 0.295130
909093372545, 0.303709, 0.295007
911217422481, 0.303623, 0.294917
913341472417, 0.303543, 0.294831
915465522353, 0.303452, 0.294745
917589572288, 0.303370, 0.294660
919713622224, 0.303291, 0.294568
921837672160, 0.303212, 0.294496
923961722096, 0.303127, 0.294411
926085772032, 0.303034, 0.294305
928209821968, 0.302938, 0.294214
930333871904, 0.302851, 0.294131
932457921839, 0.302765, 0.294045
934581971775, 0.302675, 0.293958
936706021711, 0.302586, 0.293868
938830071647, 0.302511, 0.293793
940954121583, 0.302417, 0.293695
943078171519, 0.302344, 0.293620
945202221455, 0.302260, 0.293531
947326271390, 0.302186, 0.293454
949450321326, 0.302108, 0.293370
951574371262, 0.302008, 0.293282
953698421198, 0.301936, 0.293214
955822471134, 0.301861, 0.293140
957946521070, 0.301778, 0.293065
960070571006, 0.301703, 0.292995
962194620941, 0.301632, 0.292912
964318670877, 0.301551, 0.292836
966442720813, 0.301468, 0.292754
968566770749, 0.301388, 0.292677
970690820685, 0.301312, 0.292599
972814870621, 0.301238, 0.292520
974938920556, 0.301154, 0.292443
977062970492, 0.301094, 0.292380
979187020428, 0.301030, 0.292319
981311070364, 0.300962, 0.292242
983435120300, 0.300885, 0.292164
985559170236, 0.300805, 0.292087
987683220172, 0.300734, 0.292015
989807270107, 0.300661, 0.291938
991931320043, 0.300601, 0.291873
994055369979, 0.300545, 0.291810
996179419915, 0.300477, 0.291732
998303469851, 0.300418, 0.291676
1000427519787, 0.300346, 0.291608
1002551569723, 0.300260, 0.291508
1004675619658, 0.300191, 0.291441
1006799669594, 0.300131, 0.291381
1008923719530, 0.300066, 0.291315
1011047769466, 0.299981, 0.291243
1013171819402, 0.299919, 0.291170
1015295869338, 0.299843, 0.291092
1017419919274, 0.299776, 0.291028
1019543969209, 0.299695, 0.290963
1021668019145, 0.299633, 0.290908
1023792069081, 0.299577, 0.290846
1025916119017, 0.299492, 0.290759
1028040168953, 0.299437, 0.290699
1030164218889, 0.299381, 0.290641
1032288268825, 0.299313, 0.290585
1034412318760, 0.299262, 0.290527
1036536368696, 0.299197, 0.290459
1038660418632, 0.299126, 0.290390
1040784468568, 0.299045, 0.290314
1042908518504, 0.298983, 0.290247
1045032568440, 0.298911, 0.290175
1047156618376, 0.298846, 0.290097
1049280668311, 0.298791, 0.290044
1051404718247, 0.298734, 0.289974
1053528768183, 0.298652, 0.289891
1055652818119, 0.298602, 0.289838
1057776868055, 0.298554, 0.289773
1059900917991, 0.298483, 0.289704
1062024967927, 0.298438, 0.289653
1064149017862, 0.298374, 0.289591
1066273067798, 0.298286, 0.289505
1068397117734, 0.298221, 0.289445
1070521167670, 0.298170, 0.289390
1072645217606, 0.298100, 0.289323
1074769267542, 0.298055, 0.289275
1076893317477, 0.297977, 0.289197
1079017367413, 0.297919, 0.289134
1081141417349, 0.297867, 0.289075
1083265467285, 0.297804, 0.289012
1085389517221, 0.297747, 0.288945
1087513567157, 0.297683, 0.288882
1089637617093, 0.297632, 0.288825
1091761667028, 0.297570, 0.288766
1093885716964, 0.297504, 0.288702
1096009766900, 0.297438, 0.288640
1098133816836, 0.297382, 0.288576
1100257866772, 0.297320, 0.288512
1102381916708, 0.297261, 0.288453
1104505966644, 0.297199, 0.288396
1106630016579, 0.297152, 0.288342
1108754066515, 0.297104, 0.288288
1110878116451, 0.297049, 0.288230
1113002166387, 0.297005, 0.288183
1115126216323, 0.296938, 0.288126
1117250266259, 0.296871, 0.288060
1119374316195, 0.296817, 0.288007
1121498366130, 0.296754, 0.287933
1123622416066, 0.296683, 0.287865
1125746466002, 0.296637, 0.287821
1127870515938, 0.296581, 0.287768
1129994565874, 0.296530, 0.287719
1132118615810, 0.296461, 0.287638
1134242665746, 0.296415, 0.287586
1136366715681, 0.296360, 0.287532
1138490765617, 0.296321, 0.287486
1140614815553, 0.296269, 0.287434
1142738865489, 0.296223, 0.287379
1144862915425, 0.296181, 0.287330
1146986965361, 0.296130, 0.287279
1149111015297, 0.296070, 0.287214
1151235065232, 0.296020, 0.287159
1153359115168, 0.295963, 0.287113
1155483165104, 0.295919, 0.287068
1157607215040, 0.295878, 0.287020
1159731264976, 0.295835, 0.286970
1161855314912, 0.295785, 0.286925
1163979364847, 0.295735, 0.286869
1166103414783, 0.295689, 0.286815
1168227464719, 0.295648, 0.286769
1170351514655, 0.295609, 0.286723
1172475564591, 0.295558, 0.286676
1174599614527, 0.295511, 0.286631
1176723664463, 0.295467, 0.286590
1178847714398, 0.295422, 0.286540
1180971764334, 0.295367, 0.286491
1183095814270, 0.295306, 0.286431
1185219864206, 0.295264, 0.286382
1187343914142, 0.295214, 0.286340
1189467964078, 0.295173, 0.286295
1191592014014, 0.295130, 0.286246
1193716063949, 0.295093, 0.286208
1195840113885, 0.295054, 0.286180
1197964163821, 0.295007, 0.286135
1200088213757, 0.294966, 0.286087
1202212263693, 0.294915, 0.286026
1204336313629, 0.294866, 0.285971
1206460363565, 0.294832, 0.285936
1208584413500, 0.294791, 0.285895
1210708463436, 0.294746, 0.285844
1212832513372, 0.294699, 0.285812
1214956563308, 0.294666, 0.285775
1217080613244, 0.294621, 0.285727
1219204663180, 0.294580, 0.285679
1221328713116, 0.294540, 0.285632
1223452763051, 0.294491, 0.285582
1225576812987, 0.294448, 0.285532
1227700862923, 0.294417, 0.285493
1229824912859, 0.294380, 0.285459
1231948962795, 0.294332, 0.285406
1234073012731, 0.294291, 0.285369
1236197062667, 0.294254, 0.285332
1238321112602, 0.294206, 0.285294
1240445162538, 0.294184, 0.285272
1242569212474, 0.294146, 0.285236
1244693262410, 0.294101, 0.285185
1246817312346, 0.294054, 0.285138
1248941362282, 0.294006, 0.285094
1251065412218, 0.293961, 0.285046
1253189462153, 0.293922, 0.285002
1255313512089, 0.293890, 0.284971
1257437562025, 0.293844, 0.284923
1259561611961, 0.293804, 0.284881
1261685661897, 0.293763, 0.284836
1263809711833, 0.293719, 0.284789
1265933761768, 0.293685, 0.284752
1268057811704, 0.293654, 0.284716
1270181861640, 0.293607, 0.284667
1272305911576, 0.293567, 0.284621
1274429961512, 0.293526, 0.284582
1276554011448, 0.293499, 0.284556
1278678061384, 0.293457, 0.284512
1280802111319, 0.293415, 0.284469
1282926161255, 0.293382, 0.284435
1285050211191, 0.293336, 0.284386
1287174261127, 0.293302, 0.284357
1289298311063, 0.293260, 0.284314
1291422360999, 0.293221, 0.284277
1293546410935, 0.293182, 0.284236
1295670460870, 0.293151, 0.284204
1297794510806, 0.293122, 0.284165
1299918560742, 0.293091, 0.284130
1302042610678, 0.293072, 0.284108
1304166660614, 0.293035, 0.284073
1306290710550, 0.293004, 0.284040
1308414760486, 0.292964, 0.284005
1310538810421, 0.292924, 0.283969
1312662860357, 0.292890, 0.283933
1314786910293, 0.292854, 0.283891
1316910960229, 0.292827, 0.283866
1319035010165, 0.292782, 0.283824
1321159060101, 0.292758, 0.283799
1323283110037, 0.292726, 0.283767
1325407159972, 0.292683, 0.283721
1327531209908, 0.292653, 0.283688
1329655259844, 0.292625, 0.283659
1331779309780, 0.292592, 0.283623
1333903359716, 0.292555, 0.283588
1336027409652, 0.292529, 0.283561
1338151459588, 0.292506, 0.283533
1340275509523, 0.292464, 0.283495
1342399559459, 0.292430, 0.283465
1344523609395, 0.292400, 0.283435
1346647659331, 0.292376, 0.283411
1348771709267, 0.292354, 0.283380
1350895759203, 0.292325, 0.283349
1353019809138, 0.292294, 0.283314
1355143859074, 0.292251, 0.283270
1357267909010, 0.292216, 0.283235
1359391958946, 0.292182, 0.283202
1361516008882, 0.292151, 0.283169
1363640058818, 0.292114, 0.283137
1365764108754, 0.292078, 0.283110
1367888158689, 0.292049, 0.283081
1370012208625, 0.292015, 0.283052
1372136258561, 0.291977, 0.283015
1374260308497, 0.291953, 0.282988
1376384358433, 0.291904, 0.282948
1378508408369, 0.291874, 0.282921
1380632458305, 0.291844, 0.282900
1382756508240, 0.291817, 0.282870
1384880558176, 0.291784, 0.282836
1387004608112, 0.291748, 0.282801
1389128658048, 0.291726, 0.282773
1391252707984, 0.291707, 0.282757
1393376757920, 0.291685, 0.282733
1395500807856, 0.291650, 0.282703
1397624857791, 0.291623, 0.282671
1399748907727, 0.291596, 0.282640
1401872957663, 0.291557, 0.282608
1403997007599, 0.291525, 0.282576
1406121057535, 0.291496, 0.282546
1408245107471, 0.291469, 0.282516
1410369157407, 0.291433, 0.282486
1412493207342, 0.291409, 0.282455
1414617257278, 0.291381, 0.282427
1416741307214, 0.291359, 0.282403
1418865357150, 0.291328, 0.282376
1420989407086, 0.291297, 0.282346
1423113457022, 0.291272, 0.282320
1425237506958, 0.291244, 0.282288
1427361556893, 0.291216, 0.282253
1429485606829, 0.291180, 0.282220
1431609656765, 0.291148, 0.282193
1433733706701, 0.291125, 0.282174
1435857756637, 0.291104, 0.282151
1437981806573, 0.291082, 0.282128
1440105856509, 0.291053, 0.282102
1442229906444, 0.291029, 0.282073
1444353956380, 0.291001, 0.282050
1446478006316, 0.290975, 0.282024
1448602056252, 0.290945, 0.281999
1450726106188, 0.290916, 0.281966
1452850156124, 0.290894, 0.281941
1454974206059, 0.290857, 0.281907
1457098255995, 0.290829, 0.281879
1459222305931, 0.290805, 0.281856
1461346355867, 0.290769, 0.281823
1463470405803, 0.290749, 0.281805
1465594455739, 0.290719, 0.281770
1467718505675, 0.290678, 0.281732
1469842555610, 0.290654, 0.281712
1471966605546, 0.290633, 0.281687
1474090655482, 0.290597, 0.281648
1476214705418, 0.290574, 0.281618
1478338755354, 0.290553, 0.281597
1480462805290, 0.290516, 0.281559
1482586855226, 0.290482, 0.281526
1484710905161, 0.290454, 0.281502
1486834955097, 0.290431, 0.281482
1488959005033, 0.290400, 0.281453
1491083054969, 0.290372, 0.281426
1493207104905, 0.290351, 0.281407
1495331154841, 0.290324, 0.281378
1497455204777, 0.290301, 0.281352
1499579254712, 0.290277, 0.281324
1501703304648, 0.290254, 0.281299
1503827354584, 0.290222, 0.281270
1505951404520, 0.290197, 0.281242
1508075454456, 0.290174, 0.281215
1510199504392, 0.290143, 0.281185
1512323554328, 0.290125, 0.281162
1514447604263, 0.290099, 0.281137
1516571654199, 0.290074, 0.281112
1518695704135, 0.290049, 0.281095
1520819754071, 0.290031, 0.281074
1522943804007, 0.290005, 0.281047
1525067853943, 0.289978, 0.281023
1527191903879, 0.289966, 0.281012
1529315953814, 0.289945, 0.280993
1531440003750, 0.289923, 0.280971
1533564053686, 0.289898, 0.280953
1535688103622, 0.289869, 0.280924
1537812153558, 0.289846, 0.280905
1539936203494, 0.289814, 0.280872
1542060253430, 0.289792, 0.280848
1544184303365, 0.289775, 0.280829
1546308353301, 0.289755, 0.280810
1548432403237, 0.289734, 0.280791
1550556453173, 0.289720, 0.280774
1552680503109, 0.289688, 0.280745
1554804553045, 0.289669, 0.280729
1556928602980, 0.289645, 0.280704
1559052652916, 0.289625, 0.280685
1561176702852, 0.289604, 0.280661
1563300752788, 0.289585, 0.280638
1565424802724, 0.289563, 0.280616
1567548852660, 0.289548, 0.280598
1569672902596, 0.289538, 0.280585
1571796952531, 0.289527, 0.280567
1573921002467, 0.289507, 0.280547
1576045052403, 0.289496, 0.280530
1578169102339, 0.289475, 0.280509
1580293152275, 0.289463, 0.280490
1582417202211, 0.289449, 0.280472
1584541252147, 0.289434, 0.280456
1586665302082, 0.289419, 0.280436
1588789352018, 0.289395, 0.280411
1590913401954, 0.289376, 0.280395
1593037451890, 0.289351, 0.280370
1595161501826, 0.289325, 0.280345
1597285551762, 0.289300, 0.280322
1599409601698, 0.289285, 0.280308
1601533651633, 0.289270, 0.280289
1603657701569, 0.289262, 0.280278
1605781751505, 0.289242, 0.280252
1607905801441, 0.289222, 0.280239
1610029851377, 0.289205, 0.280221
1612153901313, 0.289185, 0.280195
1614277951249, 0.289173, 0.280181
1616402001184, 0.289160, 0.280164
1618526051120, 0.289148, 0.280152
1620650101056, 0.289133, 0.280134
1622774150992, 0.289114, 0.280110
1624898200928, 0.289093, 0.280088
1627022250864, 0.289074, 0.280069
1629146300800, 0.289053, 0.280045
1631270350735, 0.289030, 0.280025
1633394400671, 0.289008, 0.280001
1635518450607, 0.288992, 0.279982
1637642500543, 0.288981, 0.279971
1639766550479, 0.288969, 0.279956
1641890600415, 0.288959, 0.279943
1644014650350, 0.288938, 0.279920
1646138700286, 0.288923, 0.279910
1648262750222, 0.288912, 0.279902
1650386800158, 0.288902, 0.279884
1652510850094, 0.288889, 0.279867
1654634900030, 0.288873, 0.279849
1656758949966, 0.288850, 0.279828
1658882999901, 0.288831, 0.279813
1661007049837, 0.288805, 0.279788
1663131099773, 0.288791, 0.279773
1665255149709, 0.288776, 0.279756
1667379199645, 0.288770, 0.279749
1669503249581, 0.288753, 0.279730
1671627299517, 0.288744, 0.279721
1673751349452, 0.288732, 0.279707
1675875399388, 0.288720, 0.279693
1677999449324, 0.288705, 0.279674
1680123499260, 0.288690, 0.279656
1682247549196, 0.288683, 0.279648
1684371599132, 0.288668, 0.279631
1686495649068, 0.288654, 0.279618
1688619699003, 0.288636, 0.279603
1690743748939, 0.288626, 0.279592
1692867798875, 0.288611, 0.279579
1694991848811, 0.288595, 0.279565
1697115898747, 0.288585, 0.279553
1699239948683, 0.288574, 0.279539
1701363998619, 0.288560, 0.279527
1703488048554, 0.288551, 0.279519
1705612098490, 0.288540, 0.279504
1707736148426, 0.288527, 0.279488
1709860198362, 0.288516, 0.279475
1711984248298, 0.288508, 0.279465
1714108298234, 0.288491, 0.279447
1716232348170, 0.288474, 0.279430
1718356398105, 0.288462, 0.279421
1720480448041, 0.288449, 0.279410
1722604497977, 0.288441, 0.279399
1724728547913, 0.288427, 0.279389
1726852597849, 0.288416, 0.279378
1728976647785, 0.288410, 0.279369
1731100697721, 0.288398, 0.279357
1733224747656, 0.288379, 0.279337
1735348797592, 0.288366, 0.279327
1737472847528, 0.288352, 0.279316
1739596897464, 0.288342, 0.279308
1741720947400, 0.288328, 0.279295
1743844997336, 0.288315, 0.279286
1745969047271, 0.288307, 0.279277
1748093097207, 0.288290, 0.279262
1750217147143, 0.288278, 0.279249
1752341197079, 0.288264, 0.279233
1754465247015, 0.288256, 0.279222
1756589296951, 0.288241, 0.279206
1758713346887, 0.288228, 0.279197
1760837396822, 0.288220, 0.279189
1762961446758, 0.288206, 0.279173
1765085496694, 0.288196, 0.279160
1767209546630, 0.288184, 0.279150
1769333596566, 0.288176, 0.279140
1771457646502, 0.288172, 0.279135
1773581696438, 0.288161, 0.279128
1775705746373, 0.288156, 0.279120
1777829796309, 0.288155, 0.279114
1779953846245, 0.288146, 0.279105
1782077896181, 0.288136, 0.279094
1784201946117, 0.288124, 0.279077
1786325996053, 0.288117, 0.279069
1788450045989, 0.288107, 0.279060
1790574095924, 0.288091, 0.279044
1792698145860, 0.288078, 0.279034
1794822195796, 0.288060, 0.279015
1796946245732, 0.288052, 0.279006
1799070295668, 0.288050, 0.279001
1801194345604, 0.288045, 0.278996
1803318395540, 0.288038, 0.278990
1805442445475, 0.288028, 0.278978
1807566495411, 0.288020, 0.278972
1809690545347, 0.288008, 0.278962
1811814595283, 0.288000, 0.278960
1813938645219, 0.287992, 0.278953
1816062695155, 0.287985, 0.278946
1818186745091, 0.287974, 0.278939
1820310795026, 0.287969, 0.278933
1822434844962, 0.287961, 0.278922
1824558894898, 0.287952, 0.278908
1826682944834, 0.287939, 0.278898
1828806994770, 0.287930, 0.278892
1830931044706, 0.287924, 0.278886
1833055094642, 0.287908, 0.278874
1835179144577, 0.287888, 0.278861
1837303194513, 0.287879, 0.278852
1839427244449, 0.287874, 0.278846
1841551294385, 0.287862, 0.278839
1843675344321, 0.287850, 0.278827
1845799394257, 0.287837, 0.278815
1847923444192, 0.287819, 0.278801
1850047494128, 0.287813, 0.278792
1852171544064, 0.287810, 0.278784
1854295594000, 0.287801, 0.278774
1856419643936, 0.287792, 0.278766
1858543693872, 0.287786, 0.278758
1860667743808, 0.287772, 0.278744
1862791793743, 0.287768, 0.278737
1864915843679, 0.287763, 0.278733
1867039893615, 0.287756, 0.278727
1869163943551, 0.287747, 0.278713
1871287993487, 0.287739, 0.278709
1873412043423, 0.287732, 0.278702
1875536093359, 0.287722, 0.278694
1877660143294, 0.287719, 0.278689
1879784193230, 0.287712, 0.278682
1881908243166, 0.287705, 0.278673
1884032293102, 0.287698, 0.278665
1886156343038, 0.287691, 0.278656
1888280392974, 0.287682, 0.278650
1890404442910, 0.287674, 0.278642
1892528492845, 0.287669, 0.278637
1894652542781, 0.287665, 0.278633
1896776592717, 0.287655, 0.278624
1898900642653, 0.287650, 0.278617
1901024692589, 0.287646, 0.278612
1903148742525, 0.287638, 0.278606
1905272792461, 0.287632, 0.278601
1907396842396, 0.287624, 0.278596
1909520892332, 0.287619, 0.278593
1911644942268, 0.287616, 0.278589
1913768992204, 0.287607, 0.278581
1915893042140, 0.287604, 0.278580
1918017092076, 0.287603, 0.278578
1920141142012, 0.287599, 0.278572
1922265191947, 0.287590, 0.278563
1924389241883, 0.287586, 0.278561
1926513291819, 0.287577, 0.278556
1928637341755, 0.287567, 0.278549
1930761391691, 0.287558, 0.278543
1932885441627, 0.287557, 0.278542
1935009491562, 0.287555, 0.278539
1937133541498, 0.287552, 0.278534
1939257591434, 0.287548, 0.278529
1941381641370, 0.287542, 0.278521
1943505691306, 0.287537, 0.278514
1945629741242, 0.287530, 0.278509
1947753791178, 0.287528, 0.278506
1949877841113, 0.287523, 0.278502
1952001891049, 0.287520, 0.278497
1954125940985, 0.287518, 0.278494
1956249990921, 0.287512, 0.278487
1958374040857, 0.287507, 0.278484
1960498090793, 0.287503, 0.278481
1962622140729, 0.287496, 0.278475
1964746190664, 0.287494, 0.278469
1966870240600, 0.287491, 0.278465
1968994290536, 0.287490, 0.278464
1971118340472, 0.287487, 0.278461
1973242390408, 0.287486, 0.278459
1975366440344, 0.287484, 0.278458
1977490490280, 0.287482, 0.278455
1979614540215, 0.287479, 0.278455
1981738590151, 0.287477, 0.278451
1983862640087, 0.287475, 0.278449
1985986690023, 0.287471, 0.278446
1988110739959, 0.287469, 0.278441
1990234789895, 0.287463, 0.278437
1992358839831, 0.287461, 0.278435
1994482889766, 0.287460, 0.278435
1996606939702, 0.287460, 0.278433
1998730989638, 0.287455, 0.278429
2000855039574, 0.287455, 0.278428
2002979089510, 0.287448, 0.278421
2005103139446, 0.287447, 0.278420
2007227189382, 0.287446, 0.278418
2009351239317, 0.287442, 0.278412
2011475289253, 0.287437, 0.278411
2013599339189, 0.287434, 0.278409
2015723389125, 0.287433, 0.278407
2017847439061, 0.287428, 0.278401
2019971488997, 0.287423, 0.278395
2022095538933, 0.287420, 0.278393
2024219588868, 0.287417, 0.278391
2026343638804, 0.287415, 0.278386
2028467688740, 0.287415, 0.278385
2030591738676, 0.287413, 0.278384
2032715788612, 0.287411, 0.278382
2034839838548, 0.287405, 0.278375
2036963888483, 0.287404, 0.278373
2039087938419, 0.287403, 0.278372
2041211988355, 0.287398, 0.278369
2043336038291, 0.287396, 0.278366
2045460088227, 0.287396, 0.278366
2047584138163, 0.287396, 0.278366
2049708188099, 0.287395, 0.278365
2051832238034, 0.287395, 0.278365
2053956287970, 0.287394, 0.278364
2056080337906, 0.287393, 0.278363
2058204387842, 0.287391, 0.278363
2060328437778, 0.287389, 0.278360
2062452487714, 0.287388, 0.278358
2064576537650, 0.287387, 0.278357
2066700587585, 0.287386, 0.278357
2068824637521, 0.287383, 0.278354
2070948687457, 0.287378, 0.278348
2073072737393, 0.287376, 0.278347
2075196787329, 0.287374, 0.278345
2077320837265, 0.287374, 0.278345
2079444887201, 0.287374, 0.278345
2081568937136, 0.287371, 0.278343
2083692987072, 0.287369, 0.278341
2085817037008, 0.287366, 0.278337
2087941086944, 0.287366, 0.278337
2090065136880, 0.287366, 0.278337
2092189186816, 0.287366, 0.278337
2094313236752, 0.287366, 0.278337
2096437286687, 0.287366, 0.278334
2098561336623, 0.287366, 0.278334
2100685386559, 0.287366, 0.278334
2102809436495, 0.287365, 0.278333
2104933486431, 0.287365, 0.278332
2107057536367, 0.287365, 0.278332
2109181586303, 0.287365, 0.278332
2111305636238, 0.287364, 0.278330
2113429686174, 0.287362, 0.278329
2115553736110, 0.287362, 0.278329
2117677786046, 0.287362, 0.278329
2119801835982, 0.287362, 0.278328
2121925885918, 0.287362, 0.278328
2124049935854, 0.287362, 0.278328
Time used: 127869 ms
