logging to /opt/flows_res_1000/2016020800-2016020900_unique/tenant_2_profile_res-FIX_RATE-FLOWS-0.01.csvtracefile: /data1/tenant_trace/2016020800-2016020900_unique/tenant_2_trace
open file /data1/tenant_trace/2016020800-2016020900_unique/tenant_2_trace
read 1000000 lines
read 2000000 lines
read 3000000 lines
read 4000000 lines
read 5000000 lines
read 6000000 lines
read 7000000 lines
read 8000000 lines
read 9000000 lines
read 10000000 lines
read 11000000 lines
read 12000000 lines
read 13000000 lines
read 14000000 lines
read 15000000 lines
read 16000000 lines
read 17000000 lines
read 18000000 lines
read 19000000 lines
read 20000000 lines
read 21000000 lines
read 22000000 lines
read 23000000 lines
read 24000000 lines
read 25000000 lines
read 26000000 lines
read 27000000 lines
read 28000000 lines
read 29000000 lines
read 30000000 lines
read 31000000 lines
read 32000000 lines
read 33000000 lines
read 34000000 lines
read 35000000 lines
read 36000000 lines
read 37000000 lines
read 38000000 lines
read 39000000 lines
read 40000000 lines
read 41000000 lines
read 42000000 lines
read 43000000 lines
read 44000000 lines
read 45000000 lines
read 46000000 lines
[FILE]: /data1/tenant_trace/2016020800-2016020900_unique/tenant_2_trace
total_access_num: 46389077
total_access_size: 162654038863
unique_access_num: 28509103
unique_access_size: 100320285024
min_item_size: 1
[method]: FLOWS
[metric]: MAE
[seed]: 42
[sample_method]: FIX_RATE
[sample_metric]: 0.01
MAEQ_factor: 1.025681
cache_size, BMRC_ratio, OMRC_ratio
100320285, 0.965829, 0.964322
200640570, 0.957130, 0.955833
300960855, 0.950594, 0.949564
401281140, 0.945010, 0.944097
501601425, 0.940251, 0.939238
601921710, 0.935593, 0.934698
702241995, 0.931474, 0.930508
802562280, 0.927642, 0.926753
902882565, 0.924012, 0.923114
1003202850, 0.920586, 0.919717
1103523135, 0.917411, 0.916487
1203843420, 0.914318, 0.913297
1304163705, 0.911546, 0.910460
1404483990, 0.908795, 0.907696
1504804275, 0.906061, 0.904881
1605124560, 0.903132, 0.902018
1705444845, 0.900498, 0.899483
1805765130, 0.897816, 0.896866
1906085415, 0.895428, 0.894413
2006405700, 0.893088, 0.892063
2106725985, 0.890752, 0.889744
2207046270, 0.888706, 0.887731
2307366555, 0.886586, 0.885592
2407686840, 0.884549, 0.883540
2508007125, 0.882343, 0.881389
2608327410, 0.880439, 0.879492
2708647695, 0.878393, 0.877435
2808967980, 0.876403, 0.875486
2909288265, 0.874638, 0.873693
3009608550, 0.872813, 0.871787
3109928835, 0.870996, 0.870002
3210249120, 0.869348, 0.868334
3310569405, 0.867735, 0.866704
3410889690, 0.866039, 0.864923
3511209975, 0.864546, 0.863440
3611530260, 0.862994, 0.861901
3711850545, 0.861367, 0.860233
3812170830, 0.859862, 0.858763
3912491115, 0.858240, 0.857111
4012811400, 0.856604, 0.855486
4113131685, 0.855069, 0.853990
4213451971, 0.853477, 0.852369
4313772256, 0.851911, 0.850817
4414092541, 0.850466, 0.849381
4514412826, 0.848896, 0.847850
4614733111, 0.847512, 0.846462
4715053396, 0.846101, 0.845031
4815373681, 0.844851, 0.843781
4915693966, 0.843571, 0.842405
5016014251, 0.842256, 0.841138
5116334536, 0.840876, 0.839736
5216654821, 0.839310, 0.838189
5316975106, 0.837960, 0.836822
5417295391, 0.836645, 0.835563
5517615676, 0.835374, 0.834283
5617935961, 0.834128, 0.832985
5718256246, 0.832947, 0.831743
5818576531, 0.831822, 0.830579
5918896816, 0.830758, 0.829488
6019217101, 0.829677, 0.828428
6119537386, 0.828409, 0.827169
6219857671, 0.827094, 0.825884
6320177956, 0.825840, 0.824686
6420498241, 0.824711, 0.823595
6520818526, 0.823530, 0.822396
6621138811, 0.822349, 0.821219
6721459096, 0.821181, 0.819978
6821779381, 0.820169, 0.818990
6922099666, 0.819092, 0.817955
7022419951, 0.817971, 0.816891
7122740236, 0.816808, 0.815722
7223060521, 0.815847, 0.814787
7323380806, 0.814740, 0.813661
7423701091, 0.813576, 0.812493
7524021376, 0.812521, 0.811411
7624341661, 0.811444, 0.810367
7724661946, 0.810362, 0.809324
7824982231, 0.809311, 0.808341
7925302516, 0.808294, 0.807285
8025622801, 0.807226, 0.806181
8125943086, 0.806196, 0.805112
8226263371, 0.805145, 0.804107
8326583656, 0.804073, 0.803051
8426903942, 0.803177, 0.802146
8527224227, 0.802247, 0.801193
8627544512, 0.801369, 0.800305
8727864797, 0.800374, 0.799305
8828185082, 0.799435, 0.798352
8928505367, 0.798492, 0.797390
9028825652, 0.797640, 0.796532
9129145937, 0.796753, 0.795614
9229466222, 0.795793, 0.794674
9329786507, 0.794872, 0.793773
9430106792, 0.793963, 0.792885
9530427077, 0.793150, 0.792031
9630747362, 0.792311, 0.791173
9731067647, 0.791394, 0.790289
9831387932, 0.790529, 0.789393
9931708217, 0.789776, 0.788617
10032028502, 0.788889, 0.787724
10132348787, 0.787955, 0.786845
10232669072, 0.787163, 0.786069
10332989357, 0.786341, 0.785241
10433309642, 0.785610, 0.784538
10533629927, 0.784797, 0.783728
10633950212, 0.783992, 0.782926
10734270497, 0.783184, 0.782141
10834590782, 0.782375, 0.781343
10934911067, 0.781488, 0.780533
11035231352, 0.780631, 0.779679
11135551637, 0.779840, 0.778886
11235871922, 0.778979, 0.777989
11336192207, 0.778101, 0.777110
11436512492, 0.777339, 0.776351
11536832777, 0.776643, 0.775639
11637153062, 0.775847, 0.774846
11737473347, 0.775133, 0.774199
11837793632, 0.774342, 0.773389
11938113917, 0.773589, 0.772665
12038434202, 0.772784, 0.771884
12138754487, 0.772019, 0.771177
12239074772, 0.771275, 0.770414
12339395057, 0.770492, 0.769673
12439715342, 0.769748, 0.768922
12540035628, 0.769047, 0.768220
12640355913, 0.768333, 0.767495
12740676198, 0.767624, 0.766801
12840996483, 0.766914, 0.766086
12941316768, 0.766140, 0.765284
13041637053, 0.765418, 0.764598
13141957338, 0.764717, 0.763908
13242277623, 0.763960, 0.763184
13342597908, 0.763268, 0.762451
13442918193, 0.762675, 0.761843
13543238478, 0.762018, 0.761188
13643558763, 0.761416, 0.760619
13743879048, 0.760724, 0.759929
13844199333, 0.760015, 0.759222
13944519618, 0.759314, 0.758510
14044839903, 0.758665, 0.757847
14145160188, 0.758012, 0.757195
14245480473, 0.757324, 0.756497
14345800758, 0.756654, 0.755846
14446121043, 0.755962, 0.755113
14546441328, 0.755399, 0.754544
14646761613, 0.754833, 0.753949
14747081898, 0.754179, 0.753289
14847402183, 0.753556, 0.752673
14947722468, 0.752886, 0.751970
15048042753, 0.752224, 0.751332
15148363038, 0.751588, 0.750694
15248683323, 0.750996, 0.750121
15349003608, 0.750329, 0.749452
15449323893, 0.749750, 0.748857
15549644178, 0.749144, 0.748224
15649964463, 0.748556, 0.747629
15750284748, 0.747877, 0.746956
15850605033, 0.747310, 0.746370
15950925318, 0.746774, 0.745822
16051245603, 0.746220, 0.745262
16151565888, 0.745606, 0.744649
16251886173, 0.745017, 0.744050
16352206458, 0.744421, 0.743464
16452526743, 0.743875, 0.742882
16552847028, 0.743266, 0.742326
16653167313, 0.742630, 0.741705
16753487599, 0.742098, 0.741144
16853807884, 0.741483, 0.740536
16954128169, 0.740930, 0.739985
17054448454, 0.740238, 0.739342
17154768739, 0.739645, 0.738795
17255089024, 0.739108, 0.738243
17355409309, 0.738486, 0.737635
17455729594, 0.737811, 0.736919
17556049879, 0.737214, 0.736359
17656370164, 0.736695, 0.735815
17756690449, 0.736163, 0.735294
17857010734, 0.735652, 0.734751
17957331019, 0.735107, 0.734194
18057651304, 0.734610, 0.733681
18157971589, 0.734052, 0.733104
18258291874, 0.733489, 0.732573
18358612159, 0.732949, 0.732013
18458932444, 0.732477, 0.731530
18559252729, 0.731949, 0.731021
18659573014, 0.731439, 0.730538
18759893299, 0.730868, 0.729943
18860213584, 0.730427, 0.729534
18960533869, 0.729960, 0.729055
19060854154, 0.729384, 0.728482
19161174439, 0.728792, 0.727913
19261494724, 0.728324, 0.727413
19361815009, 0.727857, 0.726943
19462135294, 0.727273, 0.726382
19562455579, 0.726802, 0.725917
19662775864, 0.726348, 0.725447
19763096149, 0.725898, 0.725003
19863416434, 0.725379, 0.724502
19963736719, 0.724929, 0.724050
20064057004, 0.724405, 0.723558
20164377289, 0.723999, 0.723131
20264697574, 0.723514, 0.722649
20365017859, 0.723047, 0.722174
20465338144, 0.722610, 0.721726
20565658429, 0.722208, 0.721308
20665978714, 0.721749, 0.720872
20766298999, 0.721295, 0.720407
20866619284, 0.720828, 0.719941
20966939570, 0.720443, 0.719557
21067259855, 0.720002, 0.719113
21167580140, 0.719625, 0.718734
21267900425, 0.719210, 0.718298
21368220710, 0.718769, 0.717828
21468540995, 0.718310, 0.717371
21568861280, 0.717869, 0.716927
21669181565, 0.717350, 0.716397
21769501850, 0.716943, 0.715992
21869822135, 0.716498, 0.715539
21970142420, 0.716048, 0.715134
22070462705, 0.715576, 0.714660
22170782990, 0.715101, 0.714207
22271103275, 0.714594, 0.713707
22371423560, 0.714197, 0.713302
22471743845, 0.713742, 0.712827
22572064130, 0.713323, 0.712392
22672384415, 0.712912, 0.711987
22772704700, 0.712432, 0.711508
22873024985, 0.711908, 0.710986
22973345270, 0.711532, 0.710628
23073665555, 0.711104, 0.710197
23173985840, 0.710658, 0.709745
23274306125, 0.710256, 0.709348
23374626410, 0.709732, 0.708822
23474946695, 0.709326, 0.708460
23575266980, 0.708962, 0.708085
23675587265, 0.708543, 0.707658
23775907550, 0.708210, 0.707360
23876227835, 0.707799, 0.706929
23976548120, 0.707422, 0.706528
24076868405, 0.707055, 0.706123
24177188690, 0.706700, 0.705757
24277508975, 0.706263, 0.705308
24377829260, 0.705848, 0.704916
24478149545, 0.705471, 0.704537
24578469830, 0.705061, 0.704127
24678790115, 0.704714, 0.703791
24779110400, 0.704291, 0.703377
24879430685, 0.703901, 0.702997
24979750970, 0.703503, 0.702596
25080071256, 0.703105, 0.702178
25180391541, 0.702720, 0.701829
25280711826, 0.702331, 0.701450
25381032111, 0.701946, 0.701036
25481352396, 0.701587, 0.700686
25581672681, 0.701172, 0.700290
25681992966, 0.700774, 0.699898
25782313251, 0.700389, 0.699544
25882633536, 0.700056, 0.699216
25982953821, 0.699684, 0.698815
26083274106, 0.699316, 0.698475
26183594391, 0.698931, 0.698095
26283914676, 0.698572, 0.697694
26384234961, 0.698235, 0.697328
26484555246, 0.697811, 0.696871
26584875531, 0.697395, 0.696470
26685195816, 0.697106, 0.696198
26785516101, 0.696733, 0.695819
26885836386, 0.696374, 0.695448
26986156671, 0.696020, 0.695103
27086476956, 0.695617, 0.694702
27186797241, 0.695245, 0.694336
27287117526, 0.694899, 0.693944
27387437811, 0.694566, 0.693616
27487758096, 0.694155, 0.693241
27588078381, 0.693822, 0.692900
27688398666, 0.693476, 0.692525
27788718951, 0.693126, 0.692159
27889039236, 0.692736, 0.691766
27989359521, 0.692369, 0.691404
28089679806, 0.692070, 0.691107
28190000091, 0.691672, 0.690671
28290320376, 0.691357, 0.690365
28390640661, 0.691019, 0.690033
28490960946, 0.690656, 0.689649
28591281231, 0.690314, 0.689335
28691601516, 0.689955, 0.688985
28791921801, 0.689657, 0.688666
28892242086, 0.689289, 0.688283
28992562371, 0.688973, 0.687972
29092882656, 0.688709, 0.687683
29193202941, 0.688342, 0.687317
29293523227, 0.687987, 0.686963
29393843512, 0.687598, 0.686631
29494163797, 0.687377, 0.686420
29594484082, 0.687052, 0.686110
29694804367, 0.686711, 0.685735
29795124652, 0.686378, 0.685411
29895444937, 0.686036, 0.685054
29995765222, 0.685781, 0.684782
30096085507, 0.685521, 0.684502
30196405792, 0.685240, 0.684213
30296726077, 0.684920, 0.683915
30397046362, 0.684634, 0.683601
30497366647, 0.684396, 0.683351
30597686932, 0.684146, 0.683057
30698007217, 0.683782, 0.682747
30798327502, 0.683492, 0.682419
30898647787, 0.683250, 0.682135
30998968072, 0.683008, 0.681867
31099288357, 0.682679, 0.681531
31199608642, 0.682372, 0.681229
31299928927, 0.682156, 0.681005
31400249212, 0.681836, 0.680686
31500569497, 0.681611, 0.680479
31600889782, 0.681334, 0.680203
31701210067, 0.681048, 0.679914
31801530352, 0.680789, 0.679682
31901850637, 0.680495, 0.679414
32002170922, 0.680205, 0.679091
32102491207, 0.679898, 0.678768
32202811492, 0.679582, 0.678466
32303131777, 0.679335, 0.678224
32403452062, 0.679102, 0.677974
32503772347, 0.678842, 0.677729
32604092632, 0.678574, 0.677478
32704412917, 0.678258, 0.677164
32804733202, 0.677981, 0.676883
32905053487, 0.677743, 0.676629
33005373772, 0.677406, 0.676301
33105694057, 0.677147, 0.676056
33206014342, 0.676909, 0.675840
33306334627, 0.676627, 0.675547
33406654912, 0.676390, 0.675306
33506975198, 0.676074, 0.674991
33607295483, 0.675836, 0.674775
33707615768, 0.675546, 0.674465
33807936053, 0.675260, 0.674176
33908256338, 0.674997, 0.673904
34008576623, 0.674759, 0.673702
34108896908, 0.674473, 0.673413
34209217193, 0.674227, 0.673171
34309537478, 0.673980, 0.672908
34409857763, 0.673699, 0.672645
34510178048, 0.673444, 0.672408
34610498333, 0.673171, 0.672128
34710818618, 0.672929, 0.671848
34811138903, 0.672730, 0.671649
34911459188, 0.672488, 0.671412
35011779473, 0.672271, 0.671210
35112099758, 0.672042, 0.670998
35212420043, 0.671843, 0.670796
35312740328, 0.671592, 0.670576
35413060613, 0.671272, 0.670291
35513380898, 0.670991, 0.669998
35613701183, 0.670744, 0.669748
35714021468, 0.670545, 0.669528
35814341753, 0.670269, 0.669270
35914662038, 0.670026, 0.669028
36014982323, 0.669745, 0.668735
36115302608, 0.669464, 0.668450
36215622893, 0.669200, 0.668166
36315943178, 0.669027, 0.667950
36416263463, 0.668789, 0.667679
36516583748, 0.668612, 0.667485
36616904033, 0.668387, 0.667261
36717224318, 0.668162, 0.667023
36817544603, 0.667967, 0.666842
36917864888, 0.667734, 0.666588
37018185173, 0.667500, 0.666351
37118505458, 0.667228, 0.666062
37218825743, 0.666942, 0.665790
37319146028, 0.666713, 0.665566
37419466313, 0.666449, 0.665290
37519786598, 0.666250, 0.665079
37620106884, 0.666012, 0.664825
37720427169, 0.665817, 0.664587
37820747454, 0.665571, 0.664350
37921067739, 0.665359, 0.664092
38021388024, 0.665169, 0.663911
38121708309, 0.664939, 0.663678
38222028594, 0.664675, 0.663432
38322348879, 0.664463, 0.663182
38422669164, 0.664204, 0.662932
38522989449, 0.663953, 0.662699
38623309734, 0.663719, 0.662475
38723630019, 0.663477, 0.662259
38823950304, 0.663295, 0.662070
38924270589, 0.663109, 0.661880
39024590874, 0.662949, 0.661707
39124911159, 0.662703, 0.661470
39225231444, 0.662448, 0.661225
39325551729, 0.662192, 0.660953
39425872014, 0.662037, 0.660772
39526192299, 0.661768, 0.660500
39626512584, 0.661626, 0.660345
39726832869, 0.661461, 0.660177
39827153154, 0.661293, 0.660013
39927473439, 0.661085, 0.659785
40027793724, 0.660960, 0.659655
40128114009, 0.660787, 0.659496
40228434294, 0.660583, 0.659302
40328754579, 0.660376, 0.659108
40429074864, 0.660155, 0.658888
40529395149, 0.660008, 0.658711
40629715434, 0.659796, 0.658504
40730035719, 0.659636, 0.658327
40830356004, 0.659454, 0.658155
40930676289, 0.659251, 0.657939
41030996574, 0.659035, 0.657737
41131316859, 0.658888, 0.657582
41231637144, 0.658676, 0.657362
41331957429, 0.658498, 0.657202
41432277714, 0.658308, 0.656999
41532597999, 0.658139, 0.656831
41632918284, 0.657970, 0.656637
41733238569, 0.657789, 0.656435
41833558855, 0.657590, 0.656228
41933879140, 0.657369, 0.656004
42034199425, 0.657170, 0.655805
42134519710, 0.657006, 0.655641
42234839995, 0.656816, 0.655439
42335160280, 0.656621, 0.655223
42435480565, 0.656448, 0.655034
42535800850, 0.656292, 0.654865
42636121135, 0.656046, 0.654624
42736441420, 0.655838, 0.654421
42836761705, 0.655626, 0.654176
42937081990, 0.655466, 0.653999
43037402275, 0.655276, 0.653788
43137722560, 0.655111, 0.653615
43238042845, 0.654960, 0.653464
43338363130, 0.654813, 0.653309
43438683415, 0.654644, 0.653128
43539003700, 0.654475, 0.652968
43639323985, 0.654298, 0.652809
43739644270, 0.654172, 0.652680
43839964555, 0.653952, 0.652451
43940284840, 0.653762, 0.652231
44040605125, 0.653584, 0.652054
44140925410, 0.653407, 0.651882
44241245695, 0.653260, 0.651714
44341565980, 0.653087, 0.651533
44441886265, 0.652944, 0.651382
44542206550, 0.652780, 0.651196
44642526835, 0.652589, 0.650985
44742847120, 0.652438, 0.650826
44843167405, 0.652226, 0.650619
44943487690, 0.652031, 0.650433
45043807975, 0.651884, 0.650300
45144128260, 0.651737, 0.650149
45244448545, 0.651521, 0.649925
45344768830, 0.651387, 0.649774
45445089115, 0.651227, 0.649614
45545409400, 0.651049, 0.649433
45645729685, 0.650876, 0.649278
45746049970, 0.650669, 0.649075
45846370255, 0.650461, 0.648894
45946690540, 0.650314, 0.648748
46047010826, 0.650115, 0.648536
46147331111, 0.649968, 0.648394
46247651396, 0.649799, 0.648209
46347971681, 0.649579, 0.648015
46448291966, 0.649440, 0.647864
46548612251, 0.649284, 0.647726
46648932536, 0.649150, 0.647596
46749252821, 0.648995, 0.647433
46849573106, 0.648847, 0.647286
46949893391, 0.648731, 0.647178
47050213676, 0.648545, 0.647001
47150533961, 0.648380, 0.646851
47250854246, 0.648212, 0.646695
47351174531, 0.648030, 0.646510
47451494816, 0.647874, 0.646333
47551815101, 0.647723, 0.646174
47652135386, 0.647571, 0.646018
47752455671, 0.647459, 0.645889
47852775956, 0.647308, 0.645747
47953096241, 0.647113, 0.645570
48053416526, 0.646974, 0.645398
48153736811, 0.646793, 0.645217
48254057096, 0.646689, 0.645104
48354377381, 0.646589, 0.645005
48454697666, 0.646438, 0.644854
48555017951, 0.646287, 0.644695
48655338236, 0.646170, 0.644553
48755658521, 0.646023, 0.644389
48855978806, 0.645863, 0.644234
48956299091, 0.645698, 0.644035
49056619376, 0.645603, 0.643936
49156939661, 0.645452, 0.643781
49257259946, 0.645344, 0.643673
49357580231, 0.645205, 0.643522
49457900516, 0.645075, 0.643384
49558220801, 0.644959, 0.643259
49658541086, 0.644816, 0.643104
49758861371, 0.644708, 0.642970
49859181656, 0.644604, 0.642858
49959501941, 0.644487, 0.642750
50059822226, 0.644383, 0.642643
50160142512, 0.644228, 0.642487
50260462797, 0.644076, 0.642315
50360783082, 0.643977, 0.642212
50461103367, 0.643882, 0.642099
50561423652, 0.643760, 0.641992
50661743937, 0.643635, 0.641854
50762064222, 0.643544, 0.641759
50862384507, 0.643432, 0.641660
50962704792, 0.643289, 0.641517
51063025077, 0.643198, 0.641405
51163345362, 0.643064, 0.641285
51263665647, 0.642921, 0.641134
51363985932, 0.642744, 0.640957
51464306217, 0.642627, 0.640841
51564626502, 0.642489, 0.640694
51664946787, 0.642380, 0.640603
51765267072, 0.642277, 0.640504
51865587357, 0.642160, 0.640401
51965907642, 0.642056, 0.640293
52066227927, 0.641926, 0.640168
52166548212, 0.641809, 0.640052
52266868497, 0.641675, 0.639927
52367188782, 0.641611, 0.639853
52467509067, 0.641455, 0.639664
52567829352, 0.641334, 0.639543
52668149637, 0.641230, 0.639422
52768469922, 0.641122, 0.639310
52868790207, 0.640988, 0.639163
52969110492, 0.640875, 0.639030
53069430777, 0.640758, 0.638922
53169751062, 0.640663, 0.638823
53270071347, 0.640529, 0.638693
53370391632, 0.640412, 0.638560
53470711917, 0.640326, 0.638487
53571032202, 0.640196, 0.638387
53671352487, 0.640101, 0.638288
53771672772, 0.639980, 0.638155
53871993057, 0.639889, 0.638081
53972313342, 0.639794, 0.637969
54072633627, 0.639634, 0.637805
54172953912, 0.639530, 0.637715
54273274197, 0.639413, 0.637603
54373594483, 0.639335, 0.637516
54473914768, 0.639205, 0.637387
54574235053, 0.639089, 0.637288
54674555338, 0.638933, 0.637116
54774875623, 0.638803, 0.636995
54875195908, 0.638652, 0.636831
54975516193, 0.638548, 0.636710
55075836478, 0.638440, 0.636594
55176156763, 0.638332, 0.636464
55276477048, 0.638176, 0.636301
55376797333, 0.638059, 0.636176
55477117618, 0.637964, 0.636081
55577437903, 0.637821, 0.635943
55677758188, 0.637752, 0.635870
55778078473, 0.637639, 0.635744
55878398758, 0.637549, 0.635632
55978719043, 0.637440, 0.635538
56079039328, 0.637345, 0.635443
56179359613, 0.637220, 0.635318
56279679898, 0.637112, 0.635214
56380000183, 0.637025, 0.635115
56480320468, 0.636913, 0.635016
56580640753, 0.636774, 0.634878
56680961038, 0.636688, 0.634787
56781281323, 0.636567, 0.634641
56881601608, 0.636454, 0.634516
56981921893, 0.636381, 0.634451
57082242178, 0.636290, 0.634361
57182562463, 0.636199, 0.634292
57282882748, 0.636121, 0.634205
57383203033, 0.636009, 0.634076
57483523318, 0.635931, 0.633990
57583843603, 0.635853, 0.633912
57684163888, 0.635762, 0.633839
57784484173, 0.635667, 0.633740
57884804458, 0.635533, 0.633610
57985124743, 0.635468, 0.633533
58085445028, 0.635355, 0.633412
58185765313, 0.635247, 0.633309
58286085598, 0.635165, 0.633248
58386405883, 0.635087, 0.633153
58486726168, 0.635014, 0.633089
58587046454, 0.634949, 0.633011
58687366739, 0.634862, 0.632938
58787687024, 0.634789, 0.632856
58888007309, 0.634694, 0.632761
58988327594, 0.634585, 0.632649
59088647879, 0.634460, 0.632528
59188968164, 0.634387, 0.632438
59289288449, 0.634300, 0.632343
59389608734, 0.634201, 0.632235
59489929019, 0.634127, 0.632149
59590249304, 0.634045, 0.632076
59690569589, 0.633950, 0.631972
59790889874, 0.633872, 0.631894
59891210159, 0.633772, 0.631778
59991530444, 0.633681, 0.631666
60091850729, 0.633604, 0.631584
60192171014, 0.633534, 0.631498
60292491299, 0.633478, 0.631425
60392811584, 0.633405, 0.631347
60493131869, 0.633331, 0.631265
60593452154, 0.633232, 0.631166
60693772439, 0.633102, 0.631041
60794092724, 0.632998, 0.630937
60894413009, 0.632937, 0.630873
60994733294, 0.632877, 0.630804
61095053579, 0.632808, 0.630730
61195373864, 0.632747, 0.630666
61295694149, 0.632630, 0.630562
61396014434, 0.632526, 0.630463
61496334719, 0.632466, 0.630416
61596655004, 0.632401, 0.630347
61696975289, 0.632280, 0.630213
61797295574, 0.632228, 0.630140
61897615859, 0.632167, 0.630075
61997936144, 0.632051, 0.629976
62098256429, 0.631981, 0.629911
62198576714, 0.631886, 0.629829
62298896999, 0.631795, 0.629747
62399217284, 0.631731, 0.629687
62499537569, 0.631674, 0.629627
62599857854, 0.631596, 0.629536
62700178140, 0.631532, 0.629467
62800498425, 0.631445, 0.629381
62900818710, 0.631367, 0.629308
63001138995, 0.631272, 0.629221
63101459280, 0.631172, 0.629101
63201779565, 0.631121, 0.629040
63302099850, 0.631051, 0.628963
63402420135, 0.630978, 0.628898
63502740420, 0.630883, 0.628803
63603060705, 0.630766, 0.628682
63703380990, 0.630671, 0.628588
63803701275, 0.630589, 0.628519
63904021560, 0.630528, 0.628458
64004341845, 0.630441, 0.628363
64104662130, 0.630346, 0.628273
64204982415, 0.630281, 0.628204
64305302700, 0.630225, 0.628144
64405622985, 0.630143, 0.628053
64505943270, 0.630087, 0.628006
64606263555, 0.630039, 0.627962
64706583840, 0.629983, 0.627906
64806904125, 0.629870, 0.627812
64907224410, 0.629793, 0.627734
65007544695, 0.629710, 0.627661
65107864980, 0.629637, 0.627587
65208185265, 0.629581, 0.627531
65308505550, 0.629498, 0.627445
65408825835, 0.629442, 0.627372
65509146120, 0.629399, 0.627320
65609466405, 0.629312, 0.627242
65709786690, 0.629252, 0.627191
65810106975, 0.629213, 0.627161
65910427260, 0.629144, 0.627096
66010747545, 0.629087, 0.627040
66111067830, 0.629031, 0.626971
66211388115, 0.628958, 0.626902
66311708400, 0.628901, 0.626850
66412028685, 0.628828, 0.626781
66512348970, 0.628763, 0.626712
66612669255, 0.628720, 0.626665
66712989540, 0.628646, 0.626587
66813309825, 0.628603, 0.626535
66913630111, 0.628491, 0.626445
67013950396, 0.628430, 0.626380
67114270681, 0.628374, 0.626324
67214590966, 0.628274, 0.626242
67314911251, 0.628183, 0.626130
67415231536, 0.628119, 0.626078
67515551821, 0.628045, 0.626001
67615872106, 0.627989, 0.625940
67716192391, 0.627941, 0.625893
67816512676, 0.627863, 0.625807
67916832961, 0.627829, 0.625768
68017153246, 0.627725, 0.625673
68117473531, 0.627664, 0.625621
68217793816, 0.627608, 0.625574
68318114101, 0.627548, 0.625522
68418434386, 0.627509, 0.625479
68518754671, 0.627461, 0.625436
68619074956, 0.627413, 0.625393
68719395241, 0.627340, 0.625324
68819715526, 0.627288, 0.625281
68920035811, 0.627223, 0.625216
69020356096, 0.627145, 0.625147
69120676381, 0.627067, 0.625074
69220996666, 0.626985, 0.624988
69321316951, 0.626933, 0.624953
69421637236, 0.626842, 0.624867
69521957521, 0.626756, 0.624794
69622277806, 0.626695, 0.624733
69722598091, 0.626635, 0.624669
69822918376, 0.626587, 0.624630
69923238661, 0.626505, 0.624574
70023558946, 0.626449, 0.624526
70123879231, 0.626397, 0.624449
70224199516, 0.626367, 0.624423
70324519801, 0.626345, 0.624388
70424840086, 0.626289, 0.624324
70525160371, 0.626215, 0.624276
70625480656, 0.626142, 0.624216
70725800941, 0.626107, 0.624181
70826121226, 0.626046, 0.624112
70926441511, 0.625969, 0.624039
71026761796, 0.625930, 0.623992
71127082082, 0.625873, 0.623944
71227402367, 0.625830, 0.623901
71327722652, 0.625752, 0.623832
71428042937, 0.625722, 0.623793
71528363222, 0.625670, 0.623750
71628683507, 0.625584, 0.623677
71729003792, 0.625553, 0.623643
71829324077, 0.625497, 0.623591
71929644362, 0.625424, 0.623517
72029964647, 0.625359, 0.623440
72130284932, 0.625302, 0.623375
72230605217, 0.625255, 0.623336
72330925502, 0.625194, 0.623267
72431245787, 0.625129, 0.623220
72531566072, 0.625065, 0.623160
72631886357, 0.625017, 0.623125
72732206642, 0.624952, 0.623078
72832526927, 0.624892, 0.623013
72932847212, 0.624848, 0.622970
73033167497, 0.624757, 0.622892
73133487782, 0.624701, 0.622836
73233808067, 0.624658, 0.622785
73334128352, 0.624615, 0.622728
73434448637, 0.624576, 0.622703
73534768922, 0.624532, 0.622664
73635089207, 0.624481, 0.622599
73735409492, 0.624429, 0.622556
73835729777, 0.624368, 0.622513
73936050062, 0.624321, 0.622448
74036370347, 0.624273, 0.622397
74136690632, 0.624230, 0.622353
74237010917, 0.624173, 0.622315
74337331202, 0.624113, 0.622259
74437651487, 0.624074, 0.622224
74537971772, 0.624005, 0.622159
74638292057, 0.623957, 0.622112
74738612342, 0.623892, 0.622047
74838932627, 0.623862, 0.622013
74939252912, 0.623810, 0.621965
75039573197, 0.623750, 0.621896
75139893482, 0.623680, 0.621827
75240213768, 0.623637, 0.621776
75340534053, 0.623594, 0.621737
75440854338, 0.623551, 0.621694
75541174623, 0.623507, 0.621633
75641494908, 0.623464, 0.621577
75741815193, 0.623425, 0.621551
75842135478, 0.623386, 0.621513
75942455763, 0.623352, 0.621470
76042776048, 0.623291, 0.621422
76143096333, 0.623256, 0.621388
76243416618, 0.623200, 0.621336
76343736903, 0.623144, 0.621280
76444057188, 0.623105, 0.621232
76544377473, 0.623062, 0.621189
76644697758, 0.623027, 0.621159
76745018043, 0.622993, 0.621125
76845338328, 0.622958, 0.621086
76945658613, 0.622936, 0.621060
77045978898, 0.622884, 0.621008
77146299183, 0.622863, 0.620982
77246619468, 0.622828, 0.620939
77346939753, 0.622789, 0.620913
77447260038, 0.622737, 0.620849
77547580323, 0.622707, 0.620810
77647900608, 0.622677, 0.620784
77748220893, 0.622616, 0.620711
77848541178, 0.622569, 0.620659
77948861463, 0.622538, 0.620637
78049181748, 0.622465, 0.620569
78149502033, 0.622413, 0.620517
78249822318, 0.622357, 0.620443
78350142603, 0.622339, 0.620435
78450462888, 0.622287, 0.620383
78550783173, 0.622266, 0.620357
78651103458, 0.622205, 0.620306
78751423743, 0.622162, 0.620267
78851744028, 0.622119, 0.620228
78952064313, 0.622084, 0.620202
79052384598, 0.622058, 0.620180
79152704883, 0.622041, 0.620163
79253025168, 0.621985, 0.620103
79353345453, 0.621959, 0.620073
79453665739, 0.621928, 0.620043
79553986024, 0.621894, 0.620012
79654306309, 0.621838, 0.619956
79754626594, 0.621807, 0.619922
79854946879, 0.621781, 0.619892
79955267164, 0.621742, 0.619844
80055587449, 0.621708, 0.619810
80155907734, 0.621647, 0.619749
80256228019, 0.621600, 0.619711
80356548304, 0.621569, 0.619672
80456868589, 0.621535, 0.619642
80557188874, 0.621504, 0.619603
80657509159, 0.621474, 0.619577
80757829444, 0.621427, 0.619525
80858149729, 0.621383, 0.619482
80958470014, 0.621336, 0.619430
81058790299, 0.621310, 0.619404
81159110584, 0.621292, 0.619383
81259430869, 0.621271, 0.619357
81359751154, 0.621232, 0.619318
81460071439, 0.621197, 0.619279
81560391724, 0.621197, 0.619275
81660712009, 0.621150, 0.619228
81761032294, 0.621128, 0.619210
81861352579, 0.621089, 0.619176
81961672864, 0.621055, 0.619141
82061993149, 0.621033, 0.619120
82162313434, 0.620985, 0.619077
82262633719, 0.620929, 0.619029
82362954004, 0.620895, 0.618995
82463274289, 0.620843, 0.618943
82563594574, 0.620825, 0.618922
82663914859, 0.620786, 0.618887
82764235144, 0.620752, 0.618853
82864555429, 0.620726, 0.618831
82964875714, 0.620709, 0.618809
83065195999, 0.620665, 0.618771
83165516284, 0.620657, 0.618758
83265836569, 0.620631, 0.618723
83366156854, 0.620613, 0.618710
83466477139, 0.620600, 0.618702
83566797424, 0.620548, 0.618659
83667117710, 0.620505, 0.618628
83767437995, 0.620484, 0.618598
83867758280, 0.620453, 0.618564
83968078565, 0.620423, 0.618538
84068398850, 0.620410, 0.618529
84168719135, 0.620384, 0.618503
84269039420, 0.620341, 0.618460
84369359705, 0.620306, 0.618434
84469679990, 0.620263, 0.618391
84570000275, 0.620215, 0.618348
84670320560, 0.620189, 0.618327
84770640845, 0.620172, 0.618314
84870961130, 0.620168, 0.618305
84971281415, 0.620138, 0.618279
85071601700, 0.620133, 0.618271
85171921985, 0.620081, 0.618214
85272242270, 0.620047, 0.618180
85372562555, 0.620034, 0.618167
85472882840, 0.620016, 0.618146
85573203125, 0.620008, 0.618137
85673523410, 0.619973, 0.618107
85773843695, 0.619952, 0.618089
85874163980, 0.619934, 0.618068
85974484265, 0.619913, 0.618046
86074804550, 0.619908, 0.618042
86175124835, 0.619895, 0.618025
86275445120, 0.619887, 0.618016
86375765405, 0.619882, 0.618008
86476085690, 0.619861, 0.617986
86576405975, 0.619835, 0.617960
86676726260, 0.619817, 0.617939
86777046545, 0.619787, 0.617908
86877366830, 0.619757, 0.617878
86977687115, 0.619748, 0.617865
87078007400, 0.619722, 0.617839
87178327685, 0.619683, 0.617801
87278647970, 0.619666, 0.617783
87378968255, 0.619649, 0.617766
87479288540, 0.619618, 0.617740
87579608825, 0.619597, 0.617719
87679929110, 0.619597, 0.617719
87780249396, 0.619592, 0.617710
87880569681, 0.619571, 0.617689
87980889966, 0.619545, 0.617654
88081210251, 0.619532, 0.617637
88181530536, 0.619515, 0.617624
88281850821, 0.619476, 0.617598
88382171106, 0.619445, 0.617568
88482491391, 0.619432, 0.617555
88582811676, 0.619424, 0.617546
88683131961, 0.619411, 0.617533
88783452246, 0.619402, 0.617516
88883772531, 0.619376, 0.617490
88984092816, 0.619359, 0.617473
89084413101, 0.619337, 0.617456
89184733386, 0.619311, 0.617443
89285053671, 0.619281, 0.617417
89385373956, 0.619272, 0.617408
89485694241, 0.619255, 0.617387
89586014526, 0.619238, 0.617369
89686334811, 0.619225, 0.617352
89786655096, 0.619216, 0.617344
89886975381, 0.619207, 0.617335
89987295666, 0.619182, 0.617313
90087615951, 0.619173, 0.617300
90187936236, 0.619160, 0.617288
90288256521, 0.619147, 0.617283
90388576806, 0.619125, 0.617262
90488897091, 0.619125, 0.617262
90589217376, 0.619095, 0.617232
90689537661, 0.619078, 0.617214
90789857946, 0.619056, 0.617193
90890178231, 0.619047, 0.617184
90990498516, 0.619047, 0.617184
91090818801, 0.619030, 0.617171
91191139086, 0.619017, 0.617158
91291459371, 0.619008, 0.617154
91391779656, 0.618996, 0.617145
91492099941, 0.618978, 0.617137
91592420226, 0.618970, 0.617132
91692740511, 0.618957, 0.617119
91793060796, 0.618948, 0.617111
91893381081, 0.618939, 0.617098
91993701367, 0.618926, 0.617081
92094021652, 0.618918, 0.617072
92194341937, 0.618905, 0.617059
92294662222, 0.618896, 0.617050
92394982507, 0.618892, 0.617042
92495302792, 0.618887, 0.617033
92595623077, 0.618883, 0.617025
92695943362, 0.618874, 0.617012
92796263647, 0.618866, 0.616994
92896583932, 0.618853, 0.616981
92996904217, 0.618840, 0.616969
93097224502, 0.618818, 0.616951
93197544787, 0.618805, 0.616938
93297865072, 0.618797, 0.616930
93398185357, 0.618792, 0.616925
93498505642, 0.618779, 0.616912
93598825927, 0.618775, 0.616908
93699146212, 0.618745, 0.616882
93799466497, 0.618727, 0.616861
93899786782, 0.618714, 0.616848
94000107067, 0.618710, 0.616839
94100427352, 0.618701, 0.616831
94200747637, 0.618693, 0.616822
94301067922, 0.618680, 0.616809
94401388207, 0.618671, 0.616800
94501708492, 0.618671, 0.616800
94602028777, 0.618662, 0.616796
94702349062, 0.618654, 0.616787
94802669347, 0.618649, 0.616779
94902989632, 0.618645, 0.616770
95003309917, 0.618628, 0.616753
95103630202, 0.618619, 0.616744
95203950487, 0.618602, 0.616723
95304270772, 0.618598, 0.616723
95404591057, 0.618589, 0.616714
95504911342, 0.618585, 0.616710
95605231627, 0.618567, 0.616693
95705551912, 0.618563, 0.616688
95805872197, 0.618563, 0.616688
95906192482, 0.618559, 0.616684
96006512767, 0.618559, 0.616684
96106833052, 0.618550, 0.616680
96207153338, 0.618541, 0.616671
96307473623, 0.618533, 0.616662
96407793908, 0.618533, 0.616662
96508114193, 0.618528, 0.616658
96608434478, 0.618520, 0.616649
96708754763, 0.618520, 0.616649
96809075048, 0.618502, 0.616619
96909395333, 0.618485, 0.616602
97009715618, 0.618476, 0.616593
97110035903, 0.618472, 0.616589
97210356188, 0.618463, 0.616580
97310676473, 0.618459, 0.616576
97410996758, 0.618455, 0.616568
97511317043, 0.618455, 0.616568
97611637328, 0.618450, 0.616563
97711957613, 0.618442, 0.616555
97812277898, 0.618437, 0.616550
97912598183, 0.618433, 0.616546
98012918468, 0.618433, 0.616546
98113238753, 0.618429, 0.616542
98213559038, 0.618429, 0.616537
98313879323, 0.618425, 0.616533
98414199608, 0.618425, 0.616533
98514519893, 0.618425, 0.616533
98614840178, 0.618425, 0.616533
98715160463, 0.618425, 0.616533
98815480748, 0.618420, 0.616529
98915801033, 0.618416, 0.616524
99016121318, 0.618416, 0.616520
99116441603, 0.618412, 0.616516
99216761888, 0.618412, 0.616516
99317082173, 0.618407, 0.616512
99417402458, 0.618407, 0.616512
99517722743, 0.618403, 0.616507
99618043028, 0.618403, 0.616507
99718363313, 0.618399, 0.616503
99818683598, 0.618394, 0.616499
99919003883, 0.618394, 0.616499
100019324168, 0.618390, 0.616494
100119644453, 0.618390, 0.616494
100219964738, 0.618390, 0.616494
100320285024, 0.618390, 0.616494
Time used: 30343 ms
