logging to /opt/flows_res_1000/2016020400-2016020500_unique/tenant_6_profile_res-FIX_RATE-FLOWS-0.01.csvtracefile: /data1/tenant_trace/2016020400-2016020500_unique/tenant_6_trace
open file /data1/tenant_trace/2016020400-2016020500_unique/tenant_6_trace
read 1000000 lines
read 2000000 lines
read 3000000 lines
read 4000000 lines
read 5000000 lines
read 6000000 lines
read 7000000 lines
read 8000000 lines
read 9000000 lines
read 10000000 lines
read 11000000 lines
read 12000000 lines
read 13000000 lines
read 14000000 lines
read 15000000 lines
read 16000000 lines
read 17000000 lines
read 18000000 lines
read 19000000 lines
read 20000000 lines
read 21000000 lines
read 22000000 lines
read 23000000 lines
read 24000000 lines
read 25000000 lines
read 26000000 lines
read 27000000 lines
read 28000000 lines
read 29000000 lines
read 30000000 lines
read 31000000 lines
read 32000000 lines
read 33000000 lines
read 34000000 lines
read 35000000 lines
read 36000000 lines
read 37000000 lines
read 38000000 lines
read 39000000 lines
read 40000000 lines
read 41000000 lines
read 42000000 lines
read 43000000 lines
read 44000000 lines
read 45000000 lines
read 46000000 lines
read 47000000 lines
read 48000000 lines
read 49000000 lines
read 50000000 lines
read 51000000 lines
read 52000000 lines
read 53000000 lines
read 54000000 lines
read 55000000 lines
read 56000000 lines
read 57000000 lines
read 58000000 lines
read 59000000 lines
read 60000000 lines
read 61000000 lines
read 62000000 lines
read 63000000 lines
read 64000000 lines
read 65000000 lines
read 66000000 lines
read 67000000 lines
read 68000000 lines
read 69000000 lines
read 70000000 lines
read 71000000 lines
read 72000000 lines
read 73000000 lines
read 74000000 lines
read 75000000 lines
read 76000000 lines
read 77000000 lines
read 78000000 lines
read 79000000 lines
read 80000000 lines
read 81000000 lines
read 82000000 lines
read 83000000 lines
read 84000000 lines
read 85000000 lines
read 86000000 lines
read 87000000 lines
read 88000000 lines
read 89000000 lines
read 90000000 lines
read 91000000 lines
[FILE]: /data1/tenant_trace/2016020400-2016020500_unique/tenant_6_trace
total_access_num: 91314146
total_access_size: 10219274324976
unique_access_num: 34727129
unique_access_size: 3044118186558
min_item_size: 1
[method]: FLOWS
[metric]: MAE
[seed]: 42
[sample_method]: FIX_RATE
[sample_metric]: 0.01
MAEQ_factor: 1.029191
cache_size, BMRC_ratio, OMRC_ratio
3044118186, 0.888294, 0.910065
6088236373, 0.845701, 0.885387
9132354559, 0.815205, 0.865778
12176472746, 0.791116, 0.849281
15220590932, 0.771454, 0.834747
18264709119, 0.754386, 0.822028
21308827305, 0.739531, 0.810422
24352945492, 0.725987, 0.799670
27397063679, 0.713971, 0.790059
30441181865, 0.703017, 0.781101
33485300052, 0.692935, 0.772583
36529418238, 0.683603, 0.764852
39573536425, 0.674936, 0.757320
42617654611, 0.666612, 0.750072
45661772798, 0.658674, 0.743083
48705890984, 0.651278, 0.736639
51750009171, 0.644322, 0.730391
54794127358, 0.637583, 0.724455
57838245544, 0.631100, 0.718467
60882363731, 0.625185, 0.713022
63926481917, 0.619330, 0.707514
66970600104, 0.613847, 0.702544
70014718290, 0.608515, 0.697568
73058836477, 0.603356, 0.692808
76102954663, 0.598457, 0.688226
79147072850, 0.593590, 0.683598
82191191037, 0.589143, 0.679426
85235309223, 0.584756, 0.675282
88279427410, 0.580440, 0.671164
91323545596, 0.576155, 0.667228
94367663783, 0.572109, 0.663407
97411781969, 0.568092, 0.659587
100455900156, 0.564177, 0.655953
103500018342, 0.560349, 0.652348
106544136529, 0.556640, 0.648826
109588254716, 0.553194, 0.645565
112632372902, 0.549780, 0.642284
115676491089, 0.546457, 0.639117
118720609275, 0.543381, 0.636123
121764727462, 0.540350, 0.632984
124808845648, 0.537304, 0.630001
127852963835, 0.534354, 0.627062
130897082021, 0.531391, 0.624142
133941200208, 0.528629, 0.621411
136985318395, 0.525872, 0.618666
140029436581, 0.523204, 0.616115
143073554768, 0.520526, 0.613493
146117672954, 0.517946, 0.610889
149161791141, 0.515493, 0.608464
152205909327, 0.512867, 0.605950
155250027514, 0.510377, 0.603600
158294145701, 0.508041, 0.601331
161338263887, 0.505728, 0.598959
164382382074, 0.503503, 0.596692
167426500260, 0.501209, 0.594434
170470618447, 0.499002, 0.592195
173514736633, 0.496804, 0.589911
176558854820, 0.494704, 0.587773
179602973006, 0.492651, 0.585673
182647091193, 0.490529, 0.583502
185691209380, 0.488621, 0.581553
188735327566, 0.486633, 0.579643
191779445753, 0.484682, 0.577724
194823563939, 0.482790, 0.575760
197867682126, 0.480920, 0.573929
200911800312, 0.479124, 0.572100
203955918499, 0.477321, 0.570330
207000036685, 0.475506, 0.568416
210044154872, 0.473793, 0.566653
213088273059, 0.472150, 0.564973
216132391245, 0.470542, 0.563234
219176509432, 0.469036, 0.561703
222220627618, 0.467429, 0.560108
225264745805, 0.465826, 0.558536
228308863991, 0.464198, 0.556886
231352982178, 0.462661, 0.555360
234397100364, 0.461114, 0.553787
237441218551, 0.459697, 0.552359
240485336738, 0.458213, 0.550835
243529454924, 0.456818, 0.549369
246573573111, 0.455442, 0.547924
249617691297, 0.453998, 0.546599
252661809484, 0.452598, 0.545206
255705927670, 0.451200, 0.543804
258750045857, 0.449812, 0.542448
261794164043, 0.448561, 0.541226
264838282230, 0.447237, 0.539875
267882400417, 0.445986, 0.538580
270926518603, 0.444650, 0.537246
273970636790, 0.443468, 0.536005
277014754976, 0.442251, 0.534747
280058873163, 0.441042, 0.533446
283102991349, 0.439829, 0.532165
286147109536, 0.438688, 0.531028
289191227723, 0.437513, 0.529868
292235345909, 0.436311, 0.528626
295279464096, 0.435101, 0.527417
298323582282, 0.433988, 0.526295
301367700469, 0.432905, 0.525196
304411818655, 0.431821, 0.524096
307455936842, 0.430641, 0.522918
310500055028, 0.429616, 0.521788
313544173215, 0.428549, 0.520620
316588291402, 0.427513, 0.519514
319632409588, 0.426565, 0.518511
322676527775, 0.425441, 0.517350
325720645961, 0.424418, 0.516306
328764764148, 0.423423, 0.515195
331808882334, 0.422470, 0.514177
334853000521, 0.421493, 0.513213
337897118707, 0.420533, 0.512232
340941236894, 0.419572, 0.511235
343985355081, 0.418659, 0.510298
347029473267, 0.417745, 0.509301
350073591454, 0.416777, 0.508281
353117709640, 0.415868, 0.507291
356161827827, 0.415024, 0.506373
359205946013, 0.414190, 0.505470
362250064200, 0.413375, 0.504568
365294182386, 0.412578, 0.503672
368338300573, 0.411691, 0.502796
371382418760, 0.410811, 0.501848
374426536946, 0.409998, 0.501035
377470655133, 0.409148, 0.500153
380514773319, 0.408292, 0.499241
383558891506, 0.407486, 0.498427
386603009692, 0.406652, 0.497555
389647127879, 0.405889, 0.496692
392691246065, 0.405119, 0.495871
395735364252, 0.404347, 0.495071
398779482439, 0.403583, 0.494300
401823600625, 0.402792, 0.493448
404867718812, 0.402037, 0.492658
407911836998, 0.401257, 0.491836
410955955185, 0.400533, 0.491100
414000073371, 0.399809, 0.490325
417044191558, 0.399076, 0.489517
420088309745, 0.398390, 0.488820
423132427931, 0.397742, 0.488146
426176546118, 0.397040, 0.487418
429220664304, 0.396371, 0.486676
432264782491, 0.395649, 0.485936
435308900677, 0.394976, 0.485285
438353018864, 0.394362, 0.484600
441397137050, 0.393686, 0.483875
444441255237, 0.393043, 0.483167
447485373424, 0.392406, 0.482508
450529491610, 0.391756, 0.481800
453573609797, 0.391048, 0.481100
456617727983, 0.390403, 0.480425
459661846170, 0.389761, 0.479753
462705964356, 0.389121, 0.479089
465750082543, 0.388503, 0.478403
468794200729, 0.387929, 0.477819
471838318916, 0.387359, 0.477166
474882437103, 0.386779, 0.476581
477926555289, 0.386174, 0.475944
480970673476, 0.385582, 0.475269
484014791662, 0.385004, 0.474682
487058909849, 0.384438, 0.474093
490103028035, 0.383918, 0.473506
493147146222, 0.383377, 0.472943
496191264408, 0.382784, 0.472323
499235382595, 0.382249, 0.471723
502279500782, 0.381724, 0.471138
505323618968, 0.381211, 0.470589
508367737155, 0.380655, 0.470050
511411855341, 0.380102, 0.469480
514455973528, 0.379562, 0.468900
517500091714, 0.379058, 0.468324
520544209901, 0.378562, 0.467783
523588328087, 0.378056, 0.467224
526632446274, 0.377612, 0.466683
529676564461, 0.377066, 0.466132
532720682647, 0.376562, 0.465597
535764800834, 0.376068, 0.465074
538808919020, 0.375534, 0.464594
541853037207, 0.375057, 0.464068
544897155393, 0.374582, 0.463549
547941273580, 0.374029, 0.463039
550985391766, 0.373522, 0.462472
554029509953, 0.373086, 0.461946
557073628140, 0.372616, 0.461464
560117746326, 0.372135, 0.460978
563161864513, 0.371701, 0.460529
566205982699, 0.371189, 0.460045
569250100886, 0.370718, 0.459537
572294219072, 0.370278, 0.459064
575338337259, 0.369802, 0.458525
578382455446, 0.369361, 0.458032
581426573632, 0.368936, 0.457568
584470691819, 0.368512, 0.457097
587514810005, 0.368073, 0.456692
590558928192, 0.367641, 0.456203
593603046378, 0.367202, 0.455743
596647164565, 0.366735, 0.455281
599691282751, 0.366244, 0.454779
602735400938, 0.365826, 0.454372
605779519125, 0.365414, 0.453949
608823637311, 0.365011, 0.453566
611867755498, 0.364582, 0.453089
614911873684, 0.364103, 0.452572
617955991871, 0.363731, 0.452193
621000110057, 0.363330, 0.451761
624044228244, 0.362921, 0.451358
627088346430, 0.362571, 0.450955
630132464617, 0.362180, 0.450515
633176582804, 0.361787, 0.450084
636220700990, 0.361467, 0.449711
639264819177, 0.361058, 0.449297
642308937363, 0.360707, 0.448932
645353055550, 0.360379, 0.448539
648397173736, 0.360001, 0.448152
651441291923, 0.359663, 0.447747
654485410109, 0.359283, 0.447339
657529528296, 0.358946, 0.446954
660573646483, 0.358581, 0.446546
663617764669, 0.358236, 0.446200
666661882856, 0.357943, 0.445841
669706001042, 0.357577, 0.445432
672750119229, 0.357202, 0.445009
675794237415, 0.356802, 0.444597
678838355602, 0.356443, 0.444223
681882473788, 0.356087, 0.443844
684926591975, 0.355785, 0.443489
687970710162, 0.355478, 0.443125
691014828348, 0.355131, 0.442773
694058946535, 0.354791, 0.442405
697103064721, 0.354483, 0.442113
700147182908, 0.354155, 0.441772
703191301094, 0.353836, 0.441415
706235419281, 0.353445, 0.441040
709279537468, 0.353134, 0.440705
712323655654, 0.352815, 0.440368
715367773841, 0.352469, 0.440039
718411892027, 0.352161, 0.439708
721456010214, 0.351884, 0.439402
724500128400, 0.351547, 0.439040
727544246587, 0.351276, 0.438743
730588364773, 0.351021, 0.438449
733632482960, 0.350738, 0.438167
736676601147, 0.350434, 0.437853
739720719333, 0.350141, 0.437544
742764837520, 0.349815, 0.437174
745808955706, 0.349566, 0.436890
748853073893, 0.349272, 0.436548
751897192079, 0.348971, 0.436235
754941310266, 0.348638, 0.435919
757985428452, 0.348391, 0.435661
761029546639, 0.348154, 0.435378
764073664826, 0.347893, 0.435100
767117783012, 0.347605, 0.434815
770161901199, 0.347341, 0.434546
773206019385, 0.347071, 0.434239
776250137572, 0.346785, 0.433911
779294255758, 0.346512, 0.433635
782338373945, 0.346241, 0.433337
785382492131, 0.345931, 0.433057
788426610318, 0.345625, 0.432743
791470728505, 0.345347, 0.432485
794514846691, 0.345028, 0.432187
797558964878, 0.344779, 0.431891
800603083064, 0.344519, 0.431607
803647201251, 0.344263, 0.431353
806691319437, 0.343977, 0.431044
809735437624, 0.343731, 0.430794
812779555810, 0.343457, 0.430490
815823673997, 0.343194, 0.430249
818867792184, 0.342939, 0.429957
821911910370, 0.342714, 0.429712
824956028557, 0.342460, 0.429399
828000146743, 0.342215, 0.429147
831044264930, 0.341949, 0.428871
834088383116, 0.341722, 0.428639
837132501303, 0.341492, 0.428356
840176619490, 0.341281, 0.428115
843220737676, 0.341031, 0.427846
846264855863, 0.340757, 0.427583
849308974049, 0.340511, 0.427360
852353092236, 0.340235, 0.427080
855397210422, 0.340012, 0.426850
858441328609, 0.339813, 0.426620
861485446795, 0.339569, 0.426357
864529564982, 0.339322, 0.426118
867573683169, 0.339060, 0.425846
870617801355, 0.338837, 0.425616
873661919542, 0.338629, 0.425360
876706037728, 0.338410, 0.425102
879750155915, 0.338175, 0.424870
882794274101, 0.337955, 0.424629
885838392288, 0.337689, 0.424366
888882510474, 0.337459, 0.424099
891926628661, 0.337284, 0.423912
894970746848, 0.337056, 0.423676
898014865034, 0.336816, 0.423398
901058983221, 0.336615, 0.423187
904103101407, 0.336420, 0.422966
907147219594, 0.336181, 0.422695
910191337780, 0.335953, 0.422462
913235455967, 0.335752, 0.422246
916279574153, 0.335558, 0.422027
919323692340, 0.335339, 0.421783
922367810527, 0.335145, 0.421575
925411928713, 0.334951, 0.421359
928456046900, 0.334749, 0.421148
931500165086, 0.334539, 0.420945
934544283273, 0.334347, 0.420734
937588401459, 0.334131, 0.420491
940632519646, 0.333915, 0.420253
943676637832, 0.333728, 0.420055
946720756019, 0.333568, 0.419880
949764874206, 0.333376, 0.419703
952808992392, 0.333184, 0.419506
955853110579, 0.332966, 0.419291
958897228765, 0.332760, 0.419074
961941346952, 0.332582, 0.418923
964985465138, 0.332374, 0.418693
968029583325, 0.332186, 0.418498
971073701512, 0.332006, 0.418308
974117819698, 0.331801, 0.418102
977161937885, 0.331620, 0.417913
980206056071, 0.331451, 0.417740
983250174258, 0.331270, 0.417552
986294292444, 0.331067, 0.417318
989338410631, 0.330875, 0.417112
992382528817, 0.330679, 0.416926
995426647004, 0.330480, 0.416744
998470765191, 0.330300, 0.416542
1001514883377, 0.330163, 0.416367
1004559001564, 0.330005, 0.416166
1007603119750, 0.329827, 0.415979
1010647237937, 0.329664, 0.415817
1013691356123, 0.329518, 0.415664
1016735474310, 0.329360, 0.415500
1019779592496, 0.329201, 0.415329
1022823710683, 0.329050, 0.415191
1025867828870, 0.328847, 0.415009
1028911947056, 0.328689, 0.414823
1031956065243, 0.328533, 0.414667
1035000183429, 0.328357, 0.414459
1038044301616, 0.328207, 0.414319
1041088419802, 0.328012, 0.414126
1044132537989, 0.327880, 0.413988
1047176656175, 0.327720, 0.413809
1050220774362, 0.327585, 0.413671
1053264892549, 0.327442, 0.413496
1056309010735, 0.327303, 0.413342
1059353128922, 0.327125, 0.413198
1062397247108, 0.326958, 0.413038
1065441365295, 0.326785, 0.412865
1068485483481, 0.326662, 0.412740
1071529601668, 0.326469, 0.412547
1074573719854, 0.326306, 0.412376
1077617838041, 0.326135, 0.412214
1080661956228, 0.326003, 0.412079
1083706074414, 0.325823, 0.411927
1086750192601, 0.325684, 0.411792
1089794310787, 0.325498, 0.411610
1092838428974, 0.325380, 0.411459
1095882547160, 0.325275, 0.411338
1098926665347, 0.325126, 0.411170
1101970783533, 0.324974, 0.411032
1105014901720, 0.324847, 0.410902
1108059019907, 0.324690, 0.410736
1111103138093, 0.324577, 0.410594
1114147256280, 0.324481, 0.410491
1117191374466, 0.324337, 0.410335
1120235492653, 0.324181, 0.410158
1123279610839, 0.324047, 0.410020
1126323729026, 0.323920, 0.409877
1129367847213, 0.323785, 0.409722
1132411965399, 0.323623, 0.409582
1135456083586, 0.323474, 0.409422
1138500201772, 0.323345, 0.409306
1141544319959, 0.323229, 0.409183
1144588438145, 0.323114, 0.409043
1147632556332, 0.322970, 0.408885
1150676674518, 0.322839, 0.408745
1153720792705, 0.322724, 0.408627
1156764910892, 0.322597, 0.408495
1159809029078, 0.322472, 0.408377
1162853147265, 0.322335, 0.408213
1165897265451, 0.322203, 0.408062
1168941383638, 0.322062, 0.407906
1171985501824, 0.321925, 0.407748
1175029620011, 0.321771, 0.407569
1178073738197, 0.321633, 0.407420
1181117856384, 0.321489, 0.407258
1184161974571, 0.321374, 0.407133
1187206092757, 0.321258, 0.406993
1190250210944, 0.321122, 0.406853
1193294329130, 0.320995, 0.406695
1196338447317, 0.320860, 0.406570
1199382565503, 0.320746, 0.406430
1202426683690, 0.320623, 0.406298
1205470801876, 0.320493, 0.406180
1208514920063, 0.320367, 0.406051
1211559038250, 0.320235, 0.405913
1214603156436, 0.320132, 0.405795
1217647274623, 0.320041, 0.405674
1220691392809, 0.319930, 0.405560
1223735510996, 0.319798, 0.405431
1226779629182, 0.319686, 0.405309
1229823747369, 0.319566, 0.405206
1232867865555, 0.319443, 0.405094
1235911983742, 0.319341, 0.404984
1238956101929, 0.319228, 0.404851
1242000220115, 0.319108, 0.404730
1245044338302, 0.318997, 0.404599
1248088456488, 0.318885, 0.404470
1251132574675, 0.318779, 0.404360
1254176692861, 0.318659, 0.404242
1257220811048, 0.318530, 0.404115
1260264929235, 0.318415, 0.403977
1263309047421, 0.318286, 0.403852
1266353165608, 0.318183, 0.403725
1269397283794, 0.318080, 0.403637
1272441401981, 0.317979, 0.403523
1275485520167, 0.317880, 0.403383
1278529638354, 0.317777, 0.403285
1281573756540, 0.317674, 0.403201
1284617874727, 0.317581, 0.403112
1287661992914, 0.317471, 0.403007
1290706111100, 0.317355, 0.402869
1293750229287, 0.317266, 0.402788
1296794347473, 0.317164, 0.402658
1299838465660, 0.317051, 0.402551
1302882583846, 0.316974, 0.402435
1305926702033, 0.316878, 0.402334
1308970820219, 0.316778, 0.402218
1312014938406, 0.316675, 0.402120
1315059056593, 0.316578, 0.402030
1318103174779, 0.316485, 0.401916
1321147292966, 0.316406, 0.401819
1324191411152, 0.316312, 0.401717
1327235529339, 0.316183, 0.401603
1330279647525, 0.316077, 0.401478
1333323765712, 0.315986, 0.401384
1336367883898, 0.315898, 0.401287
1339412002085, 0.315788, 0.401176
1342456120272, 0.315675, 0.401055
1345500238458, 0.315579, 0.400967
1348544356645, 0.315495, 0.400873
1351588474831, 0.315396, 0.400757
1354632593018, 0.315327, 0.400665
1357676711204, 0.315219, 0.400551
1360720829391, 0.315143, 0.400459
1363764947577, 0.315035, 0.400341
1366809065764, 0.314932, 0.400229
1369853183951, 0.314826, 0.400102
1372897302137, 0.314725, 0.399997
1375941420324, 0.314632, 0.399910
1378985538510, 0.314541, 0.399820
1382029656697, 0.314437, 0.399721
1385073774883, 0.314361, 0.399651
1388117893070, 0.314267, 0.399577
1391162011257, 0.314200, 0.399487
1394206129443, 0.314124, 0.399401
1397250247630, 0.314054, 0.399309
1400294365816, 0.313972, 0.399235
1403338484003, 0.313891, 0.399132
1406382602189, 0.313807, 0.399025
1409426720376, 0.313721, 0.398946
1412470838562, 0.313665, 0.398878
1415514956749, 0.313577, 0.398793
1418559074936, 0.313479, 0.398683
1421603193122, 0.313395, 0.398584
1424647311309, 0.313323, 0.398510
1427691429495, 0.313248, 0.398427
1430735547682, 0.313181, 0.398350
1433779665868, 0.313093, 0.398252
1436823784055, 0.313023, 0.398160
1439867902241, 0.312958, 0.398072
1442912020428, 0.312870, 0.397987
1445956138615, 0.312790, 0.397888
1449000256801, 0.312721, 0.397824
1452044374988, 0.312632, 0.397730
1455088493174, 0.312546, 0.397662
1458132611361, 0.312472, 0.397586
1461176729547, 0.312378, 0.397485
1464220847734, 0.312304, 0.397408
1467264965920, 0.312200, 0.397299
1470309084107, 0.312126, 0.397222
1473353202294, 0.312043, 0.397119
1476397320480, 0.311963, 0.397025
1479441438667, 0.311875, 0.396935
1482485556853, 0.311790, 0.396845
1485529675040, 0.311706, 0.396756
1488573793226, 0.311632, 0.396679
1491617911413, 0.311567, 0.396600
1494662029599, 0.311501, 0.396537
1497706147786, 0.311441, 0.396460
1500750265973, 0.311357, 0.396399
1503794384159, 0.311263, 0.396304
1506838502346, 0.311191, 0.396239
1509882620532, 0.311124, 0.396153
1512926738719, 0.311055, 0.396099
1515970856905, 0.310963, 0.396018
1519014975092, 0.310896, 0.395963
1522059093279, 0.310820, 0.395882
1525103211465, 0.310752, 0.395794
1528147329652, 0.310661, 0.395715
1531191447838, 0.310580, 0.395625
1534235566025, 0.310520, 0.395562
1537279684211, 0.310433, 0.395470
1540323802398, 0.310357, 0.395387
1543367920584, 0.310283, 0.395310
1546412038771, 0.310210, 0.395205
1549456156958, 0.310144, 0.395122
1552500275144, 0.310100, 0.395063
1555544393331, 0.310012, 0.394977
1558588511517, 0.309969, 0.394940
1561632629704, 0.309911, 0.394870
1564676747890, 0.309836, 0.394791
1567720866077, 0.309764, 0.394710
1570764984263, 0.309705, 0.394653
1573809102450, 0.309616, 0.394563
1576853220637, 0.309535, 0.394480
1579897338823, 0.309467, 0.394395
1582941457010, 0.309414, 0.394322
1585985575196, 0.309362, 0.394257
1589029693383, 0.309302, 0.394202
1592073811569, 0.309257, 0.394145
1595117929756, 0.309182, 0.394053
1598162047942, 0.309110, 0.393963
1601206166129, 0.309057, 0.393897
1604250284316, 0.308983, 0.393825
1607294402502, 0.308925, 0.393770
1610338520689, 0.308878, 0.393705
1613382638875, 0.308827, 0.393641
1616426757062, 0.308786, 0.393595
1619470875248, 0.308720, 0.393538
1622514993435, 0.308638, 0.393435
1625559111621, 0.308587, 0.393372
1628603229808, 0.308542, 0.393324
1631647347995, 0.308482, 0.393267
1634691466181, 0.308419, 0.393177
1637735584368, 0.308372, 0.393129
1640779702554, 0.308292, 0.393048
1643823820741, 0.308240, 0.392991
1646867938927, 0.308183, 0.392929
1649912057114, 0.308130, 0.392842
1652956175300, 0.308062, 0.392758
1656000293487, 0.308007, 0.392699
1659044411674, 0.307945, 0.392618
1662088529860, 0.307885, 0.392563
1665132648047, 0.307835, 0.392498
1668176766233, 0.307772, 0.392443
1671220884420, 0.307717, 0.392375
1674265002606, 0.307652, 0.392309
1677309120793, 0.307585, 0.392239
1680353238980, 0.307537, 0.392185
1683397357166, 0.307473, 0.392123
1686441475353, 0.307415, 0.392066
1689485593539, 0.307362, 0.391992
1692529711726, 0.307297, 0.391928
1695573829912, 0.307252, 0.391878
1698617948099, 0.307214, 0.391836
1701662066285, 0.307158, 0.391782
1704706184472, 0.307101, 0.391736
1707750302659, 0.307041, 0.391679
1710794420845, 0.306974, 0.391595
1713838539032, 0.306933, 0.391560
1716882657218, 0.306869, 0.391510
1719926775405, 0.306833, 0.391479
1722970893591, 0.306763, 0.391405
1726015011778, 0.306698, 0.391346
1729059129964, 0.306648, 0.391293
1732103248151, 0.306602, 0.391238
1735147366338, 0.306535, 0.391179
1738191484524, 0.306480, 0.391116
1741235602711, 0.306423, 0.391048
1744279720897, 0.306365, 0.390987
1747323839084, 0.306320, 0.390945
1750367957270, 0.306281, 0.390912
1753412075457, 0.306240, 0.390884
1756456193643, 0.306187, 0.390833
1759500311830, 0.306140, 0.390778
1762544430017, 0.306101, 0.390724
1765588548203, 0.306060, 0.390671
1768632666390, 0.306017, 0.390636
1771676784576, 0.305986, 0.390603
1774720902763, 0.305933, 0.390548
1777765020949, 0.305868, 0.390494
1780809139136, 0.305809, 0.390443
1783853257322, 0.305756, 0.390391
1786897375509, 0.305727, 0.390356
1789941493696, 0.305701, 0.390310
1792985611882, 0.305639, 0.390240
1796029730069, 0.305593, 0.390185
1799073848255, 0.305555, 0.390148
1802117966442, 0.305509, 0.390104
1805162084628, 0.305459, 0.390049
1808206202815, 0.305416, 0.390016
1811250321002, 0.305370, 0.389953
1814294439188, 0.305336, 0.389911
1817338557375, 0.305293, 0.389863
1820382675561, 0.305258, 0.389819
1823426793748, 0.305210, 0.389764
1826470911934, 0.305169, 0.389721
1829515030121, 0.305130, 0.389688
1832559148307, 0.305097, 0.389637
1835603266494, 0.305046, 0.389578
1838647384681, 0.305005, 0.389543
1841691502867, 0.304965, 0.389493
1844735621054, 0.304924, 0.389453
1847779739240, 0.304881, 0.389405
1850823857427, 0.304840, 0.389379
1853867975613, 0.304795, 0.389333
1856912093800, 0.304751, 0.389287
1859956211986, 0.304716, 0.389237
1863000330173, 0.304679, 0.389184
1866044448360, 0.304631, 0.389134
1869088566546, 0.304586, 0.389088
1872132684733, 0.304548, 0.389061
1875176802919, 0.304511, 0.389017
1878220921106, 0.304466, 0.388969
1881265039292, 0.304440, 0.388932
1884309157479, 0.304385, 0.388877
1887353275665, 0.304346, 0.388836
1890397393852, 0.304296, 0.388794
1893441512039, 0.304260, 0.388752
1896485630225, 0.304222, 0.388706
1899529748412, 0.304176, 0.388654
1902573866598, 0.304159, 0.388632
1905617984785, 0.304123, 0.388579
1908662102971, 0.304097, 0.388533
1911706221158, 0.304070, 0.388498
1914750339344, 0.304025, 0.388452
1917794457531, 0.303984, 0.388400
1920838575718, 0.303938, 0.388345
1923882693904, 0.303895, 0.388303
1926926812091, 0.303871, 0.388275
1929970930277, 0.303838, 0.388242
1933015048464, 0.303793, 0.388183
1936059166650, 0.303759, 0.388139
1939103284837, 0.303720, 0.388095
1942147403024, 0.303680, 0.388049
1945191521210, 0.303653, 0.388014
1948235639397, 0.303610, 0.387979
1951279757583, 0.303579, 0.387940
1954323875770, 0.303545, 0.387898
1957367993956, 0.303505, 0.387865
1960412112143, 0.303459, 0.387819
1963456230329, 0.303433, 0.387787
1966500348516, 0.303402, 0.387745
1969544466703, 0.303363, 0.387701
1972588584889, 0.303339, 0.387673
1975632703076, 0.303303, 0.387622
1978676821262, 0.303275, 0.387592
1981720939449, 0.303226, 0.387539
1984765057635, 0.303203, 0.387508
1987809175822, 0.303164, 0.387469
1990853294008, 0.303138, 0.387430
1993897412195, 0.303107, 0.387388
1996941530382, 0.303063, 0.387340
1999985648568, 0.303023, 0.387303
2003029766755, 0.302987, 0.387259
2006073884941, 0.302944, 0.387213
2009118003128, 0.302893, 0.387162
2012162121314, 0.302864, 0.387119
2015206239501, 0.302843, 0.387092
2018250357687, 0.302819, 0.387066
2021294475874, 0.302785, 0.387024
2024338594061, 0.302749, 0.386989
2027382712247, 0.302721, 0.386959
2030426830434, 0.302694, 0.386926
2033470948620, 0.302651, 0.386880
2036515066807, 0.302627, 0.386845
2039559184993, 0.302572, 0.386816
2042603303180, 0.302538, 0.386781
2045647421366, 0.302508, 0.386735
2048691539553, 0.302472, 0.386698
2051735657740, 0.302448, 0.386661
2054779775926, 0.302418, 0.386624
2057823894113, 0.302390, 0.386604
2060868012299, 0.302351, 0.386551
2063912130486, 0.302313, 0.386510
2066956248672, 0.302287, 0.386470
2070000366859, 0.302256, 0.386433
2073044485045, 0.302231, 0.386391
2076088603232, 0.302210, 0.386361
2079132721419, 0.302176, 0.386323
2082176839605, 0.302121, 0.386262
2085220957792, 0.302093, 0.386234
2088265075978, 0.302064, 0.386205
2091309194165, 0.302032, 0.386159
2094353312351, 0.302001, 0.386124
2097397430538, 0.301975, 0.386094
2100441548725, 0.301942, 0.386058
2103485666911, 0.301917, 0.386028
2106529785098, 0.301891, 0.385999
2109573903284, 0.301862, 0.385964
2112618021471, 0.301831, 0.385934
2115662139657, 0.301802, 0.385914
2118706257844, 0.301779, 0.385894
2121750376030, 0.301750, 0.385874
2124794494217, 0.301731, 0.385846
2127838612404, 0.301709, 0.385815
2130882730590, 0.301683, 0.385787
2133926848777, 0.301658, 0.385761
2136970966963, 0.301620, 0.385723
2140015085150, 0.301589, 0.385684
2143059203336, 0.301560, 0.385662
2146103321523, 0.301543, 0.385636
2149147439709, 0.301517, 0.385599
2152191557896, 0.301495, 0.385572
2155235676083, 0.301462, 0.385537
2158279794269, 0.301431, 0.385507
2161323912456, 0.301411, 0.385489
2164368030642, 0.301387, 0.385461
2167412148829, 0.301359, 0.385436
2170456267015, 0.301349, 0.385423
2173500385202, 0.301313, 0.385384
2176544503388, 0.301289, 0.385362
2179588621575, 0.301254, 0.385334
2182632739762, 0.301229, 0.385298
2185676857948, 0.301186, 0.385252
2188720976135, 0.301160, 0.385222
2191765094321, 0.301131, 0.385185
2194809212508, 0.301110, 0.385160
2197853330694, 0.301098, 0.385136
2200897448881, 0.301069, 0.385110
2203941567067, 0.301031, 0.385075
2206985685254, 0.301011, 0.385044
2210029803441, 0.300989, 0.385022
2213073921627, 0.300966, 0.385003
2216118039814, 0.300940, 0.384983
2219162158000, 0.300908, 0.384944
2222206276187, 0.300886, 0.384915
2225250394373, 0.300851, 0.384865
2228294512560, 0.300819, 0.384825
2231338630747, 0.300790, 0.384784
2234382748933, 0.300776, 0.384762
2237426867120, 0.300755, 0.384729
2240470985306, 0.300735, 0.384707
2243515103493, 0.300709, 0.384681
2246559221679, 0.300681, 0.384652
2249603339866, 0.300661, 0.384628
2252647458052, 0.300652, 0.384611
2255691576239, 0.300625, 0.384576
2258735694426, 0.300599, 0.384554
2261779812612, 0.300587, 0.384534
2264823930799, 0.300565, 0.384506
2267868048985, 0.300546, 0.384497
2270912167172, 0.300512, 0.384464
2273956285358, 0.300493, 0.384449
2277000403545, 0.300469, 0.384427
2280044521731, 0.300443, 0.384396
2283088639918, 0.300410, 0.384357
2286132758105, 0.300393, 0.384339
2289176876291, 0.300367, 0.384317
2292220994478, 0.300343, 0.384287
2295265112664, 0.300321, 0.384258
2298309230851, 0.300299, 0.384234
2301353349037, 0.300278, 0.384197
2304397467224, 0.300261, 0.384173
2307441585410, 0.300251, 0.384157
2310485703597, 0.300230, 0.384135
2313529821784, 0.300206, 0.384124
2316573939970, 0.300184, 0.384105
2319618058157, 0.300155, 0.384081
2322662176343, 0.300132, 0.384054
2325706294530, 0.300103, 0.384024
2328750412716, 0.300093, 0.384008
2331794530903, 0.300079, 0.383993
2334838649089, 0.300067, 0.383973
2337882767276, 0.300031, 0.383947
2340926885463, 0.300012, 0.383934
2343971003649, 0.299995, 0.383905
2347015121836, 0.299971, 0.383892
2350059240022, 0.299952, 0.383870
2353103358209, 0.299939, 0.383846
2356147476395, 0.299927, 0.383835
2359191594582, 0.299913, 0.383813
2362235712769, 0.299896, 0.383794
2365279830955, 0.299879, 0.383770
2368323949142, 0.299861, 0.383739
2371368067328, 0.299849, 0.383724
2374412185515, 0.299829, 0.383711
2377456303701, 0.299819, 0.383700
2380500421888, 0.299808, 0.383678
2383544540074, 0.299796, 0.383662
2386588658261, 0.299781, 0.383636
2389632776448, 0.299755, 0.383605
2392676894634, 0.299740, 0.383575
2395721012821, 0.299722, 0.383559
2398765131007, 0.299705, 0.383542
2401809249194, 0.299685, 0.383518
2404853367380, 0.299669, 0.383498
2407897485567, 0.299645, 0.383474
2410941603753, 0.299625, 0.383461
2413985721940, 0.299611, 0.383441
2417029840127, 0.299594, 0.383426
2420073958313, 0.299578, 0.383400
2423118076500, 0.299561, 0.383380
2426162194686, 0.299544, 0.383349
2429206312873, 0.299535, 0.383332
2432250431059, 0.299527, 0.383318
2435294549246, 0.299508, 0.383301
2438338667432, 0.299491, 0.383277
2441382785619, 0.299474, 0.383262
2444426903806, 0.299453, 0.383237
2447471021992, 0.299445, 0.383220
2450515140179, 0.299426, 0.383200
2453559258365, 0.299412, 0.383191
2456603376552, 0.299405, 0.383178
2459647494738, 0.299393, 0.383167
2462691612925, 0.299383, 0.383154
2465735731111, 0.299360, 0.383135
2468779849298, 0.299347, 0.383119
2471823967485, 0.299333, 0.383110
2474868085671, 0.299323, 0.383097
2477912203858, 0.299312, 0.383082
2480956322044, 0.299300, 0.383064
2484000440231, 0.299294, 0.383053
2487044558417, 0.299278, 0.383027
2490088676604, 0.299264, 0.383005
2493132794791, 0.299254, 0.382992
2496176912977, 0.299246, 0.382979
2499221031164, 0.299237, 0.382968
2502265149350, 0.299216, 0.382955
2505309267537, 0.299204, 0.382946
2508353385723, 0.299189, 0.382929
2511397503910, 0.299185, 0.382920
2514441622096, 0.299172, 0.382902
2517485740283, 0.299160, 0.382880
2520529858470, 0.299151, 0.382872
2523573976656, 0.299143, 0.382867
2526618094843, 0.299125, 0.382854
2529662213029, 0.299120, 0.382850
2532706331216, 0.299105, 0.382832
2535750449402, 0.299095, 0.382815
2538794567589, 0.299081, 0.382791
2541838685775, 0.299072, 0.382780
2544882803962, 0.299057, 0.382758
2547926922149, 0.299045, 0.382745
2550971040335, 0.299038, 0.382736
2554015158522, 0.299024, 0.382718
2557059276708, 0.299002, 0.382705
2560103394895, 0.298992, 0.382690
2563147513081, 0.298978, 0.382677
2566191631268, 0.298969, 0.382666
2569235749454, 0.298956, 0.382653
2572279867641, 0.298944, 0.382626
2575323985828, 0.298937, 0.382613
2578368104014, 0.298937, 0.382607
2581412222201, 0.298925, 0.382600
2584456340387, 0.298913, 0.382580
2587500458574, 0.298902, 0.382572
2590544576760, 0.298897, 0.382561
2593588694947, 0.298885, 0.382545
2596632813133, 0.298870, 0.382530
2599676931320, 0.298865, 0.382526
2602721049507, 0.298851, 0.382517
2605765167693, 0.298848, 0.382512
2608809285880, 0.298841, 0.382508
2611853404066, 0.298825, 0.382497
2614897522253, 0.298815, 0.382484
2617941640439, 0.298805, 0.382469
2620985758626, 0.298796, 0.382462
2624029876812, 0.298786, 0.382451
2627073994999, 0.298781, 0.382449
2630118113186, 0.298767, 0.382436
2633162231372, 0.298753, 0.382427
2636206349559, 0.298738, 0.382407
2639250467745, 0.298726, 0.382399
2642294585932, 0.298715, 0.382394
2645338704118, 0.298705, 0.382381
2648382822305, 0.298697, 0.382372
2651426940492, 0.298686, 0.382359
2654471058678, 0.298681, 0.382350
2657515176865, 0.298676, 0.382346
2660559295051, 0.298669, 0.382337
2663603413238, 0.298662, 0.382326
2666647531424, 0.298654, 0.382322
2669691649611, 0.298649, 0.382315
2672735767797, 0.298645, 0.382313
2675779885984, 0.298638, 0.382307
2678824004171, 0.298626, 0.382293
2681868122357, 0.298619, 0.382287
2684912240544, 0.298614, 0.382272
2687956358730, 0.298590, 0.382247
2691000476917, 0.298583, 0.382234
2694044595103, 0.298580, 0.382232
2697088713290, 0.298571, 0.382223
2700132831476, 0.298566, 0.382223
2703176949663, 0.298561, 0.382219
2706221067850, 0.298552, 0.382208
2709265186036, 0.298542, 0.382195
2712309304223, 0.298537, 0.382184
2715353422409, 0.298527, 0.382180
2718397540596, 0.298523, 0.382175
2721441658782, 0.298515, 0.382169
2724485776969, 0.298511, 0.382166
2727529895155, 0.298506, 0.382158
2730574013342, 0.298499, 0.382142
2733618131529, 0.298496, 0.382136
2736662249715, 0.298486, 0.382127
2739706367902, 0.298475, 0.382116
2742750486088, 0.298470, 0.382105
2745794604275, 0.298467, 0.382096
2748838722461, 0.298467, 0.382090
2751882840648, 0.298460, 0.382083
2754926958834, 0.298460, 0.382079
2757971077021, 0.298453, 0.382070
2761015195208, 0.298448, 0.382066
2764059313394, 0.298446, 0.382059
2767103431581, 0.298439, 0.382055
2770147549767, 0.298431, 0.382044
2773191667954, 0.298424, 0.382039
2776235786140, 0.298420, 0.382037
2779279904327, 0.298417, 0.382028
2782324022514, 0.298415, 0.382026
2785368140700, 0.298413, 0.382024
2788412258887, 0.298407, 0.382015
2791456377073, 0.298403, 0.382013
2794500495260, 0.298398, 0.382013
2797544613446, 0.298393, 0.382011
2800588731633, 0.298389, 0.382011
2803632849819, 0.298386, 0.382007
2806676968006, 0.298381, 0.382004
2809721086193, 0.298371, 0.381998
2812765204379, 0.298360, 0.381985
2815809322566, 0.298347, 0.381976
2818853440752, 0.298340, 0.381969
2821897558939, 0.298333, 0.381965
2824941677125, 0.298333, 0.381963
2827985795312, 0.298324, 0.381952
2831029913498, 0.298319, 0.381952
2834074031685, 0.298317, 0.381945
2837118149872, 0.298312, 0.381934
2840162268058, 0.298302, 0.381930
2843206386245, 0.298299, 0.381923
2846250504431, 0.298295, 0.381921
2849294622618, 0.298293, 0.381919
2852338740804, 0.298285, 0.381915
2855382858991, 0.298281, 0.381912
2858426977177, 0.298278, 0.381910
2861471095364, 0.298271, 0.381908
2864515213551, 0.298271, 0.381908
2867559331737, 0.298268, 0.381906
2870603449924, 0.298266, 0.381904
2873647568110, 0.298263, 0.381904
2876691686297, 0.298256, 0.381899
2879735804483, 0.298252, 0.381897
2882779922670, 0.298249, 0.381895
2885824040856, 0.298247, 0.381893
2888868159043, 0.298240, 0.381886
2891912277230, 0.298238, 0.381886
2894956395416, 0.298235, 0.381882
2898000513603, 0.298235, 0.381882
2901044631789, 0.298230, 0.381875
2904088749976, 0.298226, 0.381873
2907132868162, 0.298225, 0.381873
2910176986349, 0.298223, 0.381869
2913221104536, 0.298220, 0.381862
2916265222722, 0.298220, 0.381860
2919309340909, 0.298216, 0.381855
2922353459095, 0.298214, 0.381855
2925397577282, 0.298209, 0.381844
2928441695468, 0.298209, 0.381842
2931485813655, 0.298209, 0.381842
2934529931841, 0.298204, 0.381831
2937574050028, 0.298201, 0.381827
2940618168215, 0.298199, 0.381825
2943662286401, 0.298197, 0.381825
2946706404588, 0.298196, 0.381820
2949750522774, 0.298192, 0.381818
2952794640961, 0.298192, 0.381818
2955838759147, 0.298190, 0.381818
2958882877334, 0.298190, 0.381818
2961926995520, 0.298189, 0.381816
2964971113707, 0.298187, 0.381814
2968015231894, 0.298184, 0.381812
2971059350080, 0.298182, 0.381809
2974103468267, 0.298180, 0.381807
2977147586453, 0.298180, 0.381807
2980191704640, 0.298178, 0.381801
2983235822826, 0.298178, 0.381801
2986279941013, 0.298177, 0.381798
2989324059199, 0.298177, 0.381798
2992368177386, 0.298177, 0.381798
2995412295573, 0.298177, 0.381798
2998456413759, 0.298173, 0.381796
3001500531946, 0.298173, 0.381796
3004544650132, 0.298173, 0.381796
3007588768319, 0.298173, 0.381796
3010632886505, 0.298173, 0.381796
3013677004692, 0.298173, 0.381796
3016721122878, 0.298173, 0.381796
3019765241065, 0.298173, 0.381796
3022809359252, 0.298173, 0.381796
3025853477438, 0.298173, 0.381796
3028897595625, 0.298173, 0.381796
3031941713811, 0.298173, 0.381796
3034985831998, 0.298173, 0.381796
3038029950184, 0.298173, 0.381796
3041074068371, 0.298173, 0.381796
3044118186558, 0.298173, 0.381796
Time used: 64633 ms
