logging to /opt/flows_res_1000/2016020400-2016020500_unique/tenant_5_profile_res-FIX_RATE-FLOWS-0.01.csvtracefile: /data1/tenant_trace/2016020400-2016020500_unique/tenant_5_trace
open file /data1/tenant_trace/2016020400-2016020500_unique/tenant_5_trace
read 1000000 lines
read 2000000 lines
read 3000000 lines
read 4000000 lines
read 5000000 lines
read 6000000 lines
read 7000000 lines
read 8000000 lines
read 9000000 lines
read 10000000 lines
read 11000000 lines
read 12000000 lines
read 13000000 lines
read 14000000 lines
read 15000000 lines
read 16000000 lines
read 17000000 lines
read 18000000 lines
read 19000000 lines
read 20000000 lines
read 21000000 lines
read 22000000 lines
read 23000000 lines
read 24000000 lines
read 25000000 lines
read 26000000 lines
read 27000000 lines
read 28000000 lines
read 29000000 lines
read 30000000 lines
read 31000000 lines
read 32000000 lines
read 33000000 lines
read 34000000 lines
read 35000000 lines
read 36000000 lines
read 37000000 lines
read 38000000 lines
read 39000000 lines
read 40000000 lines
read 41000000 lines
read 42000000 lines
read 43000000 lines
read 44000000 lines
read 45000000 lines
read 46000000 lines
read 47000000 lines
read 48000000 lines
read 49000000 lines
read 50000000 lines
read 51000000 lines
read 52000000 lines
read 53000000 lines
read 54000000 lines
read 55000000 lines
read 56000000 lines
read 57000000 lines
read 58000000 lines
read 59000000 lines
read 60000000 lines
read 61000000 lines
read 62000000 lines
read 63000000 lines
read 64000000 lines
read 65000000 lines
read 66000000 lines
read 67000000 lines
read 68000000 lines
read 69000000 lines
read 70000000 lines
read 71000000 lines
read 72000000 lines
read 73000000 lines
read 74000000 lines
read 75000000 lines
read 76000000 lines
read 77000000 lines
read 78000000 lines
read 79000000 lines
read 80000000 lines
read 81000000 lines
read 82000000 lines
read 83000000 lines
read 84000000 lines
read 85000000 lines
read 86000000 lines
read 87000000 lines
read 88000000 lines
read 89000000 lines
read 90000000 lines
read 91000000 lines
read 92000000 lines
read 93000000 lines
read 94000000 lines
read 95000000 lines
read 96000000 lines
read 97000000 lines
read 98000000 lines
read 99000000 lines
read 100000000 lines
read 101000000 lines
read 102000000 lines
read 103000000 lines
read 104000000 lines
read 105000000 lines
read 106000000 lines
read 107000000 lines
read 108000000 lines
read 109000000 lines
read 110000000 lines
read 111000000 lines
read 112000000 lines
read 113000000 lines
read 114000000 lines
read 115000000 lines
read 116000000 lines
read 117000000 lines
read 118000000 lines
read 119000000 lines
read 120000000 lines
read 121000000 lines
read 122000000 lines
read 123000000 lines
read 124000000 lines
read 125000000 lines
read 126000000 lines
read 127000000 lines
read 128000000 lines
read 129000000 lines
read 130000000 lines
read 131000000 lines
read 132000000 lines
read 133000000 lines
read 134000000 lines
read 135000000 lines
read 136000000 lines
read 137000000 lines
read 138000000 lines
read 139000000 lines
read 140000000 lines
read 141000000 lines
read 142000000 lines
read 143000000 lines
read 144000000 lines
read 145000000 lines
read 146000000 lines
read 147000000 lines
read 148000000 lines
read 149000000 lines
read 150000000 lines
read 151000000 lines
read 152000000 lines
read 153000000 lines
read 154000000 lines
read 155000000 lines
read 156000000 lines
read 157000000 lines
read 158000000 lines
[FILE]: /data1/tenant_trace/2016020400-2016020500_unique/tenant_5_trace
total_access_num: 158749446
total_access_size: 6439079169233
unique_access_num: 44976363
unique_access_size: 1822909202535
min_item_size: 1
[method]: FLOWS
[metric]: MAE
[seed]: 42
[sample_method]: FIX_RATE
[sample_metric]: 0.01
MAEQ_factor: 1.028663
cache_size, BMRC_ratio, OMRC_ratio
1822909202, 0.860692, 0.880498
3645818405, 0.826622, 0.843436
5468727607, 0.801801, 0.816328
7291636810, 0.781198, 0.794002
9114546012, 0.763596, 0.775075
10937455215, 0.748021, 0.758308
12760364417, 0.733889, 0.743273
14583273620, 0.721019, 0.729532
16406182822, 0.709331, 0.717105
18229092025, 0.698475, 0.705722
20052001227, 0.688011, 0.694855
21874910430, 0.678503, 0.685178
23697819632, 0.669378, 0.675629
25520728835, 0.660711, 0.666667
27343638038, 0.652432, 0.658223
29166547240, 0.644639, 0.650240
30989456443, 0.637253, 0.642624
32812365645, 0.630016, 0.635225
34635274848, 0.623103, 0.628192
36458184050, 0.616588, 0.621469
38281093253, 0.610406, 0.615137
40104002455, 0.604267, 0.608909
41926911658, 0.598517, 0.602955
43749820860, 0.593008, 0.597354
45572730063, 0.587673, 0.591903
47395639265, 0.582608, 0.586757
49218548468, 0.577513, 0.581610
51041457670, 0.572663, 0.576699
52864366873, 0.568051, 0.571968
54687276076, 0.563567, 0.567499
56510185278, 0.559146, 0.562976
58333094481, 0.554846, 0.558609
60156003683, 0.550900, 0.554576
61978912886, 0.547020, 0.550576
63801822088, 0.543153, 0.546669
65624731291, 0.539406, 0.542960
67447640493, 0.535819, 0.539271
69270549696, 0.532246, 0.535650
71093458898, 0.528742, 0.532088
72916368101, 0.525384, 0.528773
74739277303, 0.522088, 0.525488
76562186506, 0.518998, 0.522271
78385095709, 0.515911, 0.519175
80208004911, 0.512938, 0.516145
82030914114, 0.509940, 0.513102
83853823316, 0.507100, 0.510224
85676732519, 0.504183, 0.507292
87499641721, 0.501411, 0.504565
89322550924, 0.498665, 0.501773
91145460126, 0.496079, 0.499098
92968369329, 0.493499, 0.496494
94791278531, 0.490945, 0.493988
96614187734, 0.488517, 0.491546
98437096936, 0.486030, 0.489132
100260006139, 0.483569, 0.486683
102082915341, 0.481195, 0.484342
103905824544, 0.478885, 0.482059
105728733747, 0.476573, 0.479752
107551642949, 0.474305, 0.477468
109374552152, 0.472163, 0.475335
111197461354, 0.470075, 0.473255
113020370557, 0.468049, 0.471190
114843279759, 0.466105, 0.469214
116666188962, 0.464100, 0.467195
118489098164, 0.462252, 0.465343
120312007367, 0.460255, 0.463378
122134916569, 0.458333, 0.461443
123957825772, 0.456458, 0.459559
125780734974, 0.454730, 0.457827
127603644177, 0.452886, 0.455989
129426553379, 0.451092, 0.454232
131249462582, 0.449426, 0.452542
133072371785, 0.447782, 0.450928
134895280987, 0.446118, 0.449254
136718190190, 0.444525, 0.447571
138541099392, 0.442959, 0.445956
140364008595, 0.441400, 0.444398
142186917797, 0.439868, 0.442855
144009827000, 0.438421, 0.441374
145832736202, 0.436923, 0.439876
147655645405, 0.435445, 0.438378
149478554607, 0.434035, 0.436907
151301463810, 0.432619, 0.435516
153124373012, 0.431198, 0.434090
154947282215, 0.429799, 0.432672
156770191418, 0.428412, 0.431273
158593100620, 0.427002, 0.429896
160416009823, 0.425630, 0.428522
162238919025, 0.424373, 0.427252
164061828228, 0.423111, 0.425964
165884737430, 0.421871, 0.424679
167707646633, 0.420634, 0.423474
169530555835, 0.419365, 0.422162
171353465038, 0.418143, 0.420939
173176374240, 0.416948, 0.419743
174999283443, 0.415765, 0.418574
176822192645, 0.414636, 0.417449
178645101848, 0.413494, 0.416280
180468011050, 0.412360, 0.415147
182290920253, 0.411249, 0.414034
184113829456, 0.410222, 0.412965
185936738658, 0.409108, 0.411830
187759647861, 0.407968, 0.410674
189582557063, 0.406836, 0.409584
191405466266, 0.405719, 0.408542
193228375468, 0.404677, 0.407510
195051284671, 0.403651, 0.406463
196874193873, 0.402607, 0.405460
198697103076, 0.401595, 0.404480
200520012278, 0.400604, 0.403497
202342921481, 0.399650, 0.402565
204165830683, 0.398631, 0.401561
205988739886, 0.397690, 0.400611
207811649088, 0.396713, 0.399674
209634558291, 0.395768, 0.398713
211457467494, 0.394869, 0.397783
213280376696, 0.393994, 0.396917
215103285899, 0.393128, 0.396025
216926195101, 0.392251, 0.395164
218749104304, 0.391416, 0.394347
220572013506, 0.390547, 0.393464
222394922709, 0.389699, 0.392651
224217831911, 0.388838, 0.391787
226040741114, 0.388019, 0.390941
227863650316, 0.387243, 0.390157
229686559519, 0.386392, 0.389343
231509468721, 0.385561, 0.388505
233332377924, 0.384842, 0.387741
235155287127, 0.384065, 0.386941
236978196329, 0.383310, 0.386172
238801105532, 0.382556, 0.385400
240624014734, 0.381798, 0.384625
242446923937, 0.381059, 0.383874
244269833139, 0.380326, 0.383150
246092742342, 0.379584, 0.382416
247915651544, 0.378856, 0.381702
249738560747, 0.378152, 0.381019
251561469949, 0.377456, 0.380319
253384379152, 0.376818, 0.379654
255207288354, 0.376090, 0.378952
257030197557, 0.375476, 0.378358
258853106759, 0.374811, 0.377713
260676015962, 0.374121, 0.377047
262498925165, 0.373517, 0.376425
264321834367, 0.372932, 0.375867
266144743570, 0.372286, 0.375190
267967652772, 0.371636, 0.374552
269790561975, 0.370973, 0.373853
271613471177, 0.370356, 0.373245
273436380380, 0.369747, 0.372624
275259289582, 0.369168, 0.372052
277082198785, 0.368557, 0.371431
278905107987, 0.367938, 0.370802
280728017190, 0.367358, 0.370239
282550926392, 0.366748, 0.369616
284373835595, 0.366153, 0.369000
286196744797, 0.365572, 0.368425
288019654000, 0.364986, 0.367863
289842563203, 0.364385, 0.367247
291665472405, 0.363789, 0.366632
293488381608, 0.363280, 0.366109
295311290810, 0.362753, 0.365570
297134200013, 0.362186, 0.365026
298957109215, 0.361612, 0.364465
300780018418, 0.361051, 0.363878
302602927620, 0.360555, 0.363356
304425836823, 0.360043, 0.362833
306248746025, 0.359502, 0.362321
308071655228, 0.358957, 0.361776
309894564430, 0.358469, 0.361295
311717473633, 0.357936, 0.360763
313540382836, 0.357496, 0.360302
315363292038, 0.356987, 0.359798
317186201241, 0.356471, 0.359281
319009110443, 0.355928, 0.358765
320832019646, 0.355426, 0.358235
322654928848, 0.354988, 0.357793
324477838051, 0.354508, 0.357332
326300747253, 0.354018, 0.356865
328123656456, 0.353544, 0.356392
329946565658, 0.353064, 0.355923
331769474861, 0.352645, 0.355491
333592384063, 0.352159, 0.355017
335415293266, 0.351705, 0.354547
337238202468, 0.351235, 0.354101
339061111671, 0.350797, 0.353630
340884020874, 0.350331, 0.353168
342706930076, 0.349902, 0.352739
344529839279, 0.349442, 0.352285
346352748481, 0.348964, 0.351814
348175657684, 0.348521, 0.351368
349998566886, 0.348135, 0.350971
351821476089, 0.347749, 0.350590
353644385291, 0.347310, 0.350145
355467294494, 0.346939, 0.349769
357290203696, 0.346540, 0.349376
359113112899, 0.346137, 0.348973
360936022101, 0.345690, 0.348562
362758931304, 0.345315, 0.348191
364581840507, 0.344928, 0.347787
366404749709, 0.344537, 0.347389
368227658912, 0.344129, 0.346962
370050568114, 0.343720, 0.346549
371873477317, 0.343324, 0.346148
373696386519, 0.342974, 0.345771
375519295722, 0.342614, 0.345388
377342204924, 0.342222, 0.344999
379165114127, 0.341884, 0.344664
380988023329, 0.341547, 0.344322
382810932532, 0.341188, 0.343977
384633841734, 0.340861, 0.343675
386456750937, 0.340541, 0.343339
388279660139, 0.340187, 0.342972
390102569342, 0.339813, 0.342600
391925478545, 0.339457, 0.342251
393748387747, 0.339129, 0.341905
395571296950, 0.338784, 0.341575
397394206152, 0.338469, 0.341243
399217115355, 0.338140, 0.340912
401040024557, 0.337826, 0.340581
402862933760, 0.337492, 0.340239
404685842962, 0.337136, 0.339893
406508752165, 0.336795, 0.339568
408331661367, 0.336506, 0.339267
410154570570, 0.336190, 0.338914
411977479772, 0.335883, 0.338603
413800388975, 0.335581, 0.338303
415623298177, 0.335260, 0.337967
417446207380, 0.334941, 0.337660
419269116583, 0.334632, 0.337343
421092025785, 0.334320, 0.337023
422914934988, 0.334020, 0.336727
424737844190, 0.333703, 0.336396
426560753393, 0.333414, 0.336084
428383662595, 0.333082, 0.335748
430206571798, 0.332818, 0.335453
432029481000, 0.332533, 0.335165
433852390203, 0.332244, 0.334877
435675299405, 0.331972, 0.334593
437498208608, 0.331707, 0.334293
439321117810, 0.331420, 0.334021
441144027013, 0.331127, 0.333737
442966936216, 0.330835, 0.333446
444789845418, 0.330495, 0.333126
446612754621, 0.330180, 0.332821
448435663823, 0.329930, 0.332566
450258573026, 0.329664, 0.332259
452081482228, 0.329396, 0.331985
453904391431, 0.329137, 0.331713
455727300633, 0.328910, 0.331468
457550209836, 0.328637, 0.331202
459373119038, 0.328350, 0.330918
461196028241, 0.328094, 0.330666
463018937443, 0.327821, 0.330405
464841846646, 0.327577, 0.330155
466664755848, 0.327305, 0.329887
468487665051, 0.327070, 0.329653
470310574254, 0.326805, 0.329397
472133483456, 0.326535, 0.329136
473956392659, 0.326279, 0.328899
475779301861, 0.326046, 0.328649
477602211064, 0.325795, 0.328389
479425120266, 0.325580, 0.328146
481248029469, 0.325315, 0.327895
483070938671, 0.325066, 0.327611
484893847874, 0.324810, 0.327356
486716757076, 0.324549, 0.327090
488539666279, 0.324322, 0.326872
490362575481, 0.324082, 0.326630
492185484684, 0.323851, 0.326382
494008393886, 0.323615, 0.326135
495831303089, 0.323371, 0.325863
497654212292, 0.323129, 0.325615
499477121494, 0.322892, 0.325386
501300030697, 0.322640, 0.325132
503122939899, 0.322450, 0.324940
504945849102, 0.322214, 0.324698
506768758304, 0.321991, 0.324465
508591667507, 0.321767, 0.324247
510414576709, 0.321540, 0.324006
512237485912, 0.321317, 0.323762
514060395114, 0.321098, 0.323563
515883304317, 0.320866, 0.323336
517706213519, 0.320672, 0.323143
519529122722, 0.320446, 0.322905
521352031925, 0.320235, 0.322683
523174941127, 0.319981, 0.322444
524997850330, 0.319744, 0.322197
526820759532, 0.319506, 0.321953
528643668735, 0.319280, 0.321720
530466577937, 0.319083, 0.321509
532289487140, 0.318862, 0.321282
534112396342, 0.318626, 0.321062
535935305545, 0.318411, 0.320849
537758214747, 0.318219, 0.320663
539581123950, 0.318020, 0.320467
541404033152, 0.317827, 0.320252
543226942355, 0.317617, 0.320041
545049851557, 0.317454, 0.319847
546872760760, 0.317238, 0.319626
548695669963, 0.317059, 0.319440
550518579165, 0.316879, 0.319252
552341488368, 0.316669, 0.319016
554164397570, 0.316467, 0.318806
555987306773, 0.316305, 0.318635
557810215975, 0.316102, 0.318430
559633125178, 0.315895, 0.318211
561456034380, 0.315715, 0.318031
563278943583, 0.315528, 0.317851
565101852785, 0.315348, 0.317660
566924761988, 0.315178, 0.317476
568747671190, 0.314972, 0.317291
570570580393, 0.314769, 0.317081
572393489595, 0.314607, 0.316914
574216398798, 0.314413, 0.316713
576039308001, 0.314237, 0.316524
577862217203, 0.314062, 0.316353
579685126406, 0.313889, 0.316175
581508035608, 0.313726, 0.316002
583330944811, 0.313543, 0.315834
585153854013, 0.313386, 0.315669
586976763216, 0.313225, 0.315507
588799672418, 0.313067, 0.315340
590622581621, 0.312921, 0.315187
592445490823, 0.312740, 0.315010
594268400026, 0.312554, 0.314814
596091309228, 0.312393, 0.314651
597914218431, 0.312249, 0.314482
599737127634, 0.312087, 0.314309
601560036836, 0.311931, 0.314154
603382946039, 0.311762, 0.313978
605205855241, 0.311597, 0.313805
607028764444, 0.311428, 0.313654
608851673646, 0.311266, 0.313473
610674582849, 0.311103, 0.313309
612497492051, 0.310930, 0.313143
614320401254, 0.310767, 0.312965
616143310456, 0.310633, 0.312828
617966219659, 0.310460, 0.312654
619789128861, 0.310304, 0.312491
621612038064, 0.310149, 0.312331
623434947266, 0.310017, 0.312188
625257856469, 0.309871, 0.312034
627080765672, 0.309707, 0.311878
628903674874, 0.309558, 0.311718
630726584077, 0.309432, 0.311582
632549493279, 0.309291, 0.311423
634372402482, 0.309138, 0.311275
636195311684, 0.308995, 0.311122
638018220887, 0.308846, 0.310972
639841130089, 0.308722, 0.310831
641664039292, 0.308578, 0.310682
643486948494, 0.308422, 0.310527
645309857697, 0.308258, 0.310375
647132766899, 0.308121, 0.310257
648955676102, 0.307979, 0.310100
650778585304, 0.307844, 0.309960
652601494507, 0.307707, 0.309817
654424403710, 0.307558, 0.309667
656247312912, 0.307416, 0.309528
658070222115, 0.307270, 0.309379
659893131317, 0.307151, 0.309265
661716040520, 0.307023, 0.309139
663538949722, 0.306891, 0.308998
665361858925, 0.306759, 0.308853
667184768127, 0.306638, 0.308715
669007677330, 0.306506, 0.308578
670830586532, 0.306391, 0.308461
672653495735, 0.306253, 0.308315
674476404937, 0.306133, 0.308184
676299314140, 0.306015, 0.308055
678122223343, 0.305898, 0.307937
679945132545, 0.305776, 0.307811
681768041748, 0.305647, 0.307666
683590950950, 0.305527, 0.307535
685413860153, 0.305401, 0.307404
687236769355, 0.305296, 0.307297
689059678558, 0.305167, 0.307166
690882587760, 0.305055, 0.307055
692705496963, 0.304937, 0.306937
694528406165, 0.304842, 0.306850
696351315368, 0.304730, 0.306716
698174224570, 0.304603, 0.306598
699997133773, 0.304503, 0.306478
701820042975, 0.304391, 0.306367
703642952178, 0.304270, 0.306230
705465861381, 0.304161, 0.306113
707288770583, 0.304032, 0.305966
709111679786, 0.303932, 0.305847
710934588988, 0.303831, 0.305728
712757498191, 0.303730, 0.305616
714580407393, 0.303627, 0.305504
716403316596, 0.303512, 0.305389
718226225798, 0.303409, 0.305280
720049135001, 0.303300, 0.305164
721872044203, 0.303185, 0.305042
723694953406, 0.303078, 0.304917
725517862608, 0.302971, 0.304802
727340771811, 0.302865, 0.304696
729163681014, 0.302773, 0.304608
730986590216, 0.302674, 0.304496
732809499419, 0.302539, 0.304364
734632408621, 0.302445, 0.304262
736455317824, 0.302353, 0.304155
738278227026, 0.302236, 0.304040
740101136229, 0.302123, 0.303917
741924045431, 0.302028, 0.303821
743746954634, 0.301902, 0.303699
745569863836, 0.301807, 0.303597
747392773039, 0.301708, 0.303481
749215682241, 0.301599, 0.303364
751038591444, 0.301512, 0.303274
752861500646, 0.301420, 0.303181
754684409849, 0.301316, 0.303065
756507319052, 0.301235, 0.302977
758330228254, 0.301149, 0.302876
760153137457, 0.301054, 0.302771
761976046659, 0.300951, 0.302672
763798955862, 0.300857, 0.302584
765621865064, 0.300767, 0.302485
767444774267, 0.300682, 0.302396
769267683469, 0.300601, 0.302305
771090592672, 0.300496, 0.302205
772913501874, 0.300399, 0.302105
774736411077, 0.300317, 0.302014
776559320279, 0.300244, 0.301934
778382229482, 0.300147, 0.301839
780205138684, 0.300076, 0.301765
782028047887, 0.300006, 0.301688
783850957090, 0.299901, 0.301601
785673866292, 0.299794, 0.301481
787496775495, 0.299701, 0.301392
789319684697, 0.299606, 0.301297
791142593900, 0.299492, 0.301188
792965503102, 0.299393, 0.301090
794788412305, 0.299303, 0.301001
796611321507, 0.299231, 0.300922
798434230710, 0.299162, 0.300862
800257139912, 0.299065, 0.300762
802080049115, 0.298979, 0.300669
803902958317, 0.298890, 0.300586
805725867520, 0.298807, 0.300506
807548776723, 0.298703, 0.300402
809371685925, 0.298609, 0.300308
811194595128, 0.298527, 0.300220
813017504330, 0.298442, 0.300132
814840413533, 0.298365, 0.300051
816663322735, 0.298278, 0.299956
818486231938, 0.298202, 0.299876
820309141140, 0.298117, 0.299792
822132050343, 0.298026, 0.299691
823954959545, 0.297934, 0.299600
825777868748, 0.297845, 0.299505
827600777950, 0.297771, 0.299433
829423687153, 0.297701, 0.299360
831246596355, 0.297617, 0.299282
833069505558, 0.297535, 0.299193
834892414761, 0.297458, 0.299117
836715323963, 0.297378, 0.299030
838538233166, 0.297294, 0.298938
840361142368, 0.297222, 0.298870
842184051571, 0.297141, 0.298793
844006960773, 0.297059, 0.298717
845829869976, 0.296994, 0.298649
847652779178, 0.296918, 0.298574
849475688381, 0.296839, 0.298473
851298597583, 0.296757, 0.298392
853121506786, 0.296684, 0.298315
854944415988, 0.296606, 0.298228
856767325191, 0.296513, 0.298148
858590234393, 0.296449, 0.298085
860413143596, 0.296361, 0.297993
862236052799, 0.296276, 0.297900
864058962001, 0.296212, 0.297829
865881871204, 0.296134, 0.297746
867704780406, 0.296071, 0.297667
869527689609, 0.295997, 0.297590
871350598811, 0.295931, 0.297514
873173508014, 0.295871, 0.297450
874996417216, 0.295798, 0.297372
876819326419, 0.295717, 0.297296
878642235621, 0.295671, 0.297237
880465144824, 0.295580, 0.297139
882288054026, 0.295507, 0.297066
884110963229, 0.295440, 0.296999
885933872432, 0.295378, 0.296935
887756781634, 0.295302, 0.296864
889579690837, 0.295229, 0.296795
891402600039, 0.295164, 0.296732
893225509242, 0.295089, 0.296659
895048418444, 0.295021, 0.296591
896871327647, 0.294955, 0.296521
898694236849, 0.294887, 0.296444
900517146052, 0.294834, 0.296383
902340055254, 0.294766, 0.296310
904162964457, 0.294695, 0.296235
905985873659, 0.294623, 0.296172
907808782862, 0.294545, 0.296097
909631692064, 0.294482, 0.296034
911454601267, 0.294427, 0.295968
913277510470, 0.294355, 0.295894
915100419672, 0.294296, 0.295833
916923328875, 0.294222, 0.295759
918746238077, 0.294154, 0.295691
920569147280, 0.294076, 0.295609
922392056482, 0.293993, 0.295525
924214965685, 0.293912, 0.295438
926037874887, 0.293851, 0.295372
927860784090, 0.293788, 0.295309
929683693292, 0.293736, 0.295239
931506602495, 0.293657, 0.295157
933329511697, 0.293591, 0.295090
935152420900, 0.293543, 0.295049
936975330102, 0.293482, 0.294989
938798239305, 0.293428, 0.294929
940621148508, 0.293370, 0.294860
942444057710, 0.293308, 0.294795
944266966913, 0.293221, 0.294713
946089876115, 0.293168, 0.294661
947912785318, 0.293107, 0.294591
949735694520, 0.293049, 0.294528
951558603723, 0.292991, 0.294458
953381512925, 0.292935, 0.294397
955204422128, 0.292882, 0.294336
957027331330, 0.292828, 0.294267
958850240533, 0.292769, 0.294206
960673149735, 0.292713, 0.294148
962496058938, 0.292668, 0.294091
964318968141, 0.292595, 0.294017
966141877343, 0.292532, 0.293951
967964786546, 0.292490, 0.293907
969787695748, 0.292433, 0.293849
971610604951, 0.292391, 0.293804
973433514153, 0.292347, 0.293759
975256423356, 0.292303, 0.293699
977079332558, 0.292239, 0.293625
978902241761, 0.292194, 0.293567
980725150963, 0.292128, 0.293499
982548060166, 0.292067, 0.293435
984370969368, 0.292008, 0.293377
986193878571, 0.291956, 0.293313
988016787773, 0.291908, 0.293261
989839696976, 0.291848, 0.293205
991662606179, 0.291792, 0.293146
993485515381, 0.291746, 0.293087
995308424584, 0.291685, 0.293023
997131333786, 0.291622, 0.292956
998954242989, 0.291568, 0.292916
1000777152191, 0.291508, 0.292858
1002600061394, 0.291465, 0.292811
1004422970596, 0.291425, 0.292768
1006245879799, 0.291367, 0.292712
1008068789001, 0.291326, 0.292667
1009891698204, 0.291280, 0.292621
1011714607406, 0.291233, 0.292563
1013537516609, 0.291179, 0.292506
1015360425811, 0.291128, 0.292450
1017183335014, 0.291090, 0.292403
1019006244217, 0.291048, 0.292356
1020829153419, 0.290995, 0.292301
1022652062622, 0.290951, 0.292248
1024474971824, 0.290915, 0.292204
1026297881027, 0.290862, 0.292141
1028120790229, 0.290814, 0.292101
1029943699432, 0.290764, 0.292046
1031766608634, 0.290720, 0.292005
1033589517837, 0.290658, 0.291941
1035412427039, 0.290608, 0.291885
1037235336242, 0.290562, 0.291836
1039058245444, 0.290516, 0.291797
1040881154647, 0.290468, 0.291743
1042704063850, 0.290431, 0.291697
1044526973052, 0.290389, 0.291644
1046349882255, 0.290357, 0.291617
1048172791457, 0.290312, 0.291570
1049995700660, 0.290269, 0.291530
1051818609862, 0.290222, 0.291490
1053641519065, 0.290170, 0.291437
1055464428267, 0.290131, 0.291393
1057287337470, 0.290088, 0.291346
1059110246672, 0.290046, 0.291306
1060933155875, 0.290003, 0.291267
1062756065077, 0.289978, 0.291239
1064578974280, 0.289935, 0.291195
1066401883482, 0.289895, 0.291148
1068224792685, 0.289842, 0.291095
1070047701888, 0.289783, 0.291036
1071870611090, 0.289750, 0.290999
1073693520293, 0.289710, 0.290960
1075516429495, 0.289667, 0.290916
1077339338698, 0.289635, 0.290894
1079162247900, 0.289596, 0.290852
1080985157103, 0.289554, 0.290813
1082808066305, 0.289515, 0.290778
1084630975508, 0.289463, 0.290726
1086453884710, 0.289437, 0.290693
1088276793913, 0.289384, 0.290635
1090099703115, 0.289349, 0.290598
1091922612318, 0.289311, 0.290555
1093745521521, 0.289271, 0.290516
1095568430723, 0.289225, 0.290473
1097391339926, 0.289173, 0.290421
1099214249128, 0.289142, 0.290383
1101037158331, 0.289096, 0.290341
1102860067533, 0.289047, 0.290290
1104682976736, 0.289009, 0.290254
1106505885938, 0.288974, 0.290221
1108328795141, 0.288931, 0.290176
1110151704343, 0.288891, 0.290136
1111974613546, 0.288864, 0.290105
1113797522748, 0.288839, 0.290077
1115620431951, 0.288805, 0.290044
1117443341153, 0.288763, 0.290009
1119266250356, 0.288728, 0.289969
1121089159559, 0.288697, 0.289932
1122912068761, 0.288661, 0.289896
1124734977964, 0.288625, 0.289861
1126557887166, 0.288590, 0.289816
1128380796369, 0.288553, 0.289785
1130203705571, 0.288509, 0.289740
1132026614774, 0.288479, 0.289702
1133849523976, 0.288437, 0.289660
1135672433179, 0.288396, 0.289620
1137495342381, 0.288356, 0.289581
1139318251584, 0.288322, 0.289539
1141141160786, 0.288295, 0.289514
1142964069989, 0.288259, 0.289470
1144786979191, 0.288226, 0.289438
1146609888394, 0.288189, 0.289398
1148432797597, 0.288145, 0.289363
1150255706799, 0.288115, 0.289335
1152078616002, 0.288075, 0.289297
1153901525204, 0.288028, 0.289248
1155724434407, 0.288002, 0.289218
1157547343609, 0.287970, 0.289184
1159370252812, 0.287933, 0.289149
1161193162014, 0.287900, 0.289115
1163016071217, 0.287871, 0.289082
1164838980419, 0.287842, 0.289049
1166661889622, 0.287810, 0.289013
1168484798824, 0.287783, 0.288974
1170307708027, 0.287748, 0.288937
1172130617230, 0.287714, 0.288904
1173953526432, 0.287681, 0.288869
1175776435635, 0.287644, 0.288826
1177599344837, 0.287624, 0.288792
1179422254040, 0.287595, 0.288766
1181245163242, 0.287566, 0.288733
1183068072445, 0.287539, 0.288705
1184890981647, 0.287503, 0.288665
1186713890850, 0.287478, 0.288630
1188536800052, 0.287440, 0.288593
1190359709255, 0.287414, 0.288563
1192182618457, 0.287377, 0.288520
1194005527660, 0.287348, 0.288484
1195828436862, 0.287314, 0.288441
1197651346065, 0.287278, 0.288402
1199474255268, 0.287253, 0.288378
1201297164470, 0.287216, 0.288340
1203120073673, 0.287186, 0.288315
1204942982875, 0.287157, 0.288279
1206765892078, 0.287128, 0.288259
1208588801280, 0.287088, 0.288221
1210411710483, 0.287046, 0.288187
1212234619685, 0.287020, 0.288166
1214057528888, 0.287000, 0.288148
1215880438090, 0.286967, 0.288118
1217703347293, 0.286934, 0.288080
1219526256495, 0.286902, 0.288046
1221349165698, 0.286881, 0.288022
1223172074900, 0.286856, 0.287991
1224994984103, 0.286836, 0.287966
1226817893306, 0.286808, 0.287937
1228640802508, 0.286787, 0.287913
1230463711711, 0.286754, 0.287874
1232286620913, 0.286723, 0.287841
1234109530116, 0.286693, 0.287803
1235932439318, 0.286667, 0.287777
1237755348521, 0.286641, 0.287750
1239578257723, 0.286609, 0.287723
1241401166926, 0.286584, 0.287702
1243224076128, 0.286558, 0.287677
1245046985331, 0.286523, 0.287641
1246869894533, 0.286485, 0.287608
1248692803736, 0.286457, 0.287581
1250515712939, 0.286431, 0.287552
1252338622141, 0.286417, 0.287532
1254161531344, 0.286392, 0.287507
1255984440546, 0.286367, 0.287476
1257807349749, 0.286344, 0.287445
1259630258951, 0.286324, 0.287423
1261453168154, 0.286301, 0.287396
1263276077356, 0.286283, 0.287377
1265098986559, 0.286251, 0.287342
1266921895761, 0.286220, 0.287307
1268744804964, 0.286185, 0.287273
1270567714166, 0.286161, 0.287256
1272390623369, 0.286141, 0.287232
1274213532571, 0.286112, 0.287202
1276036441774, 0.286091, 0.287180
1277859350977, 0.286063, 0.287153
1279682260179, 0.286042, 0.287125
1281505169382, 0.286005, 0.287089
1283328078584, 0.285979, 0.287055
1285150987787, 0.285957, 0.287030
1286973896989, 0.285942, 0.287011
1288796806192, 0.285920, 0.286986
1290619715394, 0.285893, 0.286954
1292442624597, 0.285871, 0.286936
1294265533799, 0.285849, 0.286912
1296088443002, 0.285819, 0.286882
1297911352204, 0.285801, 0.286862
1299734261407, 0.285774, 0.286832
1301557170609, 0.285760, 0.286817
1303380079812, 0.285736, 0.286793
1305202989015, 0.285718, 0.286773
1307025898217, 0.285697, 0.286750
1308848807420, 0.285673, 0.286722
1310671716622, 0.285643, 0.286688
1312494625825, 0.285623, 0.286671
1314317535027, 0.285606, 0.286650
1316140444230, 0.285592, 0.286637
1317963353432, 0.285570, 0.286614
1319786262635, 0.285551, 0.286594
1321609171837, 0.285539, 0.286581
1323432081040, 0.285523, 0.286570
1325254990242, 0.285505, 0.286551
1327077899445, 0.285488, 0.286533
1328900808648, 0.285468, 0.286514
1330723717850, 0.285446, 0.286493
1332546627053, 0.285426, 0.286473
1334369536255, 0.285397, 0.286451
1336192445458, 0.285372, 0.286419
1338015354660, 0.285349, 0.286395
1339838263863, 0.285329, 0.286378
1341661173065, 0.285317, 0.286364
1343484082268, 0.285290, 0.286337
1345306991470, 0.285274, 0.286320
1347129900673, 0.285247, 0.286300
1348952809875, 0.285231, 0.286285
1350775719078, 0.285206, 0.286256
1352598628280, 0.285186, 0.286235
1354421537483, 0.285171, 0.286218
1356244446686, 0.285159, 0.286202
1358067355888, 0.285140, 0.286181
1359890265091, 0.285121, 0.286153
1361713174293, 0.285103, 0.286129
1363536083496, 0.285087, 0.286110
1365358992698, 0.285072, 0.286092
1367181901901, 0.285056, 0.286076
1369004811103, 0.285041, 0.286061
1370827720306, 0.285021, 0.286037
1372650629508, 0.285001, 0.286017
1374473538711, 0.284984, 0.286000
1376296447913, 0.284962, 0.285978
1378119357116, 0.284941, 0.285960
1379942266318, 0.284929, 0.285947
1381765175521, 0.284915, 0.285930
1383588084724, 0.284895, 0.285911
1385410993926, 0.284875, 0.285888
1387233903129, 0.284851, 0.285858
1389056812331, 0.284831, 0.285839
1390879721534, 0.284821, 0.285828
1392702630736, 0.284798, 0.285803
1394525539939, 0.284784, 0.285786
1396348449141, 0.284765, 0.285772
1398171358344, 0.284745, 0.285747
1399994267546, 0.284729, 0.285733
1401817176749, 0.284714, 0.285716
1403640085951, 0.284696, 0.285692
1405462995154, 0.284673, 0.285672
1407285904357, 0.284654, 0.285654
1409108813559, 0.284641, 0.285638
1410931722762, 0.284619, 0.285616
1412754631964, 0.284607, 0.285606
1414577541167, 0.284598, 0.285593
1416400450369, 0.284574, 0.285573
1418223359572, 0.284563, 0.285563
1420046268774, 0.284546, 0.285549
1421869177977, 0.284527, 0.285528
1423692087179, 0.284513, 0.285515
1425514996382, 0.284498, 0.285499
1427337905584, 0.284482, 0.285479
1429160814787, 0.284456, 0.285454
1430983723989, 0.284444, 0.285441
1432806633192, 0.284432, 0.285425
1434629542395, 0.284418, 0.285406
1436452451597, 0.284405, 0.285392
1438275360800, 0.284394, 0.285383
1440098270002, 0.284379, 0.285365
1441921179205, 0.284354, 0.285335
1443744088407, 0.284341, 0.285320
1445566997610, 0.284322, 0.285300
1447389906812, 0.284307, 0.285287
1449212816015, 0.284296, 0.285277
1451035725217, 0.284289, 0.285267
1452858634420, 0.284278, 0.285253
1454681543622, 0.284264, 0.285237
1456504452825, 0.284247, 0.285215
1458327362028, 0.284229, 0.285195
1460150271230, 0.284215, 0.285183
1461973180433, 0.284205, 0.285170
1463796089635, 0.284194, 0.285161
1465618998838, 0.284181, 0.285151
1467441908040, 0.284172, 0.285141
1469264817243, 0.284153, 0.285118
1471087726445, 0.284133, 0.285098
1472910635648, 0.284111, 0.285073
1474733544850, 0.284099, 0.285055
1476556454053, 0.284087, 0.285043
1478379363255, 0.284074, 0.285027
1480202272458, 0.284059, 0.285011
1482025181660, 0.284044, 0.284995
1483848090863, 0.284034, 0.284982
1485671000066, 0.284022, 0.284967
1487493909268, 0.284007, 0.284950
1489316818471, 0.284001, 0.284945
1491139727673, 0.283986, 0.284931
1492962636876, 0.283968, 0.284917
1494785546078, 0.283958, 0.284904
1496608455281, 0.283943, 0.284885
1498431364483, 0.283933, 0.284873
1500254273686, 0.283922, 0.284858
1502077182888, 0.283909, 0.284841
1503900092091, 0.283893, 0.284829
1505723001293, 0.283876, 0.284815
1507545910496, 0.283861, 0.284801
1509368819698, 0.283858, 0.284797
1511191728901, 0.283844, 0.284787
1513014638104, 0.283835, 0.284775
1514837547306, 0.283825, 0.284762
1516660456509, 0.283817, 0.284753
1518483365711, 0.283805, 0.284739
1520306274914, 0.283792, 0.284725
1522129184116, 0.283780, 0.284714
1523952093319, 0.283771, 0.284704
1525775002521, 0.283751, 0.284684
1527597911724, 0.283742, 0.284676
1529420820926, 0.283732, 0.284664
1531243730129, 0.283720, 0.284647
1533066639331, 0.283707, 0.284632
1534889548534, 0.283694, 0.284620
1536712457737, 0.283690, 0.284613
1538535366939, 0.283675, 0.284602
1540358276142, 0.283667, 0.284592
1542181185344, 0.283659, 0.284583
1544004094547, 0.283647, 0.284573
1545827003749, 0.283639, 0.284563
1547649912952, 0.283622, 0.284547
1549472822154, 0.283612, 0.284538
1551295731357, 0.283602, 0.284526
1553118640559, 0.283593, 0.284519
1554941549762, 0.283583, 0.284512
1556764458964, 0.283573, 0.284507
1558587368167, 0.283568, 0.284501
1560410277369, 0.283559, 0.284494
1562233186572, 0.283547, 0.284481
1564056095775, 0.283537, 0.284472
1565879004977, 0.283521, 0.284458
1567701914180, 0.283513, 0.284453
1569524823382, 0.283505, 0.284439
1571347732585, 0.283498, 0.284429
1573170641787, 0.283490, 0.284417
1574993550990, 0.283481, 0.284405
1576816460192, 0.283469, 0.284397
1578639369395, 0.283461, 0.284387
1580462278597, 0.283451, 0.284375
1582285187800, 0.283445, 0.284366
1584108097002, 0.283433, 0.284355
1585931006205, 0.283426, 0.284349
1587753915407, 0.283416, 0.284337
1589576824610, 0.283408, 0.284327
1591399733813, 0.283402, 0.284316
1593222643015, 0.283397, 0.284312
1595045552218, 0.283389, 0.284306
1596868461420, 0.283377, 0.284297
1598691370623, 0.283367, 0.284284
1600514279825, 0.283360, 0.284279
1602337189028, 0.283354, 0.284272
1604160098230, 0.283348, 0.284264
1605983007433, 0.283343, 0.284257
1607805916635, 0.283338, 0.284252
1609628825838, 0.283326, 0.284242
1611451735040, 0.283319, 0.284233
1613274644243, 0.283315, 0.284227
1615097553446, 0.283304, 0.284214
1616920462648, 0.283300, 0.284208
1618743371851, 0.283297, 0.284204
1620566281053, 0.283294, 0.284200
1622389190256, 0.283290, 0.284190
1624212099458, 0.283282, 0.284184
1626035008661, 0.283277, 0.284177
1627857917863, 0.283262, 0.284157
1629680827066, 0.283253, 0.284148
1631503736268, 0.283245, 0.284141
1633326645471, 0.283236, 0.284131
1635149554673, 0.283229, 0.284127
1636972463876, 0.283224, 0.284121
1638795373078, 0.283221, 0.284118
1640618282281, 0.283219, 0.284114
1642441191484, 0.283212, 0.284104
1644264100686, 0.283204, 0.284093
1646087009889, 0.283194, 0.284083
1647909919091, 0.283188, 0.284077
1649732828294, 0.283183, 0.284069
1651555737496, 0.283178, 0.284064
1653378646699, 0.283171, 0.284055
1655201555901, 0.283163, 0.284049
1657024465104, 0.283159, 0.284045
1658847374306, 0.283155, 0.284039
1660670283509, 0.283151, 0.284034
1662493192711, 0.283149, 0.284029
1664316101914, 0.283141, 0.284020
1666139011116, 0.283136, 0.284011
1667961920319, 0.283127, 0.284004
1669784829522, 0.283119, 0.283995
1671607738724, 0.283117, 0.283991
1673430647927, 0.283112, 0.283985
1675253557129, 0.283106, 0.283977
1677076466332, 0.283104, 0.283973
1678899375534, 0.283101, 0.283972
1680722284737, 0.283097, 0.283964
1682545193939, 0.283092, 0.283959
1684368103142, 0.283083, 0.283953
1686191012344, 0.283073, 0.283948
1688013921547, 0.283064, 0.283938
1689836830749, 0.283063, 0.283937
1691659739952, 0.283059, 0.283934
1693482649155, 0.283057, 0.283933
1695305558357, 0.283052, 0.283928
1697128467560, 0.283047, 0.283925
1698951376762, 0.283042, 0.283917
1700774285965, 0.283037, 0.283914
1702597195167, 0.283032, 0.283909
1704420104370, 0.283025, 0.283903
1706243013572, 0.283023, 0.283899
1708065922775, 0.283018, 0.283895
1709888831977, 0.283014, 0.283893
1711711741180, 0.283010, 0.283890
1713534650382, 0.283008, 0.283889
1715357559585, 0.282995, 0.283880
1717180468787, 0.282988, 0.283872
1719003377990, 0.282984, 0.283870
1720826287193, 0.282976, 0.283864
1722649196395, 0.282975, 0.283862
1724472105598, 0.282970, 0.283856
1726295014800, 0.282970, 0.283855
1728117924003, 0.282966, 0.283852
1729940833205, 0.282965, 0.283850
1731763742408, 0.282959, 0.283844
1733586651610, 0.282956, 0.283840
1735409560813, 0.282952, 0.283835
1737232470015, 0.282950, 0.283831
1739055379218, 0.282950, 0.283831
1740878288420, 0.282950, 0.283831
1742701197623, 0.282947, 0.283830
1744524106825, 0.282942, 0.283826
1746347016028, 0.282940, 0.283826
1748169925231, 0.282939, 0.283823
1749992834433, 0.282935, 0.283821
1751815743636, 0.282931, 0.283817
1753638652838, 0.282927, 0.283816
1755461562041, 0.282926, 0.283815
1757284471243, 0.282923, 0.283812
1759107380446, 0.282922, 0.283811
1760930289648, 0.282920, 0.283809
1762753198851, 0.282920, 0.283809
1764576108053, 0.282916, 0.283807
1766399017256, 0.282913, 0.283804
1768221926458, 0.282912, 0.283803
1770044835661, 0.282911, 0.283803
1771867744864, 0.282910, 0.283802
1773690654066, 0.282910, 0.283802
1775513563269, 0.282910, 0.283802
1777336472471, 0.282910, 0.283802
1779159381674, 0.282908, 0.283799
1780982290876, 0.282906, 0.283796
1782805200079, 0.282902, 0.283793
1784628109281, 0.282902, 0.283792
1786451018484, 0.282898, 0.283789
1788273927686, 0.282896, 0.283786
1790096836889, 0.282896, 0.283786
1791919746091, 0.282893, 0.283783
1793742655294, 0.282892, 0.283782
1795565564496, 0.282890, 0.283778
1797388473699, 0.282888, 0.283777
1799211382902, 0.282888, 0.283777
1801034292104, 0.282887, 0.283774
1802857201307, 0.282887, 0.283774
1804680110509, 0.282887, 0.283774
1806503019712, 0.282887, 0.283774
1808325928914, 0.282887, 0.283774
1810148838117, 0.282887, 0.283774
1811971747319, 0.282887, 0.283774
1813794656522, 0.282886, 0.283773
1815617565724, 0.282886, 0.283773
1817440474927, 0.282884, 0.283773
1819263384129, 0.282884, 0.283773
1821086293332, 0.282884, 0.283773
1822909202535, 0.282884, 0.283773
Time used: 113342 ms
