logging to /opt/flows_res_1000/2016020400-2016020500_unique/tenant_2_profile_res-FIX_RATE-FLOWS-0.01.csvtracefile: /data1/tenant_trace/2016020400-2016020500_unique/tenant_2_trace
open file /data1/tenant_trace/2016020400-2016020500_unique/tenant_2_trace
read 1000000 lines
read 2000000 lines
read 3000000 lines
read 4000000 lines
read 5000000 lines
read 6000000 lines
read 7000000 lines
read 8000000 lines
read 9000000 lines
read 10000000 lines
read 11000000 lines
read 12000000 lines
read 13000000 lines
read 14000000 lines
read 15000000 lines
read 16000000 lines
read 17000000 lines
read 18000000 lines
read 19000000 lines
read 20000000 lines
read 21000000 lines
read 22000000 lines
read 23000000 lines
read 24000000 lines
read 25000000 lines
read 26000000 lines
read 27000000 lines
read 28000000 lines
read 29000000 lines
read 30000000 lines
read 31000000 lines
read 32000000 lines
read 33000000 lines
read 34000000 lines
read 35000000 lines
read 36000000 lines
[FILE]: /data1/tenant_trace/2016020400-2016020500_unique/tenant_2_trace
total_access_num: 36406688
total_access_size: 129197470965
unique_access_num: 22091869
unique_access_size: 78462580025
min_item_size: 1
[method]: FLOWS
[metric]: MAE
[seed]: 42
[sample_method]: FIX_RATE
[sample_metric]: 0.01
MAEQ_factor: 1.025429
cache_size, BMRC_ratio, OMRC_ratio
78462580, 0.958400, 0.958357
156925160, 0.949000, 0.948930
235387740, 0.941222, 0.941426
313850320, 0.935115, 0.935389
392312900, 0.929222, 0.929500
470775480, 0.924011, 0.924182
549238060, 0.919272, 0.919479
627700640, 0.914836, 0.915101
706163220, 0.910576, 0.910849
784625800, 0.906646, 0.906960
863088380, 0.903238, 0.903587
941550960, 0.899709, 0.900054
1020013540, 0.896251, 0.896572
1098476120, 0.893046, 0.893484
1176938700, 0.889984, 0.890457
1255401280, 0.887027, 0.887535
1333863860, 0.884212, 0.884761
1412326440, 0.881486, 0.882113
1490789020, 0.878781, 0.879421
1569251600, 0.876093, 0.876680
1647714180, 0.873741, 0.874312
1726176760, 0.871097, 0.871779
1804639340, 0.868788, 0.869604
1883101920, 0.866419, 0.867198
1961564500, 0.864121, 0.864885
2040027080, 0.861851, 0.862594
2118489660, 0.859855, 0.860622
2196952240, 0.857794, 0.858529
2275414820, 0.855842, 0.856529
2353877400, 0.853765, 0.854387
2432339980, 0.851868, 0.852569
2510802560, 0.849928, 0.850646
2589265140, 0.848009, 0.848685
2667727720, 0.846107, 0.846718
2746190300, 0.844376, 0.844971
2824652880, 0.842573, 0.843208
2903115460, 0.840704, 0.841351
2981578040, 0.839181, 0.839769
3060040620, 0.837345, 0.837917
3138503201, 0.835740, 0.836291
3216965781, 0.834096, 0.834627
3295428361, 0.832618, 0.833171
3373890941, 0.831012, 0.831622
3452353521, 0.829440, 0.830106
3530816101, 0.828039, 0.828683
3609278681, 0.826576, 0.827310
3687741261, 0.824993, 0.825738
3766203841, 0.823613, 0.824354
3844666421, 0.822118, 0.822909
3923129001, 0.820771, 0.821552
4001591581, 0.819469, 0.820223
4080054161, 0.818171, 0.818915
4158516741, 0.817001, 0.817646
4236979321, 0.815791, 0.816449
4315441901, 0.814532, 0.815224
4393904481, 0.813290, 0.813993
4472367061, 0.812064, 0.812686
4550829641, 0.810888, 0.811571
4629292221, 0.809591, 0.810318
4707754801, 0.808370, 0.809049
4786217381, 0.807051, 0.807775
4864679961, 0.805869, 0.806566
4943142541, 0.804753, 0.805407
5021605121, 0.803588, 0.804275
5100067701, 0.802466, 0.803215
5178530281, 0.801356, 0.802144
5256992861, 0.800158, 0.801034
5335455441, 0.799086, 0.799968
5413918021, 0.797992, 0.798870
5492380601, 0.796810, 0.797694
5570843181, 0.795799, 0.796683
5649305761, 0.794732, 0.795705
5727768341, 0.793539, 0.794590
5806230921, 0.792445, 0.793530
5884693501, 0.791566, 0.792591
5963156081, 0.790543, 0.791558
6041618661, 0.789461, 0.790525
6120081241, 0.788521, 0.789580
6198543821, 0.787564, 0.788558
6277006402, 0.786624, 0.787564
6355468982, 0.785706, 0.786658
6433931562, 0.784755, 0.785713
6512394142, 0.783909, 0.784823
6590856722, 0.782925, 0.783818
6669319302, 0.781902, 0.782719
6747781882, 0.780962, 0.781807
6826244462, 0.780000, 0.780829
6904707042, 0.779044, 0.779895
6983169622, 0.778175, 0.779071
7061632202, 0.777274, 0.778159
7140094782, 0.776334, 0.777225
7218557362, 0.775553, 0.776511
7297019942, 0.774740, 0.775737
7375482522, 0.773865, 0.774819
7453945102, 0.773057, 0.774023
7532407682, 0.772255, 0.773248
7610870262, 0.771414, 0.772391
7689332842, 0.770556, 0.771556
7767795422, 0.769710, 0.770683
7846258002, 0.768918, 0.769935
7924720582, 0.768121, 0.769139
8003183162, 0.767412, 0.768425
8081645742, 0.766675, 0.767623
8160108322, 0.765933, 0.766980
8238570902, 0.765180, 0.766200
8317033482, 0.764378, 0.765392
8395496062, 0.763734, 0.764766
8473958642, 0.762943, 0.763981
8552421222, 0.762272, 0.763272
8630883802, 0.761552, 0.762541
8709346382, 0.760893, 0.761871
8787808962, 0.760112, 0.761113
8866271542, 0.759381, 0.760371
8944734122, 0.758721, 0.759723
9023196702, 0.758100, 0.759130
9101659282, 0.757407, 0.758432
9180121862, 0.756720, 0.757762
9258584442, 0.755912, 0.756960
9337047022, 0.755209, 0.756257
9415509603, 0.754461, 0.755438
9493972183, 0.753724, 0.754669
9572434763, 0.752977, 0.753971
9650897343, 0.752422, 0.753406
9729359923, 0.751762, 0.752719
9807822503, 0.751135, 0.752115
9886285083, 0.750377, 0.751351
9964747663, 0.749745, 0.750686
10043210243, 0.749211, 0.750153
10121672823, 0.748590, 0.749560
10200135403, 0.747947, 0.748939
10278597983, 0.747381, 0.748313
10357060563, 0.746881, 0.747824
10435523143, 0.746276, 0.747220
10513985723, 0.745594, 0.746599
10592448303, 0.745023, 0.746011
10670910883, 0.744385, 0.745369
10749373463, 0.743725, 0.744704
10827836043, 0.743060, 0.744050
10906298623, 0.742456, 0.743473
10984761203, 0.741862, 0.742847
11063223783, 0.741213, 0.742204
11141686363, 0.740548, 0.741551
11220148943, 0.739943, 0.740919
11298611523, 0.739306, 0.740287
11377074103, 0.738729, 0.739771
11455536683, 0.738212, 0.739260
11533999263, 0.737635, 0.738694
11612461843, 0.737178, 0.738232
11690924423, 0.736700, 0.737766
11769387003, 0.736041, 0.737112
11847849583, 0.735342, 0.736398
11926312163, 0.734771, 0.735815
12004774743, 0.734238, 0.735310
12083237323, 0.733754, 0.734783
12161699903, 0.733215, 0.734195
12240162483, 0.732605, 0.733618
12318625063, 0.732149, 0.733157
12397087643, 0.731626, 0.732607
12475550223, 0.731209, 0.732151
12554012804, 0.730675, 0.731591
12632475384, 0.730175, 0.731124
12710937964, 0.729686, 0.730624
12789400544, 0.729164, 0.730102
12867863124, 0.728669, 0.729580
12946325704, 0.728042, 0.728965
13024788284, 0.727614, 0.728504
13103250864, 0.727036, 0.727938
13181713444, 0.726514, 0.727355
13260176024, 0.726047, 0.726899
13338638604, 0.725569, 0.726460
13417101184, 0.725052, 0.725938
13495563764, 0.724425, 0.725328
13574026344, 0.723947, 0.724867
13652488924, 0.723447, 0.724345
13730951504, 0.722974, 0.723856
13809414084, 0.722584, 0.723433
13887876664, 0.722089, 0.722950
13966339244, 0.721550, 0.722422
14044801824, 0.720957, 0.721845
14123264404, 0.720506, 0.721395
14201726984, 0.720006, 0.720846
14280189564, 0.719440, 0.720285
14358652144, 0.718945, 0.719857
14437114724, 0.718461, 0.719368
14515577304, 0.718049, 0.718956
14594039884, 0.717659, 0.718555
14672502464, 0.717158, 0.718066
14750965044, 0.716785, 0.717670
14829427624, 0.716328, 0.717247
14907890204, 0.715812, 0.716747
14986352784, 0.715317, 0.716275
15064815364, 0.714861, 0.715781
15143277944, 0.714465, 0.715413
15221740524, 0.713981, 0.714907
15300203104, 0.713547, 0.714435
15378665684, 0.713069, 0.713979
15457128264, 0.712574, 0.713517
15535590844, 0.712162, 0.713100
15614053424, 0.711733, 0.712660
15692516005, 0.711315, 0.712226
15770978585, 0.710936, 0.711825
15849441165, 0.710562, 0.711435
15927903745, 0.710172, 0.711034
16006366325, 0.709759, 0.710639
16084828905, 0.709298, 0.710128
16163291485, 0.708896, 0.709760
16241754065, 0.708468, 0.709309
16320216645, 0.708017, 0.708875
16398679225, 0.707572, 0.708474
16477141805, 0.707165, 0.708068
16555604385, 0.706802, 0.707700
16634066965, 0.706428, 0.707348
16712529545, 0.706038, 0.706936
16790992125, 0.705609, 0.706497
16869454705, 0.705208, 0.706090
16947917285, 0.704807, 0.705716
17026379865, 0.704460, 0.705387
17104842445, 0.703987, 0.704942
17183305025, 0.703597, 0.704568
17261767605, 0.703185, 0.704156
17340230185, 0.702674, 0.703662
17418692765, 0.702311, 0.703283
17497155345, 0.701959, 0.702942
17575617925, 0.701602, 0.702591
17654080505, 0.701250, 0.702228
17732543085, 0.700909, 0.701855
17811005665, 0.700508, 0.701448
17889468245, 0.700101, 0.701085
17967930825, 0.699722, 0.700717
18046393405, 0.699326, 0.700311
18124855985, 0.698947, 0.699937
18203318565, 0.698573, 0.699564
18281781145, 0.698155, 0.699168
18360243725, 0.697798, 0.698806
18438706305, 0.697347, 0.698361
18517168885, 0.697039, 0.698059
18595631465, 0.696698, 0.697723
18674094045, 0.696259, 0.697289
18752556625, 0.695901, 0.696960
18831019206, 0.695456, 0.696526
18909481786, 0.695082, 0.696174
18987944366, 0.694698, 0.695817
19066406946, 0.694379, 0.695510
19144869526, 0.693961, 0.695114
19223332106, 0.693521, 0.694702
19301794686, 0.693191, 0.694378
19380257266, 0.692779, 0.694043
19458719846, 0.692433, 0.693664
19537182426, 0.691993, 0.693197
19615645006, 0.691641, 0.692862
19694107586, 0.691322, 0.692571
19772570166, 0.691048, 0.692202
19851032746, 0.690646, 0.691829
19929495326, 0.690239, 0.691417
20007957906, 0.689871, 0.691054
20086420486, 0.689569, 0.690741
20164883066, 0.689201, 0.690357
20243345646, 0.688948, 0.690104
20321808226, 0.688618, 0.689780
20400270806, 0.688266, 0.689461
20478733386, 0.687892, 0.689121
20557195966, 0.687502, 0.688747
20635658546, 0.687161, 0.688390
20714121126, 0.686837, 0.688044
20792583706, 0.686496, 0.687698
20871046286, 0.686106, 0.687302
20949508866, 0.685721, 0.686918
21027971446, 0.685430, 0.686632
21106434026, 0.685100, 0.686319
21184896606, 0.684759, 0.686000
21263359186, 0.684413, 0.685649
21341821766, 0.684044, 0.685297
21420284346, 0.683703, 0.684918
21498746926, 0.683258, 0.684473
21577209506, 0.682950, 0.684160
21655672086, 0.682637, 0.683863
21734134666, 0.682280, 0.683495
21812597246, 0.681939, 0.683182
21891059826, 0.681686, 0.682946
21969522407, 0.681422, 0.682644
22047984987, 0.681131, 0.682336
22126447567, 0.680801, 0.681996
22204910147, 0.680526, 0.681732
22283372727, 0.680213, 0.681457
22361835307, 0.679867, 0.681128
22440297887, 0.679520, 0.680792
22518760467, 0.679218, 0.680479
22597223047, 0.678921, 0.680188
22675685627, 0.678575, 0.679864
22754148207, 0.678278, 0.679567
22832610787, 0.677926, 0.679177
22911073367, 0.677635, 0.678892
22989535947, 0.677404, 0.678688
23067998527, 0.677135, 0.678441
23146461107, 0.676887, 0.678194
23224923687, 0.676629, 0.677930
23303386267, 0.676283, 0.677590
23381848847, 0.675997, 0.677304
23460311427, 0.675628, 0.676920
23538774007, 0.675403, 0.676678
23617236587, 0.675117, 0.676392
23695699167, 0.674831, 0.676096
23774161747, 0.674562, 0.675843
23852624327, 0.674359, 0.675651
23931086907, 0.674111, 0.675442
24009549487, 0.673809, 0.675129
24088012067, 0.673518, 0.674887
24166474647, 0.673248, 0.674640
24244937227, 0.673028, 0.674442
24323399807, 0.672753, 0.674167
24401862387, 0.672501, 0.673898
24480324967, 0.672231, 0.673634
24558787547, 0.672006, 0.673354
24637250127, 0.671747, 0.673080
24715712707, 0.671495, 0.672827
24794175287, 0.671258, 0.672596
24872637867, 0.670994, 0.672327
24951100447, 0.670681, 0.672025
25029563027, 0.670456, 0.671789
25108025608, 0.670120, 0.671476
25186488188, 0.669857, 0.671239
25264950768, 0.669538, 0.670948
25343413348, 0.669257, 0.670684
25421875928, 0.668933, 0.670344
25500338508, 0.668680, 0.670075
25578801088, 0.668493, 0.669860
25657263668, 0.668218, 0.669575
25735726248, 0.667960, 0.669300
25814188828, 0.667702, 0.669042
25892651408, 0.667449, 0.668784
25971113988, 0.667240, 0.668558
26049576568, 0.667009, 0.668328
26128039148, 0.666811, 0.668114
26206501728, 0.666586, 0.667872
26284964308, 0.666300, 0.667581
26363426888, 0.666069, 0.667350
26441889468, 0.665822, 0.667141
26520352048, 0.665541, 0.666850
26598814628, 0.665354, 0.666680
26677277208, 0.665129, 0.666482
26755739788, 0.664860, 0.666202
26834202368, 0.664585, 0.665977
26912664948, 0.664382, 0.665768
26991127528, 0.664167, 0.665548
27069590108, 0.663887, 0.665251
27148052688, 0.663667, 0.665015
27226515268, 0.663480, 0.664812
27304977848, 0.663260, 0.664581
27383440428, 0.662996, 0.664339
27461903008, 0.662765, 0.664136
27540365588, 0.662562, 0.663911
27618828168, 0.662331, 0.663669
27697290748, 0.662117, 0.663455
27775753328, 0.661842, 0.663208
27854215908, 0.661606, 0.662961
27932678488, 0.661386, 0.662752
28011141068, 0.661188, 0.662538
28089603648, 0.660973, 0.662329
28168066228, 0.660753, 0.662115
28246528809, 0.660594, 0.661950
28324991389, 0.660418, 0.661796
28403453969, 0.660231, 0.661598
28481916549, 0.660011, 0.661367
28560379129, 0.659824, 0.661192
28638841709, 0.659621, 0.660988
28717304289, 0.659407, 0.660796
28795766869, 0.659231, 0.660626
28874229449, 0.659022, 0.660412
28952692029, 0.658764, 0.660153
29031154609, 0.658489, 0.659873
29109617189, 0.658329, 0.659697
29188079769, 0.658104, 0.659456
29266542349, 0.657851, 0.659192
29345004929, 0.657675, 0.659016
29423467509, 0.657527, 0.658868
29501930089, 0.657367, 0.658703
29580392669, 0.657169, 0.658505
29658855249, 0.656917, 0.658258
29737317829, 0.656680, 0.658033
29815780409, 0.656411, 0.657769
29894242989, 0.656191, 0.657550
29972705569, 0.655927, 0.657324
30051168149, 0.655702, 0.657105
30129630729, 0.655498, 0.656912
30208093309, 0.655267, 0.656665
30286555889, 0.655037, 0.656456
30365018469, 0.654899, 0.656302
30443481049, 0.654685, 0.656121
30521943629, 0.654481, 0.655907
30600406209, 0.654289, 0.655704
30678868789, 0.654080, 0.655467
30757331369, 0.653877, 0.655264
30835793949, 0.653640, 0.655044
30914256529, 0.653453, 0.654869
30992719109, 0.653228, 0.654638
31071181689, 0.653030, 0.654418
31149644269, 0.652887, 0.654270
31228106849, 0.652667, 0.654056
31306569429, 0.652475, 0.653858
31385032010, 0.652228, 0.653611
31463494590, 0.652057, 0.653435
31541957170, 0.651821, 0.653204
31620419750, 0.651628, 0.653006
31698882330, 0.651436, 0.652814
31777344910, 0.651249, 0.652627
31855807490, 0.651035, 0.652397
31934270070, 0.650864, 0.652182
32012732650, 0.650650, 0.651968
32091195230, 0.650430, 0.651726
32169657810, 0.650320, 0.651622
32248120390, 0.650177, 0.651468
32326582970, 0.650034, 0.651325
32405045550, 0.649886, 0.651183
32483508130, 0.649677, 0.650968
32561970710, 0.649512, 0.650814
32640433290, 0.649353, 0.650655
32718895870, 0.649127, 0.650457
32797358450, 0.648935, 0.650276
32875821030, 0.648753, 0.650111
32954283610, 0.648611, 0.649936
33032746190, 0.648352, 0.649694
33111208770, 0.648154, 0.649491
33189671350, 0.647940, 0.649315
33268133930, 0.647764, 0.649144
33346596510, 0.647660, 0.649029
33425059090, 0.647489, 0.648864
33503521670, 0.647291, 0.648667
33581984250, 0.647088, 0.648469
33660446830, 0.646896, 0.648266
33738909410, 0.646714, 0.648090
33817371990, 0.646505, 0.647870
33895834570, 0.646340, 0.647694
33974297150, 0.646192, 0.647546
34052759730, 0.646027, 0.647376
34131222310, 0.645906, 0.647233
34209684890, 0.645774, 0.647101
34288147470, 0.645576, 0.646887
34366610050, 0.645433, 0.646722
34445072630, 0.645263, 0.646541
34523535211, 0.645131, 0.646403
34601997791, 0.644933, 0.646205
34680460371, 0.644746, 0.646002
34758922951, 0.644609, 0.645865
34837385531, 0.644411, 0.645695
34915848111, 0.644224, 0.645513
34994310691, 0.644032, 0.645310
35072773271, 0.643878, 0.645189
35151235851, 0.643702, 0.645046
35229698431, 0.643559, 0.644876
35308161011, 0.643410, 0.644739
35386623591, 0.643256, 0.644596
35465086171, 0.643108, 0.644448
35543548751, 0.642921, 0.644266
35622011331, 0.642740, 0.644057
35700473911, 0.642630, 0.643942
35778936491, 0.642492, 0.643805
35857399071, 0.642311, 0.643629
35935861651, 0.642075, 0.643404
36014324231, 0.641948, 0.643261
36092786811, 0.641783, 0.643096
36171249391, 0.641602, 0.642904
36249711971, 0.641497, 0.642794
36328174551, 0.641371, 0.642668
36406637131, 0.641228, 0.642547
36485099711, 0.641041, 0.642333
36563562291, 0.640893, 0.642168
36642024871, 0.640722, 0.641997
36720487451, 0.640568, 0.641833
36798950031, 0.640431, 0.641690
36877412611, 0.640310, 0.641569
36955875191, 0.640217, 0.641448
37034337771, 0.640074, 0.641316
37112800351, 0.639947, 0.641190
37191262931, 0.639810, 0.641047
37269725511, 0.639661, 0.640910
37348188091, 0.639502, 0.640772
37426650671, 0.639348, 0.640630
37505113251, 0.639222, 0.640470
37583575831, 0.639068, 0.640322
37662038412, 0.638919, 0.640163
37740500992, 0.638782, 0.640031
37818963572, 0.638666, 0.639921
37897426152, 0.638579, 0.639827
37975888732, 0.638469, 0.639712
38054351312, 0.638331, 0.639586
38132813892, 0.638194, 0.639465
38211276472, 0.638056, 0.639333
38289739052, 0.637891, 0.639157
38368201632, 0.637748, 0.639003
38446664212, 0.637584, 0.638844
38525126792, 0.637463, 0.638729
38603589372, 0.637331, 0.638613
38682051952, 0.637193, 0.638460
38760514532, 0.637045, 0.638311
38838977112, 0.636885, 0.638168
38917439692, 0.636688, 0.637965
38995902272, 0.636567, 0.637850
39074364852, 0.636451, 0.637723
39152827432, 0.636319, 0.637603
39231290012, 0.636215, 0.637504
39309752592, 0.636099, 0.637394
39388215172, 0.635923, 0.637246
39466677752, 0.635819, 0.637141
39545140332, 0.635687, 0.637004
39623602912, 0.635594, 0.636910
39702065492, 0.635489, 0.636801
39780528072, 0.635429, 0.636718
39858990652, 0.635330, 0.636625
39937453232, 0.635187, 0.636465
40015915812, 0.635060, 0.636334
40094378392, 0.634874, 0.636163
40172840972, 0.634703, 0.636015
40251303552, 0.634593, 0.635922
40329766132, 0.634439, 0.635762
40408228712, 0.634280, 0.635619
40486691292, 0.634203, 0.635537
40565153872, 0.634071, 0.635422
40643616452, 0.633868, 0.635229
40722079032, 0.633697, 0.635070
40800541613, 0.633604, 0.634966
40879004193, 0.633494, 0.634856
40957466773, 0.633362, 0.634719
41035929353, 0.633208, 0.634570
41114391933, 0.633027, 0.634400
41192854513, 0.632917, 0.634274
41271317093, 0.632823, 0.634142
41349779673, 0.632708, 0.634032
41428242253, 0.632565, 0.633895
41506704833, 0.632449, 0.633796
41585167413, 0.632356, 0.633713
41663629993, 0.632235, 0.633576
41742092573, 0.632131, 0.633477
41820555153, 0.632004, 0.633340
41899017733, 0.631845, 0.633191
41977480313, 0.631740, 0.633092
42055942893, 0.631652, 0.633005
42134405473, 0.631531, 0.632878
42212868053, 0.631432, 0.632790
42291330633, 0.631339, 0.632702
42369793213, 0.631257, 0.632598
42448255793, 0.631141, 0.632494
42526718373, 0.631059, 0.632400
42605180953, 0.630943, 0.632296
42683643533, 0.630833, 0.632192
42762106113, 0.630701, 0.632054
42840568693, 0.630575, 0.631933
42919031273, 0.630443, 0.631801
42997493853, 0.630328, 0.631703
43075956433, 0.630223, 0.631571
43154419013, 0.630091, 0.631417
43232881593, 0.629943, 0.631280
43311344173, 0.629838, 0.631197
43389806753, 0.629706, 0.631093
43468269333, 0.629607, 0.630977
43546731913, 0.629453, 0.630835
43625194493, 0.629355, 0.630736
43703657073, 0.629223, 0.630615
43782119653, 0.629118, 0.630511
43860582233, 0.629014, 0.630406
43939044814, 0.628937, 0.630340
44017507394, 0.628799, 0.630214
44095969974, 0.628700, 0.630126
44174432554, 0.628607, 0.630022
44252895134, 0.628497, 0.629912
44331357714, 0.628371, 0.629774
44409820294, 0.628233, 0.629637
44488282874, 0.628129, 0.629544
44566745454, 0.628019, 0.629423
44645208034, 0.627914, 0.629324
44723670614, 0.627777, 0.629187
44802133194, 0.627694, 0.629104
44880595774, 0.627579, 0.628972
44959058354, 0.627453, 0.628835
45037520934, 0.627381, 0.628731
45115983514, 0.627299, 0.628648
45194446094, 0.627156, 0.628511
45272908674, 0.627068, 0.628439
45351371254, 0.626958, 0.628324
45429833834, 0.626842, 0.628231
45508296414, 0.626716, 0.628099
45586758994, 0.626606, 0.628005
45665221574, 0.626469, 0.627863
45743684154, 0.626359, 0.627753
45822146734, 0.626254, 0.627659
45900609314, 0.626166, 0.627572
45979071894, 0.626045, 0.627451
46057534474, 0.625952, 0.627357
46135997054, 0.625858, 0.627264
46214459634, 0.625754, 0.627170
46292922214, 0.625661, 0.627055
46371384794, 0.625529, 0.626934
46449847374, 0.625430, 0.626830
46528309954, 0.625320, 0.626704
46606772534, 0.625237, 0.626627
46685235114, 0.625182, 0.626561
46763697694, 0.625078, 0.626473
46842160274, 0.625001, 0.626379
46920622854, 0.624902, 0.626275
46999085434, 0.624820, 0.626198
47077548015, 0.624726, 0.626099
47156010595, 0.624638, 0.626039
47234473175, 0.624567, 0.625973
47312935755, 0.624523, 0.625929
47391398335, 0.624418, 0.625830
47469860915, 0.624347, 0.625764
47548323495, 0.624292, 0.625693
47626786075, 0.624226, 0.625627
47705248655, 0.624165, 0.625550
47783711235, 0.624072, 0.625462
47862173815, 0.623973, 0.625369
47940636395, 0.623891, 0.625292
48019098975, 0.623814, 0.625204
48097561555, 0.623742, 0.625138
48176024135, 0.623649, 0.625039
48254486715, 0.623577, 0.624951
48332949295, 0.623467, 0.624847
48411411875, 0.623412, 0.624792
48489874455, 0.623324, 0.624704
48568337035, 0.623269, 0.624643
48646799615, 0.623165, 0.624539
48725262195, 0.623066, 0.624429
48803724775, 0.622989, 0.624341
48882187355, 0.622907, 0.624259
48960649935, 0.622835, 0.624171
49039112515, 0.622758, 0.624100
49117575095, 0.622670, 0.624006
49196037675, 0.622549, 0.623885
49274500255, 0.622483, 0.623836
49352962835, 0.622368, 0.623704
49431425415, 0.622285, 0.623627
49509887995, 0.622186, 0.623523
49588350575, 0.622115, 0.623446
49666813155, 0.622033, 0.623363
49745275735, 0.621967, 0.623303
49823738315, 0.621901, 0.623226
49902200895, 0.621818, 0.623138
49980663475, 0.621714, 0.623028
50059126055, 0.621631, 0.622946
50137588635, 0.621598, 0.622897
50216051216, 0.621516, 0.622825
50294513796, 0.621444, 0.622748
50372976376, 0.621362, 0.622671
50451438956, 0.621312, 0.622622
50529901536, 0.621191, 0.622523
50608364116, 0.621142, 0.622468
50686826696, 0.621065, 0.622380
50765289276, 0.621005, 0.622314
50843751856, 0.620911, 0.622221
50922214436, 0.620867, 0.622182
51000677016, 0.620785, 0.622100
51079139596, 0.620730, 0.622040
51157602176, 0.620686, 0.621990
51236064756, 0.620631, 0.621941
51314527336, 0.620581, 0.621880
51392989916, 0.620493, 0.621787
51471452496, 0.620427, 0.621726
51549915076, 0.620372, 0.621650
51628377656, 0.620339, 0.621600
51706840236, 0.620230, 0.621501
51785302816, 0.620147, 0.621424
51863765396, 0.620076, 0.621336
51942227976, 0.620026, 0.621292
52020690556, 0.619944, 0.621210
52099153136, 0.619900, 0.621166
52177615716, 0.619834, 0.621089
52256078296, 0.619740, 0.620996
52334540876, 0.619680, 0.620930
52413003456, 0.619614, 0.620875
52491466036, 0.619504, 0.620782
52569928616, 0.619454, 0.620727
52648391196, 0.619399, 0.620672
52726853776, 0.619344, 0.620622
52805316356, 0.619301, 0.620573
52883778936, 0.619218, 0.620507
52962241516, 0.619130, 0.620413
53040704096, 0.619048, 0.620326
53119166676, 0.618971, 0.620265
53197629256, 0.618872, 0.620183
53276091836, 0.618795, 0.620122
53354554417, 0.618767, 0.620100
53433016997, 0.618718, 0.620040
53511479577, 0.618657, 0.619979
53589942157, 0.618547, 0.619892
53668404737, 0.618487, 0.619809
53746867317, 0.618394, 0.619705
53825329897, 0.618328, 0.619628
53903792477, 0.618256, 0.619567
53982255057, 0.618185, 0.619502
54060717637, 0.618086, 0.619408
54139180217, 0.618031, 0.619342
54217642797, 0.617970, 0.619282
54296105377, 0.617926, 0.619232
54374567957, 0.617882, 0.619188
54453030537, 0.617811, 0.619117
54531493117, 0.617734, 0.619046
54609955697, 0.617635, 0.618958
54688418277, 0.617591, 0.618914
54766880857, 0.617519, 0.618837
54845343437, 0.617448, 0.618771
54923806017, 0.617382, 0.618710
55002268597, 0.617283, 0.618606
55080731177, 0.617239, 0.618562
55159193757, 0.617184, 0.618502
55237656337, 0.617146, 0.618463
55316118917, 0.617096, 0.618403
55394581497, 0.617003, 0.618309
55473044077, 0.616964, 0.618277
55551506657, 0.616909, 0.618222
55629969237, 0.616849, 0.618156
55708431817, 0.616794, 0.618095
55786894397, 0.616717, 0.618029
55865356977, 0.616656, 0.617952
55943819557, 0.616612, 0.617897
56022282137, 0.616541, 0.617832
56100744717, 0.616464, 0.617766
56179207297, 0.616387, 0.617694
56257669877, 0.616338, 0.617645
56336132457, 0.616299, 0.617617
56414595037, 0.616217, 0.617535
56493057618, 0.616173, 0.617480
56571520198, 0.616112, 0.617420
56649982778, 0.616068, 0.617381
56728445358, 0.616008, 0.617310
56806907938, 0.615953, 0.617249
56885370518, 0.615920, 0.617227
56963833098, 0.615843, 0.617145
57042295678, 0.615755, 0.617062
57120758258, 0.615689, 0.617018
57199220838, 0.615645, 0.616969
57277683418, 0.615596, 0.616909
57356145998, 0.615557, 0.616865
57434608578, 0.615508, 0.616804
57513071158, 0.615464, 0.616766
57591533738, 0.615425, 0.616722
57669996318, 0.615381, 0.616678
57748458898, 0.615321, 0.616623
57826921478, 0.615249, 0.616568
57905384058, 0.615172, 0.616502
57983846638, 0.615139, 0.616458
58062309218, 0.615068, 0.616392
58140771798, 0.615029, 0.616359
58219234378, 0.614985, 0.616310
58297696958, 0.614958, 0.616266
58376159538, 0.614914, 0.616222
58454622118, 0.614870, 0.616178
58533084698, 0.614815, 0.616123
58611547278, 0.614749, 0.616057
58690009858, 0.614694, 0.615997
58768472438, 0.614661, 0.615958
58846935018, 0.614634, 0.615925
58925397598, 0.614584, 0.615876
59003860178, 0.614551, 0.615826
59082322758, 0.614491, 0.615766
59160785338, 0.614447, 0.615722
59239247918, 0.614370, 0.615634
59317710498, 0.614320, 0.615585
59396173078, 0.614282, 0.615552
59474635658, 0.614227, 0.615502
59553098238, 0.614172, 0.615453
59631560819, 0.614111, 0.615409
59710023399, 0.614073, 0.615370
59788485979, 0.614007, 0.615316
59866948559, 0.613952, 0.615244
59945411139, 0.613913, 0.615206
60023873719, 0.613886, 0.615167
60102336299, 0.613847, 0.615134
60180798879, 0.613782, 0.615068
60259261459, 0.613743, 0.615019
60337724039, 0.613705, 0.614975
60416186619, 0.613666, 0.614953
60494649199, 0.613611, 0.614904
60573111779, 0.613562, 0.614849
60651574359, 0.613512, 0.614816
60730036939, 0.613457, 0.614783
60808499519, 0.613424, 0.614755
60886962099, 0.613375, 0.614700
60965424679, 0.613314, 0.614634
61043887259, 0.613243, 0.614568
61122349839, 0.613210, 0.614530
61200812419, 0.613193, 0.614513
61279274999, 0.613138, 0.614453
61357737579, 0.613111, 0.614426
61436200159, 0.613061, 0.614387
61514662739, 0.613039, 0.614343
61593125319, 0.612973, 0.614277
61671587899, 0.612929, 0.614239
61750050479, 0.612896, 0.614206
61828513059, 0.612831, 0.614151
61906975639, 0.612781, 0.614096
61985438219, 0.612754, 0.614058
62063900799, 0.612715, 0.614019
62142363379, 0.612693, 0.613997
62220825959, 0.612649, 0.613953
62299288539, 0.612611, 0.613915
62377751119, 0.612583, 0.613887
62456213699, 0.612534, 0.613832
62534676279, 0.612506, 0.613810
62613138859, 0.612451, 0.613755
62691601439, 0.612402, 0.613706
62770064020, 0.612363, 0.613673
62848526600, 0.612341, 0.613640
62926989180, 0.612325, 0.613624
63005451760, 0.612292, 0.613585
63083914340, 0.612226, 0.613541
63162376920, 0.612182, 0.613492
63240839500, 0.612171, 0.613475
63319302080, 0.612127, 0.613437
63397764660, 0.612088, 0.613393
63476227240, 0.612050, 0.613349
63554689820, 0.612011, 0.613327
63633152400, 0.611973, 0.613294
63711614980, 0.611924, 0.613255
63790077560, 0.611896, 0.613228
63868540140, 0.611869, 0.613201
63947002720, 0.611852, 0.613184
64025465300, 0.611808, 0.613146
64103927880, 0.611797, 0.613135
64182390460, 0.611753, 0.613096
64260853040, 0.611715, 0.613063
64339315620, 0.611698, 0.613036
64417778200, 0.611665, 0.613003
64496240780, 0.611632, 0.612964
64574703360, 0.611594, 0.612920
64653165940, 0.611528, 0.612849
64731628520, 0.611473, 0.612799
64810091100, 0.611440, 0.612761
64888553680, 0.611396, 0.612723
64967016260, 0.611379, 0.612701
65045478840, 0.611330, 0.612651
65123941420, 0.611308, 0.612635
65202404000, 0.611253, 0.612585
65280866580, 0.611225, 0.612558
65359329160, 0.611170, 0.612486
65437791740, 0.611148, 0.612459
65516254320, 0.611104, 0.612415
65594716900, 0.611060, 0.612376
65673179480, 0.611006, 0.612322
65751642060, 0.610962, 0.612278
65830104640, 0.610918, 0.612239
65908567221, 0.610896, 0.612217
65987029801, 0.610863, 0.612173
66065492381, 0.610830, 0.612146
66143954961, 0.610802, 0.612118
66222417541, 0.610786, 0.612102
66300880121, 0.610775, 0.612096
66379342701, 0.610736, 0.612030
66457805281, 0.610720, 0.612014
66536267861, 0.610698, 0.611992
66614730441, 0.610665, 0.611959
66693193021, 0.610637, 0.611937
66771655601, 0.610588, 0.611882
66850118181, 0.610544, 0.611833
66928580761, 0.610516, 0.611800
67007043341, 0.610478, 0.611778
67085505921, 0.610450, 0.611756
67163968501, 0.610428, 0.611728
67242431081, 0.610395, 0.611695
67320893661, 0.610373, 0.611662
67399356241, 0.610346, 0.611629
67477818821, 0.610307, 0.611574
67556281401, 0.610291, 0.611558
67634743981, 0.610263, 0.611541
67713206561, 0.610247, 0.611525
67791669141, 0.610208, 0.611492
67870131721, 0.610181, 0.611470
67948594301, 0.610153, 0.611443
68027056881, 0.610120, 0.611404
68105519461, 0.610088, 0.611371
68183982041, 0.610060, 0.611333
68262444621, 0.610033, 0.611294
68340907201, 0.610005, 0.611250
68419369781, 0.609978, 0.611228
68497832361, 0.609928, 0.611184
68576294941, 0.609917, 0.611168
68654757521, 0.609879, 0.611135
68733220101, 0.609846, 0.611102
68811682681, 0.609829, 0.611080
68890145261, 0.609829, 0.611080
68968607841, 0.609796, 0.611047
69047070422, 0.609780, 0.611031
69125533002, 0.609758, 0.611014
69203995582, 0.609736, 0.610992
69282458162, 0.609714, 0.610965
69360920742, 0.609686, 0.610937
69439383322, 0.609681, 0.610937
69517845902, 0.609653, 0.610915
69596308482, 0.609609, 0.610871
69674771062, 0.609609, 0.610871
69753233642, 0.609598, 0.610866
69831696222, 0.609593, 0.610855
69910158802, 0.609587, 0.610849
69988621382, 0.609565, 0.610827
70067083962, 0.609549, 0.610805
70145546542, 0.609532, 0.610789
70224009122, 0.609510, 0.610761
70302471702, 0.609499, 0.610750
70380934282, 0.609466, 0.610723
70459396862, 0.609455, 0.610701
70537859442, 0.609439, 0.610684
70616322022, 0.609428, 0.610668
70694784602, 0.609411, 0.610652
70773247182, 0.609400, 0.610635
70851709762, 0.609384, 0.610619
70930172342, 0.609362, 0.610597
71008634922, 0.609356, 0.610586
71087097502, 0.609307, 0.610542
71165560082, 0.609290, 0.610520
71244022662, 0.609268, 0.610498
71322485242, 0.609257, 0.610470
71400947822, 0.609241, 0.610465
71479410402, 0.609241, 0.610459
71557872982, 0.609213, 0.610437
71636335562, 0.609181, 0.610404
71714798142, 0.609170, 0.610393
71793260722, 0.609148, 0.610360
71871723302, 0.609131, 0.610344
71950185882, 0.609131, 0.610344
72028648462, 0.609115, 0.610322
72107111042, 0.609104, 0.610300
72185573623, 0.609093, 0.610289
72264036203, 0.609065, 0.610256
72342498783, 0.609049, 0.610245
72420961363, 0.609032, 0.610234
72499423943, 0.609016, 0.610218
72577886523, 0.609005, 0.610207
72656349103, 0.609005, 0.610196
72734811683, 0.608994, 0.610179
72813274263, 0.608983, 0.610168
72891736843, 0.608972, 0.610157
72970199423, 0.608972, 0.610157
73048662003, 0.608966, 0.610152
73127124583, 0.608950, 0.610135
73205587163, 0.608939, 0.610124
73284049743, 0.608928, 0.610113
73362512323, 0.608917, 0.610102
73440974903, 0.608906, 0.610091
73519437483, 0.608889, 0.610080
73597900063, 0.608884, 0.610080
73676362643, 0.608873, 0.610069
73754825223, 0.608856, 0.610053
73833287803, 0.608851, 0.610053
73911750383, 0.608845, 0.610042
73990212963, 0.608823, 0.610003
74068675543, 0.608807, 0.609987
74147138123, 0.608801, 0.609981
74225600703, 0.608790, 0.609976
74304063283, 0.608785, 0.609970
74382525863, 0.608779, 0.609965
74460988443, 0.608757, 0.609943
74539451023, 0.608752, 0.609937
74617913603, 0.608741, 0.609926
74696376183, 0.608730, 0.609915
74774838763, 0.608719, 0.609904
74853301343, 0.608713, 0.609904
74931763923, 0.608713, 0.609904
75010226503, 0.608708, 0.609893
75088689083, 0.608702, 0.609882
75167151663, 0.608691, 0.609871
75245614243, 0.608669, 0.609849
75324076824, 0.608658, 0.609833
75402539404, 0.608653, 0.609822
75481001984, 0.608647, 0.609817
75559464564, 0.608647, 0.609817
75637927144, 0.608642, 0.609817
75716389724, 0.608631, 0.609806
75794852304, 0.608631, 0.609800
75873314884, 0.608625, 0.609795
75951777464, 0.608614, 0.609784
76030240044, 0.608609, 0.609773
76108702624, 0.608603, 0.609767
76187165204, 0.608592, 0.609762
76265627784, 0.608592, 0.609762
76344090364, 0.608592, 0.609762
76422552944, 0.608581, 0.609751
76501015524, 0.608576, 0.609745
76579478104, 0.608559, 0.609740
76657940684, 0.608559, 0.609734
76736403264, 0.608554, 0.609729
76814865844, 0.608543, 0.609723
76893328424, 0.608526, 0.609707
76971791004, 0.608526, 0.609707
77050253584, 0.608526, 0.609707
77128716164, 0.608526, 0.609707
77207178744, 0.608526, 0.609707
77285641324, 0.608526, 0.609707
77364103904, 0.608526, 0.609707
77442566484, 0.608526, 0.609707
77521029064, 0.608526, 0.609707
77599491644, 0.608526, 0.609707
77677954224, 0.608526, 0.609707
77756416804, 0.608526, 0.609701
77834879384, 0.608521, 0.609696
77913341964, 0.608521, 0.609696
77991804544, 0.608521, 0.609696
78070267124, 0.608521, 0.609696
78148729704, 0.608521, 0.609696
78227192284, 0.608521, 0.609696
78305654864, 0.608521, 0.609696
78384117444, 0.608521, 0.609696
78462580025, 0.608521, 0.609696
Time used: 24818 ms
