logging to /data1/flows_res/2016020900-2016021000_unique/tenant_6_profile_res-FIX_RATE-FLOWS-0.01.csvtracefile: /data1/tenant_trace/2016020900-2016021000_unique/tenant_6_trace
open file /data1/tenant_trace/2016020900-2016021000_unique/tenant_6_trace
read 1000000 lines
read 2000000 lines
read 3000000 lines
read 4000000 lines
read 5000000 lines
read 6000000 lines
read 7000000 lines
read 8000000 lines
read 9000000 lines
read 10000000 lines
read 11000000 lines
read 12000000 lines
read 13000000 lines
read 14000000 lines
read 15000000 lines
read 16000000 lines
read 17000000 lines
read 18000000 lines
read 19000000 lines
read 20000000 lines
read 21000000 lines
read 22000000 lines
read 23000000 lines
read 24000000 lines
read 25000000 lines
read 26000000 lines
read 27000000 lines
read 28000000 lines
read 29000000 lines
read 30000000 lines
read 31000000 lines
read 32000000 lines
read 33000000 lines
read 34000000 lines
read 35000000 lines
read 36000000 lines
read 37000000 lines
read 38000000 lines
read 39000000 lines
read 40000000 lines
read 41000000 lines
read 42000000 lines
read 43000000 lines
read 44000000 lines
read 45000000 lines
read 46000000 lines
read 47000000 lines
read 48000000 lines
read 49000000 lines
read 50000000 lines
read 51000000 lines
read 52000000 lines
read 53000000 lines
read 54000000 lines
read 55000000 lines
read 56000000 lines
read 57000000 lines
read 58000000 lines
read 59000000 lines
read 60000000 lines
read 61000000 lines
read 62000000 lines
read 63000000 lines
read 64000000 lines
read 65000000 lines
read 66000000 lines
read 67000000 lines
read 68000000 lines
read 69000000 lines
read 70000000 lines
read 71000000 lines
read 72000000 lines
read 73000000 lines
read 74000000 lines
read 75000000 lines
read 76000000 lines
read 77000000 lines
read 78000000 lines
read 79000000 lines
read 80000000 lines
read 81000000 lines
read 82000000 lines
read 83000000 lines
read 84000000 lines
read 85000000 lines
read 86000000 lines
read 87000000 lines
read 88000000 lines
read 89000000 lines
read 90000000 lines
read 91000000 lines
read 92000000 lines
read 93000000 lines
read 94000000 lines
read 95000000 lines
read 96000000 lines
read 97000000 lines
read 98000000 lines
read 99000000 lines
read 100000000 lines
read 101000000 lines
read 102000000 lines
read 103000000 lines
read 104000000 lines
read 105000000 lines
read 106000000 lines
read 107000000 lines
read 108000000 lines
read 109000000 lines
read 110000000 lines
read 111000000 lines
read 112000000 lines
read 113000000 lines
read 114000000 lines
read 115000000 lines
read 116000000 lines
read 117000000 lines
read 118000000 lines
read 119000000 lines
read 120000000 lines
read 121000000 lines
read 122000000 lines
read 123000000 lines
[FILE]: /data1/tenant_trace/2016020900-2016021000_unique/tenant_6_trace
total_access_num: 123764515
total_access_size: 17885912378477
unique_access_num: 45702185
unique_access_size: 4407030742570
min_item_size: 1
[method]: FLOWS
[metric]: MAE
[seed]: 42
[sample_method]: FIX_RATE
[sample_metric]: 0.01
MAEQ_factor: 1.341895
cache_size, BMRC_ratio, OMRC_ratio
44070307425, 0.551505, 0.764371
88140614851, 0.501181, 0.702853
132210922277, 0.467635, 0.660427
176281229702, 0.442499, 0.628085
220351537128, 0.422382, 0.602101
264421844554, 0.405986, 0.580670
308492151979, 0.391970, 0.562168
352562459405, 0.379882, 0.546341
396632766831, 0.369331, 0.532409
440703074257, 0.359943, 0.520219
484773381682, 0.351801, 0.509522
528843689108, 0.344464, 0.499885
572913996534, 0.337685, 0.490924
616984303959, 0.331637, 0.483006
661054611385, 0.326194, 0.475875
705124918811, 0.321194, 0.469282
749195226236, 0.316573, 0.463170
793265533662, 0.312257, 0.457425
837335841088, 0.308345, 0.452218
881406148514, 0.304579, 0.447348
925476455939, 0.301136, 0.442849
969546763365, 0.298028, 0.438702
1013617070791, 0.294987, 0.434705
1057687378216, 0.292305, 0.431151
1101757685642, 0.289705, 0.427745
1145827993068, 0.287247, 0.424550
1189898300493, 0.284965, 0.421607
1233968607919, 0.282781, 0.418694
1278038915345, 0.280777, 0.416013
1322109222771, 0.278923, 0.413566
1366179530196, 0.277219, 0.411195
1410249837622, 0.275666, 0.409049
1454320145048, 0.274142, 0.407047
1498390452473, 0.272677, 0.405093
1542460759899, 0.271261, 0.403264
1586531067325, 0.269943, 0.401517
1630601374750, 0.268697, 0.399838
1674671682176, 0.267544, 0.398300
1718741989602, 0.266411, 0.396825
1762812297028, 0.265375, 0.395396
1806882604453, 0.264375, 0.394097
1850952911879, 0.263432, 0.392819
1895023219305, 0.262620, 0.391723
1939093526730, 0.261751, 0.390551
1983163834156, 0.260935, 0.389459
2027234141582, 0.260195, 0.388468
2071304449007, 0.259495, 0.387552
2115374756433, 0.258815, 0.386663
2159445063859, 0.258171, 0.385804
2203515371285, 0.257513, 0.384952
2247585678710, 0.256915, 0.384163
2291655986136, 0.256334, 0.383388
2335726293562, 0.255753, 0.382669
2379796600987, 0.255217, 0.381958
2423866908413, 0.254704, 0.381297
2467937215839, 0.254248, 0.380700
2512007523264, 0.253784, 0.380067
2556077830690, 0.253351, 0.379500
2600148138116, 0.252943, 0.378958
2644218445542, 0.252536, 0.378420
2688288752967, 0.252169, 0.377937
2732359060393, 0.251777, 0.377418
2776429367819, 0.251407, 0.376945
2820499675244, 0.251102, 0.376538
2864569982670, 0.250814, 0.376174
2908640290096, 0.250512, 0.375736
2952710597521, 0.250226, 0.375371
2996780904947, 0.249929, 0.374962
3040851212373, 0.249658, 0.374582
3084921519799, 0.249398, 0.374248
3128991827224, 0.249174, 0.373931
3173062134650, 0.248929, 0.373605
3217132442076, 0.248724, 0.373307
3261202749501, 0.248505, 0.373033
3305273056927, 0.248339, 0.372787
3349343364353, 0.248147, 0.372528
3393413671778, 0.247931, 0.372259
3437483979204, 0.247760, 0.372044
3481554286630, 0.247618, 0.371869
3525624594056, 0.247454, 0.371630
3569694901481, 0.247317, 0.371439
3613765208907, 0.247205, 0.371286
3657835516333, 0.247073, 0.371123
3701905823758, 0.246960, 0.370967
3745976131184, 0.246843, 0.370804
3790046438610, 0.246745, 0.370667
3834116746035, 0.246673, 0.370567
3878187053461, 0.246584, 0.370468
3922257360887, 0.246512, 0.370348
3966327668313, 0.246461, 0.370266
4010397975738, 0.246412, 0.370206
4054468283164, 0.246342, 0.370111
4098538590590, 0.246292, 0.370059
4142608898015, 0.246248, 0.369993
4186679205441, 0.246228, 0.369949
4230749512867, 0.246193, 0.369915
4274819820292, 0.246164, 0.369869
4318890127718, 0.246148, 0.369848
4362960435144, 0.246139, 0.369841
4407030742570, 0.246138, 0.369841
Time used: 106211 ms
