logging to /data1/flows_res/2016020900-2016021000_unique/tenant_5_profile_res-FIX_RATE-FLOWS-0.01.csvtracefile: /data1/tenant_trace/2016020900-2016021000_unique/tenant_5_trace
open file /data1/tenant_trace/2016020900-2016021000_unique/tenant_5_trace
read 1000000 lines
read 2000000 lines
read 3000000 lines
read 4000000 lines
read 5000000 lines
read 6000000 lines
read 7000000 lines
read 8000000 lines
read 9000000 lines
read 10000000 lines
read 11000000 lines
read 12000000 lines
read 13000000 lines
read 14000000 lines
read 15000000 lines
read 16000000 lines
read 17000000 lines
read 18000000 lines
read 19000000 lines
read 20000000 lines
read 21000000 lines
read 22000000 lines
read 23000000 lines
read 24000000 lines
read 25000000 lines
read 26000000 lines
read 27000000 lines
read 28000000 lines
read 29000000 lines
read 30000000 lines
read 31000000 lines
read 32000000 lines
read 33000000 lines
read 34000000 lines
read 35000000 lines
read 36000000 lines
read 37000000 lines
read 38000000 lines
read 39000000 lines
read 40000000 lines
read 41000000 lines
read 42000000 lines
read 43000000 lines
read 44000000 lines
read 45000000 lines
read 46000000 lines
read 47000000 lines
read 48000000 lines
read 49000000 lines
read 50000000 lines
read 51000000 lines
read 52000000 lines
read 53000000 lines
read 54000000 lines
read 55000000 lines
read 56000000 lines
read 57000000 lines
read 58000000 lines
read 59000000 lines
read 60000000 lines
read 61000000 lines
read 62000000 lines
read 63000000 lines
read 64000000 lines
read 65000000 lines
read 66000000 lines
read 67000000 lines
read 68000000 lines
read 69000000 lines
read 70000000 lines
read 71000000 lines
read 72000000 lines
read 73000000 lines
read 74000000 lines
read 75000000 lines
read 76000000 lines
read 77000000 lines
read 78000000 lines
read 79000000 lines
read 80000000 lines
read 81000000 lines
read 82000000 lines
read 83000000 lines
read 84000000 lines
read 85000000 lines
read 86000000 lines
read 87000000 lines
read 88000000 lines
read 89000000 lines
read 90000000 lines
read 91000000 lines
read 92000000 lines
read 93000000 lines
read 94000000 lines
read 95000000 lines
read 96000000 lines
read 97000000 lines
read 98000000 lines
read 99000000 lines
read 100000000 lines
read 101000000 lines
read 102000000 lines
read 103000000 lines
read 104000000 lines
read 105000000 lines
read 106000000 lines
read 107000000 lines
read 108000000 lines
read 109000000 lines
read 110000000 lines
read 111000000 lines
read 112000000 lines
read 113000000 lines
read 114000000 lines
read 115000000 lines
read 116000000 lines
read 117000000 lines
read 118000000 lines
read 119000000 lines
read 120000000 lines
read 121000000 lines
read 122000000 lines
read 123000000 lines
read 124000000 lines
read 125000000 lines
read 126000000 lines
read 127000000 lines
read 128000000 lines
read 129000000 lines
read 130000000 lines
read 131000000 lines
read 132000000 lines
read 133000000 lines
read 134000000 lines
read 135000000 lines
read 136000000 lines
read 137000000 lines
read 138000000 lines
read 139000000 lines
read 140000000 lines
read 141000000 lines
read 142000000 lines
read 143000000 lines
read 144000000 lines
read 145000000 lines
read 146000000 lines
read 147000000 lines
read 148000000 lines
read 149000000 lines
read 150000000 lines
read 151000000 lines
read 152000000 lines
read 153000000 lines
read 154000000 lines
read 155000000 lines
read 156000000 lines
read 157000000 lines
read 158000000 lines
read 159000000 lines
read 160000000 lines
read 161000000 lines
read 162000000 lines
[FILE]: /data1/tenant_trace/2016020900-2016021000_unique/tenant_5_trace
total_access_num: 162230825
total_access_size: 7086477817146
unique_access_num: 48787933
unique_access_size: 2168550682824
min_item_size: 1
[method]: FLOWS
[metric]: MAE
[seed]: 42
[sample_method]: FIX_RATE
[sample_metric]: 0.01
MAEQ_factor: 1.332318
cache_size, BMRC_ratio, OMRC_ratio
21685506828, 0.741417, 0.730566
43371013656, 0.662598, 0.649060
65056520484, 0.610940, 0.596974
86742027312, 0.572748, 0.559000
108427534141, 0.542760, 0.529552
130113040969, 0.518549, 0.505820
151798547797, 0.498047, 0.486266
173484054625, 0.481202, 0.469966
195169561454, 0.466493, 0.455794
216855068282, 0.453914, 0.443543
238540575110, 0.442639, 0.432772
260226081938, 0.432530, 0.423055
281911588767, 0.423668, 0.414460
303597095595, 0.415666, 0.406814
325282602423, 0.408436, 0.399883
346968109251, 0.401715, 0.393473
368653616080, 0.395715, 0.387752
390339122908, 0.390148, 0.382407
412024629736, 0.385107, 0.377546
433710136564, 0.380421, 0.373144
455395643393, 0.376083, 0.368951
477081150221, 0.371971, 0.365072
498766657049, 0.368086, 0.361364
520452163877, 0.364620, 0.358069
542137670706, 0.361332, 0.354931
563823177534, 0.358188, 0.351902
585508684362, 0.355184, 0.349021
607194191190, 0.352469, 0.346435
628879698018, 0.349980, 0.344055
650565204847, 0.347662, 0.341817
672250711675, 0.345455, 0.339646
693936218503, 0.343446, 0.337713
715621725331, 0.341475, 0.335850
737307232160, 0.339577, 0.334028
758992738988, 0.337880, 0.332350
780678245816, 0.336243, 0.330708
802363752644, 0.334712, 0.329205
824049259473, 0.333210, 0.327772
845734766301, 0.331806, 0.326379
867420273129, 0.330469, 0.324973
889105779957, 0.329198, 0.323715
910791286786, 0.327986, 0.322519
932476793614, 0.326942, 0.321505
954162300442, 0.325842, 0.320415
975847807270, 0.324859, 0.319431
997533314099, 0.323903, 0.318505
1019218820927, 0.322970, 0.317592
1040904327755, 0.321989, 0.316644
1062589834583, 0.321075, 0.315772
1084275341412, 0.320265, 0.314978
1105960848240, 0.319453, 0.314177
1127646355068, 0.318691, 0.313468
1149331861896, 0.317978, 0.312738
1171017368724, 0.317298, 0.312037
1192702875553, 0.316690, 0.311407
1214388382381, 0.316075, 0.310826
1236073889209, 0.315537, 0.310316
1257759396037, 0.314956, 0.309744
1279444902866, 0.314426, 0.309231
1301130409694, 0.313969, 0.308769
1322815916522, 0.313516, 0.308294
1344501423350, 0.313027, 0.307817
1366186930179, 0.312593, 0.307403
1387872437007, 0.312170, 0.307003
1409557943835, 0.311777, 0.306622
1431243450663, 0.311394, 0.306246
1452928957492, 0.311023, 0.305878
1474614464320, 0.310680, 0.305557
1496299971148, 0.310321, 0.305229
1517985477976, 0.310021, 0.304940
1539670984805, 0.309763, 0.304676
1561356491633, 0.309531, 0.304437
1583041998461, 0.309262, 0.304162
1604727505289, 0.309021, 0.303920
1626413012118, 0.308784, 0.303696
1648098518946, 0.308528, 0.303458
1669784025774, 0.308300, 0.303238
1691469532602, 0.308089, 0.303035
1713155039430, 0.307905, 0.302855
1734840546259, 0.307715, 0.302677
1756526053087, 0.307534, 0.302489
1778211559915, 0.307388, 0.302356
1799897066743, 0.307259, 0.302230
1821582573572, 0.307092, 0.302068
1843268080400, 0.306963, 0.301944
1864953587228, 0.306866, 0.301851
1886639094056, 0.306742, 0.301732
1908324600885, 0.306647, 0.301637
1930010107713, 0.306568, 0.301564
1951695614541, 0.306489, 0.301479
1973381121369, 0.306402, 0.301392
1995066628198, 0.306337, 0.301331
2016752135026, 0.306290, 0.301287
2038437641854, 0.306231, 0.301224
2060123148682, 0.306195, 0.301181
2081808655511, 0.306162, 0.301146
2103494162339, 0.306136, 0.301125
2125179669167, 0.306110, 0.301103
2146865175995, 0.306100, 0.301091
2168550682824, 0.306096, 0.301088
Time used: 137487 ms
