logging to /opt/profile_res/2016020500-2016020600_unique/tenant_5_profile_res-FIX_RATE-REAL-0.01.csvtracefile: /data1/tmp/tenant_5_trace
open file /data1/tmp/tenant_5_trace
read 1000000 lines
read 2000000 lines
read 3000000 lines
read 4000000 lines
read 5000000 lines
read 6000000 lines
read 7000000 lines
read 8000000 lines
read 9000000 lines
read 10000000 lines
read 11000000 lines
read 12000000 lines
read 13000000 lines
read 14000000 lines
read 15000000 lines
read 16000000 lines
read 17000000 lines
read 18000000 lines
read 19000000 lines
read 20000000 lines
read 21000000 lines
read 22000000 lines
read 23000000 lines
read 24000000 lines
read 25000000 lines
read 26000000 lines
read 27000000 lines
read 28000000 lines
read 29000000 lines
read 30000000 lines
read 31000000 lines
read 32000000 lines
read 33000000 lines
read 34000000 lines
read 35000000 lines
read 36000000 lines
read 37000000 lines
read 38000000 lines
read 39000000 lines
read 40000000 lines
read 41000000 lines
read 42000000 lines
read 43000000 lines
read 44000000 lines
read 45000000 lines
read 46000000 lines
read 47000000 lines
read 48000000 lines
read 49000000 lines
read 50000000 lines
read 51000000 lines
read 52000000 lines
read 53000000 lines
read 54000000 lines
read 55000000 lines
read 56000000 lines
read 57000000 lines
read 58000000 lines
read 59000000 lines
read 60000000 lines
read 61000000 lines
read 62000000 lines
read 63000000 lines
read 64000000 lines
read 65000000 lines
read 66000000 lines
read 67000000 lines
read 68000000 lines
read 69000000 lines
read 70000000 lines
read 71000000 lines
read 72000000 lines
read 73000000 lines
read 74000000 lines
read 75000000 lines
read 76000000 lines
read 77000000 lines
read 78000000 lines
read 79000000 lines
read 80000000 lines
read 81000000 lines
read 82000000 lines
read 83000000 lines
read 84000000 lines
read 85000000 lines
read 86000000 lines
read 87000000 lines
read 88000000 lines
read 89000000 lines
read 90000000 lines
read 91000000 lines
read 92000000 lines
read 93000000 lines
read 94000000 lines
read 95000000 lines
read 96000000 lines
read 97000000 lines
read 98000000 lines
read 99000000 lines
read 100000000 lines
read 101000000 lines
read 102000000 lines
read 103000000 lines
read 104000000 lines
read 105000000 lines
read 106000000 lines
read 107000000 lines
read 108000000 lines
read 109000000 lines
read 110000000 lines
read 111000000 lines
read 112000000 lines
read 113000000 lines
read 114000000 lines
read 115000000 lines
read 116000000 lines
read 117000000 lines
read 118000000 lines
read 119000000 lines
read 120000000 lines
read 121000000 lines
read 122000000 lines
read 123000000 lines
read 124000000 lines
read 125000000 lines
read 126000000 lines
read 127000000 lines
read 128000000 lines
read 129000000 lines
read 130000000 lines
read 131000000 lines
read 132000000 lines
read 133000000 lines
read 134000000 lines
read 135000000 lines
read 136000000 lines
read 137000000 lines
read 138000000 lines
read 139000000 lines
read 140000000 lines
read 141000000 lines
read 142000000 lines
read 143000000 lines
read 144000000 lines
read 145000000 lines
read 146000000 lines
read 147000000 lines
read 148000000 lines
read 149000000 lines
read 150000000 lines
read 151000000 lines
read 152000000 lines
read 153000000 lines
read 154000000 lines
read 155000000 lines
read 156000000 lines
read 157000000 lines
read 158000000 lines
[FILE]: /data1/tmp/tenant_5_trace
total_access_num: 158886785
total_access_size: 6604500738323
unique_access_num: 44189694
unique_access_size: 1831881504025
min_item_size: 1
[method]: REAL
[metric]: MAE
[seed]: 42
[sample_method]: FIX_RATE
[sample_metric]: 0.01
MAEQ_factor: 1.330049
cache_size, BMRC_ratio, OMRC_ratio
18318815040, 0.698924, 0.702455
36637630080, 0.615651, 0.616721
54956445120, 0.561581, 0.561882
73275260161, 0.522418, 0.522515
91594075201, 0.492343, 0.492450
109912890241, 0.468315, 0.468524
128231705281, 0.448581, 0.448928
146550520322, 0.432083, 0.432561
164869335362, 0.418050, 0.418673
183188150402, 0.405914, 0.406683
201506965442, 0.395354, 0.396236
219825780483, 0.386090, 0.387070
238144595523, 0.377837, 0.378918
256463410563, 0.370444, 0.371619
274782225603, 0.363846, 0.365097
293101040644, 0.357873, 0.359189
311419855684, 0.352460, 0.353832
329738670724, 0.347515, 0.348937
348057485764, 0.342969, 0.344441
366376300805, 0.338813, 0.340321
384695115845, 0.334982, 0.336525
403013930885, 0.331437, 0.332999
421332745925, 0.328174, 0.329747
439651560966, 0.325144, 0.326724
457970376006, 0.322314, 0.323902
476289191046, 0.319720, 0.321304
494608006086, 0.317270, 0.318856
512926821127, 0.314996, 0.316576
531245636167, 0.312845, 0.314420
549564451207, 0.310832, 0.312398
567883266247, 0.308933, 0.310495
586202081288, 0.307166, 0.308719
604520896328, 0.305517, 0.307058
622839711368, 0.303976, 0.305505
641158526408, 0.302514, 0.304027
659477341449, 0.301146, 0.302644
677796156489, 0.299861, 0.301338
696114971529, 0.298651, 0.300110
714433786569, 0.297511, 0.298940
732752601610, 0.296430, 0.297832
751071416650, 0.295416, 0.296787
769390231690, 0.294452, 0.295800
787709046730, 0.293546, 0.294867
806027861771, 0.292669, 0.293972
824346676811, 0.291850, 0.293127
842665491851, 0.291071, 0.292320
860984306891, 0.290324, 0.291551
879303121932, 0.289625, 0.290830
897621936972, 0.288955, 0.290137
915940752012, 0.288313, 0.289469
934259567052, 0.287709, 0.288844
952578382093, 0.287139, 0.288255
970897197133, 0.286593, 0.287690
989216012173, 0.286083, 0.287157
1007534827213, 0.285591, 0.286650
1025853642254, 0.285120, 0.286162
1044172457294, 0.284662, 0.285692
1062491272334, 0.284230, 0.285242
1080810087374, 0.283819, 0.284816
1099128902415, 0.283428, 0.284409
1117447717455, 0.283062, 0.284026
1135766532495, 0.282710, 0.283658
1154085347535, 0.282373, 0.283308
1172404162576, 0.282054, 0.282976
1190722977616, 0.281746, 0.282656
1209041792656, 0.281449, 0.282351
1227360607696, 0.281176, 0.282066
1245679422737, 0.280915, 0.281796
1263998237777, 0.280671, 0.281543
1282317052817, 0.280434, 0.281296
1300635867857, 0.280204, 0.281058
1318954682898, 0.279985, 0.280829
1337273497938, 0.279782, 0.280616
1355592312978, 0.279590, 0.280417
1373911128018, 0.279403, 0.280225
1392229943059, 0.279228, 0.280045
1410548758099, 0.279063, 0.279875
1428867573139, 0.278903, 0.279713
1447186388179, 0.278751, 0.279559
1465505203220, 0.278614, 0.279415
1483824018260, 0.278488, 0.279283
1502142833300, 0.278370, 0.279159
1520461648340, 0.278259, 0.279044
1538780463381, 0.278155, 0.278936
1557099278421, 0.278057, 0.278836
1575418093461, 0.277970, 0.278745
1593736908501, 0.277887, 0.278660
1612055723542, 0.277812, 0.278581
1630374538582, 0.277742, 0.278509
1648693353622, 0.277677, 0.278441
1667012168662, 0.277618, 0.278378
1685330983703, 0.277562, 0.278321
1703649798743, 0.277515, 0.278272
1721968613783, 0.277475, 0.278232
1740287428823, 0.277441, 0.278197
1758606243864, 0.277415, 0.278169
1776925058904, 0.277396, 0.278148
1795243873944, 0.277379, 0.278133
1813562688984, 0.277371, 0.278123
1831881504025, 0.277369, 0.278121
Time used: 584038 ms
